[ 2017-08-08T09:23:18+08:00 ] 127.0.0.1 /favicon.ico
INFO: [ app_init ] --START--
INFO: Run Behavior\BuildLiteBehavior [ RunTime:0.000000s ]
INFO: [ app_init ] --END-- [ RunTime:0.000000s ]
ERR: 无法加载模块:Zghnj.com

[ 2017-08-08T09:42:01+08:00 ] 127.0.0.1 /Public/Home/images/notfound.png
INFO: [ app_init ] --START--
INFO: Run Behavior\BuildLiteBehavior [ RunTime:0.000000s ]
INFO: [ app_init ] --END-- [ RunTime:0.000000s ]
ERR: 无法加载模块:Zghnj.com

[ 2017-08-08T09:42:20+08:00 ] 127.0.0.1 /Public/Home/images/notfound.png
INFO: [ app_init ] --START--
INFO: Run Behavior\BuildLiteBehavior [ RunTime:0.000000s ]
INFO: [ app_init ] --END-- [ RunTime:0.000000s ]
ERR: 无法加载模块:Zghnj.com

[ 2017-08-08T09:46:20+08:00 ] 127.0.0.1 /Public/Home/images/notfound.png
INFO: [ app_init ] --START--
INFO: Run Behavior\BuildLiteBehavior [ RunTime:0.000000s ]
INFO: [ app_init ] --END-- [ RunTime:0.001000s ]
ERR: 无法加载模块:Zghnj.com

[ 2017-08-08T09:46:35+08:00 ] 127.0.0.1 /Public/Home/images/notfound.png
INFO: [ app_init ] --START--
INFO: Run Behavior\BuildLiteBehavior [ RunTime:0.000000s ]
INFO: [ app_init ] --END-- [ RunTime:0.000000s ]
ERR: 无法加载模块:Zghnj.com

[ 2017-08-08T09:47:46+08:00 ] 127.0.0.1 /Public/Home/images/images_93.jpg
INFO: [ app_init ] --START--
INFO: Run Behavior\BuildLiteBehavior [ RunTime:0.000000s ]
INFO: [ app_init ] --END-- [ RunTime:0.000000s ]
ERR: 无法加载模块:Zghnj.com

[ 2017-08-08T09:47:46+08:00 ] 127.0.0.1 /Public/Home/images/su_exchange.jpg
INFO: [ app_init ] --START--
INFO: Run Behavior\BuildLiteBehavior [ RunTime:0.000000s ]
INFO: [ app_init ] --END-- [ RunTime:0.000000s ]
ERR: 无法加载模块:Zghnj.com

[ 2017-08-08T09:47:46+08:00 ] 127.0.0.1 /Public/Home/images/icon_16.png
INFO: [ app_init ] --START--
INFO: Run Behavior\BuildLiteBehavior [ RunTime:0.000000s ]
INFO: [ app_init ] --END-- [ RunTime:0.000000s ]
ERR: 无法加载模块:Zghnj.com

[ 2017-08-08T09:47:47+08:00 ] 127.0.0.1 /Public/Home/images/images_94.jpg
INFO: [ app_init ] --START--
INFO: Run Behavior\BuildLiteBehavior [ RunTime:0.000000s ]
INFO: [ app_init ] --END-- [ RunTime:0.000000s ]
ERR: 无法加载模块:Zghnj.com

[ 2017-08-08T09:47:47+08:00 ] 127.0.0.1 /Public/Home/images/icon_17.png
INFO: [ app_init ] --START--
INFO: Run Behavior\BuildLiteBehavior [ RunTime:0.000000s ]
INFO: [ app_init ] --END-- [ RunTime:0.000000s ]
ERR: 无法加载模块:Zghnj.com

[ 2017-08-08T09:47:47+08:00 ] 127.0.0.1 /Public/Home/images/images_95.jpg
INFO: [ app_init ] --START--
INFO: Run Behavior\BuildLiteBehavior [ RunTime:0.000000s ]
INFO: [ app_init ] --END-- [ RunTime:0.000000s ]
ERR: 无法加载模块:Zghnj.com

[ 2017-08-08T09:52:04+08:00 ] 127.0.0.1 /Public/Home/images/notfound.png
INFO: [ app_init ] --START--
INFO: Run Behavior\BuildLiteBehavior [ RunTime:0.000000s ]
INFO: [ app_init ] --END-- [ RunTime:0.000000s ]
ERR: 无法加载模块:Zghnj.com

[ 2017-08-08T09:56:51+08:00 ] 127.0.0.1 /Public/Home/js/maps/swiper.min.js.map
INFO: [ app_init ] --START--
INFO: Run Behavior\BuildLiteBehavior [ RunTime:0.000000s ]
INFO: [ app_init ] --END-- [ RunTime:0.000000s ]
ERR: 无法加载模块:Zghnj.com

[ 2017-08-08T10:45:23+08:00 ] 127.0.0.1 /Public/Home/images/notfound.png
INFO: [ app_init ] --START--
INFO: Run Behavior\BuildLiteBehavior [ RunTime:0.000000s ]
INFO: [ app_init ] --END-- [ RunTime:0.001000s ]
ERR: 无法加载模块:Zghnj.com

[ 2017-08-08T10:45:45+08:00 ] 127.0.0.1 /Public/Home/images/notfound.png
INFO: [ app_init ] --START--
INFO: Run Behavior\BuildLiteBehavior [ RunTime:0.000000s ]
INFO: [ app_init ] --END-- [ RunTime:0.000000s ]
ERR: 无法加载模块:Zghnj.com

[ 2017-08-08T11:10:13+08:00 ] 127.0.0.1 /Public/Home/images/notfound.png
INFO: [ app_init ] --START--
INFO: Run Behavior\BuildLiteBehavior [ RunTime:0.000000s ]
INFO: [ app_init ] --END-- [ RunTime:0.001000s ]
ERR: 无法加载模块:Zghnj.com

[ 2017-08-08T11:12:49+08:00 ] 127.0.0.1 /Public/Home/images/notfound.png
INFO: [ app_init ] --START--
INFO: Run Behavior\BuildLiteBehavior [ RunTime:0.000000s ]
INFO: [ app_init ] --END-- [ RunTime:0.000000s ]
ERR: 无法加载模块:Zghnj.com

[ 2017-08-08T11:19:31+08:00 ] 127.0.0.1 /Public/Home/images/notfound.png
INFO: [ app_init ] --START--
INFO: Run Behavior\BuildLiteBehavior [ RunTime:0.000000s ]
INFO: [ app_init ] --END-- [ RunTime:0.001000s ]
ERR: 无法加载模块:Zghnj.com

[ 2017-08-08T11:22:04+08:00 ] 127.0.0.1 /Public/Home/images/notfound.png
INFO: [ app_init ] --START--
INFO: Run Behavior\BuildLiteBehavior [ RunTime:0.000000s ]
INFO: [ app_init ] --END-- [ RunTime:0.000000s ]
ERR: 无法加载模块:Zghnj.com

[ 2017-08-08T11:33:01+08:00 ] 127.0.0.1 /Public/Home/images/notfound.png
INFO: [ app_init ] --START--
INFO: Run Behavior\BuildLiteBehavior [ RunTime:0.000000s ]
INFO: [ app_init ] --END-- [ RunTime:0.000000s ]
ERR: 无法加载模块:Zghnj.com

[ 2017-08-08T11:58:54+08:00 ] 127.0.0.1 /Public/Home/images/notfound.png
INFO: [ app_init ] --START--
INFO: Run Behavior\BuildLiteBehavior [ RunTime:0.000000s ]
INFO: [ app_init ] --END-- [ RunTime:0.001000s ]
ERR: 无法加载模块:Zghnj.com

[ 2017-08-08T12:09:14+08:00 ] 127.0.0.1 /Public/Home/images/notfound.png
INFO: [ app_init ] --START--
INFO: Run Behavior\BuildLiteBehavior [ RunTime:0.000000s ]
INFO: [ app_init ] --END-- [ RunTime:0.000000s ]
ERR: 无法加载模块:Zghnj.com

[ 2017-08-08T12:11:03+08:00 ] 127.0.0.1 /Public/Home/images/notfound.png
INFO: [ app_init ] --START--
INFO: Run Behavior\BuildLiteBehavior [ RunTime:0.000000s ]
INFO: [ app_init ] --END-- [ RunTime:0.000000s ]
ERR: 无法加载模块:Zghnj.com

[ 2017-08-08T12:13:02+08:00 ] 127.0.0.1 /Public/Home/images/notfound.png
INFO: [ app_init ] --START--
INFO: Run Behavior\BuildLiteBehavior [ RunTime:0.000000s ]
INFO: [ app_init ] --END-- [ RunTime:0.000000s ]
ERR: 无法加载模块:Zghnj.com

[ 2017-08-08T13:59:13+08:00 ] 127.0.0.1 /Public/Home/images/notfound.png
INFO: [ app_init ] --START--
INFO: Run Behavior\BuildLiteBehavior [ RunTime:0.000000s ]
INFO: [ app_init ] --END-- [ RunTime:0.000000s ]
ERR: 无法加载模块:Zghnj.com

[ 2017-08-08T14:27:12+08:00 ] 127.0.0.1 /Public/Home/images/notfound.png
INFO: [ app_init ] --START--
INFO: Run Behavior\BuildLiteBehavior [ RunTime:0.000000s ]
INFO: [ app_init ] --END-- [ RunTime:0.001000s ]
ERR: 无法加载模块:Zghnj.com

[ 2017-08-08T14:27:58+08:00 ] 127.0.0.1 /Public/Home/images/notfound.png
INFO: [ app_init ] --START--
INFO: Run Behavior\BuildLiteBehavior [ RunTime:0.000000s ]
INFO: [ app_init ] --END-- [ RunTime:0.000000s ]
ERR: 无法加载模块:Zghnj.com

[ 2017-08-08T17:51:07+08:00 ] 127.0.0.1 /Public/Home/images/notfound.png
INFO: [ app_init ] --START--
INFO: Run Behavior\BuildLiteBehavior [ RunTime:0.000000s ]
INFO: [ app_init ] --END-- [ RunTime:0.000000s ]
ERR: 无法加载模块:Zghnj.com

