[ 2016-12-31T00:06:15+08:00 ] 58.247.206.148 /index.php/Admin/Weixin/index?signature=12f6544ba5ee2a2aff237f8a673d8b34bcdd7cea&timestamp=1483113974&nonce=1927565070&openid=o6MrWv5iZRrk0A1g6_QE9X82JnPA
INFO: [ app_init ] --START--
INFO: Run Behavior\BuildLiteBehavior [ RunTime:0.000020s ]
INFO: [ app_init ] --END-- [ RunTime:0.000099s ]
NOTIC: [8] Use of undefined constant URL_COMPAT - assumed 'URL_COMPAT' E:\web\lanhai\www\ThinkPHP\Library\Think\Dispatcher.class.php 第 183 行.
NOTIC: [8] Use of undefined constant URL_REWRITE - assumed 'URL_REWRITE' E:\web\lanhai\www\ThinkPHP\Library\Think\Dispatcher.class.php 第 185 行.
INFO: [ app_begin ] --START--
INFO: Run Behavior\ReadHtmlCacheBehavior [ RunTime:0.000583s ]
INFO: [ app_begin ] --END-- [ RunTime:0.000656s ]
NOTIC: [8] Undefined index: echostr E:\web\lanhai\www\Admin\Controller\WeixinController.class.php 第 15 行.
NOTIC: [8] Undefined index: Content E:\web\lanhai\www\Admin\Controller\WeixinController.class.php 第 41 行.
SQL: SHOW COLUMNS FROM `cq_key_n` [ RunTime:0.0022s ]
SQL: SELECT * FROM `cq_key_n` WHERE `id` = 3 LIMIT 1   [ RunTime:0.0003s ]
SQL: SHOW COLUMNS FROM `cq_img` [ RunTime:0.0019s ]
SQL: SELECT * FROM `cq_img` LIMIT 1   [ RunTime:0.0003s ]
SQL: SELECT * FROM `cq_key_n` LIMIT 1   [ RunTime:0.0002s ]
NOTIC: [2] trim() expects parameter 1 to be string, array given E:\web\lanhai\www\Admin\Controller\WeixinController.class.php 第 45 行.

[ 2016-12-31T07:49:46+08:00 ] 140.207.54.74 /index.php/Admin/Weixin/index?signature=d10790abb5969bdec3093b14d80a021359b7e4dc&timestamp=1483141786&nonce=1752187522&openid=o6MrWv8SUafvEv-ckmW1m6Zy-W-o
INFO: [ app_init ] --START--
INFO: Run Behavior\BuildLiteBehavior [ RunTime:0.000020s ]
INFO: [ app_init ] --END-- [ RunTime:0.000084s ]
NOTIC: [8] Use of undefined constant URL_COMPAT - assumed 'URL_COMPAT' E:\web\lanhai\www\ThinkPHP\Library\Think\Dispatcher.class.php 第 183 行.
NOTIC: [8] Use of undefined constant URL_REWRITE - assumed 'URL_REWRITE' E:\web\lanhai\www\ThinkPHP\Library\Think\Dispatcher.class.php 第 185 行.
INFO: [ app_begin ] --START--
INFO: Run Behavior\ReadHtmlCacheBehavior [ RunTime:0.000583s ]
INFO: [ app_begin ] --END-- [ RunTime:0.000652s ]
NOTIC: [8] Undefined index: echostr E:\web\lanhai\www\Admin\Controller\WeixinController.class.php 第 15 行.
NOTIC: [8] Undefined index: Content E:\web\lanhai\www\Admin\Controller\WeixinController.class.php 第 41 行.
SQL: SHOW COLUMNS FROM `cq_key_n` [ RunTime:0.0018s ]
SQL: SELECT * FROM `cq_key_n` WHERE `id` = 3 LIMIT 1   [ RunTime:0.0003s ]
SQL: SHOW COLUMNS FROM `cq_img` [ RunTime:0.0016s ]
SQL: SELECT * FROM `cq_img` LIMIT 1   [ RunTime:0.0003s ]
SQL: SELECT * FROM `cq_key_n` LIMIT 1   [ RunTime:0.0002s ]
NOTIC: [2] trim() expects parameter 1 to be string, array given E:\web\lanhai\www\Admin\Controller\WeixinController.class.php 第 45 行.

[ 2016-12-31T08:17:47+08:00 ] 42.156.251.185 /index.php/Admin/Manager/login
INFO: [ app_init ] --START--
INFO: Run Behavior\BuildLiteBehavior [ RunTime:0.000019s ]
INFO: [ app_init ] --END-- [ RunTime:0.000082s ]
NOTIC: [8] Use of undefined constant URL_COMPAT - assumed 'URL_COMPAT' E:\web\lanhai\www\ThinkPHP\Library\Think\Dispatcher.class.php 第 183 行.
NOTIC: [8] Use of undefined constant URL_REWRITE - assumed 'URL_REWRITE' E:\web\lanhai\www\ThinkPHP\Library\Think\Dispatcher.class.php 第 185 行.
INFO: [ app_begin ] --START--
INFO: Run Behavior\ReadHtmlCacheBehavior [ RunTime:0.000588s ]
INFO: [ app_begin ] --END-- [ RunTime:0.000658s ]
SQL: SHOW COLUMNS FROM `cq_manager` [ RunTime:0.0019s ]
SQL: SELECT r.role_auth_ids FROM cq_manager m left join cq_role as r on m.role_id=r.role_id  WHERE m.mg_id = null LIMIT 1   [ RunTime:0.0003s ]
INFO: [ view_parse ] --START--
INFO: [ template_filter ] --START--
INFO: Run Behavior\ContentReplaceBehavior [ RunTime:0.000051s ]
INFO: [ template_filter ] --END-- [ RunTime:0.000117s ]
INFO: Run Behavior\ParseTemplateBehavior [ RunTime:0.005723s ]
INFO: [ view_parse ] --END-- [ RunTime:0.005804s ]
INFO: [ view_filter ] --START--
INFO: Run Behavior\WriteHtmlCacheBehavior [ RunTime:0.000298s ]
INFO: [ view_filter ] --END-- [ RunTime:0.000368s ]
INFO: [ app_end ] --START--
INFO: Run Behavior\ShowPageTraceBehavior [ RunTime:0.000529s ]
INFO: [ app_end ] --END-- [ RunTime:0.000588s ]

[ 2016-12-31T08:18:12+08:00 ] 42.156.251.185 /index.php/Admin/Manager/login
INFO: [ app_init ] --START--
INFO: Run Behavior\BuildLiteBehavior [ RunTime:0.000020s ]
INFO: [ app_init ] --END-- [ RunTime:0.000083s ]
NOTIC: [8] Use of undefined constant URL_COMPAT - assumed 'URL_COMPAT' E:\web\lanhai\www\ThinkPHP\Library\Think\Dispatcher.class.php 第 183 行.
NOTIC: [8] Use of undefined constant URL_REWRITE - assumed 'URL_REWRITE' E:\web\lanhai\www\ThinkPHP\Library\Think\Dispatcher.class.php 第 185 行.
INFO: [ app_begin ] --START--
INFO: Run Behavior\ReadHtmlCacheBehavior [ RunTime:0.000617s ]
INFO: [ app_begin ] --END-- [ RunTime:0.000688s ]
SQL: SHOW COLUMNS FROM `cq_manager` [ RunTime:0.0018s ]
SQL: SELECT r.role_auth_ids FROM cq_manager m left join cq_role as r on m.role_id=r.role_id  WHERE m.mg_id = null LIMIT 1   [ RunTime:0.0003s ]
INFO: [ view_parse ] --START--
INFO: [ template_filter ] --START--
INFO: Run Behavior\ContentReplaceBehavior [ RunTime:0.000074s ]
INFO: [ template_filter ] --END-- [ RunTime:0.000166s ]
INFO: Run Behavior\ParseTemplateBehavior [ RunTime:0.006220s ]
INFO: [ view_parse ] --END-- [ RunTime:0.006300s ]
INFO: [ view_filter ] --START--
INFO: Run Behavior\WriteHtmlCacheBehavior [ RunTime:0.000308s ]
INFO: [ view_filter ] --END-- [ RunTime:0.000363s ]
INFO: [ app_end ] --START--
INFO: Run Behavior\ShowPageTraceBehavior [ RunTime:0.000581s ]
INFO: [ app_end ] --END-- [ RunTime:0.000656s ]

[ 2016-12-31T08:32:26+08:00 ] 58.247.206.149 /index.php/Admin/Weixin/index?signature=37f42e47caeb8961a3bf3e85ffc64a0b3f9cc6f2&timestamp=1483144345&nonce=217350430&openid=o6MrWv6D19MA4p6UgJHP6KWrwTtU
INFO: [ app_init ] --START--
INFO: Run Behavior\BuildLiteBehavior [ RunTime:0.000020s ]
INFO: [ app_init ] --END-- [ RunTime:0.000085s ]
NOTIC: [8] Use of undefined constant URL_COMPAT - assumed 'URL_COMPAT' E:\web\lanhai\www\ThinkPHP\Library\Think\Dispatcher.class.php 第 183 行.
NOTIC: [8] Use of undefined constant URL_REWRITE - assumed 'URL_REWRITE' E:\web\lanhai\www\ThinkPHP\Library\Think\Dispatcher.class.php 第 185 行.
INFO: [ app_begin ] --START--
INFO: Run Behavior\ReadHtmlCacheBehavior [ RunTime:0.000550s ]
INFO: [ app_begin ] --END-- [ RunTime:0.000622s ]
NOTIC: [8] Undefined index: echostr E:\web\lanhai\www\Admin\Controller\WeixinController.class.php 第 15 行.
NOTIC: [8] Undefined index: Content E:\web\lanhai\www\Admin\Controller\WeixinController.class.php 第 41 行.
SQL: SHOW COLUMNS FROM `cq_key_n` [ RunTime:0.0021s ]
SQL: SELECT * FROM `cq_key_n` WHERE `id` = 3 LIMIT 1   [ RunTime:0.0003s ]
SQL: SHOW COLUMNS FROM `cq_img` [ RunTime:0.0018s ]
SQL: SELECT * FROM `cq_img` LIMIT 1   [ RunTime:0.0003s ]
NOTIC: [8] Undefined index: Content E:\web\lanhai\www\Admin\Controller\WeixinController.class.php 第 111 行.
SQL: SHOW COLUMNS FROM `cq_keyword` [ RunTime:0.0017s ]
SQL: SELECT * FROM `cq_keyword` WHERE (  keyword like '%%' ) LIMIT 1   [ RunTime:0.0002s ]
SQL: SELECT * FROM `cq_img` WHERE (  keyword like '%%' )  [ RunTime:0.0003s ]
NOTIC: [2] trim() expects parameter 1 to be string, array given E:\web\lanhai\www\Admin\Controller\WeixinController.class.php 第 45 行.

[ 2016-12-31T08:38:20+08:00 ] 58.247.206.148 /index.php/Admin/Weixin/index?signature=d275d737dbb8fe701e70b2dc059f962e91010d10&timestamp=1483144700&nonce=2304243&openid=o6MrWvwrNy9NUKBpOmmHNBR33bOw
INFO: [ app_init ] --START--
INFO: Run Behavior\BuildLiteBehavior [ RunTime:0.000023s ]
INFO: [ app_init ] --END-- [ RunTime:0.000090s ]
NOTIC: [8] Use of undefined constant URL_COMPAT - assumed 'URL_COMPAT' E:\web\lanhai\www\ThinkPHP\Library\Think\Dispatcher.class.php 第 183 行.
NOTIC: [8] Use of undefined constant URL_REWRITE - assumed 'URL_REWRITE' E:\web\lanhai\www\ThinkPHP\Library\Think\Dispatcher.class.php 第 185 行.
INFO: [ app_begin ] --START--
INFO: Run Behavior\ReadHtmlCacheBehavior [ RunTime:0.000561s ]
INFO: [ app_begin ] --END-- [ RunTime:0.000637s ]
NOTIC: [8] Undefined index: echostr E:\web\lanhai\www\Admin\Controller\WeixinController.class.php 第 15 行.
NOTIC: [8] Undefined index: Content E:\web\lanhai\www\Admin\Controller\WeixinController.class.php 第 41 行.
SQL: SHOW COLUMNS FROM `cq_key_n` [ RunTime:0.0018s ]
SQL: SELECT * FROM `cq_key_n` WHERE `id` = 3 LIMIT 1   [ RunTime:0.0003s ]
SQL: SHOW COLUMNS FROM `cq_img` [ RunTime:0.0017s ]
SQL: SELECT * FROM `cq_img` LIMIT 1   [ RunTime:0.0002s ]
SQL: SELECT * FROM `cq_img` WHERE ( keyword =  '联系我们' )  [ RunTime:0.0003s ]
NOTIC: [2] trim() expects parameter 1 to be string, array given E:\web\lanhai\www\Admin\Controller\WeixinController.class.php 第 45 行.

[ 2016-12-31T08:52:40+08:00 ] 58.247.206.158 /index.php/Admin/Weixin/index?signature=113e7eb18d247d27816bf403d4e685cd44910243&timestamp=1483145560&nonce=2082299850&openid=o6MrWv82PyTmf3A7IdM8dAfqT2WI
INFO: [ app_init ] --START--
INFO: Run Behavior\BuildLiteBehavior [ RunTime:0.000019s ]
INFO: [ app_init ] --END-- [ RunTime:0.000083s ]
NOTIC: [8] Use of undefined constant URL_COMPAT - assumed 'URL_COMPAT' E:\web\lanhai\www\ThinkPHP\Library\Think\Dispatcher.class.php 第 183 行.
NOTIC: [8] Use of undefined constant URL_REWRITE - assumed 'URL_REWRITE' E:\web\lanhai\www\ThinkPHP\Library\Think\Dispatcher.class.php 第 185 行.
INFO: [ app_begin ] --START--
INFO: Run Behavior\ReadHtmlCacheBehavior [ RunTime:0.000566s ]
INFO: [ app_begin ] --END-- [ RunTime:0.000637s ]
NOTIC: [8] Undefined index: echostr E:\web\lanhai\www\Admin\Controller\WeixinController.class.php 第 15 行.
NOTIC: [8] Undefined index: Content E:\web\lanhai\www\Admin\Controller\WeixinController.class.php 第 41 行.
SQL: SHOW COLUMNS FROM `cq_key_n` [ RunTime:0.0019s ]
SQL: SELECT * FROM `cq_key_n` WHERE `id` = 3 LIMIT 1   [ RunTime:0.0003s ]
SQL: SHOW COLUMNS FROM `cq_img` [ RunTime:0.0017s ]
SQL: SELECT * FROM `cq_img` LIMIT 1   [ RunTime:0.0003s ]
NOTIC: [8] Undefined index: Content E:\web\lanhai\www\Admin\Controller\WeixinController.class.php 第 111 行.
SQL: SHOW COLUMNS FROM `cq_keyword` [ RunTime:0.0016s ]
SQL: SELECT * FROM `cq_keyword` WHERE (  keyword like '%%' ) LIMIT 1   [ RunTime:0.0002s ]
SQL: SELECT * FROM `cq_img` WHERE (  keyword like '%%' )  [ RunTime:0.0002s ]
NOTIC: [2] trim() expects parameter 1 to be string, array given E:\web\lanhai\www\Admin\Controller\WeixinController.class.php 第 45 行.

[ 2016-12-31T08:59:55+08:00 ] 58.247.206.158 /index.php/Admin/Weixin/index?signature=e89c8dca8457df6ec6df96ab1a415280bbd46ac0&timestamp=1483145995&nonce=205176300&openid=o6MrWvwYCJ2c78BnpIXELvg_E_tk
INFO: [ app_init ] --START--
INFO: Run Behavior\BuildLiteBehavior [ RunTime:0.000019s ]
INFO: [ app_init ] --END-- [ RunTime:0.000082s ]
NOTIC: [8] Use of undefined constant URL_COMPAT - assumed 'URL_COMPAT' E:\web\lanhai\www\ThinkPHP\Library\Think\Dispatcher.class.php 第 183 行.
NOTIC: [8] Use of undefined constant URL_REWRITE - assumed 'URL_REWRITE' E:\web\lanhai\www\ThinkPHP\Library\Think\Dispatcher.class.php 第 185 行.
INFO: [ app_begin ] --START--
INFO: Run Behavior\ReadHtmlCacheBehavior [ RunTime:0.000557s ]
INFO: [ app_begin ] --END-- [ RunTime:0.000628s ]
NOTIC: [8] Undefined index: echostr E:\web\lanhai\www\Admin\Controller\WeixinController.class.php 第 15 行.
NOTIC: [8] Undefined index: Content E:\web\lanhai\www\Admin\Controller\WeixinController.class.php 第 41 行.
SQL: SHOW COLUMNS FROM `cq_key_n` [ RunTime:0.0018s ]
SQL: SELECT * FROM `cq_key_n` WHERE `id` = 3 LIMIT 1   [ RunTime:0.0003s ]
SQL: SHOW COLUMNS FROM `cq_img` [ RunTime:0.0016s ]
SQL: SELECT * FROM `cq_img` LIMIT 1   [ RunTime:0.0003s ]
NOTIC: [8] Undefined index: Content E:\web\lanhai\www\Admin\Controller\WeixinController.class.php 第 111 行.
SQL: SHOW COLUMNS FROM `cq_keyword` [ RunTime:0.0015s ]
SQL: SELECT * FROM `cq_keyword` WHERE (  keyword like '%%' ) LIMIT 1   [ RunTime:0.0003s ]
SQL: SELECT * FROM `cq_img` WHERE (  keyword like '%%' )  [ RunTime:0.0003s ]
NOTIC: [2] trim() expects parameter 1 to be string, array given E:\web\lanhai\www\Admin\Controller\WeixinController.class.php 第 45 行.

[ 2016-12-31T09:23:46+08:00 ] 140.207.54.74 /index.php/Admin/Weixin/index?signature=afd1911db526c9adff1caefeb73ff340ab4f19fc&timestamp=1483147426&nonce=1702905878&openid=o6MrWv6__HzHoW4aXyFVzognYlbs
INFO: [ app_init ] --START--
INFO: Run Behavior\BuildLiteBehavior [ RunTime:0.000020s ]
INFO: [ app_init ] --END-- [ RunTime:0.000095s ]
NOTIC: [8] Use of undefined constant URL_COMPAT - assumed 'URL_COMPAT' E:\web\lanhai\www\ThinkPHP\Library\Think\Dispatcher.class.php 第 183 行.
NOTIC: [8] Use of undefined constant URL_REWRITE - assumed 'URL_REWRITE' E:\web\lanhai\www\ThinkPHP\Library\Think\Dispatcher.class.php 第 185 行.
INFO: [ app_begin ] --START--
INFO: Run Behavior\ReadHtmlCacheBehavior [ RunTime:0.000638s ]
INFO: [ app_begin ] --END-- [ RunTime:0.000710s ]
NOTIC: [8] Undefined index: echostr E:\web\lanhai\www\Admin\Controller\WeixinController.class.php 第 15 行.
NOTIC: [8] Undefined index: Content E:\web\lanhai\www\Admin\Controller\WeixinController.class.php 第 41 行.
SQL: SHOW COLUMNS FROM `cq_key_n` [ RunTime:0.0019s ]
SQL: SELECT * FROM `cq_key_n` WHERE `id` = 3 LIMIT 1   [ RunTime:0.0005s ]
SQL: SHOW COLUMNS FROM `cq_img` [ RunTime:0.0019s ]
SQL: SELECT * FROM `cq_img` LIMIT 1   [ RunTime:0.0003s ]
NOTIC: [8] Undefined index: Content E:\web\lanhai\www\Admin\Controller\WeixinController.class.php 第 111 行.
SQL: SHOW COLUMNS FROM `cq_keyword` [ RunTime:0.0019s ]
SQL: SELECT * FROM `cq_keyword` WHERE (  keyword like '%%' ) LIMIT 1   [ RunTime:0.0003s ]
SQL: SELECT * FROM `cq_img` WHERE (  keyword like '%%' )  [ RunTime:0.0003s ]
NOTIC: [2] trim() expects parameter 1 to be string, array given E:\web\lanhai\www\Admin\Controller\WeixinController.class.php 第 45 行.

[ 2016-12-31T15:07:42+08:00 ] 58.247.206.139 /index.php/Admin/Weixin/index?signature=84548182efab3e186291f50e9ed9336af101ebcc&timestamp=1483168062&nonce=1851830934&openid=o6MrWv0Lts7ESaiaehZFRF0J05WM
INFO: [ app_init ] --START--
INFO: Run Behavior\BuildLiteBehavior [ RunTime:0.000019s ]
INFO: [ app_init ] --END-- [ RunTime:0.000083s ]
NOTIC: [8] Use of undefined constant URL_COMPAT - assumed 'URL_COMPAT' E:\web\lanhai\www\ThinkPHP\Library\Think\Dispatcher.class.php 第 183 行.
NOTIC: [8] Use of undefined constant URL_REWRITE - assumed 'URL_REWRITE' E:\web\lanhai\www\ThinkPHP\Library\Think\Dispatcher.class.php 第 185 行.
INFO: [ app_begin ] --START--
INFO: Run Behavior\ReadHtmlCacheBehavior [ RunTime:0.000582s ]
INFO: [ app_begin ] --END-- [ RunTime:0.000654s ]
NOTIC: [8] Undefined index: echostr E:\web\lanhai\www\Admin\Controller\WeixinController.class.php 第 15 行.
NOTIC: [8] Undefined index: Content E:\web\lanhai\www\Admin\Controller\WeixinController.class.php 第 41 行.
SQL: SHOW COLUMNS FROM `cq_key_n` [ RunTime:0.0023s ]
SQL: SELECT * FROM `cq_key_n` WHERE `id` = 3 LIMIT 1   [ RunTime:0.0003s ]
SQL: SHOW COLUMNS FROM `cq_img` [ RunTime:0.0018s ]
SQL: SELECT * FROM `cq_img` LIMIT 1   [ RunTime:0.0003s ]
SQL: SELECT * FROM `cq_img` WHERE ( keyword =  '联系我们' )  [ RunTime:0.0003s ]
NOTIC: [2] trim() expects parameter 1 to be string, array given E:\web\lanhai\www\Admin\Controller\WeixinController.class.php 第 45 行.

[ 2016-12-31T15:07:52+08:00 ] 101.226.66.173 /index.php/Admin/Weixin/index
INFO: [ app_init ] --START--
INFO: Run Behavior\BuildLiteBehavior [ RunTime:0.000036s ]
INFO: [ app_init ] --END-- [ RunTime:0.000126s ]
NOTIC: [8] Use of undefined constant URL_COMPAT - assumed 'URL_COMPAT' E:\web\lanhai\www\ThinkPHP\Library\Think\Dispatcher.class.php 第 183 行.
NOTIC: [8] Use of undefined constant URL_REWRITE - assumed 'URL_REWRITE' E:\web\lanhai\www\ThinkPHP\Library\Think\Dispatcher.class.php 第 185 行.
INFO: [ app_begin ] --START--
INFO: Run Behavior\ReadHtmlCacheBehavior [ RunTime:0.000610s ]
INFO: [ app_begin ] --END-- [ RunTime:0.000680s ]
NOTIC: [8] Undefined index: echostr E:\web\lanhai\www\Admin\Controller\WeixinController.class.php 第 15 行.
NOTIC: [8] Undefined index: echostr E:\web\lanhai\www\Admin\Controller\WeixinController.class.php 第 215 行.
NOTIC: [8] Undefined index: signature E:\web\lanhai\www\Admin\Controller\WeixinController.class.php 第 227 行.
NOTIC: [8] Undefined index: timestamp E:\web\lanhai\www\Admin\Controller\WeixinController.class.php 第 228 行.
NOTIC: [8] Undefined index: nonce E:\web\lanhai\www\Admin\Controller\WeixinController.class.php 第 229 行.
NOTIC: [8] Undefined index: echostr E:\web\lanhai\www\Admin\Controller\WeixinController.class.php 第 19 行.

[ 2016-12-31T15:32:27+08:00 ] 58.247.206.144 /index.php/Admin/Weixin/index?signature=ba9c4a9f74b469186c2e6d6a5d986419b4eb5400&timestamp=1483169547&nonce=1726937613&openid=o6MrWv_R7CfffEiUnOiR0dip5DSs
INFO: [ app_init ] --START--
INFO: Run Behavior\BuildLiteBehavior [ RunTime:0.000024s ]
INFO: [ app_init ] --END-- [ RunTime:0.000100s ]
NOTIC: [8] Use of undefined constant URL_COMPAT - assumed 'URL_COMPAT' E:\web\lanhai\www\ThinkPHP\Library\Think\Dispatcher.class.php 第 183 行.
NOTIC: [8] Use of undefined constant URL_REWRITE - assumed 'URL_REWRITE' E:\web\lanhai\www\ThinkPHP\Library\Think\Dispatcher.class.php 第 185 行.
INFO: [ app_begin ] --START--
INFO: Run Behavior\ReadHtmlCacheBehavior [ RunTime:0.000564s ]
INFO: [ app_begin ] --END-- [ RunTime:0.000635s ]
NOTIC: [8] Undefined index: echostr E:\web\lanhai\www\Admin\Controller\WeixinController.class.php 第 15 行.
NOTIC: [8] Undefined index: Content E:\web\lanhai\www\Admin\Controller\WeixinController.class.php 第 41 行.
SQL: SHOW COLUMNS FROM `cq_key_n` [ RunTime:0.0022s ]
SQL: SELECT * FROM `cq_key_n` WHERE `id` = 3 LIMIT 1   [ RunTime:0.0003s ]
SQL: SHOW COLUMNS FROM `cq_img` [ RunTime:0.0018s ]
SQL: SELECT * FROM `cq_img` LIMIT 1   [ RunTime:0.0003s ]
SQL: SELECT * FROM `cq_img` WHERE ( keyword =  '联系我们' )  [ RunTime:0.0003s ]
NOTIC: [2] trim() expects parameter 1 to be string, array given E:\web\lanhai\www\Admin\Controller\WeixinController.class.php 第 45 行.

[ 2016-12-31T21:11:47+08:00 ] 58.247.206.153 /index.php/Admin/Weixin/index?signature=a69ab05e84f7f66918fbc953415ad1b5ce97149d&timestamp=1483189907&nonce=1291543175&openid=o6MrWv9bLpS5BIm-Pmwm5dczUwvM
INFO: [ app_init ] --START--
INFO: Run Behavior\BuildLiteBehavior [ RunTime:0.000019s ]
INFO: [ app_init ] --END-- [ RunTime:0.000084s ]
NOTIC: [8] Use of undefined constant URL_COMPAT - assumed 'URL_COMPAT' E:\web\lanhai\www\ThinkPHP\Library\Think\Dispatcher.class.php 第 183 行.
NOTIC: [8] Use of undefined constant URL_REWRITE - assumed 'URL_REWRITE' E:\web\lanhai\www\ThinkPHP\Library\Think\Dispatcher.class.php 第 185 行.
INFO: [ app_begin ] --START--
INFO: Run Behavior\ReadHtmlCacheBehavior [ RunTime:0.000598s ]
INFO: [ app_begin ] --END-- [ RunTime:0.000669s ]
NOTIC: [8] Undefined index: echostr E:\web\lanhai\www\Admin\Controller\WeixinController.class.php 第 15 行.
NOTIC: [8] Undefined index: Content E:\web\lanhai\www\Admin\Controller\WeixinController.class.php 第 41 行.
SQL: SHOW COLUMNS FROM `cq_key_n` [ RunTime:0.0019s ]
SQL: SELECT * FROM `cq_key_n` WHERE `id` = 3 LIMIT 1   [ RunTime:0.0003s ]
SQL: SHOW COLUMNS FROM `cq_img` [ RunTime:0.0017s ]
SQL: SELECT * FROM `cq_img` LIMIT 1   [ RunTime:0.0003s ]
SQL: SELECT * FROM `cq_key_n` LIMIT 1   [ RunTime:0.0003s ]
NOTIC: [2] trim() expects parameter 1 to be string, array given E:\web\lanhai\www\Admin\Controller\WeixinController.class.php 第 45 行.

[ 2016-12-31T21:51:15+08:00 ] 140.207.54.74 /index.php/Admin/Weixin/index?signature=2357456a5f9e3e39aea3b79d5f202bec361bcacf&timestamp=1483192274&nonce=39300165&openid=o6MrWv4-z5oijxZDECD0YyxK3fUg
INFO: [ app_init ] --START--
INFO: Run Behavior\BuildLiteBehavior [ RunTime:0.000021s ]
INFO: [ app_init ] --END-- [ RunTime:0.000096s ]
NOTIC: [8] Use of undefined constant URL_COMPAT - assumed 'URL_COMPAT' E:\web\lanhai\www\ThinkPHP\Library\Think\Dispatcher.class.php 第 183 行.
NOTIC: [8] Use of undefined constant URL_REWRITE - assumed 'URL_REWRITE' E:\web\lanhai\www\ThinkPHP\Library\Think\Dispatcher.class.php 第 185 行.
INFO: [ app_begin ] --START--
INFO: Run Behavior\ReadHtmlCacheBehavior [ RunTime:0.000644s ]
INFO: [ app_begin ] --END-- [ RunTime:0.000730s ]
NOTIC: [8] Undefined index: echostr E:\web\lanhai\www\Admin\Controller\WeixinController.class.php 第 15 行.
NOTIC: [8] Undefined index: Content E:\web\lanhai\www\Admin\Controller\WeixinController.class.php 第 41 行.
SQL: SHOW COLUMNS FROM `cq_key_n` [ RunTime:0.0026s ]
SQL: SELECT * FROM `cq_key_n` WHERE `id` = 3 LIMIT 1   [ RunTime:0.0003s ]
SQL: SHOW COLUMNS FROM `cq_img` [ RunTime:0.0022s ]
SQL: SELECT * FROM `cq_img` LIMIT 1   [ RunTime:0.0003s ]
NOTIC: [8] Undefined index: Content E:\web\lanhai\www\Admin\Controller\WeixinController.class.php 第 111 行.
SQL: SHOW COLUMNS FROM `cq_keyword` [ RunTime:0.0016s ]
SQL: SELECT * FROM `cq_keyword` WHERE (  keyword like '%%' ) LIMIT 1   [ RunTime:0.0002s ]
SQL: SELECT * FROM `cq_img` WHERE (  keyword like '%%' )  [ RunTime:0.0003s ]
NOTIC: [2] trim() expects parameter 1 to be string, array given E:\web\lanhai\www\Admin\Controller\WeixinController.class.php 第 45 行.

