[ 2017-01-14T00:28:41+08:00 ] 140.207.54.74 /index.php/Admin/Weixin/index?signature=fe816834ca5bdb0c8da17267b35f207a35f242e9&timestamp=1484324921&nonce=502779524&openid=o6MrWvx8IRyXYy2aCHKKh4ZXmj7g
INFO: [ app_init ] --START--
INFO: Run Behavior\BuildLiteBehavior [ RunTime:0.000020s ]
INFO: [ app_init ] --END-- [ RunTime:0.000086s ]
NOTIC: [8] Use of undefined constant URL_COMPAT - assumed 'URL_COMPAT' E:\web\lanhai\www\ThinkPHP\Library\Think\Dispatcher.class.php 第 183 行.
NOTIC: [8] Use of undefined constant URL_REWRITE - assumed 'URL_REWRITE' E:\web\lanhai\www\ThinkPHP\Library\Think\Dispatcher.class.php 第 185 行.
INFO: [ app_begin ] --START--
INFO: Run Behavior\ReadHtmlCacheBehavior [ RunTime:0.000600s ]
INFO: [ app_begin ] --END-- [ RunTime:0.000675s ]
NOTIC: [8] Undefined index: echostr E:\web\lanhai\www\Admin\Controller\WeixinController.class.php 第 15 行.
NOTIC: [8] Undefined index: Content E:\web\lanhai\www\Admin\Controller\WeixinController.class.php 第 41 行.
SQL: SHOW COLUMNS FROM `cq_key_n` [ RunTime:0.0020s ]
SQL: SELECT * FROM `cq_key_n` WHERE `id` = 3 LIMIT 1   [ RunTime:0.0003s ]
SQL: SHOW COLUMNS FROM `cq_img` [ RunTime:0.0018s ]
SQL: SELECT * FROM `cq_img` LIMIT 1   [ RunTime:0.0003s ]
NOTIC: [8] Undefined index: Content E:\web\lanhai\www\Admin\Controller\WeixinController.class.php 第 111 行.
SQL: SHOW COLUMNS FROM `cq_keyword` [ RunTime:0.0020s ]
SQL: SELECT * FROM `cq_keyword` WHERE (  keyword like '%%' ) LIMIT 1   [ RunTime:0.0003s ]
SQL: SELECT * FROM `cq_img` WHERE (  keyword like '%%' )  [ RunTime:0.0003s ]
NOTIC: [2] trim() expects parameter 1 to be string, array given E:\web\lanhai\www\Admin\Controller\WeixinController.class.php 第 45 行.

[ 2017-01-14T07:07:05+08:00 ] 58.247.206.144 /index.php/Admin/Weixin/index?signature=f9fa8e4eceed690854755981a5315069875fe7a3&timestamp=1484348825&nonce=527750125&openid=o6MrWv6D19MA4p6UgJHP6KWrwTtU
INFO: [ app_init ] --START--
INFO: Run Behavior\BuildLiteBehavior [ RunTime:0.000019s ]
INFO: [ app_init ] --END-- [ RunTime:0.000099s ]
NOTIC: [8] Use of undefined constant URL_COMPAT - assumed 'URL_COMPAT' E:\web\lanhai\www\ThinkPHP\Library\Think\Dispatcher.class.php 第 183 行.
NOTIC: [8] Use of undefined constant URL_REWRITE - assumed 'URL_REWRITE' E:\web\lanhai\www\ThinkPHP\Library\Think\Dispatcher.class.php 第 185 行.
INFO: [ app_begin ] --START--
INFO: Run Behavior\ReadHtmlCacheBehavior [ RunTime:0.000624s ]
INFO: [ app_begin ] --END-- [ RunTime:0.000699s ]
NOTIC: [8] Undefined index: echostr E:\web\lanhai\www\Admin\Controller\WeixinController.class.php 第 15 行.
NOTIC: [8] Undefined index: Content E:\web\lanhai\www\Admin\Controller\WeixinController.class.php 第 41 行.
SQL: SHOW COLUMNS FROM `cq_key_n` [ RunTime:0.0019s ]
SQL: SELECT * FROM `cq_key_n` WHERE `id` = 3 LIMIT 1   [ RunTime:0.0003s ]
SQL: SHOW COLUMNS FROM `cq_img` [ RunTime:0.0017s ]
SQL: SELECT * FROM `cq_img` LIMIT 1   [ RunTime:0.0002s ]
NOTIC: [8] Undefined index: Content E:\web\lanhai\www\Admin\Controller\WeixinController.class.php 第 111 行.
SQL: SHOW COLUMNS FROM `cq_keyword` [ RunTime:0.0016s ]
SQL: SELECT * FROM `cq_keyword` WHERE (  keyword like '%%' ) LIMIT 1   [ RunTime:0.0002s ]
SQL: SELECT * FROM `cq_img` WHERE (  keyword like '%%' )  [ RunTime:0.0003s ]
NOTIC: [2] trim() expects parameter 1 to be string, array given E:\web\lanhai\www\Admin\Controller\WeixinController.class.php 第 45 行.

[ 2017-01-14T07:35:50+08:00 ] 58.247.206.158 /index.php/Admin/Weixin/index?signature=5d48f30b951eb03b48f130cbd966dd863793307c&timestamp=1484350550&nonce=1231999769&openid=o6MrWv1tSurcR8GVWmaiX_05pHCw
INFO: [ app_init ] --START--
INFO: Run Behavior\BuildLiteBehavior [ RunTime:0.000020s ]
INFO: [ app_init ] --END-- [ RunTime:0.000086s ]
NOTIC: [8] Use of undefined constant URL_COMPAT - assumed 'URL_COMPAT' E:\web\lanhai\www\ThinkPHP\Library\Think\Dispatcher.class.php 第 183 行.
NOTIC: [8] Use of undefined constant URL_REWRITE - assumed 'URL_REWRITE' E:\web\lanhai\www\ThinkPHP\Library\Think\Dispatcher.class.php 第 185 行.
INFO: [ app_begin ] --START--
INFO: Run Behavior\ReadHtmlCacheBehavior [ RunTime:0.000588s ]
INFO: [ app_begin ] --END-- [ RunTime:0.000660s ]
NOTIC: [8] Undefined index: echostr E:\web\lanhai\www\Admin\Controller\WeixinController.class.php 第 15 行.
NOTIC: [8] Undefined index: Content E:\web\lanhai\www\Admin\Controller\WeixinController.class.php 第 41 行.
SQL: SHOW COLUMNS FROM `cq_key_n` [ RunTime:0.0020s ]
SQL: SELECT * FROM `cq_key_n` WHERE `id` = 3 LIMIT 1   [ RunTime:0.0003s ]
SQL: SHOW COLUMNS FROM `cq_img` [ RunTime:0.0019s ]
SQL: SELECT * FROM `cq_img` LIMIT 1   [ RunTime:0.0003s ]
NOTIC: [8] Undefined index: Content E:\web\lanhai\www\Admin\Controller\WeixinController.class.php 第 111 行.
SQL: SHOW COLUMNS FROM `cq_keyword` [ RunTime:0.0016s ]
SQL: SELECT * FROM `cq_keyword` WHERE (  keyword like '%%' ) LIMIT 1   [ RunTime:0.0002s ]
SQL: SELECT * FROM `cq_img` WHERE (  keyword like '%%' )  [ RunTime:0.0003s ]
NOTIC: [2] trim() expects parameter 1 to be string, array given E:\web\lanhai\www\Admin\Controller\WeixinController.class.php 第 45 行.

[ 2017-01-14T09:33:09+08:00 ] 140.207.54.74 /index.php/Admin/Weixin/index?signature=abc43e0641e1e6f3f4feca1d18a89422cb71f7c0&timestamp=1484357589&nonce=562518529&openid=o6MrWv8Joy-A6GndgCrTBHakaEk8
INFO: [ app_init ] --START--
INFO: Run Behavior\BuildLiteBehavior [ RunTime:0.000019s ]
INFO: [ app_init ] --END-- [ RunTime:0.000084s ]
NOTIC: [8] Use of undefined constant URL_COMPAT - assumed 'URL_COMPAT' E:\web\lanhai\www\ThinkPHP\Library\Think\Dispatcher.class.php 第 183 行.
NOTIC: [8] Use of undefined constant URL_REWRITE - assumed 'URL_REWRITE' E:\web\lanhai\www\ThinkPHP\Library\Think\Dispatcher.class.php 第 185 行.
INFO: [ app_begin ] --START--
INFO: Run Behavior\ReadHtmlCacheBehavior [ RunTime:0.000553s ]
INFO: [ app_begin ] --END-- [ RunTime:0.000631s ]
NOTIC: [8] Undefined index: echostr E:\web\lanhai\www\Admin\Controller\WeixinController.class.php 第 15 行.
NOTIC: [8] Undefined index: Content E:\web\lanhai\www\Admin\Controller\WeixinController.class.php 第 41 行.
SQL: SHOW COLUMNS FROM `cq_key_n` [ RunTime:0.0018s ]
SQL: SELECT * FROM `cq_key_n` WHERE `id` = 3 LIMIT 1   [ RunTime:0.0003s ]
SQL: SHOW COLUMNS FROM `cq_img` [ RunTime:0.0016s ]
SQL: SELECT * FROM `cq_img` LIMIT 1   [ RunTime:0.0002s ]
NOTIC: [8] Undefined index: Content E:\web\lanhai\www\Admin\Controller\WeixinController.class.php 第 111 行.
SQL: SHOW COLUMNS FROM `cq_keyword` [ RunTime:0.0016s ]
SQL: SELECT * FROM `cq_keyword` WHERE (  keyword like '%%' ) LIMIT 1   [ RunTime:0.0002s ]
SQL: SELECT * FROM `cq_img` WHERE (  keyword like '%%' )  [ RunTime:0.0003s ]
NOTIC: [2] trim() expects parameter 1 to be string, array given E:\web\lanhai\www\Admin\Controller\WeixinController.class.php 第 45 行.

[ 2017-01-14T09:36:01+08:00 ] 58.247.206.158 /index.php/Admin/Weixin/index?signature=20b81dde14ee414b04fc7d6e5a0232e915c27cc0&timestamp=1484357761&nonce=1097769497&openid=o6MrWv9ExXdCcUndqNKusSrnKOw8
INFO: [ app_init ] --START--
INFO: Run Behavior\BuildLiteBehavior [ RunTime:0.000019s ]
INFO: [ app_init ] --END-- [ RunTime:0.000084s ]
NOTIC: [8] Use of undefined constant URL_COMPAT - assumed 'URL_COMPAT' E:\web\lanhai\www\ThinkPHP\Library\Think\Dispatcher.class.php 第 183 行.
NOTIC: [8] Use of undefined constant URL_REWRITE - assumed 'URL_REWRITE' E:\web\lanhai\www\ThinkPHP\Library\Think\Dispatcher.class.php 第 185 行.
INFO: [ app_begin ] --START--
INFO: Run Behavior\ReadHtmlCacheBehavior [ RunTime:0.000558s ]
INFO: [ app_begin ] --END-- [ RunTime:0.000628s ]
NOTIC: [8] Undefined index: echostr E:\web\lanhai\www\Admin\Controller\WeixinController.class.php 第 15 行.
NOTIC: [8] Undefined index: Content E:\web\lanhai\www\Admin\Controller\WeixinController.class.php 第 41 行.
SQL: SHOW COLUMNS FROM `cq_key_n` [ RunTime:0.0020s ]
SQL: SELECT * FROM `cq_key_n` WHERE `id` = 3 LIMIT 1   [ RunTime:0.0003s ]
SQL: SHOW COLUMNS FROM `cq_img` [ RunTime:0.0016s ]
SQL: SELECT * FROM `cq_img` LIMIT 1   [ RunTime:0.0002s ]
SQL: SELECT * FROM `cq_img` WHERE ( keyword =  '联系我们' )  [ RunTime:0.0003s ]
NOTIC: [2] trim() expects parameter 1 to be string, array given E:\web\lanhai\www\Admin\Controller\WeixinController.class.php 第 45 行.

[ 2017-01-14T09:36:11+08:00 ] 180.153.206.18 /index.php/Admin/Weixin/index
INFO: [ app_init ] --START--
INFO: Run Behavior\BuildLiteBehavior [ RunTime:0.000059s ]
INFO: [ app_init ] --END-- [ RunTime:0.000147s ]
NOTIC: [8] Use of undefined constant URL_COMPAT - assumed 'URL_COMPAT' E:\web\lanhai\www\ThinkPHP\Library\Think\Dispatcher.class.php 第 183 行.
NOTIC: [8] Use of undefined constant URL_REWRITE - assumed 'URL_REWRITE' E:\web\lanhai\www\ThinkPHP\Library\Think\Dispatcher.class.php 第 185 行.
INFO: [ app_begin ] --START--
INFO: Run Behavior\ReadHtmlCacheBehavior [ RunTime:0.000657s ]
INFO: [ app_begin ] --END-- [ RunTime:0.000738s ]
NOTIC: [8] Undefined index: echostr E:\web\lanhai\www\Admin\Controller\WeixinController.class.php 第 15 行.
NOTIC: [8] Undefined index: echostr E:\web\lanhai\www\Admin\Controller\WeixinController.class.php 第 215 行.
NOTIC: [8] Undefined index: signature E:\web\lanhai\www\Admin\Controller\WeixinController.class.php 第 227 行.
NOTIC: [8] Undefined index: timestamp E:\web\lanhai\www\Admin\Controller\WeixinController.class.php 第 228 行.
NOTIC: [8] Undefined index: nonce E:\web\lanhai\www\Admin\Controller\WeixinController.class.php 第 229 行.
NOTIC: [8] Undefined index: echostr E:\web\lanhai\www\Admin\Controller\WeixinController.class.php 第 19 行.

[ 2017-01-14T09:36:11+08:00 ] 180.163.1.46 /index.php/Admin/Weixin/index
INFO: [ app_init ] --START--
INFO: Run Behavior\BuildLiteBehavior [ RunTime:0.000018s ]
INFO: [ app_init ] --END-- [ RunTime:0.000081s ]
NOTIC: [8] Use of undefined constant URL_COMPAT - assumed 'URL_COMPAT' E:\web\lanhai\www\ThinkPHP\Library\Think\Dispatcher.class.php 第 183 行.
NOTIC: [8] Use of undefined constant URL_REWRITE - assumed 'URL_REWRITE' E:\web\lanhai\www\ThinkPHP\Library\Think\Dispatcher.class.php 第 185 行.
INFO: [ app_begin ] --START--
INFO: Run Behavior\ReadHtmlCacheBehavior [ RunTime:0.000532s ]
INFO: [ app_begin ] --END-- [ RunTime:0.000600s ]
NOTIC: [8] Undefined index: echostr E:\web\lanhai\www\Admin\Controller\WeixinController.class.php 第 15 行.
NOTIC: [8] Undefined index: echostr E:\web\lanhai\www\Admin\Controller\WeixinController.class.php 第 215 行.
NOTIC: [8] Undefined index: signature E:\web\lanhai\www\Admin\Controller\WeixinController.class.php 第 227 行.
NOTIC: [8] Undefined index: timestamp E:\web\lanhai\www\Admin\Controller\WeixinController.class.php 第 228 行.
NOTIC: [8] Undefined index: nonce E:\web\lanhai\www\Admin\Controller\WeixinController.class.php 第 229 行.
NOTIC: [8] Undefined index: echostr E:\web\lanhai\www\Admin\Controller\WeixinController.class.php 第 19 行.

[ 2017-01-14T09:36:11+08:00 ] 180.153.81.203 /index.php/Admin/Weixin/index
INFO: [ app_init ] --START--
INFO: Run Behavior\BuildLiteBehavior [ RunTime:0.000020s ]
INFO: [ app_init ] --END-- [ RunTime:0.000083s ]
NOTIC: [8] Use of undefined constant URL_COMPAT - assumed 'URL_COMPAT' E:\web\lanhai\www\ThinkPHP\Library\Think\Dispatcher.class.php 第 183 行.
NOTIC: [8] Use of undefined constant URL_REWRITE - assumed 'URL_REWRITE' E:\web\lanhai\www\ThinkPHP\Library\Think\Dispatcher.class.php 第 185 行.
INFO: [ app_begin ] --START--
INFO: Run Behavior\ReadHtmlCacheBehavior [ RunTime:0.000596s ]
INFO: [ app_begin ] --END-- [ RunTime:0.000667s ]
NOTIC: [8] Undefined index: echostr E:\web\lanhai\www\Admin\Controller\WeixinController.class.php 第 15 行.
NOTIC: [8] Undefined index: echostr E:\web\lanhai\www\Admin\Controller\WeixinController.class.php 第 215 行.
NOTIC: [8] Undefined index: signature E:\web\lanhai\www\Admin\Controller\WeixinController.class.php 第 227 行.
NOTIC: [8] Undefined index: timestamp E:\web\lanhai\www\Admin\Controller\WeixinController.class.php 第 228 行.
NOTIC: [8] Undefined index: nonce E:\web\lanhai\www\Admin\Controller\WeixinController.class.php 第 229 行.
NOTIC: [8] Undefined index: echostr E:\web\lanhai\www\Admin\Controller\WeixinController.class.php 第 19 行.

[ 2017-01-14T09:36:11+08:00 ] 117.185.27.113 /index.php/Admin/Weixin/index
INFO: [ app_init ] --START--
INFO: Run Behavior\BuildLiteBehavior [ RunTime:0.000020s ]
INFO: [ app_init ] --END-- [ RunTime:0.000084s ]
NOTIC: [8] Use of undefined constant URL_COMPAT - assumed 'URL_COMPAT' E:\web\lanhai\www\ThinkPHP\Library\Think\Dispatcher.class.php 第 183 行.
NOTIC: [8] Use of undefined constant URL_REWRITE - assumed 'URL_REWRITE' E:\web\lanhai\www\ThinkPHP\Library\Think\Dispatcher.class.php 第 185 行.
INFO: [ app_begin ] --START--
INFO: Run Behavior\ReadHtmlCacheBehavior [ RunTime:0.000822s ]
INFO: [ app_begin ] --END-- [ RunTime:0.000918s ]
NOTIC: [8] Undefined index: echostr E:\web\lanhai\www\Admin\Controller\WeixinController.class.php 第 15 行.
NOTIC: [8] Undefined index: echostr E:\web\lanhai\www\Admin\Controller\WeixinController.class.php 第 215 行.
NOTIC: [8] Undefined index: signature E:\web\lanhai\www\Admin\Controller\WeixinController.class.php 第 227 行.
NOTIC: [8] Undefined index: timestamp E:\web\lanhai\www\Admin\Controller\WeixinController.class.php 第 228 行.
NOTIC: [8] Undefined index: nonce E:\web\lanhai\www\Admin\Controller\WeixinController.class.php 第 229 行.
NOTIC: [8] Undefined index: echostr E:\web\lanhai\www\Admin\Controller\WeixinController.class.php 第 19 行.

[ 2017-01-14T09:47:40+08:00 ] 140.207.54.73 /index.php/Admin/Weixin/index?signature=383317609354070f4843c2b4d0ff023c081663cb&timestamp=1484358460&nonce=1187038059&openid=o6MrWv_qrxExYMRbQUjw0fv8T5pY
INFO: [ app_init ] --START--
INFO: Run Behavior\BuildLiteBehavior [ RunTime:0.000031s ]
INFO: [ app_init ] --END-- [ RunTime:0.000115s ]
NOTIC: [8] Use of undefined constant URL_COMPAT - assumed 'URL_COMPAT' E:\web\lanhai\www\ThinkPHP\Library\Think\Dispatcher.class.php 第 183 行.
NOTIC: [8] Use of undefined constant URL_REWRITE - assumed 'URL_REWRITE' E:\web\lanhai\www\ThinkPHP\Library\Think\Dispatcher.class.php 第 185 行.
INFO: [ app_begin ] --START--
INFO: Run Behavior\ReadHtmlCacheBehavior [ RunTime:0.000610s ]
INFO: [ app_begin ] --END-- [ RunTime:0.000684s ]
NOTIC: [8] Undefined index: echostr E:\web\lanhai\www\Admin\Controller\WeixinController.class.php 第 15 行.
NOTIC: [8] Undefined index: Content E:\web\lanhai\www\Admin\Controller\WeixinController.class.php 第 41 行.
SQL: SHOW COLUMNS FROM `cq_key_n` [ RunTime:0.0020s ]
SQL: SELECT * FROM `cq_key_n` WHERE `id` = 3 LIMIT 1   [ RunTime:0.0003s ]
SQL: SHOW COLUMNS FROM `cq_img` [ RunTime:0.0017s ]
SQL: SELECT * FROM `cq_img` LIMIT 1   [ RunTime:0.0002s ]
SQL: SELECT * FROM `cq_key_n` LIMIT 1   [ RunTime:0.0002s ]
NOTIC: [2] trim() expects parameter 1 to be string, array given E:\web\lanhai\www\Admin\Controller\WeixinController.class.php 第 45 行.

[ 2017-01-14T10:08:46+08:00 ] 140.207.54.73 /index.php/Admin/Weixin/index?signature=92e5b2cecd70fa5e1f17062bdf264916dcacf65b&timestamp=1484359725&nonce=81125000&openid=o6MrWv_XHGOQjt3CJ4B_Pci6trPE
INFO: [ app_init ] --START--
INFO: Run Behavior\BuildLiteBehavior [ RunTime:0.000034s ]
INFO: [ app_init ] --END-- [ RunTime:0.000134s ]
NOTIC: [8] Use of undefined constant URL_COMPAT - assumed 'URL_COMPAT' E:\web\lanhai\www\ThinkPHP\Library\Think\Dispatcher.class.php 第 183 行.
NOTIC: [8] Use of undefined constant URL_REWRITE - assumed 'URL_REWRITE' E:\web\lanhai\www\ThinkPHP\Library\Think\Dispatcher.class.php 第 185 行.
INFO: [ app_begin ] --START--
INFO: Run Behavior\ReadHtmlCacheBehavior [ RunTime:0.000688s ]
INFO: [ app_begin ] --END-- [ RunTime:0.000758s ]
NOTIC: [8] Undefined index: echostr E:\web\lanhai\www\Admin\Controller\WeixinController.class.php 第 15 行.
NOTIC: [8] Undefined index: Content E:\web\lanhai\www\Admin\Controller\WeixinController.class.php 第 41 行.
SQL: SHOW COLUMNS FROM `cq_key_n` [ RunTime:0.0019s ]
SQL: SELECT * FROM `cq_key_n` WHERE `id` = 3 LIMIT 1   [ RunTime:0.0003s ]
SQL: SHOW COLUMNS FROM `cq_img` [ RunTime:0.0017s ]
SQL: SELECT * FROM `cq_img` LIMIT 1   [ RunTime:0.0003s ]
NOTIC: [8] Undefined index: Content E:\web\lanhai\www\Admin\Controller\WeixinController.class.php 第 111 行.
SQL: SHOW COLUMNS FROM `cq_keyword` [ RunTime:0.0017s ]
SQL: SELECT * FROM `cq_keyword` WHERE (  keyword like '%%' ) LIMIT 1   [ RunTime:0.0002s ]
SQL: SELECT * FROM `cq_img` WHERE (  keyword like '%%' )  [ RunTime:0.0004s ]
NOTIC: [2] trim() expects parameter 1 to be string, array given E:\web\lanhai\www\Admin\Controller\WeixinController.class.php 第 45 行.

[ 2017-01-14T10:14:36+08:00 ] 58.247.206.148 /index.php/Admin/Weixin/index?signature=d9f905f54d3d491a4cce3c3d137bcec00ea7fcdb&timestamp=1484360075&nonce=1991771821&openid=o6MrWvzUIyk_9gfgg8Z1B09h-Gvs
INFO: [ app_init ] --START--
INFO: Run Behavior\BuildLiteBehavior [ RunTime:0.000020s ]
INFO: [ app_init ] --END-- [ RunTime:0.000086s ]
NOTIC: [8] Use of undefined constant URL_COMPAT - assumed 'URL_COMPAT' E:\web\lanhai\www\ThinkPHP\Library\Think\Dispatcher.class.php 第 183 行.
NOTIC: [8] Use of undefined constant URL_REWRITE - assumed 'URL_REWRITE' E:\web\lanhai\www\ThinkPHP\Library\Think\Dispatcher.class.php 第 185 行.
INFO: [ app_begin ] --START--
INFO: Run Behavior\ReadHtmlCacheBehavior [ RunTime:0.000547s ]
INFO: [ app_begin ] --END-- [ RunTime:0.000617s ]
NOTIC: [8] Undefined index: echostr E:\web\lanhai\www\Admin\Controller\WeixinController.class.php 第 15 行.
NOTIC: [8] Undefined index: Content E:\web\lanhai\www\Admin\Controller\WeixinController.class.php 第 41 行.
SQL: SHOW COLUMNS FROM `cq_key_n` [ RunTime:0.0024s ]
SQL: SELECT * FROM `cq_key_n` WHERE `id` = 3 LIMIT 1   [ RunTime:0.0003s ]
SQL: SHOW COLUMNS FROM `cq_img` [ RunTime:0.0019s ]
SQL: SELECT * FROM `cq_img` LIMIT 1   [ RunTime:0.0003s ]
NOTIC: [8] Undefined index: Content E:\web\lanhai\www\Admin\Controller\WeixinController.class.php 第 111 行.
SQL: SHOW COLUMNS FROM `cq_keyword` [ RunTime:0.0015s ]
SQL: SELECT * FROM `cq_keyword` WHERE (  keyword like '%%' ) LIMIT 1   [ RunTime:0.0002s ]
SQL: SELECT * FROM `cq_img` WHERE (  keyword like '%%' )  [ RunTime:0.0003s ]
NOTIC: [2] trim() expects parameter 1 to be string, array given E:\web\lanhai\www\Admin\Controller\WeixinController.class.php 第 45 行.

[ 2017-01-14T10:25:50+08:00 ] 140.207.54.73 /index.php/Admin/Weixin/index?signature=18254455aeea5b16b4888cb446de996152e0873f&timestamp=1484360750&nonce=1624278322&openid=oKum9wX-uKMkdQTV9K2ouzkX5kS8
INFO: [ app_init ] --START--
INFO: Run Behavior\BuildLiteBehavior [ RunTime:0.000021s ]
INFO: [ app_init ] --END-- [ RunTime:0.000088s ]
NOTIC: [8] Use of undefined constant URL_COMPAT - assumed 'URL_COMPAT' E:\web\lanhai\www\ThinkPHP\Library\Think\Dispatcher.class.php 第 183 行.
NOTIC: [8] Use of undefined constant URL_REWRITE - assumed 'URL_REWRITE' E:\web\lanhai\www\ThinkPHP\Library\Think\Dispatcher.class.php 第 185 行.
INFO: [ app_begin ] --START--
INFO: Run Behavior\ReadHtmlCacheBehavior [ RunTime:0.000668s ]
INFO: [ app_begin ] --END-- [ RunTime:0.000762s ]
NOTIC: [8] Undefined index: echostr E:\web\lanhai\www\Admin\Controller\WeixinController.class.php 第 15 行.
NOTIC: [8] Undefined index: Content E:\web\lanhai\www\Admin\Controller\WeixinController.class.php 第 41 行.
SQL: SHOW COLUMNS FROM `cq_key_n` [ RunTime:0.0024s ]
SQL: SELECT * FROM `cq_key_n` WHERE `id` = 3 LIMIT 1   [ RunTime:0.0004s ]
SQL: SHOW COLUMNS FROM `cq_img` [ RunTime:0.0022s ]
SQL: SELECT * FROM `cq_img` LIMIT 1   [ RunTime:0.0003s ]
SQL: SELECT * FROM `cq_key_n` LIMIT 1   [ RunTime:0.0002s ]
NOTIC: [2] trim() expects parameter 1 to be string, array given E:\web\lanhai\www\Admin\Controller\WeixinController.class.php 第 45 行.

[ 2017-01-14T10:26:00+08:00 ] 61.151.218.119 /index.php/Admin/Weixin/index
INFO: [ app_init ] --START--
INFO: Run Behavior\BuildLiteBehavior [ RunTime:0.000019s ]
INFO: [ app_init ] --END-- [ RunTime:0.000083s ]
NOTIC: [8] Use of undefined constant URL_COMPAT - assumed 'URL_COMPAT' E:\web\lanhai\www\ThinkPHP\Library\Think\Dispatcher.class.php 第 183 行.
NOTIC: [8] Use of undefined constant URL_REWRITE - assumed 'URL_REWRITE' E:\web\lanhai\www\ThinkPHP\Library\Think\Dispatcher.class.php 第 185 行.
INFO: [ app_begin ] --START--
INFO: Run Behavior\ReadHtmlCacheBehavior [ RunTime:0.000588s ]
INFO: [ app_begin ] --END-- [ RunTime:0.000657s ]
NOTIC: [8] Undefined index: echostr E:\web\lanhai\www\Admin\Controller\WeixinController.class.php 第 15 行.
NOTIC: [8] Undefined index: echostr E:\web\lanhai\www\Admin\Controller\WeixinController.class.php 第 215 行.
NOTIC: [8] Undefined index: signature E:\web\lanhai\www\Admin\Controller\WeixinController.class.php 第 227 行.
NOTIC: [8] Undefined index: timestamp E:\web\lanhai\www\Admin\Controller\WeixinController.class.php 第 228 行.
NOTIC: [8] Undefined index: nonce E:\web\lanhai\www\Admin\Controller\WeixinController.class.php 第 229 行.
NOTIC: [8] Undefined index: echostr E:\web\lanhai\www\Admin\Controller\WeixinController.class.php 第 19 行.

[ 2017-01-14T11:23:57+08:00 ] 140.207.54.74 /index.php/Admin/Weixin/index?signature=8c21fac8dc9dd461f39434d7f72af657939cecfc&timestamp=1484364237&nonce=1748958385&openid=o6MrWv0wpVILIMSTiezPKRNOpkn8
INFO: [ app_init ] --START--
INFO: Run Behavior\BuildLiteBehavior [ RunTime:0.000020s ]
INFO: [ app_init ] --END-- [ RunTime:0.000083s ]
NOTIC: [8] Use of undefined constant URL_COMPAT - assumed 'URL_COMPAT' E:\web\lanhai\www\ThinkPHP\Library\Think\Dispatcher.class.php 第 183 行.
NOTIC: [8] Use of undefined constant URL_REWRITE - assumed 'URL_REWRITE' E:\web\lanhai\www\ThinkPHP\Library\Think\Dispatcher.class.php 第 185 行.
INFO: [ app_begin ] --START--
INFO: Run Behavior\ReadHtmlCacheBehavior [ RunTime:0.000603s ]
INFO: [ app_begin ] --END-- [ RunTime:0.000674s ]
NOTIC: [8] Undefined index: echostr E:\web\lanhai\www\Admin\Controller\WeixinController.class.php 第 15 行.
NOTIC: [8] Undefined index: Content E:\web\lanhai\www\Admin\Controller\WeixinController.class.php 第 41 行.
SQL: SHOW COLUMNS FROM `cq_key_n` [ RunTime:0.0018s ]
SQL: SELECT * FROM `cq_key_n` WHERE `id` = 3 LIMIT 1   [ RunTime:0.0003s ]
SQL: SHOW COLUMNS FROM `cq_img` [ RunTime:0.0017s ]
SQL: SELECT * FROM `cq_img` LIMIT 1   [ RunTime:0.0003s ]
SQL: SELECT * FROM `cq_key_n` LIMIT 1   [ RunTime:0.0002s ]
NOTIC: [2] trim() expects parameter 1 to be string, array given E:\web\lanhai\www\Admin\Controller\WeixinController.class.php 第 45 行.

[ 2017-01-14T11:24:10+08:00 ] 140.207.54.73 /index.php/Admin/Weixin/index?signature=192a867652b495aefbeb2f8fbf54dea590d5d48c&timestamp=1484364250&nonce=131251747&openid=o6MrWv0wpVILIMSTiezPKRNOpkn8
INFO: [ app_init ] --START--
INFO: Run Behavior\BuildLiteBehavior [ RunTime:0.000020s ]
INFO: [ app_init ] --END-- [ RunTime:0.000083s ]
NOTIC: [8] Use of undefined constant URL_COMPAT - assumed 'URL_COMPAT' E:\web\lanhai\www\ThinkPHP\Library\Think\Dispatcher.class.php 第 183 行.
NOTIC: [8] Use of undefined constant URL_REWRITE - assumed 'URL_REWRITE' E:\web\lanhai\www\ThinkPHP\Library\Think\Dispatcher.class.php 第 185 行.
INFO: [ app_begin ] --START--
INFO: Run Behavior\ReadHtmlCacheBehavior [ RunTime:0.000531s ]
INFO: [ app_begin ] --END-- [ RunTime:0.000603s ]
NOTIC: [8] Undefined index: echostr E:\web\lanhai\www\Admin\Controller\WeixinController.class.php 第 15 行.
NOTIC: [8] Undefined index: Content E:\web\lanhai\www\Admin\Controller\WeixinController.class.php 第 41 行.
SQL: SHOW COLUMNS FROM `cq_key_n` [ RunTime:0.0020s ]
SQL: SELECT * FROM `cq_key_n` WHERE `id` = 3 LIMIT 1   [ RunTime:0.0003s ]
SQL: SHOW COLUMNS FROM `cq_img` [ RunTime:0.0017s ]
SQL: SELECT * FROM `cq_img` LIMIT 1   [ RunTime:0.0002s ]
NOTIC: [8] Undefined index: Content E:\web\lanhai\www\Admin\Controller\WeixinController.class.php 第 111 行.
SQL: SHOW COLUMNS FROM `cq_keyword` [ RunTime:0.0016s ]
SQL: SELECT * FROM `cq_keyword` WHERE (  keyword like '%%' ) LIMIT 1   [ RunTime:0.0002s ]
SQL: SELECT * FROM `cq_img` WHERE (  keyword like '%%' )  [ RunTime:0.0003s ]
NOTIC: [2] trim() expects parameter 1 to be string, array given E:\web\lanhai\www\Admin\Controller\WeixinController.class.php 第 45 行.

[ 2017-01-14T12:12:49+08:00 ] 58.247.206.154 /index.php/Admin/Weixin/index?signature=59599124050a03fb43b6a65a891a27b025852036&timestamp=1484367169&nonce=1305162211&openid=o6MrWv7nqDomD1y6hF3VR6p3s5Rs
INFO: [ app_init ] --START--
INFO: Run Behavior\BuildLiteBehavior [ RunTime:0.000019s ]
INFO: [ app_init ] --END-- [ RunTime:0.000083s ]
NOTIC: [8] Use of undefined constant URL_COMPAT - assumed 'URL_COMPAT' E:\web\lanhai\www\ThinkPHP\Library\Think\Dispatcher.class.php 第 183 行.
NOTIC: [8] Use of undefined constant URL_REWRITE - assumed 'URL_REWRITE' E:\web\lanhai\www\ThinkPHP\Library\Think\Dispatcher.class.php 第 185 行.
INFO: [ app_begin ] --START--
INFO: Run Behavior\ReadHtmlCacheBehavior [ RunTime:0.000595s ]
INFO: [ app_begin ] --END-- [ RunTime:0.000666s ]
NOTIC: [8] Undefined index: echostr E:\web\lanhai\www\Admin\Controller\WeixinController.class.php 第 15 行.
NOTIC: [8] Undefined index: Content E:\web\lanhai\www\Admin\Controller\WeixinController.class.php 第 41 行.
SQL: SHOW COLUMNS FROM `cq_key_n` [ RunTime:0.0019s ]
SQL: SELECT * FROM `cq_key_n` WHERE `id` = 3 LIMIT 1   [ RunTime:0.0003s ]
SQL: SHOW COLUMNS FROM `cq_img` [ RunTime:0.0018s ]
SQL: SELECT * FROM `cq_img` LIMIT 1   [ RunTime:0.0003s ]
SQL: SELECT * FROM `cq_key_n` LIMIT 1   [ RunTime:0.0002s ]
NOTIC: [2] trim() expects parameter 1 to be string, array given E:\web\lanhai\www\Admin\Controller\WeixinController.class.php 第 45 行.

[ 2017-01-14T16:39:46+08:00 ] 58.247.206.158 /index.php/Admin/Weixin/index?signature=5052d67135f212d619c10ba59b4fd4c1d363eb59&timestamp=1484383186&nonce=854208862&openid=o6MrWv7a8HlpYiao0d1l44eYPbXc
INFO: [ app_init ] --START--
INFO: Run Behavior\BuildLiteBehavior [ RunTime:0.000020s ]
INFO: [ app_init ] --END-- [ RunTime:0.000084s ]
NOTIC: [8] Use of undefined constant URL_COMPAT - assumed 'URL_COMPAT' E:\web\lanhai\www\ThinkPHP\Library\Think\Dispatcher.class.php 第 183 行.
NOTIC: [8] Use of undefined constant URL_REWRITE - assumed 'URL_REWRITE' E:\web\lanhai\www\ThinkPHP\Library\Think\Dispatcher.class.php 第 185 行.
INFO: [ app_begin ] --START--
INFO: Run Behavior\ReadHtmlCacheBehavior [ RunTime:0.000627s ]
INFO: [ app_begin ] --END-- [ RunTime:0.000713s ]
NOTIC: [8] Undefined index: echostr E:\web\lanhai\www\Admin\Controller\WeixinController.class.php 第 15 行.
NOTIC: [8] Undefined index: Content E:\web\lanhai\www\Admin\Controller\WeixinController.class.php 第 41 行.
SQL: SHOW COLUMNS FROM `cq_key_n` [ RunTime:0.0021s ]
SQL: SELECT * FROM `cq_key_n` WHERE `id` = 3 LIMIT 1   [ RunTime:0.0003s ]
SQL: SHOW COLUMNS FROM `cq_img` [ RunTime:0.0018s ]
SQL: SELECT * FROM `cq_img` LIMIT 1   [ RunTime:0.0003s ]
NOTIC: [8] Undefined index: Content E:\web\lanhai\www\Admin\Controller\WeixinController.class.php 第 111 行.
SQL: SHOW COLUMNS FROM `cq_keyword` [ RunTime:0.0016s ]
SQL: SELECT * FROM `cq_keyword` WHERE (  keyword like '%%' ) LIMIT 1   [ RunTime:0.0002s ]
SQL: SELECT * FROM `cq_img` WHERE (  keyword like '%%' )  [ RunTime:0.0003s ]
NOTIC: [2] trim() expects parameter 1 to be string, array given E:\web\lanhai\www\Admin\Controller\WeixinController.class.php 第 45 行.

[ 2017-01-14T18:27:43+08:00 ] 140.207.54.73 /index.php/Admin/Weixin/index?signature=03394c1b770e0a2be7f4444ec4a48f8628c45ce4&timestamp=1484389663&nonce=437355172&openid=o6MrWv3MZNWQvXZ6o-diNBQrZFPk
INFO: [ app_init ] --START--
INFO: Run Behavior\BuildLiteBehavior [ RunTime:0.000018s ]
INFO: [ app_init ] --END-- [ RunTime:0.000082s ]
NOTIC: [8] Use of undefined constant URL_COMPAT - assumed 'URL_COMPAT' E:\web\lanhai\www\ThinkPHP\Library\Think\Dispatcher.class.php 第 183 行.
NOTIC: [8] Use of undefined constant URL_REWRITE - assumed 'URL_REWRITE' E:\web\lanhai\www\ThinkPHP\Library\Think\Dispatcher.class.php 第 185 行.
INFO: [ app_begin ] --START--
INFO: Run Behavior\ReadHtmlCacheBehavior [ RunTime:0.000559s ]
INFO: [ app_begin ] --END-- [ RunTime:0.000630s ]
NOTIC: [8] Undefined index: echostr E:\web\lanhai\www\Admin\Controller\WeixinController.class.php 第 15 行.
NOTIC: [8] Undefined index: Content E:\web\lanhai\www\Admin\Controller\WeixinController.class.php 第 41 行.
SQL: SHOW COLUMNS FROM `cq_key_n` [ RunTime:0.0020s ]
SQL: SELECT * FROM `cq_key_n` WHERE `id` = 3 LIMIT 1   [ RunTime:0.0003s ]
SQL: SHOW COLUMNS FROM `cq_img` [ RunTime:0.0017s ]
SQL: SELECT * FROM `cq_img` LIMIT 1   [ RunTime:0.0003s ]
SQL: SELECT * FROM `cq_key_n` LIMIT 1   [ RunTime:0.0002s ]
NOTIC: [2] trim() expects parameter 1 to be string, array given E:\web\lanhai\www\Admin\Controller\WeixinController.class.php 第 45 行.

[ 2017-01-14T18:30:17+08:00 ] 58.247.206.154 /index.php/Admin/Weixin/index?signature=f0eef45b05f3aab19c1f4d622dc743a528d6bb63&timestamp=1484389817&nonce=1521760136&openid=o6MrWv1pZo6ZQZcHkXtw6RhLXms8
INFO: [ app_init ] --START--
INFO: Run Behavior\BuildLiteBehavior [ RunTime:0.000019s ]
INFO: [ app_init ] --END-- [ RunTime:0.000090s ]
NOTIC: [8] Use of undefined constant URL_COMPAT - assumed 'URL_COMPAT' E:\web\lanhai\www\ThinkPHP\Library\Think\Dispatcher.class.php 第 183 行.
NOTIC: [8] Use of undefined constant URL_REWRITE - assumed 'URL_REWRITE' E:\web\lanhai\www\ThinkPHP\Library\Think\Dispatcher.class.php 第 185 行.
INFO: [ app_begin ] --START--
INFO: Run Behavior\ReadHtmlCacheBehavior [ RunTime:0.000699s ]
INFO: [ app_begin ] --END-- [ RunTime:0.000774s ]
NOTIC: [8] Undefined index: echostr E:\web\lanhai\www\Admin\Controller\WeixinController.class.php 第 15 行.
NOTIC: [8] Undefined index: Content E:\web\lanhai\www\Admin\Controller\WeixinController.class.php 第 41 行.
SQL: SHOW COLUMNS FROM `cq_key_n` [ RunTime:0.0018s ]
SQL: SELECT * FROM `cq_key_n` WHERE `id` = 3 LIMIT 1   [ RunTime:0.0003s ]
SQL: SHOW COLUMNS FROM `cq_img` [ RunTime:0.0016s ]
SQL: SELECT * FROM `cq_img` LIMIT 1   [ RunTime:0.0003s ]
SQL: SELECT * FROM `cq_key_n` LIMIT 1   [ RunTime:0.0002s ]
NOTIC: [2] trim() expects parameter 1 to be string, array given E:\web\lanhai\www\Admin\Controller\WeixinController.class.php 第 45 行.

[ 2017-01-14T19:09:52+08:00 ] 140.207.54.73 /index.php/Admin/Weixin/index?signature=9375e9709bcfaf702d9f49620d607aae4284a0b2&timestamp=1484392192&nonce=1578752592&openid=o6MrWv4RIxA4RfD9xgb-T_3cAQ68
INFO: [ app_init ] --START--
INFO: Run Behavior\BuildLiteBehavior [ RunTime:0.000019s ]
INFO: [ app_init ] --END-- [ RunTime:0.000084s ]
NOTIC: [8] Use of undefined constant URL_COMPAT - assumed 'URL_COMPAT' E:\web\lanhai\www\ThinkPHP\Library\Think\Dispatcher.class.php 第 183 行.
NOTIC: [8] Use of undefined constant URL_REWRITE - assumed 'URL_REWRITE' E:\web\lanhai\www\ThinkPHP\Library\Think\Dispatcher.class.php 第 185 行.
INFO: [ app_begin ] --START--
INFO: Run Behavior\ReadHtmlCacheBehavior [ RunTime:0.000610s ]
INFO: [ app_begin ] --END-- [ RunTime:0.000690s ]
NOTIC: [8] Undefined index: echostr E:\web\lanhai\www\Admin\Controller\WeixinController.class.php 第 15 行.
NOTIC: [8] Undefined index: Content E:\web\lanhai\www\Admin\Controller\WeixinController.class.php 第 41 行.
SQL: SHOW COLUMNS FROM `cq_key_n` [ RunTime:0.0020s ]
SQL: SELECT * FROM `cq_key_n` WHERE `id` = 3 LIMIT 1   [ RunTime:0.0003s ]
SQL: SHOW COLUMNS FROM `cq_img` [ RunTime:0.0017s ]
SQL: SELECT * FROM `cq_img` LIMIT 1   [ RunTime:0.0002s ]
SQL: SELECT * FROM `cq_key_n` LIMIT 1   [ RunTime:0.0002s ]
NOTIC: [2] trim() expects parameter 1 to be string, array given E:\web\lanhai\www\Admin\Controller\WeixinController.class.php 第 45 行.

[ 2017-01-14T19:56:33+08:00 ] 58.247.206.143 /index.php/Admin/Weixin/index?signature=f69e026c6478df43184d1f8641533febbbd99460&timestamp=1484394993&nonce=11574938&openid=oKum9wYSjOl50O8F412-1HWfXZrM
INFO: [ app_init ] --START--
INFO: Run Behavior\BuildLiteBehavior [ RunTime:0.000020s ]
INFO: [ app_init ] --END-- [ RunTime:0.000089s ]
NOTIC: [8] Use of undefined constant URL_COMPAT - assumed 'URL_COMPAT' E:\web\lanhai\www\ThinkPHP\Library\Think\Dispatcher.class.php 第 183 行.
NOTIC: [8] Use of undefined constant URL_REWRITE - assumed 'URL_REWRITE' E:\web\lanhai\www\ThinkPHP\Library\Think\Dispatcher.class.php 第 185 行.
INFO: [ app_begin ] --START--
INFO: Run Behavior\ReadHtmlCacheBehavior [ RunTime:0.000565s ]
INFO: [ app_begin ] --END-- [ RunTime:0.000636s ]
NOTIC: [8] Undefined index: echostr E:\web\lanhai\www\Admin\Controller\WeixinController.class.php 第 15 行.
NOTIC: [8] Undefined index: Content E:\web\lanhai\www\Admin\Controller\WeixinController.class.php 第 41 行.
SQL: SHOW COLUMNS FROM `cq_key_n` [ RunTime:0.0020s ]
SQL: SELECT * FROM `cq_key_n` WHERE `id` = 3 LIMIT 1   [ RunTime:0.0003s ]
SQL: SHOW COLUMNS FROM `cq_img` [ RunTime:0.0017s ]
SQL: SELECT * FROM `cq_img` LIMIT 1   [ RunTime:0.0003s ]
NOTIC: [8] Undefined index: Content E:\web\lanhai\www\Admin\Controller\WeixinController.class.php 第 111 行.
SQL: SHOW COLUMNS FROM `cq_keyword` [ RunTime:0.0015s ]
SQL: SELECT * FROM `cq_keyword` WHERE (  keyword like '%%' ) LIMIT 1   [ RunTime:0.0002s ]
SQL: SELECT * FROM `cq_img` WHERE (  keyword like '%%' )  [ RunTime:0.0003s ]
NOTIC: [2] trim() expects parameter 1 to be string, array given E:\web\lanhai\www\Admin\Controller\WeixinController.class.php 第 45 行.

[ 2017-01-14T20:00:11+08:00 ] 58.247.206.141 /index.php/Admin/Weixin/index?signature=45aea5dc5542fe92aadf861fe34045df5172fe8e&timestamp=1484395211&nonce=1484245574&openid=o6MrWvw26a_2ZouIQ7OXc0W6ehkU
INFO: [ app_init ] --START--
INFO: Run Behavior\BuildLiteBehavior [ RunTime:0.000019s ]
INFO: [ app_init ] --END-- [ RunTime:0.000084s ]
NOTIC: [8] Use of undefined constant URL_COMPAT - assumed 'URL_COMPAT' E:\web\lanhai\www\ThinkPHP\Library\Think\Dispatcher.class.php 第 183 行.
NOTIC: [8] Use of undefined constant URL_REWRITE - assumed 'URL_REWRITE' E:\web\lanhai\www\ThinkPHP\Library\Think\Dispatcher.class.php 第 185 行.
INFO: [ app_begin ] --START--
INFO: Run Behavior\ReadHtmlCacheBehavior [ RunTime:0.000573s ]
INFO: [ app_begin ] --END-- [ RunTime:0.000661s ]
NOTIC: [8] Undefined index: echostr E:\web\lanhai\www\Admin\Controller\WeixinController.class.php 第 15 行.
NOTIC: [8] Undefined index: Content E:\web\lanhai\www\Admin\Controller\WeixinController.class.php 第 41 行.
SQL: SHOW COLUMNS FROM `cq_key_n` [ RunTime:0.0018s ]
SQL: SELECT * FROM `cq_key_n` WHERE `id` = 3 LIMIT 1   [ RunTime:0.0003s ]
SQL: SHOW COLUMNS FROM `cq_img` [ RunTime:0.0017s ]
SQL: SELECT * FROM `cq_img` LIMIT 1   [ RunTime:0.0003s ]
NOTIC: [8] Undefined index: Content E:\web\lanhai\www\Admin\Controller\WeixinController.class.php 第 111 行.
SQL: SHOW COLUMNS FROM `cq_keyword` [ RunTime:0.0016s ]
SQL: SELECT * FROM `cq_keyword` WHERE (  keyword like '%%' ) LIMIT 1   [ RunTime:0.0003s ]
SQL: SELECT * FROM `cq_img` WHERE (  keyword like '%%' )  [ RunTime:0.0003s ]
NOTIC: [2] trim() expects parameter 1 to be string, array given E:\web\lanhai\www\Admin\Controller\WeixinController.class.php 第 45 行.

[ 2017-01-14T20:44:37+08:00 ] 58.247.206.144 /index.php/Admin/Weixin/index?signature=36fc7179e0bb283d12e5613ecf7ad47246d3d801&timestamp=1484397877&nonce=476880595&openid=o6MrWv5td6SRNWwmELd9eOv0gaMk
INFO: [ app_init ] --START--
INFO: Run Behavior\BuildLiteBehavior [ RunTime:0.000019s ]
INFO: [ app_init ] --END-- [ RunTime:0.000084s ]
NOTIC: [8] Use of undefined constant URL_COMPAT - assumed 'URL_COMPAT' E:\web\lanhai\www\ThinkPHP\Library\Think\Dispatcher.class.php 第 183 行.
NOTIC: [8] Use of undefined constant URL_REWRITE - assumed 'URL_REWRITE' E:\web\lanhai\www\ThinkPHP\Library\Think\Dispatcher.class.php 第 185 行.
INFO: [ app_begin ] --START--
INFO: Run Behavior\ReadHtmlCacheBehavior [ RunTime:0.000603s ]
INFO: [ app_begin ] --END-- [ RunTime:0.000682s ]
NOTIC: [8] Undefined index: echostr E:\web\lanhai\www\Admin\Controller\WeixinController.class.php 第 15 行.
NOTIC: [8] Undefined index: Content E:\web\lanhai\www\Admin\Controller\WeixinController.class.php 第 41 行.
SQL: SHOW COLUMNS FROM `cq_key_n` [ RunTime:0.0018s ]
SQL: SELECT * FROM `cq_key_n` WHERE `id` = 3 LIMIT 1   [ RunTime:0.0003s ]
SQL: SHOW COLUMNS FROM `cq_img` [ RunTime:0.0018s ]
SQL: SELECT * FROM `cq_img` LIMIT 1   [ RunTime:0.0003s ]
SQL: SELECT * FROM `cq_key_n` LIMIT 1   [ RunTime:0.0004s ]
NOTIC: [2] trim() expects parameter 1 to be string, array given E:\web\lanhai\www\Admin\Controller\WeixinController.class.php 第 45 行.

[ 2017-01-14T20:44:46+08:00 ] 58.247.206.139 /index.php/Admin/Weixin/index?signature=2675cadedf9aec800e7ba1c82db499e9c70c7eb9&timestamp=1484397886&nonce=1449552727&openid=o6MrWv5td6SRNWwmELd9eOv0gaMk
INFO: [ app_init ] --START--
INFO: Run Behavior\BuildLiteBehavior [ RunTime:0.000028s ]
INFO: [ app_init ] --END-- [ RunTime:0.000124s ]
NOTIC: [8] Use of undefined constant URL_COMPAT - assumed 'URL_COMPAT' E:\web\lanhai\www\ThinkPHP\Library\Think\Dispatcher.class.php 第 183 行.
NOTIC: [8] Use of undefined constant URL_REWRITE - assumed 'URL_REWRITE' E:\web\lanhai\www\ThinkPHP\Library\Think\Dispatcher.class.php 第 185 行.
INFO: [ app_begin ] --START--
INFO: Run Behavior\ReadHtmlCacheBehavior [ RunTime:0.000553s ]
INFO: [ app_begin ] --END-- [ RunTime:0.000623s ]
NOTIC: [8] Undefined index: echostr E:\web\lanhai\www\Admin\Controller\WeixinController.class.php 第 15 行.
NOTIC: [8] Undefined index: Content E:\web\lanhai\www\Admin\Controller\WeixinController.class.php 第 41 行.
SQL: SHOW COLUMNS FROM `cq_key_n` [ RunTime:0.0019s ]
SQL: SELECT * FROM `cq_key_n` WHERE `id` = 3 LIMIT 1   [ RunTime:0.0003s ]
SQL: SHOW COLUMNS FROM `cq_img` [ RunTime:0.0018s ]
SQL: SELECT * FROM `cq_img` LIMIT 1   [ RunTime:0.0003s ]
NOTIC: [8] Undefined index: Content E:\web\lanhai\www\Admin\Controller\WeixinController.class.php 第 111 行.
SQL: SHOW COLUMNS FROM `cq_keyword` [ RunTime:0.0019s ]
SQL: SELECT * FROM `cq_keyword` WHERE (  keyword like '%%' ) LIMIT 1   [ RunTime:0.0002s ]
SQL: SELECT * FROM `cq_img` WHERE (  keyword like '%%' )  [ RunTime:0.0003s ]
NOTIC: [2] trim() expects parameter 1 to be string, array given E:\web\lanhai\www\Admin\Controller\WeixinController.class.php 第 45 行.

[ 2017-01-14T20:48:14+08:00 ] 58.247.206.139 /index.php/Admin/Weixin/index?signature=a637e4197ca547c9b4f1040ac931b044dad88d66&timestamp=1484398094&nonce=1947727124&openid=o6MrWv-6YQHxtmEcxyyY7wgUQy54
INFO: [ app_init ] --START--
INFO: Run Behavior\BuildLiteBehavior [ RunTime:0.000022s ]
INFO: [ app_init ] --END-- [ RunTime:0.000098s ]
NOTIC: [8] Use of undefined constant URL_COMPAT - assumed 'URL_COMPAT' E:\web\lanhai\www\ThinkPHP\Library\Think\Dispatcher.class.php 第 183 行.
NOTIC: [8] Use of undefined constant URL_REWRITE - assumed 'URL_REWRITE' E:\web\lanhai\www\ThinkPHP\Library\Think\Dispatcher.class.php 第 185 行.
INFO: [ app_begin ] --START--
INFO: Run Behavior\ReadHtmlCacheBehavior [ RunTime:0.000949s ]
INFO: [ app_begin ] --END-- [ RunTime:0.001043s ]
NOTIC: [8] Undefined index: echostr E:\web\lanhai\www\Admin\Controller\WeixinController.class.php 第 15 行.
NOTIC: [8] Undefined index: Content E:\web\lanhai\www\Admin\Controller\WeixinController.class.php 第 41 行.
SQL: SHOW COLUMNS FROM `cq_key_n` [ RunTime:0.0026s ]
SQL: SELECT * FROM `cq_key_n` WHERE `id` = 3 LIMIT 1   [ RunTime:0.0004s ]
SQL: SHOW COLUMNS FROM `cq_img` [ RunTime:0.0024s ]
SQL: SELECT * FROM `cq_img` LIMIT 1   [ RunTime:0.0003s ]
SQL: SELECT * FROM `cq_key_n` LIMIT 1   [ RunTime:0.0002s ]
NOTIC: [2] trim() expects parameter 1 to be string, array given E:\web\lanhai\www\Admin\Controller\WeixinController.class.php 第 45 行.

[ 2017-01-14T20:48:18+08:00 ] 58.247.206.149 /index.php/Admin/Weixin/index?signature=6b631ec7eadf3364e41eb8ec2bf2d1525ece5315&timestamp=1484398097&nonce=402754219&openid=o6MrWv-6YQHxtmEcxyyY7wgUQy54
INFO: [ app_init ] --START--
INFO: Run Behavior\BuildLiteBehavior [ RunTime:0.000019s ]
INFO: [ app_init ] --END-- [ RunTime:0.000084s ]
NOTIC: [8] Use of undefined constant URL_COMPAT - assumed 'URL_COMPAT' E:\web\lanhai\www\ThinkPHP\Library\Think\Dispatcher.class.php 第 183 行.
NOTIC: [8] Use of undefined constant URL_REWRITE - assumed 'URL_REWRITE' E:\web\lanhai\www\ThinkPHP\Library\Think\Dispatcher.class.php 第 185 行.
INFO: [ app_begin ] --START--
INFO: Run Behavior\ReadHtmlCacheBehavior [ RunTime:0.000694s ]
INFO: [ app_begin ] --END-- [ RunTime:0.000765s ]
NOTIC: [8] Undefined index: echostr E:\web\lanhai\www\Admin\Controller\WeixinController.class.php 第 15 行.
NOTIC: [8] Undefined index: Content E:\web\lanhai\www\Admin\Controller\WeixinController.class.php 第 41 行.
SQL: SHOW COLUMNS FROM `cq_key_n` [ RunTime:0.0018s ]
SQL: SELECT * FROM `cq_key_n` WHERE `id` = 3 LIMIT 1   [ RunTime:0.0003s ]
SQL: SHOW COLUMNS FROM `cq_img` [ RunTime:0.0016s ]
SQL: SELECT * FROM `cq_img` LIMIT 1   [ RunTime:0.0002s ]
NOTIC: [8] Undefined index: Content E:\web\lanhai\www\Admin\Controller\WeixinController.class.php 第 111 行.
SQL: SHOW COLUMNS FROM `cq_keyword` [ RunTime:0.0018s ]
SQL: SELECT * FROM `cq_keyword` WHERE (  keyword like '%%' ) LIMIT 1   [ RunTime:0.0002s ]
SQL: SELECT * FROM `cq_img` WHERE (  keyword like '%%' )  [ RunTime:0.0003s ]
NOTIC: [2] trim() expects parameter 1 to be string, array given E:\web\lanhai\www\Admin\Controller\WeixinController.class.php 第 45 行.

[ 2017-01-14T22:48:57+08:00 ] 140.207.54.74 /index.php/Admin/Weixin/index?signature=c4f11bd90ba3d09f8764fa293c606e91d96683eb&timestamp=1484405337&nonce=2142801787&openid=o6MrWvz7a2wA7e6tKaYxxORqnUKE
INFO: [ app_init ] --START--
INFO: Run Behavior\BuildLiteBehavior [ RunTime:0.000019s ]
INFO: [ app_init ] --END-- [ RunTime:0.000083s ]
NOTIC: [8] Use of undefined constant URL_COMPAT - assumed 'URL_COMPAT' E:\web\lanhai\www\ThinkPHP\Library\Think\Dispatcher.class.php 第 183 行.
NOTIC: [8] Use of undefined constant URL_REWRITE - assumed 'URL_REWRITE' E:\web\lanhai\www\ThinkPHP\Library\Think\Dispatcher.class.php 第 185 行.
INFO: [ app_begin ] --START--
INFO: Run Behavior\ReadHtmlCacheBehavior [ RunTime:0.000566s ]
INFO: [ app_begin ] --END-- [ RunTime:0.000636s ]
NOTIC: [8] Undefined index: echostr E:\web\lanhai\www\Admin\Controller\WeixinController.class.php 第 15 行.
NOTIC: [8] Undefined index: Content E:\web\lanhai\www\Admin\Controller\WeixinController.class.php 第 41 行.
SQL: SHOW COLUMNS FROM `cq_key_n` [ RunTime:0.0021s ]
SQL: SELECT * FROM `cq_key_n` WHERE `id` = 3 LIMIT 1   [ RunTime:0.0003s ]
SQL: SHOW COLUMNS FROM `cq_img` [ RunTime:0.0017s ]
SQL: SELECT * FROM `cq_img` LIMIT 1   [ RunTime:0.0002s ]
NOTIC: [8] Undefined index: Content E:\web\lanhai\www\Admin\Controller\WeixinController.class.php 第 111 行.
SQL: SHOW COLUMNS FROM `cq_keyword` [ RunTime:0.0016s ]
SQL: SELECT * FROM `cq_keyword` WHERE (  keyword like '%%' ) LIMIT 1   [ RunTime:0.0002s ]
SQL: SELECT * FROM `cq_img` WHERE (  keyword like '%%' )  [ RunTime:0.0003s ]
NOTIC: [2] trim() expects parameter 1 to be string, array given E:\web\lanhai\www\Admin\Controller\WeixinController.class.php 第 45 行.

