[ 2017-01-12T06:48:13+08:00 ] 58.247.206.154 /index.php/Admin/Weixin/index?signature=ad69f86f5a85087212bb7dfd76a6a1b57b3edde2&timestamp=1484174893&nonce=1194208413&openid=o6MrWv6D19MA4p6UgJHP6KWrwTtU
INFO: [ app_init ] --START--
INFO: Run Behavior\BuildLiteBehavior [ RunTime:0.000019s ]
INFO: [ app_init ] --END-- [ RunTime:0.000083s ]
NOTIC: [8] Use of undefined constant URL_COMPAT - assumed 'URL_COMPAT' E:\web\lanhai\www\ThinkPHP\Library\Think\Dispatcher.class.php 第 183 行.
NOTIC: [8] Use of undefined constant URL_REWRITE - assumed 'URL_REWRITE' E:\web\lanhai\www\ThinkPHP\Library\Think\Dispatcher.class.php 第 185 行.
INFO: [ app_begin ] --START--
INFO: Run Behavior\ReadHtmlCacheBehavior [ RunTime:0.000549s ]
INFO: [ app_begin ] --END-- [ RunTime:0.000619s ]
NOTIC: [8] Undefined index: echostr E:\web\lanhai\www\Admin\Controller\WeixinController.class.php 第 15 行.
NOTIC: [8] Undefined index: Content E:\web\lanhai\www\Admin\Controller\WeixinController.class.php 第 41 行.
SQL: SHOW COLUMNS FROM `cq_key_n` [ RunTime:0.0018s ]
SQL: SELECT * FROM `cq_key_n` WHERE `id` = 3 LIMIT 1   [ RunTime:0.0003s ]
SQL: SHOW COLUMNS FROM `cq_img` [ RunTime:0.0016s ]
SQL: SELECT * FROM `cq_img` LIMIT 1   [ RunTime:0.0003s ]
NOTIC: [8] Undefined index: Content E:\web\lanhai\www\Admin\Controller\WeixinController.class.php 第 111 行.
SQL: SHOW COLUMNS FROM `cq_keyword` [ RunTime:0.0015s ]
SQL: SELECT * FROM `cq_keyword` WHERE (  keyword like '%%' ) LIMIT 1   [ RunTime:0.0002s ]
SQL: SELECT * FROM `cq_img` WHERE (  keyword like '%%' )  [ RunTime:0.0004s ]
NOTIC: [2] trim() expects parameter 1 to be string, array given E:\web\lanhai\www\Admin\Controller\WeixinController.class.php 第 45 行.

[ 2017-01-12T07:17:39+08:00 ] 58.247.206.149 /index.php/Admin/Weixin/index?signature=66a62e1d3eeed7e1b811f04b2dd84773d5c2a555&timestamp=1484176659&nonce=59296916&openid=o6MrWv50t5IPQojh1Y7tHYRQs-NQ
INFO: [ app_init ] --START--
INFO: Run Behavior\BuildLiteBehavior [ RunTime:0.000021s ]
INFO: [ app_init ] --END-- [ RunTime:0.000101s ]
NOTIC: [8] Use of undefined constant URL_COMPAT - assumed 'URL_COMPAT' E:\web\lanhai\www\ThinkPHP\Library\Think\Dispatcher.class.php 第 183 行.
NOTIC: [8] Use of undefined constant URL_REWRITE - assumed 'URL_REWRITE' E:\web\lanhai\www\ThinkPHP\Library\Think\Dispatcher.class.php 第 185 行.
INFO: [ app_begin ] --START--
INFO: Run Behavior\ReadHtmlCacheBehavior [ RunTime:0.000631s ]
INFO: [ app_begin ] --END-- [ RunTime:0.000702s ]
NOTIC: [8] Undefined index: echostr E:\web\lanhai\www\Admin\Controller\WeixinController.class.php 第 15 行.
NOTIC: [8] Undefined index: Content E:\web\lanhai\www\Admin\Controller\WeixinController.class.php 第 41 行.
SQL: SHOW COLUMNS FROM `cq_key_n` [ RunTime:0.0018s ]
SQL: SELECT * FROM `cq_key_n` WHERE `id` = 3 LIMIT 1   [ RunTime:0.0003s ]
SQL: SHOW COLUMNS FROM `cq_img` [ RunTime:0.0016s ]
SQL: SELECT * FROM `cq_img` LIMIT 1   [ RunTime:0.0002s ]
SQL: SELECT * FROM `cq_img` WHERE ( keyword =  '联系我们' )  [ RunTime:0.0004s ]
NOTIC: [2] trim() expects parameter 1 to be string, array given E:\web\lanhai\www\Admin\Controller\WeixinController.class.php 第 45 行.

[ 2017-01-12T10:39:21+08:00 ] 58.247.206.158 /index.php/Admin/Weixin/index?signature=d4fa9d64a367c468552424c677fc8e88a49695e5&timestamp=1484188761&nonce=14356586&openid=o6MrWv10LPAg_Ap6ygQJQd6DS4og
INFO: [ app_init ] --START--
INFO: Run Behavior\BuildLiteBehavior [ RunTime:0.000020s ]
INFO: [ app_init ] --END-- [ RunTime:0.000090s ]
NOTIC: [8] Use of undefined constant URL_COMPAT - assumed 'URL_COMPAT' E:\web\lanhai\www\ThinkPHP\Library\Think\Dispatcher.class.php 第 183 行.
NOTIC: [8] Use of undefined constant URL_REWRITE - assumed 'URL_REWRITE' E:\web\lanhai\www\ThinkPHP\Library\Think\Dispatcher.class.php 第 185 行.
INFO: [ app_begin ] --START--
INFO: Run Behavior\ReadHtmlCacheBehavior [ RunTime:0.000585s ]
INFO: [ app_begin ] --END-- [ RunTime:0.000655s ]
NOTIC: [8] Undefined index: echostr E:\web\lanhai\www\Admin\Controller\WeixinController.class.php 第 15 行.
NOTIC: [8] Undefined index: Content E:\web\lanhai\www\Admin\Controller\WeixinController.class.php 第 41 行.
SQL: SHOW COLUMNS FROM `cq_key_n` [ RunTime:0.0020s ]
SQL: SELECT * FROM `cq_key_n` WHERE `id` = 3 LIMIT 1   [ RunTime:0.0003s ]
SQL: SHOW COLUMNS FROM `cq_img` [ RunTime:0.0017s ]
SQL: SELECT * FROM `cq_img` LIMIT 1   [ RunTime:0.0003s ]
SQL: SELECT * FROM `cq_img` WHERE ( keyword =  '尖端科技' )  [ RunTime:0.0003s ]
NOTIC: [2] trim() expects parameter 1 to be string, array given E:\web\lanhai\www\Admin\Controller\WeixinController.class.php 第 45 行.

[ 2017-01-12T10:39:55+08:00 ] 27.22.92.156 /index.php/Admin/Weixin/index
INFO: [ app_init ] --START--
INFO: Run Behavior\BuildLiteBehavior [ RunTime:0.000023s ]
INFO: [ app_init ] --END-- [ RunTime:0.000093s ]
NOTIC: [8] Use of undefined constant URL_COMPAT - assumed 'URL_COMPAT' E:\web\lanhai\www\ThinkPHP\Library\Think\Dispatcher.class.php 第 183 行.
NOTIC: [8] Use of undefined constant URL_REWRITE - assumed 'URL_REWRITE' E:\web\lanhai\www\ThinkPHP\Library\Think\Dispatcher.class.php 第 185 行.
INFO: [ app_begin ] --START--
INFO: Run Behavior\ReadHtmlCacheBehavior [ RunTime:0.000599s ]
INFO: [ app_begin ] --END-- [ RunTime:0.000692s ]
NOTIC: [8] Undefined index: echostr E:\web\lanhai\www\Admin\Controller\WeixinController.class.php 第 15 行.
NOTIC: [8] Undefined index: echostr E:\web\lanhai\www\Admin\Controller\WeixinController.class.php 第 215 行.
NOTIC: [8] Undefined index: signature E:\web\lanhai\www\Admin\Controller\WeixinController.class.php 第 227 行.
NOTIC: [8] Undefined index: timestamp E:\web\lanhai\www\Admin\Controller\WeixinController.class.php 第 228 行.
NOTIC: [8] Undefined index: nonce E:\web\lanhai\www\Admin\Controller\WeixinController.class.php 第 229 行.
NOTIC: [8] Undefined index: echostr E:\web\lanhai\www\Admin\Controller\WeixinController.class.php 第 19 行.

[ 2017-01-12T16:28:27+08:00 ] 58.247.206.153 /index.php/Admin/Weixin/index?signature=8111f0547eb9f326706771166ef80cef44b99de8&timestamp=1484209706&nonce=708366538&openid=o6MrWvwrNy9NUKBpOmmHNBR33bOw
INFO: [ app_init ] --START--
INFO: Run Behavior\BuildLiteBehavior [ RunTime:0.000021s ]
INFO: [ app_init ] --END-- [ RunTime:0.000090s ]
NOTIC: [8] Use of undefined constant URL_COMPAT - assumed 'URL_COMPAT' E:\web\lanhai\www\ThinkPHP\Library\Think\Dispatcher.class.php 第 183 行.
NOTIC: [8] Use of undefined constant URL_REWRITE - assumed 'URL_REWRITE' E:\web\lanhai\www\ThinkPHP\Library\Think\Dispatcher.class.php 第 185 行.
INFO: [ app_begin ] --START--
INFO: Run Behavior\ReadHtmlCacheBehavior [ RunTime:0.000633s ]
INFO: [ app_begin ] --END-- [ RunTime:0.000705s ]
NOTIC: [8] Undefined index: echostr E:\web\lanhai\www\Admin\Controller\WeixinController.class.php 第 15 行.
NOTIC: [8] Undefined index: Content E:\web\lanhai\www\Admin\Controller\WeixinController.class.php 第 41 行.
SQL: SHOW COLUMNS FROM `cq_key_n` [ RunTime:0.0020s ]
SQL: SELECT * FROM `cq_key_n` WHERE `id` = 3 LIMIT 1   [ RunTime:0.0003s ]
SQL: SHOW COLUMNS FROM `cq_img` [ RunTime:0.0018s ]
SQL: SELECT * FROM `cq_img` LIMIT 1   [ RunTime:0.0002s ]
NOTIC: [8] Undefined index: Content E:\web\lanhai\www\Admin\Controller\WeixinController.class.php 第 111 行.
SQL: SHOW COLUMNS FROM `cq_keyword` [ RunTime:0.0015s ]
SQL: SELECT * FROM `cq_keyword` WHERE (  keyword like '%%' ) LIMIT 1   [ RunTime:0.0002s ]
SQL: SELECT * FROM `cq_img` WHERE (  keyword like '%%' )  [ RunTime:0.0003s ]
NOTIC: [2] trim() expects parameter 1 to be string, array given E:\web\lanhai\www\Admin\Controller\WeixinController.class.php 第 45 行.

[ 2017-01-12T17:53:51+08:00 ] 58.247.206.152 /index.php/Admin/Weixin/index?signature=29b331dc01170e19da001988bed2ec6252f536d9&timestamp=1484214831&nonce=1907864636&openid=o6MrWv_GJkp3D1FJcguLO3MXRFrU
INFO: [ app_init ] --START--
INFO: Run Behavior\BuildLiteBehavior [ RunTime:0.000020s ]
INFO: [ app_init ] --END-- [ RunTime:0.000084s ]
NOTIC: [8] Use of undefined constant URL_COMPAT - assumed 'URL_COMPAT' E:\web\lanhai\www\ThinkPHP\Library\Think\Dispatcher.class.php 第 183 行.
NOTIC: [8] Use of undefined constant URL_REWRITE - assumed 'URL_REWRITE' E:\web\lanhai\www\ThinkPHP\Library\Think\Dispatcher.class.php 第 185 行.
INFO: [ app_begin ] --START--
INFO: Run Behavior\ReadHtmlCacheBehavior [ RunTime:0.000580s ]
INFO: [ app_begin ] --END-- [ RunTime:0.000651s ]
NOTIC: [8] Undefined index: echostr E:\web\lanhai\www\Admin\Controller\WeixinController.class.php 第 15 行.
NOTIC: [8] Undefined index: Content E:\web\lanhai\www\Admin\Controller\WeixinController.class.php 第 41 行.
SQL: SHOW COLUMNS FROM `cq_key_n` [ RunTime:0.0018s ]
SQL: SELECT * FROM `cq_key_n` WHERE `id` = 3 LIMIT 1   [ RunTime:0.0003s ]
SQL: SHOW COLUMNS FROM `cq_img` [ RunTime:0.0017s ]
SQL: SELECT * FROM `cq_img` LIMIT 1   [ RunTime:0.0002s ]
NOTIC: [8] Undefined index: Content E:\web\lanhai\www\Admin\Controller\WeixinController.class.php 第 111 行.
SQL: SHOW COLUMNS FROM `cq_keyword` [ RunTime:0.0016s ]
SQL: SELECT * FROM `cq_keyword` WHERE (  keyword like '%%' ) LIMIT 1   [ RunTime:0.0002s ]
SQL: SELECT * FROM `cq_img` WHERE (  keyword like '%%' )  [ RunTime:0.0003s ]
NOTIC: [2] trim() expects parameter 1 to be string, array given E:\web\lanhai\www\Admin\Controller\WeixinController.class.php 第 45 行.

[ 2017-01-12T18:41:31+08:00 ] 58.247.206.158 /index.php/Admin/Weixin/index?signature=22690c8f2afa6c8a6a08476ea4f0fcc5939ade16&timestamp=1484217690&nonce=278531141&openid=o6MrWv-Tm9JpSnLDYochwNInippI
INFO: [ app_init ] --START--
INFO: Run Behavior\BuildLiteBehavior [ RunTime:0.000020s ]
INFO: [ app_init ] --END-- [ RunTime:0.000087s ]
NOTIC: [8] Use of undefined constant URL_COMPAT - assumed 'URL_COMPAT' E:\web\lanhai\www\ThinkPHP\Library\Think\Dispatcher.class.php 第 183 行.
NOTIC: [8] Use of undefined constant URL_REWRITE - assumed 'URL_REWRITE' E:\web\lanhai\www\ThinkPHP\Library\Think\Dispatcher.class.php 第 185 行.
INFO: [ app_begin ] --START--
INFO: Run Behavior\ReadHtmlCacheBehavior [ RunTime:0.000568s ]
INFO: [ app_begin ] --END-- [ RunTime:0.000651s ]
NOTIC: [8] Undefined index: echostr E:\web\lanhai\www\Admin\Controller\WeixinController.class.php 第 15 行.
NOTIC: [8] Undefined index: Content E:\web\lanhai\www\Admin\Controller\WeixinController.class.php 第 41 行.
SQL: SHOW COLUMNS FROM `cq_key_n` [ RunTime:0.0019s ]
SQL: SELECT * FROM `cq_key_n` WHERE `id` = 3 LIMIT 1   [ RunTime:0.0003s ]
SQL: SHOW COLUMNS FROM `cq_img` [ RunTime:0.0017s ]
SQL: SELECT * FROM `cq_img` LIMIT 1   [ RunTime:0.0003s ]
SQL: SELECT * FROM `cq_key_n` LIMIT 1   [ RunTime:0.0002s ]
NOTIC: [2] trim() expects parameter 1 to be string, array given E:\web\lanhai\www\Admin\Controller\WeixinController.class.php 第 45 行.

[ 2017-01-12T20:29:07+08:00 ] 140.207.54.73 /index.php/Admin/Weixin/index?signature=dc0a0f0406d5b24597abbd185e422322a3066e42&timestamp=1484224147&nonce=96108779&openid=o6MrWv-9X_BpXpAPN5lgKgpmBvrw
INFO: [ app_init ] --START--
INFO: Run Behavior\BuildLiteBehavior [ RunTime:0.000019s ]
INFO: [ app_init ] --END-- [ RunTime:0.000084s ]
NOTIC: [8] Use of undefined constant URL_COMPAT - assumed 'URL_COMPAT' E:\web\lanhai\www\ThinkPHP\Library\Think\Dispatcher.class.php 第 183 行.
NOTIC: [8] Use of undefined constant URL_REWRITE - assumed 'URL_REWRITE' E:\web\lanhai\www\ThinkPHP\Library\Think\Dispatcher.class.php 第 185 行.
INFO: [ app_begin ] --START--
INFO: Run Behavior\ReadHtmlCacheBehavior [ RunTime:0.000693s ]
INFO: [ app_begin ] --END-- [ RunTime:0.000765s ]
NOTIC: [8] Undefined index: echostr E:\web\lanhai\www\Admin\Controller\WeixinController.class.php 第 15 行.
NOTIC: [8] Undefined index: Content E:\web\lanhai\www\Admin\Controller\WeixinController.class.php 第 41 行.
SQL: SHOW COLUMNS FROM `cq_key_n` [ RunTime:0.0020s ]
SQL: SELECT * FROM `cq_key_n` WHERE `id` = 3 LIMIT 1   [ RunTime:0.0004s ]
SQL: SHOW COLUMNS FROM `cq_img` [ RunTime:0.0017s ]
SQL: SELECT * FROM `cq_img` LIMIT 1   [ RunTime:0.0003s ]
NOTIC: [8] Undefined index: Content E:\web\lanhai\www\Admin\Controller\WeixinController.class.php 第 111 行.
SQL: SHOW COLUMNS FROM `cq_keyword` [ RunTime:0.0017s ]
SQL: SELECT * FROM `cq_keyword` WHERE (  keyword like '%%' ) LIMIT 1   [ RunTime:0.0002s ]
SQL: SELECT * FROM `cq_img` WHERE (  keyword like '%%' )  [ RunTime:0.0003s ]
NOTIC: [2] trim() expects parameter 1 to be string, array given E:\web\lanhai\www\Admin\Controller\WeixinController.class.php 第 45 行.

[ 2017-01-12T21:09:10+08:00 ] 58.247.206.144 /index.php/Admin/Weixin/index?signature=d1835e02b85df9d39ec035583ededcd1c25d681b&timestamp=1484226550&nonce=2100054769&openid=o6MrWv1cWzLCVby_hEg9yhbNabFo
INFO: [ app_init ] --START--
INFO: Run Behavior\BuildLiteBehavior [ RunTime:0.000020s ]
INFO: [ app_init ] --END-- [ RunTime:0.000087s ]
NOTIC: [8] Use of undefined constant URL_COMPAT - assumed 'URL_COMPAT' E:\web\lanhai\www\ThinkPHP\Library\Think\Dispatcher.class.php 第 183 行.
NOTIC: [8] Use of undefined constant URL_REWRITE - assumed 'URL_REWRITE' E:\web\lanhai\www\ThinkPHP\Library\Think\Dispatcher.class.php 第 185 行.
INFO: [ app_begin ] --START--
INFO: Run Behavior\ReadHtmlCacheBehavior [ RunTime:0.000647s ]
INFO: [ app_begin ] --END-- [ RunTime:0.000718s ]
NOTIC: [8] Undefined index: echostr E:\web\lanhai\www\Admin\Controller\WeixinController.class.php 第 15 行.
NOTIC: [8] Undefined index: Content E:\web\lanhai\www\Admin\Controller\WeixinController.class.php 第 41 行.
SQL: SHOW COLUMNS FROM `cq_key_n` [ RunTime:0.0019s ]
SQL: SELECT * FROM `cq_key_n` WHERE `id` = 3 LIMIT 1   [ RunTime:0.0003s ]
SQL: SHOW COLUMNS FROM `cq_img` [ RunTime:0.0016s ]
SQL: SELECT * FROM `cq_img` LIMIT 1   [ RunTime:0.0003s ]
NOTIC: [8] Undefined index: Content E:\web\lanhai\www\Admin\Controller\WeixinController.class.php 第 111 行.
SQL: SHOW COLUMNS FROM `cq_keyword` [ RunTime:0.0015s ]
SQL: SELECT * FROM `cq_keyword` WHERE (  keyword like '%%' ) LIMIT 1   [ RunTime:0.0002s ]
SQL: SELECT * FROM `cq_img` WHERE (  keyword like '%%' )  [ RunTime:0.0003s ]
NOTIC: [2] trim() expects parameter 1 to be string, array given E:\web\lanhai\www\Admin\Controller\WeixinController.class.php 第 45 行.

[ 2017-01-12T21:09:28+08:00 ] 58.247.206.154 /index.php/Admin/Weixin/index?signature=52f5538d6faf7434afdcc3e898c88d988261b73e&timestamp=1484226568&nonce=1893397122&openid=o6MrWv1cWzLCVby_hEg9yhbNabFo
INFO: [ app_init ] --START--
INFO: Run Behavior\BuildLiteBehavior [ RunTime:0.000020s ]
INFO: [ app_init ] --END-- [ RunTime:0.000084s ]
NOTIC: [8] Use of undefined constant URL_COMPAT - assumed 'URL_COMPAT' E:\web\lanhai\www\ThinkPHP\Library\Think\Dispatcher.class.php 第 183 行.
NOTIC: [8] Use of undefined constant URL_REWRITE - assumed 'URL_REWRITE' E:\web\lanhai\www\ThinkPHP\Library\Think\Dispatcher.class.php 第 185 行.
INFO: [ app_begin ] --START--
INFO: Run Behavior\ReadHtmlCacheBehavior [ RunTime:0.000606s ]
INFO: [ app_begin ] --END-- [ RunTime:0.000678s ]
NOTIC: [8] Undefined index: echostr E:\web\lanhai\www\Admin\Controller\WeixinController.class.php 第 15 行.
NOTIC: [8] Undefined index: Content E:\web\lanhai\www\Admin\Controller\WeixinController.class.php 第 41 行.
SQL: SHOW COLUMNS FROM `cq_key_n` [ RunTime:0.0019s ]
SQL: SELECT * FROM `cq_key_n` WHERE `id` = 3 LIMIT 1   [ RunTime:0.0003s ]
SQL: SHOW COLUMNS FROM `cq_img` [ RunTime:0.0016s ]
SQL: SELECT * FROM `cq_img` LIMIT 1   [ RunTime:0.0002s ]
SQL: SELECT * FROM `cq_img` WHERE ( keyword =  '尖端科技' )  [ RunTime:0.0003s ]
NOTIC: [2] trim() expects parameter 1 to be string, array given E:\web\lanhai\www\Admin\Controller\WeixinController.class.php 第 45 行.

[ 2017-01-12T21:09:32+08:00 ] 58.247.206.154 /index.php/Admin/Weixin/index?signature=ced4242dceb060dada9fa3fee047a32932c68cdb&timestamp=1484226572&nonce=1355416491&openid=o6MrWv1cWzLCVby_hEg9yhbNabFo
INFO: [ app_init ] --START--
INFO: Run Behavior\BuildLiteBehavior [ RunTime:0.000019s ]
INFO: [ app_init ] --END-- [ RunTime:0.000086s ]
NOTIC: [8] Use of undefined constant URL_COMPAT - assumed 'URL_COMPAT' E:\web\lanhai\www\ThinkPHP\Library\Think\Dispatcher.class.php 第 183 行.
NOTIC: [8] Use of undefined constant URL_REWRITE - assumed 'URL_REWRITE' E:\web\lanhai\www\ThinkPHP\Library\Think\Dispatcher.class.php 第 185 行.
INFO: [ app_begin ] --START--
INFO: Run Behavior\ReadHtmlCacheBehavior [ RunTime:0.000565s ]
INFO: [ app_begin ] --END-- [ RunTime:0.000651s ]
NOTIC: [8] Undefined index: echostr E:\web\lanhai\www\Admin\Controller\WeixinController.class.php 第 15 行.
NOTIC: [8] Undefined index: Content E:\web\lanhai\www\Admin\Controller\WeixinController.class.php 第 41 行.
SQL: SHOW COLUMNS FROM `cq_key_n` [ RunTime:0.0021s ]
SQL: SELECT * FROM `cq_key_n` WHERE `id` = 3 LIMIT 1   [ RunTime:0.0003s ]
SQL: SHOW COLUMNS FROM `cq_img` [ RunTime:0.0016s ]
SQL: SELECT * FROM `cq_img` LIMIT 1   [ RunTime:0.0003s ]
SQL: SELECT * FROM `cq_img` WHERE ( keyword =  '军事动态' )  [ RunTime:0.0002s ]
NOTIC: [2] trim() expects parameter 1 to be string, array given E:\web\lanhai\www\Admin\Controller\WeixinController.class.php 第 45 行.

[ 2017-01-12T21:09:38+08:00 ] 58.247.206.139 /index.php/Admin/Weixin/index?signature=192abf6e2736396e390334532f4c25bc854aa398&timestamp=1484226578&nonce=2043677496&openid=o6MrWv1cWzLCVby_hEg9yhbNabFo
INFO: [ app_init ] --START--
INFO: Run Behavior\BuildLiteBehavior [ RunTime:0.000019s ]
INFO: [ app_init ] --END-- [ RunTime:0.000082s ]
NOTIC: [8] Use of undefined constant URL_COMPAT - assumed 'URL_COMPAT' E:\web\lanhai\www\ThinkPHP\Library\Think\Dispatcher.class.php 第 183 行.
NOTIC: [8] Use of undefined constant URL_REWRITE - assumed 'URL_REWRITE' E:\web\lanhai\www\ThinkPHP\Library\Think\Dispatcher.class.php 第 185 行.
INFO: [ app_begin ] --START--
INFO: Run Behavior\ReadHtmlCacheBehavior [ RunTime:0.000550s ]
INFO: [ app_begin ] --END-- [ RunTime:0.000621s ]
NOTIC: [8] Undefined index: echostr E:\web\lanhai\www\Admin\Controller\WeixinController.class.php 第 15 行.
NOTIC: [8] Undefined index: Content E:\web\lanhai\www\Admin\Controller\WeixinController.class.php 第 41 行.
SQL: SHOW COLUMNS FROM `cq_key_n` [ RunTime:0.0019s ]
SQL: SELECT * FROM `cq_key_n` WHERE `id` = 3 LIMIT 1   [ RunTime:0.0003s ]
SQL: SHOW COLUMNS FROM `cq_img` [ RunTime:0.0017s ]
SQL: SELECT * FROM `cq_img` LIMIT 1   [ RunTime:0.0002s ]
SQL: SELECT * FROM `cq_img` WHERE ( keyword =  '安全纵横' )  [ RunTime:0.0002s ]
NOTIC: [2] trim() expects parameter 1 to be string, array given E:\web\lanhai\www\Admin\Controller\WeixinController.class.php 第 45 行.

[ 2017-01-12T21:09:42+08:00 ] 58.247.206.149 /index.php/Admin/Weixin/index?signature=195d9aa2eb32d2e9c23fcb744efdebe0bca62998&timestamp=1484226581&nonce=764833322&openid=o6MrWv1cWzLCVby_hEg9yhbNabFo
INFO: [ app_init ] --START--
INFO: Run Behavior\BuildLiteBehavior [ RunTime:0.000018s ]
INFO: [ app_init ] --END-- [ RunTime:0.000083s ]
NOTIC: [8] Use of undefined constant URL_COMPAT - assumed 'URL_COMPAT' E:\web\lanhai\www\ThinkPHP\Library\Think\Dispatcher.class.php 第 183 行.
NOTIC: [8] Use of undefined constant URL_REWRITE - assumed 'URL_REWRITE' E:\web\lanhai\www\ThinkPHP\Library\Think\Dispatcher.class.php 第 185 行.
INFO: [ app_begin ] --START--
INFO: Run Behavior\ReadHtmlCacheBehavior [ RunTime:0.000530s ]
INFO: [ app_begin ] --END-- [ RunTime:0.000605s ]
NOTIC: [8] Undefined index: echostr E:\web\lanhai\www\Admin\Controller\WeixinController.class.php 第 15 行.
NOTIC: [8] Undefined index: Content E:\web\lanhai\www\Admin\Controller\WeixinController.class.php 第 41 行.
SQL: SHOW COLUMNS FROM `cq_key_n` [ RunTime:0.0019s ]
SQL: SELECT * FROM `cq_key_n` WHERE `id` = 3 LIMIT 1   [ RunTime:0.0003s ]
SQL: SHOW COLUMNS FROM `cq_img` [ RunTime:0.0017s ]
SQL: SELECT * FROM `cq_img` LIMIT 1   [ RunTime:0.0002s ]
SQL: SELECT * FROM `cq_img` WHERE ( keyword =  '军民融合' )  [ RunTime:0.0002s ]
NOTIC: [2] trim() expects parameter 1 to be string, array given E:\web\lanhai\www\Admin\Controller\WeixinController.class.php 第 45 行.

[ 2017-01-12T21:09:45+08:00 ] 58.247.206.154 /index.php/Admin/Weixin/index?signature=d62d1496bb80e2e516199d517ac02ab21c94f0f1&timestamp=1484226585&nonce=1887942813&openid=o6MrWv1cWzLCVby_hEg9yhbNabFo
INFO: [ app_init ] --START--
INFO: Run Behavior\BuildLiteBehavior [ RunTime:0.000020s ]
INFO: [ app_init ] --END-- [ RunTime:0.000086s ]
NOTIC: [8] Use of undefined constant URL_COMPAT - assumed 'URL_COMPAT' E:\web\lanhai\www\ThinkPHP\Library\Think\Dispatcher.class.php 第 183 行.
NOTIC: [8] Use of undefined constant URL_REWRITE - assumed 'URL_REWRITE' E:\web\lanhai\www\ThinkPHP\Library\Think\Dispatcher.class.php 第 185 行.
INFO: [ app_begin ] --START--
INFO: Run Behavior\ReadHtmlCacheBehavior [ RunTime:0.000521s ]
INFO: [ app_begin ] --END-- [ RunTime:0.000590s ]
NOTIC: [8] Undefined index: echostr E:\web\lanhai\www\Admin\Controller\WeixinController.class.php 第 15 行.
NOTIC: [8] Undefined index: Content E:\web\lanhai\www\Admin\Controller\WeixinController.class.php 第 41 行.
SQL: SHOW COLUMNS FROM `cq_key_n` [ RunTime:0.0019s ]
SQL: SELECT * FROM `cq_key_n` WHERE `id` = 3 LIMIT 1   [ RunTime:0.0003s ]
SQL: SHOW COLUMNS FROM `cq_img` [ RunTime:0.0018s ]
SQL: SELECT * FROM `cq_img` LIMIT 1   [ RunTime:0.0003s ]
SQL: SELECT * FROM `cq_img` WHERE ( keyword =  '联系我们' )  [ RunTime:0.0003s ]
NOTIC: [2] trim() expects parameter 1 to be string, array given E:\web\lanhai\www\Admin\Controller\WeixinController.class.php 第 45 行.

[ 2017-01-12T21:52:17+08:00 ] 140.207.54.73 /index.php/Admin/Weixin/index?signature=c6bb50254e9d81bf61ab1363ef96d7de2ba00f86&timestamp=1484229137&nonce=1682138586&openid=o6MrWv0un_kJ_uB-3eRpUodSDAh0
INFO: [ app_init ] --START--
INFO: Run Behavior\BuildLiteBehavior [ RunTime:0.000019s ]
INFO: [ app_init ] --END-- [ RunTime:0.000092s ]
NOTIC: [8] Use of undefined constant URL_COMPAT - assumed 'URL_COMPAT' E:\web\lanhai\www\ThinkPHP\Library\Think\Dispatcher.class.php 第 183 行.
NOTIC: [8] Use of undefined constant URL_REWRITE - assumed 'URL_REWRITE' E:\web\lanhai\www\ThinkPHP\Library\Think\Dispatcher.class.php 第 185 行.
INFO: [ app_begin ] --START--
INFO: Run Behavior\ReadHtmlCacheBehavior [ RunTime:0.000560s ]
INFO: [ app_begin ] --END-- [ RunTime:0.000630s ]
NOTIC: [8] Undefined index: echostr E:\web\lanhai\www\Admin\Controller\WeixinController.class.php 第 15 行.
NOTIC: [8] Undefined index: Content E:\web\lanhai\www\Admin\Controller\WeixinController.class.php 第 41 行.
SQL: SHOW COLUMNS FROM `cq_key_n` [ RunTime:0.0020s ]
SQL: SELECT * FROM `cq_key_n` WHERE `id` = 3 LIMIT 1   [ RunTime:0.0004s ]
SQL: SHOW COLUMNS FROM `cq_img` [ RunTime:0.0017s ]
SQL: SELECT * FROM `cq_img` LIMIT 1   [ RunTime:0.0003s ]
SQL: SELECT * FROM `cq_key_n` LIMIT 1   [ RunTime:0.0002s ]
NOTIC: [2] trim() expects parameter 1 to be string, array given E:\web\lanhai\www\Admin\Controller\WeixinController.class.php 第 45 行.

[ 2017-01-12T22:55:28+08:00 ] 140.207.54.73 /index.php/Admin/Weixin/index?signature=767ebed23263d9a0a8dcc4cd39c894a387796af6&timestamp=1484232928&nonce=1548142511&openid=o6MrWvz7a2wA7e6tKaYxxORqnUKE
INFO: [ app_init ] --START--
INFO: Run Behavior\BuildLiteBehavior [ RunTime:0.000020s ]
INFO: [ app_init ] --END-- [ RunTime:0.000083s ]
NOTIC: [8] Use of undefined constant URL_COMPAT - assumed 'URL_COMPAT' E:\web\lanhai\www\ThinkPHP\Library\Think\Dispatcher.class.php 第 183 行.
NOTIC: [8] Use of undefined constant URL_REWRITE - assumed 'URL_REWRITE' E:\web\lanhai\www\ThinkPHP\Library\Think\Dispatcher.class.php 第 185 行.
INFO: [ app_begin ] --START--
INFO: Run Behavior\ReadHtmlCacheBehavior [ RunTime:0.000736s ]
INFO: [ app_begin ] --END-- [ RunTime:0.000808s ]
NOTIC: [8] Undefined index: echostr E:\web\lanhai\www\Admin\Controller\WeixinController.class.php 第 15 行.
NOTIC: [8] Undefined index: Content E:\web\lanhai\www\Admin\Controller\WeixinController.class.php 第 41 行.
SQL: SHOW COLUMNS FROM `cq_key_n` [ RunTime:0.0019s ]
SQL: SELECT * FROM `cq_key_n` WHERE `id` = 3 LIMIT 1   [ RunTime:0.0004s ]
SQL: SHOW COLUMNS FROM `cq_img` [ RunTime:0.0019s ]
SQL: SELECT * FROM `cq_img` LIMIT 1   [ RunTime:0.0003s ]
SQL: SELECT * FROM `cq_key_n` LIMIT 1   [ RunTime:0.0002s ]
NOTIC: [2] trim() expects parameter 1 to be string, array given E:\web\lanhai\www\Admin\Controller\WeixinController.class.php 第 45 行.

[ 2017-01-12T22:55:35+08:00 ] 140.207.54.74 /index.php/Admin/Weixin/index?signature=72bc35ed346a2cf2b350beef4ba484d25461c801&timestamp=1484232935&nonce=1356188459&openid=o6MrWvz7a2wA7e6tKaYxxORqnUKE
INFO: [ app_init ] --START--
INFO: Run Behavior\BuildLiteBehavior [ RunTime:0.000019s ]
INFO: [ app_init ] --END-- [ RunTime:0.000087s ]
NOTIC: [8] Use of undefined constant URL_COMPAT - assumed 'URL_COMPAT' E:\web\lanhai\www\ThinkPHP\Library\Think\Dispatcher.class.php 第 183 行.
NOTIC: [8] Use of undefined constant URL_REWRITE - assumed 'URL_REWRITE' E:\web\lanhai\www\ThinkPHP\Library\Think\Dispatcher.class.php 第 185 行.
INFO: [ app_begin ] --START--
INFO: Run Behavior\ReadHtmlCacheBehavior [ RunTime:0.000596s ]
INFO: [ app_begin ] --END-- [ RunTime:0.000672s ]
NOTIC: [8] Undefined index: echostr E:\web\lanhai\www\Admin\Controller\WeixinController.class.php 第 15 行.
NOTIC: [8] Undefined index: Content E:\web\lanhai\www\Admin\Controller\WeixinController.class.php 第 41 行.
SQL: SHOW COLUMNS FROM `cq_key_n` [ RunTime:0.0022s ]
SQL: SELECT * FROM `cq_key_n` WHERE `id` = 3 LIMIT 1   [ RunTime:0.0004s ]
SQL: SHOW COLUMNS FROM `cq_img` [ RunTime:0.0020s ]
SQL: SELECT * FROM `cq_img` LIMIT 1   [ RunTime:0.0003s ]
NOTIC: [8] Undefined index: Content E:\web\lanhai\www\Admin\Controller\WeixinController.class.php 第 111 行.
SQL: SHOW COLUMNS FROM `cq_keyword` [ RunTime:0.0020s ]
SQL: SELECT * FROM `cq_keyword` WHERE (  keyword like '%%' ) LIMIT 1   [ RunTime:0.0003s ]
SQL: SELECT * FROM `cq_img` WHERE (  keyword like '%%' )  [ RunTime:0.0003s ]
NOTIC: [2] trim() expects parameter 1 to be string, array given E:\web\lanhai\www\Admin\Controller\WeixinController.class.php 第 45 行.

[ 2017-01-12T23:21:44+08:00 ] 58.247.206.154 /index.php/Admin/Weixin/index?signature=f9940e1f0e3b764996828e1927234d1fd0807734&timestamp=1484234504&nonce=1936522446&openid=o6MrWv8Mlt7HHLjgXAn7Ubgsoyk8
INFO: [ app_init ] --START--
INFO: Run Behavior\BuildLiteBehavior [ RunTime:0.000020s ]
INFO: [ app_init ] --END-- [ RunTime:0.000085s ]
NOTIC: [8] Use of undefined constant URL_COMPAT - assumed 'URL_COMPAT' E:\web\lanhai\www\ThinkPHP\Library\Think\Dispatcher.class.php 第 183 行.
NOTIC: [8] Use of undefined constant URL_REWRITE - assumed 'URL_REWRITE' E:\web\lanhai\www\ThinkPHP\Library\Think\Dispatcher.class.php 第 185 行.
INFO: [ app_begin ] --START--
INFO: Run Behavior\ReadHtmlCacheBehavior [ RunTime:0.000580s ]
INFO: [ app_begin ] --END-- [ RunTime:0.000652s ]
NOTIC: [8] Undefined index: echostr E:\web\lanhai\www\Admin\Controller\WeixinController.class.php 第 15 行.
NOTIC: [8] Undefined index: Content E:\web\lanhai\www\Admin\Controller\WeixinController.class.php 第 41 行.
SQL: SHOW COLUMNS FROM `cq_key_n` [ RunTime:0.0019s ]
SQL: SELECT * FROM `cq_key_n` WHERE `id` = 3 LIMIT 1   [ RunTime:0.0003s ]
SQL: SHOW COLUMNS FROM `cq_img` [ RunTime:0.0018s ]
SQL: SELECT * FROM `cq_img` LIMIT 1   [ RunTime:0.0003s ]
NOTIC: [8] Undefined index: Content E:\web\lanhai\www\Admin\Controller\WeixinController.class.php 第 111 行.
SQL: SHOW COLUMNS FROM `cq_keyword` [ RunTime:0.0016s ]
SQL: SELECT * FROM `cq_keyword` WHERE (  keyword like '%%' ) LIMIT 1   [ RunTime:0.0002s ]
SQL: SELECT * FROM `cq_img` WHERE (  keyword like '%%' )  [ RunTime:0.0003s ]
NOTIC: [2] trim() expects parameter 1 to be string, array given E:\web\lanhai\www\Admin\Controller\WeixinController.class.php 第 45 行.

