[ 2017-02-11T00:10:08+08:00 ] 140.207.54.74 /index.php/Admin/Weixin/index?signature=80a6b105370f9c462d2ae854e27d243ae124016c&timestamp=1486743008&nonce=1474480574&openid=o6MrWv6D19MA4p6UgJHP6KWrwTtU
INFO: [ app_init ] --START--
INFO: Run Behavior\BuildLiteBehavior [ RunTime:0.000025s ]
INFO: [ app_init ] --END-- [ RunTime:0.000113s ]
NOTIC: [8] Use of undefined constant URL_COMPAT - assumed 'URL_COMPAT' E:\web\lanhai\www\ThinkPHP\Library\Think\Dispatcher.class.php 第 183 行.
NOTIC: [8] Use of undefined constant URL_REWRITE - assumed 'URL_REWRITE' E:\web\lanhai\www\ThinkPHP\Library\Think\Dispatcher.class.php 第 185 行.
INFO: [ app_begin ] --START--
INFO: Run Behavior\ReadHtmlCacheBehavior [ RunTime:0.000643s ]
INFO: [ app_begin ] --END-- [ RunTime:0.000714s ]
NOTIC: [8] Undefined index: echostr E:\web\lanhai\www\Admin\Controller\WeixinController.class.php 第 15 行.
NOTIC: [8] Undefined index: Content E:\web\lanhai\www\Admin\Controller\WeixinController.class.php 第 41 行.
SQL: SHOW COLUMNS FROM `cq_key_n` [ RunTime:0.0020s ]
SQL: SELECT * FROM `cq_key_n` WHERE `id` = 3 LIMIT 1   [ RunTime:0.0003s ]
SQL: SHOW COLUMNS FROM `cq_img` [ RunTime:0.0018s ]
SQL: SELECT * FROM `cq_img` LIMIT 1   [ RunTime:0.0003s ]
NOTIC: [8] Undefined index: Content E:\web\lanhai\www\Admin\Controller\WeixinController.class.php 第 111 行.
SQL: SHOW COLUMNS FROM `cq_keyword` [ RunTime:0.0017s ]
SQL: SELECT * FROM `cq_keyword` WHERE (  keyword like '%%' ) LIMIT 1   [ RunTime:0.0002s ]
SQL: SELECT * FROM `cq_img` WHERE (  keyword like '%%' )  [ RunTime:0.0006s ]
NOTIC: [2] trim() expects parameter 1 to be string, array given E:\web\lanhai\www\Admin\Controller\WeixinController.class.php 第 45 行.

[ 2017-02-11T01:20:14+08:00 ] 140.207.54.74 /index.php/Admin/Weixin/index?signature=4f0dbee13dc9f1396f3e875151fda5768c1d3872&timestamp=1486747214&nonce=704320574&openid=o6MrWv-OCZOaKYmfqm2vjVzor_ZQ
INFO: [ app_init ] --START--
INFO: Run Behavior\BuildLiteBehavior [ RunTime:0.000019s ]
INFO: [ app_init ] --END-- [ RunTime:0.000084s ]
NOTIC: [8] Use of undefined constant URL_COMPAT - assumed 'URL_COMPAT' E:\web\lanhai\www\ThinkPHP\Library\Think\Dispatcher.class.php 第 183 行.
NOTIC: [8] Use of undefined constant URL_REWRITE - assumed 'URL_REWRITE' E:\web\lanhai\www\ThinkPHP\Library\Think\Dispatcher.class.php 第 185 行.
INFO: [ app_begin ] --START--
INFO: Run Behavior\ReadHtmlCacheBehavior [ RunTime:0.000554s ]
INFO: [ app_begin ] --END-- [ RunTime:0.000624s ]
NOTIC: [8] Undefined index: echostr E:\web\lanhai\www\Admin\Controller\WeixinController.class.php 第 15 行.
NOTIC: [8] Undefined index: Content E:\web\lanhai\www\Admin\Controller\WeixinController.class.php 第 41 行.
SQL: SHOW COLUMNS FROM `cq_key_n` [ RunTime:0.0018s ]
SQL: SELECT * FROM `cq_key_n` WHERE `id` = 3 LIMIT 1   [ RunTime:0.0003s ]
SQL: SHOW COLUMNS FROM `cq_img` [ RunTime:0.0017s ]
SQL: SELECT * FROM `cq_img` LIMIT 1   [ RunTime:0.0002s ]
SQL: SELECT * FROM `cq_key_n` LIMIT 1   [ RunTime:0.0002s ]
NOTIC: [2] trim() expects parameter 1 to be string, array given E:\web\lanhai\www\Admin\Controller\WeixinController.class.php 第 45 行.

[ 2017-02-11T10:27:11+08:00 ] 58.247.206.139 /index.php/Admin/Weixin/index?signature=04447deef890d9404ec06ed8bfdd46c5ce575e7c&timestamp=1486780031&nonce=1209417458&openid=o6MrWv3_aUwj_1IiW7Y61cS0DL7Y
INFO: [ app_init ] --START--
INFO: Run Behavior\BuildLiteBehavior [ RunTime:0.000019s ]
INFO: [ app_init ] --END-- [ RunTime:0.000083s ]
NOTIC: [8] Use of undefined constant URL_COMPAT - assumed 'URL_COMPAT' E:\web\lanhai\www\ThinkPHP\Library\Think\Dispatcher.class.php 第 183 行.
NOTIC: [8] Use of undefined constant URL_REWRITE - assumed 'URL_REWRITE' E:\web\lanhai\www\ThinkPHP\Library\Think\Dispatcher.class.php 第 185 行.
INFO: [ app_begin ] --START--
INFO: Run Behavior\ReadHtmlCacheBehavior [ RunTime:0.000609s ]
INFO: [ app_begin ] --END-- [ RunTime:0.000681s ]
NOTIC: [8] Undefined index: echostr E:\web\lanhai\www\Admin\Controller\WeixinController.class.php 第 15 行.
NOTIC: [8] Undefined index: Content E:\web\lanhai\www\Admin\Controller\WeixinController.class.php 第 41 行.
SQL: SHOW COLUMNS FROM `cq_key_n` [ RunTime:0.0021s ]
SQL: SELECT * FROM `cq_key_n` WHERE `id` = 3 LIMIT 1   [ RunTime:0.0003s ]
SQL: SHOW COLUMNS FROM `cq_img` [ RunTime:0.0019s ]
SQL: SELECT * FROM `cq_img` LIMIT 1   [ RunTime:0.0003s ]
SQL: SELECT * FROM `cq_key_n` LIMIT 1   [ RunTime:0.0002s ]
NOTIC: [2] trim() expects parameter 1 to be string, array given E:\web\lanhai\www\Admin\Controller\WeixinController.class.php 第 45 行.

[ 2017-02-11T10:31:03+08:00 ] 140.207.54.73 /index.php/Admin/Weixin/index?signature=78e121d1242dbc059a3acab4ea2e9e88a59615e1&timestamp=1486780263&nonce=1173207234&openid=o6MrWv8mCdkH0Z7QnV9fBa3zj62M
INFO: [ app_init ] --START--
INFO: Run Behavior\BuildLiteBehavior [ RunTime:0.000019s ]
INFO: [ app_init ] --END-- [ RunTime:0.000083s ]
NOTIC: [8] Use of undefined constant URL_COMPAT - assumed 'URL_COMPAT' E:\web\lanhai\www\ThinkPHP\Library\Think\Dispatcher.class.php 第 183 行.
NOTIC: [8] Use of undefined constant URL_REWRITE - assumed 'URL_REWRITE' E:\web\lanhai\www\ThinkPHP\Library\Think\Dispatcher.class.php 第 185 行.
INFO: [ app_begin ] --START--
INFO: Run Behavior\ReadHtmlCacheBehavior [ RunTime:0.000632s ]
INFO: [ app_begin ] --END-- [ RunTime:0.000703s ]
NOTIC: [8] Undefined index: echostr E:\web\lanhai\www\Admin\Controller\WeixinController.class.php 第 15 行.
NOTIC: [8] Undefined index: Content E:\web\lanhai\www\Admin\Controller\WeixinController.class.php 第 41 行.
SQL: SHOW COLUMNS FROM `cq_key_n` [ RunTime:0.0018s ]
SQL: SELECT * FROM `cq_key_n` WHERE `id` = 3 LIMIT 1   [ RunTime:0.0003s ]
SQL: SHOW COLUMNS FROM `cq_img` [ RunTime:0.0016s ]
SQL: SELECT * FROM `cq_img` LIMIT 1   [ RunTime:0.0002s ]
NOTIC: [8] Undefined index: Content E:\web\lanhai\www\Admin\Controller\WeixinController.class.php 第 111 行.
SQL: SHOW COLUMNS FROM `cq_keyword` [ RunTime:0.0015s ]
SQL: SELECT * FROM `cq_keyword` WHERE (  keyword like '%%' ) LIMIT 1   [ RunTime:0.0002s ]
SQL: SELECT * FROM `cq_img` WHERE (  keyword like '%%' )  [ RunTime:0.0005s ]
NOTIC: [2] trim() expects parameter 1 to be string, array given E:\web\lanhai\www\Admin\Controller\WeixinController.class.php 第 45 行.

[ 2017-02-11T10:54:24+08:00 ] 58.247.206.139 /index.php/Admin/Weixin/index?signature=36f5ceb0db9f3d46c91e63a7dfb2629ca4b465ac&timestamp=1486781663&nonce=79254873&openid=o6MrWv1N7QtLoTfk8tXyMrJK9cQ4
INFO: [ app_init ] --START--
INFO: Run Behavior\BuildLiteBehavior [ RunTime:0.000021s ]
INFO: [ app_init ] --END-- [ RunTime:0.000094s ]
NOTIC: [8] Use of undefined constant URL_COMPAT - assumed 'URL_COMPAT' E:\web\lanhai\www\ThinkPHP\Library\Think\Dispatcher.class.php 第 183 行.
NOTIC: [8] Use of undefined constant URL_REWRITE - assumed 'URL_REWRITE' E:\web\lanhai\www\ThinkPHP\Library\Think\Dispatcher.class.php 第 185 行.
INFO: [ app_begin ] --START--
INFO: Run Behavior\ReadHtmlCacheBehavior [ RunTime:0.000598s ]
INFO: [ app_begin ] --END-- [ RunTime:0.000668s ]
NOTIC: [8] Undefined index: echostr E:\web\lanhai\www\Admin\Controller\WeixinController.class.php 第 15 行.
NOTIC: [8] Undefined index: Content E:\web\lanhai\www\Admin\Controller\WeixinController.class.php 第 41 行.
SQL: SHOW COLUMNS FROM `cq_key_n` [ RunTime:0.0019s ]
SQL: SELECT * FROM `cq_key_n` WHERE `id` = 3 LIMIT 1   [ RunTime:0.0003s ]
SQL: SHOW COLUMNS FROM `cq_img` [ RunTime:0.0017s ]
SQL: SELECT * FROM `cq_img` LIMIT 1   [ RunTime:0.0002s ]
NOTIC: [8] Undefined index: Content E:\web\lanhai\www\Admin\Controller\WeixinController.class.php 第 111 行.
SQL: SHOW COLUMNS FROM `cq_keyword` [ RunTime:0.0016s ]
SQL: SELECT * FROM `cq_keyword` WHERE (  keyword like '%%' ) LIMIT 1   [ RunTime:0.0002s ]
SQL: SELECT * FROM `cq_img` WHERE (  keyword like '%%' )  [ RunTime:0.0005s ]
NOTIC: [2] trim() expects parameter 1 to be string, array given E:\web\lanhai\www\Admin\Controller\WeixinController.class.php 第 45 行.

[ 2017-02-11T11:03:31+08:00 ] 58.247.206.148 /index.php/Admin/Weixin/index?signature=6f7b4bebca3e581c32034a0a9f7642ed42a43d63&timestamp=1486782210&nonce=137455949&openid=o6MrWv9skvvqTDSSt8PF1p6-JMWU
INFO: [ app_init ] --START--
INFO: Run Behavior\BuildLiteBehavior [ RunTime:0.000019s ]
INFO: [ app_init ] --END-- [ RunTime:0.000084s ]
NOTIC: [8] Use of undefined constant URL_COMPAT - assumed 'URL_COMPAT' E:\web\lanhai\www\ThinkPHP\Library\Think\Dispatcher.class.php 第 183 行.
NOTIC: [8] Use of undefined constant URL_REWRITE - assumed 'URL_REWRITE' E:\web\lanhai\www\ThinkPHP\Library\Think\Dispatcher.class.php 第 185 行.
INFO: [ app_begin ] --START--
INFO: Run Behavior\ReadHtmlCacheBehavior [ RunTime:0.000586s ]
INFO: [ app_begin ] --END-- [ RunTime:0.000658s ]
NOTIC: [8] Undefined index: echostr E:\web\lanhai\www\Admin\Controller\WeixinController.class.php 第 15 行.
NOTIC: [8] Undefined index: Content E:\web\lanhai\www\Admin\Controller\WeixinController.class.php 第 41 行.
SQL: SHOW COLUMNS FROM `cq_key_n` [ RunTime:0.0017s ]
SQL: SELECT * FROM `cq_key_n` WHERE `id` = 3 LIMIT 1   [ RunTime:0.0003s ]
SQL: SHOW COLUMNS FROM `cq_img` [ RunTime:0.0016s ]
SQL: SELECT * FROM `cq_img` LIMIT 1   [ RunTime:0.0002s ]
SQL: SELECT * FROM `cq_key_n` LIMIT 1   [ RunTime:0.0002s ]
NOTIC: [2] trim() expects parameter 1 to be string, array given E:\web\lanhai\www\Admin\Controller\WeixinController.class.php 第 45 行.

[ 2017-02-11T11:24:24+08:00 ] 140.207.54.73 /index.php/Admin/Weixin/index?signature=a07f2660055b22f0d233d5337a83bc49667e1a8d&timestamp=1486783464&nonce=1796624722&openid=o6MrWv2LuXHFqGNGTJTGM1a2NOZg
INFO: [ app_init ] --START--
INFO: Run Behavior\BuildLiteBehavior [ RunTime:0.000018s ]
INFO: [ app_init ] --END-- [ RunTime:0.000082s ]
NOTIC: [8] Use of undefined constant URL_COMPAT - assumed 'URL_COMPAT' E:\web\lanhai\www\ThinkPHP\Library\Think\Dispatcher.class.php 第 183 行.
NOTIC: [8] Use of undefined constant URL_REWRITE - assumed 'URL_REWRITE' E:\web\lanhai\www\ThinkPHP\Library\Think\Dispatcher.class.php 第 185 行.
INFO: [ app_begin ] --START--
INFO: Run Behavior\ReadHtmlCacheBehavior [ RunTime:0.000619s ]
INFO: [ app_begin ] --END-- [ RunTime:0.000699s ]
NOTIC: [8] Undefined index: echostr E:\web\lanhai\www\Admin\Controller\WeixinController.class.php 第 15 行.
NOTIC: [8] Undefined index: Content E:\web\lanhai\www\Admin\Controller\WeixinController.class.php 第 41 行.
SQL: SHOW COLUMNS FROM `cq_key_n` [ RunTime:0.0018s ]
SQL: SELECT * FROM `cq_key_n` WHERE `id` = 3 LIMIT 1   [ RunTime:0.0004s ]
SQL: SHOW COLUMNS FROM `cq_img` [ RunTime:0.0017s ]
SQL: SELECT * FROM `cq_img` LIMIT 1   [ RunTime:0.0003s ]
SQL: SELECT * FROM `cq_key_n` LIMIT 1   [ RunTime:0.0002s ]
NOTIC: [2] trim() expects parameter 1 to be string, array given E:\web\lanhai\www\Admin\Controller\WeixinController.class.php 第 45 行.

[ 2017-02-11T11:24:37+08:00 ] 140.207.54.73 /index.php/Admin/Weixin/index?signature=737f85226f3ae411c68150999581a01c6a19d10d&timestamp=1486783477&nonce=272045774&openid=o6MrWv2LuXHFqGNGTJTGM1a2NOZg
INFO: [ app_init ] --START--
INFO: Run Behavior\BuildLiteBehavior [ RunTime:0.000021s ]
INFO: [ app_init ] --END-- [ RunTime:0.000091s ]
NOTIC: [8] Use of undefined constant URL_COMPAT - assumed 'URL_COMPAT' E:\web\lanhai\www\ThinkPHP\Library\Think\Dispatcher.class.php 第 183 行.
NOTIC: [8] Use of undefined constant URL_REWRITE - assumed 'URL_REWRITE' E:\web\lanhai\www\ThinkPHP\Library\Think\Dispatcher.class.php 第 185 行.
INFO: [ app_begin ] --START--
INFO: Run Behavior\ReadHtmlCacheBehavior [ RunTime:0.000611s ]
INFO: [ app_begin ] --END-- [ RunTime:0.000687s ]
NOTIC: [8] Undefined index: echostr E:\web\lanhai\www\Admin\Controller\WeixinController.class.php 第 15 行.
NOTIC: [8] Undefined index: Content E:\web\lanhai\www\Admin\Controller\WeixinController.class.php 第 41 行.
SQL: SHOW COLUMNS FROM `cq_key_n` [ RunTime:0.0020s ]
SQL: SELECT * FROM `cq_key_n` WHERE `id` = 3 LIMIT 1   [ RunTime:0.0003s ]
SQL: SHOW COLUMNS FROM `cq_img` [ RunTime:0.0018s ]
SQL: SELECT * FROM `cq_img` LIMIT 1   [ RunTime:0.0003s ]
NOTIC: [8] Undefined index: Content E:\web\lanhai\www\Admin\Controller\WeixinController.class.php 第 111 行.
SQL: SHOW COLUMNS FROM `cq_keyword` [ RunTime:0.0016s ]
SQL: SELECT * FROM `cq_keyword` WHERE (  keyword like '%%' ) LIMIT 1   [ RunTime:0.0002s ]
SQL: SELECT * FROM `cq_img` WHERE (  keyword like '%%' )  [ RunTime:0.0006s ]
NOTIC: [2] trim() expects parameter 1 to be string, array given E:\web\lanhai\www\Admin\Controller\WeixinController.class.php 第 45 行.

[ 2017-02-11T11:28:22+08:00 ] 58.247.206.154 /index.php/Admin/Weixin/index?signature=e014cddd7847c2103de9967725ddb30c4e1691d4&timestamp=1486783702&nonce=757182121&openid=o6MrWv3_aUwj_1IiW7Y61cS0DL7Y
INFO: [ app_init ] --START--
INFO: Run Behavior\BuildLiteBehavior [ RunTime:0.000030s ]
INFO: [ app_init ] --END-- [ RunTime:0.000118s ]
NOTIC: [8] Use of undefined constant URL_COMPAT - assumed 'URL_COMPAT' E:\web\lanhai\www\ThinkPHP\Library\Think\Dispatcher.class.php 第 183 行.
NOTIC: [8] Use of undefined constant URL_REWRITE - assumed 'URL_REWRITE' E:\web\lanhai\www\ThinkPHP\Library\Think\Dispatcher.class.php 第 185 行.
INFO: [ app_begin ] --START--
INFO: Run Behavior\ReadHtmlCacheBehavior [ RunTime:0.000585s ]
INFO: [ app_begin ] --END-- [ RunTime:0.000659s ]
NOTIC: [8] Undefined index: echostr E:\web\lanhai\www\Admin\Controller\WeixinController.class.php 第 15 行.
NOTIC: [8] Undefined index: Content E:\web\lanhai\www\Admin\Controller\WeixinController.class.php 第 41 行.
SQL: SHOW COLUMNS FROM `cq_key_n` [ RunTime:0.0018s ]
SQL: SELECT * FROM `cq_key_n` WHERE `id` = 3 LIMIT 1   [ RunTime:0.0003s ]
SQL: SHOW COLUMNS FROM `cq_img` [ RunTime:0.0017s ]
SQL: SELECT * FROM `cq_img` LIMIT 1   [ RunTime:0.0002s ]
NOTIC: [8] Undefined index: Content E:\web\lanhai\www\Admin\Controller\WeixinController.class.php 第 111 行.
SQL: SHOW COLUMNS FROM `cq_keyword` [ RunTime:0.0017s ]
SQL: SELECT * FROM `cq_keyword` WHERE (  keyword like '%%' ) LIMIT 1   [ RunTime:0.0002s ]
SQL: SELECT * FROM `cq_img` WHERE (  keyword like '%%' )  [ RunTime:0.0005s ]
NOTIC: [2] trim() expects parameter 1 to be string, array given E:\web\lanhai\www\Admin\Controller\WeixinController.class.php 第 45 行.

[ 2017-02-11T11:35:04+08:00 ] 58.247.206.148 /index.php/Admin/Weixin/index?signature=d4a682511fe3c4de3b313c702f637a9ca555c1b4&timestamp=1486784104&nonce=2129947331&openid=o6MrWv0EvmR8pIWf9E2oi9Lwk5lw
INFO: [ app_init ] --START--
INFO: Run Behavior\BuildLiteBehavior [ RunTime:0.000023s ]
INFO: [ app_init ] --END-- [ RunTime:0.000111s ]
NOTIC: [8] Use of undefined constant URL_COMPAT - assumed 'URL_COMPAT' E:\web\lanhai\www\ThinkPHP\Library\Think\Dispatcher.class.php 第 183 行.
NOTIC: [8] Use of undefined constant URL_REWRITE - assumed 'URL_REWRITE' E:\web\lanhai\www\ThinkPHP\Library\Think\Dispatcher.class.php 第 185 行.
INFO: [ app_begin ] --START--
INFO: Run Behavior\ReadHtmlCacheBehavior [ RunTime:0.000652s ]
INFO: [ app_begin ] --END-- [ RunTime:0.000740s ]
NOTIC: [8] Undefined index: echostr E:\web\lanhai\www\Admin\Controller\WeixinController.class.php 第 15 行.
NOTIC: [8] Undefined index: Content E:\web\lanhai\www\Admin\Controller\WeixinController.class.php 第 41 行.
SQL: SHOW COLUMNS FROM `cq_key_n` [ RunTime:0.0019s ]
SQL: SELECT * FROM `cq_key_n` WHERE `id` = 3 LIMIT 1   [ RunTime:0.0003s ]
SQL: SHOW COLUMNS FROM `cq_img` [ RunTime:0.0019s ]
SQL: SELECT * FROM `cq_img` LIMIT 1   [ RunTime:0.0003s ]
SQL: SELECT * FROM `cq_key_n` LIMIT 1   [ RunTime:0.0002s ]
NOTIC: [2] trim() expects parameter 1 to be string, array given E:\web\lanhai\www\Admin\Controller\WeixinController.class.php 第 45 行.

[ 2017-02-11T11:36:00+08:00 ] 140.207.54.73 /index.php/Admin/Weixin/index?signature=e3702b365b29ebe19625d6ccb75e502991327b40&timestamp=1486784159&nonce=1178865521&openid=o6MrWv2LuXHFqGNGTJTGM1a2NOZg
INFO: [ app_init ] --START--
INFO: Run Behavior\BuildLiteBehavior [ RunTime:0.000019s ]
INFO: [ app_init ] --END-- [ RunTime:0.000095s ]
NOTIC: [8] Use of undefined constant URL_COMPAT - assumed 'URL_COMPAT' E:\web\lanhai\www\ThinkPHP\Library\Think\Dispatcher.class.php 第 183 行.
NOTIC: [8] Use of undefined constant URL_REWRITE - assumed 'URL_REWRITE' E:\web\lanhai\www\ThinkPHP\Library\Think\Dispatcher.class.php 第 185 行.
INFO: [ app_begin ] --START--
INFO: Run Behavior\ReadHtmlCacheBehavior [ RunTime:0.000567s ]
INFO: [ app_begin ] --END-- [ RunTime:0.000638s ]
NOTIC: [8] Undefined index: echostr E:\web\lanhai\www\Admin\Controller\WeixinController.class.php 第 15 行.
NOTIC: [8] Undefined index: Content E:\web\lanhai\www\Admin\Controller\WeixinController.class.php 第 41 行.
SQL: SHOW COLUMNS FROM `cq_key_n` [ RunTime:0.0018s ]
SQL: SELECT * FROM `cq_key_n` WHERE `id` = 3 LIMIT 1   [ RunTime:0.0003s ]
SQL: SHOW COLUMNS FROM `cq_img` [ RunTime:0.0017s ]
SQL: SELECT * FROM `cq_img` LIMIT 1   [ RunTime:0.0003s ]
NOTIC: [8] Undefined index: Content E:\web\lanhai\www\Admin\Controller\WeixinController.class.php 第 111 行.
SQL: SHOW COLUMNS FROM `cq_keyword` [ RunTime:0.0016s ]
SQL: SELECT * FROM `cq_keyword` WHERE (  keyword like '%%' ) LIMIT 1   [ RunTime:0.0002s ]
SQL: SELECT * FROM `cq_img` WHERE (  keyword like '%%' )  [ RunTime:0.0006s ]
NOTIC: [2] trim() expects parameter 1 to be string, array given E:\web\lanhai\www\Admin\Controller\WeixinController.class.php 第 45 行.

[ 2017-02-11T11:53:04+08:00 ] 140.207.54.73 /index.php/Admin/Weixin/index?signature=8b231da0c34f02e4aa83eea6be972ab9416a01e9&timestamp=1486785184&nonce=798946259&openid=o6MrWvzNoeW-RvcB7pHNN4bHA2y4
INFO: [ app_init ] --START--
INFO: Run Behavior\BuildLiteBehavior [ RunTime:0.000021s ]
INFO: [ app_init ] --END-- [ RunTime:0.000093s ]
NOTIC: [8] Use of undefined constant URL_COMPAT - assumed 'URL_COMPAT' E:\web\lanhai\www\ThinkPHP\Library\Think\Dispatcher.class.php 第 183 行.
NOTIC: [8] Use of undefined constant URL_REWRITE - assumed 'URL_REWRITE' E:\web\lanhai\www\ThinkPHP\Library\Think\Dispatcher.class.php 第 185 行.
INFO: [ app_begin ] --START--
INFO: Run Behavior\ReadHtmlCacheBehavior [ RunTime:0.000576s ]
INFO: [ app_begin ] --END-- [ RunTime:0.000647s ]
NOTIC: [8] Undefined index: echostr E:\web\lanhai\www\Admin\Controller\WeixinController.class.php 第 15 行.
NOTIC: [8] Undefined index: Content E:\web\lanhai\www\Admin\Controller\WeixinController.class.php 第 41 行.
SQL: SHOW COLUMNS FROM `cq_key_n` [ RunTime:0.0018s ]
SQL: SELECT * FROM `cq_key_n` WHERE `id` = 3 LIMIT 1   [ RunTime:0.0003s ]
SQL: SHOW COLUMNS FROM `cq_img` [ RunTime:0.0017s ]
SQL: SELECT * FROM `cq_img` LIMIT 1   [ RunTime:0.0003s ]
SQL: SELECT * FROM `cq_key_n` LIMIT 1   [ RunTime:0.0002s ]
NOTIC: [2] trim() expects parameter 1 to be string, array given E:\web\lanhai\www\Admin\Controller\WeixinController.class.php 第 45 行.

[ 2017-02-11T11:53:08+08:00 ] 140.207.54.73 /index.php/Admin/Weixin/index?signature=32cab57e6b22923670634b2fb3b198564305dd18&timestamp=1486785188&nonce=224840268&openid=o6MrWvzNoeW-RvcB7pHNN4bHA2y4
INFO: [ app_init ] --START--
INFO: Run Behavior\BuildLiteBehavior [ RunTime:0.000021s ]
INFO: [ app_init ] --END-- [ RunTime:0.000091s ]
NOTIC: [8] Use of undefined constant URL_COMPAT - assumed 'URL_COMPAT' E:\web\lanhai\www\ThinkPHP\Library\Think\Dispatcher.class.php 第 183 行.
NOTIC: [8] Use of undefined constant URL_REWRITE - assumed 'URL_REWRITE' E:\web\lanhai\www\ThinkPHP\Library\Think\Dispatcher.class.php 第 185 行.
INFO: [ app_begin ] --START--
INFO: Run Behavior\ReadHtmlCacheBehavior [ RunTime:0.000498s ]
INFO: [ app_begin ] --END-- [ RunTime:0.000572s ]
NOTIC: [8] Undefined index: echostr E:\web\lanhai\www\Admin\Controller\WeixinController.class.php 第 15 行.
NOTIC: [8] Undefined index: Content E:\web\lanhai\www\Admin\Controller\WeixinController.class.php 第 41 行.
SQL: SHOW COLUMNS FROM `cq_key_n` [ RunTime:0.0037s ]
SQL: SELECT * FROM `cq_key_n` WHERE `id` = 3 LIMIT 1   [ RunTime:0.0003s ]
SQL: SHOW COLUMNS FROM `cq_img` [ RunTime:0.0018s ]
SQL: SELECT * FROM `cq_img` LIMIT 1   [ RunTime:0.0003s ]
NOTIC: [8] Undefined index: Content E:\web\lanhai\www\Admin\Controller\WeixinController.class.php 第 111 行.
SQL: SHOW COLUMNS FROM `cq_keyword` [ RunTime:0.0017s ]
SQL: SELECT * FROM `cq_keyword` WHERE (  keyword like '%%' ) LIMIT 1   [ RunTime:0.0002s ]
SQL: SELECT * FROM `cq_img` WHERE (  keyword like '%%' )  [ RunTime:0.0006s ]
NOTIC: [2] trim() expects parameter 1 to be string, array given E:\web\lanhai\www\Admin\Controller\WeixinController.class.php 第 45 行.

[ 2017-02-11T12:23:17+08:00 ] 58.247.206.145 /index.php/Admin/Weixin/index?signature=460e86ddd67cc90e1f6f569e5d9da636c13dacb1&timestamp=1486786997&nonce=217719265&openid=o6MrWvw36NKobrkAVX54jLvBiN80
INFO: [ app_init ] --START--
INFO: Run Behavior\BuildLiteBehavior [ RunTime:0.000019s ]
INFO: [ app_init ] --END-- [ RunTime:0.000089s ]
NOTIC: [8] Use of undefined constant URL_COMPAT - assumed 'URL_COMPAT' E:\web\lanhai\www\ThinkPHP\Library\Think\Dispatcher.class.php 第 183 行.
NOTIC: [8] Use of undefined constant URL_REWRITE - assumed 'URL_REWRITE' E:\web\lanhai\www\ThinkPHP\Library\Think\Dispatcher.class.php 第 185 行.
INFO: [ app_begin ] --START--
INFO: Run Behavior\ReadHtmlCacheBehavior [ RunTime:0.000623s ]
INFO: [ app_begin ] --END-- [ RunTime:0.000697s ]
NOTIC: [8] Undefined index: echostr E:\web\lanhai\www\Admin\Controller\WeixinController.class.php 第 15 行.
NOTIC: [8] Undefined index: Content E:\web\lanhai\www\Admin\Controller\WeixinController.class.php 第 41 行.
SQL: SHOW COLUMNS FROM `cq_key_n` [ RunTime:0.0019s ]
SQL: SELECT * FROM `cq_key_n` WHERE `id` = 3 LIMIT 1   [ RunTime:0.0003s ]
SQL: SHOW COLUMNS FROM `cq_img` [ RunTime:0.0017s ]
SQL: SELECT * FROM `cq_img` LIMIT 1   [ RunTime:0.0002s ]
SQL: SELECT * FROM `cq_key_n` LIMIT 1   [ RunTime:0.0002s ]
NOTIC: [2] trim() expects parameter 1 to be string, array given E:\web\lanhai\www\Admin\Controller\WeixinController.class.php 第 45 行.

[ 2017-02-11T12:27:24+08:00 ] 58.247.206.139 /index.php/Admin/Weixin/index?signature=be575a751a42a927bd097206ccb21a0ba2924b69&timestamp=1486787244&nonce=1726097210&openid=o6MrWv0V1uBUtEmMPNOKp9qecs9Y
INFO: [ app_init ] --START--
INFO: Run Behavior\BuildLiteBehavior [ RunTime:0.000019s ]
INFO: [ app_init ] --END-- [ RunTime:0.000081s ]
NOTIC: [8] Use of undefined constant URL_COMPAT - assumed 'URL_COMPAT' E:\web\lanhai\www\ThinkPHP\Library\Think\Dispatcher.class.php 第 183 行.
NOTIC: [8] Use of undefined constant URL_REWRITE - assumed 'URL_REWRITE' E:\web\lanhai\www\ThinkPHP\Library\Think\Dispatcher.class.php 第 185 行.
INFO: [ app_begin ] --START--
INFO: Run Behavior\ReadHtmlCacheBehavior [ RunTime:0.000591s ]
INFO: [ app_begin ] --END-- [ RunTime:0.000662s ]
NOTIC: [8] Undefined index: echostr E:\web\lanhai\www\Admin\Controller\WeixinController.class.php 第 15 行.
NOTIC: [8] Undefined index: Content E:\web\lanhai\www\Admin\Controller\WeixinController.class.php 第 41 行.
SQL: SHOW COLUMNS FROM `cq_key_n` [ RunTime:0.0019s ]
SQL: SELECT * FROM `cq_key_n` WHERE `id` = 3 LIMIT 1   [ RunTime:0.0003s ]
SQL: SHOW COLUMNS FROM `cq_img` [ RunTime:0.0018s ]
SQL: SELECT * FROM `cq_img` LIMIT 1   [ RunTime:0.0002s ]
SQL: SELECT * FROM `cq_key_n` LIMIT 1   [ RunTime:0.0002s ]
NOTIC: [2] trim() expects parameter 1 to be string, array given E:\web\lanhai\www\Admin\Controller\WeixinController.class.php 第 45 行.

[ 2017-02-11T12:41:40+08:00 ] 58.247.206.148 /index.php/Admin/Weixin/index?signature=5510e71981a9e8c4c4ed53a75f0c43a001394aa5&timestamp=1486788100&nonce=81645564&openid=o6MrWv2OTGV9LjqlO9atw1Q8jQIM
INFO: [ app_init ] --START--
INFO: Run Behavior\BuildLiteBehavior [ RunTime:0.000029s ]
INFO: [ app_init ] --END-- [ RunTime:0.000114s ]
NOTIC: [8] Use of undefined constant URL_COMPAT - assumed 'URL_COMPAT' E:\web\lanhai\www\ThinkPHP\Library\Think\Dispatcher.class.php 第 183 行.
NOTIC: [8] Use of undefined constant URL_REWRITE - assumed 'URL_REWRITE' E:\web\lanhai\www\ThinkPHP\Library\Think\Dispatcher.class.php 第 185 行.
INFO: [ app_begin ] --START--
INFO: Run Behavior\ReadHtmlCacheBehavior [ RunTime:0.000645s ]
INFO: [ app_begin ] --END-- [ RunTime:0.000716s ]
NOTIC: [8] Undefined index: echostr E:\web\lanhai\www\Admin\Controller\WeixinController.class.php 第 15 行.
NOTIC: [8] Undefined index: Content E:\web\lanhai\www\Admin\Controller\WeixinController.class.php 第 41 行.
SQL: SHOW COLUMNS FROM `cq_key_n` [ RunTime:0.0018s ]
SQL: SELECT * FROM `cq_key_n` WHERE `id` = 3 LIMIT 1   [ RunTime:0.0003s ]
SQL: SHOW COLUMNS FROM `cq_img` [ RunTime:0.0016s ]
SQL: SELECT * FROM `cq_img` LIMIT 1   [ RunTime:0.0002s ]
SQL: SELECT * FROM `cq_key_n` LIMIT 1   [ RunTime:0.0002s ]
NOTIC: [2] trim() expects parameter 1 to be string, array given E:\web\lanhai\www\Admin\Controller\WeixinController.class.php 第 45 行.

[ 2017-02-11T13:14:48+08:00 ] 58.247.206.142 /index.php/Admin/Weixin/index?signature=3c9229b6ecc9219ea6c70d12ff8fdcc949b21442&timestamp=1486790088&nonce=707475187&openid=o6MrWv3eOBlHeO7ycubN4MMuSVCU
INFO: [ app_init ] --START--
INFO: Run Behavior\BuildLiteBehavior [ RunTime:0.000018s ]
INFO: [ app_init ] --END-- [ RunTime:0.000082s ]
NOTIC: [8] Use of undefined constant URL_COMPAT - assumed 'URL_COMPAT' E:\web\lanhai\www\ThinkPHP\Library\Think\Dispatcher.class.php 第 183 行.
NOTIC: [8] Use of undefined constant URL_REWRITE - assumed 'URL_REWRITE' E:\web\lanhai\www\ThinkPHP\Library\Think\Dispatcher.class.php 第 185 行.
INFO: [ app_begin ] --START--
INFO: Run Behavior\ReadHtmlCacheBehavior [ RunTime:0.000586s ]
INFO: [ app_begin ] --END-- [ RunTime:0.000663s ]
NOTIC: [8] Undefined index: echostr E:\web\lanhai\www\Admin\Controller\WeixinController.class.php 第 15 行.
NOTIC: [8] Undefined index: Content E:\web\lanhai\www\Admin\Controller\WeixinController.class.php 第 41 行.
SQL: SHOW COLUMNS FROM `cq_key_n` [ RunTime:0.0022s ]
SQL: SELECT * FROM `cq_key_n` WHERE `id` = 3 LIMIT 1   [ RunTime:0.0003s ]
SQL: SHOW COLUMNS FROM `cq_img` [ RunTime:0.0019s ]
SQL: SELECT * FROM `cq_img` LIMIT 1   [ RunTime:0.0003s ]
NOTIC: [8] Undefined index: Content E:\web\lanhai\www\Admin\Controller\WeixinController.class.php 第 111 行.
SQL: SHOW COLUMNS FROM `cq_keyword` [ RunTime:0.0018s ]
SQL: SELECT * FROM `cq_keyword` WHERE (  keyword like '%%' ) LIMIT 1   [ RunTime:0.0002s ]
SQL: SELECT * FROM `cq_img` WHERE (  keyword like '%%' )  [ RunTime:0.0006s ]
NOTIC: [2] trim() expects parameter 1 to be string, array given E:\web\lanhai\www\Admin\Controller\WeixinController.class.php 第 45 行.

[ 2017-02-11T13:14:48+08:00 ] 58.247.206.144 /index.php/Admin/Weixin/index?signature=0ba34fcd80068e4c972ccbc198ca72d8a29b2429&timestamp=1486790088&nonce=413562903&openid=o6MrWv3eOBlHeO7ycubN4MMuSVCU
INFO: [ app_init ] --START--
INFO: Run Behavior\BuildLiteBehavior [ RunTime:0.000018s ]
INFO: [ app_init ] --END-- [ RunTime:0.000080s ]
NOTIC: [8] Use of undefined constant URL_COMPAT - assumed 'URL_COMPAT' E:\web\lanhai\www\ThinkPHP\Library\Think\Dispatcher.class.php 第 183 行.
NOTIC: [8] Use of undefined constant URL_REWRITE - assumed 'URL_REWRITE' E:\web\lanhai\www\ThinkPHP\Library\Think\Dispatcher.class.php 第 185 行.
INFO: [ app_begin ] --START--
INFO: Run Behavior\ReadHtmlCacheBehavior [ RunTime:0.000656s ]
INFO: [ app_begin ] --END-- [ RunTime:0.000732s ]
NOTIC: [8] Undefined index: echostr E:\web\lanhai\www\Admin\Controller\WeixinController.class.php 第 15 行.
NOTIC: [8] Undefined index: Content E:\web\lanhai\www\Admin\Controller\WeixinController.class.php 第 41 行.
SQL: SHOW COLUMNS FROM `cq_key_n` [ RunTime:0.0016s ]
SQL: SELECT * FROM `cq_key_n` WHERE `id` = 3 LIMIT 1   [ RunTime:0.0003s ]
SQL: SHOW COLUMNS FROM `cq_img` [ RunTime:0.0016s ]
SQL: SELECT * FROM `cq_img` LIMIT 1   [ RunTime:0.0003s ]
SQL: SELECT * FROM `cq_img` WHERE ( keyword =  '联系我们' )  [ RunTime:0.0003s ]
NOTIC: [2] trim() expects parameter 1 to be string, array given E:\web\lanhai\www\Admin\Controller\WeixinController.class.php 第 45 行.

[ 2017-02-11T13:15:11+08:00 ] 58.247.206.144 /index.php/Admin/Weixin/index?signature=2c807da6083edb29cc9c22b707ecc6fce4bb4e3e&timestamp=1486790111&nonce=618471391&openid=o6MrWv3eOBlHeO7ycubN4MMuSVCU
INFO: [ app_init ] --START--
INFO: Run Behavior\BuildLiteBehavior [ RunTime:0.000019s ]
INFO: [ app_init ] --END-- [ RunTime:0.000084s ]
NOTIC: [8] Use of undefined constant URL_COMPAT - assumed 'URL_COMPAT' E:\web\lanhai\www\ThinkPHP\Library\Think\Dispatcher.class.php 第 183 行.
NOTIC: [8] Use of undefined constant URL_REWRITE - assumed 'URL_REWRITE' E:\web\lanhai\www\ThinkPHP\Library\Think\Dispatcher.class.php 第 185 行.
INFO: [ app_begin ] --START--
INFO: Run Behavior\ReadHtmlCacheBehavior [ RunTime:0.000663s ]
INFO: [ app_begin ] --END-- [ RunTime:0.000735s ]
NOTIC: [8] Undefined index: echostr E:\web\lanhai\www\Admin\Controller\WeixinController.class.php 第 15 行.
NOTIC: [8] Undefined index: Content E:\web\lanhai\www\Admin\Controller\WeixinController.class.php 第 41 行.
SQL: SHOW COLUMNS FROM `cq_key_n` [ RunTime:0.0020s ]
SQL: SELECT * FROM `cq_key_n` WHERE `id` = 3 LIMIT 1   [ RunTime:0.0003s ]
SQL: SHOW COLUMNS FROM `cq_img` [ RunTime:0.0019s ]
SQL: SELECT * FROM `cq_img` LIMIT 1   [ RunTime:0.0003s ]
SQL: SELECT * FROM `cq_img` WHERE ( keyword =  '联系我们' )  [ RunTime:0.0003s ]
NOTIC: [2] trim() expects parameter 1 to be string, array given E:\web\lanhai\www\Admin\Controller\WeixinController.class.php 第 45 行.

[ 2017-02-11T13:22:13+08:00 ] 140.207.54.73 /index.php/Admin/Weixin/index?signature=05384619651e8fd6e73bdc8066991188e8e64b75&timestamp=1486790533&nonce=309297561&openid=o6MrWv8NssrCatxc0dlrB1jRbBQ4
INFO: [ app_init ] --START--
INFO: Run Behavior\BuildLiteBehavior [ RunTime:0.000033s ]
INFO: [ app_init ] --END-- [ RunTime:0.000116s ]
NOTIC: [8] Use of undefined constant URL_COMPAT - assumed 'URL_COMPAT' E:\web\lanhai\www\ThinkPHP\Library\Think\Dispatcher.class.php 第 183 行.
NOTIC: [8] Use of undefined constant URL_REWRITE - assumed 'URL_REWRITE' E:\web\lanhai\www\ThinkPHP\Library\Think\Dispatcher.class.php 第 185 行.
INFO: [ app_begin ] --START--
INFO: Run Behavior\ReadHtmlCacheBehavior [ RunTime:0.000691s ]
INFO: [ app_begin ] --END-- [ RunTime:0.000783s ]
NOTIC: [8] Undefined index: echostr E:\web\lanhai\www\Admin\Controller\WeixinController.class.php 第 15 行.
NOTIC: [8] Undefined index: Content E:\web\lanhai\www\Admin\Controller\WeixinController.class.php 第 41 行.
SQL: SHOW COLUMNS FROM `cq_key_n` [ RunTime:0.0019s ]
SQL: SELECT * FROM `cq_key_n` WHERE `id` = 3 LIMIT 1   [ RunTime:0.0003s ]
SQL: SHOW COLUMNS FROM `cq_img` [ RunTime:0.0018s ]
SQL: SELECT * FROM `cq_img` LIMIT 1   [ RunTime:0.0003s ]
SQL: SELECT * FROM `cq_key_n` LIMIT 1   [ RunTime:0.0002s ]
NOTIC: [2] trim() expects parameter 1 to be string, array given E:\web\lanhai\www\Admin\Controller\WeixinController.class.php 第 45 行.

[ 2017-02-11T13:53:47+08:00 ] 58.247.206.154 /index.php/Admin/Weixin/index?signature=f984d9c8ab0c8c0a8d05025436a21bd59d0e89c4&timestamp=1486792427&nonce=1034451209&openid=o6MrWv5ReLweCf9l9vLc99WHFJC8
INFO: [ app_init ] --START--
INFO: Run Behavior\BuildLiteBehavior [ RunTime:0.000019s ]
INFO: [ app_init ] --END-- [ RunTime:0.000085s ]
NOTIC: [8] Use of undefined constant URL_COMPAT - assumed 'URL_COMPAT' E:\web\lanhai\www\ThinkPHP\Library\Think\Dispatcher.class.php 第 183 行.
NOTIC: [8] Use of undefined constant URL_REWRITE - assumed 'URL_REWRITE' E:\web\lanhai\www\ThinkPHP\Library\Think\Dispatcher.class.php 第 185 行.
INFO: [ app_begin ] --START--
INFO: Run Behavior\ReadHtmlCacheBehavior [ RunTime:0.000592s ]
INFO: [ app_begin ] --END-- [ RunTime:0.000665s ]
NOTIC: [8] Undefined index: echostr E:\web\lanhai\www\Admin\Controller\WeixinController.class.php 第 15 行.
NOTIC: [8] Undefined index: Content E:\web\lanhai\www\Admin\Controller\WeixinController.class.php 第 41 行.
SQL: SHOW COLUMNS FROM `cq_key_n` [ RunTime:0.0018s ]
SQL: SELECT * FROM `cq_key_n` WHERE `id` = 3 LIMIT 1   [ RunTime:0.0003s ]
SQL: SHOW COLUMNS FROM `cq_img` [ RunTime:0.0016s ]
SQL: SELECT * FROM `cq_img` LIMIT 1   [ RunTime:0.0003s ]
SQL: SELECT * FROM `cq_key_n` LIMIT 1   [ RunTime:0.0002s ]
NOTIC: [2] trim() expects parameter 1 to be string, array given E:\web\lanhai\www\Admin\Controller\WeixinController.class.php 第 45 行.

[ 2017-02-11T14:15:16+08:00 ] 140.207.54.73 /index.php/Admin/Weixin/index?signature=d57b6dad0475f7fcd06943b52d07da3add8fc69d&timestamp=1486793715&nonce=781903944&openid=o6MrWv9bxF1cAt_IP4Q1pmZ-b4AY
INFO: [ app_init ] --START--
INFO: Run Behavior\BuildLiteBehavior [ RunTime:0.000026s ]
INFO: [ app_init ] --END-- [ RunTime:0.000092s ]
NOTIC: [8] Use of undefined constant URL_COMPAT - assumed 'URL_COMPAT' E:\web\lanhai\www\ThinkPHP\Library\Think\Dispatcher.class.php 第 183 行.
NOTIC: [8] Use of undefined constant URL_REWRITE - assumed 'URL_REWRITE' E:\web\lanhai\www\ThinkPHP\Library\Think\Dispatcher.class.php 第 185 行.
INFO: [ app_begin ] --START--
INFO: Run Behavior\ReadHtmlCacheBehavior [ RunTime:0.000592s ]
INFO: [ app_begin ] --END-- [ RunTime:0.000665s ]
NOTIC: [8] Undefined index: echostr E:\web\lanhai\www\Admin\Controller\WeixinController.class.php 第 15 行.
NOTIC: [8] Undefined index: Content E:\web\lanhai\www\Admin\Controller\WeixinController.class.php 第 41 行.
SQL: SHOW COLUMNS FROM `cq_key_n` [ RunTime:0.0019s ]
SQL: SELECT * FROM `cq_key_n` WHERE `id` = 3 LIMIT 1   [ RunTime:0.0003s ]
SQL: SHOW COLUMNS FROM `cq_img` [ RunTime:0.0017s ]
SQL: SELECT * FROM `cq_img` LIMIT 1   [ RunTime:0.0002s ]
SQL: SELECT * FROM `cq_key_n` LIMIT 1   [ RunTime:0.0002s ]
NOTIC: [2] trim() expects parameter 1 to be string, array given E:\web\lanhai\www\Admin\Controller\WeixinController.class.php 第 45 行.

[ 2017-02-11T14:22:25+08:00 ] 58.247.206.149 /index.php/Admin/Weixin/index?signature=36f2e4b07ec3dc06a6909a4c6c4557b72ef41215&timestamp=1486794145&nonce=519997117&openid=o6MrWv0V1uBUtEmMPNOKp9qecs9Y
INFO: [ app_init ] --START--
INFO: Run Behavior\BuildLiteBehavior [ RunTime:0.000019s ]
INFO: [ app_init ] --END-- [ RunTime:0.000083s ]
NOTIC: [8] Use of undefined constant URL_COMPAT - assumed 'URL_COMPAT' E:\web\lanhai\www\ThinkPHP\Library\Think\Dispatcher.class.php 第 183 行.
NOTIC: [8] Use of undefined constant URL_REWRITE - assumed 'URL_REWRITE' E:\web\lanhai\www\ThinkPHP\Library\Think\Dispatcher.class.php 第 185 行.
INFO: [ app_begin ] --START--
INFO: Run Behavior\ReadHtmlCacheBehavior [ RunTime:0.000593s ]
INFO: [ app_begin ] --END-- [ RunTime:0.000664s ]
NOTIC: [8] Undefined index: echostr E:\web\lanhai\www\Admin\Controller\WeixinController.class.php 第 15 行.
NOTIC: [8] Undefined index: Content E:\web\lanhai\www\Admin\Controller\WeixinController.class.php 第 41 行.
SQL: SHOW COLUMNS FROM `cq_key_n` [ RunTime:0.0017s ]
SQL: SELECT * FROM `cq_key_n` WHERE `id` = 3 LIMIT 1   [ RunTime:0.0004s ]
SQL: SHOW COLUMNS FROM `cq_img` [ RunTime:0.0016s ]
SQL: SELECT * FROM `cq_img` LIMIT 1   [ RunTime:0.0002s ]
SQL: SELECT * FROM `cq_img` WHERE ( keyword =  '尖端科技' )  [ RunTime:0.0004s ]
NOTIC: [2] trim() expects parameter 1 to be string, array given E:\web\lanhai\www\Admin\Controller\WeixinController.class.php 第 45 行.

[ 2017-02-11T14:23:34+08:00 ] 58.247.206.154 /index.php/Admin/Weixin/index?signature=8e525c854133f21104af8dae6f1a9735478f4b61&timestamp=1486794214&nonce=1703048349&openid=o6MrWv0V1uBUtEmMPNOKp9qecs9Y
INFO: [ app_init ] --START--
INFO: Run Behavior\BuildLiteBehavior [ RunTime:0.000019s ]
INFO: [ app_init ] --END-- [ RunTime:0.000084s ]
NOTIC: [8] Use of undefined constant URL_COMPAT - assumed 'URL_COMPAT' E:\web\lanhai\www\ThinkPHP\Library\Think\Dispatcher.class.php 第 183 行.
NOTIC: [8] Use of undefined constant URL_REWRITE - assumed 'URL_REWRITE' E:\web\lanhai\www\ThinkPHP\Library\Think\Dispatcher.class.php 第 185 行.
INFO: [ app_begin ] --START--
INFO: Run Behavior\ReadHtmlCacheBehavior [ RunTime:0.000623s ]
INFO: [ app_begin ] --END-- [ RunTime:0.000697s ]
NOTIC: [8] Undefined index: echostr E:\web\lanhai\www\Admin\Controller\WeixinController.class.php 第 15 行.
NOTIC: [8] Undefined index: Content E:\web\lanhai\www\Admin\Controller\WeixinController.class.php 第 41 行.
SQL: SHOW COLUMNS FROM `cq_key_n` [ RunTime:0.0017s ]
SQL: SELECT * FROM `cq_key_n` WHERE `id` = 3 LIMIT 1   [ RunTime:0.0003s ]
SQL: SHOW COLUMNS FROM `cq_img` [ RunTime:0.0016s ]
SQL: SELECT * FROM `cq_img` LIMIT 1   [ RunTime:0.0003s ]
NOTIC: [8] Undefined index: Content E:\web\lanhai\www\Admin\Controller\WeixinController.class.php 第 111 行.
SQL: SHOW COLUMNS FROM `cq_keyword` [ RunTime:0.0015s ]
SQL: SELECT * FROM `cq_keyword` WHERE (  keyword like '%%' ) LIMIT 1   [ RunTime:0.0002s ]
SQL: SELECT * FROM `cq_img` WHERE (  keyword like '%%' )  [ RunTime:0.0005s ]
NOTIC: [2] trim() expects parameter 1 to be string, array given E:\web\lanhai\www\Admin\Controller\WeixinController.class.php 第 45 行.

[ 2017-02-11T14:44:56+08:00 ] 58.247.206.139 /index.php/Admin/Weixin/index?signature=e8ed44b6068f84feae9ccbcf563f86fd2ba8ef48&timestamp=1486795496&nonce=1474940683&openid=o6MrWv0V1uBUtEmMPNOKp9qecs9Y
INFO: [ app_init ] --START--
INFO: Run Behavior\BuildLiteBehavior [ RunTime:0.000034s ]
INFO: [ app_init ] --END-- [ RunTime:0.000131s ]
NOTIC: [8] Use of undefined constant URL_COMPAT - assumed 'URL_COMPAT' E:\web\lanhai\www\ThinkPHP\Library\Think\Dispatcher.class.php 第 183 行.
NOTIC: [8] Use of undefined constant URL_REWRITE - assumed 'URL_REWRITE' E:\web\lanhai\www\ThinkPHP\Library\Think\Dispatcher.class.php 第 185 行.
INFO: [ app_begin ] --START--
INFO: Run Behavior\ReadHtmlCacheBehavior [ RunTime:0.000662s ]
INFO: [ app_begin ] --END-- [ RunTime:0.000768s ]
NOTIC: [8] Undefined index: echostr E:\web\lanhai\www\Admin\Controller\WeixinController.class.php 第 15 行.
NOTIC: [8] Undefined index: Content E:\web\lanhai\www\Admin\Controller\WeixinController.class.php 第 41 行.
SQL: SHOW COLUMNS FROM `cq_key_n` [ RunTime:0.0020s ]
SQL: SELECT * FROM `cq_key_n` WHERE `id` = 3 LIMIT 1   [ RunTime:0.0004s ]
SQL: SHOW COLUMNS FROM `cq_img` [ RunTime:0.0019s ]
SQL: SELECT * FROM `cq_img` LIMIT 1   [ RunTime:0.0003s ]
NOTIC: [8] Undefined index: Content E:\web\lanhai\www\Admin\Controller\WeixinController.class.php 第 111 行.
SQL: SHOW COLUMNS FROM `cq_keyword` [ RunTime:0.0018s ]
SQL: SELECT * FROM `cq_keyword` WHERE (  keyword like '%%' ) LIMIT 1   [ RunTime:0.0003s ]
SQL: SELECT * FROM `cq_img` WHERE (  keyword like '%%' )  [ RunTime:0.0007s ]
NOTIC: [2] trim() expects parameter 1 to be string, array given E:\web\lanhai\www\Admin\Controller\WeixinController.class.php 第 45 行.

[ 2017-02-11T16:12:06+08:00 ] 140.207.54.73 /index.php/Admin/Weixin/index?signature=1c32411ea504eb979cd66442b511a83dc5b782bb&timestamp=1486800725&nonce=1566322025&openid=o6MrWv10COB4EAgrNPtScj2YGE40
INFO: [ app_init ] --START--
INFO: Run Behavior\BuildLiteBehavior [ RunTime:0.000019s ]
INFO: [ app_init ] --END-- [ RunTime:0.000083s ]
NOTIC: [8] Use of undefined constant URL_COMPAT - assumed 'URL_COMPAT' E:\web\lanhai\www\ThinkPHP\Library\Think\Dispatcher.class.php 第 183 行.
NOTIC: [8] Use of undefined constant URL_REWRITE - assumed 'URL_REWRITE' E:\web\lanhai\www\ThinkPHP\Library\Think\Dispatcher.class.php 第 185 行.
INFO: [ app_begin ] --START--
INFO: Run Behavior\ReadHtmlCacheBehavior [ RunTime:0.000599s ]
INFO: [ app_begin ] --END-- [ RunTime:0.000671s ]
NOTIC: [8] Undefined index: echostr E:\web\lanhai\www\Admin\Controller\WeixinController.class.php 第 15 行.
NOTIC: [8] Undefined index: Content E:\web\lanhai\www\Admin\Controller\WeixinController.class.php 第 41 行.
SQL: SHOW COLUMNS FROM `cq_key_n` [ RunTime:0.0020s ]
SQL: SELECT * FROM `cq_key_n` WHERE `id` = 3 LIMIT 1   [ RunTime:0.0003s ]
SQL: SHOW COLUMNS FROM `cq_img` [ RunTime:0.0016s ]
SQL: SELECT * FROM `cq_img` LIMIT 1   [ RunTime:0.0002s ]
SQL: SELECT * FROM `cq_key_n` LIMIT 1   [ RunTime:0.0002s ]
NOTIC: [2] trim() expects parameter 1 to be string, array given E:\web\lanhai\www\Admin\Controller\WeixinController.class.php 第 45 行.

[ 2017-02-11T17:18:58+08:00 ] 58.247.206.149 /index.php/Admin/Weixin/index?signature=ec5f0fd80e01fd9c79af8092627239c0ff6fc2ac&timestamp=1486804737&nonce=1248006753&openid=o6MrWvyaQAC83TqnE5hqU7Td9rWI
INFO: [ app_init ] --START--
INFO: Run Behavior\BuildLiteBehavior [ RunTime:0.000019s ]
INFO: [ app_init ] --END-- [ RunTime:0.000084s ]
NOTIC: [8] Use of undefined constant URL_COMPAT - assumed 'URL_COMPAT' E:\web\lanhai\www\ThinkPHP\Library\Think\Dispatcher.class.php 第 183 行.
NOTIC: [8] Use of undefined constant URL_REWRITE - assumed 'URL_REWRITE' E:\web\lanhai\www\ThinkPHP\Library\Think\Dispatcher.class.php 第 185 行.
INFO: [ app_begin ] --START--
INFO: Run Behavior\ReadHtmlCacheBehavior [ RunTime:0.000601s ]
INFO: [ app_begin ] --END-- [ RunTime:0.000673s ]
NOTIC: [8] Undefined index: echostr E:\web\lanhai\www\Admin\Controller\WeixinController.class.php 第 15 行.
NOTIC: [8] Undefined index: Content E:\web\lanhai\www\Admin\Controller\WeixinController.class.php 第 41 行.
SQL: SHOW COLUMNS FROM `cq_key_n` [ RunTime:0.0019s ]
SQL: SELECT * FROM `cq_key_n` WHERE `id` = 3 LIMIT 1   [ RunTime:0.0003s ]
SQL: SHOW COLUMNS FROM `cq_img` [ RunTime:0.0018s ]
SQL: SELECT * FROM `cq_img` LIMIT 1   [ RunTime:0.0003s ]
SQL: SELECT * FROM `cq_key_n` LIMIT 1   [ RunTime:0.0002s ]
NOTIC: [2] trim() expects parameter 1 to be string, array given E:\web\lanhai\www\Admin\Controller\WeixinController.class.php 第 45 行.

[ 2017-02-11T18:03:51+08:00 ] 140.207.54.73 /index.php/Admin/Weixin/index?signature=dd1dd279288112295f7588c9592ca20b1a86f827&timestamp=1486807431&nonce=1393335601&openid=o6MrWv8s3AJpFGqqw2_OHaopfBho
INFO: [ app_init ] --START--
INFO: Run Behavior\BuildLiteBehavior [ RunTime:0.000019s ]
INFO: [ app_init ] --END-- [ RunTime:0.000091s ]
NOTIC: [8] Use of undefined constant URL_COMPAT - assumed 'URL_COMPAT' E:\web\lanhai\www\ThinkPHP\Library\Think\Dispatcher.class.php 第 183 行.
NOTIC: [8] Use of undefined constant URL_REWRITE - assumed 'URL_REWRITE' E:\web\lanhai\www\ThinkPHP\Library\Think\Dispatcher.class.php 第 185 行.
INFO: [ app_begin ] --START--
INFO: Run Behavior\ReadHtmlCacheBehavior [ RunTime:0.000640s ]
INFO: [ app_begin ] --END-- [ RunTime:0.000713s ]
NOTIC: [8] Undefined index: echostr E:\web\lanhai\www\Admin\Controller\WeixinController.class.php 第 15 行.
NOTIC: [8] Undefined index: Content E:\web\lanhai\www\Admin\Controller\WeixinController.class.php 第 41 行.
SQL: SHOW COLUMNS FROM `cq_key_n` [ RunTime:0.0018s ]
SQL: SELECT * FROM `cq_key_n` WHERE `id` = 3 LIMIT 1   [ RunTime:0.0004s ]
SQL: SHOW COLUMNS FROM `cq_img` [ RunTime:0.0016s ]
SQL: SELECT * FROM `cq_img` LIMIT 1   [ RunTime:0.0002s ]
SQL: SELECT * FROM `cq_key_n` LIMIT 1   [ RunTime:0.0002s ]
NOTIC: [2] trim() expects parameter 1 to be string, array given E:\web\lanhai\www\Admin\Controller\WeixinController.class.php 第 45 行.

[ 2017-02-11T18:42:58+08:00 ] 140.207.54.73 /index.php/Admin/Weixin/index?signature=ec495eabea13c6ca3e6359f26c8ea9eb6fc743af&timestamp=1486809778&nonce=2006034678&openid=o6MrWv9sznZ-O2xPlPtMHXpAu-40
INFO: [ app_init ] --START--
INFO: Run Behavior\BuildLiteBehavior [ RunTime:0.000020s ]
INFO: [ app_init ] --END-- [ RunTime:0.000088s ]
NOTIC: [8] Use of undefined constant URL_COMPAT - assumed 'URL_COMPAT' E:\web\lanhai\www\ThinkPHP\Library\Think\Dispatcher.class.php 第 183 行.
NOTIC: [8] Use of undefined constant URL_REWRITE - assumed 'URL_REWRITE' E:\web\lanhai\www\ThinkPHP\Library\Think\Dispatcher.class.php 第 185 行.
INFO: [ app_begin ] --START--
INFO: Run Behavior\ReadHtmlCacheBehavior [ RunTime:0.000642s ]
INFO: [ app_begin ] --END-- [ RunTime:0.000719s ]
NOTIC: [8] Undefined index: echostr E:\web\lanhai\www\Admin\Controller\WeixinController.class.php 第 15 行.
NOTIC: [8] Undefined index: Content E:\web\lanhai\www\Admin\Controller\WeixinController.class.php 第 41 行.
SQL: SHOW COLUMNS FROM `cq_key_n` [ RunTime:0.0018s ]
SQL: SELECT * FROM `cq_key_n` WHERE `id` = 3 LIMIT 1   [ RunTime:0.0004s ]
SQL: SHOW COLUMNS FROM `cq_img` [ RunTime:0.0017s ]
SQL: SELECT * FROM `cq_img` LIMIT 1   [ RunTime:0.0003s ]
SQL: SELECT * FROM `cq_key_n` LIMIT 1   [ RunTime:0.0002s ]
NOTIC: [2] trim() expects parameter 1 to be string, array given E:\web\lanhai\www\Admin\Controller\WeixinController.class.php 第 45 行.

[ 2017-02-11T18:43:13+08:00 ] 140.207.54.73 /index.php/Admin/Weixin/index?signature=09c5d4ae1faba141f588e1391d069d6353765618&timestamp=1486809793&nonce=169783909&openid=o6MrWv9sznZ-O2xPlPtMHXpAu-40
INFO: [ app_init ] --START--
INFO: Run Behavior\BuildLiteBehavior [ RunTime:0.000020s ]
INFO: [ app_init ] --END-- [ RunTime:0.000082s ]
NOTIC: [8] Use of undefined constant URL_COMPAT - assumed 'URL_COMPAT' E:\web\lanhai\www\ThinkPHP\Library\Think\Dispatcher.class.php 第 183 行.
NOTIC: [8] Use of undefined constant URL_REWRITE - assumed 'URL_REWRITE' E:\web\lanhai\www\ThinkPHP\Library\Think\Dispatcher.class.php 第 185 行.
INFO: [ app_begin ] --START--
INFO: Run Behavior\ReadHtmlCacheBehavior [ RunTime:0.000591s ]
INFO: [ app_begin ] --END-- [ RunTime:0.000660s ]
NOTIC: [8] Undefined index: echostr E:\web\lanhai\www\Admin\Controller\WeixinController.class.php 第 15 行.
NOTIC: [8] Undefined index: Content E:\web\lanhai\www\Admin\Controller\WeixinController.class.php 第 41 行.
SQL: SHOW COLUMNS FROM `cq_key_n` [ RunTime:0.0018s ]
SQL: SELECT * FROM `cq_key_n` WHERE `id` = 3 LIMIT 1   [ RunTime:0.0003s ]
SQL: SHOW COLUMNS FROM `cq_img` [ RunTime:0.0017s ]
SQL: SELECT * FROM `cq_img` LIMIT 1   [ RunTime:0.0002s ]
NOTIC: [8] Undefined index: Content E:\web\lanhai\www\Admin\Controller\WeixinController.class.php 第 111 行.
SQL: SHOW COLUMNS FROM `cq_keyword` [ RunTime:0.0015s ]
SQL: SELECT * FROM `cq_keyword` WHERE (  keyword like '%%' ) LIMIT 1   [ RunTime:0.0002s ]
SQL: SELECT * FROM `cq_img` WHERE (  keyword like '%%' )  [ RunTime:0.0005s ]
NOTIC: [2] trim() expects parameter 1 to be string, array given E:\web\lanhai\www\Admin\Controller\WeixinController.class.php 第 45 行.

[ 2017-02-11T19:08:15+08:00 ] 58.247.206.149 /index.php/Admin/Weixin/index?signature=fcf312e40b69c729f4fff3e5ac97aeab73810d5d&timestamp=1486811295&nonce=1646716486&openid=o6MrWvyaQAC83TqnE5hqU7Td9rWI
INFO: [ app_init ] --START--
INFO: Run Behavior\BuildLiteBehavior [ RunTime:0.000020s ]
INFO: [ app_init ] --END-- [ RunTime:0.000084s ]
NOTIC: [8] Use of undefined constant URL_COMPAT - assumed 'URL_COMPAT' E:\web\lanhai\www\ThinkPHP\Library\Think\Dispatcher.class.php 第 183 行.
NOTIC: [8] Use of undefined constant URL_REWRITE - assumed 'URL_REWRITE' E:\web\lanhai\www\ThinkPHP\Library\Think\Dispatcher.class.php 第 185 行.
INFO: [ app_begin ] --START--
INFO: Run Behavior\ReadHtmlCacheBehavior [ RunTime:0.000814s ]
INFO: [ app_begin ] --END-- [ RunTime:0.000905s ]
NOTIC: [8] Undefined index: echostr E:\web\lanhai\www\Admin\Controller\WeixinController.class.php 第 15 行.
NOTIC: [8] Undefined index: Content E:\web\lanhai\www\Admin\Controller\WeixinController.class.php 第 41 行.
SQL: SHOW COLUMNS FROM `cq_key_n` [ RunTime:0.0019s ]
SQL: SELECT * FROM `cq_key_n` WHERE `id` = 3 LIMIT 1   [ RunTime:0.0003s ]
SQL: SHOW COLUMNS FROM `cq_img` [ RunTime:0.0017s ]
SQL: SELECT * FROM `cq_img` LIMIT 1   [ RunTime:0.0002s ]
NOTIC: [8] Undefined index: Content E:\web\lanhai\www\Admin\Controller\WeixinController.class.php 第 111 行.
SQL: SHOW COLUMNS FROM `cq_keyword` [ RunTime:0.0016s ]
SQL: SELECT * FROM `cq_keyword` WHERE (  keyword like '%%' ) LIMIT 1   [ RunTime:0.0002s ]
SQL: SELECT * FROM `cq_img` WHERE (  keyword like '%%' )  [ RunTime:0.0005s ]
NOTIC: [2] trim() expects parameter 1 to be string, array given E:\web\lanhai\www\Admin\Controller\WeixinController.class.php 第 45 行.

[ 2017-02-11T19:38:41+08:00 ] 58.247.206.144 /index.php/Admin/Weixin/index?signature=0a4b1733fb5b8807a135dbe8a796da3f86bd8db6&timestamp=1486813121&nonce=684204964&openid=o6MrWv8fB4HtM3rdc_GHcK1IXp68
INFO: [ app_init ] --START--
INFO: Run Behavior\BuildLiteBehavior [ RunTime:0.000020s ]
INFO: [ app_init ] --END-- [ RunTime:0.000085s ]
NOTIC: [8] Use of undefined constant URL_COMPAT - assumed 'URL_COMPAT' E:\web\lanhai\www\ThinkPHP\Library\Think\Dispatcher.class.php 第 183 行.
NOTIC: [8] Use of undefined constant URL_REWRITE - assumed 'URL_REWRITE' E:\web\lanhai\www\ThinkPHP\Library\Think\Dispatcher.class.php 第 185 行.
INFO: [ app_begin ] --START--
INFO: Run Behavior\ReadHtmlCacheBehavior [ RunTime:0.000606s ]
INFO: [ app_begin ] --END-- [ RunTime:0.000678s ]
NOTIC: [8] Undefined index: echostr E:\web\lanhai\www\Admin\Controller\WeixinController.class.php 第 15 行.
NOTIC: [8] Undefined index: Content E:\web\lanhai\www\Admin\Controller\WeixinController.class.php 第 41 行.
SQL: SHOW COLUMNS FROM `cq_key_n` [ RunTime:0.0019s ]
SQL: SELECT * FROM `cq_key_n` WHERE `id` = 3 LIMIT 1   [ RunTime:0.0003s ]
SQL: SHOW COLUMNS FROM `cq_img` [ RunTime:0.0017s ]
SQL: SELECT * FROM `cq_img` LIMIT 1   [ RunTime:0.0003s ]
SQL: SELECT * FROM `cq_key_n` LIMIT 1   [ RunTime:0.0002s ]
NOTIC: [2] trim() expects parameter 1 to be string, array given E:\web\lanhai\www\Admin\Controller\WeixinController.class.php 第 45 行.

[ 2017-02-11T21:05:04+08:00 ] 140.207.54.74 /index.php/Admin/Weixin/index?signature=7c16b5ee18dc9df8f224da1555ba5febd5c3ac54&timestamp=1486818304&nonce=480903546&openid=o6MrWvyUsNyfrLyiLc9R61g8kU1Y
INFO: [ app_init ] --START--
INFO: Run Behavior\BuildLiteBehavior [ RunTime:0.000019s ]
INFO: [ app_init ] --END-- [ RunTime:0.000083s ]
NOTIC: [8] Use of undefined constant URL_COMPAT - assumed 'URL_COMPAT' E:\web\lanhai\www\ThinkPHP\Library\Think\Dispatcher.class.php 第 183 行.
NOTIC: [8] Use of undefined constant URL_REWRITE - assumed 'URL_REWRITE' E:\web\lanhai\www\ThinkPHP\Library\Think\Dispatcher.class.php 第 185 行.
INFO: [ app_begin ] --START--
INFO: Run Behavior\ReadHtmlCacheBehavior [ RunTime:0.000598s ]
INFO: [ app_begin ] --END-- [ RunTime:0.000668s ]
NOTIC: [8] Undefined index: echostr E:\web\lanhai\www\Admin\Controller\WeixinController.class.php 第 15 行.
NOTIC: [8] Undefined index: Content E:\web\lanhai\www\Admin\Controller\WeixinController.class.php 第 41 行.
SQL: SHOW COLUMNS FROM `cq_key_n` [ RunTime:0.0018s ]
SQL: SELECT * FROM `cq_key_n` WHERE `id` = 3 LIMIT 1   [ RunTime:0.0003s ]
SQL: SHOW COLUMNS FROM `cq_img` [ RunTime:0.0019s ]
SQL: SELECT * FROM `cq_img` LIMIT 1   [ RunTime:0.0002s ]
SQL: SELECT * FROM `cq_key_n` LIMIT 1   [ RunTime:0.0002s ]
NOTIC: [2] trim() expects parameter 1 to be string, array given E:\web\lanhai\www\Admin\Controller\WeixinController.class.php 第 45 行.

[ 2017-02-11T22:37:38+08:00 ] 58.247.206.144 /index.php/Admin/Weixin/index?signature=fccb67f9d403517eccc90966469a25f76c1e6d03&timestamp=1486823858&nonce=451177222&openid=o6MrWv0s37GtH4SaOCaDo7OHBPig
INFO: [ app_init ] --START--
INFO: Run Behavior\BuildLiteBehavior [ RunTime:0.000020s ]
INFO: [ app_init ] --END-- [ RunTime:0.000085s ]
NOTIC: [8] Use of undefined constant URL_COMPAT - assumed 'URL_COMPAT' E:\web\lanhai\www\ThinkPHP\Library\Think\Dispatcher.class.php 第 183 行.
NOTIC: [8] Use of undefined constant URL_REWRITE - assumed 'URL_REWRITE' E:\web\lanhai\www\ThinkPHP\Library\Think\Dispatcher.class.php 第 185 行.
INFO: [ app_begin ] --START--
INFO: Run Behavior\ReadHtmlCacheBehavior [ RunTime:0.000667s ]
INFO: [ app_begin ] --END-- [ RunTime:0.000750s ]
NOTIC: [8] Undefined index: echostr E:\web\lanhai\www\Admin\Controller\WeixinController.class.php 第 15 行.
NOTIC: [8] Undefined index: Content E:\web\lanhai\www\Admin\Controller\WeixinController.class.php 第 41 行.
SQL: SHOW COLUMNS FROM `cq_key_n` [ RunTime:0.0019s ]
SQL: SELECT * FROM `cq_key_n` WHERE `id` = 3 LIMIT 1   [ RunTime:0.0004s ]
SQL: SHOW COLUMNS FROM `cq_img` [ RunTime:0.0021s ]
SQL: SELECT * FROM `cq_img` LIMIT 1   [ RunTime:0.0002s ]
SQL: SELECT * FROM `cq_key_n` LIMIT 1   [ RunTime:0.0002s ]
NOTIC: [2] trim() expects parameter 1 to be string, array given E:\web\lanhai\www\Admin\Controller\WeixinController.class.php 第 45 行.

[ 2017-02-11T22:37:41+08:00 ] 58.247.206.144 /index.php/Admin/Weixin/index?signature=d5ab6dba7ce5a5cdc2890b12c39b9293675dabc0&timestamp=1486823861&nonce=1196747701&openid=o6MrWv0s37GtH4SaOCaDo7OHBPig
INFO: [ app_init ] --START--
INFO: Run Behavior\BuildLiteBehavior [ RunTime:0.000019s ]
INFO: [ app_init ] --END-- [ RunTime:0.000082s ]
NOTIC: [8] Use of undefined constant URL_COMPAT - assumed 'URL_COMPAT' E:\web\lanhai\www\ThinkPHP\Library\Think\Dispatcher.class.php 第 183 行.
NOTIC: [8] Use of undefined constant URL_REWRITE - assumed 'URL_REWRITE' E:\web\lanhai\www\ThinkPHP\Library\Think\Dispatcher.class.php 第 185 行.
INFO: [ app_begin ] --START--
INFO: Run Behavior\ReadHtmlCacheBehavior [ RunTime:0.000623s ]
INFO: [ app_begin ] --END-- [ RunTime:0.000707s ]
NOTIC: [8] Undefined index: echostr E:\web\lanhai\www\Admin\Controller\WeixinController.class.php 第 15 行.
NOTIC: [8] Undefined index: Content E:\web\lanhai\www\Admin\Controller\WeixinController.class.php 第 41 行.
SQL: SHOW COLUMNS FROM `cq_key_n` [ RunTime:0.0018s ]
SQL: SELECT * FROM `cq_key_n` WHERE `id` = 3 LIMIT 1   [ RunTime:0.0003s ]
SQL: SHOW COLUMNS FROM `cq_img` [ RunTime:0.0018s ]
SQL: SELECT * FROM `cq_img` LIMIT 1   [ RunTime:0.0003s ]
NOTIC: [8] Undefined index: Content E:\web\lanhai\www\Admin\Controller\WeixinController.class.php 第 111 行.
SQL: SHOW COLUMNS FROM `cq_keyword` [ RunTime:0.0016s ]
SQL: SELECT * FROM `cq_keyword` WHERE (  keyword like '%%' ) LIMIT 1   [ RunTime:0.0002s ]
SQL: SELECT * FROM `cq_img` WHERE (  keyword like '%%' )  [ RunTime:0.0005s ]
NOTIC: [2] trim() expects parameter 1 to be string, array given E:\web\lanhai\www\Admin\Controller\WeixinController.class.php 第 45 行.

[ 2017-02-11T23:09:56+08:00 ] 140.207.54.73 /index.php/Admin/Weixin/index?signature=c9b9052e9d234750ed5f88082589fd89eaa22872&timestamp=1486825796&nonce=1313905634&openid=o6MrWv5ga9tbfDuhfnikBk_ZXQLQ
INFO: [ app_init ] --START--
INFO: Run Behavior\BuildLiteBehavior [ RunTime:0.000022s ]
INFO: [ app_init ] --END-- [ RunTime:0.000103s ]
NOTIC: [8] Use of undefined constant URL_COMPAT - assumed 'URL_COMPAT' E:\web\lanhai\www\ThinkPHP\Library\Think\Dispatcher.class.php 第 183 行.
NOTIC: [8] Use of undefined constant URL_REWRITE - assumed 'URL_REWRITE' E:\web\lanhai\www\ThinkPHP\Library\Think\Dispatcher.class.php 第 185 行.
INFO: [ app_begin ] --START--
INFO: Run Behavior\ReadHtmlCacheBehavior [ RunTime:0.000612s ]
INFO: [ app_begin ] --END-- [ RunTime:0.000689s ]
NOTIC: [8] Undefined index: echostr E:\web\lanhai\www\Admin\Controller\WeixinController.class.php 第 15 行.
NOTIC: [8] Undefined index: Content E:\web\lanhai\www\Admin\Controller\WeixinController.class.php 第 41 行.
SQL: SHOW COLUMNS FROM `cq_key_n` [ RunTime:0.0026s ]
SQL: SELECT * FROM `cq_key_n` WHERE `id` = 3 LIMIT 1   [ RunTime:0.0003s ]
SQL: SHOW COLUMNS FROM `cq_img` [ RunTime:0.0017s ]
SQL: SELECT * FROM `cq_img` LIMIT 1   [ RunTime:0.0002s ]
SQL: SELECT * FROM `cq_key_n` LIMIT 1   [ RunTime:0.0002s ]
NOTIC: [2] trim() expects parameter 1 to be string, array given E:\web\lanhai\www\Admin\Controller\WeixinController.class.php 第 45 行.

