[ 2017-01-19T00:31:28+08:00 ] 58.247.206.154 /index.php/Admin/Weixin/index?signature=6df412f13eb644eaf9dff173fa8a5c7c5052aa8c&timestamp=1484757087&nonce=1804949051&openid=o6MrWv6D19MA4p6UgJHP6KWrwTtU
INFO: [ app_init ] --START--
INFO: Run Behavior\BuildLiteBehavior [ RunTime:0.000023s ]
INFO: [ app_init ] --END-- [ RunTime:0.000106s ]
NOTIC: [8] Use of undefined constant URL_COMPAT - assumed 'URL_COMPAT' E:\web\lanhai\www\ThinkPHP\Library\Think\Dispatcher.class.php 第 183 行.
NOTIC: [8] Use of undefined constant URL_REWRITE - assumed 'URL_REWRITE' E:\web\lanhai\www\ThinkPHP\Library\Think\Dispatcher.class.php 第 185 行.
INFO: [ app_begin ] --START--
INFO: Run Behavior\ReadHtmlCacheBehavior [ RunTime:0.000646s ]
INFO: [ app_begin ] --END-- [ RunTime:0.000720s ]
NOTIC: [8] Undefined index: echostr E:\web\lanhai\www\Admin\Controller\WeixinController.class.php 第 15 行.
NOTIC: [8] Undefined index: Content E:\web\lanhai\www\Admin\Controller\WeixinController.class.php 第 41 行.
SQL: SHOW COLUMNS FROM `cq_key_n` [ RunTime:0.0019s ]
SQL: SELECT * FROM `cq_key_n` WHERE `id` = 3 LIMIT 1   [ RunTime:0.0003s ]
SQL: SHOW COLUMNS FROM `cq_img` [ RunTime:0.0018s ]
SQL: SELECT * FROM `cq_img` LIMIT 1   [ RunTime:0.0003s ]
NOTIC: [8] Undefined index: Content E:\web\lanhai\www\Admin\Controller\WeixinController.class.php 第 111 行.
SQL: SHOW COLUMNS FROM `cq_keyword` [ RunTime:0.0017s ]
SQL: SELECT * FROM `cq_keyword` WHERE (  keyword like '%%' ) LIMIT 1   [ RunTime:0.0002s ]
SQL: SELECT * FROM `cq_img` WHERE (  keyword like '%%' )  [ RunTime:0.0005s ]
NOTIC: [2] trim() expects parameter 1 to be string, array given E:\web\lanhai\www\Admin\Controller\WeixinController.class.php 第 45 行.

[ 2017-01-19T03:18:36+08:00 ] 58.247.206.144 /index.php/Admin/Weixin/index?signature=425489be88911563e7e6a5a129fa9685bf6ad3c2&timestamp=1484767115&nonce=218675625&openid=o6MrWvzMk8UtCjrT7asRBbjMOd6w
INFO: [ app_init ] --START--
INFO: Run Behavior\BuildLiteBehavior [ RunTime:0.000020s ]
INFO: [ app_init ] --END-- [ RunTime:0.000091s ]
NOTIC: [8] Use of undefined constant URL_COMPAT - assumed 'URL_COMPAT' E:\web\lanhai\www\ThinkPHP\Library\Think\Dispatcher.class.php 第 183 行.
NOTIC: [8] Use of undefined constant URL_REWRITE - assumed 'URL_REWRITE' E:\web\lanhai\www\ThinkPHP\Library\Think\Dispatcher.class.php 第 185 行.
INFO: [ app_begin ] --START--
INFO: Run Behavior\ReadHtmlCacheBehavior [ RunTime:0.000628s ]
INFO: [ app_begin ] --END-- [ RunTime:0.000700s ]
NOTIC: [8] Undefined index: echostr E:\web\lanhai\www\Admin\Controller\WeixinController.class.php 第 15 行.
NOTIC: [8] Undefined index: Content E:\web\lanhai\www\Admin\Controller\WeixinController.class.php 第 41 行.
SQL: SHOW COLUMNS FROM `cq_key_n` [ RunTime:0.0020s ]
SQL: SELECT * FROM `cq_key_n` WHERE `id` = 3 LIMIT 1   [ RunTime:0.0003s ]
SQL: SHOW COLUMNS FROM `cq_img` [ RunTime:0.0017s ]
SQL: SELECT * FROM `cq_img` LIMIT 1   [ RunTime:0.0002s ]
SQL: SELECT * FROM `cq_img` WHERE ( keyword =  '联系我们' )  [ RunTime:0.0003s ]
NOTIC: [2] trim() expects parameter 1 to be string, array given E:\web\lanhai\www\Admin\Controller\WeixinController.class.php 第 45 行.

[ 2017-01-19T03:18:44+08:00 ] 58.247.206.154 /index.php/Admin/Weixin/index?signature=45c8b7dc7277fe1f904566a61c46e02636e6be32&timestamp=1484767123&nonce=1999688228&openid=o6MrWvzMk8UtCjrT7asRBbjMOd6w
INFO: [ app_init ] --START--
INFO: Run Behavior\BuildLiteBehavior [ RunTime:0.000019s ]
INFO: [ app_init ] --END-- [ RunTime:0.000093s ]
NOTIC: [8] Use of undefined constant URL_COMPAT - assumed 'URL_COMPAT' E:\web\lanhai\www\ThinkPHP\Library\Think\Dispatcher.class.php 第 183 行.
NOTIC: [8] Use of undefined constant URL_REWRITE - assumed 'URL_REWRITE' E:\web\lanhai\www\ThinkPHP\Library\Think\Dispatcher.class.php 第 185 行.
INFO: [ app_begin ] --START--
INFO: Run Behavior\ReadHtmlCacheBehavior [ RunTime:0.000608s ]
INFO: [ app_begin ] --END-- [ RunTime:0.000678s ]
NOTIC: [8] Undefined index: echostr E:\web\lanhai\www\Admin\Controller\WeixinController.class.php 第 15 行.
NOTIC: [8] Undefined index: Content E:\web\lanhai\www\Admin\Controller\WeixinController.class.php 第 41 行.
SQL: SHOW COLUMNS FROM `cq_key_n` [ RunTime:0.0017s ]
SQL: SELECT * FROM `cq_key_n` WHERE `id` = 3 LIMIT 1   [ RunTime:0.0003s ]
SQL: SHOW COLUMNS FROM `cq_img` [ RunTime:0.0016s ]
SQL: SELECT * FROM `cq_img` LIMIT 1   [ RunTime:0.0003s ]
SQL: SELECT * FROM `cq_img` WHERE ( keyword =  '军民融合' )  [ RunTime:0.0003s ]
NOTIC: [2] trim() expects parameter 1 to be string, array given E:\web\lanhai\www\Admin\Controller\WeixinController.class.php 第 45 行.

[ 2017-01-19T03:18:46+08:00 ] 58.247.206.154 /index.php/Admin/Weixin/index?signature=ad905bf92e7da87193fd434ec24ffb33a47a6f0d&timestamp=1484767126&nonce=1621128699&openid=o6MrWvzMk8UtCjrT7asRBbjMOd6w
INFO: [ app_init ] --START--
INFO: Run Behavior\BuildLiteBehavior [ RunTime:0.000020s ]
INFO: [ app_init ] --END-- [ RunTime:0.000087s ]
NOTIC: [8] Use of undefined constant URL_COMPAT - assumed 'URL_COMPAT' E:\web\lanhai\www\ThinkPHP\Library\Think\Dispatcher.class.php 第 183 行.
NOTIC: [8] Use of undefined constant URL_REWRITE - assumed 'URL_REWRITE' E:\web\lanhai\www\ThinkPHP\Library\Think\Dispatcher.class.php 第 185 行.
INFO: [ app_begin ] --START--
INFO: Run Behavior\ReadHtmlCacheBehavior [ RunTime:0.000638s ]
INFO: [ app_begin ] --END-- [ RunTime:0.000710s ]
NOTIC: [8] Undefined index: echostr E:\web\lanhai\www\Admin\Controller\WeixinController.class.php 第 15 行.
NOTIC: [8] Undefined index: Content E:\web\lanhai\www\Admin\Controller\WeixinController.class.php 第 41 行.
SQL: SHOW COLUMNS FROM `cq_key_n` [ RunTime:0.0019s ]
SQL: SELECT * FROM `cq_key_n` WHERE `id` = 3 LIMIT 1   [ RunTime:0.0004s ]
SQL: SHOW COLUMNS FROM `cq_img` [ RunTime:0.0017s ]
SQL: SELECT * FROM `cq_img` LIMIT 1   [ RunTime:0.0003s ]
NOTIC: [8] Undefined index: Content E:\web\lanhai\www\Admin\Controller\WeixinController.class.php 第 111 行.
SQL: SHOW COLUMNS FROM `cq_keyword` [ RunTime:0.0017s ]
SQL: SELECT * FROM `cq_keyword` WHERE (  keyword like '%%' ) LIMIT 1   [ RunTime:0.0002s ]
SQL: SELECT * FROM `cq_img` WHERE (  keyword like '%%' )  [ RunTime:0.0005s ]
NOTIC: [2] trim() expects parameter 1 to be string, array given E:\web\lanhai\www\Admin\Controller\WeixinController.class.php 第 45 行.

[ 2017-01-19T06:39:52+08:00 ] 58.247.206.139 /index.php/Admin/Weixin/index?signature=9281ae42b45935d4ad031cabf709b9208b61db34&timestamp=1484779192&nonce=691663776&openid=o6MrWv9Fo5hjX2zOTwEB67YRBw3s
INFO: [ app_init ] --START--
INFO: Run Behavior\BuildLiteBehavior [ RunTime:0.000035s ]
INFO: [ app_init ] --END-- [ RunTime:0.000103s ]
NOTIC: [8] Use of undefined constant URL_COMPAT - assumed 'URL_COMPAT' E:\web\lanhai\www\ThinkPHP\Library\Think\Dispatcher.class.php 第 183 行.
NOTIC: [8] Use of undefined constant URL_REWRITE - assumed 'URL_REWRITE' E:\web\lanhai\www\ThinkPHP\Library\Think\Dispatcher.class.php 第 185 行.
INFO: [ app_begin ] --START--
INFO: Run Behavior\ReadHtmlCacheBehavior [ RunTime:0.000568s ]
INFO: [ app_begin ] --END-- [ RunTime:0.000640s ]
NOTIC: [8] Undefined index: echostr E:\web\lanhai\www\Admin\Controller\WeixinController.class.php 第 15 行.
NOTIC: [8] Undefined index: Content E:\web\lanhai\www\Admin\Controller\WeixinController.class.php 第 41 行.
SQL: SHOW COLUMNS FROM `cq_key_n` [ RunTime:0.0020s ]
SQL: SELECT * FROM `cq_key_n` WHERE `id` = 3 LIMIT 1   [ RunTime:0.0003s ]
SQL: SHOW COLUMNS FROM `cq_img` [ RunTime:0.0017s ]
SQL: SELECT * FROM `cq_img` LIMIT 1   [ RunTime:0.0003s ]
NOTIC: [8] Undefined index: Content E:\web\lanhai\www\Admin\Controller\WeixinController.class.php 第 111 行.
SQL: SHOW COLUMNS FROM `cq_keyword` [ RunTime:0.0016s ]
SQL: SELECT * FROM `cq_keyword` WHERE (  keyword like '%%' ) LIMIT 1   [ RunTime:0.0002s ]
SQL: SELECT * FROM `cq_img` WHERE (  keyword like '%%' )  [ RunTime:0.0004s ]
NOTIC: [2] trim() expects parameter 1 to be string, array given E:\web\lanhai\www\Admin\Controller\WeixinController.class.php 第 45 行.

[ 2017-01-19T08:03:32+08:00 ] 58.247.206.158 /index.php/Admin/Weixin/index?signature=39a3b5d4037d977409a6b290d477878b13580dbf&timestamp=1484784211&nonce=1102906594&openid=o6MrWvx2EchaCqyi0KBgmCiz8Tpw
INFO: [ app_init ] --START--
INFO: Run Behavior\BuildLiteBehavior [ RunTime:0.000020s ]
INFO: [ app_init ] --END-- [ RunTime:0.000086s ]
NOTIC: [8] Use of undefined constant URL_COMPAT - assumed 'URL_COMPAT' E:\web\lanhai\www\ThinkPHP\Library\Think\Dispatcher.class.php 第 183 行.
NOTIC: [8] Use of undefined constant URL_REWRITE - assumed 'URL_REWRITE' E:\web\lanhai\www\ThinkPHP\Library\Think\Dispatcher.class.php 第 185 行.
INFO: [ app_begin ] --START--
INFO: Run Behavior\ReadHtmlCacheBehavior [ RunTime:0.000565s ]
INFO: [ app_begin ] --END-- [ RunTime:0.000638s ]
NOTIC: [8] Undefined index: echostr E:\web\lanhai\www\Admin\Controller\WeixinController.class.php 第 15 行.
NOTIC: [8] Undefined index: Content E:\web\lanhai\www\Admin\Controller\WeixinController.class.php 第 41 行.
SQL: SHOW COLUMNS FROM `cq_key_n` [ RunTime:0.0019s ]
SQL: SELECT * FROM `cq_key_n` WHERE `id` = 3 LIMIT 1   [ RunTime:0.0003s ]
SQL: SHOW COLUMNS FROM `cq_img` [ RunTime:0.0016s ]
SQL: SELECT * FROM `cq_img` LIMIT 1   [ RunTime:0.0003s ]
NOTIC: [8] Undefined index: Content E:\web\lanhai\www\Admin\Controller\WeixinController.class.php 第 111 行.
SQL: SHOW COLUMNS FROM `cq_keyword` [ RunTime:0.0016s ]
SQL: SELECT * FROM `cq_keyword` WHERE (  keyword like '%%' ) LIMIT 1   [ RunTime:0.0002s ]
SQL: SELECT * FROM `cq_img` WHERE (  keyword like '%%' )  [ RunTime:0.0004s ]
NOTIC: [2] trim() expects parameter 1 to be string, array given E:\web\lanhai\www\Admin\Controller\WeixinController.class.php 第 45 行.

[ 2017-01-19T08:31:39+08:00 ] 58.247.206.148 /index.php/Admin/Weixin/index?signature=877072fc0b0443690a40d47e6ff4a6108f8975cd&timestamp=1484785899&nonce=681945238&openid=o6MrWv4gnY2U5kvXYp2Knftb9zeA
INFO: [ app_init ] --START--
INFO: Run Behavior\BuildLiteBehavior [ RunTime:0.000019s ]
INFO: [ app_init ] --END-- [ RunTime:0.000081s ]
NOTIC: [8] Use of undefined constant URL_COMPAT - assumed 'URL_COMPAT' E:\web\lanhai\www\ThinkPHP\Library\Think\Dispatcher.class.php 第 183 行.
NOTIC: [8] Use of undefined constant URL_REWRITE - assumed 'URL_REWRITE' E:\web\lanhai\www\ThinkPHP\Library\Think\Dispatcher.class.php 第 185 行.
INFO: [ app_begin ] --START--
INFO: Run Behavior\ReadHtmlCacheBehavior [ RunTime:0.000586s ]
INFO: [ app_begin ] --END-- [ RunTime:0.000656s ]
NOTIC: [8] Undefined index: echostr E:\web\lanhai\www\Admin\Controller\WeixinController.class.php 第 15 行.
NOTIC: [8] Undefined index: Content E:\web\lanhai\www\Admin\Controller\WeixinController.class.php 第 41 行.
SQL: SHOW COLUMNS FROM `cq_key_n` [ RunTime:0.0021s ]
SQL: SELECT * FROM `cq_key_n` WHERE `id` = 3 LIMIT 1   [ RunTime:0.0003s ]
SQL: SHOW COLUMNS FROM `cq_img` [ RunTime:0.0019s ]
SQL: SELECT * FROM `cq_img` LIMIT 1   [ RunTime:0.0003s ]
NOTIC: [8] Undefined index: Content E:\web\lanhai\www\Admin\Controller\WeixinController.class.php 第 111 行.
SQL: SHOW COLUMNS FROM `cq_keyword` [ RunTime:0.0018s ]
SQL: SELECT * FROM `cq_keyword` WHERE (  keyword like '%%' ) LIMIT 1   [ RunTime:0.0002s ]
SQL: SELECT * FROM `cq_img` WHERE (  keyword like '%%' )  [ RunTime:0.0006s ]
NOTIC: [2] trim() expects parameter 1 to be string, array given E:\web\lanhai\www\Admin\Controller\WeixinController.class.php 第 45 行.

[ 2017-01-19T09:55:10+08:00 ] 58.247.206.153 /index.php/Admin/Weixin/index?signature=db40987336046e5e751c1716f5d01dfe223a1b19&timestamp=1484790910&nonce=842585907&openid=o6MrWv0hL00NGwn8Wn18iGrR0AyM
INFO: [ app_init ] --START--
INFO: Run Behavior\BuildLiteBehavior [ RunTime:0.000020s ]
INFO: [ app_init ] --END-- [ RunTime:0.000085s ]
NOTIC: [8] Use of undefined constant URL_COMPAT - assumed 'URL_COMPAT' E:\web\lanhai\www\ThinkPHP\Library\Think\Dispatcher.class.php 第 183 行.
NOTIC: [8] Use of undefined constant URL_REWRITE - assumed 'URL_REWRITE' E:\web\lanhai\www\ThinkPHP\Library\Think\Dispatcher.class.php 第 185 行.
INFO: [ app_begin ] --START--
INFO: Run Behavior\ReadHtmlCacheBehavior [ RunTime:0.000550s ]
INFO: [ app_begin ] --END-- [ RunTime:0.000623s ]
NOTIC: [8] Undefined index: echostr E:\web\lanhai\www\Admin\Controller\WeixinController.class.php 第 15 行.
NOTIC: [8] Undefined index: Content E:\web\lanhai\www\Admin\Controller\WeixinController.class.php 第 41 行.
SQL: SHOW COLUMNS FROM `cq_key_n` [ RunTime:0.0020s ]
SQL: SELECT * FROM `cq_key_n` WHERE `id` = 3 LIMIT 1   [ RunTime:0.0003s ]
SQL: SHOW COLUMNS FROM `cq_img` [ RunTime:0.0017s ]
SQL: SELECT * FROM `cq_img` LIMIT 1   [ RunTime:0.0003s ]
NOTIC: [8] Undefined index: Content E:\web\lanhai\www\Admin\Controller\WeixinController.class.php 第 111 行.
SQL: SHOW COLUMNS FROM `cq_keyword` [ RunTime:0.0016s ]
SQL: SELECT * FROM `cq_keyword` WHERE (  keyword like '%%' ) LIMIT 1   [ RunTime:0.0002s ]
SQL: SELECT * FROM `cq_img` WHERE (  keyword like '%%' )  [ RunTime:0.0005s ]
NOTIC: [2] trim() expects parameter 1 to be string, array given E:\web\lanhai\www\Admin\Controller\WeixinController.class.php 第 45 行.

[ 2017-01-19T13:47:42+08:00 ] 58.247.206.148 /index.php/Admin/Weixin/index?signature=4fa70b023c44ced91698e872c1ab99a4fcca3169&timestamp=1484804862&nonce=735195568&openid=o6MrWv9hBya39msQlIxsWpxl-57Q
INFO: [ app_init ] --START--
INFO: Run Behavior\BuildLiteBehavior [ RunTime:0.000019s ]
INFO: [ app_init ] --END-- [ RunTime:0.000084s ]
NOTIC: [8] Use of undefined constant URL_COMPAT - assumed 'URL_COMPAT' E:\web\lanhai\www\ThinkPHP\Library\Think\Dispatcher.class.php 第 183 行.
NOTIC: [8] Use of undefined constant URL_REWRITE - assumed 'URL_REWRITE' E:\web\lanhai\www\ThinkPHP\Library\Think\Dispatcher.class.php 第 185 行.
INFO: [ app_begin ] --START--
INFO: Run Behavior\ReadHtmlCacheBehavior [ RunTime:0.000602s ]
INFO: [ app_begin ] --END-- [ RunTime:0.000674s ]
NOTIC: [8] Undefined index: echostr E:\web\lanhai\www\Admin\Controller\WeixinController.class.php 第 15 行.
NOTIC: [8] Undefined index: Content E:\web\lanhai\www\Admin\Controller\WeixinController.class.php 第 41 行.
SQL: SHOW COLUMNS FROM `cq_key_n` [ RunTime:0.0020s ]
SQL: SELECT * FROM `cq_key_n` WHERE `id` = 3 LIMIT 1   [ RunTime:0.0003s ]
SQL: SHOW COLUMNS FROM `cq_img` [ RunTime:0.0017s ]
SQL: SELECT * FROM `cq_img` LIMIT 1   [ RunTime:0.0003s ]
SQL: SELECT * FROM `cq_key_n` LIMIT 1   [ RunTime:0.0002s ]
NOTIC: [2] trim() expects parameter 1 to be string, array given E:\web\lanhai\www\Admin\Controller\WeixinController.class.php 第 45 行.

[ 2017-01-19T17:29:08+08:00 ] 58.247.206.139 /index.php/Admin/Weixin/index?signature=c42bdf510d85a5b39387e270f01093a00e879894&timestamp=1484818148&nonce=813026029&openid=o6MrWv28T71YzHer3e-R_iD6BqXU
INFO: [ app_init ] --START--
INFO: Run Behavior\BuildLiteBehavior [ RunTime:0.000020s ]
INFO: [ app_init ] --END-- [ RunTime:0.000092s ]
NOTIC: [8] Use of undefined constant URL_COMPAT - assumed 'URL_COMPAT' E:\web\lanhai\www\ThinkPHP\Library\Think\Dispatcher.class.php 第 183 行.
NOTIC: [8] Use of undefined constant URL_REWRITE - assumed 'URL_REWRITE' E:\web\lanhai\www\ThinkPHP\Library\Think\Dispatcher.class.php 第 185 行.
INFO: [ app_begin ] --START--
INFO: Run Behavior\ReadHtmlCacheBehavior [ RunTime:0.000615s ]
INFO: [ app_begin ] --END-- [ RunTime:0.000686s ]
NOTIC: [8] Undefined index: echostr E:\web\lanhai\www\Admin\Controller\WeixinController.class.php 第 15 行.
NOTIC: [8] Undefined index: Content E:\web\lanhai\www\Admin\Controller\WeixinController.class.php 第 41 行.
SQL: SHOW COLUMNS FROM `cq_key_n` [ RunTime:0.0018s ]
SQL: SELECT * FROM `cq_key_n` WHERE `id` = 3 LIMIT 1   [ RunTime:0.0003s ]
SQL: SHOW COLUMNS FROM `cq_img` [ RunTime:0.0016s ]
SQL: SELECT * FROM `cq_img` LIMIT 1   [ RunTime:0.0003s ]
SQL: SELECT * FROM `cq_img` WHERE ( keyword =  '联系我们' )  [ RunTime:0.0002s ]
NOTIC: [2] trim() expects parameter 1 to be string, array given E:\web\lanhai\www\Admin\Controller\WeixinController.class.php 第 45 行.

[ 2017-01-19T22:18:54+08:00 ] 140.207.54.73 /index.php/Admin/Weixin/index?signature=ccdd2671ba5726db02a4c4afe351a5ded3072a47&timestamp=1484835534&nonce=429328559&openid=o6MrWv53TvrdbC0MvAJ2DTOHVXUU
INFO: [ app_init ] --START--
INFO: Run Behavior\BuildLiteBehavior [ RunTime:0.000019s ]
INFO: [ app_init ] --END-- [ RunTime:0.000083s ]
NOTIC: [8] Use of undefined constant URL_COMPAT - assumed 'URL_COMPAT' E:\web\lanhai\www\ThinkPHP\Library\Think\Dispatcher.class.php 第 183 行.
NOTIC: [8] Use of undefined constant URL_REWRITE - assumed 'URL_REWRITE' E:\web\lanhai\www\ThinkPHP\Library\Think\Dispatcher.class.php 第 185 行.
INFO: [ app_begin ] --START--
INFO: Run Behavior\ReadHtmlCacheBehavior [ RunTime:0.000572s ]
INFO: [ app_begin ] --END-- [ RunTime:0.000643s ]
NOTIC: [8] Undefined index: echostr E:\web\lanhai\www\Admin\Controller\WeixinController.class.php 第 15 行.
NOTIC: [8] Undefined index: Content E:\web\lanhai\www\Admin\Controller\WeixinController.class.php 第 41 行.
SQL: SHOW COLUMNS FROM `cq_key_n` [ RunTime:0.0022s ]
SQL: SELECT * FROM `cq_key_n` WHERE `id` = 3 LIMIT 1   [ RunTime:0.0004s ]
SQL: SHOW COLUMNS FROM `cq_img` [ RunTime:0.0018s ]
SQL: SELECT * FROM `cq_img` LIMIT 1   [ RunTime:0.0002s ]
NOTIC: [8] Undefined index: Content E:\web\lanhai\www\Admin\Controller\WeixinController.class.php 第 111 行.
SQL: SHOW COLUMNS FROM `cq_keyword` [ RunTime:0.0016s ]
SQL: SELECT * FROM `cq_keyword` WHERE (  keyword like '%%' ) LIMIT 1   [ RunTime:0.0002s ]
SQL: SELECT * FROM `cq_img` WHERE (  keyword like '%%' )  [ RunTime:0.0005s ]
NOTIC: [2] trim() expects parameter 1 to be string, array given E:\web\lanhai\www\Admin\Controller\WeixinController.class.php 第 45 行.

