[ 2017-01-31T13:58:08+08:00 ] 182.131.10.11 /index.php/Mobile/News/moban/id/18.html
INFO: [ app_init ] --START--
INFO: Run Behavior\BuildLiteBehavior [ RunTime:0.000019s ]
INFO: [ app_init ] --END-- [ RunTime:0.000091s ]
NOTIC: [8] Use of undefined constant URL_COMPAT - assumed 'URL_COMPAT' E:\web\lanhai\www\ThinkPHP\Library\Think\Dispatcher.class.php 第 183 行.
NOTIC: [8] Use of undefined constant URL_REWRITE - assumed 'URL_REWRITE' E:\web\lanhai\www\ThinkPHP\Library\Think\Dispatcher.class.php 第 185 行.
INFO: [ app_begin ] --START--
INFO: Run Behavior\ReadHtmlCacheBehavior [ RunTime:0.000603s ]
INFO: [ app_begin ] --END-- [ RunTime:0.000673s ]
SQL: SHOW COLUMNS FROM `cq_lanmu` [ RunTime:0.0022s ]
SQL: SELECT * FROM `cq_lanmu` WHERE ( is_show='0' AND lan_id=1 )  [ RunTime:0.0003s ]
SQL: SELECT * FROM `cq_lanmu` WHERE ( is_show='0' AND lan_id=2 )  [ RunTime:0.0003s ]
SQL: SELECT * FROM `cq_lanmu` WHERE ( (is_show = '0') AND pid=2  ) ORDER BY sort  [ RunTime:0.0004s ]
SQL: SELECT * FROM `cq_lanmu` WHERE ( (is_show = '0') AND pid=2  ) ORDER BY sort LIMIT 0,6   [ RunTime:0.0003s ]
SQL: SELECT * FROM `cq_lanmu` WHERE ( is_show='0' AND lan_id=3 )  [ RunTime:0.0002s ]
SQL: SELECT * FROM `cq_lanmu` WHERE ( is_show='0' AND lan_id=4 )  [ RunTime:0.0003s ]
SQL: SELECT * FROM `cq_lanmu` WHERE ( (is_show = '0') AND pid=4 ) ORDER BY sort  [ RunTime:0.0004s ]
SQL: SELECT * FROM `cq_lanmu` WHERE ( (is_show = '0') AND pid=4 ) ORDER BY sort LIMIT 0,6   [ RunTime:0.0004s ]
SQL: SELECT * FROM `cq_lanmu` WHERE ( is_show='0' AND lan_id=5 )  [ RunTime:0.0003s ]
SQL: SELECT * FROM `cq_lanmu` WHERE ( (is_show = '0') AND pid=5 ) ORDER BY sort  [ RunTime:0.0004s ]
SQL: SELECT * FROM `cq_lanmu` WHERE ( is_show='0' AND lan_id=6 )  [ RunTime:0.0003s ]
SQL: SELECT * FROM `cq_lanmu` WHERE ( (is_show = '0') AND pid=6 ) ORDER BY sort  [ RunTime:0.0003s ]
SQL: SELECT * FROM `cq_lanmu` WHERE ( is_show='0' AND lan_id=7 )  [ RunTime:0.0002s ]
SQL: SELECT * FROM `cq_lanmu` WHERE ( (is_show = '0') AND pid=7 ) ORDER BY sort  [ RunTime:0.0003s ]
SQL: SELECT * FROM `cq_lanmu` WHERE ( (is_show = '0') AND pid=7 ) ORDER BY sort LIMIT 0,4   [ RunTime:0.0003s ]
SQL: SELECT * FROM `cq_lanmu` WHERE ( is_show='0' AND lan_id=8 )  [ RunTime:0.0002s ]
SQL: SELECT * FROM `cq_lanmu` WHERE ( is_show='0' AND lan_id=9 )  [ RunTime:0.0002s ]
SQL: SHOW COLUMNS FROM `cq_img` [ RunTime:0.0017s ]
SQL: SELECT * FROM `cq_img` WHERE `id` = 18 LIMIT 1   [ RunTime:0.0003s ]
INFO: [ view_parse ] --START--
INFO: [ template_filter ] --START--
INFO: Run Behavior\ContentReplaceBehavior [ RunTime:0.000072s ]
INFO: [ template_filter ] --END-- [ RunTime:0.000152s ]
INFO: Run Behavior\ParseTemplateBehavior [ RunTime:0.006585s ]
INFO: [ view_parse ] --END-- [ RunTime:0.006658s ]
INFO: [ view_filter ] --START--
INFO: Run Behavior\WriteHtmlCacheBehavior [ RunTime:0.000381s ]
INFO: [ view_filter ] --END-- [ RunTime:0.000437s ]
INFO: [ app_end ] --START--
INFO: Run Behavior\ShowPageTraceBehavior [ RunTime:0.000632s ]
INFO: [ app_end ] --END-- [ RunTime:0.000703s ]

[ 2017-01-31T14:44:38+08:00 ] 123.151.42.47 /index.php/Mobile
INFO: [ app_init ] --START--
INFO: Run Behavior\BuildLiteBehavior [ RunTime:0.000019s ]
INFO: [ app_init ] --END-- [ RunTime:0.000083s ]
NOTIC: [8] Use of undefined constant URL_COMPAT - assumed 'URL_COMPAT' E:\web\lanhai\www\ThinkPHP\Library\Think\Dispatcher.class.php 第 183 行.
NOTIC: [8] Use of undefined constant URL_REWRITE - assumed 'URL_REWRITE' E:\web\lanhai\www\ThinkPHP\Library\Think\Dispatcher.class.php 第 185 行.
INFO: [ app_begin ] --START--
INFO: Run Behavior\ReadHtmlCacheBehavior [ RunTime:0.000707s ]
INFO: [ app_begin ] --END-- [ RunTime:0.000797s ]
SQL: SHOW COLUMNS FROM `cq_lanmu` [ RunTime:0.0021s ]
SQL: SELECT * FROM `cq_lanmu` WHERE ( is_show='0' AND lan_id=1 )  [ RunTime:0.0003s ]
SQL: SELECT * FROM `cq_lanmu` WHERE ( is_show='0' AND lan_id=2 )  [ RunTime:0.0003s ]
SQL: SELECT * FROM `cq_lanmu` WHERE ( (is_show = '0') AND pid=2  ) ORDER BY sort  [ RunTime:0.0004s ]
SQL: SELECT * FROM `cq_lanmu` WHERE ( (is_show = '0') AND pid=2  ) ORDER BY sort LIMIT 0,6   [ RunTime:0.0003s ]
SQL: SELECT * FROM `cq_lanmu` WHERE ( is_show='0' AND lan_id=3 )  [ RunTime:0.0002s ]
SQL: SELECT * FROM `cq_lanmu` WHERE ( is_show='0' AND lan_id=4 )  [ RunTime:0.0002s ]
SQL: SELECT * FROM `cq_lanmu` WHERE ( (is_show = '0') AND pid=4 ) ORDER BY sort  [ RunTime:0.0003s ]
SQL: SELECT * FROM `cq_lanmu` WHERE ( (is_show = '0') AND pid=4 ) ORDER BY sort LIMIT 0,6   [ RunTime:0.0003s ]
SQL: SELECT * FROM `cq_lanmu` WHERE ( is_show='0' AND lan_id=5 )  [ RunTime:0.0002s ]
SQL: SELECT * FROM `cq_lanmu` WHERE ( (is_show = '0') AND pid=5 ) ORDER BY sort  [ RunTime:0.0003s ]
SQL: SELECT * FROM `cq_lanmu` WHERE ( is_show='0' AND lan_id=6 )  [ RunTime:0.0002s ]
SQL: SELECT * FROM `cq_lanmu` WHERE ( (is_show = '0') AND pid=6 ) ORDER BY sort  [ RunTime:0.0003s ]
SQL: SELECT * FROM `cq_lanmu` WHERE ( is_show='0' AND lan_id=7 )  [ RunTime:0.0002s ]
SQL: SELECT * FROM `cq_lanmu` WHERE ( (is_show = '0') AND pid=7 ) ORDER BY sort  [ RunTime:0.0003s ]
SQL: SELECT * FROM `cq_lanmu` WHERE ( (is_show = '0') AND pid=7 ) ORDER BY sort LIMIT 0,4   [ RunTime:0.0003s ]
SQL: SELECT * FROM `cq_lanmu` WHERE ( is_show='0' AND lan_id=8 )  [ RunTime:0.0002s ]
SQL: SELECT * FROM `cq_lanmu` WHERE ( is_show='0' AND lan_id=9 )  [ RunTime:0.0002s ]
SQL: SHOW COLUMNS FROM `cq_banner` [ RunTime:0.0018s ]
SQL: SELECT * FROM `cq_banner` WHERE ( is_show='0' AND is_area='0' AND lan_id=1 AND is_del='0' ) ORDER BY add_time desc LIMIT 0,5   [ RunTime:0.0003s ]
SQL: SELECT * FROM `cq_banner` WHERE ( is_show='0' AND is_area='1' AND lan_id=1 AND is_del='0' ) ORDER BY add_time desc LIMIT 0,1   [ RunTime:0.0003s ]
SQL: SHOW COLUMNS FROM `cq_news` [ RunTime:0.0020s ]
SQL: SELECT * FROM `cq_news` WHERE ( is_show='0' AND lan_id='3' AND is_del='0' ) ORDER BY add_time desc LIMIT 0,5   [ RunTime:0.0016s ]
SQL: SELECT * FROM `cq_news` WHERE ( is_show='0' AND lan_id='3' AND is_del='0' ) ORDER BY add_time desc LIMIT 5,4   [ RunTime:0.0014s ]
SQL: SELECT * FROM cq_news n INNER JOIN cq_lanmu l on n.lan_id=l.lan_id  WHERE ( n.is_show='0' AND n.is_del='0' AND l.pid=4 ) ORDER BY click desc LIMIT 0,3   [ RunTime:0.0013s ]
SQL: SELECT * FROM cq_news n INNER JOIN cq_lanmu l on n.lan_id=l.lan_id  WHERE ( n.is_show='0' AND n.is_del='0' AND l.pid=5 ) ORDER BY click desc LIMIT 0,3   [ RunTime:0.0014s ]
SQL: SELECT * FROM `cq_news` WHERE ( is_show='0' AND is_del='0' AND lan_id=29 OR lan_id=30 OR lan_id=32 ) ORDER BY click desc LIMIT 0,3   [ RunTime:0.0011s ]
SQL: select p1.*,b.board_id,b.board_title,b.todposts,b.posts,b.board_img,u.username from (select p.* from cq_posts as p where p.ctime = (select max(ctime) from cq_posts where board_id = p.board_id)) as p1 right join cq_boards as b on b.board_id = p1.board_id left join cq_user as u on u.user_id = p1.user_id where b.pid <> 0 order by b.sort [ RunTime:0.0036s ]
INFO: [ view_parse ] --START--
INFO: [ template_filter ] --START--
INFO: Run Behavior\ContentReplaceBehavior [ RunTime:0.000211s ]
INFO: [ template_filter ] --END-- [ RunTime:0.000296s ]
INFO: Run Behavior\ParseTemplateBehavior [ RunTime:0.033139s ]
INFO: [ view_parse ] --END-- [ RunTime:0.033222s ]
INFO: [ view_filter ] --START--
INFO: Run Behavior\WriteHtmlCacheBehavior [ RunTime:0.000431s ]
INFO: [ view_filter ] --END-- [ RunTime:0.000485s ]
INFO: [ app_end ] --START--
INFO: Run Behavior\ShowPageTraceBehavior [ RunTime:0.000668s ]
INFO: [ app_end ] --END-- [ RunTime:0.000744s ]

[ 2017-01-31T14:44:44+08:00 ] 123.151.42.47 /index.php/Mobile/News/lanhailist/pid/5.html
INFO: [ app_init ] --START--
INFO: Run Behavior\BuildLiteBehavior [ RunTime:0.000018s ]
INFO: [ app_init ] --END-- [ RunTime:0.000082s ]
NOTIC: [8] Use of undefined constant URL_COMPAT - assumed 'URL_COMPAT' E:\web\lanhai\www\ThinkPHP\Library\Think\Dispatcher.class.php 第 183 行.
NOTIC: [8] Use of undefined constant URL_REWRITE - assumed 'URL_REWRITE' E:\web\lanhai\www\ThinkPHP\Library\Think\Dispatcher.class.php 第 185 行.
INFO: [ app_begin ] --START--
INFO: Run Behavior\ReadHtmlCacheBehavior [ RunTime:0.000669s ]
INFO: [ app_begin ] --END-- [ RunTime:0.000755s ]
SQL: SHOW COLUMNS FROM `cq_lanmu` [ RunTime:0.0029s ]
SQL: SELECT * FROM `cq_lanmu` WHERE ( is_show='0' AND lan_id=1 )  [ RunTime:0.0004s ]
SQL: SELECT * FROM `cq_lanmu` WHERE ( is_show='0' AND lan_id=2 )  [ RunTime:0.0003s ]
SQL: SELECT * FROM `cq_lanmu` WHERE ( (is_show = '0') AND pid=2  ) ORDER BY sort  [ RunTime:0.0005s ]
SQL: SELECT * FROM `cq_lanmu` WHERE ( (is_show = '0') AND pid=2  ) ORDER BY sort LIMIT 0,6   [ RunTime:0.0005s ]
SQL: SELECT * FROM `cq_lanmu` WHERE ( is_show='0' AND lan_id=3 )  [ RunTime:0.0003s ]
SQL: SELECT * FROM `cq_lanmu` WHERE ( is_show='0' AND lan_id=4 )  [ RunTime:0.0003s ]
SQL: SELECT * FROM `cq_lanmu` WHERE ( (is_show = '0') AND pid=4 ) ORDER BY sort  [ RunTime:0.0004s ]
SQL: SELECT * FROM `cq_lanmu` WHERE ( (is_show = '0') AND pid=4 ) ORDER BY sort LIMIT 0,6   [ RunTime:0.0005s ]
SQL: SELECT * FROM `cq_lanmu` WHERE ( is_show='0' AND lan_id=5 )  [ RunTime:0.0004s ]
SQL: SELECT * FROM `cq_lanmu` WHERE ( (is_show = '0') AND pid=5 ) ORDER BY sort  [ RunTime:0.0004s ]
SQL: SELECT * FROM `cq_lanmu` WHERE ( is_show='0' AND lan_id=6 )  [ RunTime:0.0003s ]
SQL: SELECT * FROM `cq_lanmu` WHERE ( (is_show = '0') AND pid=6 ) ORDER BY sort  [ RunTime:0.0003s ]
SQL: SELECT * FROM `cq_lanmu` WHERE ( is_show='0' AND lan_id=7 )  [ RunTime:0.0003s ]
SQL: SELECT * FROM `cq_lanmu` WHERE ( (is_show = '0') AND pid=7 ) ORDER BY sort  [ RunTime:0.0004s ]
SQL: SELECT * FROM `cq_lanmu` WHERE ( (is_show = '0') AND pid=7 ) ORDER BY sort LIMIT 0,4   [ RunTime:0.0003s ]
SQL: SELECT * FROM `cq_lanmu` WHERE ( is_show='0' AND lan_id=8 )  [ RunTime:0.0002s ]
SQL: SELECT * FROM `cq_lanmu` WHERE ( is_show='0' AND lan_id=9 )  [ RunTime:0.0002s ]
SQL: SELECT * FROM `cq_lanmu` WHERE ( lan_id=5 ) LIMIT 1   [ RunTime:0.0002s ]
SQL: SHOW COLUMNS FROM `cq_news` [ RunTime:0.0022s ]
SQL: SELECT n.*,f.* FROM cq_news n INNER JOIN cq_lanmu as f on n.lan_id=f.lan_id  WHERE ( f.pid=5 AND n.is_show='0' AND f.is_show='0' AND is_del='0' ) ORDER BY click desc LIMIT 0,6   [ RunTime:0.0023s ]
SQL: SELECT `lan_id`,`lan_title` FROM `cq_lanmu` WHERE ( pid=5 AND is_show='0' )  [ RunTime:0.0002s ]
SQL: SELECT n.*,f.* FROM cq_news n INNER JOIN cq_lanmu as f on n.lan_id=f.lan_id  WHERE ( f.lan_id=25 AND n.is_show='0' AND f.is_show='0' AND is_del='0' ) ORDER BY add_time desc LIMIT 0,5   [ RunTime:0.0013s ]
SQL: SELECT n.*,f.* FROM cq_news n INNER JOIN cq_lanmu as f on n.lan_id=f.lan_id  WHERE ( f.lan_id=26 AND n.is_show='0' AND f.is_show='0' AND is_del='0' ) ORDER BY add_time desc LIMIT 0,5   [ RunTime:0.0011s ]
SQL: SELECT n.*,f.* FROM cq_news n INNER JOIN cq_lanmu as f on n.lan_id=f.lan_id  WHERE ( f.lan_id=27 AND n.is_show='0' AND f.is_show='0' AND is_del='0' ) ORDER BY add_time desc LIMIT 0,5   [ RunTime:0.0013s ]
SQL: SELECT n.*,f.* FROM cq_news n INNER JOIN cq_lanmu as f on n.lan_id=f.lan_id  WHERE ( f.lan_id=28 AND n.is_show='0' AND f.is_show='0' AND is_del='0' ) ORDER BY add_time desc LIMIT 0,5   [ RunTime:0.0012s ]
INFO: [ view_parse ] --START--
INFO: [ template_filter ] --START--
INFO: Run Behavior\ContentReplaceBehavior [ RunTime:0.000164s ]
INFO: [ template_filter ] --END-- [ RunTime:0.000239s ]
INFO: Run Behavior\ParseTemplateBehavior [ RunTime:0.027523s ]
INFO: [ view_parse ] --END-- [ RunTime:0.027593s ]
INFO: [ view_filter ] --START--
INFO: Run Behavior\WriteHtmlCacheBehavior [ RunTime:0.000403s ]
INFO: [ view_filter ] --END-- [ RunTime:0.000473s ]
INFO: [ app_end ] --START--
INFO: Run Behavior\ShowPageTraceBehavior [ RunTime:0.000637s ]
INFO: [ app_end ] --END-- [ RunTime:0.000700s ]

[ 2017-01-31T14:44:47+08:00 ] 117.185.27.114 /index.php/Mobile
INFO: [ app_init ] --START--
INFO: Run Behavior\BuildLiteBehavior [ RunTime:0.000028s ]
INFO: [ app_init ] --END-- [ RunTime:0.000108s ]
NOTIC: [8] Use of undefined constant URL_COMPAT - assumed 'URL_COMPAT' E:\web\lanhai\www\ThinkPHP\Library\Think\Dispatcher.class.php 第 183 行.
NOTIC: [8] Use of undefined constant URL_REWRITE - assumed 'URL_REWRITE' E:\web\lanhai\www\ThinkPHP\Library\Think\Dispatcher.class.php 第 185 行.
INFO: [ app_begin ] --START--
INFO: Run Behavior\ReadHtmlCacheBehavior [ RunTime:0.000519s ]
INFO: [ app_begin ] --END-- [ RunTime:0.000591s ]
SQL: SHOW COLUMNS FROM `cq_lanmu` [ RunTime:0.0020s ]
SQL: SELECT * FROM `cq_lanmu` WHERE ( is_show='0' AND lan_id=1 )  [ RunTime:0.0003s ]
SQL: SELECT * FROM `cq_lanmu` WHERE ( is_show='0' AND lan_id=2 )  [ RunTime:0.0003s ]
SQL: SELECT * FROM `cq_lanmu` WHERE ( (is_show = '0') AND pid=2  ) ORDER BY sort  [ RunTime:0.0004s ]
SQL: SELECT * FROM `cq_lanmu` WHERE ( (is_show = '0') AND pid=2  ) ORDER BY sort LIMIT 0,6   [ RunTime:0.0003s ]
SQL: SELECT * FROM `cq_lanmu` WHERE ( is_show='0' AND lan_id=3 )  [ RunTime:0.0002s ]
SQL: SELECT * FROM `cq_lanmu` WHERE ( is_show='0' AND lan_id=4 )  [ RunTime:0.0002s ]
SQL: SELECT * FROM `cq_lanmu` WHERE ( (is_show = '0') AND pid=4 ) ORDER BY sort  [ RunTime:0.0003s ]
SQL: SELECT * FROM `cq_lanmu` WHERE ( (is_show = '0') AND pid=4 ) ORDER BY sort LIMIT 0,6   [ RunTime:0.0003s ]
SQL: SELECT * FROM `cq_lanmu` WHERE ( is_show='0' AND lan_id=5 )  [ RunTime:0.0002s ]
SQL: SELECT * FROM `cq_lanmu` WHERE ( (is_show = '0') AND pid=5 ) ORDER BY sort  [ RunTime:0.0003s ]
SQL: SELECT * FROM `cq_lanmu` WHERE ( is_show='0' AND lan_id=6 )  [ RunTime:0.0002s ]
SQL: SELECT * FROM `cq_lanmu` WHERE ( (is_show = '0') AND pid=6 ) ORDER BY sort  [ RunTime:0.0003s ]
SQL: SELECT * FROM `cq_lanmu` WHERE ( is_show='0' AND lan_id=7 )  [ RunTime:0.0003s ]
SQL: SELECT * FROM `cq_lanmu` WHERE ( (is_show = '0') AND pid=7 ) ORDER BY sort  [ RunTime:0.0003s ]
SQL: SELECT * FROM `cq_lanmu` WHERE ( (is_show = '0') AND pid=7 ) ORDER BY sort LIMIT 0,4   [ RunTime:0.0003s ]
SQL: SELECT * FROM `cq_lanmu` WHERE ( is_show='0' AND lan_id=8 )  [ RunTime:0.0002s ]
SQL: SELECT * FROM `cq_lanmu` WHERE ( is_show='0' AND lan_id=9 )  [ RunTime:0.0002s ]
SQL: SHOW COLUMNS FROM `cq_banner` [ RunTime:0.0018s ]
SQL: SELECT * FROM `cq_banner` WHERE ( is_show='0' AND is_area='0' AND lan_id=1 AND is_del='0' ) ORDER BY add_time desc LIMIT 0,5   [ RunTime:0.0004s ]
SQL: SELECT * FROM `cq_banner` WHERE ( is_show='0' AND is_area='1' AND lan_id=1 AND is_del='0' ) ORDER BY add_time desc LIMIT 0,1   [ RunTime:0.0003s ]
SQL: SHOW COLUMNS FROM `cq_news` [ RunTime:0.0021s ]
SQL: SELECT * FROM `cq_news` WHERE ( is_show='0' AND lan_id='3' AND is_del='0' ) ORDER BY add_time desc LIMIT 0,5   [ RunTime:0.0016s ]
SQL: SELECT * FROM `cq_news` WHERE ( is_show='0' AND lan_id='3' AND is_del='0' ) ORDER BY add_time desc LIMIT 5,4   [ RunTime:0.0014s ]
SQL: SELECT * FROM cq_news n INNER JOIN cq_lanmu l on n.lan_id=l.lan_id  WHERE ( n.is_show='0' AND n.is_del='0' AND l.pid=4 ) ORDER BY click desc LIMIT 0,3   [ RunTime:0.0014s ]
SQL: SELECT * FROM cq_news n INNER JOIN cq_lanmu l on n.lan_id=l.lan_id  WHERE ( n.is_show='0' AND n.is_del='0' AND l.pid=5 ) ORDER BY click desc LIMIT 0,3   [ RunTime:0.0014s ]
SQL: SELECT * FROM `cq_news` WHERE ( is_show='0' AND is_del='0' AND lan_id=29 OR lan_id=30 OR lan_id=32 ) ORDER BY click desc LIMIT 0,3   [ RunTime:0.0012s ]
SQL: select p1.*,b.board_id,b.board_title,b.todposts,b.posts,b.board_img,u.username from (select p.* from cq_posts as p where p.ctime = (select max(ctime) from cq_posts where board_id = p.board_id)) as p1 right join cq_boards as b on b.board_id = p1.board_id left join cq_user as u on u.user_id = p1.user_id where b.pid <> 0 order by b.sort [ RunTime:0.0031s ]
INFO: [ view_parse ] --START--
INFO: [ template_filter ] --START--
INFO: Run Behavior\ContentReplaceBehavior [ RunTime:0.000194s ]
INFO: [ template_filter ] --END-- [ RunTime:0.000264s ]
INFO: Run Behavior\ParseTemplateBehavior [ RunTime:0.032682s ]
INFO: [ view_parse ] --END-- [ RunTime:0.032754s ]
INFO: [ view_filter ] --START--
INFO: Run Behavior\WriteHtmlCacheBehavior [ RunTime:0.000282s ]
INFO: [ view_filter ] --END-- [ RunTime:0.000341s ]
INFO: [ app_end ] --START--
INFO: Run Behavior\ShowPageTraceBehavior [ RunTime:0.000535s ]
INFO: [ app_end ] --END-- [ RunTime:0.000598s ]

[ 2017-01-31T14:45:14+08:00 ] 123.151.42.47 /index.php/Mobile/News/detail/news_id/676.html
INFO: [ app_init ] --START--
INFO: Run Behavior\BuildLiteBehavior [ RunTime:0.000020s ]
INFO: [ app_init ] --END-- [ RunTime:0.000103s ]
NOTIC: [8] Use of undefined constant URL_COMPAT - assumed 'URL_COMPAT' E:\web\lanhai\www\ThinkPHP\Library\Think\Dispatcher.class.php 第 183 行.
NOTIC: [8] Use of undefined constant URL_REWRITE - assumed 'URL_REWRITE' E:\web\lanhai\www\ThinkPHP\Library\Think\Dispatcher.class.php 第 185 行.
INFO: [ app_begin ] --START--
INFO: Run Behavior\ReadHtmlCacheBehavior [ RunTime:0.000731s ]
INFO: [ app_begin ] --END-- [ RunTime:0.000800s ]
SQL: SHOW COLUMNS FROM `cq_lanmu` [ RunTime:0.0022s ]
SQL: SELECT * FROM `cq_lanmu` WHERE ( is_show='0' AND lan_id=1 )  [ RunTime:0.0004s ]
SQL: SELECT * FROM `cq_lanmu` WHERE ( is_show='0' AND lan_id=2 )  [ RunTime:0.0003s ]
SQL: SELECT * FROM `cq_lanmu` WHERE ( (is_show = '0') AND pid=2  ) ORDER BY sort  [ RunTime:0.0004s ]
SQL: SELECT * FROM `cq_lanmu` WHERE ( (is_show = '0') AND pid=2  ) ORDER BY sort LIMIT 0,6   [ RunTime:0.0003s ]
SQL: SELECT * FROM `cq_lanmu` WHERE ( is_show='0' AND lan_id=3 )  [ RunTime:0.0003s ]
SQL: SELECT * FROM `cq_lanmu` WHERE ( is_show='0' AND lan_id=4 )  [ RunTime:0.0002s ]
SQL: SELECT * FROM `cq_lanmu` WHERE ( (is_show = '0') AND pid=4 ) ORDER BY sort  [ RunTime:0.0003s ]
SQL: SELECT * FROM `cq_lanmu` WHERE ( (is_show = '0') AND pid=4 ) ORDER BY sort LIMIT 0,6   [ RunTime:0.0003s ]
SQL: SELECT * FROM `cq_lanmu` WHERE ( is_show='0' AND lan_id=5 )  [ RunTime:0.0002s ]
SQL: SELECT * FROM `cq_lanmu` WHERE ( (is_show = '0') AND pid=5 ) ORDER BY sort  [ RunTime:0.0003s ]
SQL: SELECT * FROM `cq_lanmu` WHERE ( is_show='0' AND lan_id=6 )  [ RunTime:0.0002s ]
SQL: SELECT * FROM `cq_lanmu` WHERE ( (is_show = '0') AND pid=6 ) ORDER BY sort  [ RunTime:0.0003s ]
SQL: SELECT * FROM `cq_lanmu` WHERE ( is_show='0' AND lan_id=7 )  [ RunTime:0.0002s ]
SQL: SELECT * FROM `cq_lanmu` WHERE ( (is_show = '0') AND pid=7 ) ORDER BY sort  [ RunTime:0.0003s ]
SQL: SELECT * FROM `cq_lanmu` WHERE ( (is_show = '0') AND pid=7 ) ORDER BY sort LIMIT 0,4   [ RunTime:0.0003s ]
SQL: SELECT * FROM `cq_lanmu` WHERE ( is_show='0' AND lan_id=8 )  [ RunTime:0.0002s ]
SQL: SELECT * FROM `cq_lanmu` WHERE ( is_show='0' AND lan_id=9 )  [ RunTime:0.0002s ]
SQL: SHOW COLUMNS FROM `cq_news` [ RunTime:0.0021s ]
SQL: UPDATE `cq_news` SET `click`=click+1 WHERE `news_id` = 676 [ RunTime:0.0026s ]
SQL: SELECT * FROM `cq_news` WHERE `news_id` = 676 LIMIT 1   [ RunTime:0.0003s ]
SQL: SHOW COLUMNS FROM `cq_ncomment` [ RunTime:0.0017s ]
SQL: SELECT COUNT(*) AS tp_count FROM `cq_ncomment` WHERE `news_id` = 676 AND `display` = '1' LIMIT 1   [ RunTime:0.0003s ]
SQL: SELECT * FROM `cq_ncomment` WHERE `news_id` = 676 AND `display` = '1' ORDER BY add_time desc LIMIT 0,10   [ RunTime:0.0003s ]
INFO: [ view_parse ] --START--
INFO: [ template_filter ] --START--
INFO: Run Behavior\ContentReplaceBehavior [ RunTime:0.000131s ]
INFO: [ template_filter ] --END-- [ RunTime:0.000199s ]
INFO: Run Behavior\ParseTemplateBehavior [ RunTime:0.019013s ]
INFO: [ view_parse ] --END-- [ RunTime:0.019087s ]
INFO: [ view_filter ] --START--
INFO: Run Behavior\WriteHtmlCacheBehavior [ RunTime:0.000392s ]
INFO: [ view_filter ] --END-- [ RunTime:0.000446s ]
INFO: [ app_end ] --START--
INFO: Run Behavior\ShowPageTraceBehavior [ RunTime:0.000679s ]
INFO: [ app_end ] --END-- [ RunTime:0.000742s ]

[ 2017-01-31T14:45:24+08:00 ] 101.226.125.100 /index.php/Mobile/News/detail/news_id/676.html
INFO: [ app_init ] --START--
INFO: Run Behavior\BuildLiteBehavior [ RunTime:0.000020s ]
INFO: [ app_init ] --END-- [ RunTime:0.000084s ]
NOTIC: [8] Use of undefined constant URL_COMPAT - assumed 'URL_COMPAT' E:\web\lanhai\www\ThinkPHP\Library\Think\Dispatcher.class.php 第 183 行.
NOTIC: [8] Use of undefined constant URL_REWRITE - assumed 'URL_REWRITE' E:\web\lanhai\www\ThinkPHP\Library\Think\Dispatcher.class.php 第 185 行.
INFO: [ app_begin ] --START--
INFO: Run Behavior\ReadHtmlCacheBehavior [ RunTime:0.000613s ]
INFO: [ app_begin ] --END-- [ RunTime:0.000685s ]
SQL: SHOW COLUMNS FROM `cq_lanmu` [ RunTime:0.0022s ]
SQL: SELECT * FROM `cq_lanmu` WHERE ( is_show='0' AND lan_id=1 )  [ RunTime:0.0004s ]
SQL: SELECT * FROM `cq_lanmu` WHERE ( is_show='0' AND lan_id=2 )  [ RunTime:0.0003s ]
SQL: SELECT * FROM `cq_lanmu` WHERE ( (is_show = '0') AND pid=2  ) ORDER BY sort  [ RunTime:0.0004s ]
SQL: SELECT * FROM `cq_lanmu` WHERE ( (is_show = '0') AND pid=2  ) ORDER BY sort LIMIT 0,6   [ RunTime:0.0003s ]
SQL: SELECT * FROM `cq_lanmu` WHERE ( is_show='0' AND lan_id=3 )  [ RunTime:0.0003s ]
SQL: SELECT * FROM `cq_lanmu` WHERE ( is_show='0' AND lan_id=4 )  [ RunTime:0.0003s ]
SQL: SELECT * FROM `cq_lanmu` WHERE ( (is_show = '0') AND pid=4 ) ORDER BY sort  [ RunTime:0.0004s ]
SQL: SELECT * FROM `cq_lanmu` WHERE ( (is_show = '0') AND pid=4 ) ORDER BY sort LIMIT 0,6   [ RunTime:0.0003s ]
SQL: SELECT * FROM `cq_lanmu` WHERE ( is_show='0' AND lan_id=5 )  [ RunTime:0.0003s ]
SQL: SELECT * FROM `cq_lanmu` WHERE ( (is_show = '0') AND pid=5 ) ORDER BY sort  [ RunTime:0.0003s ]
SQL: SELECT * FROM `cq_lanmu` WHERE ( is_show='0' AND lan_id=6 )  [ RunTime:0.0003s ]
SQL: SELECT * FROM `cq_lanmu` WHERE ( (is_show = '0') AND pid=6 ) ORDER BY sort  [ RunTime:0.0003s ]
SQL: SELECT * FROM `cq_lanmu` WHERE ( is_show='0' AND lan_id=7 )  [ RunTime:0.0003s ]
SQL: SELECT * FROM `cq_lanmu` WHERE ( (is_show = '0') AND pid=7 ) ORDER BY sort  [ RunTime:0.0003s ]
SQL: SELECT * FROM `cq_lanmu` WHERE ( (is_show = '0') AND pid=7 ) ORDER BY sort LIMIT 0,4   [ RunTime:0.0003s ]
SQL: SELECT * FROM `cq_lanmu` WHERE ( is_show='0' AND lan_id=8 )  [ RunTime:0.0003s ]
SQL: SELECT * FROM `cq_lanmu` WHERE ( is_show='0' AND lan_id=9 )  [ RunTime:0.0002s ]
SQL: SHOW COLUMNS FROM `cq_news` [ RunTime:0.0021s ]
SQL: UPDATE `cq_news` SET `click`=click+1 WHERE `news_id` = 676 [ RunTime:0.0025s ]
SQL: SELECT * FROM `cq_news` WHERE `news_id` = 676 LIMIT 1   [ RunTime:0.0003s ]
SQL: SHOW COLUMNS FROM `cq_ncomment` [ RunTime:0.0017s ]
SQL: SELECT COUNT(*) AS tp_count FROM `cq_ncomment` WHERE `news_id` = 676 AND `display` = '1' LIMIT 1   [ RunTime:0.0003s ]
SQL: SELECT * FROM `cq_ncomment` WHERE `news_id` = 676 AND `display` = '1' ORDER BY add_time desc LIMIT 0,10   [ RunTime:0.0003s ]
INFO: [ view_parse ] --START--
INFO: [ template_filter ] --START--
INFO: Run Behavior\ContentReplaceBehavior [ RunTime:0.000127s ]
INFO: [ template_filter ] --END-- [ RunTime:0.000197s ]
INFO: Run Behavior\ParseTemplateBehavior [ RunTime:0.018830s ]
INFO: [ view_parse ] --END-- [ RunTime:0.018901s ]
INFO: [ view_filter ] --START--
INFO: Run Behavior\WriteHtmlCacheBehavior [ RunTime:0.000349s ]
INFO: [ view_filter ] --END-- [ RunTime:0.000404s ]
INFO: [ app_end ] --START--
INFO: Run Behavior\ShowPageTraceBehavior [ RunTime:0.000550s ]
INFO: [ app_end ] --END-- [ RunTime:0.000612s ]

[ 2017-01-31T14:46:02+08:00 ] 123.151.42.47 /index.php/Mobile/News/detail/news_id/678.html
INFO: [ app_init ] --START--
INFO: Run Behavior\BuildLiteBehavior [ RunTime:0.000018s ]
INFO: [ app_init ] --END-- [ RunTime:0.000081s ]
NOTIC: [8] Use of undefined constant URL_COMPAT - assumed 'URL_COMPAT' E:\web\lanhai\www\ThinkPHP\Library\Think\Dispatcher.class.php 第 183 行.
NOTIC: [8] Use of undefined constant URL_REWRITE - assumed 'URL_REWRITE' E:\web\lanhai\www\ThinkPHP\Library\Think\Dispatcher.class.php 第 185 行.
INFO: [ app_begin ] --START--
INFO: Run Behavior\ReadHtmlCacheBehavior [ RunTime:0.000671s ]
INFO: [ app_begin ] --END-- [ RunTime:0.000740s ]
SQL: SHOW COLUMNS FROM `cq_lanmu` [ RunTime:0.0020s ]
SQL: SELECT * FROM `cq_lanmu` WHERE ( is_show='0' AND lan_id=1 )  [ RunTime:0.0004s ]
SQL: SELECT * FROM `cq_lanmu` WHERE ( is_show='0' AND lan_id=2 )  [ RunTime:0.0003s ]
SQL: SELECT * FROM `cq_lanmu` WHERE ( (is_show = '0') AND pid=2  ) ORDER BY sort  [ RunTime:0.0004s ]
SQL: SELECT * FROM `cq_lanmu` WHERE ( (is_show = '0') AND pid=2  ) ORDER BY sort LIMIT 0,6   [ RunTime:0.0004s ]
SQL: SELECT * FROM `cq_lanmu` WHERE ( is_show='0' AND lan_id=3 )  [ RunTime:0.0018s ]
SQL: SELECT * FROM `cq_lanmu` WHERE ( is_show='0' AND lan_id=4 )  [ RunTime:0.0003s ]
SQL: SELECT * FROM `cq_lanmu` WHERE ( (is_show = '0') AND pid=4 ) ORDER BY sort  [ RunTime:0.0004s ]
SQL: SELECT * FROM `cq_lanmu` WHERE ( (is_show = '0') AND pid=4 ) ORDER BY sort LIMIT 0,6   [ RunTime:0.0004s ]
SQL: SELECT * FROM `cq_lanmu` WHERE ( is_show='0' AND lan_id=5 )  [ RunTime:0.0002s ]
SQL: SELECT * FROM `cq_lanmu` WHERE ( (is_show = '0') AND pid=5 ) ORDER BY sort  [ RunTime:0.0004s ]
SQL: SELECT * FROM `cq_lanmu` WHERE ( is_show='0' AND lan_id=6 )  [ RunTime:0.0002s ]
SQL: SELECT * FROM `cq_lanmu` WHERE ( (is_show = '0') AND pid=6 ) ORDER BY sort  [ RunTime:0.0004s ]
SQL: SELECT * FROM `cq_lanmu` WHERE ( is_show='0' AND lan_id=7 )  [ RunTime:0.0002s ]
SQL: SELECT * FROM `cq_lanmu` WHERE ( (is_show = '0') AND pid=7 ) ORDER BY sort  [ RunTime:0.0003s ]
SQL: SELECT * FROM `cq_lanmu` WHERE ( (is_show = '0') AND pid=7 ) ORDER BY sort LIMIT 0,4   [ RunTime:0.0003s ]
SQL: SELECT * FROM `cq_lanmu` WHERE ( is_show='0' AND lan_id=8 )  [ RunTime:0.0003s ]
SQL: SELECT * FROM `cq_lanmu` WHERE ( is_show='0' AND lan_id=9 )  [ RunTime:0.0002s ]
SQL: SHOW COLUMNS FROM `cq_news` [ RunTime:0.0021s ]
SQL: UPDATE `cq_news` SET `click`=click+1 WHERE `news_id` = 678 [ RunTime:0.0028s ]
SQL: SELECT * FROM `cq_news` WHERE `news_id` = 678 LIMIT 1   [ RunTime:0.0003s ]
SQL: SHOW COLUMNS FROM `cq_ncomment` [ RunTime:0.0019s ]
SQL: SELECT COUNT(*) AS tp_count FROM `cq_ncomment` WHERE `news_id` = 678 AND `display` = '1' LIMIT 1   [ RunTime:0.0003s ]
SQL: SELECT * FROM `cq_ncomment` WHERE `news_id` = 678 AND `display` = '1' ORDER BY add_time desc LIMIT 0,10   [ RunTime:0.0003s ]
INFO: [ view_parse ] --START--
INFO: [ template_filter ] --START--
INFO: Run Behavior\ContentReplaceBehavior [ RunTime:0.000153s ]
INFO: [ template_filter ] --END-- [ RunTime:0.000238s ]
INFO: Run Behavior\ParseTemplateBehavior [ RunTime:0.018324s ]
INFO: [ view_parse ] --END-- [ RunTime:0.018408s ]
INFO: [ view_filter ] --START--
INFO: Run Behavior\WriteHtmlCacheBehavior [ RunTime:0.000377s ]
INFO: [ view_filter ] --END-- [ RunTime:0.000433s ]
INFO: [ app_end ] --START--
INFO: Run Behavior\ShowPageTraceBehavior [ RunTime:0.000654s ]
INFO: [ app_end ] --END-- [ RunTime:0.000727s ]

[ 2017-01-31T14:46:12+08:00 ] 101.226.68.213 /index.php/Mobile/News/detail/news_id/678.html
INFO: [ app_init ] --START--
INFO: Run Behavior\BuildLiteBehavior [ RunTime:0.000021s ]
INFO: [ app_init ] --END-- [ RunTime:0.000089s ]
NOTIC: [8] Use of undefined constant URL_COMPAT - assumed 'URL_COMPAT' E:\web\lanhai\www\ThinkPHP\Library\Think\Dispatcher.class.php 第 183 行.
NOTIC: [8] Use of undefined constant URL_REWRITE - assumed 'URL_REWRITE' E:\web\lanhai\www\ThinkPHP\Library\Think\Dispatcher.class.php 第 185 行.
INFO: [ app_begin ] --START--
INFO: Run Behavior\ReadHtmlCacheBehavior [ RunTime:0.000594s ]
INFO: [ app_begin ] --END-- [ RunTime:0.000664s ]
SQL: SHOW COLUMNS FROM `cq_lanmu` [ RunTime:0.0021s ]
SQL: SELECT * FROM `cq_lanmu` WHERE ( is_show='0' AND lan_id=1 )  [ RunTime:0.0003s ]
SQL: SELECT * FROM `cq_lanmu` WHERE ( is_show='0' AND lan_id=2 )  [ RunTime:0.0003s ]
SQL: SELECT * FROM `cq_lanmu` WHERE ( (is_show = '0') AND pid=2  ) ORDER BY sort  [ RunTime:0.0003s ]
SQL: SELECT * FROM `cq_lanmu` WHERE ( (is_show = '0') AND pid=2  ) ORDER BY sort LIMIT 0,6   [ RunTime:0.0003s ]
SQL: SELECT * FROM `cq_lanmu` WHERE ( is_show='0' AND lan_id=3 )  [ RunTime:0.0002s ]
SQL: SELECT * FROM `cq_lanmu` WHERE ( is_show='0' AND lan_id=4 )  [ RunTime:0.0002s ]
SQL: SELECT * FROM `cq_lanmu` WHERE ( (is_show = '0') AND pid=4 ) ORDER BY sort  [ RunTime:0.0003s ]
SQL: SELECT * FROM `cq_lanmu` WHERE ( (is_show = '0') AND pid=4 ) ORDER BY sort LIMIT 0,6   [ RunTime:0.0003s ]
SQL: SELECT * FROM `cq_lanmu` WHERE ( is_show='0' AND lan_id=5 )  [ RunTime:0.0002s ]
SQL: SELECT * FROM `cq_lanmu` WHERE ( (is_show = '0') AND pid=5 ) ORDER BY sort  [ RunTime:0.0003s ]
SQL: SELECT * FROM `cq_lanmu` WHERE ( is_show='0' AND lan_id=6 )  [ RunTime:0.0002s ]
SQL: SELECT * FROM `cq_lanmu` WHERE ( (is_show = '0') AND pid=6 ) ORDER BY sort  [ RunTime:0.0003s ]
SQL: SELECT * FROM `cq_lanmu` WHERE ( is_show='0' AND lan_id=7 )  [ RunTime:0.0002s ]
SQL: SELECT * FROM `cq_lanmu` WHERE ( (is_show = '0') AND pid=7 ) ORDER BY sort  [ RunTime:0.0003s ]
SQL: SELECT * FROM `cq_lanmu` WHERE ( (is_show = '0') AND pid=7 ) ORDER BY sort LIMIT 0,4   [ RunTime:0.0004s ]
SQL: SELECT * FROM `cq_lanmu` WHERE ( is_show='0' AND lan_id=8 )  [ RunTime:0.0003s ]
SQL: SELECT * FROM `cq_lanmu` WHERE ( is_show='0' AND lan_id=9 )  [ RunTime:0.0003s ]
SQL: SHOW COLUMNS FROM `cq_news` [ RunTime:0.0022s ]
SQL: UPDATE `cq_news` SET `click`=click+1 WHERE `news_id` = 678 [ RunTime:0.0026s ]
SQL: SELECT * FROM `cq_news` WHERE `news_id` = 678 LIMIT 1   [ RunTime:0.0003s ]
SQL: SHOW COLUMNS FROM `cq_ncomment` [ RunTime:0.0018s ]
SQL: SELECT COUNT(*) AS tp_count FROM `cq_ncomment` WHERE `news_id` = 678 AND `display` = '1' LIMIT 1   [ RunTime:0.0003s ]
SQL: SELECT * FROM `cq_ncomment` WHERE `news_id` = 678 AND `display` = '1' ORDER BY add_time desc LIMIT 0,10   [ RunTime:0.0003s ]
INFO: [ view_parse ] --START--
INFO: [ template_filter ] --START--
INFO: Run Behavior\ContentReplaceBehavior [ RunTime:0.000132s ]
INFO: [ template_filter ] --END-- [ RunTime:0.000197s ]
INFO: Run Behavior\ParseTemplateBehavior [ RunTime:0.018651s ]
INFO: [ view_parse ] --END-- [ RunTime:0.018741s ]
INFO: [ view_filter ] --START--
INFO: Run Behavior\WriteHtmlCacheBehavior [ RunTime:0.000401s ]
INFO: [ view_filter ] --END-- [ RunTime:0.000460s ]
INFO: [ app_end ] --START--
INFO: Run Behavior\ShowPageTraceBehavior [ RunTime:0.000568s ]
INFO: [ app_end ] --END-- [ RunTime:0.000640s ]

[ 2017-01-31T16:42:24+08:00 ] 49.229.120.141 /index.php/Mobile
INFO: [ app_init ] --START--
INFO: Run Behavior\BuildLiteBehavior [ RunTime:0.000019s ]
INFO: [ app_init ] --END-- [ RunTime:0.000083s ]
NOTIC: [8] Use of undefined constant URL_COMPAT - assumed 'URL_COMPAT' E:\web\lanhai\www\ThinkPHP\Library\Think\Dispatcher.class.php 第 183 行.
NOTIC: [8] Use of undefined constant URL_REWRITE - assumed 'URL_REWRITE' E:\web\lanhai\www\ThinkPHP\Library\Think\Dispatcher.class.php 第 185 行.
INFO: [ app_begin ] --START--
INFO: Run Behavior\ReadHtmlCacheBehavior [ RunTime:0.000555s ]
INFO: [ app_begin ] --END-- [ RunTime:0.000625s ]
SQL: SHOW COLUMNS FROM `cq_lanmu` [ RunTime:0.0022s ]
SQL: SELECT * FROM `cq_lanmu` WHERE ( is_show='0' AND lan_id=1 )  [ RunTime:0.0004s ]
SQL: SELECT * FROM `cq_lanmu` WHERE ( is_show='0' AND lan_id=2 )  [ RunTime:0.0003s ]
SQL: SELECT * FROM `cq_lanmu` WHERE ( (is_show = '0') AND pid=2  ) ORDER BY sort  [ RunTime:0.0004s ]
SQL: SELECT * FROM `cq_lanmu` WHERE ( (is_show = '0') AND pid=2  ) ORDER BY sort LIMIT 0,6   [ RunTime:0.0004s ]
SQL: SELECT * FROM `cq_lanmu` WHERE ( is_show='0' AND lan_id=3 )  [ RunTime:0.0003s ]
SQL: SELECT * FROM `cq_lanmu` WHERE ( is_show='0' AND lan_id=4 )  [ RunTime:0.0003s ]
SQL: SELECT * FROM `cq_lanmu` WHERE ( (is_show = '0') AND pid=4 ) ORDER BY sort  [ RunTime:0.0004s ]
SQL: SELECT * FROM `cq_lanmu` WHERE ( (is_show = '0') AND pid=4 ) ORDER BY sort LIMIT 0,6   [ RunTime:0.0003s ]
SQL: SELECT * FROM `cq_lanmu` WHERE ( is_show='0' AND lan_id=5 )  [ RunTime:0.0002s ]
SQL: SELECT * FROM `cq_lanmu` WHERE ( (is_show = '0') AND pid=5 ) ORDER BY sort  [ RunTime:0.0003s ]
SQL: SELECT * FROM `cq_lanmu` WHERE ( is_show='0' AND lan_id=6 )  [ RunTime:0.0004s ]
SQL: SELECT * FROM `cq_lanmu` WHERE ( (is_show = '0') AND pid=6 ) ORDER BY sort  [ RunTime:0.0003s ]
SQL: SELECT * FROM `cq_lanmu` WHERE ( is_show='0' AND lan_id=7 )  [ RunTime:0.0003s ]
SQL: SELECT * FROM `cq_lanmu` WHERE ( (is_show = '0') AND pid=7 ) ORDER BY sort  [ RunTime:0.0003s ]
SQL: SELECT * FROM `cq_lanmu` WHERE ( (is_show = '0') AND pid=7 ) ORDER BY sort LIMIT 0,4   [ RunTime:0.0003s ]
SQL: SELECT * FROM `cq_lanmu` WHERE ( is_show='0' AND lan_id=8 )  [ RunTime:0.0002s ]
SQL: SELECT * FROM `cq_lanmu` WHERE ( is_show='0' AND lan_id=9 )  [ RunTime:0.0003s ]
SQL: SHOW COLUMNS FROM `cq_banner` [ RunTime:0.0020s ]
SQL: SELECT * FROM `cq_banner` WHERE ( is_show='0' AND is_area='0' AND lan_id=1 AND is_del='0' ) ORDER BY add_time desc LIMIT 0,5   [ RunTime:0.0004s ]
SQL: SELECT * FROM `cq_banner` WHERE ( is_show='0' AND is_area='1' AND lan_id=1 AND is_del='0' ) ORDER BY add_time desc LIMIT 0,1   [ RunTime:0.0003s ]
SQL: SHOW COLUMNS FROM `cq_news` [ RunTime:0.0023s ]
SQL: SELECT * FROM `cq_news` WHERE ( is_show='0' AND lan_id='3' AND is_del='0' ) ORDER BY add_time desc LIMIT 0,5   [ RunTime:0.0016s ]
SQL: SELECT * FROM `cq_news` WHERE ( is_show='0' AND lan_id='3' AND is_del='0' ) ORDER BY add_time desc LIMIT 5,4   [ RunTime:0.0016s ]
SQL: SELECT * FROM cq_news n INNER JOIN cq_lanmu l on n.lan_id=l.lan_id  WHERE ( n.is_show='0' AND n.is_del='0' AND l.pid=4 ) ORDER BY click desc LIMIT 0,3   [ RunTime:0.0013s ]
SQL: SELECT * FROM cq_news n INNER JOIN cq_lanmu l on n.lan_id=l.lan_id  WHERE ( n.is_show='0' AND n.is_del='0' AND l.pid=5 ) ORDER BY click desc LIMIT 0,3   [ RunTime:0.0015s ]
SQL: SELECT * FROM `cq_news` WHERE ( is_show='0' AND is_del='0' AND lan_id=29 OR lan_id=30 OR lan_id=32 ) ORDER BY click desc LIMIT 0,3   [ RunTime:0.0012s ]
SQL: select p1.*,b.board_id,b.board_title,b.todposts,b.posts,b.board_img,u.username from (select p.* from cq_posts as p where p.ctime = (select max(ctime) from cq_posts where board_id = p.board_id)) as p1 right join cq_boards as b on b.board_id = p1.board_id left join cq_user as u on u.user_id = p1.user_id where b.pid <> 0 order by b.sort [ RunTime:0.0038s ]
INFO: [ view_parse ] --START--
INFO: [ template_filter ] --START--
INFO: Run Behavior\ContentReplaceBehavior [ RunTime:0.000192s ]
INFO: [ template_filter ] --END-- [ RunTime:0.000275s ]
INFO: Run Behavior\ParseTemplateBehavior [ RunTime:0.032915s ]
INFO: [ view_parse ] --END-- [ RunTime:0.032996s ]
INFO: [ view_filter ] --START--
INFO: Run Behavior\WriteHtmlCacheBehavior [ RunTime:0.000413s ]
INFO: [ view_filter ] --END-- [ RunTime:0.000468s ]
INFO: [ app_end ] --START--
INFO: Run Behavior\ShowPageTraceBehavior [ RunTime:0.000574s ]
INFO: [ app_end ] --END-- [ RunTime:0.000640s ]

[ 2017-01-31T19:29:40+08:00 ] 183.240.92.146 /index.php/Mobile/Index/index.html
INFO: [ app_init ] --START--
INFO: Run Behavior\BuildLiteBehavior [ RunTime:0.000028s ]
INFO: [ app_init ] --END-- [ RunTime:0.000114s ]
NOTIC: [8] Use of undefined constant URL_COMPAT - assumed 'URL_COMPAT' E:\web\lanhai\www\ThinkPHP\Library\Think\Dispatcher.class.php 第 183 行.
NOTIC: [8] Use of undefined constant URL_REWRITE - assumed 'URL_REWRITE' E:\web\lanhai\www\ThinkPHP\Library\Think\Dispatcher.class.php 第 185 行.
INFO: [ app_begin ] --START--
INFO: Run Behavior\ReadHtmlCacheBehavior [ RunTime:0.000709s ]
INFO: [ app_begin ] --END-- [ RunTime:0.000781s ]
SQL: SHOW COLUMNS FROM `cq_lanmu` [ RunTime:0.0023s ]
SQL: SELECT * FROM `cq_lanmu` WHERE ( is_show='0' AND lan_id=1 )  [ RunTime:0.0013s ]
SQL: SELECT * FROM `cq_lanmu` WHERE ( is_show='0' AND lan_id=2 )  [ RunTime:0.0003s ]
SQL: SELECT * FROM `cq_lanmu` WHERE ( (is_show = '0') AND pid=2  ) ORDER BY sort  [ RunTime:0.0004s ]
SQL: SELECT * FROM `cq_lanmu` WHERE ( (is_show = '0') AND pid=2  ) ORDER BY sort LIMIT 0,6   [ RunTime:0.0003s ]
SQL: SELECT * FROM `cq_lanmu` WHERE ( is_show='0' AND lan_id=3 )  [ RunTime:0.0003s ]
SQL: SELECT * FROM `cq_lanmu` WHERE ( is_show='0' AND lan_id=4 )  [ RunTime:0.0002s ]
SQL: SELECT * FROM `cq_lanmu` WHERE ( (is_show = '0') AND pid=4 ) ORDER BY sort  [ RunTime:0.0003s ]
SQL: SELECT * FROM `cq_lanmu` WHERE ( (is_show = '0') AND pid=4 ) ORDER BY sort LIMIT 0,6   [ RunTime:0.0003s ]
SQL: SELECT * FROM `cq_lanmu` WHERE ( is_show='0' AND lan_id=5 )  [ RunTime:0.0002s ]
SQL: SELECT * FROM `cq_lanmu` WHERE ( (is_show = '0') AND pid=5 ) ORDER BY sort  [ RunTime:0.0003s ]
SQL: SELECT * FROM `cq_lanmu` WHERE ( is_show='0' AND lan_id=6 )  [ RunTime:0.0002s ]
SQL: SELECT * FROM `cq_lanmu` WHERE ( (is_show = '0') AND pid=6 ) ORDER BY sort  [ RunTime:0.0003s ]
SQL: SELECT * FROM `cq_lanmu` WHERE ( is_show='0' AND lan_id=7 )  [ RunTime:0.0002s ]
SQL: SELECT * FROM `cq_lanmu` WHERE ( (is_show = '0') AND pid=7 ) ORDER BY sort  [ RunTime:0.0003s ]
SQL: SELECT * FROM `cq_lanmu` WHERE ( (is_show = '0') AND pid=7 ) ORDER BY sort LIMIT 0,4   [ RunTime:0.0003s ]
SQL: SELECT * FROM `cq_lanmu` WHERE ( is_show='0' AND lan_id=8 )  [ RunTime:0.0002s ]
SQL: SELECT * FROM `cq_lanmu` WHERE ( is_show='0' AND lan_id=9 )  [ RunTime:0.0002s ]
SQL: SHOW COLUMNS FROM `cq_banner` [ RunTime:0.0021s ]
SQL: SELECT * FROM `cq_banner` WHERE ( is_show='0' AND is_area='0' AND lan_id=1 AND is_del='0' ) ORDER BY add_time desc LIMIT 0,5   [ RunTime:0.0004s ]
SQL: SELECT * FROM `cq_banner` WHERE ( is_show='0' AND is_area='1' AND lan_id=1 AND is_del='0' ) ORDER BY add_time desc LIMIT 0,1   [ RunTime:0.0003s ]
SQL: SHOW COLUMNS FROM `cq_news` [ RunTime:0.0022s ]
SQL: SELECT * FROM `cq_news` WHERE ( is_show='0' AND lan_id='3' AND is_del='0' ) ORDER BY add_time desc LIMIT 0,5   [ RunTime:0.0016s ]
SQL: SELECT * FROM `cq_news` WHERE ( is_show='0' AND lan_id='3' AND is_del='0' ) ORDER BY add_time desc LIMIT 5,4   [ RunTime:0.0016s ]
SQL: SELECT * FROM cq_news n INNER JOIN cq_lanmu l on n.lan_id=l.lan_id  WHERE ( n.is_show='0' AND n.is_del='0' AND l.pid=4 ) ORDER BY click desc LIMIT 0,3   [ RunTime:0.0014s ]
SQL: SELECT * FROM cq_news n INNER JOIN cq_lanmu l on n.lan_id=l.lan_id  WHERE ( n.is_show='0' AND n.is_del='0' AND l.pid=5 ) ORDER BY click desc LIMIT 0,3   [ RunTime:0.0015s ]
SQL: SELECT * FROM `cq_news` WHERE ( is_show='0' AND is_del='0' AND lan_id=29 OR lan_id=30 OR lan_id=32 ) ORDER BY click desc LIMIT 0,3   [ RunTime:0.0012s ]
SQL: select p1.*,b.board_id,b.board_title,b.todposts,b.posts,b.board_img,u.username from (select p.* from cq_posts as p where p.ctime = (select max(ctime) from cq_posts where board_id = p.board_id)) as p1 right join cq_boards as b on b.board_id = p1.board_id left join cq_user as u on u.user_id = p1.user_id where b.pid <> 0 order by b.sort [ RunTime:0.0037s ]
INFO: [ view_parse ] --START--
INFO: [ template_filter ] --START--
INFO: Run Behavior\ContentReplaceBehavior [ RunTime:0.000200s ]
INFO: [ template_filter ] --END-- [ RunTime:0.000279s ]
INFO: Run Behavior\ParseTemplateBehavior [ RunTime:0.033569s ]
INFO: [ view_parse ] --END-- [ RunTime:0.033643s ]
INFO: [ view_filter ] --START--
INFO: Run Behavior\WriteHtmlCacheBehavior [ RunTime:0.000412s ]
INFO: [ view_filter ] --END-- [ RunTime:0.000467s ]
INFO: [ app_end ] --START--
INFO: Run Behavior\ShowPageTraceBehavior [ RunTime:0.000690s ]
INFO: [ app_end ] --END-- [ RunTime:0.000753s ]

