[ 2017-01-23T00:33:38+08:00 ] 123.151.40.40 /index.php/Mobile
INFO: [ app_init ] --START--
INFO: Run Behavior\BuildLiteBehavior [ RunTime:0.000028s ]
INFO: [ app_init ] --END-- [ RunTime:0.000115s ]
NOTIC: [8] Use of undefined constant URL_COMPAT - assumed 'URL_COMPAT' E:\web\lanhai\www\ThinkPHP\Library\Think\Dispatcher.class.php 第 183 行.
NOTIC: [8] Use of undefined constant URL_REWRITE - assumed 'URL_REWRITE' E:\web\lanhai\www\ThinkPHP\Library\Think\Dispatcher.class.php 第 185 行.
INFO: [ app_begin ] --START--
INFO: Run Behavior\ReadHtmlCacheBehavior [ RunTime:0.000564s ]
INFO: [ app_begin ] --END-- [ RunTime:0.000647s ]
SQL: SHOW COLUMNS FROM `cq_lanmu` [ RunTime:0.0023s ]
SQL: SELECT * FROM `cq_lanmu` WHERE ( is_show='0' AND lan_id=1 )  [ RunTime:0.0004s ]
SQL: SELECT * FROM `cq_lanmu` WHERE ( is_show='0' AND lan_id=2 )  [ RunTime:0.0003s ]
SQL: SELECT * FROM `cq_lanmu` WHERE ( (is_show = '0') AND pid=2  ) ORDER BY sort  [ RunTime:0.0005s ]
SQL: SELECT * FROM `cq_lanmu` WHERE ( (is_show = '0') AND pid=2  ) ORDER BY sort LIMIT 0,6   [ RunTime:0.0003s ]
SQL: SELECT * FROM `cq_lanmu` WHERE ( is_show='0' AND lan_id=3 )  [ RunTime:0.0003s ]
SQL: SELECT * FROM `cq_lanmu` WHERE ( is_show='0' AND lan_id=4 )  [ RunTime:0.0002s ]
SQL: SELECT * FROM `cq_lanmu` WHERE ( (is_show = '0') AND pid=4 ) ORDER BY sort  [ RunTime:0.0003s ]
SQL: SELECT * FROM `cq_lanmu` WHERE ( (is_show = '0') AND pid=4 ) ORDER BY sort LIMIT 0,6   [ RunTime:0.0003s ]
SQL: SELECT * FROM `cq_lanmu` WHERE ( is_show='0' AND lan_id=5 )  [ RunTime:0.0002s ]
SQL: SELECT * FROM `cq_lanmu` WHERE ( (is_show = '0') AND pid=5 ) ORDER BY sort  [ RunTime:0.0003s ]
SQL: SELECT * FROM `cq_lanmu` WHERE ( is_show='0' AND lan_id=6 )  [ RunTime:0.0002s ]
SQL: SELECT * FROM `cq_lanmu` WHERE ( (is_show = '0') AND pid=6 ) ORDER BY sort  [ RunTime:0.0003s ]
SQL: SELECT * FROM `cq_lanmu` WHERE ( is_show='0' AND lan_id=7 )  [ RunTime:0.0002s ]
SQL: SELECT * FROM `cq_lanmu` WHERE ( (is_show = '0') AND pid=7 ) ORDER BY sort  [ RunTime:0.0003s ]
SQL: SELECT * FROM `cq_lanmu` WHERE ( (is_show = '0') AND pid=7 ) ORDER BY sort LIMIT 0,4   [ RunTime:0.0003s ]
SQL: SELECT * FROM `cq_lanmu` WHERE ( is_show='0' AND lan_id=8 )  [ RunTime:0.0002s ]
SQL: SELECT * FROM `cq_lanmu` WHERE ( is_show='0' AND lan_id=9 )  [ RunTime:0.0002s ]
SQL: SHOW COLUMNS FROM `cq_banner` [ RunTime:0.0021s ]
SQL: SELECT * FROM `cq_banner` WHERE ( is_show='0' AND is_area='0' AND lan_id=1 AND is_del='0' ) ORDER BY add_time desc LIMIT 0,5   [ RunTime:0.0004s ]
SQL: SELECT * FROM `cq_banner` WHERE ( is_show='0' AND is_area='1' AND lan_id=1 AND is_del='0' ) ORDER BY add_time desc LIMIT 0,1   [ RunTime:0.0003s ]
SQL: SHOW COLUMNS FROM `cq_news` [ RunTime:0.0024s ]
SQL: SELECT * FROM `cq_news` WHERE ( is_show='0' AND lan_id='3' AND is_del='0' ) ORDER BY add_time desc LIMIT 0,5   [ RunTime:0.0017s ]
SQL: SELECT * FROM `cq_news` WHERE ( is_show='0' AND lan_id='3' AND is_del='0' ) ORDER BY add_time desc LIMIT 5,4   [ RunTime:0.0016s ]
SQL: SELECT * FROM cq_news n INNER JOIN cq_lanmu l on n.lan_id=l.lan_id  WHERE ( n.is_show='0' AND n.is_del='0' AND l.pid=4 ) ORDER BY click desc LIMIT 0,3   [ RunTime:0.0013s ]
SQL: SELECT * FROM cq_news n INNER JOIN cq_lanmu l on n.lan_id=l.lan_id  WHERE ( n.is_show='0' AND n.is_del='0' AND l.pid=5 ) ORDER BY click desc LIMIT 0,3   [ RunTime:0.0016s ]
SQL: SELECT * FROM `cq_news` WHERE ( is_show='0' AND is_del='0' AND lan_id=29 OR lan_id=30 OR lan_id=32 ) ORDER BY click desc LIMIT 0,3   [ RunTime:0.0013s ]
SQL: select p1.*,b.board_id,b.board_title,b.todposts,b.posts,b.board_img,u.username from (select p.* from cq_posts as p where p.ctime = (select max(ctime) from cq_posts where board_id = p.board_id)) as p1 right join cq_boards as b on b.board_id = p1.board_id left join cq_user as u on u.user_id = p1.user_id where b.pid <> 0 order by b.sort [ RunTime:0.0039s ]
INFO: [ view_parse ] --START--
INFO: [ template_filter ] --START--
INFO: Run Behavior\ContentReplaceBehavior [ RunTime:0.000185s ]
INFO: [ template_filter ] --END-- [ RunTime:0.000254s ]
INFO: Run Behavior\ParseTemplateBehavior [ RunTime:0.032020s ]
INFO: [ view_parse ] --END-- [ RunTime:0.032094s ]
INFO: [ view_filter ] --START--
INFO: Run Behavior\WriteHtmlCacheBehavior [ RunTime:0.000408s ]
INFO: [ view_filter ] --END-- [ RunTime:0.000470s ]
INFO: [ app_end ] --START--
INFO: Run Behavior\ShowPageTraceBehavior [ RunTime:0.000586s ]
INFO: [ app_end ] --END-- [ RunTime:0.000660s ]

[ 2017-01-23T08:36:25+08:00 ] 101.226.114.166 /index.php/Mobile
INFO: [ app_init ] --START--
INFO: Run Behavior\BuildLiteBehavior [ RunTime:0.000019s ]
INFO: [ app_init ] --END-- [ RunTime:0.000083s ]
NOTIC: [8] Use of undefined constant URL_COMPAT - assumed 'URL_COMPAT' E:\web\lanhai\www\ThinkPHP\Library\Think\Dispatcher.class.php 第 183 行.
NOTIC: [8] Use of undefined constant URL_REWRITE - assumed 'URL_REWRITE' E:\web\lanhai\www\ThinkPHP\Library\Think\Dispatcher.class.php 第 185 行.
INFO: [ app_begin ] --START--
INFO: Run Behavior\ReadHtmlCacheBehavior [ RunTime:0.000494s ]
INFO: [ app_begin ] --END-- [ RunTime:0.000563s ]
SQL: SHOW COLUMNS FROM `cq_lanmu` [ RunTime:0.0022s ]
SQL: SELECT * FROM `cq_lanmu` WHERE ( is_show='0' AND lan_id=1 )  [ RunTime:0.0003s ]
SQL: SELECT * FROM `cq_lanmu` WHERE ( is_show='0' AND lan_id=2 )  [ RunTime:0.0003s ]
SQL: SELECT * FROM `cq_lanmu` WHERE ( (is_show = '0') AND pid=2  ) ORDER BY sort  [ RunTime:0.0003s ]
SQL: SELECT * FROM `cq_lanmu` WHERE ( (is_show = '0') AND pid=2  ) ORDER BY sort LIMIT 0,6   [ RunTime:0.0003s ]
SQL: SELECT * FROM `cq_lanmu` WHERE ( is_show='0' AND lan_id=3 )  [ RunTime:0.0002s ]
SQL: SELECT * FROM `cq_lanmu` WHERE ( is_show='0' AND lan_id=4 )  [ RunTime:0.0003s ]
SQL: SELECT * FROM `cq_lanmu` WHERE ( (is_show = '0') AND pid=4 ) ORDER BY sort  [ RunTime:0.0003s ]
SQL: SELECT * FROM `cq_lanmu` WHERE ( (is_show = '0') AND pid=4 ) ORDER BY sort LIMIT 0,6   [ RunTime:0.0004s ]
SQL: SELECT * FROM `cq_lanmu` WHERE ( is_show='0' AND lan_id=5 )  [ RunTime:0.0002s ]
SQL: SELECT * FROM `cq_lanmu` WHERE ( (is_show = '0') AND pid=5 ) ORDER BY sort  [ RunTime:0.0003s ]
SQL: SELECT * FROM `cq_lanmu` WHERE ( is_show='0' AND lan_id=6 )  [ RunTime:0.0002s ]
SQL: SELECT * FROM `cq_lanmu` WHERE ( (is_show = '0') AND pid=6 ) ORDER BY sort  [ RunTime:0.0003s ]
SQL: SELECT * FROM `cq_lanmu` WHERE ( is_show='0' AND lan_id=7 )  [ RunTime:0.0002s ]
SQL: SELECT * FROM `cq_lanmu` WHERE ( (is_show = '0') AND pid=7 ) ORDER BY sort  [ RunTime:0.0003s ]
SQL: SELECT * FROM `cq_lanmu` WHERE ( (is_show = '0') AND pid=7 ) ORDER BY sort LIMIT 0,4   [ RunTime:0.0004s ]
SQL: SELECT * FROM `cq_lanmu` WHERE ( is_show='0' AND lan_id=8 )  [ RunTime:0.0002s ]
SQL: SELECT * FROM `cq_lanmu` WHERE ( is_show='0' AND lan_id=9 )  [ RunTime:0.0003s ]
SQL: SHOW COLUMNS FROM `cq_banner` [ RunTime:0.0022s ]
SQL: SELECT * FROM `cq_banner` WHERE ( is_show='0' AND is_area='0' AND lan_id=1 AND is_del='0' ) ORDER BY add_time desc LIMIT 0,5   [ RunTime:0.0008s ]
SQL: SELECT * FROM `cq_banner` WHERE ( is_show='0' AND is_area='1' AND lan_id=1 AND is_del='0' ) ORDER BY add_time desc LIMIT 0,1   [ RunTime:0.0003s ]
SQL: SHOW COLUMNS FROM `cq_news` [ RunTime:0.0025s ]
SQL: SELECT * FROM `cq_news` WHERE ( is_show='0' AND lan_id='3' AND is_del='0' ) ORDER BY add_time desc LIMIT 0,5   [ RunTime:0.0022s ]
SQL: SELECT * FROM `cq_news` WHERE ( is_show='0' AND lan_id='3' AND is_del='0' ) ORDER BY add_time desc LIMIT 5,4   [ RunTime:0.0017s ]
SQL: SELECT * FROM cq_news n INNER JOIN cq_lanmu l on n.lan_id=l.lan_id  WHERE ( n.is_show='0' AND n.is_del='0' AND l.pid=4 ) ORDER BY click desc LIMIT 0,3   [ RunTime:0.0018s ]
SQL: SELECT * FROM cq_news n INNER JOIN cq_lanmu l on n.lan_id=l.lan_id  WHERE ( n.is_show='0' AND n.is_del='0' AND l.pid=5 ) ORDER BY click desc LIMIT 0,3   [ RunTime:0.0020s ]
SQL: SELECT * FROM `cq_news` WHERE ( is_show='0' AND is_del='0' AND lan_id=29 OR lan_id=30 OR lan_id=32 ) ORDER BY click desc LIMIT 0,3   [ RunTime:0.0012s ]
SQL: select p1.*,b.board_id,b.board_title,b.todposts,b.posts,b.board_img,u.username from (select p.* from cq_posts as p where p.ctime = (select max(ctime) from cq_posts where board_id = p.board_id)) as p1 right join cq_boards as b on b.board_id = p1.board_id left join cq_user as u on u.user_id = p1.user_id where b.pid <> 0 order by b.sort [ RunTime:0.0039s ]
INFO: [ view_parse ] --START--
INFO: [ template_filter ] --START--
INFO: Run Behavior\ContentReplaceBehavior [ RunTime:0.000172s ]
INFO: [ template_filter ] --END-- [ RunTime:0.000243s ]
INFO: Run Behavior\ParseTemplateBehavior [ RunTime:0.031414s ]
INFO: [ view_parse ] --END-- [ RunTime:0.031487s ]
INFO: [ view_filter ] --START--
INFO: Run Behavior\WriteHtmlCacheBehavior [ RunTime:0.000334s ]
INFO: [ view_filter ] --END-- [ RunTime:0.000390s ]
INFO: [ app_end ] --START--
INFO: Run Behavior\ShowPageTraceBehavior [ RunTime:0.000549s ]
INFO: [ app_end ] --END-- [ RunTime:0.000613s ]

[ 2017-01-23T08:36:39+08:00 ] 101.226.114.166 /index.php/Mobile/News/detail/news_id/670.html
INFO: [ app_init ] --START--
INFO: Run Behavior\BuildLiteBehavior [ RunTime:0.000020s ]
INFO: [ app_init ] --END-- [ RunTime:0.000083s ]
NOTIC: [8] Use of undefined constant URL_COMPAT - assumed 'URL_COMPAT' E:\web\lanhai\www\ThinkPHP\Library\Think\Dispatcher.class.php 第 183 行.
NOTIC: [8] Use of undefined constant URL_REWRITE - assumed 'URL_REWRITE' E:\web\lanhai\www\ThinkPHP\Library\Think\Dispatcher.class.php 第 185 行.
INFO: [ app_begin ] --START--
INFO: Run Behavior\ReadHtmlCacheBehavior [ RunTime:0.000608s ]
INFO: [ app_begin ] --END-- [ RunTime:0.000679s ]
SQL: SHOW COLUMNS FROM `cq_lanmu` [ RunTime:0.0020s ]
SQL: SELECT * FROM `cq_lanmu` WHERE ( is_show='0' AND lan_id=1 )  [ RunTime:0.0004s ]
SQL: SELECT * FROM `cq_lanmu` WHERE ( is_show='0' AND lan_id=2 )  [ RunTime:0.0003s ]
SQL: SELECT * FROM `cq_lanmu` WHERE ( (is_show = '0') AND pid=2  ) ORDER BY sort  [ RunTime:0.0004s ]
SQL: SELECT * FROM `cq_lanmu` WHERE ( (is_show = '0') AND pid=2  ) ORDER BY sort LIMIT 0,6   [ RunTime:0.0004s ]
SQL: SELECT * FROM `cq_lanmu` WHERE ( is_show='0' AND lan_id=3 )  [ RunTime:0.0003s ]
SQL: SELECT * FROM `cq_lanmu` WHERE ( is_show='0' AND lan_id=4 )  [ RunTime:0.0003s ]
SQL: SELECT * FROM `cq_lanmu` WHERE ( (is_show = '0') AND pid=4 ) ORDER BY sort  [ RunTime:0.0004s ]
SQL: SELECT * FROM `cq_lanmu` WHERE ( (is_show = '0') AND pid=4 ) ORDER BY sort LIMIT 0,6   [ RunTime:0.0004s ]
SQL: SELECT * FROM `cq_lanmu` WHERE ( is_show='0' AND lan_id=5 )  [ RunTime:0.0003s ]
SQL: SELECT * FROM `cq_lanmu` WHERE ( (is_show = '0') AND pid=5 ) ORDER BY sort  [ RunTime:0.0003s ]
SQL: SELECT * FROM `cq_lanmu` WHERE ( is_show='0' AND lan_id=6 )  [ RunTime:0.0003s ]
SQL: SELECT * FROM `cq_lanmu` WHERE ( (is_show = '0') AND pid=6 ) ORDER BY sort  [ RunTime:0.0004s ]
SQL: SELECT * FROM `cq_lanmu` WHERE ( is_show='0' AND lan_id=7 )  [ RunTime:0.0003s ]
SQL: SELECT * FROM `cq_lanmu` WHERE ( (is_show = '0') AND pid=7 ) ORDER BY sort  [ RunTime:0.0003s ]
SQL: SELECT * FROM `cq_lanmu` WHERE ( (is_show = '0') AND pid=7 ) ORDER BY sort LIMIT 0,4   [ RunTime:0.0003s ]
SQL: SELECT * FROM `cq_lanmu` WHERE ( is_show='0' AND lan_id=8 )  [ RunTime:0.0003s ]
SQL: SELECT * FROM `cq_lanmu` WHERE ( is_show='0' AND lan_id=9 )  [ RunTime:0.0003s ]
SQL: SHOW COLUMNS FROM `cq_news` [ RunTime:0.0020s ]
SQL: UPDATE `cq_news` SET `click`=click+1 WHERE `news_id` = 670 [ RunTime:0.0026s ]
SQL: SELECT * FROM `cq_news` WHERE `news_id` = 670 LIMIT 1   [ RunTime:0.0003s ]
SQL: SHOW COLUMNS FROM `cq_ncomment` [ RunTime:0.0017s ]
SQL: SELECT COUNT(*) AS tp_count FROM `cq_ncomment` WHERE `news_id` = 670 AND `display` = '1' LIMIT 1   [ RunTime:0.0003s ]
SQL: SELECT * FROM `cq_ncomment` WHERE `news_id` = 670 AND `display` = '1' ORDER BY add_time desc LIMIT 0,10   [ RunTime:0.0003s ]
INFO: [ view_parse ] --START--
INFO: [ template_filter ] --START--
INFO: Run Behavior\ContentReplaceBehavior [ RunTime:0.000131s ]
INFO: [ template_filter ] --END-- [ RunTime:0.000214s ]
INFO: Run Behavior\ParseTemplateBehavior [ RunTime:0.019340s ]
INFO: [ view_parse ] --END-- [ RunTime:0.019410s ]
INFO: [ view_filter ] --START--
INFO: Run Behavior\WriteHtmlCacheBehavior [ RunTime:0.000331s ]
INFO: [ view_filter ] --END-- [ RunTime:0.000384s ]
INFO: [ app_end ] --START--
INFO: Run Behavior\ShowPageTraceBehavior [ RunTime:0.000603s ]
INFO: [ app_end ] --END-- [ RunTime:0.000683s ]

[ 2017-01-23T08:37:13+08:00 ] 101.226.114.166 /index.php/Mobile/News/detail/news_id/665.html
INFO: [ app_init ] --START--
INFO: Run Behavior\BuildLiteBehavior [ RunTime:0.000022s ]
INFO: [ app_init ] --END-- [ RunTime:0.000091s ]
NOTIC: [8] Use of undefined constant URL_COMPAT - assumed 'URL_COMPAT' E:\web\lanhai\www\ThinkPHP\Library\Think\Dispatcher.class.php 第 183 行.
NOTIC: [8] Use of undefined constant URL_REWRITE - assumed 'URL_REWRITE' E:\web\lanhai\www\ThinkPHP\Library\Think\Dispatcher.class.php 第 185 行.
INFO: [ app_begin ] --START--
INFO: Run Behavior\ReadHtmlCacheBehavior [ RunTime:0.000668s ]
INFO: [ app_begin ] --END-- [ RunTime:0.000744s ]
SQL: SHOW COLUMNS FROM `cq_lanmu` [ RunTime:0.0021s ]
SQL: SELECT * FROM `cq_lanmu` WHERE ( is_show='0' AND lan_id=1 )  [ RunTime:0.0004s ]
SQL: SELECT * FROM `cq_lanmu` WHERE ( is_show='0' AND lan_id=2 )  [ RunTime:0.0003s ]
SQL: SELECT * FROM `cq_lanmu` WHERE ( (is_show = '0') AND pid=2  ) ORDER BY sort  [ RunTime:0.0004s ]
SQL: SELECT * FROM `cq_lanmu` WHERE ( (is_show = '0') AND pid=2  ) ORDER BY sort LIMIT 0,6   [ RunTime:0.0003s ]
SQL: SELECT * FROM `cq_lanmu` WHERE ( is_show='0' AND lan_id=3 )  [ RunTime:0.0003s ]
SQL: SELECT * FROM `cq_lanmu` WHERE ( is_show='0' AND lan_id=4 )  [ RunTime:0.0002s ]
SQL: SELECT * FROM `cq_lanmu` WHERE ( (is_show = '0') AND pid=4 ) ORDER BY sort  [ RunTime:0.0003s ]
SQL: SELECT * FROM `cq_lanmu` WHERE ( (is_show = '0') AND pid=4 ) ORDER BY sort LIMIT 0,6   [ RunTime:0.0003s ]
SQL: SELECT * FROM `cq_lanmu` WHERE ( is_show='0' AND lan_id=5 )  [ RunTime:0.0002s ]
SQL: SELECT * FROM `cq_lanmu` WHERE ( (is_show = '0') AND pid=5 ) ORDER BY sort  [ RunTime:0.0003s ]
SQL: SELECT * FROM `cq_lanmu` WHERE ( is_show='0' AND lan_id=6 )  [ RunTime:0.0002s ]
SQL: SELECT * FROM `cq_lanmu` WHERE ( (is_show = '0') AND pid=6 ) ORDER BY sort  [ RunTime:0.0003s ]
SQL: SELECT * FROM `cq_lanmu` WHERE ( is_show='0' AND lan_id=7 )  [ RunTime:0.0002s ]
SQL: SELECT * FROM `cq_lanmu` WHERE ( (is_show = '0') AND pid=7 ) ORDER BY sort  [ RunTime:0.0003s ]
SQL: SELECT * FROM `cq_lanmu` WHERE ( (is_show = '0') AND pid=7 ) ORDER BY sort LIMIT 0,4   [ RunTime:0.0003s ]
SQL: SELECT * FROM `cq_lanmu` WHERE ( is_show='0' AND lan_id=8 )  [ RunTime:0.0002s ]
SQL: SELECT * FROM `cq_lanmu` WHERE ( is_show='0' AND lan_id=9 )  [ RunTime:0.0002s ]
SQL: SHOW COLUMNS FROM `cq_news` [ RunTime:0.0020s ]
SQL: UPDATE `cq_news` SET `click`=click+1 WHERE `news_id` = 665 [ RunTime:0.0026s ]
SQL: SELECT * FROM `cq_news` WHERE `news_id` = 665 LIMIT 1   [ RunTime:0.0004s ]
SQL: SHOW COLUMNS FROM `cq_ncomment` [ RunTime:0.0017s ]
SQL: SELECT COUNT(*) AS tp_count FROM `cq_ncomment` WHERE `news_id` = 665 AND `display` = '1' LIMIT 1   [ RunTime:0.0003s ]
SQL: SELECT * FROM `cq_ncomment` WHERE `news_id` = 665 AND `display` = '1' ORDER BY add_time desc LIMIT 0,10   [ RunTime:0.0003s ]
INFO: [ view_parse ] --START--
INFO: [ template_filter ] --START--
INFO: Run Behavior\ContentReplaceBehavior [ RunTime:0.000137s ]
INFO: [ template_filter ] --END-- [ RunTime:0.000210s ]
INFO: Run Behavior\ParseTemplateBehavior [ RunTime:0.017861s ]
INFO: [ view_parse ] --END-- [ RunTime:0.017937s ]
INFO: [ view_filter ] --START--
INFO: Run Behavior\WriteHtmlCacheBehavior [ RunTime:0.000344s ]
INFO: [ view_filter ] --END-- [ RunTime:0.000405s ]
INFO: [ app_end ] --START--
INFO: Run Behavior\ShowPageTraceBehavior [ RunTime:0.000566s ]
INFO: [ app_end ] --END-- [ RunTime:0.000656s ]

[ 2017-01-23T08:37:22+08:00 ] 101.226.33.221 /index.php/Mobile/News/detail/news_id/665.html
INFO: [ app_init ] --START--
INFO: Run Behavior\BuildLiteBehavior [ RunTime:0.000019s ]
INFO: [ app_init ] --END-- [ RunTime:0.000084s ]
NOTIC: [8] Use of undefined constant URL_COMPAT - assumed 'URL_COMPAT' E:\web\lanhai\www\ThinkPHP\Library\Think\Dispatcher.class.php 第 183 行.
NOTIC: [8] Use of undefined constant URL_REWRITE - assumed 'URL_REWRITE' E:\web\lanhai\www\ThinkPHP\Library\Think\Dispatcher.class.php 第 185 行.
INFO: [ app_begin ] --START--
INFO: Run Behavior\ReadHtmlCacheBehavior [ RunTime:0.000646s ]
INFO: [ app_begin ] --END-- [ RunTime:0.000715s ]
SQL: SHOW COLUMNS FROM `cq_lanmu` [ RunTime:0.0020s ]
SQL: SELECT * FROM `cq_lanmu` WHERE ( is_show='0' AND lan_id=1 )  [ RunTime:0.0004s ]
SQL: SELECT * FROM `cq_lanmu` WHERE ( is_show='0' AND lan_id=2 )  [ RunTime:0.0003s ]
SQL: SELECT * FROM `cq_lanmu` WHERE ( (is_show = '0') AND pid=2  ) ORDER BY sort  [ RunTime:0.0004s ]
SQL: SELECT * FROM `cq_lanmu` WHERE ( (is_show = '0') AND pid=2  ) ORDER BY sort LIMIT 0,6   [ RunTime:0.0003s ]
SQL: SELECT * FROM `cq_lanmu` WHERE ( is_show='0' AND lan_id=3 )  [ RunTime:0.0003s ]
SQL: SELECT * FROM `cq_lanmu` WHERE ( is_show='0' AND lan_id=4 )  [ RunTime:0.0002s ]
SQL: SELECT * FROM `cq_lanmu` WHERE ( (is_show = '0') AND pid=4 ) ORDER BY sort  [ RunTime:0.0003s ]
SQL: SELECT * FROM `cq_lanmu` WHERE ( (is_show = '0') AND pid=4 ) ORDER BY sort LIMIT 0,6   [ RunTime:0.0004s ]
SQL: SELECT * FROM `cq_lanmu` WHERE ( is_show='0' AND lan_id=5 )  [ RunTime:0.0002s ]
SQL: SELECT * FROM `cq_lanmu` WHERE ( (is_show = '0') AND pid=5 ) ORDER BY sort  [ RunTime:0.0004s ]
SQL: SELECT * FROM `cq_lanmu` WHERE ( is_show='0' AND lan_id=6 )  [ RunTime:0.0002s ]
SQL: SELECT * FROM `cq_lanmu` WHERE ( (is_show = '0') AND pid=6 ) ORDER BY sort  [ RunTime:0.0004s ]
SQL: SELECT * FROM `cq_lanmu` WHERE ( is_show='0' AND lan_id=7 )  [ RunTime:0.0003s ]
SQL: SELECT * FROM `cq_lanmu` WHERE ( (is_show = '0') AND pid=7 ) ORDER BY sort  [ RunTime:0.0003s ]
SQL: SELECT * FROM `cq_lanmu` WHERE ( (is_show = '0') AND pid=7 ) ORDER BY sort LIMIT 0,4   [ RunTime:0.0003s ]
SQL: SELECT * FROM `cq_lanmu` WHERE ( is_show='0' AND lan_id=8 )  [ RunTime:0.0002s ]
SQL: SELECT * FROM `cq_lanmu` WHERE ( is_show='0' AND lan_id=9 )  [ RunTime:0.0002s ]
SQL: SHOW COLUMNS FROM `cq_news` [ RunTime:0.0020s ]
SQL: UPDATE `cq_news` SET `click`=click+1 WHERE `news_id` = 665 [ RunTime:0.0028s ]
SQL: SELECT * FROM `cq_news` WHERE `news_id` = 665 LIMIT 1   [ RunTime:0.0004s ]
SQL: SHOW COLUMNS FROM `cq_ncomment` [ RunTime:0.0020s ]
SQL: SELECT COUNT(*) AS tp_count FROM `cq_ncomment` WHERE `news_id` = 665 AND `display` = '1' LIMIT 1   [ RunTime:0.0003s ]
SQL: SELECT * FROM `cq_ncomment` WHERE `news_id` = 665 AND `display` = '1' ORDER BY add_time desc LIMIT 0,10   [ RunTime:0.0003s ]
INFO: [ view_parse ] --START--
INFO: [ template_filter ] --START--
INFO: Run Behavior\ContentReplaceBehavior [ RunTime:0.000128s ]
INFO: [ template_filter ] --END-- [ RunTime:0.000199s ]
INFO: Run Behavior\ParseTemplateBehavior [ RunTime:0.018797s ]
INFO: [ view_parse ] --END-- [ RunTime:0.018870s ]
INFO: [ view_filter ] --START--
INFO: Run Behavior\WriteHtmlCacheBehavior [ RunTime:0.000464s ]
INFO: [ view_filter ] --END-- [ RunTime:0.000545s ]
INFO: [ app_end ] --START--
INFO: Run Behavior\ShowPageTraceBehavior [ RunTime:0.000652s ]
INFO: [ app_end ] --END-- [ RunTime:0.000719s ]

[ 2017-01-23T08:37:22+08:00 ] 112.65.193.14 /index.php/Mobile/News/detail/news_id/665.html
INFO: [ app_init ] --START--
INFO: Run Behavior\BuildLiteBehavior [ RunTime:0.000019s ]
INFO: [ app_init ] --END-- [ RunTime:0.000082s ]
NOTIC: [8] Use of undefined constant URL_COMPAT - assumed 'URL_COMPAT' E:\web\lanhai\www\ThinkPHP\Library\Think\Dispatcher.class.php 第 183 行.
NOTIC: [8] Use of undefined constant URL_REWRITE - assumed 'URL_REWRITE' E:\web\lanhai\www\ThinkPHP\Library\Think\Dispatcher.class.php 第 185 行.
INFO: [ app_begin ] --START--
INFO: Run Behavior\ReadHtmlCacheBehavior [ RunTime:0.000502s ]
INFO: [ app_begin ] --END-- [ RunTime:0.000587s ]
SQL: SHOW COLUMNS FROM `cq_lanmu` [ RunTime:0.0022s ]
SQL: SELECT * FROM `cq_lanmu` WHERE ( is_show='0' AND lan_id=1 )  [ RunTime:0.0003s ]
SQL: SELECT * FROM `cq_lanmu` WHERE ( is_show='0' AND lan_id=2 )  [ RunTime:0.0003s ]
SQL: SELECT * FROM `cq_lanmu` WHERE ( (is_show = '0') AND pid=2  ) ORDER BY sort  [ RunTime:0.0003s ]
SQL: SELECT * FROM `cq_lanmu` WHERE ( (is_show = '0') AND pid=2  ) ORDER BY sort LIMIT 0,6   [ RunTime:0.0004s ]
SQL: SELECT * FROM `cq_lanmu` WHERE ( is_show='0' AND lan_id=3 )  [ RunTime:0.0002s ]
SQL: SELECT * FROM `cq_lanmu` WHERE ( is_show='0' AND lan_id=4 )  [ RunTime:0.0002s ]
SQL: SELECT * FROM `cq_lanmu` WHERE ( (is_show = '0') AND pid=4 ) ORDER BY sort  [ RunTime:0.0003s ]
SQL: SELECT * FROM `cq_lanmu` WHERE ( (is_show = '0') AND pid=4 ) ORDER BY sort LIMIT 0,6   [ RunTime:0.0003s ]
SQL: SELECT * FROM `cq_lanmu` WHERE ( is_show='0' AND lan_id=5 )  [ RunTime:0.0002s ]
SQL: SELECT * FROM `cq_lanmu` WHERE ( (is_show = '0') AND pid=5 ) ORDER BY sort  [ RunTime:0.0003s ]
SQL: SELECT * FROM `cq_lanmu` WHERE ( is_show='0' AND lan_id=6 )  [ RunTime:0.0002s ]
SQL: SELECT * FROM `cq_lanmu` WHERE ( (is_show = '0') AND pid=6 ) ORDER BY sort  [ RunTime:0.0003s ]
SQL: SELECT * FROM `cq_lanmu` WHERE ( is_show='0' AND lan_id=7 )  [ RunTime:0.0002s ]
SQL: SELECT * FROM `cq_lanmu` WHERE ( (is_show = '0') AND pid=7 ) ORDER BY sort  [ RunTime:0.0003s ]
SQL: SELECT * FROM `cq_lanmu` WHERE ( (is_show = '0') AND pid=7 ) ORDER BY sort LIMIT 0,4   [ RunTime:0.0003s ]
SQL: SELECT * FROM `cq_lanmu` WHERE ( is_show='0' AND lan_id=8 )  [ RunTime:0.0002s ]
SQL: SELECT * FROM `cq_lanmu` WHERE ( is_show='0' AND lan_id=9 )  [ RunTime:0.0002s ]
SQL: SHOW COLUMNS FROM `cq_news` [ RunTime:0.0020s ]
SQL: UPDATE `cq_news` SET `click`=click+1 WHERE `news_id` = 665 [ RunTime:0.0024s ]
SQL: SELECT * FROM `cq_news` WHERE `news_id` = 665 LIMIT 1   [ RunTime:0.0004s ]
SQL: SHOW COLUMNS FROM `cq_ncomment` [ RunTime:0.0017s ]
SQL: SELECT COUNT(*) AS tp_count FROM `cq_ncomment` WHERE `news_id` = 665 AND `display` = '1' LIMIT 1   [ RunTime:0.0003s ]
SQL: SELECT * FROM `cq_ncomment` WHERE `news_id` = 665 AND `display` = '1' ORDER BY add_time desc LIMIT 0,10   [ RunTime:0.0003s ]
INFO: [ view_parse ] --START--
INFO: [ template_filter ] --START--
INFO: Run Behavior\ContentReplaceBehavior [ RunTime:0.000129s ]
INFO: [ template_filter ] --END-- [ RunTime:0.000195s ]
INFO: Run Behavior\ParseTemplateBehavior [ RunTime:0.017666s ]
INFO: [ view_parse ] --END-- [ RunTime:0.017739s ]
INFO: [ view_filter ] --START--
INFO: Run Behavior\WriteHtmlCacheBehavior [ RunTime:0.000290s ]
INFO: [ view_filter ] --END-- [ RunTime:0.000367s ]
INFO: [ app_end ] --START--
INFO: Run Behavior\ShowPageTraceBehavior [ RunTime:0.000468s ]
INFO: [ app_end ] --END-- [ RunTime:0.000538s ]

[ 2017-01-23T08:37:22+08:00 ] 140.207.124.105 /index.php/Mobile/News/detail/news_id/665.html
INFO: [ app_init ] --START--
INFO: Run Behavior\BuildLiteBehavior [ RunTime:0.000020s ]
INFO: [ app_init ] --END-- [ RunTime:0.000085s ]
NOTIC: [8] Use of undefined constant URL_COMPAT - assumed 'URL_COMPAT' E:\web\lanhai\www\ThinkPHP\Library\Think\Dispatcher.class.php 第 183 行.
NOTIC: [8] Use of undefined constant URL_REWRITE - assumed 'URL_REWRITE' E:\web\lanhai\www\ThinkPHP\Library\Think\Dispatcher.class.php 第 185 行.
INFO: [ app_begin ] --START--
INFO: Run Behavior\ReadHtmlCacheBehavior [ RunTime:0.000527s ]
INFO: [ app_begin ] --END-- [ RunTime:0.000619s ]
SQL: SHOW COLUMNS FROM `cq_lanmu` [ RunTime:0.0021s ]
SQL: SELECT * FROM `cq_lanmu` WHERE ( is_show='0' AND lan_id=1 )  [ RunTime:0.0003s ]
SQL: SELECT * FROM `cq_lanmu` WHERE ( is_show='0' AND lan_id=2 )  [ RunTime:0.0003s ]
SQL: SELECT * FROM `cq_lanmu` WHERE ( (is_show = '0') AND pid=2  ) ORDER BY sort  [ RunTime:0.0004s ]
SQL: SELECT * FROM `cq_lanmu` WHERE ( (is_show = '0') AND pid=2  ) ORDER BY sort LIMIT 0,6   [ RunTime:0.0003s ]
SQL: SELECT * FROM `cq_lanmu` WHERE ( is_show='0' AND lan_id=3 )  [ RunTime:0.0002s ]
SQL: SELECT * FROM `cq_lanmu` WHERE ( is_show='0' AND lan_id=4 )  [ RunTime:0.0002s ]
SQL: SELECT * FROM `cq_lanmu` WHERE ( (is_show = '0') AND pid=4 ) ORDER BY sort  [ RunTime:0.0003s ]
SQL: SELECT * FROM `cq_lanmu` WHERE ( (is_show = '0') AND pid=4 ) ORDER BY sort LIMIT 0,6   [ RunTime:0.0003s ]
SQL: SELECT * FROM `cq_lanmu` WHERE ( is_show='0' AND lan_id=5 )  [ RunTime:0.0002s ]
SQL: SELECT * FROM `cq_lanmu` WHERE ( (is_show = '0') AND pid=5 ) ORDER BY sort  [ RunTime:0.0003s ]
SQL: SELECT * FROM `cq_lanmu` WHERE ( is_show='0' AND lan_id=6 )  [ RunTime:0.0002s ]
SQL: SELECT * FROM `cq_lanmu` WHERE ( (is_show = '0') AND pid=6 ) ORDER BY sort  [ RunTime:0.0003s ]
SQL: SELECT * FROM `cq_lanmu` WHERE ( is_show='0' AND lan_id=7 )  [ RunTime:0.0002s ]
SQL: SELECT * FROM `cq_lanmu` WHERE ( (is_show = '0') AND pid=7 ) ORDER BY sort  [ RunTime:0.0003s ]
SQL: SELECT * FROM `cq_lanmu` WHERE ( (is_show = '0') AND pid=7 ) ORDER BY sort LIMIT 0,4   [ RunTime:0.0003s ]
SQL: SELECT * FROM `cq_lanmu` WHERE ( is_show='0' AND lan_id=8 )  [ RunTime:0.0002s ]
SQL: SELECT * FROM `cq_lanmu` WHERE ( is_show='0' AND lan_id=9 )  [ RunTime:0.0003s ]
SQL: SHOW COLUMNS FROM `cq_news` [ RunTime:0.0024s ]
SQL: UPDATE `cq_news` SET `click`=click+1 WHERE `news_id` = 665 [ RunTime:0.0070s ]
SQL: SELECT * FROM `cq_news` WHERE `news_id` = 665 LIMIT 1   [ RunTime:0.0006s ]
SQL: SHOW COLUMNS FROM `cq_ncomment` [ RunTime:0.0019s ]
SQL: SELECT COUNT(*) AS tp_count FROM `cq_ncomment` WHERE `news_id` = 665 AND `display` = '1' LIMIT 1   [ RunTime:0.0003s ]
SQL: SELECT * FROM `cq_ncomment` WHERE `news_id` = 665 AND `display` = '1' ORDER BY add_time desc LIMIT 0,10   [ RunTime:0.0004s ]
INFO: [ view_parse ] --START--
INFO: [ template_filter ] --START--
INFO: Run Behavior\ContentReplaceBehavior [ RunTime:0.000136s ]
INFO: [ template_filter ] --END-- [ RunTime:0.000201s ]
INFO: Run Behavior\ParseTemplateBehavior [ RunTime:0.018467s ]
INFO: [ view_parse ] --END-- [ RunTime:0.018540s ]
INFO: [ view_filter ] --START--
INFO: Run Behavior\WriteHtmlCacheBehavior [ RunTime:0.000314s ]
INFO: [ view_filter ] --END-- [ RunTime:0.000380s ]
INFO: [ app_end ] --START--
INFO: Run Behavior\ShowPageTraceBehavior [ RunTime:0.000478s ]
INFO: [ app_end ] --END-- [ RunTime:0.000539s ]

[ 2017-01-23T08:37:31+08:00 ] 180.153.214.192 /index.php/Mobile/News/detail/news_id/665.html
INFO: [ app_init ] --START--
INFO: Run Behavior\BuildLiteBehavior [ RunTime:0.000030s ]
INFO: [ app_init ] --END-- [ RunTime:0.000116s ]
NOTIC: [8] Use of undefined constant URL_COMPAT - assumed 'URL_COMPAT' E:\web\lanhai\www\ThinkPHP\Library\Think\Dispatcher.class.php 第 183 行.
NOTIC: [8] Use of undefined constant URL_REWRITE - assumed 'URL_REWRITE' E:\web\lanhai\www\ThinkPHP\Library\Think\Dispatcher.class.php 第 185 行.
INFO: [ app_begin ] --START--
INFO: Run Behavior\ReadHtmlCacheBehavior [ RunTime:0.000497s ]
INFO: [ app_begin ] --END-- [ RunTime:0.000564s ]
SQL: SHOW COLUMNS FROM `cq_lanmu` [ RunTime:0.0022s ]
SQL: SELECT * FROM `cq_lanmu` WHERE ( is_show='0' AND lan_id=1 )  [ RunTime:0.0004s ]
SQL: SELECT * FROM `cq_lanmu` WHERE ( is_show='0' AND lan_id=2 )  [ RunTime:0.0003s ]
SQL: SELECT * FROM `cq_lanmu` WHERE ( (is_show = '0') AND pid=2  ) ORDER BY sort  [ RunTime:0.0004s ]
SQL: SELECT * FROM `cq_lanmu` WHERE ( (is_show = '0') AND pid=2  ) ORDER BY sort LIMIT 0,6   [ RunTime:0.0003s ]
SQL: SELECT * FROM `cq_lanmu` WHERE ( is_show='0' AND lan_id=3 )  [ RunTime:0.0002s ]
SQL: SELECT * FROM `cq_lanmu` WHERE ( is_show='0' AND lan_id=4 )  [ RunTime:0.0002s ]
SQL: SELECT * FROM `cq_lanmu` WHERE ( (is_show = '0') AND pid=4 ) ORDER BY sort  [ RunTime:0.0003s ]
SQL: SELECT * FROM `cq_lanmu` WHERE ( (is_show = '0') AND pid=4 ) ORDER BY sort LIMIT 0,6   [ RunTime:0.0004s ]
SQL: SELECT * FROM `cq_lanmu` WHERE ( is_show='0' AND lan_id=5 )  [ RunTime:0.0003s ]
SQL: SELECT * FROM `cq_lanmu` WHERE ( (is_show = '0') AND pid=5 ) ORDER BY sort  [ RunTime:0.0004s ]
SQL: SELECT * FROM `cq_lanmu` WHERE ( is_show='0' AND lan_id=6 )  [ RunTime:0.0002s ]
SQL: SELECT * FROM `cq_lanmu` WHERE ( (is_show = '0') AND pid=6 ) ORDER BY sort  [ RunTime:0.0003s ]
SQL: SELECT * FROM `cq_lanmu` WHERE ( is_show='0' AND lan_id=7 )  [ RunTime:0.0002s ]
SQL: SELECT * FROM `cq_lanmu` WHERE ( (is_show = '0') AND pid=7 ) ORDER BY sort  [ RunTime:0.0003s ]
SQL: SELECT * FROM `cq_lanmu` WHERE ( (is_show = '0') AND pid=7 ) ORDER BY sort LIMIT 0,4   [ RunTime:0.0003s ]
SQL: SELECT * FROM `cq_lanmu` WHERE ( is_show='0' AND lan_id=8 )  [ RunTime:0.0003s ]
SQL: SELECT * FROM `cq_lanmu` WHERE ( is_show='0' AND lan_id=9 )  [ RunTime:0.0002s ]
SQL: SHOW COLUMNS FROM `cq_news` [ RunTime:0.0020s ]
SQL: UPDATE `cq_news` SET `click`=click+1 WHERE `news_id` = 665 [ RunTime:0.0026s ]
SQL: SELECT * FROM `cq_news` WHERE `news_id` = 665 LIMIT 1   [ RunTime:0.0004s ]
SQL: SHOW COLUMNS FROM `cq_ncomment` [ RunTime:0.0016s ]
SQL: SELECT COUNT(*) AS tp_count FROM `cq_ncomment` WHERE `news_id` = 665 AND `display` = '1' LIMIT 1   [ RunTime:0.0003s ]
SQL: SELECT * FROM `cq_ncomment` WHERE `news_id` = 665 AND `display` = '1' ORDER BY add_time desc LIMIT 0,10   [ RunTime:0.0003s ]
INFO: [ view_parse ] --START--
INFO: [ template_filter ] --START--
INFO: Run Behavior\ContentReplaceBehavior [ RunTime:0.000127s ]
INFO: [ template_filter ] --END-- [ RunTime:0.000190s ]
INFO: Run Behavior\ParseTemplateBehavior [ RunTime:0.017507s ]
INFO: [ view_parse ] --END-- [ RunTime:0.017577s ]
INFO: [ view_filter ] --START--
INFO: Run Behavior\WriteHtmlCacheBehavior [ RunTime:0.000297s ]
INFO: [ view_filter ] --END-- [ RunTime:0.000350s ]
INFO: [ app_end ] --START--
INFO: Run Behavior\ShowPageTraceBehavior [ RunTime:0.000485s ]
INFO: [ app_end ] --END-- [ RunTime:0.000548s ]

[ 2017-01-23T09:33:12+08:00 ] 220.181.108.102 /index.php/Mobile/Index/index.html
INFO: [ app_init ] --START--
INFO: Run Behavior\BuildLiteBehavior [ RunTime:0.000020s ]
INFO: [ app_init ] --END-- [ RunTime:0.000096s ]
NOTIC: [8] Use of undefined constant URL_COMPAT - assumed 'URL_COMPAT' E:\web\lanhai\www\ThinkPHP\Library\Think\Dispatcher.class.php 第 183 行.
NOTIC: [8] Use of undefined constant URL_REWRITE - assumed 'URL_REWRITE' E:\web\lanhai\www\ThinkPHP\Library\Think\Dispatcher.class.php 第 185 行.
INFO: [ app_begin ] --START--
INFO: Run Behavior\ReadHtmlCacheBehavior [ RunTime:0.000597s ]
INFO: [ app_begin ] --END-- [ RunTime:0.000669s ]
SQL: SHOW COLUMNS FROM `cq_lanmu` [ RunTime:0.0023s ]
SQL: SELECT * FROM `cq_lanmu` WHERE ( is_show='0' AND lan_id=1 )  [ RunTime:0.0004s ]
SQL: SELECT * FROM `cq_lanmu` WHERE ( is_show='0' AND lan_id=2 )  [ RunTime:0.0004s ]
SQL: SELECT * FROM `cq_lanmu` WHERE ( (is_show = '0') AND pid=2  ) ORDER BY sort  [ RunTime:0.0004s ]
SQL: SELECT * FROM `cq_lanmu` WHERE ( (is_show = '0') AND pid=2  ) ORDER BY sort LIMIT 0,6   [ RunTime:0.0003s ]
SQL: SELECT * FROM `cq_lanmu` WHERE ( is_show='0' AND lan_id=3 )  [ RunTime:0.0002s ]
SQL: SELECT * FROM `cq_lanmu` WHERE ( is_show='0' AND lan_id=4 )  [ RunTime:0.0002s ]
SQL: SELECT * FROM `cq_lanmu` WHERE ( (is_show = '0') AND pid=4 ) ORDER BY sort  [ RunTime:0.0004s ]
SQL: SELECT * FROM `cq_lanmu` WHERE ( (is_show = '0') AND pid=4 ) ORDER BY sort LIMIT 0,6   [ RunTime:0.0003s ]
SQL: SELECT * FROM `cq_lanmu` WHERE ( is_show='0' AND lan_id=5 )  [ RunTime:0.0002s ]
SQL: SELECT * FROM `cq_lanmu` WHERE ( (is_show = '0') AND pid=5 ) ORDER BY sort  [ RunTime:0.0003s ]
SQL: SELECT * FROM `cq_lanmu` WHERE ( is_show='0' AND lan_id=6 )  [ RunTime:0.0002s ]
SQL: SELECT * FROM `cq_lanmu` WHERE ( (is_show = '0') AND pid=6 ) ORDER BY sort  [ RunTime:0.0003s ]
SQL: SELECT * FROM `cq_lanmu` WHERE ( is_show='0' AND lan_id=7 )  [ RunTime:0.0002s ]
SQL: SELECT * FROM `cq_lanmu` WHERE ( (is_show = '0') AND pid=7 ) ORDER BY sort  [ RunTime:0.0003s ]
SQL: SELECT * FROM `cq_lanmu` WHERE ( (is_show = '0') AND pid=7 ) ORDER BY sort LIMIT 0,4   [ RunTime:0.0003s ]
SQL: SELECT * FROM `cq_lanmu` WHERE ( is_show='0' AND lan_id=8 )  [ RunTime:0.0003s ]
SQL: SELECT * FROM `cq_lanmu` WHERE ( is_show='0' AND lan_id=9 )  [ RunTime:0.0002s ]
SQL: SHOW COLUMNS FROM `cq_banner` [ RunTime:0.0019s ]
SQL: SELECT * FROM `cq_banner` WHERE ( is_show='0' AND is_area='0' AND lan_id=1 AND is_del='0' ) ORDER BY add_time desc LIMIT 0,5   [ RunTime:0.0004s ]
SQL: SELECT * FROM `cq_banner` WHERE ( is_show='0' AND is_area='1' AND lan_id=1 AND is_del='0' ) ORDER BY add_time desc LIMIT 0,1   [ RunTime:0.0003s ]
SQL: SHOW COLUMNS FROM `cq_news` [ RunTime:0.0023s ]
SQL: SELECT * FROM `cq_news` WHERE ( is_show='0' AND lan_id='3' AND is_del='0' ) ORDER BY add_time desc LIMIT 0,5   [ RunTime:0.0017s ]
SQL: SELECT * FROM `cq_news` WHERE ( is_show='0' AND lan_id='3' AND is_del='0' ) ORDER BY add_time desc LIMIT 5,4   [ RunTime:0.0015s ]
SQL: SELECT * FROM cq_news n INNER JOIN cq_lanmu l on n.lan_id=l.lan_id  WHERE ( n.is_show='0' AND n.is_del='0' AND l.pid=4 ) ORDER BY click desc LIMIT 0,3   [ RunTime:0.0013s ]
SQL: SELECT * FROM cq_news n INNER JOIN cq_lanmu l on n.lan_id=l.lan_id  WHERE ( n.is_show='0' AND n.is_del='0' AND l.pid=5 ) ORDER BY click desc LIMIT 0,3   [ RunTime:0.0015s ]
SQL: SELECT * FROM `cq_news` WHERE ( is_show='0' AND is_del='0' AND lan_id=29 OR lan_id=30 OR lan_id=32 ) ORDER BY click desc LIMIT 0,3   [ RunTime:0.0012s ]
SQL: select p1.*,b.board_id,b.board_title,b.todposts,b.posts,b.board_img,u.username from (select p.* from cq_posts as p where p.ctime = (select max(ctime) from cq_posts where board_id = p.board_id)) as p1 right join cq_boards as b on b.board_id = p1.board_id left join cq_user as u on u.user_id = p1.user_id where b.pid <> 0 order by b.sort [ RunTime:0.0037s ]
INFO: [ view_parse ] --START--
INFO: [ template_filter ] --START--
INFO: Run Behavior\ContentReplaceBehavior [ RunTime:0.000180s ]
INFO: [ template_filter ] --END-- [ RunTime:0.000244s ]
INFO: Run Behavior\ParseTemplateBehavior [ RunTime:0.031605s ]
INFO: [ view_parse ] --END-- [ RunTime:0.031675s ]
INFO: [ view_filter ] --START--
INFO: Run Behavior\WriteHtmlCacheBehavior [ RunTime:0.000320s ]
INFO: [ view_filter ] --END-- [ RunTime:0.000374s ]
INFO: [ app_end ] --START--
INFO: Run Behavior\ShowPageTraceBehavior [ RunTime:0.000539s ]
INFO: [ app_end ] --END-- [ RunTime:0.000605s ]

[ 2017-01-23T10:47:48+08:00 ] 123.125.67.166 /index.php/Mobile/Index/index.html
INFO: [ app_init ] --START--
INFO: Run Behavior\BuildLiteBehavior [ RunTime:0.000019s ]
INFO: [ app_init ] --END-- [ RunTime:0.000082s ]
NOTIC: [8] Use of undefined constant URL_COMPAT - assumed 'URL_COMPAT' E:\web\lanhai\www\ThinkPHP\Library\Think\Dispatcher.class.php 第 183 行.
NOTIC: [8] Use of undefined constant URL_REWRITE - assumed 'URL_REWRITE' E:\web\lanhai\www\ThinkPHP\Library\Think\Dispatcher.class.php 第 185 行.
INFO: [ app_begin ] --START--
INFO: Run Behavior\ReadHtmlCacheBehavior [ RunTime:0.000497s ]
INFO: [ app_begin ] --END-- [ RunTime:0.000564s ]
SQL: SHOW COLUMNS FROM `cq_lanmu` [ RunTime:0.0029s ]
SQL: SELECT * FROM `cq_lanmu` WHERE ( is_show='0' AND lan_id=1 )  [ RunTime:0.0004s ]
SQL: SELECT * FROM `cq_lanmu` WHERE ( is_show='0' AND lan_id=2 )  [ RunTime:0.0003s ]
SQL: SELECT * FROM `cq_lanmu` WHERE ( (is_show = '0') AND pid=2  ) ORDER BY sort  [ RunTime:0.0004s ]
SQL: SELECT * FROM `cq_lanmu` WHERE ( (is_show = '0') AND pid=2  ) ORDER BY sort LIMIT 0,6   [ RunTime:0.0004s ]
SQL: SELECT * FROM `cq_lanmu` WHERE ( is_show='0' AND lan_id=3 )  [ RunTime:0.0003s ]
SQL: SELECT * FROM `cq_lanmu` WHERE ( is_show='0' AND lan_id=4 )  [ RunTime:0.0003s ]
SQL: SELECT * FROM `cq_lanmu` WHERE ( (is_show = '0') AND pid=4 ) ORDER BY sort  [ RunTime:0.0004s ]
SQL: SELECT * FROM `cq_lanmu` WHERE ( (is_show = '0') AND pid=4 ) ORDER BY sort LIMIT 0,6   [ RunTime:0.0003s ]
SQL: SELECT * FROM `cq_lanmu` WHERE ( is_show='0' AND lan_id=5 )  [ RunTime:0.0002s ]
SQL: SELECT * FROM `cq_lanmu` WHERE ( (is_show = '0') AND pid=5 ) ORDER BY sort  [ RunTime:0.0003s ]
SQL: SELECT * FROM `cq_lanmu` WHERE ( is_show='0' AND lan_id=6 )  [ RunTime:0.0003s ]
SQL: SELECT * FROM `cq_lanmu` WHERE ( (is_show = '0') AND pid=6 ) ORDER BY sort  [ RunTime:0.0003s ]
SQL: SELECT * FROM `cq_lanmu` WHERE ( is_show='0' AND lan_id=7 )  [ RunTime:0.0002s ]
SQL: SELECT * FROM `cq_lanmu` WHERE ( (is_show = '0') AND pid=7 ) ORDER BY sort  [ RunTime:0.0003s ]
SQL: SELECT * FROM `cq_lanmu` WHERE ( (is_show = '0') AND pid=7 ) ORDER BY sort LIMIT 0,4   [ RunTime:0.0004s ]
SQL: SELECT * FROM `cq_lanmu` WHERE ( is_show='0' AND lan_id=8 )  [ RunTime:0.0002s ]
SQL: SELECT * FROM `cq_lanmu` WHERE ( is_show='0' AND lan_id=9 )  [ RunTime:0.0003s ]
SQL: SHOW COLUMNS FROM `cq_banner` [ RunTime:0.0019s ]
SQL: SELECT * FROM `cq_banner` WHERE ( is_show='0' AND is_area='0' AND lan_id=1 AND is_del='0' ) ORDER BY add_time desc LIMIT 0,5   [ RunTime:0.0004s ]
SQL: SELECT * FROM `cq_banner` WHERE ( is_show='0' AND is_area='1' AND lan_id=1 AND is_del='0' ) ORDER BY add_time desc LIMIT 0,1   [ RunTime:0.0003s ]
SQL: SHOW COLUMNS FROM `cq_news` [ RunTime:0.0020s ]
SQL: SELECT * FROM `cq_news` WHERE ( is_show='0' AND lan_id='3' AND is_del='0' ) ORDER BY add_time desc LIMIT 0,5   [ RunTime:0.0016s ]
SQL: SELECT * FROM `cq_news` WHERE ( is_show='0' AND lan_id='3' AND is_del='0' ) ORDER BY add_time desc LIMIT 5,4   [ RunTime:0.0014s ]
SQL: SELECT * FROM cq_news n INNER JOIN cq_lanmu l on n.lan_id=l.lan_id  WHERE ( n.is_show='0' AND n.is_del='0' AND l.pid=4 ) ORDER BY click desc LIMIT 0,3   [ RunTime:0.0013s ]
SQL: SELECT * FROM cq_news n INNER JOIN cq_lanmu l on n.lan_id=l.lan_id  WHERE ( n.is_show='0' AND n.is_del='0' AND l.pid=5 ) ORDER BY click desc LIMIT 0,3   [ RunTime:0.0015s ]
SQL: SELECT * FROM `cq_news` WHERE ( is_show='0' AND is_del='0' AND lan_id=29 OR lan_id=30 OR lan_id=32 ) ORDER BY click desc LIMIT 0,3   [ RunTime:0.0011s ]
SQL: select p1.*,b.board_id,b.board_title,b.todposts,b.posts,b.board_img,u.username from (select p.* from cq_posts as p where p.ctime = (select max(ctime) from cq_posts where board_id = p.board_id)) as p1 right join cq_boards as b on b.board_id = p1.board_id left join cq_user as u on u.user_id = p1.user_id where b.pid <> 0 order by b.sort [ RunTime:0.0038s ]
INFO: [ view_parse ] --START--
INFO: [ template_filter ] --START--
INFO: Run Behavior\ContentReplaceBehavior [ RunTime:0.000181s ]
INFO: [ template_filter ] --END-- [ RunTime:0.000248s ]
INFO: Run Behavior\ParseTemplateBehavior [ RunTime:0.032957s ]
INFO: [ view_parse ] --END-- [ RunTime:0.033028s ]
INFO: [ view_filter ] --START--
INFO: Run Behavior\WriteHtmlCacheBehavior [ RunTime:0.000300s ]
INFO: [ view_filter ] --END-- [ RunTime:0.000355s ]
INFO: [ app_end ] --START--
INFO: Run Behavior\ShowPageTraceBehavior [ RunTime:0.000483s ]
INFO: [ app_end ] --END-- [ RunTime:0.000545s ]

[ 2017-01-23T16:14:51+08:00 ] 123.151.42.52 /index.php/Mobile
INFO: [ app_init ] --START--
INFO: Run Behavior\BuildLiteBehavior [ RunTime:0.000020s ]
INFO: [ app_init ] --END-- [ RunTime:0.000082s ]
NOTIC: [8] Use of undefined constant URL_COMPAT - assumed 'URL_COMPAT' E:\web\lanhai\www\ThinkPHP\Library\Think\Dispatcher.class.php 第 183 行.
NOTIC: [8] Use of undefined constant URL_REWRITE - assumed 'URL_REWRITE' E:\web\lanhai\www\ThinkPHP\Library\Think\Dispatcher.class.php 第 185 行.
INFO: [ app_begin ] --START--
INFO: Run Behavior\ReadHtmlCacheBehavior [ RunTime:0.000522s ]
INFO: [ app_begin ] --END-- [ RunTime:0.000589s ]
SQL: SHOW COLUMNS FROM `cq_lanmu` [ RunTime:0.0021s ]
SQL: SELECT * FROM `cq_lanmu` WHERE ( is_show='0' AND lan_id=1 )  [ RunTime:0.0003s ]
SQL: SELECT * FROM `cq_lanmu` WHERE ( is_show='0' AND lan_id=2 )  [ RunTime:0.0003s ]
SQL: SELECT * FROM `cq_lanmu` WHERE ( (is_show = '0') AND pid=2  ) ORDER BY sort  [ RunTime:0.0004s ]
SQL: SELECT * FROM `cq_lanmu` WHERE ( (is_show = '0') AND pid=2  ) ORDER BY sort LIMIT 0,6   [ RunTime:0.0004s ]
SQL: SELECT * FROM `cq_lanmu` WHERE ( is_show='0' AND lan_id=3 )  [ RunTime:0.0003s ]
SQL: SELECT * FROM `cq_lanmu` WHERE ( is_show='0' AND lan_id=4 )  [ RunTime:0.0002s ]
SQL: SELECT * FROM `cq_lanmu` WHERE ( (is_show = '0') AND pid=4 ) ORDER BY sort  [ RunTime:0.0003s ]
SQL: SELECT * FROM `cq_lanmu` WHERE ( (is_show = '0') AND pid=4 ) ORDER BY sort LIMIT 0,6   [ RunTime:0.0003s ]
SQL: SELECT * FROM `cq_lanmu` WHERE ( is_show='0' AND lan_id=5 )  [ RunTime:0.0003s ]
SQL: SELECT * FROM `cq_lanmu` WHERE ( (is_show = '0') AND pid=5 ) ORDER BY sort  [ RunTime:0.0004s ]
SQL: SELECT * FROM `cq_lanmu` WHERE ( is_show='0' AND lan_id=6 )  [ RunTime:0.0002s ]
SQL: SELECT * FROM `cq_lanmu` WHERE ( (is_show = '0') AND pid=6 ) ORDER BY sort  [ RunTime:0.0003s ]
SQL: SELECT * FROM `cq_lanmu` WHERE ( is_show='0' AND lan_id=7 )  [ RunTime:0.0009s ]
SQL: SELECT * FROM `cq_lanmu` WHERE ( (is_show = '0') AND pid=7 ) ORDER BY sort  [ RunTime:0.0003s ]
SQL: SELECT * FROM `cq_lanmu` WHERE ( (is_show = '0') AND pid=7 ) ORDER BY sort LIMIT 0,4   [ RunTime:0.0003s ]
SQL: SELECT * FROM `cq_lanmu` WHERE ( is_show='0' AND lan_id=8 )  [ RunTime:0.0003s ]
SQL: SELECT * FROM `cq_lanmu` WHERE ( is_show='0' AND lan_id=9 )  [ RunTime:0.0002s ]
SQL: SHOW COLUMNS FROM `cq_banner` [ RunTime:0.0018s ]
SQL: SELECT * FROM `cq_banner` WHERE ( is_show='0' AND is_area='0' AND lan_id=1 AND is_del='0' ) ORDER BY add_time desc LIMIT 0,5   [ RunTime:0.0004s ]
SQL: SELECT * FROM `cq_banner` WHERE ( is_show='0' AND is_area='1' AND lan_id=1 AND is_del='0' ) ORDER BY add_time desc LIMIT 0,1   [ RunTime:0.0003s ]
SQL: SHOW COLUMNS FROM `cq_news` [ RunTime:0.0021s ]
SQL: SELECT * FROM `cq_news` WHERE ( is_show='0' AND lan_id='3' AND is_del='0' ) ORDER BY add_time desc LIMIT 0,5   [ RunTime:0.0017s ]
SQL: SELECT * FROM `cq_news` WHERE ( is_show='0' AND lan_id='3' AND is_del='0' ) ORDER BY add_time desc LIMIT 5,4   [ RunTime:0.0015s ]
SQL: SELECT * FROM cq_news n INNER JOIN cq_lanmu l on n.lan_id=l.lan_id  WHERE ( n.is_show='0' AND n.is_del='0' AND l.pid=4 ) ORDER BY click desc LIMIT 0,3   [ RunTime:0.0013s ]
SQL: SELECT * FROM cq_news n INNER JOIN cq_lanmu l on n.lan_id=l.lan_id  WHERE ( n.is_show='0' AND n.is_del='0' AND l.pid=5 ) ORDER BY click desc LIMIT 0,3   [ RunTime:0.0015s ]
SQL: SELECT * FROM `cq_news` WHERE ( is_show='0' AND is_del='0' AND lan_id=29 OR lan_id=30 OR lan_id=32 ) ORDER BY click desc LIMIT 0,3   [ RunTime:0.0012s ]
SQL: select p1.*,b.board_id,b.board_title,b.todposts,b.posts,b.board_img,u.username from (select p.* from cq_posts as p where p.ctime = (select max(ctime) from cq_posts where board_id = p.board_id)) as p1 right join cq_boards as b on b.board_id = p1.board_id left join cq_user as u on u.user_id = p1.user_id where b.pid <> 0 order by b.sort [ RunTime:0.0032s ]
INFO: [ view_parse ] --START--
INFO: [ template_filter ] --START--
INFO: Run Behavior\ContentReplaceBehavior [ RunTime:0.000175s ]
INFO: [ template_filter ] --END-- [ RunTime:0.000247s ]
INFO: Run Behavior\ParseTemplateBehavior [ RunTime:0.031720s ]
INFO: [ view_parse ] --END-- [ RunTime:0.031795s ]
INFO: [ view_filter ] --START--
INFO: Run Behavior\WriteHtmlCacheBehavior [ RunTime:0.000330s ]
INFO: [ view_filter ] --END-- [ RunTime:0.000392s ]
INFO: [ app_end ] --START--
INFO: Run Behavior\ShowPageTraceBehavior [ RunTime:0.000532s ]
INFO: [ app_end ] --END-- [ RunTime:0.000594s ]

[ 2017-01-23T16:15:24+08:00 ] 123.151.42.52 /index.php/Mobile/News/moban/id/12.html
INFO: [ app_init ] --START--
INFO: Run Behavior\BuildLiteBehavior [ RunTime:0.000027s ]
INFO: [ app_init ] --END-- [ RunTime:0.000117s ]
NOTIC: [8] Use of undefined constant URL_COMPAT - assumed 'URL_COMPAT' E:\web\lanhai\www\ThinkPHP\Library\Think\Dispatcher.class.php 第 183 行.
NOTIC: [8] Use of undefined constant URL_REWRITE - assumed 'URL_REWRITE' E:\web\lanhai\www\ThinkPHP\Library\Think\Dispatcher.class.php 第 185 行.
INFO: [ app_begin ] --START--
INFO: Run Behavior\ReadHtmlCacheBehavior [ RunTime:0.000651s ]
INFO: [ app_begin ] --END-- [ RunTime:0.000759s ]
SQL: SHOW COLUMNS FROM `cq_lanmu` [ RunTime:0.0021s ]
SQL: SELECT * FROM `cq_lanmu` WHERE ( is_show='0' AND lan_id=1 )  [ RunTime:0.0003s ]
SQL: SELECT * FROM `cq_lanmu` WHERE ( is_show='0' AND lan_id=2 )  [ RunTime:0.0003s ]
SQL: SELECT * FROM `cq_lanmu` WHERE ( (is_show = '0') AND pid=2  ) ORDER BY sort  [ RunTime:0.0003s ]
SQL: SELECT * FROM `cq_lanmu` WHERE ( (is_show = '0') AND pid=2  ) ORDER BY sort LIMIT 0,6   [ RunTime:0.0003s ]
SQL: SELECT * FROM `cq_lanmu` WHERE ( is_show='0' AND lan_id=3 )  [ RunTime:0.0002s ]
SQL: SELECT * FROM `cq_lanmu` WHERE ( is_show='0' AND lan_id=4 )  [ RunTime:0.0002s ]
SQL: SELECT * FROM `cq_lanmu` WHERE ( (is_show = '0') AND pid=4 ) ORDER BY sort  [ RunTime:0.0003s ]
SQL: SELECT * FROM `cq_lanmu` WHERE ( (is_show = '0') AND pid=4 ) ORDER BY sort LIMIT 0,6   [ RunTime:0.0003s ]
SQL: SELECT * FROM `cq_lanmu` WHERE ( is_show='0' AND lan_id=5 )  [ RunTime:0.0002s ]
SQL: SELECT * FROM `cq_lanmu` WHERE ( (is_show = '0') AND pid=5 ) ORDER BY sort  [ RunTime:0.0003s ]
SQL: SELECT * FROM `cq_lanmu` WHERE ( is_show='0' AND lan_id=6 )  [ RunTime:0.0002s ]
SQL: SELECT * FROM `cq_lanmu` WHERE ( (is_show = '0') AND pid=6 ) ORDER BY sort  [ RunTime:0.0003s ]
SQL: SELECT * FROM `cq_lanmu` WHERE ( is_show='0' AND lan_id=7 )  [ RunTime:0.0002s ]
SQL: SELECT * FROM `cq_lanmu` WHERE ( (is_show = '0') AND pid=7 ) ORDER BY sort  [ RunTime:0.0003s ]
SQL: SELECT * FROM `cq_lanmu` WHERE ( (is_show = '0') AND pid=7 ) ORDER BY sort LIMIT 0,4   [ RunTime:0.0003s ]
SQL: SELECT * FROM `cq_lanmu` WHERE ( is_show='0' AND lan_id=8 )  [ RunTime:0.0002s ]
SQL: SELECT * FROM `cq_lanmu` WHERE ( is_show='0' AND lan_id=9 )  [ RunTime:0.0002s ]
SQL: SHOW COLUMNS FROM `cq_img` [ RunTime:0.0016s ]
SQL: SELECT * FROM `cq_img` WHERE `id` = 12 LIMIT 1   [ RunTime:0.0002s ]
INFO: [ view_parse ] --START--
INFO: [ template_filter ] --START--
INFO: Run Behavior\ContentReplaceBehavior [ RunTime:0.000049s ]
INFO: [ template_filter ] --END-- [ RunTime:0.000113s ]
INFO: Run Behavior\ParseTemplateBehavior [ RunTime:0.005682s ]
INFO: [ view_parse ] --END-- [ RunTime:0.005759s ]
INFO: [ view_filter ] --START--
INFO: Run Behavior\WriteHtmlCacheBehavior [ RunTime:0.000277s ]
INFO: [ view_filter ] --END-- [ RunTime:0.000336s ]
INFO: [ app_end ] --START--
INFO: Run Behavior\ShowPageTraceBehavior [ RunTime:0.000495s ]
INFO: [ app_end ] --END-- [ RunTime:0.000564s ]

