[ 2017-02-02T05:33:30+08:00 ] 61.148.242.162 /index.php/Mobile/News/moban/id/12.html
INFO: [ app_init ] --START--
INFO: Run Behavior\BuildLiteBehavior [ RunTime:0.000021s ]
INFO: [ app_init ] --END-- [ RunTime:0.000103s ]
NOTIC: [8] Use of undefined constant URL_COMPAT - assumed 'URL_COMPAT' E:\web\lanhai\www\ThinkPHP\Library\Think\Dispatcher.class.php 第 183 行.
NOTIC: [8] Use of undefined constant URL_REWRITE - assumed 'URL_REWRITE' E:\web\lanhai\www\ThinkPHP\Library\Think\Dispatcher.class.php 第 185 行.
INFO: [ app_begin ] --START--
INFO: Run Behavior\ReadHtmlCacheBehavior [ RunTime:0.000605s ]
INFO: [ app_begin ] --END-- [ RunTime:0.000676s ]
SQL: SHOW COLUMNS FROM `cq_lanmu` [ RunTime:0.0021s ]
SQL: SELECT * FROM `cq_lanmu` WHERE ( is_show='0' AND lan_id=1 )  [ RunTime:0.0003s ]
SQL: SELECT * FROM `cq_lanmu` WHERE ( is_show='0' AND lan_id=2 )  [ RunTime:0.0003s ]
SQL: SELECT * FROM `cq_lanmu` WHERE ( (is_show = '0') AND pid=2  ) ORDER BY sort  [ RunTime:0.0003s ]
SQL: SELECT * FROM `cq_lanmu` WHERE ( (is_show = '0') AND pid=2  ) ORDER BY sort LIMIT 0,6   [ RunTime:0.0003s ]
SQL: SELECT * FROM `cq_lanmu` WHERE ( is_show='0' AND lan_id=3 )  [ RunTime:0.0002s ]
SQL: SELECT * FROM `cq_lanmu` WHERE ( is_show='0' AND lan_id=4 )  [ RunTime:0.0002s ]
SQL: SELECT * FROM `cq_lanmu` WHERE ( (is_show = '0') AND pid=4 ) ORDER BY sort  [ RunTime:0.0003s ]
SQL: SELECT * FROM `cq_lanmu` WHERE ( (is_show = '0') AND pid=4 ) ORDER BY sort LIMIT 0,6   [ RunTime:0.0003s ]
SQL: SELECT * FROM `cq_lanmu` WHERE ( is_show='0' AND lan_id=5 )  [ RunTime:0.0002s ]
SQL: SELECT * FROM `cq_lanmu` WHERE ( (is_show = '0') AND pid=5 ) ORDER BY sort  [ RunTime:0.0003s ]
SQL: SELECT * FROM `cq_lanmu` WHERE ( is_show='0' AND lan_id=6 )  [ RunTime:0.0002s ]
SQL: SELECT * FROM `cq_lanmu` WHERE ( (is_show = '0') AND pid=6 ) ORDER BY sort  [ RunTime:0.0003s ]
SQL: SELECT * FROM `cq_lanmu` WHERE ( is_show='0' AND lan_id=7 )  [ RunTime:0.0002s ]
SQL: SELECT * FROM `cq_lanmu` WHERE ( (is_show = '0') AND pid=7 ) ORDER BY sort  [ RunTime:0.0003s ]
SQL: SELECT * FROM `cq_lanmu` WHERE ( (is_show = '0') AND pid=7 ) ORDER BY sort LIMIT 0,4   [ RunTime:0.0003s ]
SQL: SELECT * FROM `cq_lanmu` WHERE ( is_show='0' AND lan_id=8 )  [ RunTime:0.0003s ]
SQL: SELECT * FROM `cq_lanmu` WHERE ( is_show='0' AND lan_id=9 )  [ RunTime:0.0002s ]
SQL: SHOW COLUMNS FROM `cq_img` [ RunTime:0.0021s ]
SQL: SELECT * FROM `cq_img` WHERE `id` = 12 LIMIT 1   [ RunTime:0.0002s ]
INFO: [ view_parse ] --START--
INFO: [ template_filter ] --START--
INFO: Run Behavior\ContentReplaceBehavior [ RunTime:0.000053s ]
INFO: [ template_filter ] --END-- [ RunTime:0.000117s ]
INFO: Run Behavior\ParseTemplateBehavior [ RunTime:0.006264s ]
INFO: [ view_parse ] --END-- [ RunTime:0.006338s ]
INFO: [ view_filter ] --START--
INFO: Run Behavior\WriteHtmlCacheBehavior [ RunTime:0.000352s ]
INFO: [ view_filter ] --END-- [ RunTime:0.000409s ]
INFO: [ app_end ] --START--
INFO: Run Behavior\ShowPageTraceBehavior [ RunTime:0.000607s ]
INFO: [ app_end ] --END-- [ RunTime:0.000666s ]

[ 2017-02-02T05:33:39+08:00 ] 101.226.89.122 /index.php/Mobile/News/moban/id/12.html
INFO: [ app_init ] --START--
INFO: Run Behavior\BuildLiteBehavior [ RunTime:0.000018s ]
INFO: [ app_init ] --END-- [ RunTime:0.000083s ]
NOTIC: [8] Use of undefined constant URL_COMPAT - assumed 'URL_COMPAT' E:\web\lanhai\www\ThinkPHP\Library\Think\Dispatcher.class.php 第 183 行.
NOTIC: [8] Use of undefined constant URL_REWRITE - assumed 'URL_REWRITE' E:\web\lanhai\www\ThinkPHP\Library\Think\Dispatcher.class.php 第 185 行.
INFO: [ app_begin ] --START--
INFO: Run Behavior\ReadHtmlCacheBehavior [ RunTime:0.000643s ]
INFO: [ app_begin ] --END-- [ RunTime:0.000712s ]
SQL: SHOW COLUMNS FROM `cq_lanmu` [ RunTime:0.0020s ]
SQL: SELECT * FROM `cq_lanmu` WHERE ( is_show='0' AND lan_id=1 )  [ RunTime:0.0004s ]
SQL: SELECT * FROM `cq_lanmu` WHERE ( is_show='0' AND lan_id=2 )  [ RunTime:0.0003s ]
SQL: SELECT * FROM `cq_lanmu` WHERE ( (is_show = '0') AND pid=2  ) ORDER BY sort  [ RunTime:0.0004s ]
SQL: SELECT * FROM `cq_lanmu` WHERE ( (is_show = '0') AND pid=2  ) ORDER BY sort LIMIT 0,6   [ RunTime:0.0003s ]
SQL: SELECT * FROM `cq_lanmu` WHERE ( is_show='0' AND lan_id=3 )  [ RunTime:0.0002s ]
SQL: SELECT * FROM `cq_lanmu` WHERE ( is_show='0' AND lan_id=4 )  [ RunTime:0.0002s ]
SQL: SELECT * FROM `cq_lanmu` WHERE ( (is_show = '0') AND pid=4 ) ORDER BY sort  [ RunTime:0.0003s ]
SQL: SELECT * FROM `cq_lanmu` WHERE ( (is_show = '0') AND pid=4 ) ORDER BY sort LIMIT 0,6   [ RunTime:0.0003s ]
SQL: SELECT * FROM `cq_lanmu` WHERE ( is_show='0' AND lan_id=5 )  [ RunTime:0.0002s ]
SQL: SELECT * FROM `cq_lanmu` WHERE ( (is_show = '0') AND pid=5 ) ORDER BY sort  [ RunTime:0.0003s ]
SQL: SELECT * FROM `cq_lanmu` WHERE ( is_show='0' AND lan_id=6 )  [ RunTime:0.0002s ]
SQL: SELECT * FROM `cq_lanmu` WHERE ( (is_show = '0') AND pid=6 ) ORDER BY sort  [ RunTime:0.0003s ]
SQL: SELECT * FROM `cq_lanmu` WHERE ( is_show='0' AND lan_id=7 )  [ RunTime:0.0002s ]
SQL: SELECT * FROM `cq_lanmu` WHERE ( (is_show = '0') AND pid=7 ) ORDER BY sort  [ RunTime:0.0003s ]
SQL: SELECT * FROM `cq_lanmu` WHERE ( (is_show = '0') AND pid=7 ) ORDER BY sort LIMIT 0,4   [ RunTime:0.0003s ]
SQL: SELECT * FROM `cq_lanmu` WHERE ( is_show='0' AND lan_id=8 )  [ RunTime:0.0002s ]
SQL: SELECT * FROM `cq_lanmu` WHERE ( is_show='0' AND lan_id=9 )  [ RunTime:0.0002s ]
SQL: SHOW COLUMNS FROM `cq_img` [ RunTime:0.0016s ]
SQL: SELECT * FROM `cq_img` WHERE `id` = 12 LIMIT 1   [ RunTime:0.0002s ]
INFO: [ view_parse ] --START--
INFO: [ template_filter ] --START--
INFO: Run Behavior\ContentReplaceBehavior [ RunTime:0.000048s ]
INFO: [ template_filter ] --END-- [ RunTime:0.000113s ]
INFO: Run Behavior\ParseTemplateBehavior [ RunTime:0.005954s ]
INFO: [ view_parse ] --END-- [ RunTime:0.006025s ]
INFO: [ view_filter ] --START--
INFO: Run Behavior\WriteHtmlCacheBehavior [ RunTime:0.000365s ]
INFO: [ view_filter ] --END-- [ RunTime:0.000421s ]
INFO: [ app_end ] --START--
INFO: Run Behavior\ShowPageTraceBehavior [ RunTime:0.000682s ]
INFO: [ app_end ] --END-- [ RunTime:0.000742s ]

[ 2017-02-02T14:58:43+08:00 ] 106.38.130.4 /index.php/Mobile
INFO: [ app_init ] --START--
INFO: Run Behavior\BuildLiteBehavior [ RunTime:0.000019s ]
INFO: [ app_init ] --END-- [ RunTime:0.000084s ]
NOTIC: [8] Use of undefined constant URL_COMPAT - assumed 'URL_COMPAT' E:\web\lanhai\www\ThinkPHP\Library\Think\Dispatcher.class.php 第 183 行.
NOTIC: [8] Use of undefined constant URL_REWRITE - assumed 'URL_REWRITE' E:\web\lanhai\www\ThinkPHP\Library\Think\Dispatcher.class.php 第 185 行.
INFO: [ app_begin ] --START--
INFO: Run Behavior\ReadHtmlCacheBehavior [ RunTime:0.000553s ]
INFO: [ app_begin ] --END-- [ RunTime:0.000621s ]
SQL: SHOW COLUMNS FROM `cq_lanmu` [ RunTime:0.0026s ]
SQL: SELECT * FROM `cq_lanmu` WHERE ( is_show='0' AND lan_id=1 )  [ RunTime:0.0004s ]
SQL: SELECT * FROM `cq_lanmu` WHERE ( is_show='0' AND lan_id=2 )  [ RunTime:0.0003s ]
SQL: SELECT * FROM `cq_lanmu` WHERE ( (is_show = '0') AND pid=2  ) ORDER BY sort  [ RunTime:0.0004s ]
SQL: SELECT * FROM `cq_lanmu` WHERE ( (is_show = '0') AND pid=2  ) ORDER BY sort LIMIT 0,6   [ RunTime:0.0004s ]
SQL: SELECT * FROM `cq_lanmu` WHERE ( is_show='0' AND lan_id=3 )  [ RunTime:0.0003s ]
SQL: SELECT * FROM `cq_lanmu` WHERE ( is_show='0' AND lan_id=4 )  [ RunTime:0.0004s ]
SQL: SELECT * FROM `cq_lanmu` WHERE ( (is_show = '0') AND pid=4 ) ORDER BY sort  [ RunTime:0.0004s ]
SQL: SELECT * FROM `cq_lanmu` WHERE ( (is_show = '0') AND pid=4 ) ORDER BY sort LIMIT 0,6   [ RunTime:0.0004s ]
SQL: SELECT * FROM `cq_lanmu` WHERE ( is_show='0' AND lan_id=5 )  [ RunTime:0.0003s ]
SQL: SELECT * FROM `cq_lanmu` WHERE ( (is_show = '0') AND pid=5 ) ORDER BY sort  [ RunTime:0.0004s ]
SQL: SELECT * FROM `cq_lanmu` WHERE ( is_show='0' AND lan_id=6 )  [ RunTime:0.0003s ]
SQL: SELECT * FROM `cq_lanmu` WHERE ( (is_show = '0') AND pid=6 ) ORDER BY sort  [ RunTime:0.0004s ]
SQL: SELECT * FROM `cq_lanmu` WHERE ( is_show='0' AND lan_id=7 )  [ RunTime:0.0003s ]
SQL: SELECT * FROM `cq_lanmu` WHERE ( (is_show = '0') AND pid=7 ) ORDER BY sort  [ RunTime:0.0003s ]
SQL: SELECT * FROM `cq_lanmu` WHERE ( (is_show = '0') AND pid=7 ) ORDER BY sort LIMIT 0,4   [ RunTime:0.0004s ]
SQL: SELECT * FROM `cq_lanmu` WHERE ( is_show='0' AND lan_id=8 )  [ RunTime:0.0003s ]
SQL: SELECT * FROM `cq_lanmu` WHERE ( is_show='0' AND lan_id=9 )  [ RunTime:0.0003s ]
SQL: SHOW COLUMNS FROM `cq_banner` [ RunTime:0.0019s ]
SQL: SELECT * FROM `cq_banner` WHERE ( is_show='0' AND is_area='0' AND lan_id=1 AND is_del='0' ) ORDER BY add_time desc LIMIT 0,5   [ RunTime:0.0004s ]
SQL: SELECT * FROM `cq_banner` WHERE ( is_show='0' AND is_area='1' AND lan_id=1 AND is_del='0' ) ORDER BY add_time desc LIMIT 0,1   [ RunTime:0.0003s ]
SQL: SHOW COLUMNS FROM `cq_news` [ RunTime:0.0022s ]
SQL: SELECT * FROM `cq_news` WHERE ( is_show='0' AND lan_id='3' AND is_del='0' ) ORDER BY add_time desc LIMIT 0,5   [ RunTime:0.0018s ]
SQL: SELECT * FROM `cq_news` WHERE ( is_show='0' AND lan_id='3' AND is_del='0' ) ORDER BY add_time desc LIMIT 5,4   [ RunTime:0.0016s ]
SQL: SELECT * FROM cq_news n INNER JOIN cq_lanmu l on n.lan_id=l.lan_id  WHERE ( n.is_show='0' AND n.is_del='0' AND l.pid=4 ) ORDER BY click desc LIMIT 0,3   [ RunTime:0.0014s ]
SQL: SELECT * FROM cq_news n INNER JOIN cq_lanmu l on n.lan_id=l.lan_id  WHERE ( n.is_show='0' AND n.is_del='0' AND l.pid=5 ) ORDER BY click desc LIMIT 0,3   [ RunTime:0.0015s ]
SQL: SELECT * FROM `cq_news` WHERE ( is_show='0' AND is_del='0' AND lan_id=29 OR lan_id=30 OR lan_id=32 ) ORDER BY click desc LIMIT 0,3   [ RunTime:0.0013s ]
SQL: select p1.*,b.board_id,b.board_title,b.todposts,b.posts,b.board_img,u.username from (select p.* from cq_posts as p where p.ctime = (select max(ctime) from cq_posts where board_id = p.board_id)) as p1 right join cq_boards as b on b.board_id = p1.board_id left join cq_user as u on u.user_id = p1.user_id where b.pid <> 0 order by b.sort [ RunTime:0.0039s ]
INFO: [ view_parse ] --START--
INFO: [ template_filter ] --START--
INFO: Run Behavior\ContentReplaceBehavior [ RunTime:0.000188s ]
INFO: [ template_filter ] --END-- [ RunTime:0.000275s ]
INFO: Run Behavior\ParseTemplateBehavior [ RunTime:0.033329s ]
INFO: [ view_parse ] --END-- [ RunTime:0.033431s ]
INFO: [ view_filter ] --START--
INFO: Run Behavior\WriteHtmlCacheBehavior [ RunTime:0.000500s ]
INFO: [ view_filter ] --END-- [ RunTime:0.000588s ]
INFO: [ app_end ] --START--
INFO: Run Behavior\ShowPageTraceBehavior [ RunTime:0.000826s ]
INFO: [ app_end ] --END-- [ RunTime:0.000925s ]

[ 2017-02-02T16:47:02+08:00 ] 182.131.10.11 /index.php/Mobile/News/moban/id/17.html
INFO: [ app_init ] --START--
INFO: Run Behavior\BuildLiteBehavior [ RunTime:0.000021s ]
INFO: [ app_init ] --END-- [ RunTime:0.000088s ]
NOTIC: [8] Use of undefined constant URL_COMPAT - assumed 'URL_COMPAT' E:\web\lanhai\www\ThinkPHP\Library\Think\Dispatcher.class.php 第 183 行.
NOTIC: [8] Use of undefined constant URL_REWRITE - assumed 'URL_REWRITE' E:\web\lanhai\www\ThinkPHP\Library\Think\Dispatcher.class.php 第 185 行.
INFO: [ app_begin ] --START--
INFO: Run Behavior\ReadHtmlCacheBehavior [ RunTime:0.000576s ]
INFO: [ app_begin ] --END-- [ RunTime:0.000662s ]
SQL: SHOW COLUMNS FROM `cq_lanmu` [ RunTime:0.0021s ]
SQL: SELECT * FROM `cq_lanmu` WHERE ( is_show='0' AND lan_id=1 )  [ RunTime:0.0003s ]
SQL: SELECT * FROM `cq_lanmu` WHERE ( is_show='0' AND lan_id=2 )  [ RunTime:0.0003s ]
SQL: SELECT * FROM `cq_lanmu` WHERE ( (is_show = '0') AND pid=2  ) ORDER BY sort  [ RunTime:0.0004s ]
SQL: SELECT * FROM `cq_lanmu` WHERE ( (is_show = '0') AND pid=2  ) ORDER BY sort LIMIT 0,6   [ RunTime:0.0003s ]
SQL: SELECT * FROM `cq_lanmu` WHERE ( is_show='0' AND lan_id=3 )  [ RunTime:0.0002s ]
SQL: SELECT * FROM `cq_lanmu` WHERE ( is_show='0' AND lan_id=4 )  [ RunTime:0.0002s ]
SQL: SELECT * FROM `cq_lanmu` WHERE ( (is_show = '0') AND pid=4 ) ORDER BY sort  [ RunTime:0.0003s ]
SQL: SELECT * FROM `cq_lanmu` WHERE ( (is_show = '0') AND pid=4 ) ORDER BY sort LIMIT 0,6   [ RunTime:0.0003s ]
SQL: SELECT * FROM `cq_lanmu` WHERE ( is_show='0' AND lan_id=5 )  [ RunTime:0.0003s ]
SQL: SELECT * FROM `cq_lanmu` WHERE ( (is_show = '0') AND pid=5 ) ORDER BY sort  [ RunTime:0.0003s ]
SQL: SELECT * FROM `cq_lanmu` WHERE ( is_show='0' AND lan_id=6 )  [ RunTime:0.0002s ]
SQL: SELECT * FROM `cq_lanmu` WHERE ( (is_show = '0') AND pid=6 ) ORDER BY sort  [ RunTime:0.0003s ]
SQL: SELECT * FROM `cq_lanmu` WHERE ( is_show='0' AND lan_id=7 )  [ RunTime:0.0003s ]
SQL: SELECT * FROM `cq_lanmu` WHERE ( (is_show = '0') AND pid=7 ) ORDER BY sort  [ RunTime:0.0003s ]
SQL: SELECT * FROM `cq_lanmu` WHERE ( (is_show = '0') AND pid=7 ) ORDER BY sort LIMIT 0,4   [ RunTime:0.0003s ]
SQL: SELECT * FROM `cq_lanmu` WHERE ( is_show='0' AND lan_id=8 )  [ RunTime:0.0003s ]
SQL: SELECT * FROM `cq_lanmu` WHERE ( is_show='0' AND lan_id=9 )  [ RunTime:0.0002s ]
SQL: SHOW COLUMNS FROM `cq_img` [ RunTime:0.0018s ]
SQL: SELECT * FROM `cq_img` WHERE `id` = 17 LIMIT 1   [ RunTime:0.0003s ]
INFO: [ view_parse ] --START--
INFO: [ template_filter ] --START--
INFO: Run Behavior\ContentReplaceBehavior [ RunTime:0.000062s ]
INFO: [ template_filter ] --END-- [ RunTime:0.000145s ]
INFO: Run Behavior\ParseTemplateBehavior [ RunTime:0.006421s ]
INFO: [ view_parse ] --END-- [ RunTime:0.006504s ]
INFO: [ view_filter ] --START--
INFO: Run Behavior\WriteHtmlCacheBehavior [ RunTime:0.000370s ]
INFO: [ view_filter ] --END-- [ RunTime:0.000426s ]
INFO: [ app_end ] --START--
INFO: Run Behavior\ShowPageTraceBehavior [ RunTime:0.000571s ]
INFO: [ app_end ] --END-- [ RunTime:0.000659s ]

[ 2017-02-02T16:47:05+08:00 ] 101.226.51.228 /index.php/Mobile/News/moban/id/17.html
INFO: [ app_init ] --START--
INFO: Run Behavior\BuildLiteBehavior [ RunTime:0.000020s ]
INFO: [ app_init ] --END-- [ RunTime:0.000085s ]
NOTIC: [8] Use of undefined constant URL_COMPAT - assumed 'URL_COMPAT' E:\web\lanhai\www\ThinkPHP\Library\Think\Dispatcher.class.php 第 183 行.
NOTIC: [8] Use of undefined constant URL_REWRITE - assumed 'URL_REWRITE' E:\web\lanhai\www\ThinkPHP\Library\Think\Dispatcher.class.php 第 185 行.
INFO: [ app_begin ] --START--
INFO: Run Behavior\ReadHtmlCacheBehavior [ RunTime:0.000543s ]
INFO: [ app_begin ] --END-- [ RunTime:0.000631s ]
SQL: SHOW COLUMNS FROM `cq_lanmu` [ RunTime:0.0022s ]
SQL: SELECT * FROM `cq_lanmu` WHERE ( is_show='0' AND lan_id=1 )  [ RunTime:0.0004s ]
SQL: SELECT * FROM `cq_lanmu` WHERE ( is_show='0' AND lan_id=2 )  [ RunTime:0.0003s ]
SQL: SELECT * FROM `cq_lanmu` WHERE ( (is_show = '0') AND pid=2  ) ORDER BY sort  [ RunTime:0.0004s ]
SQL: SELECT * FROM `cq_lanmu` WHERE ( (is_show = '0') AND pid=2  ) ORDER BY sort LIMIT 0,6   [ RunTime:0.0004s ]
SQL: SELECT * FROM `cq_lanmu` WHERE ( is_show='0' AND lan_id=3 )  [ RunTime:0.0003s ]
SQL: SELECT * FROM `cq_lanmu` WHERE ( is_show='0' AND lan_id=4 )  [ RunTime:0.0003s ]
SQL: SELECT * FROM `cq_lanmu` WHERE ( (is_show = '0') AND pid=4 ) ORDER BY sort  [ RunTime:0.0004s ]
SQL: SELECT * FROM `cq_lanmu` WHERE ( (is_show = '0') AND pid=4 ) ORDER BY sort LIMIT 0,6   [ RunTime:0.0004s ]
SQL: SELECT * FROM `cq_lanmu` WHERE ( is_show='0' AND lan_id=5 )  [ RunTime:0.0003s ]
SQL: SELECT * FROM `cq_lanmu` WHERE ( (is_show = '0') AND pid=5 ) ORDER BY sort  [ RunTime:0.0003s ]
SQL: SELECT * FROM `cq_lanmu` WHERE ( is_show='0' AND lan_id=6 )  [ RunTime:0.0003s ]
SQL: SELECT * FROM `cq_lanmu` WHERE ( (is_show = '0') AND pid=6 ) ORDER BY sort  [ RunTime:0.0003s ]
SQL: SELECT * FROM `cq_lanmu` WHERE ( is_show='0' AND lan_id=7 )  [ RunTime:0.0003s ]
SQL: SELECT * FROM `cq_lanmu` WHERE ( (is_show = '0') AND pid=7 ) ORDER BY sort  [ RunTime:0.0003s ]
SQL: SELECT * FROM `cq_lanmu` WHERE ( (is_show = '0') AND pid=7 ) ORDER BY sort LIMIT 0,4   [ RunTime:0.0003s ]
SQL: SELECT * FROM `cq_lanmu` WHERE ( is_show='0' AND lan_id=8 )  [ RunTime:0.0003s ]
SQL: SELECT * FROM `cq_lanmu` WHERE ( is_show='0' AND lan_id=9 )  [ RunTime:0.0003s ]
SQL: SHOW COLUMNS FROM `cq_img` [ RunTime:0.0018s ]
SQL: SELECT * FROM `cq_img` WHERE `id` = 17 LIMIT 1   [ RunTime:0.0003s ]
INFO: [ view_parse ] --START--
INFO: [ template_filter ] --START--
INFO: Run Behavior\ContentReplaceBehavior [ RunTime:0.000055s ]
INFO: [ template_filter ] --END-- [ RunTime:0.000127s ]
INFO: Run Behavior\ParseTemplateBehavior [ RunTime:0.005920s ]
INFO: [ view_parse ] --END-- [ RunTime:0.005992s ]
INFO: [ view_filter ] --START--
INFO: Run Behavior\WriteHtmlCacheBehavior [ RunTime:0.000305s ]
INFO: [ view_filter ] --END-- [ RunTime:0.000359s ]
INFO: [ app_end ] --START--
INFO: Run Behavior\ShowPageTraceBehavior [ RunTime:0.000506s ]
INFO: [ app_end ] --END-- [ RunTime:0.000566s ]

[ 2017-02-02T16:47:32+08:00 ] 139.205.172.113 /index.php/Mobile/News/moban/id/17.html
INFO: [ app_init ] --START--
INFO: Run Behavior\BuildLiteBehavior [ RunTime:0.000020s ]
INFO: [ app_init ] --END-- [ RunTime:0.000083s ]
NOTIC: [8] Use of undefined constant URL_COMPAT - assumed 'URL_COMPAT' E:\web\lanhai\www\ThinkPHP\Library\Think\Dispatcher.class.php 第 183 行.
NOTIC: [8] Use of undefined constant URL_REWRITE - assumed 'URL_REWRITE' E:\web\lanhai\www\ThinkPHP\Library\Think\Dispatcher.class.php 第 185 行.
INFO: [ app_begin ] --START--
INFO: Run Behavior\ReadHtmlCacheBehavior [ RunTime:0.000661s ]
INFO: [ app_begin ] --END-- [ RunTime:0.000749s ]
SQL: SHOW COLUMNS FROM `cq_lanmu` [ RunTime:0.0021s ]
SQL: SELECT * FROM `cq_lanmu` WHERE ( is_show='0' AND lan_id=1 )  [ RunTime:0.0004s ]
SQL: SELECT * FROM `cq_lanmu` WHERE ( is_show='0' AND lan_id=2 )  [ RunTime:0.0003s ]
SQL: SELECT * FROM `cq_lanmu` WHERE ( (is_show = '0') AND pid=2  ) ORDER BY sort  [ RunTime:0.0004s ]
SQL: SELECT * FROM `cq_lanmu` WHERE ( (is_show = '0') AND pid=2  ) ORDER BY sort LIMIT 0,6   [ RunTime:0.0003s ]
SQL: SELECT * FROM `cq_lanmu` WHERE ( is_show='0' AND lan_id=3 )  [ RunTime:0.0002s ]
SQL: SELECT * FROM `cq_lanmu` WHERE ( is_show='0' AND lan_id=4 )  [ RunTime:0.0002s ]
SQL: SELECT * FROM `cq_lanmu` WHERE ( (is_show = '0') AND pid=4 ) ORDER BY sort  [ RunTime:0.0003s ]
SQL: SELECT * FROM `cq_lanmu` WHERE ( (is_show = '0') AND pid=4 ) ORDER BY sort LIMIT 0,6   [ RunTime:0.0003s ]
SQL: SELECT * FROM `cq_lanmu` WHERE ( is_show='0' AND lan_id=5 )  [ RunTime:0.0002s ]
SQL: SELECT * FROM `cq_lanmu` WHERE ( (is_show = '0') AND pid=5 ) ORDER BY sort  [ RunTime:0.0003s ]
SQL: SELECT * FROM `cq_lanmu` WHERE ( is_show='0' AND lan_id=6 )  [ RunTime:0.0002s ]
SQL: SELECT * FROM `cq_lanmu` WHERE ( (is_show = '0') AND pid=6 ) ORDER BY sort  [ RunTime:0.0003s ]
SQL: SELECT * FROM `cq_lanmu` WHERE ( is_show='0' AND lan_id=7 )  [ RunTime:0.0003s ]
SQL: SELECT * FROM `cq_lanmu` WHERE ( (is_show = '0') AND pid=7 ) ORDER BY sort  [ RunTime:0.0003s ]
SQL: SELECT * FROM `cq_lanmu` WHERE ( (is_show = '0') AND pid=7 ) ORDER BY sort LIMIT 0,4   [ RunTime:0.0003s ]
SQL: SELECT * FROM `cq_lanmu` WHERE ( is_show='0' AND lan_id=8 )  [ RunTime:0.0003s ]
SQL: SELECT * FROM `cq_lanmu` WHERE ( is_show='0' AND lan_id=9 )  [ RunTime:0.0003s ]
SQL: SHOW COLUMNS FROM `cq_img` [ RunTime:0.0017s ]
SQL: SELECT * FROM `cq_img` WHERE `id` = 17 LIMIT 1   [ RunTime:0.0006s ]
INFO: [ view_parse ] --START--
INFO: [ template_filter ] --START--
INFO: Run Behavior\ContentReplaceBehavior [ RunTime:0.000054s ]
INFO: [ template_filter ] --END-- [ RunTime:0.000123s ]
INFO: Run Behavior\ParseTemplateBehavior [ RunTime:0.006504s ]
INFO: [ view_parse ] --END-- [ RunTime:0.006603s ]
INFO: [ view_filter ] --START--
INFO: Run Behavior\WriteHtmlCacheBehavior [ RunTime:0.000448s ]
INFO: [ view_filter ] --END-- [ RunTime:0.000532s ]
INFO: [ app_end ] --START--
INFO: Run Behavior\ShowPageTraceBehavior [ RunTime:0.000616s ]
INFO: [ app_end ] --END-- [ RunTime:0.000700s ]

[ 2017-02-02T16:47:42+08:00 ] 180.153.214.188 /index.php/Mobile/News/moban/id/17.html
INFO: [ app_init ] --START--
INFO: Run Behavior\BuildLiteBehavior [ RunTime:0.000021s ]
INFO: [ app_init ] --END-- [ RunTime:0.000090s ]
NOTIC: [8] Use of undefined constant URL_COMPAT - assumed 'URL_COMPAT' E:\web\lanhai\www\ThinkPHP\Library\Think\Dispatcher.class.php 第 183 行.
NOTIC: [8] Use of undefined constant URL_REWRITE - assumed 'URL_REWRITE' E:\web\lanhai\www\ThinkPHP\Library\Think\Dispatcher.class.php 第 185 行.
INFO: [ app_begin ] --START--
INFO: Run Behavior\ReadHtmlCacheBehavior [ RunTime:0.000605s ]
INFO: [ app_begin ] --END-- [ RunTime:0.000680s ]
SQL: SHOW COLUMNS FROM `cq_lanmu` [ RunTime:0.0022s ]
SQL: SELECT * FROM `cq_lanmu` WHERE ( is_show='0' AND lan_id=1 )  [ RunTime:0.0004s ]
SQL: SELECT * FROM `cq_lanmu` WHERE ( is_show='0' AND lan_id=2 )  [ RunTime:0.0003s ]
SQL: SELECT * FROM `cq_lanmu` WHERE ( (is_show = '0') AND pid=2  ) ORDER BY sort  [ RunTime:0.0004s ]
SQL: SELECT * FROM `cq_lanmu` WHERE ( (is_show = '0') AND pid=2  ) ORDER BY sort LIMIT 0,6   [ RunTime:0.0003s ]
SQL: SELECT * FROM `cq_lanmu` WHERE ( is_show='0' AND lan_id=3 )  [ RunTime:0.0002s ]
SQL: SELECT * FROM `cq_lanmu` WHERE ( is_show='0' AND lan_id=4 )  [ RunTime:0.0003s ]
SQL: SELECT * FROM `cq_lanmu` WHERE ( (is_show = '0') AND pid=4 ) ORDER BY sort  [ RunTime:0.0003s ]
SQL: SELECT * FROM `cq_lanmu` WHERE ( (is_show = '0') AND pid=4 ) ORDER BY sort LIMIT 0,6   [ RunTime:0.0003s ]
SQL: SELECT * FROM `cq_lanmu` WHERE ( is_show='0' AND lan_id=5 )  [ RunTime:0.0002s ]
SQL: SELECT * FROM `cq_lanmu` WHERE ( (is_show = '0') AND pid=5 ) ORDER BY sort  [ RunTime:0.0003s ]
SQL: SELECT * FROM `cq_lanmu` WHERE ( is_show='0' AND lan_id=6 )  [ RunTime:0.0002s ]
SQL: SELECT * FROM `cq_lanmu` WHERE ( (is_show = '0') AND pid=6 ) ORDER BY sort  [ RunTime:0.0003s ]
SQL: SELECT * FROM `cq_lanmu` WHERE ( is_show='0' AND lan_id=7 )  [ RunTime:0.0002s ]
SQL: SELECT * FROM `cq_lanmu` WHERE ( (is_show = '0') AND pid=7 ) ORDER BY sort  [ RunTime:0.0004s ]
SQL: SELECT * FROM `cq_lanmu` WHERE ( (is_show = '0') AND pid=7 ) ORDER BY sort LIMIT 0,4   [ RunTime:0.0004s ]
SQL: SELECT * FROM `cq_lanmu` WHERE ( is_show='0' AND lan_id=8 )  [ RunTime:0.0002s ]
SQL: SELECT * FROM `cq_lanmu` WHERE ( is_show='0' AND lan_id=9 )  [ RunTime:0.0002s ]
SQL: SHOW COLUMNS FROM `cq_img` [ RunTime:0.0019s ]
SQL: SELECT * FROM `cq_img` WHERE `id` = 17 LIMIT 1   [ RunTime:0.0003s ]
INFO: [ view_parse ] --START--
INFO: [ template_filter ] --START--
INFO: Run Behavior\ContentReplaceBehavior [ RunTime:0.000050s ]
INFO: [ template_filter ] --END-- [ RunTime:0.000122s ]
INFO: Run Behavior\ParseTemplateBehavior [ RunTime:0.006187s ]
INFO: [ view_parse ] --END-- [ RunTime:0.006268s ]
INFO: [ view_filter ] --START--
INFO: Run Behavior\WriteHtmlCacheBehavior [ RunTime:0.000333s ]
INFO: [ view_filter ] --END-- [ RunTime:0.000403s ]
INFO: [ app_end ] --START--
INFO: Run Behavior\ShowPageTraceBehavior [ RunTime:0.000621s ]
INFO: [ app_end ] --END-- [ RunTime:0.000687s ]

