[ 2017-01-21T00:20:15+08:00 ] 123.86.25.187 /index.php/Mobile/News/moban/id/12.html
INFO: [ app_init ] --START--
INFO: Run Behavior\BuildLiteBehavior [ RunTime:0.000020s ]
INFO: [ app_init ] --END-- [ RunTime:0.000086s ]
NOTIC: [8] Use of undefined constant URL_COMPAT - assumed 'URL_COMPAT' E:\web\lanhai\www\ThinkPHP\Library\Think\Dispatcher.class.php 第 183 行.
NOTIC: [8] Use of undefined constant URL_REWRITE - assumed 'URL_REWRITE' E:\web\lanhai\www\ThinkPHP\Library\Think\Dispatcher.class.php 第 185 行.
INFO: [ app_begin ] --START--
INFO: Run Behavior\ReadHtmlCacheBehavior [ RunTime:0.000621s ]
INFO: [ app_begin ] --END-- [ RunTime:0.000694s ]
SQL: SHOW COLUMNS FROM `cq_lanmu` [ RunTime:0.0024s ]
SQL: SELECT * FROM `cq_lanmu` WHERE ( is_show='0' AND lan_id=1 )  [ RunTime:0.0004s ]
SQL: SELECT * FROM `cq_lanmu` WHERE ( is_show='0' AND lan_id=2 )  [ RunTime:0.0003s ]
SQL: SELECT * FROM `cq_lanmu` WHERE ( (is_show = '0') AND pid=2  ) ORDER BY sort  [ RunTime:0.0007s ]
SQL: SELECT * FROM `cq_lanmu` WHERE ( (is_show = '0') AND pid=2  ) ORDER BY sort LIMIT 0,6   [ RunTime:0.0004s ]
SQL: SELECT * FROM `cq_lanmu` WHERE ( is_show='0' AND lan_id=3 )  [ RunTime:0.0003s ]
SQL: SELECT * FROM `cq_lanmu` WHERE ( is_show='0' AND lan_id=4 )  [ RunTime:0.0003s ]
SQL: SELECT * FROM `cq_lanmu` WHERE ( (is_show = '0') AND pid=4 ) ORDER BY sort  [ RunTime:0.0004s ]
SQL: SELECT * FROM `cq_lanmu` WHERE ( (is_show = '0') AND pid=4 ) ORDER BY sort LIMIT 0,6   [ RunTime:0.0005s ]
SQL: SELECT * FROM `cq_lanmu` WHERE ( is_show='0' AND lan_id=5 )  [ RunTime:0.0004s ]
SQL: SELECT * FROM `cq_lanmu` WHERE ( (is_show = '0') AND pid=5 ) ORDER BY sort  [ RunTime:0.0004s ]
SQL: SELECT * FROM `cq_lanmu` WHERE ( is_show='0' AND lan_id=6 )  [ RunTime:0.0003s ]
SQL: SELECT * FROM `cq_lanmu` WHERE ( (is_show = '0') AND pid=6 ) ORDER BY sort  [ RunTime:0.0004s ]
SQL: SELECT * FROM `cq_lanmu` WHERE ( is_show='0' AND lan_id=7 )  [ RunTime:0.0003s ]
SQL: SELECT * FROM `cq_lanmu` WHERE ( (is_show = '0') AND pid=7 ) ORDER BY sort  [ RunTime:0.0004s ]
SQL: SELECT * FROM `cq_lanmu` WHERE ( (is_show = '0') AND pid=7 ) ORDER BY sort LIMIT 0,4   [ RunTime:0.0003s ]
SQL: SELECT * FROM `cq_lanmu` WHERE ( is_show='0' AND lan_id=8 )  [ RunTime:0.0003s ]
SQL: SELECT * FROM `cq_lanmu` WHERE ( is_show='0' AND lan_id=9 )  [ RunTime:0.0003s ]
SQL: SHOW COLUMNS FROM `cq_img` [ RunTime:0.0017s ]
SQL: SELECT * FROM `cq_img` WHERE `id` = 12 LIMIT 1   [ RunTime:0.0003s ]
INFO: [ view_parse ] --START--
INFO: [ template_filter ] --START--
INFO: Run Behavior\ContentReplaceBehavior [ RunTime:0.000080s ]
INFO: [ template_filter ] --END-- [ RunTime:0.000154s ]
INFO: Run Behavior\ParseTemplateBehavior [ RunTime:0.006439s ]
INFO: [ view_parse ] --END-- [ RunTime:0.006513s ]
INFO: [ view_filter ] --START--
INFO: Run Behavior\WriteHtmlCacheBehavior [ RunTime:0.000371s ]
INFO: [ view_filter ] --END-- [ RunTime:0.000427s ]
INFO: [ app_end ] --START--
INFO: Run Behavior\ShowPageTraceBehavior [ RunTime:0.000666s ]
INFO: [ app_end ] --END-- [ RunTime:0.000730s ]

[ 2017-01-21T00:20:34+08:00 ] 180.153.212.13 /index.php/Mobile/News/moban/id/12.html
INFO: [ app_init ] --START--
INFO: Run Behavior\BuildLiteBehavior [ RunTime:0.000019s ]
INFO: [ app_init ] --END-- [ RunTime:0.000082s ]
NOTIC: [8] Use of undefined constant URL_COMPAT - assumed 'URL_COMPAT' E:\web\lanhai\www\ThinkPHP\Library\Think\Dispatcher.class.php 第 183 行.
NOTIC: [8] Use of undefined constant URL_REWRITE - assumed 'URL_REWRITE' E:\web\lanhai\www\ThinkPHP\Library\Think\Dispatcher.class.php 第 185 行.
INFO: [ app_begin ] --START--
INFO: Run Behavior\ReadHtmlCacheBehavior [ RunTime:0.000563s ]
INFO: [ app_begin ] --END-- [ RunTime:0.000633s ]
SQL: SHOW COLUMNS FROM `cq_lanmu` [ RunTime:0.0021s ]
SQL: SELECT * FROM `cq_lanmu` WHERE ( is_show='0' AND lan_id=1 )  [ RunTime:0.0004s ]
SQL: SELECT * FROM `cq_lanmu` WHERE ( is_show='0' AND lan_id=2 )  [ RunTime:0.0003s ]
SQL: SELECT * FROM `cq_lanmu` WHERE ( (is_show = '0') AND pid=2  ) ORDER BY sort  [ RunTime:0.0003s ]
SQL: SELECT * FROM `cq_lanmu` WHERE ( (is_show = '0') AND pid=2  ) ORDER BY sort LIMIT 0,6   [ RunTime:0.0003s ]
SQL: SELECT * FROM `cq_lanmu` WHERE ( is_show='0' AND lan_id=3 )  [ RunTime:0.0002s ]
SQL: SELECT * FROM `cq_lanmu` WHERE ( is_show='0' AND lan_id=4 )  [ RunTime:0.0002s ]
SQL: SELECT * FROM `cq_lanmu` WHERE ( (is_show = '0') AND pid=4 ) ORDER BY sort  [ RunTime:0.0003s ]
SQL: SELECT * FROM `cq_lanmu` WHERE ( (is_show = '0') AND pid=4 ) ORDER BY sort LIMIT 0,6   [ RunTime:0.0003s ]
SQL: SELECT * FROM `cq_lanmu` WHERE ( is_show='0' AND lan_id=5 )  [ RunTime:0.0002s ]
SQL: SELECT * FROM `cq_lanmu` WHERE ( (is_show = '0') AND pid=5 ) ORDER BY sort  [ RunTime:0.0003s ]
SQL: SELECT * FROM `cq_lanmu` WHERE ( is_show='0' AND lan_id=6 )  [ RunTime:0.0002s ]
SQL: SELECT * FROM `cq_lanmu` WHERE ( (is_show = '0') AND pid=6 ) ORDER BY sort  [ RunTime:0.0004s ]
SQL: SELECT * FROM `cq_lanmu` WHERE ( is_show='0' AND lan_id=7 )  [ RunTime:0.0003s ]
SQL: SELECT * FROM `cq_lanmu` WHERE ( (is_show = '0') AND pid=7 ) ORDER BY sort  [ RunTime:0.0004s ]
SQL: SELECT * FROM `cq_lanmu` WHERE ( (is_show = '0') AND pid=7 ) ORDER BY sort LIMIT 0,4   [ RunTime:0.0003s ]
SQL: SELECT * FROM `cq_lanmu` WHERE ( is_show='0' AND lan_id=8 )  [ RunTime:0.0002s ]
SQL: SELECT * FROM `cq_lanmu` WHERE ( is_show='0' AND lan_id=9 )  [ RunTime:0.0003s ]
SQL: SHOW COLUMNS FROM `cq_img` [ RunTime:0.0017s ]
SQL: SELECT * FROM `cq_img` WHERE `id` = 12 LIMIT 1   [ RunTime:0.0003s ]
INFO: [ view_parse ] --START--
INFO: [ template_filter ] --START--
INFO: Run Behavior\ContentReplaceBehavior [ RunTime:0.000051s ]
INFO: [ template_filter ] --END-- [ RunTime:0.000118s ]
INFO: Run Behavior\ParseTemplateBehavior [ RunTime:0.006053s ]
INFO: [ view_parse ] --END-- [ RunTime:0.006130s ]
INFO: [ view_filter ] --START--
INFO: Run Behavior\WriteHtmlCacheBehavior [ RunTime:0.000297s ]
INFO: [ view_filter ] --END-- [ RunTime:0.000352s ]
INFO: [ app_end ] --START--
INFO: Run Behavior\ShowPageTraceBehavior [ RunTime:0.000593s ]
INFO: [ app_end ] --END-- [ RunTime:0.000653s ]

[ 2017-01-21T00:37:14+08:00 ] 123.125.71.32 /index.php/Mobile/News/detail/news_id/283.html
INFO: [ app_init ] --START--
INFO: Run Behavior\BuildLiteBehavior [ RunTime:0.000019s ]
INFO: [ app_init ] --END-- [ RunTime:0.000083s ]
NOTIC: [8] Use of undefined constant URL_COMPAT - assumed 'URL_COMPAT' E:\web\lanhai\www\ThinkPHP\Library\Think\Dispatcher.class.php 第 183 行.
NOTIC: [8] Use of undefined constant URL_REWRITE - assumed 'URL_REWRITE' E:\web\lanhai\www\ThinkPHP\Library\Think\Dispatcher.class.php 第 185 行.
INFO: [ app_begin ] --START--
INFO: Run Behavior\ReadHtmlCacheBehavior [ RunTime:0.000582s ]
INFO: [ app_begin ] --END-- [ RunTime:0.000661s ]
SQL: SHOW COLUMNS FROM `cq_lanmu` [ RunTime:0.0020s ]
SQL: SELECT * FROM `cq_lanmu` WHERE ( is_show='0' AND lan_id=1 )  [ RunTime:0.0004s ]
SQL: SELECT * FROM `cq_lanmu` WHERE ( is_show='0' AND lan_id=2 )  [ RunTime:0.0003s ]
SQL: SELECT * FROM `cq_lanmu` WHERE ( (is_show = '0') AND pid=2  ) ORDER BY sort  [ RunTime:0.0003s ]
SQL: SELECT * FROM `cq_lanmu` WHERE ( (is_show = '0') AND pid=2  ) ORDER BY sort LIMIT 0,6   [ RunTime:0.0003s ]
SQL: SELECT * FROM `cq_lanmu` WHERE ( is_show='0' AND lan_id=3 )  [ RunTime:0.0003s ]
SQL: SELECT * FROM `cq_lanmu` WHERE ( is_show='0' AND lan_id=4 )  [ RunTime:0.0003s ]
SQL: SELECT * FROM `cq_lanmu` WHERE ( (is_show = '0') AND pid=4 ) ORDER BY sort  [ RunTime:0.0003s ]
SQL: SELECT * FROM `cq_lanmu` WHERE ( (is_show = '0') AND pid=4 ) ORDER BY sort LIMIT 0,6   [ RunTime:0.0004s ]
SQL: SELECT * FROM `cq_lanmu` WHERE ( is_show='0' AND lan_id=5 )  [ RunTime:0.0002s ]
SQL: SELECT * FROM `cq_lanmu` WHERE ( (is_show = '0') AND pid=5 ) ORDER BY sort  [ RunTime:0.0004s ]
SQL: SELECT * FROM `cq_lanmu` WHERE ( is_show='0' AND lan_id=6 )  [ RunTime:0.0002s ]
SQL: SELECT * FROM `cq_lanmu` WHERE ( (is_show = '0') AND pid=6 ) ORDER BY sort  [ RunTime:0.0003s ]
SQL: SELECT * FROM `cq_lanmu` WHERE ( is_show='0' AND lan_id=7 )  [ RunTime:0.0002s ]
SQL: SELECT * FROM `cq_lanmu` WHERE ( (is_show = '0') AND pid=7 ) ORDER BY sort  [ RunTime:0.0004s ]
SQL: SELECT * FROM `cq_lanmu` WHERE ( (is_show = '0') AND pid=7 ) ORDER BY sort LIMIT 0,4   [ RunTime:0.0003s ]
SQL: SELECT * FROM `cq_lanmu` WHERE ( is_show='0' AND lan_id=8 )  [ RunTime:0.0002s ]
SQL: SELECT * FROM `cq_lanmu` WHERE ( is_show='0' AND lan_id=9 )  [ RunTime:0.0002s ]
SQL: SHOW COLUMNS FROM `cq_news` [ RunTime:0.0022s ]
SQL: UPDATE `cq_news` SET `click`=click+1 WHERE `news_id` = 283 [ RunTime:0.0029s ]
SQL: SELECT * FROM `cq_news` WHERE `news_id` = 283 LIMIT 1   [ RunTime:0.0004s ]
SQL: SHOW COLUMNS FROM `cq_ncomment` [ RunTime:0.0019s ]
SQL: SELECT COUNT(*) AS tp_count FROM `cq_ncomment` WHERE `news_id` = 283 AND `display` = '1' LIMIT 1   [ RunTime:0.0003s ]
SQL: SELECT * FROM `cq_ncomment` WHERE `news_id` = 283 AND `display` = '1' ORDER BY add_time desc LIMIT 0,10   [ RunTime:0.0003s ]
INFO: [ view_parse ] --START--
INFO: [ template_filter ] --START--
INFO: Run Behavior\ContentReplaceBehavior [ RunTime:0.000124s ]
INFO: [ template_filter ] --END-- [ RunTime:0.000188s ]
INFO: Run Behavior\ParseTemplateBehavior [ RunTime:0.018158s ]
INFO: [ view_parse ] --END-- [ RunTime:0.018244s ]
INFO: [ view_filter ] --START--
INFO: Run Behavior\WriteHtmlCacheBehavior [ RunTime:0.000317s ]
INFO: [ view_filter ] --END-- [ RunTime:0.000372s ]
INFO: [ app_end ] --START--
INFO: Run Behavior\ShowPageTraceBehavior [ RunTime:0.000533s ]
INFO: [ app_end ] --END-- [ RunTime:0.000595s ]

[ 2017-01-21T15:00:01+08:00 ] 123.151.138.57 /index.php/Mobile
INFO: [ app_init ] --START--
INFO: Run Behavior\BuildLiteBehavior [ RunTime:0.000020s ]
INFO: [ app_init ] --END-- [ RunTime:0.000084s ]
NOTIC: [8] Use of undefined constant URL_COMPAT - assumed 'URL_COMPAT' E:\web\lanhai\www\ThinkPHP\Library\Think\Dispatcher.class.php 第 183 行.
NOTIC: [8] Use of undefined constant URL_REWRITE - assumed 'URL_REWRITE' E:\web\lanhai\www\ThinkPHP\Library\Think\Dispatcher.class.php 第 185 行.
INFO: [ app_begin ] --START--
INFO: Run Behavior\ReadHtmlCacheBehavior [ RunTime:0.000587s ]
INFO: [ app_begin ] --END-- [ RunTime:0.000657s ]
SQL: SHOW COLUMNS FROM `cq_lanmu` [ RunTime:0.0021s ]
SQL: SELECT * FROM `cq_lanmu` WHERE ( is_show='0' AND lan_id=1 )  [ RunTime:0.0003s ]
SQL: SELECT * FROM `cq_lanmu` WHERE ( is_show='0' AND lan_id=2 )  [ RunTime:0.0003s ]
SQL: SELECT * FROM `cq_lanmu` WHERE ( (is_show = '0') AND pid=2  ) ORDER BY sort  [ RunTime:0.0004s ]
SQL: SELECT * FROM `cq_lanmu` WHERE ( (is_show = '0') AND pid=2  ) ORDER BY sort LIMIT 0,6   [ RunTime:0.0004s ]
SQL: SELECT * FROM `cq_lanmu` WHERE ( is_show='0' AND lan_id=3 )  [ RunTime:0.0003s ]
SQL: SELECT * FROM `cq_lanmu` WHERE ( is_show='0' AND lan_id=4 )  [ RunTime:0.0002s ]
SQL: SELECT * FROM `cq_lanmu` WHERE ( (is_show = '0') AND pid=4 ) ORDER BY sort  [ RunTime:0.0003s ]
SQL: SELECT * FROM `cq_lanmu` WHERE ( (is_show = '0') AND pid=4 ) ORDER BY sort LIMIT 0,6   [ RunTime:0.0004s ]
SQL: SELECT * FROM `cq_lanmu` WHERE ( is_show='0' AND lan_id=5 )  [ RunTime:0.0002s ]
SQL: SELECT * FROM `cq_lanmu` WHERE ( (is_show = '0') AND pid=5 ) ORDER BY sort  [ RunTime:0.0003s ]
SQL: SELECT * FROM `cq_lanmu` WHERE ( is_show='0' AND lan_id=6 )  [ RunTime:0.0002s ]
SQL: SELECT * FROM `cq_lanmu` WHERE ( (is_show = '0') AND pid=6 ) ORDER BY sort  [ RunTime:0.0003s ]
SQL: SELECT * FROM `cq_lanmu` WHERE ( is_show='0' AND lan_id=7 )  [ RunTime:0.0003s ]
SQL: SELECT * FROM `cq_lanmu` WHERE ( (is_show = '0') AND pid=7 ) ORDER BY sort  [ RunTime:0.0003s ]
SQL: SELECT * FROM `cq_lanmu` WHERE ( (is_show = '0') AND pid=7 ) ORDER BY sort LIMIT 0,4   [ RunTime:0.0003s ]
SQL: SELECT * FROM `cq_lanmu` WHERE ( is_show='0' AND lan_id=8 )  [ RunTime:0.0002s ]
SQL: SELECT * FROM `cq_lanmu` WHERE ( is_show='0' AND lan_id=9 )  [ RunTime:0.0002s ]
SQL: SHOW COLUMNS FROM `cq_banner` [ RunTime:0.0019s ]
SQL: SELECT * FROM `cq_banner` WHERE ( is_show='0' AND is_area='0' AND lan_id=1 AND is_del='0' ) ORDER BY add_time desc LIMIT 0,5   [ RunTime:0.0004s ]
SQL: SELECT * FROM `cq_banner` WHERE ( is_show='0' AND is_area='1' AND lan_id=1 AND is_del='0' ) ORDER BY add_time desc LIMIT 0,1   [ RunTime:0.0003s ]
SQL: SHOW COLUMNS FROM `cq_news` [ RunTime:0.0022s ]
SQL: SELECT * FROM `cq_news` WHERE ( is_show='0' AND lan_id='3' AND is_del='0' ) ORDER BY add_time desc LIMIT 0,5   [ RunTime:0.0016s ]
SQL: SELECT * FROM `cq_news` WHERE ( is_show='0' AND lan_id='3' AND is_del='0' ) ORDER BY add_time desc LIMIT 5,4   [ RunTime:0.0014s ]
SQL: SELECT * FROM cq_news n INNER JOIN cq_lanmu l on n.lan_id=l.lan_id  WHERE ( n.is_show='0' AND n.is_del='0' AND l.pid=4 ) ORDER BY click desc LIMIT 0,3   [ RunTime:0.0013s ]
SQL: SELECT * FROM cq_news n INNER JOIN cq_lanmu l on n.lan_id=l.lan_id  WHERE ( n.is_show='0' AND n.is_del='0' AND l.pid=5 ) ORDER BY click desc LIMIT 0,3   [ RunTime:0.0014s ]
SQL: SELECT * FROM `cq_news` WHERE ( is_show='0' AND is_del='0' AND lan_id=29 OR lan_id=30 OR lan_id=32 ) ORDER BY click desc LIMIT 0,3   [ RunTime:0.0011s ]
SQL: select p1.*,b.board_id,b.board_title,b.todposts,b.posts,b.board_img,u.username from (select p.* from cq_posts as p where p.ctime = (select max(ctime) from cq_posts where board_id = p.board_id)) as p1 right join cq_boards as b on b.board_id = p1.board_id left join cq_user as u on u.user_id = p1.user_id where b.pid <> 0 order by b.sort [ RunTime:0.0038s ]
INFO: [ view_parse ] --START--
INFO: [ template_filter ] --START--
INFO: Run Behavior\ContentReplaceBehavior [ RunTime:0.000177s ]
INFO: [ template_filter ] --END-- [ RunTime:0.000263s ]
INFO: Run Behavior\ParseTemplateBehavior [ RunTime:0.036792s ]
INFO: [ view_parse ] --END-- [ RunTime:0.036864s ]
INFO: [ view_filter ] --START--
INFO: Run Behavior\WriteHtmlCacheBehavior [ RunTime:0.000353s ]
INFO: [ view_filter ] --END-- [ RunTime:0.000408s ]
INFO: [ app_end ] --START--
INFO: Run Behavior\ShowPageTraceBehavior [ RunTime:0.000544s ]
INFO: [ app_end ] --END-- [ RunTime:0.000609s ]

[ 2017-01-21T15:00:18+08:00 ] 123.151.138.57 /index.php/Mobile/News/detail/news_id/670.html
INFO: [ app_init ] --START--
INFO: Run Behavior\BuildLiteBehavior [ RunTime:0.000020s ]
INFO: [ app_init ] --END-- [ RunTime:0.000082s ]
NOTIC: [8] Use of undefined constant URL_COMPAT - assumed 'URL_COMPAT' E:\web\lanhai\www\ThinkPHP\Library\Think\Dispatcher.class.php 第 183 行.
NOTIC: [8] Use of undefined constant URL_REWRITE - assumed 'URL_REWRITE' E:\web\lanhai\www\ThinkPHP\Library\Think\Dispatcher.class.php 第 185 行.
INFO: [ app_begin ] --START--
INFO: Run Behavior\ReadHtmlCacheBehavior [ RunTime:0.000556s ]
INFO: [ app_begin ] --END-- [ RunTime:0.000627s ]
SQL: SHOW COLUMNS FROM `cq_lanmu` [ RunTime:0.0021s ]
SQL: SELECT * FROM `cq_lanmu` WHERE ( is_show='0' AND lan_id=1 )  [ RunTime:0.0003s ]
SQL: SELECT * FROM `cq_lanmu` WHERE ( is_show='0' AND lan_id=2 )  [ RunTime:0.0003s ]
SQL: SELECT * FROM `cq_lanmu` WHERE ( (is_show = '0') AND pid=2  ) ORDER BY sort  [ RunTime:0.0003s ]
SQL: SELECT * FROM `cq_lanmu` WHERE ( (is_show = '0') AND pid=2  ) ORDER BY sort LIMIT 0,6   [ RunTime:0.0003s ]
SQL: SELECT * FROM `cq_lanmu` WHERE ( is_show='0' AND lan_id=3 )  [ RunTime:0.0002s ]
SQL: SELECT * FROM `cq_lanmu` WHERE ( is_show='0' AND lan_id=4 )  [ RunTime:0.0002s ]
SQL: SELECT * FROM `cq_lanmu` WHERE ( (is_show = '0') AND pid=4 ) ORDER BY sort  [ RunTime:0.0003s ]
SQL: SELECT * FROM `cq_lanmu` WHERE ( (is_show = '0') AND pid=4 ) ORDER BY sort LIMIT 0,6   [ RunTime:0.0003s ]
SQL: SELECT * FROM `cq_lanmu` WHERE ( is_show='0' AND lan_id=5 )  [ RunTime:0.0002s ]
SQL: SELECT * FROM `cq_lanmu` WHERE ( (is_show = '0') AND pid=5 ) ORDER BY sort  [ RunTime:0.0003s ]
SQL: SELECT * FROM `cq_lanmu` WHERE ( is_show='0' AND lan_id=6 )  [ RunTime:0.0002s ]
SQL: SELECT * FROM `cq_lanmu` WHERE ( (is_show = '0') AND pid=6 ) ORDER BY sort  [ RunTime:0.0003s ]
SQL: SELECT * FROM `cq_lanmu` WHERE ( is_show='0' AND lan_id=7 )  [ RunTime:0.0002s ]
SQL: SELECT * FROM `cq_lanmu` WHERE ( (is_show = '0') AND pid=7 ) ORDER BY sort  [ RunTime:0.0003s ]
SQL: SELECT * FROM `cq_lanmu` WHERE ( (is_show = '0') AND pid=7 ) ORDER BY sort LIMIT 0,4   [ RunTime:0.0004s ]
SQL: SELECT * FROM `cq_lanmu` WHERE ( is_show='0' AND lan_id=8 )  [ RunTime:0.0002s ]
SQL: SELECT * FROM `cq_lanmu` WHERE ( is_show='0' AND lan_id=9 )  [ RunTime:0.0002s ]
SQL: SHOW COLUMNS FROM `cq_news` [ RunTime:0.0020s ]
SQL: UPDATE `cq_news` SET `click`=click+1 WHERE `news_id` = 670 [ RunTime:0.0025s ]
SQL: SELECT * FROM `cq_news` WHERE `news_id` = 670 LIMIT 1   [ RunTime:0.0005s ]
SQL: SHOW COLUMNS FROM `cq_ncomment` [ RunTime:0.0017s ]
SQL: SELECT COUNT(*) AS tp_count FROM `cq_ncomment` WHERE `news_id` = 670 AND `display` = '1' LIMIT 1   [ RunTime:0.0003s ]
SQL: SELECT * FROM `cq_ncomment` WHERE `news_id` = 670 AND `display` = '1' ORDER BY add_time desc LIMIT 0,10   [ RunTime:0.0003s ]
INFO: [ view_parse ] --START--
INFO: [ template_filter ] --START--
INFO: Run Behavior\ContentReplaceBehavior [ RunTime:0.000125s ]
INFO: [ template_filter ] --END-- [ RunTime:0.000189s ]
INFO: Run Behavior\ParseTemplateBehavior [ RunTime:0.018453s ]
INFO: [ view_parse ] --END-- [ RunTime:0.018521s ]
INFO: [ view_filter ] --START--
INFO: Run Behavior\WriteHtmlCacheBehavior [ RunTime:0.000305s ]
INFO: [ view_filter ] --END-- [ RunTime:0.000359s ]
INFO: [ app_end ] --START--
INFO: Run Behavior\ShowPageTraceBehavior [ RunTime:0.000524s ]
INFO: [ app_end ] --END-- [ RunTime:0.000587s ]

[ 2017-01-21T15:00:37+08:00 ] 123.151.138.57 /index.php/Mobile/News/detail/news_id/677.html
INFO: [ app_init ] --START--
INFO: Run Behavior\BuildLiteBehavior [ RunTime:0.000020s ]
INFO: [ app_init ] --END-- [ RunTime:0.000091s ]
NOTIC: [8] Use of undefined constant URL_COMPAT - assumed 'URL_COMPAT' E:\web\lanhai\www\ThinkPHP\Library\Think\Dispatcher.class.php 第 183 行.
NOTIC: [8] Use of undefined constant URL_REWRITE - assumed 'URL_REWRITE' E:\web\lanhai\www\ThinkPHP\Library\Think\Dispatcher.class.php 第 185 行.
INFO: [ app_begin ] --START--
INFO: Run Behavior\ReadHtmlCacheBehavior [ RunTime:0.000534s ]
INFO: [ app_begin ] --END-- [ RunTime:0.000605s ]
SQL: SHOW COLUMNS FROM `cq_lanmu` [ RunTime:0.0023s ]
SQL: SELECT * FROM `cq_lanmu` WHERE ( is_show='0' AND lan_id=1 )  [ RunTime:0.0004s ]
SQL: SELECT * FROM `cq_lanmu` WHERE ( is_show='0' AND lan_id=2 )  [ RunTime:0.0003s ]
SQL: SELECT * FROM `cq_lanmu` WHERE ( (is_show = '0') AND pid=2  ) ORDER BY sort  [ RunTime:0.0004s ]
SQL: SELECT * FROM `cq_lanmu` WHERE ( (is_show = '0') AND pid=2  ) ORDER BY sort LIMIT 0,6   [ RunTime:0.0004s ]
SQL: SELECT * FROM `cq_lanmu` WHERE ( is_show='0' AND lan_id=3 )  [ RunTime:0.0003s ]
SQL: SELECT * FROM `cq_lanmu` WHERE ( is_show='0' AND lan_id=4 )  [ RunTime:0.0003s ]
SQL: SELECT * FROM `cq_lanmu` WHERE ( (is_show = '0') AND pid=4 ) ORDER BY sort  [ RunTime:0.0004s ]
SQL: SELECT * FROM `cq_lanmu` WHERE ( (is_show = '0') AND pid=4 ) ORDER BY sort LIMIT 0,6   [ RunTime:0.0004s ]
SQL: SELECT * FROM `cq_lanmu` WHERE ( is_show='0' AND lan_id=5 )  [ RunTime:0.0002s ]
SQL: SELECT * FROM `cq_lanmu` WHERE ( (is_show = '0') AND pid=5 ) ORDER BY sort  [ RunTime:0.0003s ]
SQL: SELECT * FROM `cq_lanmu` WHERE ( is_show='0' AND lan_id=6 )  [ RunTime:0.0002s ]
SQL: SELECT * FROM `cq_lanmu` WHERE ( (is_show = '0') AND pid=6 ) ORDER BY sort  [ RunTime:0.0003s ]
SQL: SELECT * FROM `cq_lanmu` WHERE ( is_show='0' AND lan_id=7 )  [ RunTime:0.0003s ]
SQL: SELECT * FROM `cq_lanmu` WHERE ( (is_show = '0') AND pid=7 ) ORDER BY sort  [ RunTime:0.0003s ]
SQL: SELECT * FROM `cq_lanmu` WHERE ( (is_show = '0') AND pid=7 ) ORDER BY sort LIMIT 0,4   [ RunTime:0.0003s ]
SQL: SELECT * FROM `cq_lanmu` WHERE ( is_show='0' AND lan_id=8 )  [ RunTime:0.0002s ]
SQL: SELECT * FROM `cq_lanmu` WHERE ( is_show='0' AND lan_id=9 )  [ RunTime:0.0003s ]
SQL: SHOW COLUMNS FROM `cq_news` [ RunTime:0.0021s ]
SQL: UPDATE `cq_news` SET `click`=click+1 WHERE `news_id` = 677 [ RunTime:0.0025s ]
SQL: SELECT * FROM `cq_news` WHERE `news_id` = 677 LIMIT 1   [ RunTime:0.0003s ]
SQL: SHOW COLUMNS FROM `cq_ncomment` [ RunTime:0.0016s ]
SQL: SELECT COUNT(*) AS tp_count FROM `cq_ncomment` WHERE `news_id` = 677 AND `display` = '1' LIMIT 1   [ RunTime:0.0003s ]
SQL: SELECT * FROM `cq_ncomment` WHERE `news_id` = 677 AND `display` = '1' ORDER BY add_time desc LIMIT 0,10   [ RunTime:0.0003s ]
INFO: [ view_parse ] --START--
INFO: [ template_filter ] --START--
INFO: Run Behavior\ContentReplaceBehavior [ RunTime:0.000129s ]
INFO: [ template_filter ] --END-- [ RunTime:0.000199s ]
INFO: Run Behavior\ParseTemplateBehavior [ RunTime:0.019456s ]
INFO: [ view_parse ] --END-- [ RunTime:0.019543s ]
INFO: [ view_filter ] --START--
INFO: Run Behavior\WriteHtmlCacheBehavior [ RunTime:0.000221s ]
INFO: [ view_filter ] --END-- [ RunTime:0.000274s ]
INFO: [ app_end ] --START--
INFO: Run Behavior\ShowPageTraceBehavior [ RunTime:0.000488s ]
INFO: [ app_end ] --END-- [ RunTime:0.000566s ]

[ 2017-01-21T15:00:45+08:00 ] 101.226.33.228 /index.php/Mobile/News/detail/news_id/670.html
INFO: [ app_init ] --START--
INFO: Run Behavior\BuildLiteBehavior [ RunTime:0.000031s ]
INFO: [ app_init ] --END-- [ RunTime:0.000128s ]
NOTIC: [8] Use of undefined constant URL_COMPAT - assumed 'URL_COMPAT' E:\web\lanhai\www\ThinkPHP\Library\Think\Dispatcher.class.php 第 183 行.
NOTIC: [8] Use of undefined constant URL_REWRITE - assumed 'URL_REWRITE' E:\web\lanhai\www\ThinkPHP\Library\Think\Dispatcher.class.php 第 185 行.
INFO: [ app_begin ] --START--
INFO: Run Behavior\ReadHtmlCacheBehavior [ RunTime:0.000711s ]
INFO: [ app_begin ] --END-- [ RunTime:0.000783s ]
SQL: SHOW COLUMNS FROM `cq_lanmu` [ RunTime:0.0022s ]
SQL: SELECT * FROM `cq_lanmu` WHERE ( is_show='0' AND lan_id=1 )  [ RunTime:0.0003s ]
SQL: SELECT * FROM `cq_lanmu` WHERE ( is_show='0' AND lan_id=2 )  [ RunTime:0.0003s ]
SQL: SELECT * FROM `cq_lanmu` WHERE ( (is_show = '0') AND pid=2  ) ORDER BY sort  [ RunTime:0.0004s ]
SQL: SELECT * FROM `cq_lanmu` WHERE ( (is_show = '0') AND pid=2  ) ORDER BY sort LIMIT 0,6   [ RunTime:0.0003s ]
SQL: SELECT * FROM `cq_lanmu` WHERE ( is_show='0' AND lan_id=3 )  [ RunTime:0.0002s ]
SQL: SELECT * FROM `cq_lanmu` WHERE ( is_show='0' AND lan_id=4 )  [ RunTime:0.0002s ]
SQL: SELECT * FROM `cq_lanmu` WHERE ( (is_show = '0') AND pid=4 ) ORDER BY sort  [ RunTime:0.0003s ]
SQL: SELECT * FROM `cq_lanmu` WHERE ( (is_show = '0') AND pid=4 ) ORDER BY sort LIMIT 0,6   [ RunTime:0.0004s ]
SQL: SELECT * FROM `cq_lanmu` WHERE ( is_show='0' AND lan_id=5 )  [ RunTime:0.0002s ]
SQL: SELECT * FROM `cq_lanmu` WHERE ( (is_show = '0') AND pid=5 ) ORDER BY sort  [ RunTime:0.0003s ]
SQL: SELECT * FROM `cq_lanmu` WHERE ( is_show='0' AND lan_id=6 )  [ RunTime:0.0002s ]
SQL: SELECT * FROM `cq_lanmu` WHERE ( (is_show = '0') AND pid=6 ) ORDER BY sort  [ RunTime:0.0004s ]
SQL: SELECT * FROM `cq_lanmu` WHERE ( is_show='0' AND lan_id=7 )  [ RunTime:0.0003s ]
SQL: SELECT * FROM `cq_lanmu` WHERE ( (is_show = '0') AND pid=7 ) ORDER BY sort  [ RunTime:0.0003s ]
SQL: SELECT * FROM `cq_lanmu` WHERE ( (is_show = '0') AND pid=7 ) ORDER BY sort LIMIT 0,4   [ RunTime:0.0004s ]
SQL: SELECT * FROM `cq_lanmu` WHERE ( is_show='0' AND lan_id=8 )  [ RunTime:0.0003s ]
SQL: SELECT * FROM `cq_lanmu` WHERE ( is_show='0' AND lan_id=9 )  [ RunTime:0.0002s ]
SQL: SHOW COLUMNS FROM `cq_news` [ RunTime:0.0022s ]
SQL: UPDATE `cq_news` SET `click`=click+1 WHERE `news_id` = 670 [ RunTime:0.0024s ]
SQL: SELECT * FROM `cq_news` WHERE `news_id` = 670 LIMIT 1   [ RunTime:0.0003s ]
SQL: SHOW COLUMNS FROM `cq_ncomment` [ RunTime:0.0020s ]
SQL: SELECT COUNT(*) AS tp_count FROM `cq_ncomment` WHERE `news_id` = 670 AND `display` = '1' LIMIT 1   [ RunTime:0.0004s ]
SQL: SELECT * FROM `cq_ncomment` WHERE `news_id` = 670 AND `display` = '1' ORDER BY add_time desc LIMIT 0,10   [ RunTime:0.0004s ]
INFO: [ view_parse ] --START--
INFO: [ template_filter ] --START--
INFO: Run Behavior\ContentReplaceBehavior [ RunTime:0.000144s ]
INFO: [ template_filter ] --END-- [ RunTime:0.000230s ]
INFO: Run Behavior\ParseTemplateBehavior [ RunTime:0.019388s ]
INFO: [ view_parse ] --END-- [ RunTime:0.019487s ]
INFO: [ view_filter ] --START--
INFO: Run Behavior\WriteHtmlCacheBehavior [ RunTime:0.000398s ]
INFO: [ view_filter ] --END-- [ RunTime:0.000455s ]
INFO: [ app_end ] --START--
INFO: Run Behavior\ShowPageTraceBehavior [ RunTime:0.000735s ]
INFO: [ app_end ] --END-- [ RunTime:0.000799s ]

[ 2017-01-21T15:00:47+08:00 ] 180.153.201.28 /index.php/Mobile/News/detail/news_id/677.html
INFO: [ app_init ] --START--
INFO: Run Behavior\BuildLiteBehavior [ RunTime:0.000020s ]
INFO: [ app_init ] --END-- [ RunTime:0.000103s ]
NOTIC: [8] Use of undefined constant URL_COMPAT - assumed 'URL_COMPAT' E:\web\lanhai\www\ThinkPHP\Library\Think\Dispatcher.class.php 第 183 行.
NOTIC: [8] Use of undefined constant URL_REWRITE - assumed 'URL_REWRITE' E:\web\lanhai\www\ThinkPHP\Library\Think\Dispatcher.class.php 第 185 行.
INFO: [ app_begin ] --START--
INFO: Run Behavior\ReadHtmlCacheBehavior [ RunTime:0.000629s ]
INFO: [ app_begin ] --END-- [ RunTime:0.000702s ]
SQL: SHOW COLUMNS FROM `cq_lanmu` [ RunTime:0.0024s ]
SQL: SELECT * FROM `cq_lanmu` WHERE ( is_show='0' AND lan_id=1 )  [ RunTime:0.0003s ]
SQL: SELECT * FROM `cq_lanmu` WHERE ( is_show='0' AND lan_id=2 )  [ RunTime:0.0003s ]
SQL: SELECT * FROM `cq_lanmu` WHERE ( (is_show = '0') AND pid=2  ) ORDER BY sort  [ RunTime:0.0004s ]
SQL: SELECT * FROM `cq_lanmu` WHERE ( (is_show = '0') AND pid=2  ) ORDER BY sort LIMIT 0,6   [ RunTime:0.0004s ]
SQL: SELECT * FROM `cq_lanmu` WHERE ( is_show='0' AND lan_id=3 )  [ RunTime:0.0003s ]
SQL: SELECT * FROM `cq_lanmu` WHERE ( is_show='0' AND lan_id=4 )  [ RunTime:0.0003s ]
SQL: SELECT * FROM `cq_lanmu` WHERE ( (is_show = '0') AND pid=4 ) ORDER BY sort  [ RunTime:0.0003s ]
SQL: SELECT * FROM `cq_lanmu` WHERE ( (is_show = '0') AND pid=4 ) ORDER BY sort LIMIT 0,6   [ RunTime:0.0004s ]
SQL: SELECT * FROM `cq_lanmu` WHERE ( is_show='0' AND lan_id=5 )  [ RunTime:0.0002s ]
SQL: SELECT * FROM `cq_lanmu` WHERE ( (is_show = '0') AND pid=5 ) ORDER BY sort  [ RunTime:0.0003s ]
SQL: SELECT * FROM `cq_lanmu` WHERE ( is_show='0' AND lan_id=6 )  [ RunTime:0.0003s ]
SQL: SELECT * FROM `cq_lanmu` WHERE ( (is_show = '0') AND pid=6 ) ORDER BY sort  [ RunTime:0.0004s ]
SQL: SELECT * FROM `cq_lanmu` WHERE ( is_show='0' AND lan_id=7 )  [ RunTime:0.0003s ]
SQL: SELECT * FROM `cq_lanmu` WHERE ( (is_show = '0') AND pid=7 ) ORDER BY sort  [ RunTime:0.0003s ]
SQL: SELECT * FROM `cq_lanmu` WHERE ( (is_show = '0') AND pid=7 ) ORDER BY sort LIMIT 0,4   [ RunTime:0.0003s ]
SQL: SELECT * FROM `cq_lanmu` WHERE ( is_show='0' AND lan_id=8 )  [ RunTime:0.0002s ]
SQL: SELECT * FROM `cq_lanmu` WHERE ( is_show='0' AND lan_id=9 )  [ RunTime:0.0003s ]
SQL: SHOW COLUMNS FROM `cq_news` [ RunTime:0.0020s ]
SQL: UPDATE `cq_news` SET `click`=click+1 WHERE `news_id` = 677 [ RunTime:0.0027s ]
SQL: SELECT * FROM `cq_news` WHERE `news_id` = 677 LIMIT 1   [ RunTime:0.0003s ]
SQL: SHOW COLUMNS FROM `cq_ncomment` [ RunTime:0.0018s ]
SQL: SELECT COUNT(*) AS tp_count FROM `cq_ncomment` WHERE `news_id` = 677 AND `display` = '1' LIMIT 1   [ RunTime:0.0003s ]
SQL: SELECT * FROM `cq_ncomment` WHERE `news_id` = 677 AND `display` = '1' ORDER BY add_time desc LIMIT 0,10   [ RunTime:0.0003s ]
INFO: [ view_parse ] --START--
INFO: [ template_filter ] --START--
INFO: Run Behavior\ContentReplaceBehavior [ RunTime:0.000134s ]
INFO: [ template_filter ] --END-- [ RunTime:0.000206s ]
INFO: Run Behavior\ParseTemplateBehavior [ RunTime:0.018553s ]
INFO: [ view_parse ] --END-- [ RunTime:0.018639s ]
INFO: [ view_filter ] --START--
INFO: Run Behavior\WriteHtmlCacheBehavior [ RunTime:0.000325s ]
INFO: [ view_filter ] --END-- [ RunTime:0.000379s ]
INFO: [ app_end ] --START--
INFO: Run Behavior\ShowPageTraceBehavior [ RunTime:0.000547s ]
INFO: [ app_end ] --END-- [ RunTime:0.000610s ]

[ 2017-01-21T22:28:47+08:00 ] 123.125.71.75 /index.php/Mobile
INFO: [ app_init ] --START--
INFO: Run Behavior\BuildLiteBehavior [ RunTime:0.000027s ]
INFO: [ app_init ] --END-- [ RunTime:0.000116s ]
NOTIC: [8] Use of undefined constant URL_COMPAT - assumed 'URL_COMPAT' E:\web\lanhai\www\ThinkPHP\Library\Think\Dispatcher.class.php 第 183 行.
NOTIC: [8] Use of undefined constant URL_REWRITE - assumed 'URL_REWRITE' E:\web\lanhai\www\ThinkPHP\Library\Think\Dispatcher.class.php 第 185 行.
INFO: [ app_begin ] --START--
INFO: Run Behavior\ReadHtmlCacheBehavior [ RunTime:0.000496s ]
INFO: [ app_begin ] --END-- [ RunTime:0.000577s ]
SQL: SHOW COLUMNS FROM `cq_lanmu` [ RunTime:0.0026s ]
SQL: SELECT * FROM `cq_lanmu` WHERE ( is_show='0' AND lan_id=1 )  [ RunTime:0.0004s ]
SQL: SELECT * FROM `cq_lanmu` WHERE ( is_show='0' AND lan_id=2 )  [ RunTime:0.0003s ]
SQL: SELECT * FROM `cq_lanmu` WHERE ( (is_show = '0') AND pid=2  ) ORDER BY sort  [ RunTime:0.0004s ]
SQL: SELECT * FROM `cq_lanmu` WHERE ( (is_show = '0') AND pid=2  ) ORDER BY sort LIMIT 0,6   [ RunTime:0.0003s ]
SQL: SELECT * FROM `cq_lanmu` WHERE ( is_show='0' AND lan_id=3 )  [ RunTime:0.0003s ]
SQL: SELECT * FROM `cq_lanmu` WHERE ( is_show='0' AND lan_id=4 )  [ RunTime:0.0002s ]
SQL: SELECT * FROM `cq_lanmu` WHERE ( (is_show = '0') AND pid=4 ) ORDER BY sort  [ RunTime:0.0003s ]
SQL: SELECT * FROM `cq_lanmu` WHERE ( (is_show = '0') AND pid=4 ) ORDER BY sort LIMIT 0,6   [ RunTime:0.0004s ]
SQL: SELECT * FROM `cq_lanmu` WHERE ( is_show='0' AND lan_id=5 )  [ RunTime:0.0002s ]
SQL: SELECT * FROM `cq_lanmu` WHERE ( (is_show = '0') AND pid=5 ) ORDER BY sort  [ RunTime:0.0004s ]
SQL: SELECT * FROM `cq_lanmu` WHERE ( is_show='0' AND lan_id=6 )  [ RunTime:0.0002s ]
SQL: SELECT * FROM `cq_lanmu` WHERE ( (is_show = '0') AND pid=6 ) ORDER BY sort  [ RunTime:0.0004s ]
SQL: SELECT * FROM `cq_lanmu` WHERE ( is_show='0' AND lan_id=7 )  [ RunTime:0.0003s ]
SQL: SELECT * FROM `cq_lanmu` WHERE ( (is_show = '0') AND pid=7 ) ORDER BY sort  [ RunTime:0.0004s ]
SQL: SELECT * FROM `cq_lanmu` WHERE ( (is_show = '0') AND pid=7 ) ORDER BY sort LIMIT 0,4   [ RunTime:0.0005s ]
SQL: SELECT * FROM `cq_lanmu` WHERE ( is_show='0' AND lan_id=8 )  [ RunTime:0.0003s ]
SQL: SELECT * FROM `cq_lanmu` WHERE ( is_show='0' AND lan_id=9 )  [ RunTime:0.0003s ]
SQL: SHOW COLUMNS FROM `cq_banner` [ RunTime:0.0020s ]
SQL: SELECT * FROM `cq_banner` WHERE ( is_show='0' AND is_area='0' AND lan_id=1 AND is_del='0' ) ORDER BY add_time desc LIMIT 0,5   [ RunTime:0.0004s ]
SQL: SELECT * FROM `cq_banner` WHERE ( is_show='0' AND is_area='1' AND lan_id=1 AND is_del='0' ) ORDER BY add_time desc LIMIT 0,1   [ RunTime:0.0003s ]
SQL: SHOW COLUMNS FROM `cq_news` [ RunTime:0.0023s ]
SQL: SELECT * FROM `cq_news` WHERE ( is_show='0' AND lan_id='3' AND is_del='0' ) ORDER BY add_time desc LIMIT 0,5   [ RunTime:0.0021s ]
SQL: SELECT * FROM `cq_news` WHERE ( is_show='0' AND lan_id='3' AND is_del='0' ) ORDER BY add_time desc LIMIT 5,4   [ RunTime:0.0016s ]
SQL: SELECT * FROM cq_news n INNER JOIN cq_lanmu l on n.lan_id=l.lan_id  WHERE ( n.is_show='0' AND n.is_del='0' AND l.pid=4 ) ORDER BY click desc LIMIT 0,3   [ RunTime:0.0013s ]
SQL: SELECT * FROM cq_news n INNER JOIN cq_lanmu l on n.lan_id=l.lan_id  WHERE ( n.is_show='0' AND n.is_del='0' AND l.pid=5 ) ORDER BY click desc LIMIT 0,3   [ RunTime:0.0015s ]
SQL: SELECT * FROM `cq_news` WHERE ( is_show='0' AND is_del='0' AND lan_id=29 OR lan_id=30 OR lan_id=32 ) ORDER BY click desc LIMIT 0,3   [ RunTime:0.0013s ]
SQL: select p1.*,b.board_id,b.board_title,b.todposts,b.posts,b.board_img,u.username from (select p.* from cq_posts as p where p.ctime = (select max(ctime) from cq_posts where board_id = p.board_id)) as p1 right join cq_boards as b on b.board_id = p1.board_id left join cq_user as u on u.user_id = p1.user_id where b.pid <> 0 order by b.sort [ RunTime:0.0036s ]
INFO: [ view_parse ] --START--
INFO: [ template_filter ] --START--
INFO: Run Behavior\ContentReplaceBehavior [ RunTime:0.000175s ]
INFO: [ template_filter ] --END-- [ RunTime:0.000250s ]
INFO: Run Behavior\ParseTemplateBehavior [ RunTime:0.031707s ]
INFO: [ view_parse ] --END-- [ RunTime:0.031779s ]
INFO: [ view_filter ] --START--
INFO: Run Behavior\WriteHtmlCacheBehavior [ RunTime:0.000275s ]
INFO: [ view_filter ] --END-- [ RunTime:0.000329s ]
INFO: [ app_end ] --START--
INFO: Run Behavior\ShowPageTraceBehavior [ RunTime:0.000530s ]
INFO: [ app_end ] --END-- [ RunTime:0.000593s ]

