[ 2017-01-29T00:20:01+08:00 ] 123.151.42.46 /index.php/Mobile/News/moban/id/17.html?from=singlemessage
INFO: [ app_init ] --START--
INFO: Run Behavior\BuildLiteBehavior [ RunTime:0.000022s ]
INFO: [ app_init ] --END-- [ RunTime:0.000092s ]
NOTIC: [8] Use of undefined constant URL_COMPAT - assumed 'URL_COMPAT' E:\web\lanhai\www\ThinkPHP\Library\Think\Dispatcher.class.php 第 183 行.
NOTIC: [8] Use of undefined constant URL_REWRITE - assumed 'URL_REWRITE' E:\web\lanhai\www\ThinkPHP\Library\Think\Dispatcher.class.php 第 185 行.
INFO: [ app_begin ] --START--
INFO: Run Behavior\ReadHtmlCacheBehavior [ RunTime:0.000618s ]
INFO: [ app_begin ] --END-- [ RunTime:0.000691s ]
SQL: SHOW COLUMNS FROM `cq_lanmu` [ RunTime:0.0021s ]
SQL: SELECT * FROM `cq_lanmu` WHERE ( is_show='0' AND lan_id=1 )  [ RunTime:0.0003s ]
SQL: SELECT * FROM `cq_lanmu` WHERE ( is_show='0' AND lan_id=2 )  [ RunTime:0.0003s ]
SQL: SELECT * FROM `cq_lanmu` WHERE ( (is_show = '0') AND pid=2  ) ORDER BY sort  [ RunTime:0.0004s ]
SQL: SELECT * FROM `cq_lanmu` WHERE ( (is_show = '0') AND pid=2  ) ORDER BY sort LIMIT 0,6   [ RunTime:0.0003s ]
SQL: SELECT * FROM `cq_lanmu` WHERE ( is_show='0' AND lan_id=3 )  [ RunTime:0.0002s ]
SQL: SELECT * FROM `cq_lanmu` WHERE ( is_show='0' AND lan_id=4 )  [ RunTime:0.0003s ]
SQL: SELECT * FROM `cq_lanmu` WHERE ( (is_show = '0') AND pid=4 ) ORDER BY sort  [ RunTime:0.0003s ]
SQL: SELECT * FROM `cq_lanmu` WHERE ( (is_show = '0') AND pid=4 ) ORDER BY sort LIMIT 0,6   [ RunTime:0.0004s ]
SQL: SELECT * FROM `cq_lanmu` WHERE ( is_show='0' AND lan_id=5 )  [ RunTime:0.0003s ]
SQL: SELECT * FROM `cq_lanmu` WHERE ( (is_show = '0') AND pid=5 ) ORDER BY sort  [ RunTime:0.0003s ]
SQL: SELECT * FROM `cq_lanmu` WHERE ( is_show='0' AND lan_id=6 )  [ RunTime:0.0002s ]
SQL: SELECT * FROM `cq_lanmu` WHERE ( (is_show = '0') AND pid=6 ) ORDER BY sort  [ RunTime:0.0004s ]
SQL: SELECT * FROM `cq_lanmu` WHERE ( is_show='0' AND lan_id=7 )  [ RunTime:0.0002s ]
SQL: SELECT * FROM `cq_lanmu` WHERE ( (is_show = '0') AND pid=7 ) ORDER BY sort  [ RunTime:0.0003s ]
SQL: SELECT * FROM `cq_lanmu` WHERE ( (is_show = '0') AND pid=7 ) ORDER BY sort LIMIT 0,4   [ RunTime:0.0003s ]
SQL: SELECT * FROM `cq_lanmu` WHERE ( is_show='0' AND lan_id=8 )  [ RunTime:0.0003s ]
SQL: SELECT * FROM `cq_lanmu` WHERE ( is_show='0' AND lan_id=9 )  [ RunTime:0.0002s ]
SQL: SHOW COLUMNS FROM `cq_img` [ RunTime:0.0018s ]
SQL: SELECT * FROM `cq_img` WHERE `id` = 17 LIMIT 1   [ RunTime:0.0003s ]
INFO: [ view_parse ] --START--
INFO: [ template_filter ] --START--
INFO: Run Behavior\ContentReplaceBehavior [ RunTime:0.000051s ]
INFO: [ template_filter ] --END-- [ RunTime:0.000116s ]
INFO: Run Behavior\ParseTemplateBehavior [ RunTime:0.006099s ]
INFO: [ view_parse ] --END-- [ RunTime:0.006174s ]
INFO: [ view_filter ] --START--
INFO: Run Behavior\WriteHtmlCacheBehavior [ RunTime:0.000324s ]
INFO: [ view_filter ] --END-- [ RunTime:0.000380s ]
INFO: [ app_end ] --START--
INFO: Run Behavior\ShowPageTraceBehavior [ RunTime:0.000615s ]
INFO: [ app_end ] --END-- [ RunTime:0.000675s ]

[ 2017-01-29T00:20:11+08:00 ] 180.153.212.13 /index.php/Mobile/News/moban/id/17.html?from=singlemessage
INFO: [ app_init ] --START--
INFO: Run Behavior\BuildLiteBehavior [ RunTime:0.000027s ]
INFO: [ app_init ] --END-- [ RunTime:0.000112s ]
NOTIC: [8] Use of undefined constant URL_COMPAT - assumed 'URL_COMPAT' E:\web\lanhai\www\ThinkPHP\Library\Think\Dispatcher.class.php 第 183 行.
NOTIC: [8] Use of undefined constant URL_REWRITE - assumed 'URL_REWRITE' E:\web\lanhai\www\ThinkPHP\Library\Think\Dispatcher.class.php 第 185 行.
INFO: [ app_begin ] --START--
INFO: Run Behavior\ReadHtmlCacheBehavior [ RunTime:0.000568s ]
INFO: [ app_begin ] --END-- [ RunTime:0.000639s ]
SQL: SHOW COLUMNS FROM `cq_lanmu` [ RunTime:0.0023s ]
SQL: SELECT * FROM `cq_lanmu` WHERE ( is_show='0' AND lan_id=1 )  [ RunTime:0.0003s ]
SQL: SELECT * FROM `cq_lanmu` WHERE ( is_show='0' AND lan_id=2 )  [ RunTime:0.0003s ]
SQL: SELECT * FROM `cq_lanmu` WHERE ( (is_show = '0') AND pid=2  ) ORDER BY sort  [ RunTime:0.0004s ]
SQL: SELECT * FROM `cq_lanmu` WHERE ( (is_show = '0') AND pid=2  ) ORDER BY sort LIMIT 0,6   [ RunTime:0.0004s ]
SQL: SELECT * FROM `cq_lanmu` WHERE ( is_show='0' AND lan_id=3 )  [ RunTime:0.0002s ]
SQL: SELECT * FROM `cq_lanmu` WHERE ( is_show='0' AND lan_id=4 )  [ RunTime:0.0002s ]
SQL: SELECT * FROM `cq_lanmu` WHERE ( (is_show = '0') AND pid=4 ) ORDER BY sort  [ RunTime:0.0003s ]
SQL: SELECT * FROM `cq_lanmu` WHERE ( (is_show = '0') AND pid=4 ) ORDER BY sort LIMIT 0,6   [ RunTime:0.0004s ]
SQL: SELECT * FROM `cq_lanmu` WHERE ( is_show='0' AND lan_id=5 )  [ RunTime:0.0002s ]
SQL: SELECT * FROM `cq_lanmu` WHERE ( (is_show = '0') AND pid=5 ) ORDER BY sort  [ RunTime:0.0004s ]
SQL: SELECT * FROM `cq_lanmu` WHERE ( is_show='0' AND lan_id=6 )  [ RunTime:0.0003s ]
SQL: SELECT * FROM `cq_lanmu` WHERE ( (is_show = '0') AND pid=6 ) ORDER BY sort  [ RunTime:0.0003s ]
SQL: SELECT * FROM `cq_lanmu` WHERE ( is_show='0' AND lan_id=7 )  [ RunTime:0.0003s ]
SQL: SELECT * FROM `cq_lanmu` WHERE ( (is_show = '0') AND pid=7 ) ORDER BY sort  [ RunTime:0.0003s ]
SQL: SELECT * FROM `cq_lanmu` WHERE ( (is_show = '0') AND pid=7 ) ORDER BY sort LIMIT 0,4   [ RunTime:0.0003s ]
SQL: SELECT * FROM `cq_lanmu` WHERE ( is_show='0' AND lan_id=8 )  [ RunTime:0.0003s ]
SQL: SELECT * FROM `cq_lanmu` WHERE ( is_show='0' AND lan_id=9 )  [ RunTime:0.0002s ]
SQL: SHOW COLUMNS FROM `cq_img` [ RunTime:0.0017s ]
SQL: SELECT * FROM `cq_img` WHERE `id` = 17 LIMIT 1   [ RunTime:0.0002s ]
INFO: [ view_parse ] --START--
INFO: [ template_filter ] --START--
INFO: Run Behavior\ContentReplaceBehavior [ RunTime:0.000052s ]
INFO: [ template_filter ] --END-- [ RunTime:0.000116s ]
INFO: Run Behavior\ParseTemplateBehavior [ RunTime:0.005924s ]
INFO: [ view_parse ] --END-- [ RunTime:0.005995s ]
INFO: [ view_filter ] --START--
INFO: Run Behavior\WriteHtmlCacheBehavior [ RunTime:0.000294s ]
INFO: [ view_filter ] --END-- [ RunTime:0.000357s ]
INFO: [ app_end ] --START--
INFO: Run Behavior\ShowPageTraceBehavior [ RunTime:0.000584s ]
INFO: [ app_end ] --END-- [ RunTime:0.000643s ]

[ 2017-01-29T04:27:20+08:00 ] 111.85.92.218 /index.php/Mobile/News/moban/id/12.html?from=groupmessage
INFO: [ app_init ] --START--
INFO: Run Behavior\BuildLiteBehavior [ RunTime:0.000019s ]
INFO: [ app_init ] --END-- [ RunTime:0.000081s ]
NOTIC: [8] Use of undefined constant URL_COMPAT - assumed 'URL_COMPAT' E:\web\lanhai\www\ThinkPHP\Library\Think\Dispatcher.class.php 第 183 行.
NOTIC: [8] Use of undefined constant URL_REWRITE - assumed 'URL_REWRITE' E:\web\lanhai\www\ThinkPHP\Library\Think\Dispatcher.class.php 第 185 行.
INFO: [ app_begin ] --START--
INFO: Run Behavior\ReadHtmlCacheBehavior [ RunTime:0.000608s ]
INFO: [ app_begin ] --END-- [ RunTime:0.000682s ]
SQL: SHOW COLUMNS FROM `cq_lanmu` [ RunTime:0.0018s ]
SQL: SELECT * FROM `cq_lanmu` WHERE ( is_show='0' AND lan_id=1 )  [ RunTime:0.0003s ]
SQL: SELECT * FROM `cq_lanmu` WHERE ( is_show='0' AND lan_id=2 )  [ RunTime:0.0002s ]
SQL: SELECT * FROM `cq_lanmu` WHERE ( (is_show = '0') AND pid=2  ) ORDER BY sort  [ RunTime:0.0004s ]
SQL: SELECT * FROM `cq_lanmu` WHERE ( (is_show = '0') AND pid=2  ) ORDER BY sort LIMIT 0,6   [ RunTime:0.0003s ]
SQL: SELECT * FROM `cq_lanmu` WHERE ( is_show='0' AND lan_id=3 )  [ RunTime:0.0002s ]
SQL: SELECT * FROM `cq_lanmu` WHERE ( is_show='0' AND lan_id=4 )  [ RunTime:0.0002s ]
SQL: SELECT * FROM `cq_lanmu` WHERE ( (is_show = '0') AND pid=4 ) ORDER BY sort  [ RunTime:0.0003s ]
SQL: SELECT * FROM `cq_lanmu` WHERE ( (is_show = '0') AND pid=4 ) ORDER BY sort LIMIT 0,6   [ RunTime:0.0004s ]
SQL: SELECT * FROM `cq_lanmu` WHERE ( is_show='0' AND lan_id=5 )  [ RunTime:0.0002s ]
SQL: SELECT * FROM `cq_lanmu` WHERE ( (is_show = '0') AND pid=5 ) ORDER BY sort  [ RunTime:0.0003s ]
SQL: SELECT * FROM `cq_lanmu` WHERE ( is_show='0' AND lan_id=6 )  [ RunTime:0.0003s ]
SQL: SELECT * FROM `cq_lanmu` WHERE ( (is_show = '0') AND pid=6 ) ORDER BY sort  [ RunTime:0.0003s ]
SQL: SELECT * FROM `cq_lanmu` WHERE ( is_show='0' AND lan_id=7 )  [ RunTime:0.0002s ]
SQL: SELECT * FROM `cq_lanmu` WHERE ( (is_show = '0') AND pid=7 ) ORDER BY sort  [ RunTime:0.0003s ]
SQL: SELECT * FROM `cq_lanmu` WHERE ( (is_show = '0') AND pid=7 ) ORDER BY sort LIMIT 0,4   [ RunTime:0.0003s ]
SQL: SELECT * FROM `cq_lanmu` WHERE ( is_show='0' AND lan_id=8 )  [ RunTime:0.0002s ]
SQL: SELECT * FROM `cq_lanmu` WHERE ( is_show='0' AND lan_id=9 )  [ RunTime:0.0003s ]
SQL: SHOW COLUMNS FROM `cq_img` [ RunTime:0.0029s ]
SQL: SELECT * FROM `cq_img` WHERE `id` = 12 LIMIT 1   [ RunTime:0.0003s ]
INFO: [ view_parse ] --START--
INFO: [ template_filter ] --START--
INFO: Run Behavior\ContentReplaceBehavior [ RunTime:0.000050s ]
INFO: [ template_filter ] --END-- [ RunTime:0.000117s ]
INFO: Run Behavior\ParseTemplateBehavior [ RunTime:0.005826s ]
INFO: [ view_parse ] --END-- [ RunTime:0.005899s ]
INFO: [ view_filter ] --START--
INFO: Run Behavior\WriteHtmlCacheBehavior [ RunTime:0.000304s ]
INFO: [ view_filter ] --END-- [ RunTime:0.000360s ]
INFO: [ app_end ] --START--
INFO: Run Behavior\ShowPageTraceBehavior [ RunTime:0.000550s ]
INFO: [ app_end ] --END-- [ RunTime:0.000610s ]

[ 2017-01-29T05:24:21+08:00 ] 220.181.108.80 /index.php/Mobile
INFO: [ app_init ] --START--
INFO: Run Behavior\BuildLiteBehavior [ RunTime:0.000019s ]
INFO: [ app_init ] --END-- [ RunTime:0.000082s ]
NOTIC: [8] Use of undefined constant URL_COMPAT - assumed 'URL_COMPAT' E:\web\lanhai\www\ThinkPHP\Library\Think\Dispatcher.class.php 第 183 行.
NOTIC: [8] Use of undefined constant URL_REWRITE - assumed 'URL_REWRITE' E:\web\lanhai\www\ThinkPHP\Library\Think\Dispatcher.class.php 第 185 行.
INFO: [ app_begin ] --START--
INFO: Run Behavior\ReadHtmlCacheBehavior [ RunTime:0.000599s ]
INFO: [ app_begin ] --END-- [ RunTime:0.000667s ]
SQL: SHOW COLUMNS FROM `cq_lanmu` [ RunTime:0.0020s ]
SQL: SELECT * FROM `cq_lanmu` WHERE ( is_show='0' AND lan_id=1 )  [ RunTime:0.0003s ]
SQL: SELECT * FROM `cq_lanmu` WHERE ( is_show='0' AND lan_id=2 )  [ RunTime:0.0003s ]
SQL: SELECT * FROM `cq_lanmu` WHERE ( (is_show = '0') AND pid=2  ) ORDER BY sort  [ RunTime:0.0004s ]
SQL: SELECT * FROM `cq_lanmu` WHERE ( (is_show = '0') AND pid=2  ) ORDER BY sort LIMIT 0,6   [ RunTime:0.0011s ]
SQL: SELECT * FROM `cq_lanmu` WHERE ( is_show='0' AND lan_id=3 )  [ RunTime:0.0002s ]
SQL: SELECT * FROM `cq_lanmu` WHERE ( is_show='0' AND lan_id=4 )  [ RunTime:0.0002s ]
SQL: SELECT * FROM `cq_lanmu` WHERE ( (is_show = '0') AND pid=4 ) ORDER BY sort  [ RunTime:0.0003s ]
SQL: SELECT * FROM `cq_lanmu` WHERE ( (is_show = '0') AND pid=4 ) ORDER BY sort LIMIT 0,6   [ RunTime:0.0003s ]
SQL: SELECT * FROM `cq_lanmu` WHERE ( is_show='0' AND lan_id=5 )  [ RunTime:0.0002s ]
SQL: SELECT * FROM `cq_lanmu` WHERE ( (is_show = '0') AND pid=5 ) ORDER BY sort  [ RunTime:0.0003s ]
SQL: SELECT * FROM `cq_lanmu` WHERE ( is_show='0' AND lan_id=6 )  [ RunTime:0.0002s ]
SQL: SELECT * FROM `cq_lanmu` WHERE ( (is_show = '0') AND pid=6 ) ORDER BY sort  [ RunTime:0.0003s ]
SQL: SELECT * FROM `cq_lanmu` WHERE ( is_show='0' AND lan_id=7 )  [ RunTime:0.0002s ]
SQL: SELECT * FROM `cq_lanmu` WHERE ( (is_show = '0') AND pid=7 ) ORDER BY sort  [ RunTime:0.0003s ]
SQL: SELECT * FROM `cq_lanmu` WHERE ( (is_show = '0') AND pid=7 ) ORDER BY sort LIMIT 0,4   [ RunTime:0.0003s ]
SQL: SELECT * FROM `cq_lanmu` WHERE ( is_show='0' AND lan_id=8 )  [ RunTime:0.0002s ]
SQL: SELECT * FROM `cq_lanmu` WHERE ( is_show='0' AND lan_id=9 )  [ RunTime:0.0002s ]
SQL: SHOW COLUMNS FROM `cq_banner` [ RunTime:0.0018s ]
SQL: SELECT * FROM `cq_banner` WHERE ( is_show='0' AND is_area='0' AND lan_id=1 AND is_del='0' ) ORDER BY add_time desc LIMIT 0,5   [ RunTime:0.0004s ]
SQL: SELECT * FROM `cq_banner` WHERE ( is_show='0' AND is_area='1' AND lan_id=1 AND is_del='0' ) ORDER BY add_time desc LIMIT 0,1   [ RunTime:0.0003s ]
SQL: SHOW COLUMNS FROM `cq_news` [ RunTime:0.0020s ]
SQL: SELECT * FROM `cq_news` WHERE ( is_show='0' AND lan_id='3' AND is_del='0' ) ORDER BY add_time desc LIMIT 0,5   [ RunTime:0.0016s ]
SQL: SELECT * FROM `cq_news` WHERE ( is_show='0' AND lan_id='3' AND is_del='0' ) ORDER BY add_time desc LIMIT 5,4   [ RunTime:0.0015s ]
SQL: SELECT * FROM cq_news n INNER JOIN cq_lanmu l on n.lan_id=l.lan_id  WHERE ( n.is_show='0' AND n.is_del='0' AND l.pid=4 ) ORDER BY click desc LIMIT 0,3   [ RunTime:0.0014s ]
SQL: SELECT * FROM cq_news n INNER JOIN cq_lanmu l on n.lan_id=l.lan_id  WHERE ( n.is_show='0' AND n.is_del='0' AND l.pid=5 ) ORDER BY click desc LIMIT 0,3   [ RunTime:0.0014s ]
SQL: SELECT * FROM `cq_news` WHERE ( is_show='0' AND is_del='0' AND lan_id=29 OR lan_id=30 OR lan_id=32 ) ORDER BY click desc LIMIT 0,3   [ RunTime:0.0011s ]
SQL: select p1.*,b.board_id,b.board_title,b.todposts,b.posts,b.board_img,u.username from (select p.* from cq_posts as p where p.ctime = (select max(ctime) from cq_posts where board_id = p.board_id)) as p1 right join cq_boards as b on b.board_id = p1.board_id left join cq_user as u on u.user_id = p1.user_id where b.pid <> 0 order by b.sort [ RunTime:0.0035s ]
INFO: [ view_parse ] --START--
INFO: [ template_filter ] --START--
INFO: Run Behavior\ContentReplaceBehavior [ RunTime:0.000189s ]
INFO: [ template_filter ] --END-- [ RunTime:0.000279s ]
INFO: Run Behavior\ParseTemplateBehavior [ RunTime:0.032729s ]
INFO: [ view_parse ] --END-- [ RunTime:0.032803s ]
INFO: [ view_filter ] --START--
INFO: Run Behavior\WriteHtmlCacheBehavior [ RunTime:0.000349s ]
INFO: [ view_filter ] --END-- [ RunTime:0.000409s ]
INFO: [ app_end ] --START--
INFO: Run Behavior\ShowPageTraceBehavior [ RunTime:0.000605s ]
INFO: [ app_end ] --END-- [ RunTime:0.000674s ]

[ 2017-01-29T06:25:35+08:00 ] 111.22.16.62 /index.php/Mobile
INFO: [ app_init ] --START--
INFO: Run Behavior\BuildLiteBehavior [ RunTime:0.000019s ]
INFO: [ app_init ] --END-- [ RunTime:0.000082s ]
NOTIC: [8] Use of undefined constant URL_COMPAT - assumed 'URL_COMPAT' E:\web\lanhai\www\ThinkPHP\Library\Think\Dispatcher.class.php 第 183 行.
NOTIC: [8] Use of undefined constant URL_REWRITE - assumed 'URL_REWRITE' E:\web\lanhai\www\ThinkPHP\Library\Think\Dispatcher.class.php 第 185 行.
INFO: [ app_begin ] --START--
INFO: Run Behavior\ReadHtmlCacheBehavior [ RunTime:0.000617s ]
INFO: [ app_begin ] --END-- [ RunTime:0.000685s ]
SQL: SHOW COLUMNS FROM `cq_lanmu` [ RunTime:0.0020s ]
SQL: SELECT * FROM `cq_lanmu` WHERE ( is_show='0' AND lan_id=1 )  [ RunTime:0.0004s ]
SQL: SELECT * FROM `cq_lanmu` WHERE ( is_show='0' AND lan_id=2 )  [ RunTime:0.0003s ]
SQL: SELECT * FROM `cq_lanmu` WHERE ( (is_show = '0') AND pid=2  ) ORDER BY sort  [ RunTime:0.0003s ]
SQL: SELECT * FROM `cq_lanmu` WHERE ( (is_show = '0') AND pid=2  ) ORDER BY sort LIMIT 0,6   [ RunTime:0.0003s ]
SQL: SELECT * FROM `cq_lanmu` WHERE ( is_show='0' AND lan_id=3 )  [ RunTime:0.0002s ]
SQL: SELECT * FROM `cq_lanmu` WHERE ( is_show='0' AND lan_id=4 )  [ RunTime:0.0002s ]
SQL: SELECT * FROM `cq_lanmu` WHERE ( (is_show = '0') AND pid=4 ) ORDER BY sort  [ RunTime:0.0003s ]
SQL: SELECT * FROM `cq_lanmu` WHERE ( (is_show = '0') AND pid=4 ) ORDER BY sort LIMIT 0,6   [ RunTime:0.0003s ]
SQL: SELECT * FROM `cq_lanmu` WHERE ( is_show='0' AND lan_id=5 )  [ RunTime:0.0002s ]
SQL: SELECT * FROM `cq_lanmu` WHERE ( (is_show = '0') AND pid=5 ) ORDER BY sort  [ RunTime:0.0003s ]
SQL: SELECT * FROM `cq_lanmu` WHERE ( is_show='0' AND lan_id=6 )  [ RunTime:0.0002s ]
SQL: SELECT * FROM `cq_lanmu` WHERE ( (is_show = '0') AND pid=6 ) ORDER BY sort  [ RunTime:0.0003s ]
SQL: SELECT * FROM `cq_lanmu` WHERE ( is_show='0' AND lan_id=7 )  [ RunTime:0.0002s ]
SQL: SELECT * FROM `cq_lanmu` WHERE ( (is_show = '0') AND pid=7 ) ORDER BY sort  [ RunTime:0.0003s ]
SQL: SELECT * FROM `cq_lanmu` WHERE ( (is_show = '0') AND pid=7 ) ORDER BY sort LIMIT 0,4   [ RunTime:0.0003s ]
SQL: SELECT * FROM `cq_lanmu` WHERE ( is_show='0' AND lan_id=8 )  [ RunTime:0.0002s ]
SQL: SELECT * FROM `cq_lanmu` WHERE ( is_show='0' AND lan_id=9 )  [ RunTime:0.0002s ]
SQL: SHOW COLUMNS FROM `cq_banner` [ RunTime:0.0017s ]
SQL: SELECT * FROM `cq_banner` WHERE ( is_show='0' AND is_area='0' AND lan_id=1 AND is_del='0' ) ORDER BY add_time desc LIMIT 0,5   [ RunTime:0.0003s ]
SQL: SELECT * FROM `cq_banner` WHERE ( is_show='0' AND is_area='1' AND lan_id=1 AND is_del='0' ) ORDER BY add_time desc LIMIT 0,1   [ RunTime:0.0003s ]
SQL: SHOW COLUMNS FROM `cq_news` [ RunTime:0.0019s ]
SQL: SELECT * FROM `cq_news` WHERE ( is_show='0' AND lan_id='3' AND is_del='0' ) ORDER BY add_time desc LIMIT 0,5   [ RunTime:0.0017s ]
SQL: SELECT * FROM `cq_news` WHERE ( is_show='0' AND lan_id='3' AND is_del='0' ) ORDER BY add_time desc LIMIT 5,4   [ RunTime:0.0015s ]
SQL: SELECT * FROM cq_news n INNER JOIN cq_lanmu l on n.lan_id=l.lan_id  WHERE ( n.is_show='0' AND n.is_del='0' AND l.pid=4 ) ORDER BY click desc LIMIT 0,3   [ RunTime:0.0013s ]
SQL: SELECT * FROM cq_news n INNER JOIN cq_lanmu l on n.lan_id=l.lan_id  WHERE ( n.is_show='0' AND n.is_del='0' AND l.pid=5 ) ORDER BY click desc LIMIT 0,3   [ RunTime:0.0014s ]
SQL: SELECT * FROM `cq_news` WHERE ( is_show='0' AND is_del='0' AND lan_id=29 OR lan_id=30 OR lan_id=32 ) ORDER BY click desc LIMIT 0,3   [ RunTime:0.0011s ]
SQL: select p1.*,b.board_id,b.board_title,b.todposts,b.posts,b.board_img,u.username from (select p.* from cq_posts as p where p.ctime = (select max(ctime) from cq_posts where board_id = p.board_id)) as p1 right join cq_boards as b on b.board_id = p1.board_id left join cq_user as u on u.user_id = p1.user_id where b.pid <> 0 order by b.sort [ RunTime:0.0031s ]
INFO: [ view_parse ] --START--
INFO: [ template_filter ] --START--
INFO: Run Behavior\ContentReplaceBehavior [ RunTime:0.000174s ]
INFO: [ template_filter ] --END-- [ RunTime:0.000242s ]
INFO: Run Behavior\ParseTemplateBehavior [ RunTime:0.034168s ]
INFO: [ view_parse ] --END-- [ RunTime:0.034240s ]
INFO: [ view_filter ] --START--
INFO: Run Behavior\WriteHtmlCacheBehavior [ RunTime:0.000304s ]
INFO: [ view_filter ] --END-- [ RunTime:0.000366s ]
INFO: [ app_end ] --START--
INFO: Run Behavior\ShowPageTraceBehavior [ RunTime:0.000556s ]
INFO: [ app_end ] --END-- [ RunTime:0.000620s ]

[ 2017-01-29T06:25:44+08:00 ] 101.226.125.100 /index.php/Mobile
INFO: [ app_init ] --START--
INFO: Run Behavior\BuildLiteBehavior [ RunTime:0.000023s ]
INFO: [ app_init ] --END-- [ RunTime:0.000098s ]
NOTIC: [8] Use of undefined constant URL_COMPAT - assumed 'URL_COMPAT' E:\web\lanhai\www\ThinkPHP\Library\Think\Dispatcher.class.php 第 183 行.
NOTIC: [8] Use of undefined constant URL_REWRITE - assumed 'URL_REWRITE' E:\web\lanhai\www\ThinkPHP\Library\Think\Dispatcher.class.php 第 185 行.
INFO: [ app_begin ] --START--
INFO: Run Behavior\ReadHtmlCacheBehavior [ RunTime:0.000647s ]
INFO: [ app_begin ] --END-- [ RunTime:0.000736s ]
SQL: SHOW COLUMNS FROM `cq_lanmu` [ RunTime:0.0056s ]
SQL: SELECT * FROM `cq_lanmu` WHERE ( is_show='0' AND lan_id=1 )  [ RunTime:0.0006s ]
SQL: SELECT * FROM `cq_lanmu` WHERE ( is_show='0' AND lan_id=2 )  [ RunTime:0.0003s ]
SQL: SELECT * FROM `cq_lanmu` WHERE ( (is_show = '0') AND pid=2  ) ORDER BY sort  [ RunTime:0.0006s ]
SQL: SELECT * FROM `cq_lanmu` WHERE ( (is_show = '0') AND pid=2  ) ORDER BY sort LIMIT 0,6   [ RunTime:0.0004s ]
SQL: SELECT * FROM `cq_lanmu` WHERE ( is_show='0' AND lan_id=3 )  [ RunTime:0.0003s ]
SQL: SELECT * FROM `cq_lanmu` WHERE ( is_show='0' AND lan_id=4 )  [ RunTime:0.0003s ]
SQL: SELECT * FROM `cq_lanmu` WHERE ( (is_show = '0') AND pid=4 ) ORDER BY sort  [ RunTime:0.0004s ]
SQL: SELECT * FROM `cq_lanmu` WHERE ( (is_show = '0') AND pid=4 ) ORDER BY sort LIMIT 0,6   [ RunTime:0.0004s ]
SQL: SELECT * FROM `cq_lanmu` WHERE ( is_show='0' AND lan_id=5 )  [ RunTime:0.0002s ]
SQL: SELECT * FROM `cq_lanmu` WHERE ( (is_show = '0') AND pid=5 ) ORDER BY sort  [ RunTime:0.0003s ]
SQL: SELECT * FROM `cq_lanmu` WHERE ( is_show='0' AND lan_id=6 )  [ RunTime:0.0002s ]
SQL: SELECT * FROM `cq_lanmu` WHERE ( (is_show = '0') AND pid=6 ) ORDER BY sort  [ RunTime:0.0003s ]
SQL: SELECT * FROM `cq_lanmu` WHERE ( is_show='0' AND lan_id=7 )  [ RunTime:0.0004s ]
SQL: SELECT * FROM `cq_lanmu` WHERE ( (is_show = '0') AND pid=7 ) ORDER BY sort  [ RunTime:0.0003s ]
SQL: SELECT * FROM `cq_lanmu` WHERE ( (is_show = '0') AND pid=7 ) ORDER BY sort LIMIT 0,4   [ RunTime:0.0003s ]
SQL: SELECT * FROM `cq_lanmu` WHERE ( is_show='0' AND lan_id=8 )  [ RunTime:0.0002s ]
SQL: SELECT * FROM `cq_lanmu` WHERE ( is_show='0' AND lan_id=9 )  [ RunTime:0.0002s ]
SQL: SHOW COLUMNS FROM `cq_banner` [ RunTime:0.0018s ]
SQL: SELECT * FROM `cq_banner` WHERE ( is_show='0' AND is_area='0' AND lan_id=1 AND is_del='0' ) ORDER BY add_time desc LIMIT 0,5   [ RunTime:0.0004s ]
SQL: SELECT * FROM `cq_banner` WHERE ( is_show='0' AND is_area='1' AND lan_id=1 AND is_del='0' ) ORDER BY add_time desc LIMIT 0,1   [ RunTime:0.0003s ]
SQL: SHOW COLUMNS FROM `cq_news` [ RunTime:0.0022s ]
SQL: SELECT * FROM `cq_news` WHERE ( is_show='0' AND lan_id='3' AND is_del='0' ) ORDER BY add_time desc LIMIT 0,5   [ RunTime:0.0016s ]
SQL: SELECT * FROM `cq_news` WHERE ( is_show='0' AND lan_id='3' AND is_del='0' ) ORDER BY add_time desc LIMIT 5,4   [ RunTime:0.0015s ]
SQL: SELECT * FROM cq_news n INNER JOIN cq_lanmu l on n.lan_id=l.lan_id  WHERE ( n.is_show='0' AND n.is_del='0' AND l.pid=4 ) ORDER BY click desc LIMIT 0,3   [ RunTime:0.0014s ]
SQL: SELECT * FROM cq_news n INNER JOIN cq_lanmu l on n.lan_id=l.lan_id  WHERE ( n.is_show='0' AND n.is_del='0' AND l.pid=5 ) ORDER BY click desc LIMIT 0,3   [ RunTime:0.0015s ]
SQL: SELECT * FROM `cq_news` WHERE ( is_show='0' AND is_del='0' AND lan_id=29 OR lan_id=30 OR lan_id=32 ) ORDER BY click desc LIMIT 0,3   [ RunTime:0.0013s ]
SQL: select p1.*,b.board_id,b.board_title,b.todposts,b.posts,b.board_img,u.username from (select p.* from cq_posts as p where p.ctime = (select max(ctime) from cq_posts where board_id = p.board_id)) as p1 right join cq_boards as b on b.board_id = p1.board_id left join cq_user as u on u.user_id = p1.user_id where b.pid <> 0 order by b.sort [ RunTime:0.0033s ]
INFO: [ view_parse ] --START--
INFO: [ template_filter ] --START--
INFO: Run Behavior\ContentReplaceBehavior [ RunTime:0.000184s ]
INFO: [ template_filter ] --END-- [ RunTime:0.000250s ]
INFO: Run Behavior\ParseTemplateBehavior [ RunTime:0.033758s ]
INFO: [ view_parse ] --END-- [ RunTime:0.033833s ]
INFO: [ view_filter ] --START--
INFO: Run Behavior\WriteHtmlCacheBehavior [ RunTime:0.000365s ]
INFO: [ view_filter ] --END-- [ RunTime:0.000422s ]
INFO: [ app_end ] --START--
INFO: Run Behavior\ShowPageTraceBehavior [ RunTime:0.000531s ]
INFO: [ app_end ] --END-- [ RunTime:0.000595s ]

[ 2017-01-29T06:25:44+08:00 ] 101.226.33.239 /index.php/Mobile
INFO: [ app_init ] --START--
INFO: Run Behavior\BuildLiteBehavior [ RunTime:0.000019s ]
INFO: [ app_init ] --END-- [ RunTime:0.000088s ]
NOTIC: [8] Use of undefined constant URL_COMPAT - assumed 'URL_COMPAT' E:\web\lanhai\www\ThinkPHP\Library\Think\Dispatcher.class.php 第 183 行.
NOTIC: [8] Use of undefined constant URL_REWRITE - assumed 'URL_REWRITE' E:\web\lanhai\www\ThinkPHP\Library\Think\Dispatcher.class.php 第 185 行.
INFO: [ app_begin ] --START--
INFO: Run Behavior\ReadHtmlCacheBehavior [ RunTime:0.000599s ]
INFO: [ app_begin ] --END-- [ RunTime:0.000675s ]
SQL: SHOW COLUMNS FROM `cq_lanmu` [ RunTime:0.0018s ]
SQL: SELECT * FROM `cq_lanmu` WHERE ( is_show='0' AND lan_id=1 )  [ RunTime:0.0003s ]
SQL: SELECT * FROM `cq_lanmu` WHERE ( is_show='0' AND lan_id=2 )  [ RunTime:0.0003s ]
SQL: SELECT * FROM `cq_lanmu` WHERE ( (is_show = '0') AND pid=2  ) ORDER BY sort  [ RunTime:0.0005s ]
SQL: SELECT * FROM `cq_lanmu` WHERE ( (is_show = '0') AND pid=2  ) ORDER BY sort LIMIT 0,6   [ RunTime:0.0004s ]
SQL: SELECT * FROM `cq_lanmu` WHERE ( is_show='0' AND lan_id=3 )  [ RunTime:0.0002s ]
SQL: SELECT * FROM `cq_lanmu` WHERE ( is_show='0' AND lan_id=4 )  [ RunTime:0.0002s ]
SQL: SELECT * FROM `cq_lanmu` WHERE ( (is_show = '0') AND pid=4 ) ORDER BY sort  [ RunTime:0.0004s ]
SQL: SELECT * FROM `cq_lanmu` WHERE ( (is_show = '0') AND pid=4 ) ORDER BY sort LIMIT 0,6   [ RunTime:0.0004s ]
SQL: SELECT * FROM `cq_lanmu` WHERE ( is_show='0' AND lan_id=5 )  [ RunTime:0.0002s ]
SQL: SELECT * FROM `cq_lanmu` WHERE ( (is_show = '0') AND pid=5 ) ORDER BY sort  [ RunTime:0.0004s ]
SQL: SELECT * FROM `cq_lanmu` WHERE ( is_show='0' AND lan_id=6 )  [ RunTime:0.0003s ]
SQL: SELECT * FROM `cq_lanmu` WHERE ( (is_show = '0') AND pid=6 ) ORDER BY sort  [ RunTime:0.0003s ]
SQL: SELECT * FROM `cq_lanmu` WHERE ( is_show='0' AND lan_id=7 )  [ RunTime:0.0002s ]
SQL: SELECT * FROM `cq_lanmu` WHERE ( (is_show = '0') AND pid=7 ) ORDER BY sort  [ RunTime:0.0003s ]
SQL: SELECT * FROM `cq_lanmu` WHERE ( (is_show = '0') AND pid=7 ) ORDER BY sort LIMIT 0,4   [ RunTime:0.0003s ]
SQL: SELECT * FROM `cq_lanmu` WHERE ( is_show='0' AND lan_id=8 )  [ RunTime:0.0002s ]
SQL: SELECT * FROM `cq_lanmu` WHERE ( is_show='0' AND lan_id=9 )  [ RunTime:0.0002s ]
SQL: SHOW COLUMNS FROM `cq_banner` [ RunTime:0.0018s ]
SQL: SELECT * FROM `cq_banner` WHERE ( is_show='0' AND is_area='0' AND lan_id=1 AND is_del='0' ) ORDER BY add_time desc LIMIT 0,5   [ RunTime:0.0003s ]
SQL: SELECT * FROM `cq_banner` WHERE ( is_show='0' AND is_area='1' AND lan_id=1 AND is_del='0' ) ORDER BY add_time desc LIMIT 0,1   [ RunTime:0.0003s ]
SQL: SHOW COLUMNS FROM `cq_news` [ RunTime:0.0020s ]
SQL: SELECT * FROM `cq_news` WHERE ( is_show='0' AND lan_id='3' AND is_del='0' ) ORDER BY add_time desc LIMIT 0,5   [ RunTime:0.0014s ]
SQL: SELECT * FROM `cq_news` WHERE ( is_show='0' AND lan_id='3' AND is_del='0' ) ORDER BY add_time desc LIMIT 5,4   [ RunTime:0.0014s ]
SQL: SELECT * FROM cq_news n INNER JOIN cq_lanmu l on n.lan_id=l.lan_id  WHERE ( n.is_show='0' AND n.is_del='0' AND l.pid=4 ) ORDER BY click desc LIMIT 0,3   [ RunTime:0.0014s ]
SQL: SELECT * FROM cq_news n INNER JOIN cq_lanmu l on n.lan_id=l.lan_id  WHERE ( n.is_show='0' AND n.is_del='0' AND l.pid=5 ) ORDER BY click desc LIMIT 0,3   [ RunTime:0.0014s ]
SQL: SELECT * FROM `cq_news` WHERE ( is_show='0' AND is_del='0' AND lan_id=29 OR lan_id=30 OR lan_id=32 ) ORDER BY click desc LIMIT 0,3   [ RunTime:0.0016s ]
SQL: select p1.*,b.board_id,b.board_title,b.todposts,b.posts,b.board_img,u.username from (select p.* from cq_posts as p where p.ctime = (select max(ctime) from cq_posts where board_id = p.board_id)) as p1 right join cq_boards as b on b.board_id = p1.board_id left join cq_user as u on u.user_id = p1.user_id where b.pid <> 0 order by b.sort [ RunTime:0.0045s ]
INFO: [ view_parse ] --START--
INFO: [ template_filter ] --START--
INFO: Run Behavior\ContentReplaceBehavior [ RunTime:0.000177s ]
INFO: [ template_filter ] --END-- [ RunTime:0.000282s ]
INFO: Run Behavior\ParseTemplateBehavior [ RunTime:0.033271s ]
INFO: [ view_parse ] --END-- [ RunTime:0.033350s ]
INFO: [ view_filter ] --START--
INFO: Run Behavior\WriteHtmlCacheBehavior [ RunTime:0.000371s ]
INFO: [ view_filter ] --END-- [ RunTime:0.000458s ]
INFO: [ app_end ] --START--
INFO: Run Behavior\ShowPageTraceBehavior [ RunTime:0.000620s ]
INFO: [ app_end ] --END-- [ RunTime:0.000704s ]

[ 2017-01-29T06:25:44+08:00 ] 180.153.214.178 /index.php/Mobile
INFO: [ app_init ] --START--
INFO: Run Behavior\BuildLiteBehavior [ RunTime:0.000018s ]
INFO: [ app_init ] --END-- [ RunTime:0.000082s ]
NOTIC: [8] Use of undefined constant URL_COMPAT - assumed 'URL_COMPAT' E:\web\lanhai\www\ThinkPHP\Library\Think\Dispatcher.class.php 第 183 行.
NOTIC: [8] Use of undefined constant URL_REWRITE - assumed 'URL_REWRITE' E:\web\lanhai\www\ThinkPHP\Library\Think\Dispatcher.class.php 第 185 行.
INFO: [ app_begin ] --START--
INFO: Run Behavior\ReadHtmlCacheBehavior [ RunTime:0.000621s ]
INFO: [ app_begin ] --END-- [ RunTime:0.000703s ]
SQL: SHOW COLUMNS FROM `cq_lanmu` [ RunTime:0.0033s ]
SQL: SELECT * FROM `cq_lanmu` WHERE ( is_show='0' AND lan_id=1 )  [ RunTime:0.0003s ]
SQL: SELECT * FROM `cq_lanmu` WHERE ( is_show='0' AND lan_id=2 )  [ RunTime:0.0003s ]
SQL: SELECT * FROM `cq_lanmu` WHERE ( (is_show = '0') AND pid=2  ) ORDER BY sort  [ RunTime:0.0004s ]
SQL: SELECT * FROM `cq_lanmu` WHERE ( (is_show = '0') AND pid=2  ) ORDER BY sort LIMIT 0,6   [ RunTime:0.0003s ]
SQL: SELECT * FROM `cq_lanmu` WHERE ( is_show='0' AND lan_id=3 )  [ RunTime:0.0002s ]
SQL: SELECT * FROM `cq_lanmu` WHERE ( is_show='0' AND lan_id=4 )  [ RunTime:0.0002s ]
SQL: SELECT * FROM `cq_lanmu` WHERE ( (is_show = '0') AND pid=4 ) ORDER BY sort  [ RunTime:0.0003s ]
SQL: SELECT * FROM `cq_lanmu` WHERE ( (is_show = '0') AND pid=4 ) ORDER BY sort LIMIT 0,6   [ RunTime:0.0003s ]
SQL: SELECT * FROM `cq_lanmu` WHERE ( is_show='0' AND lan_id=5 )  [ RunTime:0.0003s ]
SQL: SELECT * FROM `cq_lanmu` WHERE ( (is_show = '0') AND pid=5 ) ORDER BY sort  [ RunTime:0.0003s ]
SQL: SELECT * FROM `cq_lanmu` WHERE ( is_show='0' AND lan_id=6 )  [ RunTime:0.0002s ]
SQL: SELECT * FROM `cq_lanmu` WHERE ( (is_show = '0') AND pid=6 ) ORDER BY sort  [ RunTime:0.0003s ]
SQL: SELECT * FROM `cq_lanmu` WHERE ( is_show='0' AND lan_id=7 )  [ RunTime:0.0002s ]
SQL: SELECT * FROM `cq_lanmu` WHERE ( (is_show = '0') AND pid=7 ) ORDER BY sort  [ RunTime:0.0003s ]
SQL: SELECT * FROM `cq_lanmu` WHERE ( (is_show = '0') AND pid=7 ) ORDER BY sort LIMIT 0,4   [ RunTime:0.0003s ]
SQL: SELECT * FROM `cq_lanmu` WHERE ( is_show='0' AND lan_id=8 )  [ RunTime:0.0003s ]
SQL: SELECT * FROM `cq_lanmu` WHERE ( is_show='0' AND lan_id=9 )  [ RunTime:0.0002s ]
SQL: SHOW COLUMNS FROM `cq_banner` [ RunTime:0.0018s ]
SQL: SELECT * FROM `cq_banner` WHERE ( is_show='0' AND is_area='0' AND lan_id=1 AND is_del='0' ) ORDER BY add_time desc LIMIT 0,5   [ RunTime:0.0003s ]
SQL: SELECT * FROM `cq_banner` WHERE ( is_show='0' AND is_area='1' AND lan_id=1 AND is_del='0' ) ORDER BY add_time desc LIMIT 0,1   [ RunTime:0.0003s ]
SQL: SHOW COLUMNS FROM `cq_news` [ RunTime:0.0020s ]
SQL: SELECT * FROM `cq_news` WHERE ( is_show='0' AND lan_id='3' AND is_del='0' ) ORDER BY add_time desc LIMIT 0,5   [ RunTime:0.0015s ]
SQL: SELECT * FROM `cq_news` WHERE ( is_show='0' AND lan_id='3' AND is_del='0' ) ORDER BY add_time desc LIMIT 5,4   [ RunTime:0.0014s ]
SQL: SELECT * FROM cq_news n INNER JOIN cq_lanmu l on n.lan_id=l.lan_id  WHERE ( n.is_show='0' AND n.is_del='0' AND l.pid=4 ) ORDER BY click desc LIMIT 0,3   [ RunTime:0.0013s ]
SQL: SELECT * FROM cq_news n INNER JOIN cq_lanmu l on n.lan_id=l.lan_id  WHERE ( n.is_show='0' AND n.is_del='0' AND l.pid=5 ) ORDER BY click desc LIMIT 0,3   [ RunTime:0.0015s ]
SQL: SELECT * FROM `cq_news` WHERE ( is_show='0' AND is_del='0' AND lan_id=29 OR lan_id=30 OR lan_id=32 ) ORDER BY click desc LIMIT 0,3   [ RunTime:0.0012s ]
SQL: select p1.*,b.board_id,b.board_title,b.todposts,b.posts,b.board_img,u.username from (select p.* from cq_posts as p where p.ctime = (select max(ctime) from cq_posts where board_id = p.board_id)) as p1 right join cq_boards as b on b.board_id = p1.board_id left join cq_user as u on u.user_id = p1.user_id where b.pid <> 0 order by b.sort [ RunTime:0.0030s ]
INFO: [ view_parse ] --START--
INFO: [ template_filter ] --START--
INFO: Run Behavior\ContentReplaceBehavior [ RunTime:0.000173s ]
INFO: [ template_filter ] --END-- [ RunTime:0.000260s ]
INFO: Run Behavior\ParseTemplateBehavior [ RunTime:0.033905s ]
INFO: [ view_parse ] --END-- [ RunTime:0.033979s ]
INFO: [ view_filter ] --START--
INFO: Run Behavior\WriteHtmlCacheBehavior [ RunTime:0.000343s ]
INFO: [ view_filter ] --END-- [ RunTime:0.000398s ]
INFO: [ app_end ] --START--
INFO: Run Behavior\ShowPageTraceBehavior [ RunTime:0.000636s ]
INFO: [ app_end ] --END-- [ RunTime:0.000700s ]

[ 2017-01-29T06:25:44+08:00 ] 101.226.89.115 /index.php/Mobile
INFO: [ app_init ] --START--
INFO: Run Behavior\BuildLiteBehavior [ RunTime:0.000018s ]
INFO: [ app_init ] --END-- [ RunTime:0.000079s ]
NOTIC: [8] Use of undefined constant URL_COMPAT - assumed 'URL_COMPAT' E:\web\lanhai\www\ThinkPHP\Library\Think\Dispatcher.class.php 第 183 行.
NOTIC: [8] Use of undefined constant URL_REWRITE - assumed 'URL_REWRITE' E:\web\lanhai\www\ThinkPHP\Library\Think\Dispatcher.class.php 第 185 行.
INFO: [ app_begin ] --START--
INFO: Run Behavior\ReadHtmlCacheBehavior [ RunTime:0.000604s ]
INFO: [ app_begin ] --END-- [ RunTime:0.000672s ]
SQL: SHOW COLUMNS FROM `cq_lanmu` [ RunTime:0.0020s ]
SQL: SELECT * FROM `cq_lanmu` WHERE ( is_show='0' AND lan_id=1 )  [ RunTime:0.0004s ]
SQL: SELECT * FROM `cq_lanmu` WHERE ( is_show='0' AND lan_id=2 )  [ RunTime:0.0003s ]
SQL: SELECT * FROM `cq_lanmu` WHERE ( (is_show = '0') AND pid=2  ) ORDER BY sort  [ RunTime:0.0004s ]
SQL: SELECT * FROM `cq_lanmu` WHERE ( (is_show = '0') AND pid=2  ) ORDER BY sort LIMIT 0,6   [ RunTime:0.0003s ]
SQL: SELECT * FROM `cq_lanmu` WHERE ( is_show='0' AND lan_id=3 )  [ RunTime:0.0002s ]
SQL: SELECT * FROM `cq_lanmu` WHERE ( is_show='0' AND lan_id=4 )  [ RunTime:0.0002s ]
SQL: SELECT * FROM `cq_lanmu` WHERE ( (is_show = '0') AND pid=4 ) ORDER BY sort  [ RunTime:0.0004s ]
SQL: SELECT * FROM `cq_lanmu` WHERE ( (is_show = '0') AND pid=4 ) ORDER BY sort LIMIT 0,6   [ RunTime:0.0003s ]
SQL: SELECT * FROM `cq_lanmu` WHERE ( is_show='0' AND lan_id=5 )  [ RunTime:0.0002s ]
SQL: SELECT * FROM `cq_lanmu` WHERE ( (is_show = '0') AND pid=5 ) ORDER BY sort  [ RunTime:0.0003s ]
SQL: SELECT * FROM `cq_lanmu` WHERE ( is_show='0' AND lan_id=6 )  [ RunTime:0.0002s ]
SQL: SELECT * FROM `cq_lanmu` WHERE ( (is_show = '0') AND pid=6 ) ORDER BY sort  [ RunTime:0.0004s ]
SQL: SELECT * FROM `cq_lanmu` WHERE ( is_show='0' AND lan_id=7 )  [ RunTime:0.0002s ]
SQL: SELECT * FROM `cq_lanmu` WHERE ( (is_show = '0') AND pid=7 ) ORDER BY sort  [ RunTime:0.0003s ]
SQL: SELECT * FROM `cq_lanmu` WHERE ( (is_show = '0') AND pid=7 ) ORDER BY sort LIMIT 0,4   [ RunTime:0.0003s ]
SQL: SELECT * FROM `cq_lanmu` WHERE ( is_show='0' AND lan_id=8 )  [ RunTime:0.0002s ]
SQL: SELECT * FROM `cq_lanmu` WHERE ( is_show='0' AND lan_id=9 )  [ RunTime:0.0003s ]
SQL: SHOW COLUMNS FROM `cq_banner` [ RunTime:0.0019s ]
SQL: SELECT * FROM `cq_banner` WHERE ( is_show='0' AND is_area='0' AND lan_id=1 AND is_del='0' ) ORDER BY add_time desc LIMIT 0,5   [ RunTime:0.0003s ]
SQL: SELECT * FROM `cq_banner` WHERE ( is_show='0' AND is_area='1' AND lan_id=1 AND is_del='0' ) ORDER BY add_time desc LIMIT 0,1   [ RunTime:0.0003s ]
SQL: SHOW COLUMNS FROM `cq_news` [ RunTime:0.0023s ]
SQL: SELECT * FROM `cq_news` WHERE ( is_show='0' AND lan_id='3' AND is_del='0' ) ORDER BY add_time desc LIMIT 0,5   [ RunTime:0.0016s ]
SQL: SELECT * FROM `cq_news` WHERE ( is_show='0' AND lan_id='3' AND is_del='0' ) ORDER BY add_time desc LIMIT 5,4   [ RunTime:0.0016s ]
SQL: SELECT * FROM cq_news n INNER JOIN cq_lanmu l on n.lan_id=l.lan_id  WHERE ( n.is_show='0' AND n.is_del='0' AND l.pid=4 ) ORDER BY click desc LIMIT 0,3   [ RunTime:0.0014s ]
SQL: SELECT * FROM cq_news n INNER JOIN cq_lanmu l on n.lan_id=l.lan_id  WHERE ( n.is_show='0' AND n.is_del='0' AND l.pid=5 ) ORDER BY click desc LIMIT 0,3   [ RunTime:0.0015s ]
SQL: SELECT * FROM `cq_news` WHERE ( is_show='0' AND is_del='0' AND lan_id=29 OR lan_id=30 OR lan_id=32 ) ORDER BY click desc LIMIT 0,3   [ RunTime:0.0018s ]
SQL: select p1.*,b.board_id,b.board_title,b.todposts,b.posts,b.board_img,u.username from (select p.* from cq_posts as p where p.ctime = (select max(ctime) from cq_posts where board_id = p.board_id)) as p1 right join cq_boards as b on b.board_id = p1.board_id left join cq_user as u on u.user_id = p1.user_id where b.pid <> 0 order by b.sort [ RunTime:0.0036s ]
INFO: [ view_parse ] --START--
INFO: [ template_filter ] --START--
INFO: Run Behavior\ContentReplaceBehavior [ RunTime:0.000178s ]
INFO: [ template_filter ] --END-- [ RunTime:0.000246s ]
INFO: Run Behavior\ParseTemplateBehavior [ RunTime:0.031819s ]
INFO: [ view_parse ] --END-- [ RunTime:0.031897s ]
INFO: [ view_filter ] --START--
INFO: Run Behavior\WriteHtmlCacheBehavior [ RunTime:0.000348s ]
INFO: [ view_filter ] --END-- [ RunTime:0.000403s ]
INFO: [ app_end ] --START--
INFO: Run Behavior\ShowPageTraceBehavior [ RunTime:0.000599s ]
INFO: [ app_end ] --END-- [ RunTime:0.000661s ]

[ 2017-01-29T10:35:38+08:00 ] 182.131.11.251 /index.php/Mobile/News/moban/id/12.html?from=groupmessage
INFO: [ app_init ] --START--
INFO: Run Behavior\BuildLiteBehavior [ RunTime:0.000036s ]
INFO: [ app_init ] --END-- [ RunTime:0.000122s ]
NOTIC: [8] Use of undefined constant URL_COMPAT - assumed 'URL_COMPAT' E:\web\lanhai\www\ThinkPHP\Library\Think\Dispatcher.class.php 第 183 行.
NOTIC: [8] Use of undefined constant URL_REWRITE - assumed 'URL_REWRITE' E:\web\lanhai\www\ThinkPHP\Library\Think\Dispatcher.class.php 第 185 行.
INFO: [ app_begin ] --START--
INFO: Run Behavior\ReadHtmlCacheBehavior [ RunTime:0.000688s ]
INFO: [ app_begin ] --END-- [ RunTime:0.000771s ]
SQL: SHOW COLUMNS FROM `cq_lanmu` [ RunTime:0.0022s ]
SQL: SELECT * FROM `cq_lanmu` WHERE ( is_show='0' AND lan_id=1 )  [ RunTime:0.0004s ]
SQL: SELECT * FROM `cq_lanmu` WHERE ( is_show='0' AND lan_id=2 )  [ RunTime:0.0003s ]
SQL: SELECT * FROM `cq_lanmu` WHERE ( (is_show = '0') AND pid=2  ) ORDER BY sort  [ RunTime:0.0004s ]
SQL: SELECT * FROM `cq_lanmu` WHERE ( (is_show = '0') AND pid=2  ) ORDER BY sort LIMIT 0,6   [ RunTime:0.0003s ]
SQL: SELECT * FROM `cq_lanmu` WHERE ( is_show='0' AND lan_id=3 )  [ RunTime:0.0003s ]
SQL: SELECT * FROM `cq_lanmu` WHERE ( is_show='0' AND lan_id=4 )  [ RunTime:0.0003s ]
SQL: SELECT * FROM `cq_lanmu` WHERE ( (is_show = '0') AND pid=4 ) ORDER BY sort  [ RunTime:0.0004s ]
SQL: SELECT * FROM `cq_lanmu` WHERE ( (is_show = '0') AND pid=4 ) ORDER BY sort LIMIT 0,6   [ RunTime:0.0003s ]
SQL: SELECT * FROM `cq_lanmu` WHERE ( is_show='0' AND lan_id=5 )  [ RunTime:0.0002s ]
SQL: SELECT * FROM `cq_lanmu` WHERE ( (is_show = '0') AND pid=5 ) ORDER BY sort  [ RunTime:0.0003s ]
SQL: SELECT * FROM `cq_lanmu` WHERE ( is_show='0' AND lan_id=6 )  [ RunTime:0.0002s ]
SQL: SELECT * FROM `cq_lanmu` WHERE ( (is_show = '0') AND pid=6 ) ORDER BY sort  [ RunTime:0.0003s ]
SQL: SELECT * FROM `cq_lanmu` WHERE ( is_show='0' AND lan_id=7 )  [ RunTime:0.0002s ]
SQL: SELECT * FROM `cq_lanmu` WHERE ( (is_show = '0') AND pid=7 ) ORDER BY sort  [ RunTime:0.0003s ]
SQL: SELECT * FROM `cq_lanmu` WHERE ( (is_show = '0') AND pid=7 ) ORDER BY sort LIMIT 0,4   [ RunTime:0.0003s ]
SQL: SELECT * FROM `cq_lanmu` WHERE ( is_show='0' AND lan_id=8 )  [ RunTime:0.0002s ]
SQL: SELECT * FROM `cq_lanmu` WHERE ( is_show='0' AND lan_id=9 )  [ RunTime:0.0002s ]
SQL: SHOW COLUMNS FROM `cq_img` [ RunTime:0.0017s ]
SQL: SELECT * FROM `cq_img` WHERE `id` = 12 LIMIT 1   [ RunTime:0.0002s ]
INFO: [ view_parse ] --START--
INFO: [ template_filter ] --START--
INFO: Run Behavior\ContentReplaceBehavior [ RunTime:0.000059s ]
INFO: [ template_filter ] --END-- [ RunTime:0.000138s ]
INFO: Run Behavior\ParseTemplateBehavior [ RunTime:0.006029s ]
INFO: [ view_parse ] --END-- [ RunTime:0.006103s ]
INFO: [ view_filter ] --START--
INFO: Run Behavior\WriteHtmlCacheBehavior [ RunTime:0.000367s ]
INFO: [ view_filter ] --END-- [ RunTime:0.000425s ]
INFO: [ app_end ] --START--
INFO: Run Behavior\ShowPageTraceBehavior [ RunTime:0.000555s ]
INFO: [ app_end ] --END-- [ RunTime:0.000616s ]

[ 2017-01-29T10:50:20+08:00 ] 101.226.102.78 /index.php/Mobile
INFO: [ app_init ] --START--
INFO: Run Behavior\BuildLiteBehavior [ RunTime:0.000018s ]
INFO: [ app_init ] --END-- [ RunTime:0.000079s ]
NOTIC: [8] Use of undefined constant URL_COMPAT - assumed 'URL_COMPAT' E:\web\lanhai\www\ThinkPHP\Library\Think\Dispatcher.class.php 第 183 行.
NOTIC: [8] Use of undefined constant URL_REWRITE - assumed 'URL_REWRITE' E:\web\lanhai\www\ThinkPHP\Library\Think\Dispatcher.class.php 第 185 行.
INFO: [ app_begin ] --START--
INFO: Run Behavior\ReadHtmlCacheBehavior [ RunTime:0.000519s ]
INFO: [ app_begin ] --END-- [ RunTime:0.000592s ]
SQL: SHOW COLUMNS FROM `cq_lanmu` [ RunTime:0.0019s ]
SQL: SELECT * FROM `cq_lanmu` WHERE ( is_show='0' AND lan_id=1 )  [ RunTime:0.0003s ]
SQL: SELECT * FROM `cq_lanmu` WHERE ( is_show='0' AND lan_id=2 )  [ RunTime:0.0003s ]
SQL: SELECT * FROM `cq_lanmu` WHERE ( (is_show = '0') AND pid=2  ) ORDER BY sort  [ RunTime:0.0003s ]
SQL: SELECT * FROM `cq_lanmu` WHERE ( (is_show = '0') AND pid=2  ) ORDER BY sort LIMIT 0,6   [ RunTime:0.0003s ]
SQL: SELECT * FROM `cq_lanmu` WHERE ( is_show='0' AND lan_id=3 )  [ RunTime:0.0002s ]
SQL: SELECT * FROM `cq_lanmu` WHERE ( is_show='0' AND lan_id=4 )  [ RunTime:0.0002s ]
SQL: SELECT * FROM `cq_lanmu` WHERE ( (is_show = '0') AND pid=4 ) ORDER BY sort  [ RunTime:0.0004s ]
SQL: SELECT * FROM `cq_lanmu` WHERE ( (is_show = '0') AND pid=4 ) ORDER BY sort LIMIT 0,6   [ RunTime:0.0003s ]
SQL: SELECT * FROM `cq_lanmu` WHERE ( is_show='0' AND lan_id=5 )  [ RunTime:0.0003s ]
SQL: SELECT * FROM `cq_lanmu` WHERE ( (is_show = '0') AND pid=5 ) ORDER BY sort  [ RunTime:0.0003s ]
SQL: SELECT * FROM `cq_lanmu` WHERE ( is_show='0' AND lan_id=6 )  [ RunTime:0.0003s ]
SQL: SELECT * FROM `cq_lanmu` WHERE ( (is_show = '0') AND pid=6 ) ORDER BY sort  [ RunTime:0.0004s ]
SQL: SELECT * FROM `cq_lanmu` WHERE ( is_show='0' AND lan_id=7 )  [ RunTime:0.0003s ]
SQL: SELECT * FROM `cq_lanmu` WHERE ( (is_show = '0') AND pid=7 ) ORDER BY sort  [ RunTime:0.0003s ]
SQL: SELECT * FROM `cq_lanmu` WHERE ( (is_show = '0') AND pid=7 ) ORDER BY sort LIMIT 0,4   [ RunTime:0.0004s ]
SQL: SELECT * FROM `cq_lanmu` WHERE ( is_show='0' AND lan_id=8 )  [ RunTime:0.0003s ]
SQL: SELECT * FROM `cq_lanmu` WHERE ( is_show='0' AND lan_id=9 )  [ RunTime:0.0002s ]
SQL: SHOW COLUMNS FROM `cq_banner` [ RunTime:0.0019s ]
SQL: SELECT * FROM `cq_banner` WHERE ( is_show='0' AND is_area='0' AND lan_id=1 AND is_del='0' ) ORDER BY add_time desc LIMIT 0,5   [ RunTime:0.0004s ]
SQL: SELECT * FROM `cq_banner` WHERE ( is_show='0' AND is_area='1' AND lan_id=1 AND is_del='0' ) ORDER BY add_time desc LIMIT 0,1   [ RunTime:0.0003s ]
SQL: SHOW COLUMNS FROM `cq_news` [ RunTime:0.0021s ]
SQL: SELECT * FROM `cq_news` WHERE ( is_show='0' AND lan_id='3' AND is_del='0' ) ORDER BY add_time desc LIMIT 0,5   [ RunTime:0.0016s ]
SQL: SELECT * FROM `cq_news` WHERE ( is_show='0' AND lan_id='3' AND is_del='0' ) ORDER BY add_time desc LIMIT 5,4   [ RunTime:0.0017s ]
SQL: SELECT * FROM cq_news n INNER JOIN cq_lanmu l on n.lan_id=l.lan_id  WHERE ( n.is_show='0' AND n.is_del='0' AND l.pid=4 ) ORDER BY click desc LIMIT 0,3   [ RunTime:0.0013s ]
SQL: SELECT * FROM cq_news n INNER JOIN cq_lanmu l on n.lan_id=l.lan_id  WHERE ( n.is_show='0' AND n.is_del='0' AND l.pid=5 ) ORDER BY click desc LIMIT 0,3   [ RunTime:0.0014s ]
SQL: SELECT * FROM `cq_news` WHERE ( is_show='0' AND is_del='0' AND lan_id=29 OR lan_id=30 OR lan_id=32 ) ORDER BY click desc LIMIT 0,3   [ RunTime:0.0013s ]
SQL: select p1.*,b.board_id,b.board_title,b.todposts,b.posts,b.board_img,u.username from (select p.* from cq_posts as p where p.ctime = (select max(ctime) from cq_posts where board_id = p.board_id)) as p1 right join cq_boards as b on b.board_id = p1.board_id left join cq_user as u on u.user_id = p1.user_id where b.pid <> 0 order by b.sort [ RunTime:0.0032s ]
INFO: [ view_parse ] --START--
INFO: [ template_filter ] --START--
INFO: Run Behavior\ContentReplaceBehavior [ RunTime:0.000171s ]
INFO: [ template_filter ] --END-- [ RunTime:0.000233s ]
INFO: Run Behavior\ParseTemplateBehavior [ RunTime:0.031405s ]
INFO: [ view_parse ] --END-- [ RunTime:0.031484s ]
INFO: [ view_filter ] --START--
INFO: Run Behavior\WriteHtmlCacheBehavior [ RunTime:0.000280s ]
INFO: [ view_filter ] --END-- [ RunTime:0.000334s ]
INFO: [ app_end ] --START--
INFO: Run Behavior\ShowPageTraceBehavior [ RunTime:0.000529s ]
INFO: [ app_end ] --END-- [ RunTime:0.000598s ]

[ 2017-01-29T17:48:51+08:00 ] 14.17.37.43 /index.php/Mobile/News/moban/id/12.html?from=groupmessage
INFO: [ app_init ] --START--
INFO: Run Behavior\BuildLiteBehavior [ RunTime:0.000020s ]
INFO: [ app_init ] --END-- [ RunTime:0.000085s ]
NOTIC: [8] Use of undefined constant URL_COMPAT - assumed 'URL_COMPAT' E:\web\lanhai\www\ThinkPHP\Library\Think\Dispatcher.class.php 第 183 行.
NOTIC: [8] Use of undefined constant URL_REWRITE - assumed 'URL_REWRITE' E:\web\lanhai\www\ThinkPHP\Library\Think\Dispatcher.class.php 第 185 行.
INFO: [ app_begin ] --START--
INFO: Run Behavior\ReadHtmlCacheBehavior [ RunTime:0.000591s ]
INFO: [ app_begin ] --END-- [ RunTime:0.000660s ]
SQL: SHOW COLUMNS FROM `cq_lanmu` [ RunTime:0.0021s ]
SQL: SELECT * FROM `cq_lanmu` WHERE ( is_show='0' AND lan_id=1 )  [ RunTime:0.0003s ]
SQL: SELECT * FROM `cq_lanmu` WHERE ( is_show='0' AND lan_id=2 )  [ RunTime:0.0003s ]
SQL: SELECT * FROM `cq_lanmu` WHERE ( (is_show = '0') AND pid=2  ) ORDER BY sort  [ RunTime:0.0004s ]
SQL: SELECT * FROM `cq_lanmu` WHERE ( (is_show = '0') AND pid=2  ) ORDER BY sort LIMIT 0,6   [ RunTime:0.0003s ]
SQL: SELECT * FROM `cq_lanmu` WHERE ( is_show='0' AND lan_id=3 )  [ RunTime:0.0003s ]
SQL: SELECT * FROM `cq_lanmu` WHERE ( is_show='0' AND lan_id=4 )  [ RunTime:0.0003s ]
SQL: SELECT * FROM `cq_lanmu` WHERE ( (is_show = '0') AND pid=4 ) ORDER BY sort  [ RunTime:0.0004s ]
SQL: SELECT * FROM `cq_lanmu` WHERE ( (is_show = '0') AND pid=4 ) ORDER BY sort LIMIT 0,6   [ RunTime:0.0003s ]
SQL: SELECT * FROM `cq_lanmu` WHERE ( is_show='0' AND lan_id=5 )  [ RunTime:0.0002s ]
SQL: SELECT * FROM `cq_lanmu` WHERE ( (is_show = '0') AND pid=5 ) ORDER BY sort  [ RunTime:0.0003s ]
SQL: SELECT * FROM `cq_lanmu` WHERE ( is_show='0' AND lan_id=6 )  [ RunTime:0.0002s ]
SQL: SELECT * FROM `cq_lanmu` WHERE ( (is_show = '0') AND pid=6 ) ORDER BY sort  [ RunTime:0.0003s ]
SQL: SELECT * FROM `cq_lanmu` WHERE ( is_show='0' AND lan_id=7 )  [ RunTime:0.0002s ]
SQL: SELECT * FROM `cq_lanmu` WHERE ( (is_show = '0') AND pid=7 ) ORDER BY sort  [ RunTime:0.0003s ]
SQL: SELECT * FROM `cq_lanmu` WHERE ( (is_show = '0') AND pid=7 ) ORDER BY sort LIMIT 0,4   [ RunTime:0.0003s ]
SQL: SELECT * FROM `cq_lanmu` WHERE ( is_show='0' AND lan_id=8 )  [ RunTime:0.0002s ]
SQL: SELECT * FROM `cq_lanmu` WHERE ( is_show='0' AND lan_id=9 )  [ RunTime:0.0002s ]
SQL: SHOW COLUMNS FROM `cq_img` [ RunTime:0.0016s ]
SQL: SELECT * FROM `cq_img` WHERE `id` = 12 LIMIT 1   [ RunTime:0.0002s ]
INFO: [ view_parse ] --START--
INFO: [ template_filter ] --START--
INFO: Run Behavior\ContentReplaceBehavior [ RunTime:0.000049s ]
INFO: [ template_filter ] --END-- [ RunTime:0.000112s ]
INFO: Run Behavior\ParseTemplateBehavior [ RunTime:0.005861s ]
INFO: [ view_parse ] --END-- [ RunTime:0.005932s ]
INFO: [ view_filter ] --START--
INFO: Run Behavior\WriteHtmlCacheBehavior [ RunTime:0.000316s ]
INFO: [ view_filter ] --END-- [ RunTime:0.000375s ]
INFO: [ app_end ] --START--
INFO: Run Behavior\ShowPageTraceBehavior [ RunTime:0.000587s ]
INFO: [ app_end ] --END-- [ RunTime:0.000648s ]

[ 2017-01-29T17:48:59+08:00 ] 14.17.37.43 /index.php/Mobile/News/moban/id/12.html?from=groupmessage
INFO: [ app_init ] --START--
INFO: Run Behavior\BuildLiteBehavior [ RunTime:0.000019s ]
INFO: [ app_init ] --END-- [ RunTime:0.000082s ]
NOTIC: [8] Use of undefined constant URL_COMPAT - assumed 'URL_COMPAT' E:\web\lanhai\www\ThinkPHP\Library\Think\Dispatcher.class.php 第 183 行.
NOTIC: [8] Use of undefined constant URL_REWRITE - assumed 'URL_REWRITE' E:\web\lanhai\www\ThinkPHP\Library\Think\Dispatcher.class.php 第 185 行.
INFO: [ app_begin ] --START--
INFO: Run Behavior\ReadHtmlCacheBehavior [ RunTime:0.000600s ]
INFO: [ app_begin ] --END-- [ RunTime:0.000704s ]
SQL: SHOW COLUMNS FROM `cq_lanmu` [ RunTime:0.0021s ]
SQL: SELECT * FROM `cq_lanmu` WHERE ( is_show='0' AND lan_id=1 )  [ RunTime:0.0004s ]
SQL: SELECT * FROM `cq_lanmu` WHERE ( is_show='0' AND lan_id=2 )  [ RunTime:0.0003s ]
SQL: SELECT * FROM `cq_lanmu` WHERE ( (is_show = '0') AND pid=2  ) ORDER BY sort  [ RunTime:0.0004s ]
SQL: SELECT * FROM `cq_lanmu` WHERE ( (is_show = '0') AND pid=2  ) ORDER BY sort LIMIT 0,6   [ RunTime:0.0003s ]
SQL: SELECT * FROM `cq_lanmu` WHERE ( is_show='0' AND lan_id=3 )  [ RunTime:0.0003s ]
SQL: SELECT * FROM `cq_lanmu` WHERE ( is_show='0' AND lan_id=4 )  [ RunTime:0.0002s ]
SQL: SELECT * FROM `cq_lanmu` WHERE ( (is_show = '0') AND pid=4 ) ORDER BY sort  [ RunTime:0.0003s ]
SQL: SELECT * FROM `cq_lanmu` WHERE ( (is_show = '0') AND pid=4 ) ORDER BY sort LIMIT 0,6   [ RunTime:0.0003s ]
SQL: SELECT * FROM `cq_lanmu` WHERE ( is_show='0' AND lan_id=5 )  [ RunTime:0.0002s ]
SQL: SELECT * FROM `cq_lanmu` WHERE ( (is_show = '0') AND pid=5 ) ORDER BY sort  [ RunTime:0.0003s ]
SQL: SELECT * FROM `cq_lanmu` WHERE ( is_show='0' AND lan_id=6 )  [ RunTime:0.0002s ]
SQL: SELECT * FROM `cq_lanmu` WHERE ( (is_show = '0') AND pid=6 ) ORDER BY sort  [ RunTime:0.0003s ]
SQL: SELECT * FROM `cq_lanmu` WHERE ( is_show='0' AND lan_id=7 )  [ RunTime:0.0002s ]
SQL: SELECT * FROM `cq_lanmu` WHERE ( (is_show = '0') AND pid=7 ) ORDER BY sort  [ RunTime:0.0003s ]
SQL: SELECT * FROM `cq_lanmu` WHERE ( (is_show = '0') AND pid=7 ) ORDER BY sort LIMIT 0,4   [ RunTime:0.0003s ]
SQL: SELECT * FROM `cq_lanmu` WHERE ( is_show='0' AND lan_id=8 )  [ RunTime:0.0002s ]
SQL: SELECT * FROM `cq_lanmu` WHERE ( is_show='0' AND lan_id=9 )  [ RunTime:0.0002s ]
SQL: SHOW COLUMNS FROM `cq_img` [ RunTime:0.0018s ]
SQL: SELECT * FROM `cq_img` WHERE `id` = 12 LIMIT 1   [ RunTime:0.0003s ]
INFO: [ view_parse ] --START--
INFO: [ template_filter ] --START--
INFO: Run Behavior\ContentReplaceBehavior [ RunTime:0.000076s ]
INFO: [ template_filter ] --END-- [ RunTime:0.000164s ]
INFO: Run Behavior\ParseTemplateBehavior [ RunTime:0.006244s ]
INFO: [ view_parse ] --END-- [ RunTime:0.006316s ]
INFO: [ view_filter ] --START--
INFO: Run Behavior\WriteHtmlCacheBehavior [ RunTime:0.000367s ]
INFO: [ view_filter ] --END-- [ RunTime:0.000424s ]
INFO: [ app_end ] --START--
INFO: Run Behavior\ShowPageTraceBehavior [ RunTime:0.000570s ]
INFO: [ app_end ] --END-- [ RunTime:0.000631s ]

[ 2017-01-29T18:16:17+08:00 ] 123.151.138.100 /index.php/Mobile
INFO: [ app_init ] --START--
INFO: Run Behavior\BuildLiteBehavior [ RunTime:0.000020s ]
INFO: [ app_init ] --END-- [ RunTime:0.000085s ]
NOTIC: [8] Use of undefined constant URL_COMPAT - assumed 'URL_COMPAT' E:\web\lanhai\www\ThinkPHP\Library\Think\Dispatcher.class.php 第 183 行.
NOTIC: [8] Use of undefined constant URL_REWRITE - assumed 'URL_REWRITE' E:\web\lanhai\www\ThinkPHP\Library\Think\Dispatcher.class.php 第 185 行.
INFO: [ app_begin ] --START--
INFO: Run Behavior\ReadHtmlCacheBehavior [ RunTime:0.000555s ]
INFO: [ app_begin ] --END-- [ RunTime:0.000624s ]
SQL: SHOW COLUMNS FROM `cq_lanmu` [ RunTime:0.0020s ]
SQL: SELECT * FROM `cq_lanmu` WHERE ( is_show='0' AND lan_id=1 )  [ RunTime:0.0003s ]
SQL: SELECT * FROM `cq_lanmu` WHERE ( is_show='0' AND lan_id=2 )  [ RunTime:0.0003s ]
SQL: SELECT * FROM `cq_lanmu` WHERE ( (is_show = '0') AND pid=2  ) ORDER BY sort  [ RunTime:0.0003s ]
SQL: SELECT * FROM `cq_lanmu` WHERE ( (is_show = '0') AND pid=2  ) ORDER BY sort LIMIT 0,6   [ RunTime:0.0003s ]
SQL: SELECT * FROM `cq_lanmu` WHERE ( is_show='0' AND lan_id=3 )  [ RunTime:0.0002s ]
SQL: SELECT * FROM `cq_lanmu` WHERE ( is_show='0' AND lan_id=4 )  [ RunTime:0.0002s ]
SQL: SELECT * FROM `cq_lanmu` WHERE ( (is_show = '0') AND pid=4 ) ORDER BY sort  [ RunTime:0.0003s ]
SQL: SELECT * FROM `cq_lanmu` WHERE ( (is_show = '0') AND pid=4 ) ORDER BY sort LIMIT 0,6   [ RunTime:0.0003s ]
SQL: SELECT * FROM `cq_lanmu` WHERE ( is_show='0' AND lan_id=5 )  [ RunTime:0.0002s ]
SQL: SELECT * FROM `cq_lanmu` WHERE ( (is_show = '0') AND pid=5 ) ORDER BY sort  [ RunTime:0.0003s ]
SQL: SELECT * FROM `cq_lanmu` WHERE ( is_show='0' AND lan_id=6 )  [ RunTime:0.0002s ]
SQL: SELECT * FROM `cq_lanmu` WHERE ( (is_show = '0') AND pid=6 ) ORDER BY sort  [ RunTime:0.0003s ]
SQL: SELECT * FROM `cq_lanmu` WHERE ( is_show='0' AND lan_id=7 )  [ RunTime:0.0002s ]
SQL: SELECT * FROM `cq_lanmu` WHERE ( (is_show = '0') AND pid=7 ) ORDER BY sort  [ RunTime:0.0003s ]
SQL: SELECT * FROM `cq_lanmu` WHERE ( (is_show = '0') AND pid=7 ) ORDER BY sort LIMIT 0,4   [ RunTime:0.0003s ]
SQL: SELECT * FROM `cq_lanmu` WHERE ( is_show='0' AND lan_id=8 )  [ RunTime:0.0002s ]
SQL: SELECT * FROM `cq_lanmu` WHERE ( is_show='0' AND lan_id=9 )  [ RunTime:0.0002s ]
SQL: SHOW COLUMNS FROM `cq_banner` [ RunTime:0.0019s ]
SQL: SELECT * FROM `cq_banner` WHERE ( is_show='0' AND is_area='0' AND lan_id=1 AND is_del='0' ) ORDER BY add_time desc LIMIT 0,5   [ RunTime:0.0004s ]
SQL: SELECT * FROM `cq_banner` WHERE ( is_show='0' AND is_area='1' AND lan_id=1 AND is_del='0' ) ORDER BY add_time desc LIMIT 0,1   [ RunTime:0.0003s ]
SQL: SHOW COLUMNS FROM `cq_news` [ RunTime:0.0021s ]
SQL: SELECT * FROM `cq_news` WHERE ( is_show='0' AND lan_id='3' AND is_del='0' ) ORDER BY add_time desc LIMIT 0,5   [ RunTime:0.0017s ]
SQL: SELECT * FROM `cq_news` WHERE ( is_show='0' AND lan_id='3' AND is_del='0' ) ORDER BY add_time desc LIMIT 5,4   [ RunTime:0.0015s ]
SQL: SELECT * FROM cq_news n INNER JOIN cq_lanmu l on n.lan_id=l.lan_id  WHERE ( n.is_show='0' AND n.is_del='0' AND l.pid=4 ) ORDER BY click desc LIMIT 0,3   [ RunTime:0.0013s ]
SQL: SELECT * FROM cq_news n INNER JOIN cq_lanmu l on n.lan_id=l.lan_id  WHERE ( n.is_show='0' AND n.is_del='0' AND l.pid=5 ) ORDER BY click desc LIMIT 0,3   [ RunTime:0.0014s ]
SQL: SELECT * FROM `cq_news` WHERE ( is_show='0' AND is_del='0' AND lan_id=29 OR lan_id=30 OR lan_id=32 ) ORDER BY click desc LIMIT 0,3   [ RunTime:0.0011s ]
SQL: select p1.*,b.board_id,b.board_title,b.todposts,b.posts,b.board_img,u.username from (select p.* from cq_posts as p where p.ctime = (select max(ctime) from cq_posts where board_id = p.board_id)) as p1 right join cq_boards as b on b.board_id = p1.board_id left join cq_user as u on u.user_id = p1.user_id where b.pid <> 0 order by b.sort [ RunTime:0.0036s ]
INFO: [ view_parse ] --START--
INFO: [ template_filter ] --START--
INFO: Run Behavior\ContentReplaceBehavior [ RunTime:0.000171s ]
INFO: [ template_filter ] --END-- [ RunTime:0.000236s ]
INFO: Run Behavior\ParseTemplateBehavior [ RunTime:0.034021s ]
INFO: [ view_parse ] --END-- [ RunTime:0.034119s ]
INFO: [ view_filter ] --START--
INFO: Run Behavior\WriteHtmlCacheBehavior [ RunTime:0.000463s ]
INFO: [ view_filter ] --END-- [ RunTime:0.000524s ]
INFO: [ app_end ] --START--
INFO: Run Behavior\ShowPageTraceBehavior [ RunTime:0.000607s ]
INFO: [ app_end ] --END-- [ RunTime:0.000672s ]

[ 2017-01-29T23:08:08+08:00 ] 39.71.138.200 /index.php/Mobile
INFO: [ app_init ] --START--
INFO: Run Behavior\BuildLiteBehavior [ RunTime:0.000019s ]
INFO: [ app_init ] --END-- [ RunTime:0.000083s ]
NOTIC: [8] Use of undefined constant URL_COMPAT - assumed 'URL_COMPAT' E:\web\lanhai\www\ThinkPHP\Library\Think\Dispatcher.class.php 第 183 行.
NOTIC: [8] Use of undefined constant URL_REWRITE - assumed 'URL_REWRITE' E:\web\lanhai\www\ThinkPHP\Library\Think\Dispatcher.class.php 第 185 行.
INFO: [ app_begin ] --START--
INFO: Run Behavior\ReadHtmlCacheBehavior [ RunTime:0.000594s ]
INFO: [ app_begin ] --END-- [ RunTime:0.000661s ]
SQL: SHOW COLUMNS FROM `cq_lanmu` [ RunTime:0.0020s ]
SQL: SELECT * FROM `cq_lanmu` WHERE ( is_show='0' AND lan_id=1 )  [ RunTime:0.0003s ]
SQL: SELECT * FROM `cq_lanmu` WHERE ( is_show='0' AND lan_id=2 )  [ RunTime:0.0003s ]
SQL: SELECT * FROM `cq_lanmu` WHERE ( (is_show = '0') AND pid=2  ) ORDER BY sort  [ RunTime:0.0003s ]
SQL: SELECT * FROM `cq_lanmu` WHERE ( (is_show = '0') AND pid=2  ) ORDER BY sort LIMIT 0,6   [ RunTime:0.0003s ]
SQL: SELECT * FROM `cq_lanmu` WHERE ( is_show='0' AND lan_id=3 )  [ RunTime:0.0002s ]
SQL: SELECT * FROM `cq_lanmu` WHERE ( is_show='0' AND lan_id=4 )  [ RunTime:0.0002s ]
SQL: SELECT * FROM `cq_lanmu` WHERE ( (is_show = '0') AND pid=4 ) ORDER BY sort  [ RunTime:0.0003s ]
SQL: SELECT * FROM `cq_lanmu` WHERE ( (is_show = '0') AND pid=4 ) ORDER BY sort LIMIT 0,6   [ RunTime:0.0003s ]
SQL: SELECT * FROM `cq_lanmu` WHERE ( is_show='0' AND lan_id=5 )  [ RunTime:0.0002s ]
SQL: SELECT * FROM `cq_lanmu` WHERE ( (is_show = '0') AND pid=5 ) ORDER BY sort  [ RunTime:0.0003s ]
SQL: SELECT * FROM `cq_lanmu` WHERE ( is_show='0' AND lan_id=6 )  [ RunTime:0.0003s ]
SQL: SELECT * FROM `cq_lanmu` WHERE ( (is_show = '0') AND pid=6 ) ORDER BY sort  [ RunTime:0.0003s ]
SQL: SELECT * FROM `cq_lanmu` WHERE ( is_show='0' AND lan_id=7 )  [ RunTime:0.0003s ]
SQL: SELECT * FROM `cq_lanmu` WHERE ( (is_show = '0') AND pid=7 ) ORDER BY sort  [ RunTime:0.0003s ]
SQL: SELECT * FROM `cq_lanmu` WHERE ( (is_show = '0') AND pid=7 ) ORDER BY sort LIMIT 0,4   [ RunTime:0.0003s ]
SQL: SELECT * FROM `cq_lanmu` WHERE ( is_show='0' AND lan_id=8 )  [ RunTime:0.0002s ]
SQL: SELECT * FROM `cq_lanmu` WHERE ( is_show='0' AND lan_id=9 )  [ RunTime:0.0002s ]
SQL: SHOW COLUMNS FROM `cq_banner` [ RunTime:0.0018s ]
SQL: SELECT * FROM `cq_banner` WHERE ( is_show='0' AND is_area='0' AND lan_id=1 AND is_del='0' ) ORDER BY add_time desc LIMIT 0,5   [ RunTime:0.0004s ]
SQL: SELECT * FROM `cq_banner` WHERE ( is_show='0' AND is_area='1' AND lan_id=1 AND is_del='0' ) ORDER BY add_time desc LIMIT 0,1   [ RunTime:0.0003s ]
SQL: SHOW COLUMNS FROM `cq_news` [ RunTime:0.0022s ]
SQL: SELECT * FROM `cq_news` WHERE ( is_show='0' AND lan_id='3' AND is_del='0' ) ORDER BY add_time desc LIMIT 0,5   [ RunTime:0.0016s ]
SQL: SELECT * FROM `cq_news` WHERE ( is_show='0' AND lan_id='3' AND is_del='0' ) ORDER BY add_time desc LIMIT 5,4   [ RunTime:0.0015s ]
SQL: SELECT * FROM cq_news n INNER JOIN cq_lanmu l on n.lan_id=l.lan_id  WHERE ( n.is_show='0' AND n.is_del='0' AND l.pid=4 ) ORDER BY click desc LIMIT 0,3   [ RunTime:0.0014s ]
SQL: SELECT * FROM cq_news n INNER JOIN cq_lanmu l on n.lan_id=l.lan_id  WHERE ( n.is_show='0' AND n.is_del='0' AND l.pid=5 ) ORDER BY click desc LIMIT 0,3   [ RunTime:0.0016s ]
SQL: SELECT * FROM `cq_news` WHERE ( is_show='0' AND is_del='0' AND lan_id=29 OR lan_id=30 OR lan_id=32 ) ORDER BY click desc LIMIT 0,3   [ RunTime:0.0012s ]
SQL: select p1.*,b.board_id,b.board_title,b.todposts,b.posts,b.board_img,u.username from (select p.* from cq_posts as p where p.ctime = (select max(ctime) from cq_posts where board_id = p.board_id)) as p1 right join cq_boards as b on b.board_id = p1.board_id left join cq_user as u on u.user_id = p1.user_id where b.pid <> 0 order by b.sort [ RunTime:0.0038s ]
INFO: [ view_parse ] --START--
INFO: [ template_filter ] --START--
INFO: Run Behavior\ContentReplaceBehavior [ RunTime:0.000172s ]
INFO: [ template_filter ] --END-- [ RunTime:0.000243s ]
INFO: Run Behavior\ParseTemplateBehavior [ RunTime:0.031767s ]
INFO: [ view_parse ] --END-- [ RunTime:0.031855s ]
INFO: [ view_filter ] --START--
INFO: Run Behavior\WriteHtmlCacheBehavior [ RunTime:0.000352s ]
INFO: [ view_filter ] --END-- [ RunTime:0.000408s ]
INFO: [ app_end ] --START--
INFO: Run Behavior\ShowPageTraceBehavior [ RunTime:0.000584s ]
INFO: [ app_end ] --END-- [ RunTime:0.000646s ]

[ 2017-01-29T23:08:12+08:00 ] 39.71.138.200 /index.php/Mobile/News/lanhailist/pid/5.html
INFO: [ app_init ] --START--
INFO: Run Behavior\BuildLiteBehavior [ RunTime:0.000022s ]
INFO: [ app_init ] --END-- [ RunTime:0.000093s ]
NOTIC: [8] Use of undefined constant URL_COMPAT - assumed 'URL_COMPAT' E:\web\lanhai\www\ThinkPHP\Library\Think\Dispatcher.class.php 第 183 行.
NOTIC: [8] Use of undefined constant URL_REWRITE - assumed 'URL_REWRITE' E:\web\lanhai\www\ThinkPHP\Library\Think\Dispatcher.class.php 第 185 行.
INFO: [ app_begin ] --START--
INFO: Run Behavior\ReadHtmlCacheBehavior [ RunTime:0.000651s ]
INFO: [ app_begin ] --END-- [ RunTime:0.000730s ]
SQL: SHOW COLUMNS FROM `cq_lanmu` [ RunTime:0.0036s ]
SQL: SELECT * FROM `cq_lanmu` WHERE ( is_show='0' AND lan_id=1 )  [ RunTime:0.0004s ]
SQL: SELECT * FROM `cq_lanmu` WHERE ( is_show='0' AND lan_id=2 )  [ RunTime:0.0003s ]
SQL: SELECT * FROM `cq_lanmu` WHERE ( (is_show = '0') AND pid=2  ) ORDER BY sort  [ RunTime:0.0004s ]
SQL: SELECT * FROM `cq_lanmu` WHERE ( (is_show = '0') AND pid=2  ) ORDER BY sort LIMIT 0,6   [ RunTime:0.0003s ]
SQL: SELECT * FROM `cq_lanmu` WHERE ( is_show='0' AND lan_id=3 )  [ RunTime:0.0002s ]
SQL: SELECT * FROM `cq_lanmu` WHERE ( is_show='0' AND lan_id=4 )  [ RunTime:0.0002s ]
SQL: SELECT * FROM `cq_lanmu` WHERE ( (is_show = '0') AND pid=4 ) ORDER BY sort  [ RunTime:0.0004s ]
SQL: SELECT * FROM `cq_lanmu` WHERE ( (is_show = '0') AND pid=4 ) ORDER BY sort LIMIT 0,6   [ RunTime:0.0003s ]
SQL: SELECT * FROM `cq_lanmu` WHERE ( is_show='0' AND lan_id=5 )  [ RunTime:0.0002s ]
SQL: SELECT * FROM `cq_lanmu` WHERE ( (is_show = '0') AND pid=5 ) ORDER BY sort  [ RunTime:0.0003s ]
SQL: SELECT * FROM `cq_lanmu` WHERE ( is_show='0' AND lan_id=6 )  [ RunTime:0.0003s ]
SQL: SELECT * FROM `cq_lanmu` WHERE ( (is_show = '0') AND pid=6 ) ORDER BY sort  [ RunTime:0.0004s ]
SQL: SELECT * FROM `cq_lanmu` WHERE ( is_show='0' AND lan_id=7 )  [ RunTime:0.0003s ]
SQL: SELECT * FROM `cq_lanmu` WHERE ( (is_show = '0') AND pid=7 ) ORDER BY sort  [ RunTime:0.0004s ]
SQL: SELECT * FROM `cq_lanmu` WHERE ( (is_show = '0') AND pid=7 ) ORDER BY sort LIMIT 0,4   [ RunTime:0.0003s ]
SQL: SELECT * FROM `cq_lanmu` WHERE ( is_show='0' AND lan_id=8 )  [ RunTime:0.0002s ]
SQL: SELECT * FROM `cq_lanmu` WHERE ( is_show='0' AND lan_id=9 )  [ RunTime:0.0002s ]
SQL: SELECT * FROM `cq_lanmu` WHERE ( lan_id=5 ) LIMIT 1   [ RunTime:0.0002s ]
SQL: SHOW COLUMNS FROM `cq_news` [ RunTime:0.0023s ]
SQL: SELECT n.*,f.* FROM cq_news n INNER JOIN cq_lanmu as f on n.lan_id=f.lan_id  WHERE ( f.pid=5 AND n.is_show='0' AND f.is_show='0' AND is_del='0' ) ORDER BY click desc LIMIT 0,6   [ RunTime:0.0020s ]
SQL: SELECT `lan_id`,`lan_title` FROM `cq_lanmu` WHERE ( pid=5 AND is_show='0' )  [ RunTime:0.0003s ]
SQL: SELECT n.*,f.* FROM cq_news n INNER JOIN cq_lanmu as f on n.lan_id=f.lan_id  WHERE ( f.lan_id=25 AND n.is_show='0' AND f.is_show='0' AND is_del='0' ) ORDER BY add_time desc LIMIT 0,5   [ RunTime:0.0014s ]
SQL: SELECT n.*,f.* FROM cq_news n INNER JOIN cq_lanmu as f on n.lan_id=f.lan_id  WHERE ( f.lan_id=26 AND n.is_show='0' AND f.is_show='0' AND is_del='0' ) ORDER BY add_time desc LIMIT 0,5   [ RunTime:0.0011s ]
SQL: SELECT n.*,f.* FROM cq_news n INNER JOIN cq_lanmu as f on n.lan_id=f.lan_id  WHERE ( f.lan_id=27 AND n.is_show='0' AND f.is_show='0' AND is_del='0' ) ORDER BY add_time desc LIMIT 0,5   [ RunTime:0.0014s ]
SQL: SELECT n.*,f.* FROM cq_news n INNER JOIN cq_lanmu as f on n.lan_id=f.lan_id  WHERE ( f.lan_id=28 AND n.is_show='0' AND f.is_show='0' AND is_del='0' ) ORDER BY add_time desc LIMIT 0,5   [ RunTime:0.0013s ]
INFO: [ view_parse ] --START--
INFO: [ template_filter ] --START--
INFO: Run Behavior\ContentReplaceBehavior [ RunTime:0.000131s ]
INFO: [ template_filter ] --END-- [ RunTime:0.000204s ]
INFO: Run Behavior\ParseTemplateBehavior [ RunTime:0.027237s ]
INFO: [ view_parse ] --END-- [ RunTime:0.027367s ]
INFO: [ view_filter ] --START--
INFO: Run Behavior\WriteHtmlCacheBehavior [ RunTime:0.000344s ]
INFO: [ view_filter ] --END-- [ RunTime:0.000399s ]
INFO: [ app_end ] --START--
INFO: Run Behavior\ShowPageTraceBehavior [ RunTime:0.000580s ]
INFO: [ app_end ] --END-- [ RunTime:0.000646s ]

[ 2017-01-29T23:08:16+08:00 ] 39.71.138.200 /index.php/Mobile
INFO: [ app_init ] --START--
INFO: Run Behavior\BuildLiteBehavior [ RunTime:0.000021s ]
INFO: [ app_init ] --END-- [ RunTime:0.000091s ]
NOTIC: [8] Use of undefined constant URL_COMPAT - assumed 'URL_COMPAT' E:\web\lanhai\www\ThinkPHP\Library\Think\Dispatcher.class.php 第 183 行.
NOTIC: [8] Use of undefined constant URL_REWRITE - assumed 'URL_REWRITE' E:\web\lanhai\www\ThinkPHP\Library\Think\Dispatcher.class.php 第 185 行.
INFO: [ app_begin ] --START--
INFO: Run Behavior\ReadHtmlCacheBehavior [ RunTime:0.000626s ]
INFO: [ app_begin ] --END-- [ RunTime:0.000702s ]
SQL: SHOW COLUMNS FROM `cq_lanmu` [ RunTime:0.0021s ]
SQL: SELECT * FROM `cq_lanmu` WHERE ( is_show='0' AND lan_id=1 )  [ RunTime:0.0004s ]
SQL: SELECT * FROM `cq_lanmu` WHERE ( is_show='0' AND lan_id=2 )  [ RunTime:0.0003s ]
SQL: SELECT * FROM `cq_lanmu` WHERE ( (is_show = '0') AND pid=2  ) ORDER BY sort  [ RunTime:0.0004s ]
SQL: SELECT * FROM `cq_lanmu` WHERE ( (is_show = '0') AND pid=2  ) ORDER BY sort LIMIT 0,6   [ RunTime:0.0004s ]
SQL: SELECT * FROM `cq_lanmu` WHERE ( is_show='0' AND lan_id=3 )  [ RunTime:0.0003s ]
SQL: SELECT * FROM `cq_lanmu` WHERE ( is_show='0' AND lan_id=4 )  [ RunTime:0.0002s ]
SQL: SELECT * FROM `cq_lanmu` WHERE ( (is_show = '0') AND pid=4 ) ORDER BY sort  [ RunTime:0.0004s ]
SQL: SELECT * FROM `cq_lanmu` WHERE ( (is_show = '0') AND pid=4 ) ORDER BY sort LIMIT 0,6   [ RunTime:0.0003s ]
SQL: SELECT * FROM `cq_lanmu` WHERE ( is_show='0' AND lan_id=5 )  [ RunTime:0.0002s ]
SQL: SELECT * FROM `cq_lanmu` WHERE ( (is_show = '0') AND pid=5 ) ORDER BY sort  [ RunTime:0.0003s ]
SQL: SELECT * FROM `cq_lanmu` WHERE ( is_show='0' AND lan_id=6 )  [ RunTime:0.0003s ]
SQL: SELECT * FROM `cq_lanmu` WHERE ( (is_show = '0') AND pid=6 ) ORDER BY sort  [ RunTime:0.0004s ]
SQL: SELECT * FROM `cq_lanmu` WHERE ( is_show='0' AND lan_id=7 )  [ RunTime:0.0003s ]
SQL: SELECT * FROM `cq_lanmu` WHERE ( (is_show = '0') AND pid=7 ) ORDER BY sort  [ RunTime:0.0004s ]
SQL: SELECT * FROM `cq_lanmu` WHERE ( (is_show = '0') AND pid=7 ) ORDER BY sort LIMIT 0,4   [ RunTime:0.0003s ]
SQL: SELECT * FROM `cq_lanmu` WHERE ( is_show='0' AND lan_id=8 )  [ RunTime:0.0002s ]
SQL: SELECT * FROM `cq_lanmu` WHERE ( is_show='0' AND lan_id=9 )  [ RunTime:0.0002s ]
SQL: SHOW COLUMNS FROM `cq_banner` [ RunTime:0.0018s ]
SQL: SELECT * FROM `cq_banner` WHERE ( is_show='0' AND is_area='0' AND lan_id=1 AND is_del='0' ) ORDER BY add_time desc LIMIT 0,5   [ RunTime:0.0004s ]
SQL: SELECT * FROM `cq_banner` WHERE ( is_show='0' AND is_area='1' AND lan_id=1 AND is_del='0' ) ORDER BY add_time desc LIMIT 0,1   [ RunTime:0.0003s ]
SQL: SHOW COLUMNS FROM `cq_news` [ RunTime:0.0022s ]
SQL: SELECT * FROM `cq_news` WHERE ( is_show='0' AND lan_id='3' AND is_del='0' ) ORDER BY add_time desc LIMIT 0,5   [ RunTime:0.0016s ]
SQL: SELECT * FROM `cq_news` WHERE ( is_show='0' AND lan_id='3' AND is_del='0' ) ORDER BY add_time desc LIMIT 5,4   [ RunTime:0.0015s ]
SQL: SELECT * FROM cq_news n INNER JOIN cq_lanmu l on n.lan_id=l.lan_id  WHERE ( n.is_show='0' AND n.is_del='0' AND l.pid=4 ) ORDER BY click desc LIMIT 0,3   [ RunTime:0.0013s ]
SQL: SELECT * FROM cq_news n INNER JOIN cq_lanmu l on n.lan_id=l.lan_id  WHERE ( n.is_show='0' AND n.is_del='0' AND l.pid=5 ) ORDER BY click desc LIMIT 0,3   [ RunTime:0.0015s ]
SQL: SELECT * FROM `cq_news` WHERE ( is_show='0' AND is_del='0' AND lan_id=29 OR lan_id=30 OR lan_id=32 ) ORDER BY click desc LIMIT 0,3   [ RunTime:0.0016s ]
SQL: select p1.*,b.board_id,b.board_title,b.todposts,b.posts,b.board_img,u.username from (select p.* from cq_posts as p where p.ctime = (select max(ctime) from cq_posts where board_id = p.board_id)) as p1 right join cq_boards as b on b.board_id = p1.board_id left join cq_user as u on u.user_id = p1.user_id where b.pid <> 0 order by b.sort [ RunTime:0.0035s ]
INFO: [ view_parse ] --START--
INFO: [ template_filter ] --START--
INFO: Run Behavior\ContentReplaceBehavior [ RunTime:0.000173s ]
INFO: [ template_filter ] --END-- [ RunTime:0.000238s ]
INFO: Run Behavior\ParseTemplateBehavior [ RunTime:0.032214s ]
INFO: [ view_parse ] --END-- [ RunTime:0.032287s ]
INFO: [ view_filter ] --START--
INFO: Run Behavior\WriteHtmlCacheBehavior [ RunTime:0.000357s ]
INFO: [ view_filter ] --END-- [ RunTime:0.000411s ]
INFO: [ app_end ] --START--
INFO: Run Behavior\ShowPageTraceBehavior [ RunTime:0.000637s ]
INFO: [ app_end ] --END-- [ RunTime:0.000714s ]

[ 2017-01-29T23:08:17+08:00 ] 101.226.66.173 /index.php/Mobile
INFO: [ app_init ] --START--
INFO: Run Behavior\BuildLiteBehavior [ RunTime:0.000020s ]
INFO: [ app_init ] --END-- [ RunTime:0.000086s ]
NOTIC: [8] Use of undefined constant URL_COMPAT - assumed 'URL_COMPAT' E:\web\lanhai\www\ThinkPHP\Library\Think\Dispatcher.class.php 第 183 行.
NOTIC: [8] Use of undefined constant URL_REWRITE - assumed 'URL_REWRITE' E:\web\lanhai\www\ThinkPHP\Library\Think\Dispatcher.class.php 第 185 行.
INFO: [ app_begin ] --START--
INFO: Run Behavior\ReadHtmlCacheBehavior [ RunTime:0.000689s ]
INFO: [ app_begin ] --END-- [ RunTime:0.000759s ]
SQL: SHOW COLUMNS FROM `cq_lanmu` [ RunTime:0.0022s ]
SQL: SELECT * FROM `cq_lanmu` WHERE ( is_show='0' AND lan_id=1 )  [ RunTime:0.0004s ]
SQL: SELECT * FROM `cq_lanmu` WHERE ( is_show='0' AND lan_id=2 )  [ RunTime:0.0003s ]
SQL: SELECT * FROM `cq_lanmu` WHERE ( (is_show = '0') AND pid=2  ) ORDER BY sort  [ RunTime:0.0003s ]
SQL: SELECT * FROM `cq_lanmu` WHERE ( (is_show = '0') AND pid=2  ) ORDER BY sort LIMIT 0,6   [ RunTime:0.0003s ]
SQL: SELECT * FROM `cq_lanmu` WHERE ( is_show='0' AND lan_id=3 )  [ RunTime:0.0002s ]
SQL: SELECT * FROM `cq_lanmu` WHERE ( is_show='0' AND lan_id=4 )  [ RunTime:0.0003s ]
SQL: SELECT * FROM `cq_lanmu` WHERE ( (is_show = '0') AND pid=4 ) ORDER BY sort  [ RunTime:0.0003s ]
SQL: SELECT * FROM `cq_lanmu` WHERE ( (is_show = '0') AND pid=4 ) ORDER BY sort LIMIT 0,6   [ RunTime:0.0003s ]
SQL: SELECT * FROM `cq_lanmu` WHERE ( is_show='0' AND lan_id=5 )  [ RunTime:0.0003s ]
SQL: SELECT * FROM `cq_lanmu` WHERE ( (is_show = '0') AND pid=5 ) ORDER BY sort  [ RunTime:0.0003s ]
SQL: SELECT * FROM `cq_lanmu` WHERE ( is_show='0' AND lan_id=6 )  [ RunTime:0.0002s ]
SQL: SELECT * FROM `cq_lanmu` WHERE ( (is_show = '0') AND pid=6 ) ORDER BY sort  [ RunTime:0.0004s ]
SQL: SELECT * FROM `cq_lanmu` WHERE ( is_show='0' AND lan_id=7 )  [ RunTime:0.0003s ]
SQL: SELECT * FROM `cq_lanmu` WHERE ( (is_show = '0') AND pid=7 ) ORDER BY sort  [ RunTime:0.0003s ]
SQL: SELECT * FROM `cq_lanmu` WHERE ( (is_show = '0') AND pid=7 ) ORDER BY sort LIMIT 0,4   [ RunTime:0.0003s ]
SQL: SELECT * FROM `cq_lanmu` WHERE ( is_show='0' AND lan_id=8 )  [ RunTime:0.0002s ]
SQL: SELECT * FROM `cq_lanmu` WHERE ( is_show='0' AND lan_id=9 )  [ RunTime:0.0003s ]
SQL: SHOW COLUMNS FROM `cq_banner` [ RunTime:0.0026s ]
SQL: SELECT * FROM `cq_banner` WHERE ( is_show='0' AND is_area='0' AND lan_id=1 AND is_del='0' ) ORDER BY add_time desc LIMIT 0,5   [ RunTime:0.0004s ]
SQL: SELECT * FROM `cq_banner` WHERE ( is_show='0' AND is_area='1' AND lan_id=1 AND is_del='0' ) ORDER BY add_time desc LIMIT 0,1   [ RunTime:0.0003s ]
SQL: SHOW COLUMNS FROM `cq_news` [ RunTime:0.0024s ]
SQL: SELECT * FROM `cq_news` WHERE ( is_show='0' AND lan_id='3' AND is_del='0' ) ORDER BY add_time desc LIMIT 0,5   [ RunTime:0.0017s ]
SQL: SELECT * FROM `cq_news` WHERE ( is_show='0' AND lan_id='3' AND is_del='0' ) ORDER BY add_time desc LIMIT 5,4   [ RunTime:0.0015s ]
SQL: SELECT * FROM cq_news n INNER JOIN cq_lanmu l on n.lan_id=l.lan_id  WHERE ( n.is_show='0' AND n.is_del='0' AND l.pid=4 ) ORDER BY click desc LIMIT 0,3   [ RunTime:0.0014s ]
SQL: SELECT * FROM cq_news n INNER JOIN cq_lanmu l on n.lan_id=l.lan_id  WHERE ( n.is_show='0' AND n.is_del='0' AND l.pid=5 ) ORDER BY click desc LIMIT 0,3   [ RunTime:0.0015s ]
SQL: SELECT * FROM `cq_news` WHERE ( is_show='0' AND is_del='0' AND lan_id=29 OR lan_id=30 OR lan_id=32 ) ORDER BY click desc LIMIT 0,3   [ RunTime:0.0012s ]
SQL: select p1.*,b.board_id,b.board_title,b.todposts,b.posts,b.board_img,u.username from (select p.* from cq_posts as p where p.ctime = (select max(ctime) from cq_posts where board_id = p.board_id)) as p1 right join cq_boards as b on b.board_id = p1.board_id left join cq_user as u on u.user_id = p1.user_id where b.pid <> 0 order by b.sort [ RunTime:0.0040s ]
INFO: [ view_parse ] --START--
INFO: [ template_filter ] --START--
INFO: Run Behavior\ContentReplaceBehavior [ RunTime:0.000176s ]
INFO: [ template_filter ] --END-- [ RunTime:0.000259s ]
INFO: Run Behavior\ParseTemplateBehavior [ RunTime:0.032970s ]
INFO: [ view_parse ] --END-- [ RunTime:0.033045s ]
INFO: [ view_filter ] --START--
INFO: Run Behavior\WriteHtmlCacheBehavior [ RunTime:0.000352s ]
INFO: [ view_filter ] --END-- [ RunTime:0.000407s ]
INFO: [ app_end ] --START--
INFO: Run Behavior\ShowPageTraceBehavior [ RunTime:0.000600s ]
INFO: [ app_end ] --END-- [ RunTime:0.000663s ]

[ 2017-01-29T23:08:21+08:00 ] 180.153.211.190 /index.php/Mobile/News/lanhailist/pid/5.html
INFO: [ app_init ] --START--
INFO: Run Behavior\BuildLiteBehavior [ RunTime:0.000030s ]
INFO: [ app_init ] --END-- [ RunTime:0.000118s ]
NOTIC: [8] Use of undefined constant URL_COMPAT - assumed 'URL_COMPAT' E:\web\lanhai\www\ThinkPHP\Library\Think\Dispatcher.class.php 第 183 行.
NOTIC: [8] Use of undefined constant URL_REWRITE - assumed 'URL_REWRITE' E:\web\lanhai\www\ThinkPHP\Library\Think\Dispatcher.class.php 第 185 行.
INFO: [ app_begin ] --START--
INFO: Run Behavior\ReadHtmlCacheBehavior [ RunTime:0.000640s ]
INFO: [ app_begin ] --END-- [ RunTime:0.000710s ]
SQL: SHOW COLUMNS FROM `cq_lanmu` [ RunTime:0.0020s ]
SQL: SELECT * FROM `cq_lanmu` WHERE ( is_show='0' AND lan_id=1 )  [ RunTime:0.0003s ]
SQL: SELECT * FROM `cq_lanmu` WHERE ( is_show='0' AND lan_id=2 )  [ RunTime:0.0003s ]
SQL: SELECT * FROM `cq_lanmu` WHERE ( (is_show = '0') AND pid=2  ) ORDER BY sort  [ RunTime:0.0004s ]
SQL: SELECT * FROM `cq_lanmu` WHERE ( (is_show = '0') AND pid=2  ) ORDER BY sort LIMIT 0,6   [ RunTime:0.0003s ]
SQL: SELECT * FROM `cq_lanmu` WHERE ( is_show='0' AND lan_id=3 )  [ RunTime:0.0002s ]
SQL: SELECT * FROM `cq_lanmu` WHERE ( is_show='0' AND lan_id=4 )  [ RunTime:0.0002s ]
SQL: SELECT * FROM `cq_lanmu` WHERE ( (is_show = '0') AND pid=4 ) ORDER BY sort  [ RunTime:0.0003s ]
SQL: SELECT * FROM `cq_lanmu` WHERE ( (is_show = '0') AND pid=4 ) ORDER BY sort LIMIT 0,6   [ RunTime:0.0003s ]
SQL: SELECT * FROM `cq_lanmu` WHERE ( is_show='0' AND lan_id=5 )  [ RunTime:0.0002s ]
SQL: SELECT * FROM `cq_lanmu` WHERE ( (is_show = '0') AND pid=5 ) ORDER BY sort  [ RunTime:0.0003s ]
SQL: SELECT * FROM `cq_lanmu` WHERE ( is_show='0' AND lan_id=6 )  [ RunTime:0.0002s ]
SQL: SELECT * FROM `cq_lanmu` WHERE ( (is_show = '0') AND pid=6 ) ORDER BY sort  [ RunTime:0.0003s ]
SQL: SELECT * FROM `cq_lanmu` WHERE ( is_show='0' AND lan_id=7 )  [ RunTime:0.0002s ]
SQL: SELECT * FROM `cq_lanmu` WHERE ( (is_show = '0') AND pid=7 ) ORDER BY sort  [ RunTime:0.0003s ]
SQL: SELECT * FROM `cq_lanmu` WHERE ( (is_show = '0') AND pid=7 ) ORDER BY sort LIMIT 0,4   [ RunTime:0.0003s ]
SQL: SELECT * FROM `cq_lanmu` WHERE ( is_show='0' AND lan_id=8 )  [ RunTime:0.0002s ]
SQL: SELECT * FROM `cq_lanmu` WHERE ( is_show='0' AND lan_id=9 )  [ RunTime:0.0002s ]
SQL: SELECT * FROM `cq_lanmu` WHERE ( lan_id=5 ) LIMIT 1   [ RunTime:0.0002s ]
SQL: SHOW COLUMNS FROM `cq_news` [ RunTime:0.0019s ]
SQL: SELECT n.*,f.* FROM cq_news n INNER JOIN cq_lanmu as f on n.lan_id=f.lan_id  WHERE ( f.pid=5 AND n.is_show='0' AND f.is_show='0' AND is_del='0' ) ORDER BY click desc LIMIT 0,6   [ RunTime:0.0019s ]
SQL: SELECT `lan_id`,`lan_title` FROM `cq_lanmu` WHERE ( pid=5 AND is_show='0' )  [ RunTime:0.0002s ]
SQL: SELECT n.*,f.* FROM cq_news n INNER JOIN cq_lanmu as f on n.lan_id=f.lan_id  WHERE ( f.lan_id=25 AND n.is_show='0' AND f.is_show='0' AND is_del='0' ) ORDER BY add_time desc LIMIT 0,5   [ RunTime:0.0013s ]
SQL: SELECT n.*,f.* FROM cq_news n INNER JOIN cq_lanmu as f on n.lan_id=f.lan_id  WHERE ( f.lan_id=26 AND n.is_show='0' AND f.is_show='0' AND is_del='0' ) ORDER BY add_time desc LIMIT 0,5   [ RunTime:0.0011s ]
SQL: SELECT n.*,f.* FROM cq_news n INNER JOIN cq_lanmu as f on n.lan_id=f.lan_id  WHERE ( f.lan_id=27 AND n.is_show='0' AND f.is_show='0' AND is_del='0' ) ORDER BY add_time desc LIMIT 0,5   [ RunTime:0.0013s ]
SQL: SELECT n.*,f.* FROM cq_news n INNER JOIN cq_lanmu as f on n.lan_id=f.lan_id  WHERE ( f.lan_id=28 AND n.is_show='0' AND f.is_show='0' AND is_del='0' ) ORDER BY add_time desc LIMIT 0,5   [ RunTime:0.0012s ]
INFO: [ view_parse ] --START--
INFO: [ template_filter ] --START--
INFO: Run Behavior\ContentReplaceBehavior [ RunTime:0.000137s ]
INFO: [ template_filter ] --END-- [ RunTime:0.000203s ]
INFO: Run Behavior\ParseTemplateBehavior [ RunTime:0.027767s ]
INFO: [ view_parse ] --END-- [ RunTime:0.027897s ]
INFO: [ view_filter ] --START--
INFO: Run Behavior\WriteHtmlCacheBehavior [ RunTime:0.000315s ]
INFO: [ view_filter ] --END-- [ RunTime:0.000375s ]
INFO: [ app_end ] --START--
INFO: Run Behavior\ShowPageTraceBehavior [ RunTime:0.000597s ]
INFO: [ app_end ] --END-- [ RunTime:0.000661s ]

