[ 2017-07-25T14:23:17+08:00 ] 127.0.0.1 /index.php/Sadmin
INFO: [ app_init ] --START--
INFO: Run Behavior\BuildLiteBehavior [ RunTime:0.000000s ]
INFO: [ app_init ] --END-- [ RunTime:0.000000s ]
NOTIC: [8] Use of undefined constant URL_COMPAT - assumed 'URL_COMPAT' D:\WWW\zghnj.com\ThinkPHP\Library\Think\Dispatcher.class.php 第 183 行.
NOTIC: [8] Use of undefined constant URL_REWRITE - assumed 'URL_REWRITE' D:\WWW\zghnj.com\ThinkPHP\Library\Think\Dispatcher.class.php 第 185 行.
INFO: [ app_begin ] --START--
INFO: Run Behavior\ReadHtmlCacheBehavior [ RunTime:0.001000s ]
INFO: [ app_begin ] --END-- [ RunTime:0.002000s ]
NOTIC: [8] Undefined index: userInfo D:\WWW\zghnj.com\Sadmin\Controller\IndexController.class.php 第 16 行.
ERR: 1146:Table 'hnj.hnj_seller' doesn't exist
 [ SQL语句 ] : SHOW COLUMNS FROM `hnj_seller`
ERR: 1146:Table 'hnj.hnj_seller' doesn't exist
 [ SQL语句 ] : SHOW COLUMNS FROM `hnj_seller`

[ 2017-07-25T14:24:10+08:00 ] 127.0.0.1 /index.php/Sadmin
INFO: [ app_init ] --START--
INFO: Run Behavior\BuildLiteBehavior [ RunTime:0.000000s ]
INFO: [ app_init ] --END-- [ RunTime:0.000000s ]
NOTIC: [8] Use of undefined constant URL_COMPAT - assumed 'URL_COMPAT' D:\WWW\zghnj.com\ThinkPHP\Library\Think\Dispatcher.class.php 第 183 行.
NOTIC: [8] Use of undefined constant URL_REWRITE - assumed 'URL_REWRITE' D:\WWW\zghnj.com\ThinkPHP\Library\Think\Dispatcher.class.php 第 185 行.
INFO: [ app_begin ] --START--
INFO: Run Behavior\ReadHtmlCacheBehavior [ RunTime:0.004000s ]
INFO: [ app_begin ] --END-- [ RunTime:0.004000s ]
INFO: [ view_parse ] --START--
INFO: [ template_filter ] --START--
INFO: Run Behavior\ContentReplaceBehavior [ RunTime:0.001000s ]
INFO: [ template_filter ] --END-- [ RunTime:0.001000s ]
NOTIC: [8] Undefined index: userInfo D:\WWW\zghnj.com\Runtime\Cache\Sadmin\f257433373064fd6076a62d97c45dafa.php 第 29 行.
NOTIC: [8] Use of undefined constant Index - assumed 'Index' D:\WWW\zghnj.com\Runtime\Cache\Sadmin\f257433373064fd6076a62d97c45dafa.php 第 46 行.
NOTIC: [8] Use of undefined constant Seller - assumed 'Seller' D:\WWW\zghnj.com\Runtime\Cache\Sadmin\f257433373064fd6076a62d97c45dafa.php 第 52 行.
NOTIC: [8] Use of undefined constant Seller - assumed 'Seller' D:\WWW\zghnj.com\Runtime\Cache\Sadmin\f257433373064fd6076a62d97c45dafa.php 第 60 行.
NOTIC: [8] Undefined variable: sellerinfo D:\WWW\zghnj.com\Runtime\Cache\Sadmin\f257433373064fd6076a62d97c45dafa.php 第 61 行.
NOTIC: [8] Use of undefined constant User - assumed 'User' D:\WWW\zghnj.com\Runtime\Cache\Sadmin\f257433373064fd6076a62d97c45dafa.php 第 66 行.
NOTIC: [8] Use of undefined constant User - assumed 'User' D:\WWW\zghnj.com\Runtime\Cache\Sadmin\f257433373064fd6076a62d97c45dafa.php 第 74 行.
NOTIC: [8] Use of undefined constant Dispatch - assumed 'Dispatch' D:\WWW\zghnj.com\Runtime\Cache\Sadmin\f257433373064fd6076a62d97c45dafa.php 第 77 行.
NOTIC: [8] Use of undefined constant Youhui - assumed 'Youhui' D:\WWW\zghnj.com\Runtime\Cache\Sadmin\f257433373064fd6076a62d97c45dafa.php 第 83 行.
NOTIC: [8] Use of undefined constant Banner - assumed 'Banner' D:\WWW\zghnj.com\Runtime\Cache\Sadmin\f257433373064fd6076a62d97c45dafa.php 第 89 行.
NOTIC: [8] Use of undefined constant Goods - assumed 'Goods' D:\WWW\zghnj.com\Runtime\Cache\Sadmin\f257433373064fd6076a62d97c45dafa.php 第 97 行.
NOTIC: [8] Undefined variable: sellerinfo D:\WWW\zghnj.com\Runtime\Cache\Sadmin\f257433373064fd6076a62d97c45dafa.php 第 104 行.
NOTIC: [8] Use of undefined constant Goods - assumed 'Goods' D:\WWW\zghnj.com\Runtime\Cache\Sadmin\f257433373064fd6076a62d97c45dafa.php 第 106 行.
NOTIC: [8] Use of undefined constant Goods - assumed 'Goods' D:\WWW\zghnj.com\Runtime\Cache\Sadmin\f257433373064fd6076a62d97c45dafa.php 第 107 行.
NOTIC: [8] Undefined variable: seller_id D:\WWW\zghnj.com\Runtime\Cache\Sadmin\f257433373064fd6076a62d97c45dafa.php 第 107 行.
NOTIC: [8] Use of undefined constant Goods - assumed 'Goods' D:\WWW\zghnj.com\Runtime\Cache\Sadmin\f257433373064fd6076a62d97c45dafa.php 第 108 行.
NOTIC: [8] Use of undefined constant Goods - assumed 'Goods' D:\WWW\zghnj.com\Runtime\Cache\Sadmin\f257433373064fd6076a62d97c45dafa.php 第 109 行.
NOTIC: [8] Use of undefined constant User - assumed 'User' D:\WWW\zghnj.com\Runtime\Cache\Sadmin\f257433373064fd6076a62d97c45dafa.php 第 112 行.
NOTIC: [8] Use of undefined constant User - assumed 'User' D:\WWW\zghnj.com\Runtime\Cache\Sadmin\f257433373064fd6076a62d97c45dafa.php 第 120 行.
NOTIC: [8] Use of undefined constant Sorder - assumed 'Sorder' D:\WWW\zghnj.com\Runtime\Cache\Sadmin\f257433373064fd6076a62d97c45dafa.php 第 123 行.
NOTIC: [8] Use of undefined constant Order - assumed 'Order' D:\WWW\zghnj.com\Runtime\Cache\Sadmin\f257433373064fd6076a62d97c45dafa.php 第 130 行.
NOTIC: [8] Use of undefined constant Sorder - assumed 'Sorder' D:\WWW\zghnj.com\Runtime\Cache\Sadmin\f257433373064fd6076a62d97c45dafa.php 第 131 行.
NOTIC: [8] Use of undefined constant Sorder - assumed 'Sorder' D:\WWW\zghnj.com\Runtime\Cache\Sadmin\f257433373064fd6076a62d97c45dafa.php 第 132 行.
NOTIC: [8] Use of undefined constant Sorder - assumed 'Sorder' D:\WWW\zghnj.com\Runtime\Cache\Sadmin\f257433373064fd6076a62d97c45dafa.php 第 133 行.
NOTIC: [8] Use of undefined constant Tuihuo - assumed 'Tuihuo' D:\WWW\zghnj.com\Runtime\Cache\Sadmin\f257433373064fd6076a62d97c45dafa.php 第 138 行.
NOTIC: [8] Use of undefined constant Finance - assumed 'Finance' D:\WWW\zghnj.com\Runtime\Cache\Sadmin\f257433373064fd6076a62d97c45dafa.php 第 148 行.
NOTIC: [8] Undefined variable: sellerinfo D:\WWW\zghnj.com\Runtime\Cache\Sadmin\f257433373064fd6076a62d97c45dafa.php 第 177 行.
NOTIC: [8] Undefined variable: paying D:\WWW\zghnj.com\Runtime\Cache\Sadmin\f257433373064fd6076a62d97c45dafa.php 第 242 行.
NOTIC: [8] Undefined variable: paied D:\WWW\zghnj.com\Runtime\Cache\Sadmin\f257433373064fd6076a62d97c45dafa.php 第 266 行.
NOTIC: [8] Undefined variable: userList D:\WWW\zghnj.com\Runtime\Cache\Sadmin\f257433373064fd6076a62d97c45dafa.php 第 293 行.
NOTIC: [8] Undefined variable: exchange D:\WWW\zghnj.com\Runtime\Cache\Sadmin\f257433373064fd6076a62d97c45dafa.php 第 319 行.
INFO: Run Behavior\ParseTemplateBehavior [ RunTime:0.033002s ]
INFO: [ view_parse ] --END-- [ RunTime:0.033002s ]
INFO: [ view_filter ] --START--
INFO: Run Behavior\WriteHtmlCacheBehavior [ RunTime:0.000000s ]
INFO: [ view_filter ] --END-- [ RunTime:0.000000s ]
INFO: [ app_end ] --START--
INFO: Run Behavior\ShowPageTraceBehavior [ RunTime:0.002000s ]
INFO: [ app_end ] --END-- [ RunTime:0.002000s ]

[ 2017-07-25T14:24:58+08:00 ] 127.0.0.1 /index.php/Sadmin
INFO: [ app_init ] --START--
INFO: Run Behavior\BuildLiteBehavior [ RunTime:0.000000s ]
INFO: [ app_init ] --END-- [ RunTime:0.000000s ]
NOTIC: [8] Use of undefined constant URL_COMPAT - assumed 'URL_COMPAT' D:\WWW\zghnj.com\ThinkPHP\Library\Think\Dispatcher.class.php 第 183 行.
NOTIC: [8] Use of undefined constant URL_REWRITE - assumed 'URL_REWRITE' D:\WWW\zghnj.com\ThinkPHP\Library\Think\Dispatcher.class.php 第 185 行.
INFO: [ app_begin ] --START--
INFO: Run Behavior\ReadHtmlCacheBehavior [ RunTime:0.001000s ]
INFO: [ app_begin ] --END-- [ RunTime:0.001000s ]
INFO: [ view_parse ] --START--
INFO: [ template_filter ] --START--
INFO: Run Behavior\ContentReplaceBehavior [ RunTime:0.000000s ]
INFO: [ template_filter ] --END-- [ RunTime:0.000000s ]
NOTIC: [8] Undefined index: userInfo D:\WWW\zghnj.com\Runtime\Cache\Sadmin\f257433373064fd6076a62d97c45dafa.php 第 29 行.
NOTIC: [8] Use of undefined constant Index - assumed 'Index' D:\WWW\zghnj.com\Runtime\Cache\Sadmin\f257433373064fd6076a62d97c45dafa.php 第 46 行.
NOTIC: [8] Use of undefined constant Seller - assumed 'Seller' D:\WWW\zghnj.com\Runtime\Cache\Sadmin\f257433373064fd6076a62d97c45dafa.php 第 52 行.
NOTIC: [8] Use of undefined constant Seller - assumed 'Seller' D:\WWW\zghnj.com\Runtime\Cache\Sadmin\f257433373064fd6076a62d97c45dafa.php 第 60 行.
NOTIC: [8] Undefined variable: sellerinfo D:\WWW\zghnj.com\Runtime\Cache\Sadmin\f257433373064fd6076a62d97c45dafa.php 第 61 行.
NOTIC: [8] Use of undefined constant User - assumed 'User' D:\WWW\zghnj.com\Runtime\Cache\Sadmin\f257433373064fd6076a62d97c45dafa.php 第 66 行.
NOTIC: [8] Use of undefined constant User - assumed 'User' D:\WWW\zghnj.com\Runtime\Cache\Sadmin\f257433373064fd6076a62d97c45dafa.php 第 74 行.
NOTIC: [8] Use of undefined constant Dispatch - assumed 'Dispatch' D:\WWW\zghnj.com\Runtime\Cache\Sadmin\f257433373064fd6076a62d97c45dafa.php 第 77 行.
NOTIC: [8] Use of undefined constant Youhui - assumed 'Youhui' D:\WWW\zghnj.com\Runtime\Cache\Sadmin\f257433373064fd6076a62d97c45dafa.php 第 83 行.
NOTIC: [8] Use of undefined constant Banner - assumed 'Banner' D:\WWW\zghnj.com\Runtime\Cache\Sadmin\f257433373064fd6076a62d97c45dafa.php 第 89 行.
NOTIC: [8] Use of undefined constant Goods - assumed 'Goods' D:\WWW\zghnj.com\Runtime\Cache\Sadmin\f257433373064fd6076a62d97c45dafa.php 第 97 行.
NOTIC: [8] Undefined variable: sellerinfo D:\WWW\zghnj.com\Runtime\Cache\Sadmin\f257433373064fd6076a62d97c45dafa.php 第 104 行.
NOTIC: [8] Use of undefined constant Goods - assumed 'Goods' D:\WWW\zghnj.com\Runtime\Cache\Sadmin\f257433373064fd6076a62d97c45dafa.php 第 106 行.
NOTIC: [8] Use of undefined constant Goods - assumed 'Goods' D:\WWW\zghnj.com\Runtime\Cache\Sadmin\f257433373064fd6076a62d97c45dafa.php 第 107 行.
NOTIC: [8] Undefined variable: seller_id D:\WWW\zghnj.com\Runtime\Cache\Sadmin\f257433373064fd6076a62d97c45dafa.php 第 107 行.
NOTIC: [8] Use of undefined constant Goods - assumed 'Goods' D:\WWW\zghnj.com\Runtime\Cache\Sadmin\f257433373064fd6076a62d97c45dafa.php 第 108 行.
NOTIC: [8] Use of undefined constant Goods - assumed 'Goods' D:\WWW\zghnj.com\Runtime\Cache\Sadmin\f257433373064fd6076a62d97c45dafa.php 第 109 行.
NOTIC: [8] Use of undefined constant User - assumed 'User' D:\WWW\zghnj.com\Runtime\Cache\Sadmin\f257433373064fd6076a62d97c45dafa.php 第 112 行.
NOTIC: [8] Use of undefined constant User - assumed 'User' D:\WWW\zghnj.com\Runtime\Cache\Sadmin\f257433373064fd6076a62d97c45dafa.php 第 120 行.
NOTIC: [8] Use of undefined constant Sorder - assumed 'Sorder' D:\WWW\zghnj.com\Runtime\Cache\Sadmin\f257433373064fd6076a62d97c45dafa.php 第 123 行.
NOTIC: [8] Use of undefined constant Order - assumed 'Order' D:\WWW\zghnj.com\Runtime\Cache\Sadmin\f257433373064fd6076a62d97c45dafa.php 第 130 行.
NOTIC: [8] Use of undefined constant Sorder - assumed 'Sorder' D:\WWW\zghnj.com\Runtime\Cache\Sadmin\f257433373064fd6076a62d97c45dafa.php 第 131 行.
NOTIC: [8] Use of undefined constant Sorder - assumed 'Sorder' D:\WWW\zghnj.com\Runtime\Cache\Sadmin\f257433373064fd6076a62d97c45dafa.php 第 132 行.
NOTIC: [8] Use of undefined constant Sorder - assumed 'Sorder' D:\WWW\zghnj.com\Runtime\Cache\Sadmin\f257433373064fd6076a62d97c45dafa.php 第 133 行.
NOTIC: [8] Use of undefined constant Tuihuo - assumed 'Tuihuo' D:\WWW\zghnj.com\Runtime\Cache\Sadmin\f257433373064fd6076a62d97c45dafa.php 第 138 行.
NOTIC: [8] Use of undefined constant Finance - assumed 'Finance' D:\WWW\zghnj.com\Runtime\Cache\Sadmin\f257433373064fd6076a62d97c45dafa.php 第 148 行.
NOTIC: [8] Undefined variable: sellerinfo D:\WWW\zghnj.com\Runtime\Cache\Sadmin\f257433373064fd6076a62d97c45dafa.php 第 177 行.
NOTIC: [8] Undefined variable: paying D:\WWW\zghnj.com\Runtime\Cache\Sadmin\f257433373064fd6076a62d97c45dafa.php 第 242 行.
NOTIC: [8] Undefined variable: paied D:\WWW\zghnj.com\Runtime\Cache\Sadmin\f257433373064fd6076a62d97c45dafa.php 第 266 行.
NOTIC: [8] Undefined variable: userList D:\WWW\zghnj.com\Runtime\Cache\Sadmin\f257433373064fd6076a62d97c45dafa.php 第 293 行.
NOTIC: [8] Undefined variable: exchange D:\WWW\zghnj.com\Runtime\Cache\Sadmin\f257433373064fd6076a62d97c45dafa.php 第 319 行.
INFO: Run Behavior\ParseTemplateBehavior [ RunTime:0.029002s ]
INFO: [ view_parse ] --END-- [ RunTime:0.029002s ]
INFO: [ view_filter ] --START--
INFO: Run Behavior\WriteHtmlCacheBehavior [ RunTime:0.001000s ]
INFO: [ view_filter ] --END-- [ RunTime:0.001000s ]
INFO: [ app_end ] --START--
INFO: Run Behavior\ShowPageTraceBehavior [ RunTime:0.002000s ]
INFO: [ app_end ] --END-- [ RunTime:0.002000s ]

[ 2017-07-25T14:25:32+08:00 ] 127.0.0.1 /index.php/Sadmin
INFO: [ app_init ] --START--
INFO: Run Behavior\BuildLiteBehavior [ RunTime:0.000000s ]
INFO: [ app_init ] --END-- [ RunTime:0.000000s ]
NOTIC: [8] Use of undefined constant URL_COMPAT - assumed 'URL_COMPAT' D:\WWW\zghnj.com\ThinkPHP\Library\Think\Dispatcher.class.php 第 183 行.
NOTIC: [8] Use of undefined constant URL_REWRITE - assumed 'URL_REWRITE' D:\WWW\zghnj.com\ThinkPHP\Library\Think\Dispatcher.class.php 第 185 行.
INFO: [ app_begin ] --START--
INFO: Run Behavior\ReadHtmlCacheBehavior [ RunTime:0.001000s ]
INFO: [ app_begin ] --END-- [ RunTime:0.002000s ]
INFO: [ view_parse ] --START--
INFO: [ template_filter ] --START--
INFO: Run Behavior\ContentReplaceBehavior [ RunTime:0.000000s ]
INFO: [ template_filter ] --END-- [ RunTime:0.000000s ]
NOTIC: [8] Undefined index: userInfo D:\WWW\zghnj.com\Runtime\Cache\Sadmin\f257433373064fd6076a62d97c45dafa.php 第 29 行.
NOTIC: [8] Use of undefined constant Index - assumed 'Index' D:\WWW\zghnj.com\Runtime\Cache\Sadmin\f257433373064fd6076a62d97c45dafa.php 第 46 行.
NOTIC: [8] Use of undefined constant Seller - assumed 'Seller' D:\WWW\zghnj.com\Runtime\Cache\Sadmin\f257433373064fd6076a62d97c45dafa.php 第 52 行.
NOTIC: [8] Use of undefined constant Seller - assumed 'Seller' D:\WWW\zghnj.com\Runtime\Cache\Sadmin\f257433373064fd6076a62d97c45dafa.php 第 60 行.
NOTIC: [8] Undefined variable: sellerinfo D:\WWW\zghnj.com\Runtime\Cache\Sadmin\f257433373064fd6076a62d97c45dafa.php 第 61 行.
NOTIC: [8] Use of undefined constant User - assumed 'User' D:\WWW\zghnj.com\Runtime\Cache\Sadmin\f257433373064fd6076a62d97c45dafa.php 第 66 行.
NOTIC: [8] Use of undefined constant User - assumed 'User' D:\WWW\zghnj.com\Runtime\Cache\Sadmin\f257433373064fd6076a62d97c45dafa.php 第 74 行.
NOTIC: [8] Use of undefined constant Dispatch - assumed 'Dispatch' D:\WWW\zghnj.com\Runtime\Cache\Sadmin\f257433373064fd6076a62d97c45dafa.php 第 77 行.
NOTIC: [8] Use of undefined constant Youhui - assumed 'Youhui' D:\WWW\zghnj.com\Runtime\Cache\Sadmin\f257433373064fd6076a62d97c45dafa.php 第 83 行.
NOTIC: [8] Use of undefined constant Banner - assumed 'Banner' D:\WWW\zghnj.com\Runtime\Cache\Sadmin\f257433373064fd6076a62d97c45dafa.php 第 89 行.
NOTIC: [8] Use of undefined constant Goods - assumed 'Goods' D:\WWW\zghnj.com\Runtime\Cache\Sadmin\f257433373064fd6076a62d97c45dafa.php 第 97 行.
NOTIC: [8] Undefined variable: sellerinfo D:\WWW\zghnj.com\Runtime\Cache\Sadmin\f257433373064fd6076a62d97c45dafa.php 第 104 行.
NOTIC: [8] Use of undefined constant Goods - assumed 'Goods' D:\WWW\zghnj.com\Runtime\Cache\Sadmin\f257433373064fd6076a62d97c45dafa.php 第 106 行.
NOTIC: [8] Use of undefined constant Goods - assumed 'Goods' D:\WWW\zghnj.com\Runtime\Cache\Sadmin\f257433373064fd6076a62d97c45dafa.php 第 107 行.
NOTIC: [8] Undefined variable: seller_id D:\WWW\zghnj.com\Runtime\Cache\Sadmin\f257433373064fd6076a62d97c45dafa.php 第 107 行.
NOTIC: [8] Use of undefined constant Goods - assumed 'Goods' D:\WWW\zghnj.com\Runtime\Cache\Sadmin\f257433373064fd6076a62d97c45dafa.php 第 108 行.
NOTIC: [8] Use of undefined constant Goods - assumed 'Goods' D:\WWW\zghnj.com\Runtime\Cache\Sadmin\f257433373064fd6076a62d97c45dafa.php 第 109 行.
NOTIC: [8] Use of undefined constant User - assumed 'User' D:\WWW\zghnj.com\Runtime\Cache\Sadmin\f257433373064fd6076a62d97c45dafa.php 第 112 行.
NOTIC: [8] Use of undefined constant User - assumed 'User' D:\WWW\zghnj.com\Runtime\Cache\Sadmin\f257433373064fd6076a62d97c45dafa.php 第 120 行.
NOTIC: [8] Use of undefined constant Sorder - assumed 'Sorder' D:\WWW\zghnj.com\Runtime\Cache\Sadmin\f257433373064fd6076a62d97c45dafa.php 第 123 行.
NOTIC: [8] Use of undefined constant Order - assumed 'Order' D:\WWW\zghnj.com\Runtime\Cache\Sadmin\f257433373064fd6076a62d97c45dafa.php 第 130 行.
NOTIC: [8] Use of undefined constant Sorder - assumed 'Sorder' D:\WWW\zghnj.com\Runtime\Cache\Sadmin\f257433373064fd6076a62d97c45dafa.php 第 131 行.
NOTIC: [8] Use of undefined constant Sorder - assumed 'Sorder' D:\WWW\zghnj.com\Runtime\Cache\Sadmin\f257433373064fd6076a62d97c45dafa.php 第 132 行.
NOTIC: [8] Use of undefined constant Sorder - assumed 'Sorder' D:\WWW\zghnj.com\Runtime\Cache\Sadmin\f257433373064fd6076a62d97c45dafa.php 第 133 行.
NOTIC: [8] Use of undefined constant Tuihuo - assumed 'Tuihuo' D:\WWW\zghnj.com\Runtime\Cache\Sadmin\f257433373064fd6076a62d97c45dafa.php 第 138 行.
NOTIC: [8] Use of undefined constant Finance - assumed 'Finance' D:\WWW\zghnj.com\Runtime\Cache\Sadmin\f257433373064fd6076a62d97c45dafa.php 第 148 行.
NOTIC: [8] Undefined variable: sellerinfo D:\WWW\zghnj.com\Runtime\Cache\Sadmin\f257433373064fd6076a62d97c45dafa.php 第 177 行.
NOTIC: [8] Undefined variable: paying D:\WWW\zghnj.com\Runtime\Cache\Sadmin\f257433373064fd6076a62d97c45dafa.php 第 242 行.
NOTIC: [8] Undefined variable: paied D:\WWW\zghnj.com\Runtime\Cache\Sadmin\f257433373064fd6076a62d97c45dafa.php 第 266 行.
NOTIC: [8] Undefined variable: userList D:\WWW\zghnj.com\Runtime\Cache\Sadmin\f257433373064fd6076a62d97c45dafa.php 第 293 行.
NOTIC: [8] Undefined variable: exchange D:\WWW\zghnj.com\Runtime\Cache\Sadmin\f257433373064fd6076a62d97c45dafa.php 第 319 行.
INFO: Run Behavior\ParseTemplateBehavior [ RunTime:0.035002s ]
INFO: [ view_parse ] --END-- [ RunTime:0.035002s ]
INFO: [ view_filter ] --START--
INFO: Run Behavior\WriteHtmlCacheBehavior [ RunTime:0.001000s ]
INFO: [ view_filter ] --END-- [ RunTime:0.001000s ]
INFO: [ app_end ] --START--
INFO: Run Behavior\ShowPageTraceBehavior [ RunTime:0.002001s ]
INFO: [ app_end ] --END-- [ RunTime:0.002001s ]

[ 2017-07-25T14:28:41+08:00 ] 127.0.0.1 /index.php/Sadmin
INFO: [ app_init ] --START--
INFO: Run Behavior\BuildLiteBehavior [ RunTime:0.000000s ]
INFO: [ app_init ] --END-- [ RunTime:0.000000s ]
NOTIC: [8] Use of undefined constant URL_COMPAT - assumed 'URL_COMPAT' D:\WWW\zghnj.com\ThinkPHP\Library\Think\Dispatcher.class.php 第 183 行.
NOTIC: [8] Use of undefined constant URL_REWRITE - assumed 'URL_REWRITE' D:\WWW\zghnj.com\ThinkPHP\Library\Think\Dispatcher.class.php 第 185 行.
INFO: [ app_begin ] --START--
INFO: Run Behavior\ReadHtmlCacheBehavior [ RunTime:0.001000s ]
INFO: [ app_begin ] --END-- [ RunTime:0.001000s ]
INFO: [ view_parse ] --START--
INFO: [ template_filter ] --START--
INFO: Run Behavior\ContentReplaceBehavior [ RunTime:0.000000s ]
INFO: [ template_filter ] --END-- [ RunTime:0.000000s ]
NOTIC: [8] Undefined index: userInfo D:\WWW\zghnj.com\Runtime\Cache\Sadmin\f257433373064fd6076a62d97c45dafa.php 第 29 行.
NOTIC: [8] Use of undefined constant Index - assumed 'Index' D:\WWW\zghnj.com\Runtime\Cache\Sadmin\f257433373064fd6076a62d97c45dafa.php 第 46 行.
NOTIC: [8] Use of undefined constant Seller - assumed 'Seller' D:\WWW\zghnj.com\Runtime\Cache\Sadmin\f257433373064fd6076a62d97c45dafa.php 第 52 行.
NOTIC: [8] Use of undefined constant Seller - assumed 'Seller' D:\WWW\zghnj.com\Runtime\Cache\Sadmin\f257433373064fd6076a62d97c45dafa.php 第 60 行.
NOTIC: [8] Undefined variable: sellerinfo D:\WWW\zghnj.com\Runtime\Cache\Sadmin\f257433373064fd6076a62d97c45dafa.php 第 61 行.
NOTIC: [8] Use of undefined constant User - assumed 'User' D:\WWW\zghnj.com\Runtime\Cache\Sadmin\f257433373064fd6076a62d97c45dafa.php 第 66 行.
NOTIC: [8] Use of undefined constant User - assumed 'User' D:\WWW\zghnj.com\Runtime\Cache\Sadmin\f257433373064fd6076a62d97c45dafa.php 第 74 行.
NOTIC: [8] Use of undefined constant Dispatch - assumed 'Dispatch' D:\WWW\zghnj.com\Runtime\Cache\Sadmin\f257433373064fd6076a62d97c45dafa.php 第 77 行.
NOTIC: [8] Use of undefined constant Youhui - assumed 'Youhui' D:\WWW\zghnj.com\Runtime\Cache\Sadmin\f257433373064fd6076a62d97c45dafa.php 第 83 行.
NOTIC: [8] Use of undefined constant Banner - assumed 'Banner' D:\WWW\zghnj.com\Runtime\Cache\Sadmin\f257433373064fd6076a62d97c45dafa.php 第 89 行.
NOTIC: [8] Use of undefined constant Goods - assumed 'Goods' D:\WWW\zghnj.com\Runtime\Cache\Sadmin\f257433373064fd6076a62d97c45dafa.php 第 97 行.
NOTIC: [8] Undefined variable: sellerinfo D:\WWW\zghnj.com\Runtime\Cache\Sadmin\f257433373064fd6076a62d97c45dafa.php 第 104 行.
NOTIC: [8] Use of undefined constant Goods - assumed 'Goods' D:\WWW\zghnj.com\Runtime\Cache\Sadmin\f257433373064fd6076a62d97c45dafa.php 第 106 行.
NOTIC: [8] Use of undefined constant Goods - assumed 'Goods' D:\WWW\zghnj.com\Runtime\Cache\Sadmin\f257433373064fd6076a62d97c45dafa.php 第 107 行.
NOTIC: [8] Undefined variable: seller_id D:\WWW\zghnj.com\Runtime\Cache\Sadmin\f257433373064fd6076a62d97c45dafa.php 第 107 行.
NOTIC: [8] Use of undefined constant Goods - assumed 'Goods' D:\WWW\zghnj.com\Runtime\Cache\Sadmin\f257433373064fd6076a62d97c45dafa.php 第 108 行.
NOTIC: [8] Use of undefined constant Goods - assumed 'Goods' D:\WWW\zghnj.com\Runtime\Cache\Sadmin\f257433373064fd6076a62d97c45dafa.php 第 109 行.
NOTIC: [8] Use of undefined constant User - assumed 'User' D:\WWW\zghnj.com\Runtime\Cache\Sadmin\f257433373064fd6076a62d97c45dafa.php 第 112 行.
NOTIC: [8] Use of undefined constant User - assumed 'User' D:\WWW\zghnj.com\Runtime\Cache\Sadmin\f257433373064fd6076a62d97c45dafa.php 第 120 行.
NOTIC: [8] Use of undefined constant Sorder - assumed 'Sorder' D:\WWW\zghnj.com\Runtime\Cache\Sadmin\f257433373064fd6076a62d97c45dafa.php 第 123 行.
NOTIC: [8] Use of undefined constant Order - assumed 'Order' D:\WWW\zghnj.com\Runtime\Cache\Sadmin\f257433373064fd6076a62d97c45dafa.php 第 130 行.
NOTIC: [8] Use of undefined constant Sorder - assumed 'Sorder' D:\WWW\zghnj.com\Runtime\Cache\Sadmin\f257433373064fd6076a62d97c45dafa.php 第 131 行.
NOTIC: [8] Use of undefined constant Sorder - assumed 'Sorder' D:\WWW\zghnj.com\Runtime\Cache\Sadmin\f257433373064fd6076a62d97c45dafa.php 第 132 行.
NOTIC: [8] Use of undefined constant Sorder - assumed 'Sorder' D:\WWW\zghnj.com\Runtime\Cache\Sadmin\f257433373064fd6076a62d97c45dafa.php 第 133 行.
NOTIC: [8] Use of undefined constant Tuihuo - assumed 'Tuihuo' D:\WWW\zghnj.com\Runtime\Cache\Sadmin\f257433373064fd6076a62d97c45dafa.php 第 138 行.
NOTIC: [8] Use of undefined constant Finance - assumed 'Finance' D:\WWW\zghnj.com\Runtime\Cache\Sadmin\f257433373064fd6076a62d97c45dafa.php 第 148 行.
NOTIC: [8] Undefined variable: sellerinfo D:\WWW\zghnj.com\Runtime\Cache\Sadmin\f257433373064fd6076a62d97c45dafa.php 第 177 行.
NOTIC: [8] Undefined variable: paying D:\WWW\zghnj.com\Runtime\Cache\Sadmin\f257433373064fd6076a62d97c45dafa.php 第 242 行.
NOTIC: [8] Undefined variable: paied D:\WWW\zghnj.com\Runtime\Cache\Sadmin\f257433373064fd6076a62d97c45dafa.php 第 266 行.
NOTIC: [8] Undefined variable: userList D:\WWW\zghnj.com\Runtime\Cache\Sadmin\f257433373064fd6076a62d97c45dafa.php 第 293 行.
NOTIC: [8] Undefined variable: exchange D:\WWW\zghnj.com\Runtime\Cache\Sadmin\f257433373064fd6076a62d97c45dafa.php 第 319 行.
INFO: Run Behavior\ParseTemplateBehavior [ RunTime:0.035002s ]
INFO: [ view_parse ] --END-- [ RunTime:0.035002s ]
INFO: [ view_filter ] --START--
INFO: Run Behavior\WriteHtmlCacheBehavior [ RunTime:0.003000s ]
INFO: [ view_filter ] --END-- [ RunTime:0.003000s ]
INFO: [ app_end ] --START--
INFO: Run Behavior\ShowPageTraceBehavior [ RunTime:0.004000s ]
INFO: [ app_end ] --END-- [ RunTime:0.004000s ]

[ 2017-07-25T14:45:22+08:00 ] 127.0.0.1 /index.php/Sadmin/Order/index
INFO: [ app_init ] --START--
INFO: Run Behavior\BuildLiteBehavior [ RunTime:0.000000s ]
INFO: [ app_init ] --END-- [ RunTime:0.001000s ]
NOTIC: [8] Use of undefined constant URL_COMPAT - assumed 'URL_COMPAT' D:\WWW\zghnj.com\ThinkPHP\Library\Think\Dispatcher.class.php 第 183 行.
NOTIC: [8] Use of undefined constant URL_REWRITE - assumed 'URL_REWRITE' D:\WWW\zghnj.com\ThinkPHP\Library\Think\Dispatcher.class.php 第 185 行.
INFO: [ app_begin ] --START--
INFO: Run Behavior\ReadHtmlCacheBehavior [ RunTime:0.001000s ]
INFO: [ app_begin ] --END-- [ RunTime:0.002000s ]
NOTIC: [8] Undefined index: userid D:\WWW\zghnj.com\Sadmin\Controller\OrderController.class.php 第 14 行.
ERR: 1146:Table 'hnj.hnj_order' doesn't exist
 [ SQL语句 ] : SHOW COLUMNS FROM `hnj_order`
ERR: 1146:Table 'hnj.hnj_order' doesn't exist
 [ SQL语句 ] : SHOW COLUMNS FROM `hnj_order`

[ 2017-07-25T15:06:44+08:00 ] 127.0.0.1 /index.php/Sadmin
INFO: [ app_init ] --START--
INFO: Run Behavior\BuildLiteBehavior [ RunTime:0.000000s ]
INFO: [ app_init ] --END-- [ RunTime:0.000000s ]
NOTIC: [8] Use of undefined constant URL_COMPAT - assumed 'URL_COMPAT' D:\WWW\zghnj.com\ThinkPHP\Library\Think\Dispatcher.class.php 第 183 行.
NOTIC: [8] Use of undefined constant URL_REWRITE - assumed 'URL_REWRITE' D:\WWW\zghnj.com\ThinkPHP\Library\Think\Dispatcher.class.php 第 185 行.
INFO: [ app_begin ] --START--
INFO: Run Behavior\ReadHtmlCacheBehavior [ RunTime:0.001000s ]
INFO: [ app_begin ] --END-- [ RunTime:0.001000s ]
INFO: [ view_parse ] --START--
INFO: [ template_filter ] --START--
INFO: Run Behavior\ContentReplaceBehavior [ RunTime:0.003000s ]
INFO: [ template_filter ] --END-- [ RunTime:0.003000s ]
NOTIC: [8] Undefined index: userInfo D:\WWW\zghnj.com\Runtime\Cache\Sadmin\f257433373064fd6076a62d97c45dafa.php 第 29 行.
NOTIC: [8] Use of undefined constant Index - assumed 'Index' D:\WWW\zghnj.com\Runtime\Cache\Sadmin\f257433373064fd6076a62d97c45dafa.php 第 46 行.
NOTIC: [8] Use of undefined constant Seller - assumed 'Seller' D:\WWW\zghnj.com\Runtime\Cache\Sadmin\f257433373064fd6076a62d97c45dafa.php 第 52 行.
NOTIC: [8] Use of undefined constant Seller - assumed 'Seller' D:\WWW\zghnj.com\Runtime\Cache\Sadmin\f257433373064fd6076a62d97c45dafa.php 第 60 行.
NOTIC: [8] Undefined variable: sellerinfo D:\WWW\zghnj.com\Runtime\Cache\Sadmin\f257433373064fd6076a62d97c45dafa.php 第 61 行.
NOTIC: [8] Use of undefined constant User - assumed 'User' D:\WWW\zghnj.com\Runtime\Cache\Sadmin\f257433373064fd6076a62d97c45dafa.php 第 66 行.
NOTIC: [8] Use of undefined constant User - assumed 'User' D:\WWW\zghnj.com\Runtime\Cache\Sadmin\f257433373064fd6076a62d97c45dafa.php 第 74 行.
NOTIC: [8] Use of undefined constant Dispatch - assumed 'Dispatch' D:\WWW\zghnj.com\Runtime\Cache\Sadmin\f257433373064fd6076a62d97c45dafa.php 第 77 行.
NOTIC: [8] Use of undefined constant Youhui - assumed 'Youhui' D:\WWW\zghnj.com\Runtime\Cache\Sadmin\f257433373064fd6076a62d97c45dafa.php 第 83 行.
NOTIC: [8] Use of undefined constant Banner - assumed 'Banner' D:\WWW\zghnj.com\Runtime\Cache\Sadmin\f257433373064fd6076a62d97c45dafa.php 第 89 行.
NOTIC: [8] Use of undefined constant Goods - assumed 'Goods' D:\WWW\zghnj.com\Runtime\Cache\Sadmin\f257433373064fd6076a62d97c45dafa.php 第 97 行.
NOTIC: [8] Use of undefined constant Goods - assumed 'Goods' D:\WWW\zghnj.com\Runtime\Cache\Sadmin\f257433373064fd6076a62d97c45dafa.php 第 104 行.
NOTIC: [8] Use of undefined constant User - assumed 'User' D:\WWW\zghnj.com\Runtime\Cache\Sadmin\f257433373064fd6076a62d97c45dafa.php 第 107 行.
NOTIC: [8] Use of undefined constant User - assumed 'User' D:\WWW\zghnj.com\Runtime\Cache\Sadmin\f257433373064fd6076a62d97c45dafa.php 第 115 行.
NOTIC: [8] Use of undefined constant Sorder - assumed 'Sorder' D:\WWW\zghnj.com\Runtime\Cache\Sadmin\f257433373064fd6076a62d97c45dafa.php 第 118 行.
NOTIC: [8] Use of undefined constant Order - assumed 'Order' D:\WWW\zghnj.com\Runtime\Cache\Sadmin\f257433373064fd6076a62d97c45dafa.php 第 125 行.
NOTIC: [8] Use of undefined constant Sorder - assumed 'Sorder' D:\WWW\zghnj.com\Runtime\Cache\Sadmin\f257433373064fd6076a62d97c45dafa.php 第 126 行.
NOTIC: [8] Use of undefined constant Sorder - assumed 'Sorder' D:\WWW\zghnj.com\Runtime\Cache\Sadmin\f257433373064fd6076a62d97c45dafa.php 第 127 行.
NOTIC: [8] Use of undefined constant Sorder - assumed 'Sorder' D:\WWW\zghnj.com\Runtime\Cache\Sadmin\f257433373064fd6076a62d97c45dafa.php 第 128 行.
NOTIC: [8] Use of undefined constant Tuihuo - assumed 'Tuihuo' D:\WWW\zghnj.com\Runtime\Cache\Sadmin\f257433373064fd6076a62d97c45dafa.php 第 133 行.
NOTIC: [8] Use of undefined constant Finance - assumed 'Finance' D:\WWW\zghnj.com\Runtime\Cache\Sadmin\f257433373064fd6076a62d97c45dafa.php 第 143 行.
NOTIC: [8] Undefined variable: sellerinfo D:\WWW\zghnj.com\Runtime\Cache\Sadmin\f257433373064fd6076a62d97c45dafa.php 第 172 行.
NOTIC: [8] Undefined variable: paying D:\WWW\zghnj.com\Runtime\Cache\Sadmin\f257433373064fd6076a62d97c45dafa.php 第 237 行.
NOTIC: [8] Undefined variable: paied D:\WWW\zghnj.com\Runtime\Cache\Sadmin\f257433373064fd6076a62d97c45dafa.php 第 261 行.
NOTIC: [8] Undefined variable: userList D:\WWW\zghnj.com\Runtime\Cache\Sadmin\f257433373064fd6076a62d97c45dafa.php 第 288 行.
NOTIC: [8] Undefined variable: exchange D:\WWW\zghnj.com\Runtime\Cache\Sadmin\f257433373064fd6076a62d97c45dafa.php 第 314 行.
INFO: Run Behavior\ParseTemplateBehavior [ RunTime:0.036002s ]
INFO: [ view_parse ] --END-- [ RunTime:0.036002s ]
INFO: [ view_filter ] --START--
INFO: Run Behavior\WriteHtmlCacheBehavior [ RunTime:0.001000s ]
INFO: [ view_filter ] --END-- [ RunTime:0.001000s ]
INFO: [ app_end ] --START--
INFO: Run Behavior\ShowPageTraceBehavior [ RunTime:0.001000s ]
INFO: [ app_end ] --END-- [ RunTime:0.001000s ]

[ 2017-07-25T15:31:41+08:00 ] 127.0.0.1 /index.php/Sadmin
INFO: [ app_init ] --START--
INFO: Run Behavior\BuildLiteBehavior [ RunTime:0.000000s ]
INFO: [ app_init ] --END-- [ RunTime:0.000000s ]
NOTIC: [8] Use of undefined constant URL_COMPAT - assumed 'URL_COMPAT' D:\WWW\zghnj.com\ThinkPHP\Library\Think\Dispatcher.class.php 第 183 行.
NOTIC: [8] Use of undefined constant URL_REWRITE - assumed 'URL_REWRITE' D:\WWW\zghnj.com\ThinkPHP\Library\Think\Dispatcher.class.php 第 185 行.
INFO: [ app_begin ] --START--
INFO: Run Behavior\ReadHtmlCacheBehavior [ RunTime:0.001000s ]
INFO: [ app_begin ] --END-- [ RunTime:0.001000s ]
INFO: [ view_parse ] --START--
INFO: [ template_filter ] --START--
INFO: Run Behavior\ContentReplaceBehavior [ RunTime:0.000000s ]
INFO: [ template_filter ] --END-- [ RunTime:0.000000s ]
NOTIC: [8] Undefined index: userInfo D:\WWW\zghnj.com\Runtime\Cache\Sadmin\f257433373064fd6076a62d97c45dafa.php 第 29 行.
NOTIC: [8] Use of undefined constant Index - assumed 'Index' D:\WWW\zghnj.com\Runtime\Cache\Sadmin\f257433373064fd6076a62d97c45dafa.php 第 46 行.
NOTIC: [8] Use of undefined constant Seller - assumed 'Seller' D:\WWW\zghnj.com\Runtime\Cache\Sadmin\f257433373064fd6076a62d97c45dafa.php 第 52 行.
NOTIC: [8] Use of undefined constant Seller - assumed 'Seller' D:\WWW\zghnj.com\Runtime\Cache\Sadmin\f257433373064fd6076a62d97c45dafa.php 第 60 行.
NOTIC: [8] Undefined variable: sellerinfo D:\WWW\zghnj.com\Runtime\Cache\Sadmin\f257433373064fd6076a62d97c45dafa.php 第 61 行.
NOTIC: [8] Use of undefined constant User - assumed 'User' D:\WWW\zghnj.com\Runtime\Cache\Sadmin\f257433373064fd6076a62d97c45dafa.php 第 66 行.
NOTIC: [8] Use of undefined constant User - assumed 'User' D:\WWW\zghnj.com\Runtime\Cache\Sadmin\f257433373064fd6076a62d97c45dafa.php 第 74 行.
NOTIC: [8] Use of undefined constant Dispatch - assumed 'Dispatch' D:\WWW\zghnj.com\Runtime\Cache\Sadmin\f257433373064fd6076a62d97c45dafa.php 第 77 行.
NOTIC: [8] Use of undefined constant Youhui - assumed 'Youhui' D:\WWW\zghnj.com\Runtime\Cache\Sadmin\f257433373064fd6076a62d97c45dafa.php 第 83 行.
NOTIC: [8] Use of undefined constant Banner - assumed 'Banner' D:\WWW\zghnj.com\Runtime\Cache\Sadmin\f257433373064fd6076a62d97c45dafa.php 第 89 行.
NOTIC: [8] Use of undefined constant Auth - assumed 'Auth' D:\WWW\zghnj.com\Runtime\Cache\Sadmin\f257433373064fd6076a62d97c45dafa.php 第 97 行.
NOTIC: [8] Use of undefined constant Auth - assumed 'Auth' D:\WWW\zghnj.com\Runtime\Cache\Sadmin\f257433373064fd6076a62d97c45dafa.php 第 104 行.
NOTIC: [8] Use of undefined constant User - assumed 'User' D:\WWW\zghnj.com\Runtime\Cache\Sadmin\f257433373064fd6076a62d97c45dafa.php 第 107 行.
NOTIC: [8] Use of undefined constant User - assumed 'User' D:\WWW\zghnj.com\Runtime\Cache\Sadmin\f257433373064fd6076a62d97c45dafa.php 第 115 行.
NOTIC: [8] Use of undefined constant Sorder - assumed 'Sorder' D:\WWW\zghnj.com\Runtime\Cache\Sadmin\f257433373064fd6076a62d97c45dafa.php 第 118 行.
NOTIC: [8] Use of undefined constant Order - assumed 'Order' D:\WWW\zghnj.com\Runtime\Cache\Sadmin\f257433373064fd6076a62d97c45dafa.php 第 125 行.
NOTIC: [8] Use of undefined constant Sorder - assumed 'Sorder' D:\WWW\zghnj.com\Runtime\Cache\Sadmin\f257433373064fd6076a62d97c45dafa.php 第 126 行.
NOTIC: [8] Use of undefined constant Sorder - assumed 'Sorder' D:\WWW\zghnj.com\Runtime\Cache\Sadmin\f257433373064fd6076a62d97c45dafa.php 第 127 行.
NOTIC: [8] Use of undefined constant Sorder - assumed 'Sorder' D:\WWW\zghnj.com\Runtime\Cache\Sadmin\f257433373064fd6076a62d97c45dafa.php 第 128 行.
NOTIC: [8] Use of undefined constant Tuihuo - assumed 'Tuihuo' D:\WWW\zghnj.com\Runtime\Cache\Sadmin\f257433373064fd6076a62d97c45dafa.php 第 133 行.
NOTIC: [8] Use of undefined constant Finance - assumed 'Finance' D:\WWW\zghnj.com\Runtime\Cache\Sadmin\f257433373064fd6076a62d97c45dafa.php 第 143 行.
NOTIC: [8] Undefined variable: sellerinfo D:\WWW\zghnj.com\Runtime\Cache\Sadmin\f257433373064fd6076a62d97c45dafa.php 第 172 行.
NOTIC: [8] Undefined variable: paying D:\WWW\zghnj.com\Runtime\Cache\Sadmin\f257433373064fd6076a62d97c45dafa.php 第 237 行.
NOTIC: [8] Undefined variable: paied D:\WWW\zghnj.com\Runtime\Cache\Sadmin\f257433373064fd6076a62d97c45dafa.php 第 261 行.
NOTIC: [8] Undefined variable: userList D:\WWW\zghnj.com\Runtime\Cache\Sadmin\f257433373064fd6076a62d97c45dafa.php 第 288 行.
NOTIC: [8] Undefined variable: exchange D:\WWW\zghnj.com\Runtime\Cache\Sadmin\f257433373064fd6076a62d97c45dafa.php 第 314 行.
INFO: Run Behavior\ParseTemplateBehavior [ RunTime:0.035002s ]
INFO: [ view_parse ] --END-- [ RunTime:0.035002s ]
INFO: [ view_filter ] --START--
INFO: Run Behavior\WriteHtmlCacheBehavior [ RunTime:0.001000s ]
INFO: [ view_filter ] --END-- [ RunTime:0.001000s ]
INFO: [ app_end ] --START--
INFO: Run Behavior\ShowPageTraceBehavior [ RunTime:0.002000s ]
INFO: [ app_end ] --END-- [ RunTime:0.002000s ]

[ 2017-07-25T15:31:43+08:00 ] 127.0.0.1 /index.php/Sadmin/Auth/add.html
INFO: [ app_init ] --START--
INFO: Run Behavior\BuildLiteBehavior [ RunTime:0.000000s ]
INFO: [ app_init ] --END-- [ RunTime:0.000000s ]
NOTIC: [8] Use of undefined constant URL_COMPAT - assumed 'URL_COMPAT' D:\WWW\zghnj.com\ThinkPHP\Library\Think\Dispatcher.class.php 第 183 行.
NOTIC: [8] Use of undefined constant URL_REWRITE - assumed 'URL_REWRITE' D:\WWW\zghnj.com\ThinkPHP\Library\Think\Dispatcher.class.php 第 185 行.
INFO: [ app_begin ] --START--
INFO: Run Behavior\ReadHtmlCacheBehavior [ RunTime:0.001000s ]
INFO: [ app_begin ] --END-- [ RunTime:0.001000s ]
INFO: [ view_parse ] --START--
INFO: [ template_filter ] --START--
INFO: Run Behavior\ContentReplaceBehavior [ RunTime:0.000000s ]
INFO: [ template_filter ] --END-- [ RunTime:0.000000s ]
NOTIC: [8] Undefined index: userInfo D:\WWW\zghnj.com\Runtime\Cache\Sadmin\632adec5b519a04b40809d46e1dffebc.php 第 29 行.
NOTIC: [8] Use of undefined constant Index - assumed 'Index' D:\WWW\zghnj.com\Runtime\Cache\Sadmin\632adec5b519a04b40809d46e1dffebc.php 第 46 行.
NOTIC: [8] Use of undefined constant Seller - assumed 'Seller' D:\WWW\zghnj.com\Runtime\Cache\Sadmin\632adec5b519a04b40809d46e1dffebc.php 第 52 行.
NOTIC: [8] Use of undefined constant Seller - assumed 'Seller' D:\WWW\zghnj.com\Runtime\Cache\Sadmin\632adec5b519a04b40809d46e1dffebc.php 第 60 行.
NOTIC: [8] Undefined variable: sellerinfo D:\WWW\zghnj.com\Runtime\Cache\Sadmin\632adec5b519a04b40809d46e1dffebc.php 第 61 行.
NOTIC: [8] Use of undefined constant User - assumed 'User' D:\WWW\zghnj.com\Runtime\Cache\Sadmin\632adec5b519a04b40809d46e1dffebc.php 第 66 行.
NOTIC: [8] Use of undefined constant User - assumed 'User' D:\WWW\zghnj.com\Runtime\Cache\Sadmin\632adec5b519a04b40809d46e1dffebc.php 第 74 行.
NOTIC: [8] Use of undefined constant Dispatch - assumed 'Dispatch' D:\WWW\zghnj.com\Runtime\Cache\Sadmin\632adec5b519a04b40809d46e1dffebc.php 第 77 行.
NOTIC: [8] Use of undefined constant Youhui - assumed 'Youhui' D:\WWW\zghnj.com\Runtime\Cache\Sadmin\632adec5b519a04b40809d46e1dffebc.php 第 83 行.
NOTIC: [8] Use of undefined constant Banner - assumed 'Banner' D:\WWW\zghnj.com\Runtime\Cache\Sadmin\632adec5b519a04b40809d46e1dffebc.php 第 89 行.
NOTIC: [8] Use of undefined constant Auth - assumed 'Auth' D:\WWW\zghnj.com\Runtime\Cache\Sadmin\632adec5b519a04b40809d46e1dffebc.php 第 97 行.
NOTIC: [8] Use of undefined constant Auth - assumed 'Auth' D:\WWW\zghnj.com\Runtime\Cache\Sadmin\632adec5b519a04b40809d46e1dffebc.php 第 104 行.
NOTIC: [8] Use of undefined constant showlist - assumed 'showlist' D:\WWW\zghnj.com\Runtime\Cache\Sadmin\632adec5b519a04b40809d46e1dffebc.php 第 104 行.
NOTIC: [8] Use of undefined constant User - assumed 'User' D:\WWW\zghnj.com\Runtime\Cache\Sadmin\632adec5b519a04b40809d46e1dffebc.php 第 107 行.
NOTIC: [8] Use of undefined constant User - assumed 'User' D:\WWW\zghnj.com\Runtime\Cache\Sadmin\632adec5b519a04b40809d46e1dffebc.php 第 115 行.
NOTIC: [8] Use of undefined constant Sorder - assumed 'Sorder' D:\WWW\zghnj.com\Runtime\Cache\Sadmin\632adec5b519a04b40809d46e1dffebc.php 第 118 行.
NOTIC: [8] Use of undefined constant Order - assumed 'Order' D:\WWW\zghnj.com\Runtime\Cache\Sadmin\632adec5b519a04b40809d46e1dffebc.php 第 125 行.
NOTIC: [8] Use of undefined constant Sorder - assumed 'Sorder' D:\WWW\zghnj.com\Runtime\Cache\Sadmin\632adec5b519a04b40809d46e1dffebc.php 第 126 行.
NOTIC: [8] Use of undefined constant Sorder - assumed 'Sorder' D:\WWW\zghnj.com\Runtime\Cache\Sadmin\632adec5b519a04b40809d46e1dffebc.php 第 127 行.
NOTIC: [8] Use of undefined constant Sorder - assumed 'Sorder' D:\WWW\zghnj.com\Runtime\Cache\Sadmin\632adec5b519a04b40809d46e1dffebc.php 第 128 行.
NOTIC: [8] Use of undefined constant Tuihuo - assumed 'Tuihuo' D:\WWW\zghnj.com\Runtime\Cache\Sadmin\632adec5b519a04b40809d46e1dffebc.php 第 133 行.
NOTIC: [8] Use of undefined constant Finance - assumed 'Finance' D:\WWW\zghnj.com\Runtime\Cache\Sadmin\632adec5b519a04b40809d46e1dffebc.php 第 143 行.
NOTIC: [8] Undefined variable: authinfo D:\WWW\zghnj.com\Runtime\Cache\Sadmin\632adec5b519a04b40809d46e1dffebc.php 第 190 行.
INFO: Run Behavior\ParseTemplateBehavior [ RunTime:0.015001s ]
INFO: [ view_parse ] --END-- [ RunTime:0.017001s ]
INFO: [ view_filter ] --START--
INFO: Run Behavior\WriteHtmlCacheBehavior [ RunTime:0.000000s ]
INFO: [ view_filter ] --END-- [ RunTime:0.000000s ]
INFO: [ app_end ] --START--
INFO: Run Behavior\ShowPageTraceBehavior [ RunTime:0.001000s ]
INFO: [ app_end ] --END-- [ RunTime:0.001000s ]

[ 2017-07-25T15:32:01+08:00 ] 127.0.0.1 /index.php/Sadmin/Auth/add.html
INFO: [ app_init ] --START--
INFO: Run Behavior\BuildLiteBehavior [ RunTime:0.000000s ]
INFO: [ app_init ] --END-- [ RunTime:0.000000s ]
NOTIC: [8] Use of undefined constant URL_COMPAT - assumed 'URL_COMPAT' D:\WWW\zghnj.com\ThinkPHP\Library\Think\Dispatcher.class.php 第 183 行.
NOTIC: [8] Use of undefined constant URL_REWRITE - assumed 'URL_REWRITE' D:\WWW\zghnj.com\ThinkPHP\Library\Think\Dispatcher.class.php 第 185 行.
INFO: [ app_begin ] --START--
INFO: Run Behavior\ReadHtmlCacheBehavior [ RunTime:0.001000s ]
INFO: [ app_begin ] --END-- [ RunTime:0.001000s ]
INFO: [ view_parse ] --START--
INFO: [ template_filter ] --START--
INFO: Run Behavior\ContentReplaceBehavior [ RunTime:0.000000s ]
INFO: [ template_filter ] --END-- [ RunTime:0.000000s ]
NOTIC: [8] Undefined index: userInfo D:\WWW\zghnj.com\Runtime\Cache\Sadmin\632adec5b519a04b40809d46e1dffebc.php 第 29 行.
NOTIC: [8] Use of undefined constant Index - assumed 'Index' D:\WWW\zghnj.com\Runtime\Cache\Sadmin\632adec5b519a04b40809d46e1dffebc.php 第 46 行.
NOTIC: [8] Use of undefined constant Seller - assumed 'Seller' D:\WWW\zghnj.com\Runtime\Cache\Sadmin\632adec5b519a04b40809d46e1dffebc.php 第 52 行.
NOTIC: [8] Use of undefined constant Seller - assumed 'Seller' D:\WWW\zghnj.com\Runtime\Cache\Sadmin\632adec5b519a04b40809d46e1dffebc.php 第 60 行.
NOTIC: [8] Undefined variable: sellerinfo D:\WWW\zghnj.com\Runtime\Cache\Sadmin\632adec5b519a04b40809d46e1dffebc.php 第 61 行.
NOTIC: [8] Use of undefined constant User - assumed 'User' D:\WWW\zghnj.com\Runtime\Cache\Sadmin\632adec5b519a04b40809d46e1dffebc.php 第 66 行.
NOTIC: [8] Use of undefined constant User - assumed 'User' D:\WWW\zghnj.com\Runtime\Cache\Sadmin\632adec5b519a04b40809d46e1dffebc.php 第 74 行.
NOTIC: [8] Use of undefined constant Dispatch - assumed 'Dispatch' D:\WWW\zghnj.com\Runtime\Cache\Sadmin\632adec5b519a04b40809d46e1dffebc.php 第 77 行.
NOTIC: [8] Use of undefined constant Youhui - assumed 'Youhui' D:\WWW\zghnj.com\Runtime\Cache\Sadmin\632adec5b519a04b40809d46e1dffebc.php 第 83 行.
NOTIC: [8] Use of undefined constant Banner - assumed 'Banner' D:\WWW\zghnj.com\Runtime\Cache\Sadmin\632adec5b519a04b40809d46e1dffebc.php 第 89 行.
NOTIC: [8] Use of undefined constant Auth - assumed 'Auth' D:\WWW\zghnj.com\Runtime\Cache\Sadmin\632adec5b519a04b40809d46e1dffebc.php 第 97 行.
NOTIC: [8] Use of undefined constant Auth - assumed 'Auth' D:\WWW\zghnj.com\Runtime\Cache\Sadmin\632adec5b519a04b40809d46e1dffebc.php 第 104 行.
NOTIC: [8] Use of undefined constant showlist - assumed 'showlist' D:\WWW\zghnj.com\Runtime\Cache\Sadmin\632adec5b519a04b40809d46e1dffebc.php 第 104 行.
NOTIC: [8] Use of undefined constant User - assumed 'User' D:\WWW\zghnj.com\Runtime\Cache\Sadmin\632adec5b519a04b40809d46e1dffebc.php 第 107 行.
NOTIC: [8] Use of undefined constant User - assumed 'User' D:\WWW\zghnj.com\Runtime\Cache\Sadmin\632adec5b519a04b40809d46e1dffebc.php 第 115 行.
NOTIC: [8] Use of undefined constant Sorder - assumed 'Sorder' D:\WWW\zghnj.com\Runtime\Cache\Sadmin\632adec5b519a04b40809d46e1dffebc.php 第 118 行.
NOTIC: [8] Use of undefined constant Order - assumed 'Order' D:\WWW\zghnj.com\Runtime\Cache\Sadmin\632adec5b519a04b40809d46e1dffebc.php 第 125 行.
NOTIC: [8] Use of undefined constant Sorder - assumed 'Sorder' D:\WWW\zghnj.com\Runtime\Cache\Sadmin\632adec5b519a04b40809d46e1dffebc.php 第 126 行.
NOTIC: [8] Use of undefined constant Sorder - assumed 'Sorder' D:\WWW\zghnj.com\Runtime\Cache\Sadmin\632adec5b519a04b40809d46e1dffebc.php 第 127 行.
NOTIC: [8] Use of undefined constant Sorder - assumed 'Sorder' D:\WWW\zghnj.com\Runtime\Cache\Sadmin\632adec5b519a04b40809d46e1dffebc.php 第 128 行.
NOTIC: [8] Use of undefined constant Tuihuo - assumed 'Tuihuo' D:\WWW\zghnj.com\Runtime\Cache\Sadmin\632adec5b519a04b40809d46e1dffebc.php 第 133 行.
NOTIC: [8] Use of undefined constant Finance - assumed 'Finance' D:\WWW\zghnj.com\Runtime\Cache\Sadmin\632adec5b519a04b40809d46e1dffebc.php 第 143 行.
NOTIC: [8] Undefined variable: authinfo D:\WWW\zghnj.com\Runtime\Cache\Sadmin\632adec5b519a04b40809d46e1dffebc.php 第 190 行.
INFO: Run Behavior\ParseTemplateBehavior [ RunTime:0.025001s ]
INFO: [ view_parse ] --END-- [ RunTime:0.025001s ]
INFO: [ view_filter ] --START--
INFO: Run Behavior\WriteHtmlCacheBehavior [ RunTime:0.001000s ]
INFO: [ view_filter ] --END-- [ RunTime:0.001000s ]
INFO: [ app_end ] --START--
INFO: Run Behavior\ShowPageTraceBehavior [ RunTime:0.001001s ]
INFO: [ app_end ] --END-- [ RunTime:0.001001s ]

[ 2017-07-25T15:35:12+08:00 ] 127.0.0.1 /index.php/Sadmin/Auth/add.html
INFO: [ app_init ] --START--
INFO: Run Behavior\BuildLiteBehavior [ RunTime:0.000000s ]
INFO: [ app_init ] --END-- [ RunTime:0.000000s ]
NOTIC: [8] Use of undefined constant URL_COMPAT - assumed 'URL_COMPAT' D:\WWW\zghnj.com\ThinkPHP\Library\Think\Dispatcher.class.php 第 183 行.
NOTIC: [8] Use of undefined constant URL_REWRITE - assumed 'URL_REWRITE' D:\WWW\zghnj.com\ThinkPHP\Library\Think\Dispatcher.class.php 第 185 行.
INFO: [ app_begin ] --START--
INFO: Run Behavior\ReadHtmlCacheBehavior [ RunTime:0.001000s ]
INFO: [ app_begin ] --END-- [ RunTime:0.001000s ]
SQL: SHOW COLUMNS FROM `hnj_auth` [ RunTime:0.0240s ]
SQL: SHOW COLUMNS FROM `hnj_auth` [ RunTime:0.0080s ]
SQL: SELECT * FROM `hnj_auth` ORDER BY auth_path  [ RunTime:0.0010s ]
INFO: [ view_parse ] --START--
INFO: [ template_filter ] --START--
INFO: Run Behavior\ContentReplaceBehavior [ RunTime:0.001000s ]
INFO: [ template_filter ] --END-- [ RunTime:0.001000s ]
NOTIC: [8] Undefined index: userInfo D:\WWW\zghnj.com\Runtime\Cache\Sadmin\632adec5b519a04b40809d46e1dffebc.php 第 29 行.
NOTIC: [8] Use of undefined constant Index - assumed 'Index' D:\WWW\zghnj.com\Runtime\Cache\Sadmin\632adec5b519a04b40809d46e1dffebc.php 第 46 行.
NOTIC: [8] Use of undefined constant Seller - assumed 'Seller' D:\WWW\zghnj.com\Runtime\Cache\Sadmin\632adec5b519a04b40809d46e1dffebc.php 第 52 行.
NOTIC: [8] Use of undefined constant Seller - assumed 'Seller' D:\WWW\zghnj.com\Runtime\Cache\Sadmin\632adec5b519a04b40809d46e1dffebc.php 第 60 行.
NOTIC: [8] Undefined variable: sellerinfo D:\WWW\zghnj.com\Runtime\Cache\Sadmin\632adec5b519a04b40809d46e1dffebc.php 第 61 行.
NOTIC: [8] Use of undefined constant User - assumed 'User' D:\WWW\zghnj.com\Runtime\Cache\Sadmin\632adec5b519a04b40809d46e1dffebc.php 第 66 行.
NOTIC: [8] Use of undefined constant User - assumed 'User' D:\WWW\zghnj.com\Runtime\Cache\Sadmin\632adec5b519a04b40809d46e1dffebc.php 第 74 行.
NOTIC: [8] Use of undefined constant Dispatch - assumed 'Dispatch' D:\WWW\zghnj.com\Runtime\Cache\Sadmin\632adec5b519a04b40809d46e1dffebc.php 第 77 行.
NOTIC: [8] Use of undefined constant Youhui - assumed 'Youhui' D:\WWW\zghnj.com\Runtime\Cache\Sadmin\632adec5b519a04b40809d46e1dffebc.php 第 83 行.
NOTIC: [8] Use of undefined constant Banner - assumed 'Banner' D:\WWW\zghnj.com\Runtime\Cache\Sadmin\632adec5b519a04b40809d46e1dffebc.php 第 89 行.
NOTIC: [8] Use of undefined constant Auth - assumed 'Auth' D:\WWW\zghnj.com\Runtime\Cache\Sadmin\632adec5b519a04b40809d46e1dffebc.php 第 97 行.
NOTIC: [8] Use of undefined constant Auth - assumed 'Auth' D:\WWW\zghnj.com\Runtime\Cache\Sadmin\632adec5b519a04b40809d46e1dffebc.php 第 104 行.
NOTIC: [8] Use of undefined constant showlist - assumed 'showlist' D:\WWW\zghnj.com\Runtime\Cache\Sadmin\632adec5b519a04b40809d46e1dffebc.php 第 104 行.
NOTIC: [8] Use of undefined constant User - assumed 'User' D:\WWW\zghnj.com\Runtime\Cache\Sadmin\632adec5b519a04b40809d46e1dffebc.php 第 107 行.
NOTIC: [8] Use of undefined constant User - assumed 'User' D:\WWW\zghnj.com\Runtime\Cache\Sadmin\632adec5b519a04b40809d46e1dffebc.php 第 115 行.
NOTIC: [8] Use of undefined constant Sorder - assumed 'Sorder' D:\WWW\zghnj.com\Runtime\Cache\Sadmin\632adec5b519a04b40809d46e1dffebc.php 第 118 行.
NOTIC: [8] Use of undefined constant Order - assumed 'Order' D:\WWW\zghnj.com\Runtime\Cache\Sadmin\632adec5b519a04b40809d46e1dffebc.php 第 125 行.
NOTIC: [8] Use of undefined constant Sorder - assumed 'Sorder' D:\WWW\zghnj.com\Runtime\Cache\Sadmin\632adec5b519a04b40809d46e1dffebc.php 第 126 行.
NOTIC: [8] Use of undefined constant Sorder - assumed 'Sorder' D:\WWW\zghnj.com\Runtime\Cache\Sadmin\632adec5b519a04b40809d46e1dffebc.php 第 127 行.
NOTIC: [8] Use of undefined constant Sorder - assumed 'Sorder' D:\WWW\zghnj.com\Runtime\Cache\Sadmin\632adec5b519a04b40809d46e1dffebc.php 第 128 行.
NOTIC: [8] Use of undefined constant Tuihuo - assumed 'Tuihuo' D:\WWW\zghnj.com\Runtime\Cache\Sadmin\632adec5b519a04b40809d46e1dffebc.php 第 133 行.
NOTIC: [8] Use of undefined constant Finance - assumed 'Finance' D:\WWW\zghnj.com\Runtime\Cache\Sadmin\632adec5b519a04b40809d46e1dffebc.php 第 143 行.
INFO: Run Behavior\ParseTemplateBehavior [ RunTime:0.020001s ]
INFO: [ view_parse ] --END-- [ RunTime:0.020001s ]
INFO: [ view_filter ] --START--
INFO: Run Behavior\WriteHtmlCacheBehavior [ RunTime:0.001000s ]
INFO: [ view_filter ] --END-- [ RunTime:0.001000s ]
INFO: [ app_end ] --START--
INFO: Run Behavior\ShowPageTraceBehavior [ RunTime:0.002001s ]
INFO: [ app_end ] --END-- [ RunTime:0.002001s ]

