[ 2016-07-07T19:29:45+08:00 ] 127.0.0.1 /index.php/Home/Comment/getCmtList?page_index=0&goods_id=24
INFO: [ app_begin ] --START--
INFO: Run Behavior\ReadHtmlCacheBehavior [ RunTime:0.001021s ]
INFO: [ app_begin ] --END-- [ RunTime:0.001868s ]
SQL: SHOW COLUMNS FROM `sp_category` [ RunTime:0.0106s ]
SQL: SELECT * FROM `sp_category` WHERE `cat_level` = 0  [ RunTime:0.0008s ]
SQL: SELECT * FROM `sp_category` WHERE `cat_level` = 1  [ RunTime:0.0006s ]
SQL: SELECT * FROM `sp_category` WHERE `cat_level` = 2  [ RunTime:0.0006s ]
SQL: SHOW COLUMNS FROM `sp_comment` [ RunTime:0.0072s ]
SQL: SELECT u.user_name,c.cmt_id,c.cmt_msg,c.cmt_star,left(from_unixtime(c.add_time),16) cmttime FROM sp_comment c INNER JOIN sp_user u on c.user_id=u.user_id  WHERE `is_show` = '0' AND `goods_id` = '24' ORDER BY c.cmt_id desc LIMIT 0,3   [ RunTime:0.0022s ]
SQL: SHOW COLUMNS FROM `sp_back` [ RunTime:0.0086s ]
SQL: SELECT u.user_name,b.back_msg,b.back_id,left(from_unixtime(b.add_time),16) backtime,b.cmt_id FROM sp_back b INNER JOIN sp_user u on b.user_id=u.user_id  WHERE b.cmt_id IN ('823','799','795') AND b.is_show = '0'  [ RunTime:0.0012s ]
INFO: [ app_end ] --START--
INFO: Run Behavior\ShowPageTraceBehavior [ RunTime:0.001842s ]
INFO: [ app_end ] --END-- [ RunTime:0.001999s ]

[ 2016-07-07T19:29:47+08:00 ] 127.0.0.1 /index.php/Home/Shop/addCart?goods_id=24
INFO: [ app_begin ] --START--
INFO: Run Behavior\ReadHtmlCacheBehavior [ RunTime:0.001105s ]
INFO: [ app_begin ] --END-- [ RunTime:0.001850s ]
SQL: SHOW COLUMNS FROM `sp_category` [ RunTime:0.0055s ]
SQL: SELECT * FROM `sp_category` WHERE `cat_level` = 0  [ RunTime:0.0007s ]
SQL: SELECT * FROM `sp_category` WHERE `cat_level` = 1  [ RunTime:0.0005s ]
SQL: SELECT * FROM `sp_category` WHERE `cat_level` = 2  [ RunTime:0.0007s ]
NOTIC: [8] A session had already been started - ignoring session_start() E:\web\php45\shop\Tools\Cart.class.php 第 15 行.
SQL: SHOW COLUMNS FROM `sp_goods` [ RunTime:0.0062s ]
SQL: SELECT * FROM `sp_goods` WHERE `goods_id` = 24 LIMIT 1   [ RunTime:0.0006s ]
INFO: [ app_end ] --START--
INFO: Run Behavior\ShowPageTraceBehavior [ RunTime:0.001232s ]
INFO: [ app_end ] --END-- [ RunTime:0.001331s ]

[ 2016-07-07T19:31:01+08:00 ] 127.0.0.1 /index.php/Home/Comment/getCmtList?page_index=0&goods_id=24
INFO: [ app_begin ] --START--
INFO: Run Behavior\ReadHtmlCacheBehavior [ RunTime:0.001872s ]
INFO: [ app_begin ] --END-- [ RunTime:0.003112s ]
SQL: SHOW COLUMNS FROM `sp_category` [ RunTime:0.0081s ]
SQL: SELECT * FROM `sp_category` WHERE `cat_level` = 0  [ RunTime:0.0008s ]
SQL: SELECT * FROM `sp_category` WHERE `cat_level` = 1  [ RunTime:0.0009s ]
SQL: SELECT * FROM `sp_category` WHERE `cat_level` = 2  [ RunTime:0.0011s ]
SQL: SHOW COLUMNS FROM `sp_comment` [ RunTime:0.0098s ]
SQL: SELECT u.user_name,c.cmt_id,c.cmt_msg,c.cmt_star,left(from_unixtime(c.add_time),16) cmttime FROM sp_comment c INNER JOIN sp_user u on c.user_id=u.user_id  WHERE `is_show` = '0' AND `goods_id` = '24' ORDER BY c.cmt_id desc LIMIT 0,3   [ RunTime:0.0012s ]
SQL: SHOW COLUMNS FROM `sp_back` [ RunTime:0.0086s ]
SQL: SELECT u.user_name,b.back_msg,b.back_id,left(from_unixtime(b.add_time),16) backtime,b.cmt_id FROM sp_back b INNER JOIN sp_user u on b.user_id=u.user_id  WHERE b.cmt_id IN ('823','799','795') AND b.is_show = '0'  [ RunTime:0.0016s ]
INFO: [ app_end ] --START--
INFO: Run Behavior\ShowPageTraceBehavior [ RunTime:0.001661s ]
INFO: [ app_end ] --END-- [ RunTime:0.001853s ]

[ 2016-07-07T19:38:34+08:00 ] 127.0.0.1 /index.php/Home/Comment/getCmtList?page_index=0&goods_id=26
INFO: [ app_begin ] --START--
INFO: Run Behavior\ReadHtmlCacheBehavior [ RunTime:0.001436s ]
INFO: [ app_begin ] --END-- [ RunTime:0.002516s ]
SQL: SHOW COLUMNS FROM `sp_category` [ RunTime:0.0080s ]
SQL: SELECT * FROM `sp_category` WHERE `cat_level` = 0  [ RunTime:0.0009s ]
SQL: SELECT * FROM `sp_category` WHERE `cat_level` = 1  [ RunTime:0.0006s ]
SQL: SELECT * FROM `sp_category` WHERE `cat_level` = 2  [ RunTime:0.0006s ]
SQL: SHOW COLUMNS FROM `sp_comment` [ RunTime:0.0072s ]
SQL: SELECT u.user_name,c.cmt_id,c.cmt_msg,c.cmt_star,left(from_unixtime(c.add_time),16) cmttime FROM sp_comment c INNER JOIN sp_user u on c.user_id=u.user_id  WHERE `is_show` = '0' AND `goods_id` = '26' ORDER BY c.cmt_id desc LIMIT 0,3   [ RunTime:0.0008s ]
SQL: SHOW COLUMNS FROM `sp_back` [ RunTime:0.0069s ]
SQL: SELECT u.user_name,b.back_msg,b.back_id,left(from_unixtime(b.add_time),16) backtime,b.cmt_id FROM sp_back b INNER JOIN sp_user u on b.user_id=u.user_id  WHERE b.cmt_id IN ('828','822','818') AND b.is_show = '0'  [ RunTime:0.0006s ]
INFO: [ app_end ] --START--
INFO: Run Behavior\ShowPageTraceBehavior [ RunTime:0.001330s ]
INFO: [ app_end ] --END-- [ RunTime:0.001468s ]

[ 2016-07-07T19:38:37+08:00 ] 127.0.0.1 /index.php/Home/Shop/addCart?goods_id=26
INFO: [ app_begin ] --START--
INFO: Run Behavior\ReadHtmlCacheBehavior [ RunTime:0.001052s ]
INFO: [ app_begin ] --END-- [ RunTime:0.001809s ]
SQL: SHOW COLUMNS FROM `sp_category` [ RunTime:0.0054s ]
SQL: SELECT * FROM `sp_category` WHERE `cat_level` = 0  [ RunTime:0.0007s ]
SQL: SELECT * FROM `sp_category` WHERE `cat_level` = 1  [ RunTime:0.0006s ]
SQL: SELECT * FROM `sp_category` WHERE `cat_level` = 2  [ RunTime:0.0005s ]
NOTIC: [8] A session had already been started - ignoring session_start() E:\web\php45\shop\Tools\Cart.class.php 第 15 行.
SQL: SHOW COLUMNS FROM `sp_goods` [ RunTime:0.0059s ]
SQL: SELECT * FROM `sp_goods` WHERE `goods_id` = 26 LIMIT 1   [ RunTime:0.0006s ]
INFO: [ app_end ] --START--
INFO: Run Behavior\ShowPageTraceBehavior [ RunTime:0.001405s ]
INFO: [ app_end ] --END-- [ RunTime:0.001536s ]

