[ 2016-06-05T08:57:50+08:00 ] 127.0.0.1 /index.php/Home/Comment/addCmt
INFO: [ app_begin ] --START--
INFO: Run Behavior\ReadHtmlCacheBehavior [ RunTime:0.001400s ]
INFO: [ app_begin ] --END-- [ RunTime:0.002404s ]
SQL: SHOW COLUMNS FROM `sp_category` [ RunTime:0.0072s ]
SQL: SELECT * FROM `sp_category` WHERE `cat_level` = 0  [ RunTime:0.0005s ]
SQL: SELECT * FROM `sp_category` WHERE `cat_level` = 1  [ RunTime:0.0004s ]
SQL: SELECT * FROM `sp_category` WHERE `cat_level` = 2  [ RunTime:0.0004s ]
SQL: SHOW COLUMNS FROM `sp_comment` [ RunTime:0.0105s ]
SQL: INSERT INTO `sp_comment` (`cmt_star`,`cmt_msg`,`goods_id`,`user_id`,`upd_time`,`add_time`) VALUES ('5','&lt;p&gt;孙悟空的了的克里斯的&lt;br/&gt;&lt;/p&gt;','27','33','1465088270','1465088270') [ RunTime:0.0021s ]
SQL: SELECT u.user_name,c.cmt_id,c.cmt_msg,c.cmt_star,left(from_unixtime(c.add_time),16) FROM sp_comment c INNER JOIN sp_user u on c.user_id=u.user_id  WHERE `cmt_id` = '11' LIMIT 1   [ RunTime:0.0008s ]
INFO: [ app_end ] --START--
INFO: Run Behavior\ShowPageTraceBehavior [ RunTime:0.001459s ]
INFO: [ app_end ] --END-- [ RunTime:0.001605s ]

[ 2016-06-05T08:59:01+08:00 ] 127.0.0.1 /index.php/Home/Comment/addCmt
INFO: [ app_begin ] --START--
INFO: Run Behavior\ReadHtmlCacheBehavior [ RunTime:0.000974s ]
INFO: [ app_begin ] --END-- [ RunTime:0.001773s ]
SQL: SHOW COLUMNS FROM `sp_category` [ RunTime:0.0104s ]
SQL: SELECT * FROM `sp_category` WHERE `cat_level` = 0  [ RunTime:0.0008s ]
SQL: SELECT * FROM `sp_category` WHERE `cat_level` = 1  [ RunTime:0.0006s ]
SQL: SELECT * FROM `sp_category` WHERE `cat_level` = 2  [ RunTime:0.0006s ]
SQL: SHOW COLUMNS FROM `sp_comment` [ RunTime:0.0079s ]
SQL: INSERT INTO `sp_comment` (`cmt_star`,`cmt_msg`,`goods_id`,`user_id`,`upd_time`,`add_time`) VALUES ('5','&lt;p&gt;临时决定离开时间都流口水&lt;br/&gt;&lt;/p&gt;','27','33','1465088341','1465088341') [ RunTime:0.0019s ]
SQL: SELECT u.user_name,c.cmt_id,c.cmt_msg,c.cmt_star,left(from_unixtime(c.add_time),16) cmttime FROM sp_comment c INNER JOIN sp_user u on c.user_id=u.user_id  WHERE `cmt_id` = '12' LIMIT 1   [ RunTime:0.0006s ]
INFO: [ app_end ] --START--
INFO: Run Behavior\ShowPageTraceBehavior [ RunTime:0.001158s ]
INFO: [ app_end ] --END-- [ RunTime:0.001272s ]

[ 2016-06-05T09:01:03+08:00 ] 127.0.0.1 /index.php/Home/Comment/addCmt
INFO: [ app_begin ] --START--
INFO: Run Behavior\ReadHtmlCacheBehavior [ RunTime:0.000979s ]
INFO: [ app_begin ] --END-- [ RunTime:0.001867s ]
SQL: SHOW COLUMNS FROM `sp_category` [ RunTime:0.0131s ]
SQL: SELECT * FROM `sp_category` WHERE `cat_level` = 0  [ RunTime:0.0007s ]
SQL: SELECT * FROM `sp_category` WHERE `cat_level` = 1  [ RunTime:0.0005s ]
SQL: SELECT * FROM `sp_category` WHERE `cat_level` = 2  [ RunTime:0.0005s ]
SQL: SHOW COLUMNS FROM `sp_comment` [ RunTime:0.0078s ]
SQL: INSERT INTO `sp_comment` (`cmt_star`,`cmt_msg`,`goods_id`,`user_id`,`upd_time`,`add_time`) VALUES ('5','看数据丢失口袋<br />','27','33','1465088463','1465088463') [ RunTime:0.0015s ]
SQL: SELECT u.user_name,c.cmt_id,c.cmt_msg,c.cmt_star,left(from_unixtime(c.add_time),16) cmttime FROM sp_comment c INNER JOIN sp_user u on c.user_id=u.user_id  WHERE `cmt_id` = '13' LIMIT 1   [ RunTime:0.0005s ]
INFO: [ app_end ] --START--
INFO: Run Behavior\ShowPageTraceBehavior [ RunTime:0.001226s ]
INFO: [ app_end ] --END-- [ RunTime:0.001327s ]

[ 2016-06-05T09:14:00+08:00 ] 127.0.0.1 /index.php/Home/Comment/addCmt
INFO: [ app_begin ] --START--
INFO: Run Behavior\ReadHtmlCacheBehavior [ RunTime:0.001826s ]
INFO: [ app_begin ] --END-- [ RunTime:0.003029s ]
SQL: SHOW COLUMNS FROM `sp_category` [ RunTime:0.0119s ]
SQL: SELECT * FROM `sp_category` WHERE `cat_level` = 0  [ RunTime:0.0011s ]
SQL: SELECT * FROM `sp_category` WHERE `cat_level` = 1  [ RunTime:0.0008s ]
SQL: SELECT * FROM `sp_category` WHERE `cat_level` = 2  [ RunTime:0.0008s ]
SQL: SHOW COLUMNS FROM `sp_comment` [ RunTime:0.0104s ]
SQL: INSERT INTO `sp_comment` (`cmt_star`,`cmt_msg`,`goods_id`,`user_id`,`upd_time`,`add_time`) VALUES ('3','临时决定离开时间都流口水<br />','27','33','1465089240','1465089240') [ RunTime:0.0030s ]
SQL: SELECT u.user_name,c.cmt_id,c.cmt_msg,c.cmt_star,left(from_unixtime(c.add_time),16) cmttime FROM sp_comment c INNER JOIN sp_user u on c.user_id=u.user_id  WHERE `cmt_id` = '14' LIMIT 1   [ RunTime:0.0007s ]
INFO: [ app_end ] --START--
INFO: Run Behavior\ShowPageTraceBehavior [ RunTime:0.001657s ]
INFO: [ app_end ] --END-- [ RunTime:0.001796s ]

[ 2016-06-05T09:19:46+08:00 ] 127.0.0.1 /index.php/Home/Comment/addCmt
INFO: [ app_begin ] --START--
INFO: Run Behavior\ReadHtmlCacheBehavior [ RunTime:0.001850s ]
INFO: [ app_begin ] --END-- [ RunTime:0.002948s ]
SQL: SHOW COLUMNS FROM `sp_category` [ RunTime:0.0075s ]
SQL: SELECT * FROM `sp_category` WHERE `cat_level` = 0  [ RunTime:0.0005s ]
SQL: SELECT * FROM `sp_category` WHERE `cat_level` = 1  [ RunTime:0.0004s ]
SQL: SELECT * FROM `sp_category` WHERE `cat_level` = 2  [ RunTime:0.0005s ]
SQL: SHOW COLUMNS FROM `sp_comment` [ RunTime:0.0094s ]
SQL: INSERT INTO `sp_comment` (`cmt_star`,`cmt_msg`,`goods_id`,`user_id`,`upd_time`,`add_time`) VALUES ('3','顺路快递吉林省的流口水的了<br />','27','33','1465089586','1465089586') [ RunTime:0.0017s ]
SQL: SELECT u.user_name,c.cmt_id,c.cmt_msg,c.cmt_star,left(from_unixtime(c.add_time),16) cmttime FROM sp_comment c INNER JOIN sp_user u on c.user_id=u.user_id  WHERE `cmt_id` = '15' LIMIT 1   [ RunTime:0.0007s ]
INFO: [ app_end ] --START--
INFO: Run Behavior\ShowPageTraceBehavior [ RunTime:0.001816s ]
INFO: [ app_end ] --END-- [ RunTime:0.001999s ]

[ 2016-06-05T09:24:17+08:00 ] 127.0.0.1 /index.php/Home/Comment/addCmt
INFO: [ app_begin ] --START--
INFO: Run Behavior\ReadHtmlCacheBehavior [ RunTime:0.000886s ]
INFO: [ app_begin ] --END-- [ RunTime:0.001558s ]
SQL: SHOW COLUMNS FROM `sp_category` [ RunTime:0.0120s ]
SQL: SELECT * FROM `sp_category` WHERE `cat_level` = 0  [ RunTime:0.0008s ]
SQL: SELECT * FROM `sp_category` WHERE `cat_level` = 1  [ RunTime:0.0009s ]
SQL: SELECT * FROM `sp_category` WHERE `cat_level` = 2  [ RunTime:0.0008s ]
SQL: SHOW COLUMNS FROM `sp_comment` [ RunTime:0.0090s ]
SQL: INSERT INTO `sp_comment` (`cmt_star`,`cmt_msg`,`goods_id`,`user_id`,`upd_time`,`add_time`) VALUES ('2','索拉卡独立思考的<br />','27','33','1465089857','1465089857') [ RunTime:0.0017s ]
SQL: SELECT u.user_name,c.cmt_id,c.cmt_msg,c.cmt_star,left(from_unixtime(c.add_time),16) cmttime FROM sp_comment c INNER JOIN sp_user u on c.user_id=u.user_id  WHERE `cmt_id` = '16' LIMIT 1   [ RunTime:0.0008s ]
INFO: [ app_end ] --START--
INFO: Run Behavior\ShowPageTraceBehavior [ RunTime:0.001633s ]
INFO: [ app_end ] --END-- [ RunTime:0.001767s ]

[ 2016-06-05T09:24:42+08:00 ] 127.0.0.1 /index.php/Home/Comment/addCmt
INFO: [ app_begin ] --START--
INFO: Run Behavior\ReadHtmlCacheBehavior [ RunTime:0.001087s ]
INFO: [ app_begin ] --END-- [ RunTime:0.001763s ]
SQL: SHOW COLUMNS FROM `sp_category` [ RunTime:0.0072s ]
SQL: SELECT * FROM `sp_category` WHERE `cat_level` = 0  [ RunTime:0.0007s ]
SQL: SELECT * FROM `sp_category` WHERE `cat_level` = 1  [ RunTime:0.0004s ]
SQL: SELECT * FROM `sp_category` WHERE `cat_level` = 2  [ RunTime:0.0005s ]
SQL: SHOW COLUMNS FROM `sp_comment` [ RunTime:0.0082s ]
SQL: INSERT INTO `sp_comment` (`cmt_star`,`cmt_msg`,`goods_id`,`user_id`,`upd_time`,`add_time`) VALUES ('3','顺路快递接到来看<br />','27','33','1465089882','1465089882') [ RunTime:0.0015s ]
SQL: SELECT u.user_name,c.cmt_id,c.cmt_msg,c.cmt_star,left(from_unixtime(c.add_time),16) cmttime FROM sp_comment c INNER JOIN sp_user u on c.user_id=u.user_id  WHERE `cmt_id` = '17' LIMIT 1   [ RunTime:0.0005s ]
INFO: [ app_end ] --START--
INFO: Run Behavior\ShowPageTraceBehavior [ RunTime:0.001796s ]
INFO: [ app_end ] --END-- [ RunTime:0.001905s ]

[ 2016-06-05T09:25:48+08:00 ] 127.0.0.1 /index.php/Home/Comment/addCmt
INFO: [ app_begin ] --START--
INFO: Run Behavior\ReadHtmlCacheBehavior [ RunTime:0.001085s ]
INFO: [ app_begin ] --END-- [ RunTime:0.001885s ]
SQL: SHOW COLUMNS FROM `sp_category` [ RunTime:0.0139s ]
SQL: SELECT * FROM `sp_category` WHERE `cat_level` = 0  [ RunTime:0.0008s ]
SQL: SELECT * FROM `sp_category` WHERE `cat_level` = 1  [ RunTime:0.0008s ]
SQL: SELECT * FROM `sp_category` WHERE `cat_level` = 2  [ RunTime:0.0006s ]
SQL: SHOW COLUMNS FROM `sp_comment` [ RunTime:0.0075s ]
SQL: INSERT INTO `sp_comment` (`cmt_star`,`cmt_msg`,`goods_id`,`user_id`,`upd_time`,`add_time`) VALUES ('3','类似的考虑数据都流口水<br />','27','33','1465089948','1465089948') [ RunTime:0.0038s ]
SQL: SELECT u.user_name,c.cmt_id,c.cmt_msg,c.cmt_star,left(from_unixtime(c.add_time),16) cmttime FROM sp_comment c INNER JOIN sp_user u on c.user_id=u.user_id  WHERE `cmt_id` = '18' LIMIT 1   [ RunTime:0.0010s ]
INFO: [ app_end ] --START--
INFO: Run Behavior\ShowPageTraceBehavior [ RunTime:0.002126s ]
INFO: [ app_end ] --END-- [ RunTime:0.002293s ]

[ 2016-06-05T09:30:26+08:00 ] 127.0.0.1 /index.php/Home/Comment/addCmt
INFO: [ app_begin ] --START--
INFO: Run Behavior\ReadHtmlCacheBehavior [ RunTime:0.000908s ]
INFO: [ app_begin ] --END-- [ RunTime:0.001633s ]
SQL: SHOW COLUMNS FROM `sp_category` [ RunTime:0.0077s ]
SQL: SELECT * FROM `sp_category` WHERE `cat_level` = 0  [ RunTime:0.0007s ]
SQL: SELECT * FROM `sp_category` WHERE `cat_level` = 1  [ RunTime:0.0005s ]
SQL: SELECT * FROM `sp_category` WHERE `cat_level` = 2  [ RunTime:0.0006s ]
SQL: SHOW COLUMNS FROM `sp_comment` [ RunTime:0.0073s ]
SQL: INSERT INTO `sp_comment` (`cmt_star`,`cmt_msg`,`goods_id`,`user_id`,`upd_time`,`add_time`) VALUES ('3','来得快就立刻飞快<br />','27','33','1465090226','1465090226') [ RunTime:0.0020s ]
SQL: SELECT u.user_name,c.cmt_id,c.cmt_msg,c.cmt_star,left(from_unixtime(c.add_time),16) cmttime FROM sp_comment c INNER JOIN sp_user u on c.user_id=u.user_id  WHERE `cmt_id` = '19' LIMIT 1   [ RunTime:0.0006s ]
INFO: [ app_end ] --START--
INFO: Run Behavior\ShowPageTraceBehavior [ RunTime:0.001434s ]
INFO: [ app_end ] --END-- [ RunTime:0.001534s ]

[ 2016-06-05T10:01:36+08:00 ] 127.0.0.1 /index.php/Home/Comment/addCmt
INFO: [ app_begin ] --START--
INFO: Run Behavior\ReadHtmlCacheBehavior [ RunTime:0.001481s ]
INFO: [ app_begin ] --END-- [ RunTime:0.002556s ]
SQL: SHOW COLUMNS FROM `sp_category` [ RunTime:0.0069s ]
SQL: SELECT * FROM `sp_category` WHERE `cat_level` = 0  [ RunTime:0.0005s ]
SQL: SELECT * FROM `sp_category` WHERE `cat_level` = 1  [ RunTime:0.0004s ]
SQL: SELECT * FROM `sp_category` WHERE `cat_level` = 2  [ RunTime:0.0004s ]
SQL: SHOW COLUMNS FROM `sp_comment` [ RunTime:0.0073s ]
SQL: INSERT INTO `sp_comment` (`cmt_star`,`cmt_msg`,`goods_id`,`user_id`,`upd_time`,`add_time`) VALUES ('5','收集分类收集分<em><span style=\"color:rgb(255,0,0);\">类可使肌肤</span></em>是六块腹肌<br />','27','33','1465092096','1465092096') [ RunTime:0.0025s ]
SQL: SELECT u.user_name,c.cmt_id,c.cmt_msg,c.cmt_star,left(from_unixtime(c.add_time),16) cmttime FROM sp_comment c INNER JOIN sp_user u on c.user_id=u.user_id  WHERE `cmt_id` = '20' LIMIT 1   [ RunTime:0.0006s ]
INFO: [ app_end ] --START--
INFO: Run Behavior\ShowPageTraceBehavior [ RunTime:0.001421s ]
INFO: [ app_end ] --END-- [ RunTime:0.001524s ]

[ 2016-06-05T10:39:05+08:00 ] 127.0.0.1 /index.php/Home/User/isLogin
INFO: [ app_begin ] --START--
INFO: Run Behavior\ReadHtmlCacheBehavior [ RunTime:0.001301s ]
INFO: [ app_begin ] --END-- [ RunTime:0.002237s ]
SQL: SHOW COLUMNS FROM `sp_category` [ RunTime:0.0075s ]
SQL: SELECT * FROM `sp_category` WHERE `cat_level` = 0  [ RunTime:0.0008s ]
SQL: SELECT * FROM `sp_category` WHERE `cat_level` = 1  [ RunTime:0.0011s ]
SQL: SELECT * FROM `sp_category` WHERE `cat_level` = 2  [ RunTime:0.0009s ]
INFO: [ app_end ] --START--
INFO: Run Behavior\ShowPageTraceBehavior [ RunTime:0.002094s ]
INFO: [ app_end ] --END-- [ RunTime:0.002275s ]

[ 2016-06-05T10:39:32+08:00 ] 127.0.0.1 /index.php/Home/User/isLogin
INFO: [ app_begin ] --START--
INFO: Run Behavior\ReadHtmlCacheBehavior [ RunTime:0.000950s ]
INFO: [ app_begin ] --END-- [ RunTime:0.001727s ]
SQL: SHOW COLUMNS FROM `sp_category` [ RunTime:0.0078s ]
SQL: SELECT * FROM `sp_category` WHERE `cat_level` = 0  [ RunTime:0.0005s ]
SQL: SELECT * FROM `sp_category` WHERE `cat_level` = 1  [ RunTime:0.0004s ]
SQL: SELECT * FROM `sp_category` WHERE `cat_level` = 2  [ RunTime:0.0004s ]
INFO: [ app_end ] --START--
INFO: Run Behavior\ShowPageTraceBehavior [ RunTime:0.001062s ]
INFO: [ app_end ] --END-- [ RunTime:0.001160s ]

[ 2016-06-05T10:44:31+08:00 ] 127.0.0.1 /index.php/Home/User/isLogin
INFO: [ app_begin ] --START--
INFO: Run Behavior\ReadHtmlCacheBehavior [ RunTime:0.001212s ]
INFO: [ app_begin ] --END-- [ RunTime:0.002031s ]
SQL: SHOW COLUMNS FROM `sp_category` [ RunTime:0.0097s ]
SQL: SELECT * FROM `sp_category` WHERE `cat_level` = 0  [ RunTime:0.0009s ]
SQL: SELECT * FROM `sp_category` WHERE `cat_level` = 1  [ RunTime:0.0007s ]
SQL: SELECT * FROM `sp_category` WHERE `cat_level` = 2  [ RunTime:0.0009s ]
INFO: [ app_end ] --START--
INFO: Run Behavior\ShowPageTraceBehavior [ RunTime:0.001429s ]
INFO: [ app_end ] --END-- [ RunTime:0.001569s ]

[ 2016-06-05T10:44:42+08:00 ] 127.0.0.1 /index.php/Home/User/isLogin
INFO: [ app_begin ] --START--
INFO: Run Behavior\ReadHtmlCacheBehavior [ RunTime:0.001256s ]
INFO: [ app_begin ] --END-- [ RunTime:0.002289s ]
SQL: SHOW COLUMNS FROM `sp_category` [ RunTime:0.0068s ]
SQL: SELECT * FROM `sp_category` WHERE `cat_level` = 0  [ RunTime:0.0005s ]
SQL: SELECT * FROM `sp_category` WHERE `cat_level` = 1  [ RunTime:0.0003s ]
SQL: SELECT * FROM `sp_category` WHERE `cat_level` = 2  [ RunTime:0.0004s ]
INFO: [ app_end ] --START--
INFO: Run Behavior\ShowPageTraceBehavior [ RunTime:0.001074s ]
INFO: [ app_end ] --END-- [ RunTime:0.001176s ]

[ 2016-06-05T10:45:16+08:00 ] 127.0.0.1 /index.php/Home/User/isLogin
INFO: [ app_begin ] --START--
INFO: Run Behavior\ReadHtmlCacheBehavior [ RunTime:0.001508s ]
INFO: [ app_begin ] --END-- [ RunTime:0.002834s ]
SQL: SHOW COLUMNS FROM `sp_category` [ RunTime:0.0078s ]
SQL: SELECT * FROM `sp_category` WHERE `cat_level` = 0  [ RunTime:0.0007s ]
SQL: SELECT * FROM `sp_category` WHERE `cat_level` = 1  [ RunTime:0.0005s ]
SQL: SELECT * FROM `sp_category` WHERE `cat_level` = 2  [ RunTime:0.0006s ]
INFO: [ app_end ] --START--
INFO: Run Behavior\ShowPageTraceBehavior [ RunTime:0.001290s ]
INFO: [ app_end ] --END-- [ RunTime:0.001391s ]

[ 2016-06-05T10:53:04+08:00 ] 127.0.0.1 /index.php/Home/User/isLogin
INFO: [ app_begin ] --START--
INFO: Run Behavior\ReadHtmlCacheBehavior [ RunTime:0.001776s ]
INFO: [ app_begin ] --END-- [ RunTime:0.002973s ]
SQL: SHOW COLUMNS FROM `sp_category` [ RunTime:0.0125s ]
SQL: SELECT * FROM `sp_category` WHERE `cat_level` = 0  [ RunTime:0.0009s ]
SQL: SELECT * FROM `sp_category` WHERE `cat_level` = 1  [ RunTime:0.0007s ]
SQL: SELECT * FROM `sp_category` WHERE `cat_level` = 2  [ RunTime:0.0008s ]
INFO: [ app_end ] --START--
INFO: Run Behavior\ShowPageTraceBehavior [ RunTime:0.002306s ]
INFO: [ app_end ] --END-- [ RunTime:0.002474s ]

[ 2016-06-05T10:53:10+08:00 ] 127.0.0.1 /index.php/Home/User/isLogin
INFO: [ app_begin ] --START--
INFO: Run Behavior\ReadHtmlCacheBehavior [ RunTime:0.000917s ]
INFO: [ app_begin ] --END-- [ RunTime:0.001565s ]
SQL: SHOW COLUMNS FROM `sp_category` [ RunTime:0.0079s ]
SQL: SELECT * FROM `sp_category` WHERE `cat_level` = 0  [ RunTime:0.0007s ]
SQL: SELECT * FROM `sp_category` WHERE `cat_level` = 1  [ RunTime:0.0005s ]
SQL: SELECT * FROM `sp_category` WHERE `cat_level` = 2  [ RunTime:0.0004s ]
INFO: [ app_end ] --START--
INFO: Run Behavior\ShowPageTraceBehavior [ RunTime:0.001141s ]
INFO: [ app_end ] --END-- [ RunTime:0.001243s ]

[ 2016-06-05T10:53:12+08:00 ] 127.0.0.1 /index.php/Home/User/isLogin
INFO: [ app_begin ] --START--
INFO: Run Behavior\ReadHtmlCacheBehavior [ RunTime:0.001282s ]
INFO: [ app_begin ] --END-- [ RunTime:0.002346s ]
SQL: SHOW COLUMNS FROM `sp_category` [ RunTime:0.0072s ]
SQL: SELECT * FROM `sp_category` WHERE `cat_level` = 0  [ RunTime:0.0007s ]
SQL: SELECT * FROM `sp_category` WHERE `cat_level` = 1  [ RunTime:0.0006s ]
SQL: SELECT * FROM `sp_category` WHERE `cat_level` = 2  [ RunTime:0.0004s ]
INFO: [ app_end ] --START--
INFO: Run Behavior\ShowPageTraceBehavior [ RunTime:0.001087s ]
INFO: [ app_end ] --END-- [ RunTime:0.001183s ]

[ 2016-06-05T10:53:15+08:00 ] 127.0.0.1 /index.php/Home/User/isLogin
INFO: [ app_begin ] --START--
INFO: Run Behavior\ReadHtmlCacheBehavior [ RunTime:0.001464s ]
INFO: [ app_begin ] --END-- [ RunTime:0.002515s ]
SQL: SHOW COLUMNS FROM `sp_category` [ RunTime:0.0140s ]
SQL: SELECT * FROM `sp_category` WHERE `cat_level` = 0  [ RunTime:0.0007s ]
SQL: SELECT * FROM `sp_category` WHERE `cat_level` = 1  [ RunTime:0.0011s ]
SQL: SELECT * FROM `sp_category` WHERE `cat_level` = 2  [ RunTime:0.0007s ]
INFO: [ app_end ] --START--
INFO: Run Behavior\ShowPageTraceBehavior [ RunTime:0.001580s ]
INFO: [ app_end ] --END-- [ RunTime:0.001755s ]

[ 2016-06-05T10:53:47+08:00 ] 127.0.0.1 /index.php/Home/User/isLogin
INFO: [ app_begin ] --START--
INFO: Run Behavior\ReadHtmlCacheBehavior [ RunTime:0.000893s ]
INFO: [ app_begin ] --END-- [ RunTime:0.001594s ]
SQL: SHOW COLUMNS FROM `sp_category` [ RunTime:0.0071s ]
SQL: SELECT * FROM `sp_category` WHERE `cat_level` = 0  [ RunTime:0.0075s ]
SQL: SELECT * FROM `sp_category` WHERE `cat_level` = 1  [ RunTime:0.0009s ]
SQL: SELECT * FROM `sp_category` WHERE `cat_level` = 2  [ RunTime:0.0010s ]
INFO: [ app_end ] --START--
INFO: Run Behavior\ShowPageTraceBehavior [ RunTime:0.003050s ]
INFO: [ app_end ] --END-- [ RunTime:0.003196s ]

[ 2016-06-05T10:54:11+08:00 ] 127.0.0.1 /index.php/Home/User/isLogin
INFO: [ app_begin ] --START--
INFO: Run Behavior\ReadHtmlCacheBehavior [ RunTime:0.000940s ]
INFO: [ app_begin ] --END-- [ RunTime:0.001692s ]
SQL: SHOW COLUMNS FROM `sp_category` [ RunTime:0.0120s ]
SQL: SELECT * FROM `sp_category` WHERE `cat_level` = 0  [ RunTime:0.0008s ]
SQL: SELECT * FROM `sp_category` WHERE `cat_level` = 1  [ RunTime:0.0006s ]
SQL: SELECT * FROM `sp_category` WHERE `cat_level` = 2  [ RunTime:0.0009s ]
INFO: [ app_end ] --START--
INFO: Run Behavior\ShowPageTraceBehavior [ RunTime:0.001724s ]
INFO: [ app_end ] --END-- [ RunTime:0.001904s ]

[ 2016-06-05T10:58:33+08:00 ] 127.0.0.1 /index.php/Home/User/isLogin
INFO: [ app_begin ] --START--
INFO: Run Behavior\ReadHtmlCacheBehavior [ RunTime:0.001013s ]
INFO: [ app_begin ] --END-- [ RunTime:0.001751s ]
SQL: SHOW COLUMNS FROM `sp_category` [ RunTime:0.0101s ]
SQL: SELECT * FROM `sp_category` WHERE `cat_level` = 0  [ RunTime:0.0009s ]
SQL: SELECT * FROM `sp_category` WHERE `cat_level` = 1  [ RunTime:0.0016s ]
SQL: SELECT * FROM `sp_category` WHERE `cat_level` = 2  [ RunTime:0.0011s ]
INFO: [ app_end ] --START--
INFO: Run Behavior\ShowPageTraceBehavior [ RunTime:0.002010s ]
INFO: [ app_end ] --END-- [ RunTime:0.002197s ]

[ 2016-06-05T11:13:41+08:00 ] 127.0.0.1 /index.php/Home/User/isLogin
INFO: [ app_begin ] --START--
INFO: Run Behavior\ReadHtmlCacheBehavior [ RunTime:0.001758s ]
INFO: [ app_begin ] --END-- [ RunTime:0.003002s ]
SQL: SHOW COLUMNS FROM `sp_category` [ RunTime:0.0077s ]
SQL: SELECT * FROM `sp_category` WHERE `cat_level` = 0  [ RunTime:0.0006s ]
SQL: SELECT * FROM `sp_category` WHERE `cat_level` = 1  [ RunTime:0.0023s ]
SQL: SELECT * FROM `sp_category` WHERE `cat_level` = 2  [ RunTime:0.0016s ]
INFO: [ app_end ] --START--
INFO: Run Behavior\ShowPageTraceBehavior [ RunTime:0.002082s ]
INFO: [ app_end ] --END-- [ RunTime:0.002243s ]

[ 2016-06-05T11:23:30+08:00 ] 127.0.0.1 /index.php/Home/User/isLogin
INFO: [ app_begin ] --START--
INFO: Run Behavior\ReadHtmlCacheBehavior [ RunTime:0.001426s ]
INFO: [ app_begin ] --END-- [ RunTime:0.002181s ]
SQL: SHOW COLUMNS FROM `sp_category` [ RunTime:0.0069s ]
SQL: SELECT * FROM `sp_category` WHERE `cat_level` = 0  [ RunTime:0.0006s ]
SQL: SELECT * FROM `sp_category` WHERE `cat_level` = 1  [ RunTime:0.0003s ]
SQL: SELECT * FROM `sp_category` WHERE `cat_level` = 2  [ RunTime:0.0005s ]
INFO: [ app_end ] --START--
INFO: Run Behavior\ShowPageTraceBehavior [ RunTime:0.002821s ]
INFO: [ app_end ] --END-- [ RunTime:0.003023s ]

[ 2016-06-05T11:23:35+08:00 ] 127.0.0.1 /index.php/Home/User/loginBack
INFO: [ app_begin ] --START--
INFO: Run Behavior\ReadHtmlCacheBehavior [ RunTime:0.001397s ]
INFO: [ app_begin ] --END-- [ RunTime:0.002242s ]
SQL: SHOW COLUMNS FROM `sp_category` [ RunTime:0.0073s ]
SQL: SELECT * FROM `sp_category` WHERE `cat_level` = 0  [ RunTime:0.0006s ]
SQL: SELECT * FROM `sp_category` WHERE `cat_level` = 1  [ RunTime:0.0005s ]
SQL: SELECT * FROM `sp_category` WHERE `cat_level` = 2  [ RunTime:0.0006s ]
NOTIC: [8] Undefined variable: user E:\web\php45\shop\Home\Controller\UserController.class.php 第 59 行.

[ 2016-06-05T11:23:36+08:00 ] 127.0.0.1 /index.php/Home/User/loginBack
INFO: [ app_begin ] --START--
INFO: Run Behavior\ReadHtmlCacheBehavior [ RunTime:0.002620s ]
INFO: [ app_begin ] --END-- [ RunTime:0.003967s ]
SQL: SHOW COLUMNS FROM `sp_category` [ RunTime:0.0078s ]
SQL: SELECT * FROM `sp_category` WHERE `cat_level` = 0  [ RunTime:0.0006s ]
SQL: SELECT * FROM `sp_category` WHERE `cat_level` = 1  [ RunTime:0.0004s ]
SQL: SELECT * FROM `sp_category` WHERE `cat_level` = 2  [ RunTime:0.0004s ]
NOTIC: [8] Undefined variable: user E:\web\php45\shop\Home\Controller\UserController.class.php 第 59 行.

[ 2016-06-05T11:23:42+08:00 ] 127.0.0.1 /index.php/Home/User/loginBack
INFO: [ app_begin ] --START--
INFO: Run Behavior\ReadHtmlCacheBehavior [ RunTime:0.001233s ]
INFO: [ app_begin ] --END-- [ RunTime:0.002111s ]
SQL: SHOW COLUMNS FROM `sp_category` [ RunTime:0.0080s ]
SQL: SELECT * FROM `sp_category` WHERE `cat_level` = 0  [ RunTime:0.0006s ]
SQL: SELECT * FROM `sp_category` WHERE `cat_level` = 1  [ RunTime:0.0005s ]
SQL: SELECT * FROM `sp_category` WHERE `cat_level` = 2  [ RunTime:0.0006s ]
NOTIC: [8] Undefined variable: user E:\web\php45\shop\Home\Controller\UserController.class.php 第 59 行.

[ 2016-06-05T11:24:24+08:00 ] 127.0.0.1 /index.php/Home/User/isLogin
INFO: [ app_begin ] --START--
INFO: Run Behavior\ReadHtmlCacheBehavior [ RunTime:0.002464s ]
INFO: [ app_begin ] --END-- [ RunTime:0.003823s ]
SQL: SHOW COLUMNS FROM `sp_category` [ RunTime:0.0105s ]
SQL: SELECT * FROM `sp_category` WHERE `cat_level` = 0  [ RunTime:0.0008s ]
SQL: SELECT * FROM `sp_category` WHERE `cat_level` = 1  [ RunTime:0.0005s ]
SQL: SELECT * FROM `sp_category` WHERE `cat_level` = 2  [ RunTime:0.0006s ]
INFO: [ app_end ] --START--
INFO: Run Behavior\ShowPageTraceBehavior [ RunTime:0.001465s ]
INFO: [ app_end ] --END-- [ RunTime:0.001610s ]

[ 2016-06-05T11:24:27+08:00 ] 127.0.0.1 /index.php/Home/User/loginBack
INFO: [ app_begin ] --START--
INFO: Run Behavior\ReadHtmlCacheBehavior [ RunTime:0.001639s ]
INFO: [ app_begin ] --END-- [ RunTime:0.003928s ]
SQL: SHOW COLUMNS FROM `sp_category` [ RunTime:0.0105s ]
SQL: SELECT * FROM `sp_category` WHERE `cat_level` = 0  [ RunTime:0.0007s ]
SQL: SELECT * FROM `sp_category` WHERE `cat_level` = 1  [ RunTime:0.0004s ]
SQL: SELECT * FROM `sp_category` WHERE `cat_level` = 2  [ RunTime:0.0005s ]
NOTIC: [8] Undefined variable: user E:\web\php45\shop\Home\Controller\UserController.class.php 第 59 行.

[ 2016-06-05T11:24:32+08:00 ] 127.0.0.1 /index.php/Home/User/loginBack
INFO: [ app_begin ] --START--
INFO: Run Behavior\ReadHtmlCacheBehavior [ RunTime:0.001282s ]
INFO: [ app_begin ] --END-- [ RunTime:0.002448s ]
SQL: SHOW COLUMNS FROM `sp_category` [ RunTime:0.0089s ]
SQL: SELECT * FROM `sp_category` WHERE `cat_level` = 0  [ RunTime:0.0006s ]
SQL: SELECT * FROM `sp_category` WHERE `cat_level` = 1  [ RunTime:0.0005s ]
SQL: SELECT * FROM `sp_category` WHERE `cat_level` = 2  [ RunTime:0.0006s ]
NOTIC: [8] Undefined variable: user E:\web\php45\shop\Home\Controller\UserController.class.php 第 59 行.

[ 2016-06-05T11:24:56+08:00 ] 127.0.0.1 /index.php/Home/User/isLogin
INFO: [ app_begin ] --START--
INFO: Run Behavior\ReadHtmlCacheBehavior [ RunTime:0.001558s ]
INFO: [ app_begin ] --END-- [ RunTime:0.002737s ]
SQL: SHOW COLUMNS FROM `sp_category` [ RunTime:0.0076s ]
SQL: SELECT * FROM `sp_category` WHERE `cat_level` = 0  [ RunTime:0.0006s ]
SQL: SELECT * FROM `sp_category` WHERE `cat_level` = 1  [ RunTime:0.0006s ]
SQL: SELECT * FROM `sp_category` WHERE `cat_level` = 2  [ RunTime:0.0006s ]
INFO: [ app_end ] --START--
INFO: Run Behavior\ShowPageTraceBehavior [ RunTime:0.001660s ]
INFO: [ app_end ] --END-- [ RunTime:0.001781s ]

[ 2016-06-05T11:24:58+08:00 ] 127.0.0.1 /index.php/Home/User/loginBack
INFO: [ app_begin ] --START--
INFO: Run Behavior\ReadHtmlCacheBehavior [ RunTime:0.001231s ]
INFO: [ app_begin ] --END-- [ RunTime:0.002226s ]
SQL: SHOW COLUMNS FROM `sp_category` [ RunTime:0.0075s ]
SQL: SELECT * FROM `sp_category` WHERE `cat_level` = 0  [ RunTime:0.0006s ]
SQL: SELECT * FROM `sp_category` WHERE `cat_level` = 1  [ RunTime:0.0004s ]
SQL: SELECT * FROM `sp_category` WHERE `cat_level` = 2  [ RunTime:0.0005s ]
SQL: SHOW COLUMNS FROM `sp_user` [ RunTime:0.0068s ]
SQL: SELECT * FROM `sp_user` WHERE `user_name` = 'sfddsf' AND `user_pwd` = 'sfdsdf' LIMIT 1   [ RunTime:0.0006s ]
INFO: [ app_end ] --START--
INFO: Run Behavior\ShowPageTraceBehavior [ RunTime:0.001574s ]
INFO: [ app_end ] --END-- [ RunTime:0.001680s ]

[ 2016-06-05T11:25:28+08:00 ] 127.0.0.1 /index.php/Home/User/loginBack
INFO: [ app_begin ] --START--
INFO: Run Behavior\ReadHtmlCacheBehavior [ RunTime:0.001723s ]
INFO: [ app_begin ] --END-- [ RunTime:0.002875s ]
SQL: SHOW COLUMNS FROM `sp_category` [ RunTime:0.0072s ]
SQL: SELECT * FROM `sp_category` WHERE `cat_level` = 0  [ RunTime:0.0008s ]
SQL: SELECT * FROM `sp_category` WHERE `cat_level` = 1  [ RunTime:0.0005s ]
SQL: SELECT * FROM `sp_category` WHERE `cat_level` = 2  [ RunTime:0.0005s ]
SQL: SHOW COLUMNS FROM `sp_user` [ RunTime:0.0075s ]
SQL: SELECT * FROM `sp_user` WHERE `user_name` = 'linken' AND `user_pwd` = '123' LIMIT 1   [ RunTime:0.0006s ]
INFO: [ app_end ] --START--
INFO: Run Behavior\ShowPageTraceBehavior [ RunTime:0.001239s ]
INFO: [ app_end ] --END-- [ RunTime:0.001393s ]

[ 2016-06-05T11:25:33+08:00 ] 127.0.0.1 /index.php/Home/User/isLogin
INFO: [ app_begin ] --START--
INFO: Run Behavior\ReadHtmlCacheBehavior [ RunTime:0.000929s ]
INFO: [ app_begin ] --END-- [ RunTime:0.001602s ]
SQL: SHOW COLUMNS FROM `sp_category` [ RunTime:0.0078s ]
SQL: SELECT * FROM `sp_category` WHERE `cat_level` = 0  [ RunTime:0.0010s ]
SQL: SELECT * FROM `sp_category` WHERE `cat_level` = 1  [ RunTime:0.0007s ]
SQL: SELECT * FROM `sp_category` WHERE `cat_level` = 2  [ RunTime:0.0008s ]
INFO: [ app_end ] --START--
INFO: Run Behavior\ShowPageTraceBehavior [ RunTime:0.001499s ]
INFO: [ app_end ] --END-- [ RunTime:0.001651s ]

[ 2016-06-05T11:40:16+08:00 ] 127.0.0.1 /index.php/Home/User/isLogin
INFO: [ app_begin ] --START--
INFO: Run Behavior\ReadHtmlCacheBehavior [ RunTime:0.001337s ]
INFO: [ app_begin ] --END-- [ RunTime:0.002246s ]
SQL: SHOW COLUMNS FROM `sp_category` [ RunTime:0.0071s ]
SQL: SELECT * FROM `sp_category` WHERE `cat_level` = 0  [ RunTime:0.0007s ]
SQL: SELECT * FROM `sp_category` WHERE `cat_level` = 1  [ RunTime:0.0005s ]
SQL: SELECT * FROM `sp_category` WHERE `cat_level` = 2  [ RunTime:0.0006s ]
INFO: [ app_end ] --START--
INFO: Run Behavior\ShowPageTraceBehavior [ RunTime:0.001707s ]
INFO: [ app_end ] --END-- [ RunTime:0.001861s ]

[ 2016-06-05T11:40:25+08:00 ] 127.0.0.1 /index.php/Home/Comment/sendBack
INFO: [ app_begin ] --START--
INFO: Run Behavior\ReadHtmlCacheBehavior [ RunTime:0.001049s ]
INFO: [ app_begin ] --END-- [ RunTime:0.001807s ]
SQL: SHOW COLUMNS FROM `sp_category` [ RunTime:0.0098s ]
SQL: SELECT * FROM `sp_category` WHERE `cat_level` = 0  [ RunTime:0.0029s ]
SQL: SELECT * FROM `sp_category` WHERE `cat_level` = 1  [ RunTime:0.0031s ]
SQL: SELECT * FROM `sp_category` WHERE `cat_level` = 2  [ RunTime:0.0006s ]
SQL: SHOW COLUMNS FROM `sp_back` [ RunTime:0.0080s ]
SQL: INSERT INTO `sp_back` (`back_msg`,`cmt_id`,`user_id`,`upd_time`,`add_time`) VALUES ('临时决定离开时间的','18','30','1465098025','1465098025') [ RunTime:0.0018s ]
SQL: SELECT u.user_name,b.back_id,b.back_msg,left(from_unixtime(b.add_time),16) FROM sp_back b INNER JOIN sp_user u on b.user_id=u.user_id  WHERE `back_id` = '11' LIMIT 1   [ RunTime:0.0006s ]
INFO: [ app_end ] --START--
INFO: Run Behavior\ShowPageTraceBehavior [ RunTime:0.001799s ]
INFO: [ app_end ] --END-- [ RunTime:0.001958s ]

[ 2016-06-05T11:47:52+08:00 ] 127.0.0.1 /index.php/Home/User/isLogin
INFO: [ app_begin ] --START--
INFO: Run Behavior\ReadHtmlCacheBehavior [ RunTime:0.001265s ]
INFO: [ app_begin ] --END-- [ RunTime:0.002189s ]
SQL: SHOW COLUMNS FROM `sp_category` [ RunTime:0.0079s ]
SQL: SELECT * FROM `sp_category` WHERE `cat_level` = 0  [ RunTime:0.0006s ]
SQL: SELECT * FROM `sp_category` WHERE `cat_level` = 1  [ RunTime:0.0005s ]
SQL: SELECT * FROM `sp_category` WHERE `cat_level` = 2  [ RunTime:0.0005s ]
INFO: [ app_end ] --START--
INFO: Run Behavior\ShowPageTraceBehavior [ RunTime:0.001101s ]
INFO: [ app_end ] --END-- [ RunTime:0.001201s ]

[ 2016-06-05T11:47:57+08:00 ] 127.0.0.1 /index.php/Home/Comment/sendBack
INFO: [ app_begin ] --START--
INFO: Run Behavior\ReadHtmlCacheBehavior [ RunTime:0.000879s ]
INFO: [ app_begin ] --END-- [ RunTime:0.001597s ]
SQL: SHOW COLUMNS FROM `sp_category` [ RunTime:0.0077s ]
SQL: SELECT * FROM `sp_category` WHERE `cat_level` = 0  [ RunTime:0.0012s ]
SQL: SELECT * FROM `sp_category` WHERE `cat_level` = 1  [ RunTime:0.0007s ]
SQL: SELECT * FROM `sp_category` WHERE `cat_level` = 2  [ RunTime:0.0011s ]
SQL: SHOW COLUMNS FROM `sp_back` [ RunTime:0.0101s ]
SQL: INSERT INTO `sp_back` (`back_msg`,`cmt_id`,`user_id`,`upd_time`,`add_time`) VALUES ('了上刊登了健身房考虑的开发了','18','30','1465098477','1465098477') [ RunTime:0.0019s ]
ERR: SQLSTATE[42000]: Syntax error or access violation: 1064 You have an error in your SQL syntax; check the manual that corresponds to your MySQL server version for the right syntax to use near 'backtime,16) FROM sp_back b INNER JOIN sp_user u on b.user_id=u.user_id  WHERE `' at line 1

[ 2016-06-05T11:48:04+08:00 ] 127.0.0.1 /index.php/Home/Comment/sendBack
INFO: [ app_begin ] --START--
INFO: Run Behavior\ReadHtmlCacheBehavior [ RunTime:0.001324s ]
INFO: [ app_begin ] --END-- [ RunTime:0.002296s ]
SQL: SHOW COLUMNS FROM `sp_category` [ RunTime:0.0105s ]
SQL: SELECT * FROM `sp_category` WHERE `cat_level` = 0  [ RunTime:0.0011s ]
SQL: SELECT * FROM `sp_category` WHERE `cat_level` = 1  [ RunTime:0.0008s ]
SQL: SELECT * FROM `sp_category` WHERE `cat_level` = 2  [ RunTime:0.0005s ]
SQL: SHOW COLUMNS FROM `sp_back` [ RunTime:0.0069s ]
SQL: INSERT INTO `sp_back` (`back_msg`,`cmt_id`,`user_id`,`upd_time`,`add_time`) VALUES ('了上刊登了健身房考虑的开发了','18','30','1465098484','1465098484') [ RunTime:0.0016s ]
ERR: SQLSTATE[42000]: Syntax error or access violation: 1064 You have an error in your SQL syntax; check the manual that corresponds to your MySQL server version for the right syntax to use near 'backtime,16) FROM sp_back b INNER JOIN sp_user u on b.user_id=u.user_id  WHERE `' at line 1

[ 2016-06-05T11:49:04+08:00 ] 127.0.0.1 /index.php/Home/User/isLogin
INFO: [ app_begin ] --START--
INFO: Run Behavior\ReadHtmlCacheBehavior [ RunTime:0.000980s ]
INFO: [ app_begin ] --END-- [ RunTime:0.001797s ]
SQL: SHOW COLUMNS FROM `sp_category` [ RunTime:0.0087s ]
SQL: SELECT * FROM `sp_category` WHERE `cat_level` = 0  [ RunTime:0.0051s ]
SQL: SELECT * FROM `sp_category` WHERE `cat_level` = 1  [ RunTime:0.0006s ]
SQL: SELECT * FROM `sp_category` WHERE `cat_level` = 2  [ RunTime:0.0005s ]
INFO: [ app_end ] --START--
INFO: Run Behavior\ShowPageTraceBehavior [ RunTime:0.001303s ]
INFO: [ app_end ] --END-- [ RunTime:0.001431s ]

[ 2016-06-05T11:49:09+08:00 ] 127.0.0.1 /index.php/Home/Comment/sendBack
INFO: [ app_begin ] --START--
INFO: Run Behavior\ReadHtmlCacheBehavior [ RunTime:0.001294s ]
INFO: [ app_begin ] --END-- [ RunTime:0.002554s ]
SQL: SHOW COLUMNS FROM `sp_category` [ RunTime:0.0105s ]
SQL: SELECT * FROM `sp_category` WHERE `cat_level` = 0  [ RunTime:0.0006s ]
SQL: SELECT * FROM `sp_category` WHERE `cat_level` = 1  [ RunTime:0.0004s ]
SQL: SELECT * FROM `sp_category` WHERE `cat_level` = 2  [ RunTime:0.0014s ]
SQL: SHOW COLUMNS FROM `sp_back` [ RunTime:0.0072s ]
SQL: INSERT INTO `sp_back` (`back_msg`,`cmt_id`,`user_id`,`upd_time`,`add_time`) VALUES ('临时决定离开时间登录看','18','30','1465098549','1465098549') [ RunTime:0.0018s ]
SQL: SELECT u.user_name,b.back_id,b.back_msg,left(from_unixtime(b.add_time),16) backtime FROM sp_back b INNER JOIN sp_user u on b.user_id=u.user_id  WHERE `back_id` = '14' LIMIT 1   [ RunTime:0.0005s ]
INFO: [ app_end ] --START--
INFO: Run Behavior\ShowPageTraceBehavior [ RunTime:0.001183s ]
INFO: [ app_end ] --END-- [ RunTime:0.001315s ]

[ 2016-06-05T11:50:03+08:00 ] 127.0.0.1 /index.php/Home/User/isLogin
INFO: [ app_begin ] --START--
INFO: Run Behavior\ReadHtmlCacheBehavior [ RunTime:0.001065s ]
INFO: [ app_begin ] --END-- [ RunTime:0.001863s ]
SQL: SHOW COLUMNS FROM `sp_category` [ RunTime:0.0096s ]
SQL: SELECT * FROM `sp_category` WHERE `cat_level` = 0  [ RunTime:0.0012s ]
SQL: SELECT * FROM `sp_category` WHERE `cat_level` = 1  [ RunTime:0.0009s ]
SQL: SELECT * FROM `sp_category` WHERE `cat_level` = 2  [ RunTime:0.0029s ]
INFO: [ app_end ] --START--
INFO: Run Behavior\ShowPageTraceBehavior [ RunTime:0.002318s ]
INFO: [ app_end ] --END-- [ RunTime:0.002582s ]

[ 2016-06-05T11:50:08+08:00 ] 127.0.0.1 /index.php/Home/Comment/sendBack
INFO: [ app_begin ] --START--
INFO: Run Behavior\ReadHtmlCacheBehavior [ RunTime:0.001562s ]
INFO: [ app_begin ] --END-- [ RunTime:0.008514s ]
SQL: SHOW COLUMNS FROM `sp_category` [ RunTime:0.0109s ]
SQL: SELECT * FROM `sp_category` WHERE `cat_level` = 0  [ RunTime:0.0009s ]
SQL: SELECT * FROM `sp_category` WHERE `cat_level` = 1  [ RunTime:0.0006s ]
SQL: SELECT * FROM `sp_category` WHERE `cat_level` = 2  [ RunTime:0.0005s ]
SQL: SHOW COLUMNS FROM `sp_back` [ RunTime:0.0079s ]
SQL: INSERT INTO `sp_back` (`back_msg`,`cmt_id`,`user_id`,`upd_time`,`add_time`) VALUES ('洛杉矶快乐飞','16','30','1465098608','1465098608') [ RunTime:0.0016s ]
SQL: SELECT u.user_name,b.back_id,b.back_msg,left(from_unixtime(b.add_time),16) backtime FROM sp_back b INNER JOIN sp_user u on b.user_id=u.user_id  WHERE `back_id` = '15' LIMIT 1   [ RunTime:0.0008s ]
INFO: [ app_end ] --START--
INFO: Run Behavior\ShowPageTraceBehavior [ RunTime:0.001092s ]
INFO: [ app_end ] --END-- [ RunTime:0.001195s ]

[ 2016-06-05T11:51:58+08:00 ] 127.0.0.1 /index.php/Home/User/isLogin
INFO: [ app_begin ] --START--
INFO: Run Behavior\ReadHtmlCacheBehavior [ RunTime:0.000967s ]
INFO: [ app_begin ] --END-- [ RunTime:0.001680s ]
SQL: SHOW COLUMNS FROM `sp_category` [ RunTime:0.0088s ]
SQL: SELECT * FROM `sp_category` WHERE `cat_level` = 0  [ RunTime:0.0006s ]
SQL: SELECT * FROM `sp_category` WHERE `cat_level` = 1  [ RunTime:0.0006s ]
SQL: SELECT * FROM `sp_category` WHERE `cat_level` = 2  [ RunTime:0.0007s ]
INFO: [ app_end ] --START--
INFO: Run Behavior\ShowPageTraceBehavior [ RunTime:0.002107s ]
INFO: [ app_end ] --END-- [ RunTime:0.002284s ]

[ 2016-06-05T11:52:03+08:00 ] 127.0.0.1 /index.php/Home/Comment/sendBack
INFO: [ app_begin ] --START--
INFO: Run Behavior\ReadHtmlCacheBehavior [ RunTime:0.002212s ]
INFO: [ app_begin ] --END-- [ RunTime:0.003678s ]
SQL: SHOW COLUMNS FROM `sp_category` [ RunTime:0.0105s ]
SQL: SELECT * FROM `sp_category` WHERE `cat_level` = 0  [ RunTime:0.0007s ]
SQL: SELECT * FROM `sp_category` WHERE `cat_level` = 1  [ RunTime:0.0006s ]
SQL: SELECT * FROM `sp_category` WHERE `cat_level` = 2  [ RunTime:0.0007s ]
SQL: SHOW COLUMNS FROM `sp_back` [ RunTime:0.0088s ]
SQL: INSERT INTO `sp_back` (`back_msg`,`cmt_id`,`user_id`,`upd_time`,`add_time`) VALUES ('历史记录肯定是裸考军队','17','30','1465098723','1465098723') [ RunTime:0.0017s ]
SQL: SELECT u.user_name,b.back_id,b.back_msg,left(from_unixtime(b.add_time),16) backtime FROM sp_back b INNER JOIN sp_user u on b.user_id=u.user_id  WHERE `back_id` = '16' LIMIT 1   [ RunTime:0.0006s ]
INFO: [ app_end ] --START--
INFO: Run Behavior\ShowPageTraceBehavior [ RunTime:0.001453s ]
INFO: [ app_end ] --END-- [ RunTime:0.001552s ]

[ 2016-06-05T11:52:09+08:00 ] 127.0.0.1 /index.php/Home/User/isLogin
INFO: [ app_begin ] --START--
INFO: Run Behavior\ReadHtmlCacheBehavior [ RunTime:0.000937s ]
INFO: [ app_begin ] --END-- [ RunTime:0.001633s ]
SQL: SHOW COLUMNS FROM `sp_category` [ RunTime:0.0094s ]
SQL: SELECT * FROM `sp_category` WHERE `cat_level` = 0  [ RunTime:0.0007s ]
SQL: SELECT * FROM `sp_category` WHERE `cat_level` = 1  [ RunTime:0.0005s ]
SQL: SELECT * FROM `sp_category` WHERE `cat_level` = 2  [ RunTime:0.0005s ]
INFO: [ app_end ] --START--
INFO: Run Behavior\ShowPageTraceBehavior [ RunTime:0.001307s ]
INFO: [ app_end ] --END-- [ RunTime:0.001413s ]

[ 2016-06-05T11:52:32+08:00 ] 127.0.0.1 /index.php/Home/User/isLogin
INFO: [ app_begin ] --START--
INFO: Run Behavior\ReadHtmlCacheBehavior [ RunTime:0.001188s ]
INFO: [ app_begin ] --END-- [ RunTime:0.001952s ]
SQL: SHOW COLUMNS FROM `sp_category` [ RunTime:0.0066s ]
SQL: SELECT * FROM `sp_category` WHERE `cat_level` = 0  [ RunTime:0.0006s ]
SQL: SELECT * FROM `sp_category` WHERE `cat_level` = 1  [ RunTime:0.0004s ]
SQL: SELECT * FROM `sp_category` WHERE `cat_level` = 2  [ RunTime:0.0006s ]
INFO: [ app_end ] --START--
INFO: Run Behavior\ShowPageTraceBehavior [ RunTime:0.001555s ]
INFO: [ app_end ] --END-- [ RunTime:0.001671s ]

[ 2016-06-05T11:52:37+08:00 ] 127.0.0.1 /index.php/Home/Comment/sendBack
INFO: [ app_begin ] --START--
INFO: Run Behavior\ReadHtmlCacheBehavior [ RunTime:0.001068s ]
INFO: [ app_begin ] --END-- [ RunTime:0.001906s ]
SQL: SHOW COLUMNS FROM `sp_category` [ RunTime:0.0072s ]
SQL: SELECT * FROM `sp_category` WHERE `cat_level` = 0  [ RunTime:0.0007s ]
SQL: SELECT * FROM `sp_category` WHERE `cat_level` = 1  [ RunTime:0.0008s ]
SQL: SELECT * FROM `sp_category` WHERE `cat_level` = 2  [ RunTime:0.0006s ]
SQL: SHOW COLUMNS FROM `sp_back` [ RunTime:0.0078s ]
SQL: INSERT INTO `sp_back` (`back_msg`,`cmt_id`,`user_id`,`upd_time`,`add_time`) VALUES ('欧IE无人可来得快','18','30','1465098757','1465098757') [ RunTime:0.0055s ]
SQL: SELECT u.user_name,b.back_id,b.back_msg,left(from_unixtime(b.add_time),16) backtime FROM sp_back b INNER JOIN sp_user u on b.user_id=u.user_id  WHERE `back_id` = '17' LIMIT 1   [ RunTime:0.0007s ]
INFO: [ app_end ] --START--
INFO: Run Behavior\ShowPageTraceBehavior [ RunTime:0.001689s ]
INFO: [ app_end ] --END-- [ RunTime:0.001836s ]

[ 2016-06-05T11:53:29+08:00 ] 127.0.0.1 /index.php/Home/User/isLogin
INFO: [ app_begin ] --START--
INFO: Run Behavior\ReadHtmlCacheBehavior [ RunTime:0.001218s ]
INFO: [ app_begin ] --END-- [ RunTime:0.002261s ]
SQL: SHOW COLUMNS FROM `sp_category` [ RunTime:0.0130s ]
SQL: SELECT * FROM `sp_category` WHERE `cat_level` = 0  [ RunTime:0.0037s ]
SQL: SELECT * FROM `sp_category` WHERE `cat_level` = 1  [ RunTime:0.0015s ]
SQL: SELECT * FROM `sp_category` WHERE `cat_level` = 2  [ RunTime:0.0007s ]
INFO: [ app_end ] --START--
INFO: Run Behavior\ShowPageTraceBehavior [ RunTime:0.001796s ]
INFO: [ app_end ] --END-- [ RunTime:0.001949s ]

