[ 2016-08-11T09:17:42+08:00 ] 127.0.0.1 /index.php/Home/Goods/showlist/cat_id/18
ERR: SQLSTATE[42S02]: Base table or view not found: 1146 Table 'shop47.sp_order_goods' doesn't exist

[ 2016-08-11T09:21:51+08:00 ] 127.0.0.1 /index.php/Home/Comment/getCmtList?page_index=0&goods_id=25
INFO: [ app_begin ] --START--
INFO: Run Behavior\ReadHtmlCacheBehavior [ RunTime:0.001605s ]
INFO: [ app_begin ] --END-- [ RunTime:0.002928s ]
SQL: SHOW COLUMNS FROM `sp_category` [ RunTime:0.0108s ]
SQL: SELECT * FROM `sp_category` WHERE `cat_level` = 0  [ RunTime:0.0009s ]
SQL: SELECT * FROM `sp_category` WHERE `cat_level` = 1  [ RunTime:0.0010s ]
SQL: SELECT * FROM `sp_category` WHERE `cat_level` = 2  [ RunTime:0.0009s ]
SQL: SHOW COLUMNS FROM `sp_comment` [ RunTime:0.0113s ]
SQL: SELECT u.user_name,c.cmt_id,c.cmt_msg,c.cmt_star,left(from_unixtime(c.add_time),16) cmttime FROM sp_comment c INNER JOIN sp_user u on c.user_id=u.user_id  WHERE `is_show` = '0' AND `goods_id` = '25' ORDER BY c.cmt_id desc LIMIT 0,3   [ RunTime:0.0117s ]
SQL: SHOW COLUMNS FROM `sp_back` [ RunTime:0.0290s ]
SQL: SELECT u.user_name,b.back_msg,b.back_id,left(from_unixtime(b.add_time),16) backtime,b.cmt_id FROM sp_back b INNER JOIN sp_user u on b.user_id=u.user_id  WHERE b.cmt_id IN ('824','810','797') AND b.is_show = '0'  [ RunTime:0.0009s ]
INFO: [ app_end ] --START--
INFO: Run Behavior\ShowPageTraceBehavior [ RunTime:0.001806s ]
INFO: [ app_end ] --END-- [ RunTime:0.001981s ]

[ 2016-08-11T10:28:43+08:00 ] 127.0.0.1 /index.php/Home/Comment/getCmtList?page_index=0&goods_id=25
INFO: [ app_begin ] --START--
INFO: Run Behavior\ReadHtmlCacheBehavior [ RunTime:0.002061s ]
INFO: [ app_begin ] --END-- [ RunTime:0.004054s ]
SQL: SHOW COLUMNS FROM `sp_category` [ RunTime:0.0120s ]
SQL: SELECT * FROM `sp_category` WHERE `cat_level` = 0  [ RunTime:0.0008s ]
SQL: SELECT * FROM `sp_category` WHERE `cat_level` = 1  [ RunTime:0.0007s ]
SQL: SELECT * FROM `sp_category` WHERE `cat_level` = 2  [ RunTime:0.0007s ]
SQL: SHOW COLUMNS FROM `sp_comment` [ RunTime:0.0113s ]
SQL: SELECT u.user_name,c.cmt_id,c.cmt_msg,c.cmt_star,left(from_unixtime(c.add_time),16) cmttime FROM sp_comment c INNER JOIN sp_user u on c.user_id=u.user_id  WHERE `is_show` = '0' AND `goods_id` = '25' ORDER BY c.cmt_id desc LIMIT 0,3   [ RunTime:0.0011s ]
SQL: SHOW COLUMNS FROM `sp_back` [ RunTime:0.0115s ]
SQL: SELECT u.user_name,b.back_msg,b.back_id,left(from_unixtime(b.add_time),16) backtime,b.cmt_id FROM sp_back b INNER JOIN sp_user u on b.user_id=u.user_id  WHERE b.cmt_id IN ('824','810','797') AND b.is_show = '0'  [ RunTime:0.0010s ]
INFO: [ app_end ] --START--
INFO: Run Behavior\ShowPageTraceBehavior [ RunTime:0.001913s ]
INFO: [ app_end ] --END-- [ RunTime:0.002086s ]

[ 2016-08-11T10:41:17+08:00 ] 127.0.0.1 /index.php/Home/Comment/getCmtList?page_index=0&goods_id=25
INFO: [ app_begin ] --START--
INFO: Run Behavior\ReadHtmlCacheBehavior [ RunTime:0.002820s ]
INFO: [ app_begin ] --END-- [ RunTime:0.004084s ]
SQL: SHOW COLUMNS FROM `sp_category` [ RunTime:0.0107s ]
SQL: SELECT * FROM `sp_category` WHERE `cat_level` = 0  [ RunTime:0.0010s ]
SQL: SELECT * FROM `sp_category` WHERE `cat_level` = 1  [ RunTime:0.0007s ]
SQL: SELECT * FROM `sp_category` WHERE `cat_level` = 2  [ RunTime:0.0007s ]
SQL: SHOW COLUMNS FROM `sp_comment` [ RunTime:0.0135s ]
SQL: SELECT u.user_name,c.cmt_id,c.cmt_msg,c.cmt_star,left(from_unixtime(c.add_time),16) cmttime FROM sp_comment c INNER JOIN sp_user u on c.user_id=u.user_id  WHERE `is_show` = '0' AND `goods_id` = '25' ORDER BY c.cmt_id desc LIMIT 0,3   [ RunTime:0.0014s ]
SQL: SHOW COLUMNS FROM `sp_back` [ RunTime:0.0148s ]
SQL: SELECT u.user_name,b.back_msg,b.back_id,left(from_unixtime(b.add_time),16) backtime,b.cmt_id FROM sp_back b INNER JOIN sp_user u on b.user_id=u.user_id  WHERE b.cmt_id IN ('824','810','797') AND b.is_show = '0'  [ RunTime:0.0010s ]
INFO: [ app_end ] --START--
INFO: Run Behavior\ShowPageTraceBehavior [ RunTime:0.001729s ]
INFO: [ app_end ] --END-- [ RunTime:0.001892s ]

[ 2016-08-11T10:41:43+08:00 ] 127.0.0.1 /index.php/Home/Comment/getCmtList?page_index=0&goods_id=25
INFO: [ app_begin ] --START--
INFO: Run Behavior\ReadHtmlCacheBehavior [ RunTime:0.002682s ]
INFO: [ app_begin ] --END-- [ RunTime:0.005367s ]
SQL: SHOW COLUMNS FROM `sp_category` [ RunTime:0.0094s ]
SQL: SELECT * FROM `sp_category` WHERE `cat_level` = 0  [ RunTime:0.0007s ]
SQL: SELECT * FROM `sp_category` WHERE `cat_level` = 1  [ RunTime:0.0005s ]
SQL: SELECT * FROM `sp_category` WHERE `cat_level` = 2  [ RunTime:0.0005s ]
SQL: SHOW COLUMNS FROM `sp_comment` [ RunTime:0.0105s ]
SQL: SELECT u.user_name,c.cmt_id,c.cmt_msg,c.cmt_star,left(from_unixtime(c.add_time),16) cmttime FROM sp_comment c INNER JOIN sp_user u on c.user_id=u.user_id  WHERE `is_show` = '0' AND `goods_id` = '25' ORDER BY c.cmt_id desc LIMIT 0,3   [ RunTime:0.0011s ]
SQL: SHOW COLUMNS FROM `sp_back` [ RunTime:0.0121s ]
SQL: SELECT u.user_name,b.back_msg,b.back_id,left(from_unixtime(b.add_time),16) backtime,b.cmt_id FROM sp_back b INNER JOIN sp_user u on b.user_id=u.user_id  WHERE b.cmt_id IN ('824','810','797') AND b.is_show = '0'  [ RunTime:0.0019s ]
INFO: [ app_end ] --START--
INFO: Run Behavior\ShowPageTraceBehavior [ RunTime:0.002097s ]
INFO: [ app_end ] --END-- [ RunTime:0.002295s ]

[ 2016-08-11T10:45:12+08:00 ] 127.0.0.1 /index.php/Home/Comment/getCmtList?page_index=0&goods_id=25
INFO: [ app_begin ] --START--
INFO: Run Behavior\ReadHtmlCacheBehavior [ RunTime:0.002023s ]
INFO: [ app_begin ] --END-- [ RunTime:0.004033s ]
SQL: SHOW COLUMNS FROM `sp_category` [ RunTime:0.0100s ]
SQL: SELECT * FROM `sp_category` WHERE `cat_level` = 0  [ RunTime:0.0009s ]
SQL: SELECT * FROM `sp_category` WHERE `cat_level` = 1  [ RunTime:0.0006s ]
SQL: SELECT * FROM `sp_category` WHERE `cat_level` = 2  [ RunTime:0.0006s ]
SQL: SHOW COLUMNS FROM `sp_comment` [ RunTime:0.0097s ]
SQL: SELECT u.user_name,c.cmt_id,c.cmt_msg,c.cmt_star,left(from_unixtime(c.add_time),16) cmttime FROM sp_comment c INNER JOIN sp_user u on c.user_id=u.user_id  WHERE `is_show` = '0' AND `goods_id` = '25' ORDER BY c.cmt_id desc LIMIT 0,3   [ RunTime:0.0015s ]
SQL: SHOW COLUMNS FROM `sp_back` [ RunTime:0.0110s ]
SQL: SELECT u.user_name,b.back_msg,b.back_id,left(from_unixtime(b.add_time),16) backtime,b.cmt_id FROM sp_back b INNER JOIN sp_user u on b.user_id=u.user_id  WHERE b.cmt_id IN ('824','810','797') AND b.is_show = '0'  [ RunTime:0.0033s ]
INFO: [ app_end ] --START--
INFO: Run Behavior\ShowPageTraceBehavior [ RunTime:0.002291s ]
INFO: [ app_end ] --END-- [ RunTime:0.002614s ]

[ 2016-08-11T10:45:27+08:00 ] 127.0.0.1 /index.php/Home/Comment/getCmtList?page_index=0&goods_id=25
INFO: [ app_begin ] --START--
INFO: Run Behavior\ReadHtmlCacheBehavior [ RunTime:0.001534s ]
INFO: [ app_begin ] --END-- [ RunTime:0.002387s ]
SQL: SHOW COLUMNS FROM `sp_category` [ RunTime:0.0097s ]
SQL: SELECT * FROM `sp_category` WHERE `cat_level` = 0  [ RunTime:0.0008s ]
SQL: SELECT * FROM `sp_category` WHERE `cat_level` = 1  [ RunTime:0.0006s ]
SQL: SELECT * FROM `sp_category` WHERE `cat_level` = 2  [ RunTime:0.0006s ]
SQL: SHOW COLUMNS FROM `sp_comment` [ RunTime:0.0108s ]
SQL: SELECT u.user_name,c.cmt_id,c.cmt_msg,c.cmt_star,left(from_unixtime(c.add_time),16) cmttime FROM sp_comment c INNER JOIN sp_user u on c.user_id=u.user_id  WHERE `is_show` = '0' AND `goods_id` = '25' ORDER BY c.cmt_id desc LIMIT 0,3   [ RunTime:0.0013s ]
SQL: SHOW COLUMNS FROM `sp_back` [ RunTime:0.0120s ]
SQL: SELECT u.user_name,b.back_msg,b.back_id,left(from_unixtime(b.add_time),16) backtime,b.cmt_id FROM sp_back b INNER JOIN sp_user u on b.user_id=u.user_id  WHERE b.cmt_id IN ('824','810','797') AND b.is_show = '0'  [ RunTime:0.0008s ]
INFO: [ app_end ] --START--
INFO: Run Behavior\ShowPageTraceBehavior [ RunTime:0.001748s ]
INFO: [ app_end ] --END-- [ RunTime:0.001913s ]

[ 2016-08-11T11:31:57+08:00 ] 127.0.0.1 /index.php/Home/Comment/getCmtList?page_index=0&goods_id=25
INFO: [ app_begin ] --START--
INFO: Run Behavior\ReadHtmlCacheBehavior [ RunTime:0.002286s ]
INFO: [ app_begin ] --END-- [ RunTime:0.003587s ]
SQL: SHOW COLUMNS FROM `sp_category` [ RunTime:0.0112s ]
SQL: SELECT * FROM `sp_category` WHERE `cat_level` = 0  [ RunTime:0.0009s ]
SQL: SELECT * FROM `sp_category` WHERE `cat_level` = 1  [ RunTime:0.0007s ]
SQL: SELECT * FROM `sp_category` WHERE `cat_level` = 2  [ RunTime:0.0007s ]
SQL: SHOW COLUMNS FROM `sp_comment` [ RunTime:0.0106s ]
SQL: SELECT u.user_name,c.cmt_id,c.cmt_msg,c.cmt_star,left(from_unixtime(c.add_time),16) cmttime FROM sp_comment c INNER JOIN sp_user u on c.user_id=u.user_id  WHERE `is_show` = '0' AND `goods_id` = '25' ORDER BY c.cmt_id desc LIMIT 0,3   [ RunTime:0.0022s ]
SQL: SHOW COLUMNS FROM `sp_back` [ RunTime:0.0131s ]
SQL: SELECT u.user_name,b.back_msg,b.back_id,left(from_unixtime(b.add_time),16) backtime,b.cmt_id FROM sp_back b INNER JOIN sp_user u on b.user_id=u.user_id  WHERE b.cmt_id IN ('824','810','797') AND b.is_show = '0'  [ RunTime:0.0012s ]
INFO: [ app_end ] --START--
INFO: Run Behavior\ShowPageTraceBehavior [ RunTime:0.001695s ]
INFO: [ app_end ] --END-- [ RunTime:0.001884s ]

[ 2016-08-11T11:32:25+08:00 ] 127.0.0.1 /index.php/Home/Comment/getCmtList?page_index=0&goods_id=25
INFO: [ app_begin ] --START--
INFO: Run Behavior\ReadHtmlCacheBehavior [ RunTime:0.001088s ]
INFO: [ app_begin ] --END-- [ RunTime:0.001836s ]
SQL: SHOW COLUMNS FROM `sp_category` [ RunTime:0.0083s ]
SQL: SELECT * FROM `sp_category` WHERE `cat_level` = 0  [ RunTime:0.0009s ]
SQL: SELECT * FROM `sp_category` WHERE `cat_level` = 1  [ RunTime:0.0008s ]
SQL: SELECT * FROM `sp_category` WHERE `cat_level` = 2  [ RunTime:0.0007s ]
SQL: SHOW COLUMNS FROM `sp_comment` [ RunTime:0.0135s ]
SQL: SELECT u.user_name,c.cmt_id,c.cmt_msg,c.cmt_star,left(from_unixtime(c.add_time),16) cmttime FROM sp_comment c INNER JOIN sp_user u on c.user_id=u.user_id  WHERE `is_show` = '0' AND `goods_id` = '25' ORDER BY c.cmt_id desc LIMIT 0,3   [ RunTime:0.0011s ]
SQL: SHOW COLUMNS FROM `sp_back` [ RunTime:0.0112s ]
SQL: SELECT u.user_name,b.back_msg,b.back_id,left(from_unixtime(b.add_time),16) backtime,b.cmt_id FROM sp_back b INNER JOIN sp_user u on b.user_id=u.user_id  WHERE b.cmt_id IN ('824','810','797') AND b.is_show = '0'  [ RunTime:0.0008s ]
INFO: [ app_end ] --START--
INFO: Run Behavior\ShowPageTraceBehavior [ RunTime:0.001754s ]
INFO: [ app_end ] --END-- [ RunTime:0.001914s ]

[ 2016-08-11T11:32:32+08:00 ] 127.0.0.1 /index.php/Home/Shop/addCart.html?goods_id=25
INFO: [ app_begin ] --START--
INFO: Run Behavior\ReadHtmlCacheBehavior [ RunTime:0.002660s ]
INFO: [ app_begin ] --END-- [ RunTime:0.003988s ]
SQL: SHOW COLUMNS FROM `sp_category` [ RunTime:0.0123s ]
SQL: SELECT * FROM `sp_category` WHERE `cat_level` = 0  [ RunTime:0.0006s ]
SQL: SELECT * FROM `sp_category` WHERE `cat_level` = 1  [ RunTime:0.0007s ]
SQL: SELECT * FROM `sp_category` WHERE `cat_level` = 2  [ RunTime:0.0006s ]
SQL: SHOW COLUMNS FROM `sp_goods` [ RunTime:0.0126s ]
SQL: SELECT * FROM `sp_goods` WHERE `goods_id` = 25 LIMIT 1   [ RunTime:0.0008s ]
NOTIC: [8] A session had already been started - ignoring session_start() E:\web\php47\shop\Tools\Cart.class.php 第 15 行.
INFO: [ app_end ] --START--
INFO: Run Behavior\ShowPageTraceBehavior [ RunTime:0.001558s ]
INFO: [ app_end ] --END-- [ RunTime:0.001707s ]

[ 2016-08-11T11:35:10+08:00 ] 127.0.0.1 /index.php/Home/Comment/getCmtList?page_index=0&goods_id=25
INFO: [ app_begin ] --START--
INFO: Run Behavior\ReadHtmlCacheBehavior [ RunTime:0.002074s ]
INFO: [ app_begin ] --END-- [ RunTime:0.003473s ]
SQL: SHOW COLUMNS FROM `sp_category` [ RunTime:0.0101s ]
SQL: SELECT * FROM `sp_category` WHERE `cat_level` = 0  [ RunTime:0.0008s ]
SQL: SELECT * FROM `sp_category` WHERE `cat_level` = 1  [ RunTime:0.0006s ]
SQL: SELECT * FROM `sp_category` WHERE `cat_level` = 2  [ RunTime:0.0007s ]
SQL: SHOW COLUMNS FROM `sp_comment` [ RunTime:0.0108s ]
SQL: SELECT u.user_name,c.cmt_id,c.cmt_msg,c.cmt_star,left(from_unixtime(c.add_time),16) cmttime FROM sp_comment c INNER JOIN sp_user u on c.user_id=u.user_id  WHERE `is_show` = '0' AND `goods_id` = '25' ORDER BY c.cmt_id desc LIMIT 0,3   [ RunTime:0.0009s ]
SQL: SHOW COLUMNS FROM `sp_back` [ RunTime:0.0105s ]
SQL: SELECT u.user_name,b.back_msg,b.back_id,left(from_unixtime(b.add_time),16) backtime,b.cmt_id FROM sp_back b INNER JOIN sp_user u on b.user_id=u.user_id  WHERE b.cmt_id IN ('824','810','797') AND b.is_show = '0'  [ RunTime:0.0013s ]
INFO: [ app_end ] --START--
INFO: Run Behavior\ShowPageTraceBehavior [ RunTime:0.001561s ]
INFO: [ app_end ] --END-- [ RunTime:0.001723s ]

[ 2016-08-11T11:35:12+08:00 ] 127.0.0.1 /index.php/Home/Shop/addCart.html?goods_id=25
INFO: [ app_begin ] --START--
INFO: Run Behavior\ReadHtmlCacheBehavior [ RunTime:0.001324s ]
INFO: [ app_begin ] --END-- [ RunTime:0.002238s ]
SQL: SHOW COLUMNS FROM `sp_category` [ RunTime:0.0091s ]
SQL: SELECT * FROM `sp_category` WHERE `cat_level` = 0  [ RunTime:0.0008s ]
SQL: SELECT * FROM `sp_category` WHERE `cat_level` = 1  [ RunTime:0.0005s ]
SQL: SELECT * FROM `sp_category` WHERE `cat_level` = 2  [ RunTime:0.0005s ]
SQL: SHOW COLUMNS FROM `sp_goods` [ RunTime:0.0115s ]
SQL: SELECT * FROM `sp_goods` WHERE `goods_id` = 25 LIMIT 1   [ RunTime:0.0007s ]
NOTIC: [8] A session had already been started - ignoring session_start() E:\web\php47\shop\Tools\Cart.class.php 第 15 行.
INFO: [ app_end ] --START--
INFO: Run Behavior\ShowPageTraceBehavior [ RunTime:0.000913s ]
INFO: [ app_end ] --END-- [ RunTime:0.001010s ]

[ 2016-08-11T11:35:29+08:00 ] 127.0.0.1 /index.php/Home/Comment/getCmtList?page_index=0&goods_id=26
INFO: [ app_begin ] --START--
INFO: Run Behavior\ReadHtmlCacheBehavior [ RunTime:0.002768s ]
INFO: [ app_begin ] --END-- [ RunTime:0.004286s ]
SQL: SHOW COLUMNS FROM `sp_category` [ RunTime:0.0087s ]
SQL: SELECT * FROM `sp_category` WHERE `cat_level` = 0  [ RunTime:0.0009s ]
SQL: SELECT * FROM `sp_category` WHERE `cat_level` = 1  [ RunTime:0.0007s ]
SQL: SELECT * FROM `sp_category` WHERE `cat_level` = 2  [ RunTime:0.0005s ]
SQL: SHOW COLUMNS FROM `sp_comment` [ RunTime:0.0141s ]
SQL: SELECT u.user_name,c.cmt_id,c.cmt_msg,c.cmt_star,left(from_unixtime(c.add_time),16) cmttime FROM sp_comment c INNER JOIN sp_user u on c.user_id=u.user_id  WHERE `is_show` = '0' AND `goods_id` = '26' ORDER BY c.cmt_id desc LIMIT 0,3   [ RunTime:0.0010s ]
SQL: SHOW COLUMNS FROM `sp_back` [ RunTime:0.0258s ]
SQL: SELECT u.user_name,b.back_msg,b.back_id,left(from_unixtime(b.add_time),16) backtime,b.cmt_id FROM sp_back b INNER JOIN sp_user u on b.user_id=u.user_id  WHERE b.cmt_id IN ('828','822','818') AND b.is_show = '0'  [ RunTime:0.0008s ]
INFO: [ app_end ] --START--
INFO: Run Behavior\ShowPageTraceBehavior [ RunTime:0.001836s ]
INFO: [ app_end ] --END-- [ RunTime:0.002093s ]

[ 2016-08-11T11:35:33+08:00 ] 127.0.0.1 /index.php/Home/Shop/addCart.html?goods_id=26
INFO: [ app_begin ] --START--
INFO: Run Behavior\ReadHtmlCacheBehavior [ RunTime:0.001353s ]
INFO: [ app_begin ] --END-- [ RunTime:0.002286s ]
SQL: SHOW COLUMNS FROM `sp_category` [ RunTime:0.0069s ]
SQL: SELECT * FROM `sp_category` WHERE `cat_level` = 0  [ RunTime:0.0005s ]
SQL: SELECT * FROM `sp_category` WHERE `cat_level` = 1  [ RunTime:0.0004s ]
SQL: SELECT * FROM `sp_category` WHERE `cat_level` = 2  [ RunTime:0.0004s ]
SQL: SHOW COLUMNS FROM `sp_goods` [ RunTime:0.0073s ]
SQL: SELECT * FROM `sp_goods` WHERE `goods_id` = 26 LIMIT 1   [ RunTime:0.0007s ]
NOTIC: [8] A session had already been started - ignoring session_start() E:\web\php47\shop\Tools\Cart.class.php 第 15 行.
INFO: [ app_end ] --START--
INFO: Run Behavior\ShowPageTraceBehavior [ RunTime:0.001644s ]
INFO: [ app_end ] --END-- [ RunTime:0.001831s ]

[ 2016-08-11T11:39:01+08:00 ] 127.0.0.1 /index.php/Home/Shop/addCart.html?goods_id=26
INFO: [ app_begin ] --START--
INFO: Run Behavior\ReadHtmlCacheBehavior [ RunTime:0.001470s ]
INFO: [ app_begin ] --END-- [ RunTime:0.002638s ]
SQL: SHOW COLUMNS FROM `sp_category` [ RunTime:0.0069s ]
SQL: SELECT * FROM `sp_category` WHERE `cat_level` = 0  [ RunTime:0.0006s ]
SQL: SELECT * FROM `sp_category` WHERE `cat_level` = 1  [ RunTime:0.0004s ]
SQL: SELECT * FROM `sp_category` WHERE `cat_level` = 2  [ RunTime:0.0004s ]
SQL: SHOW COLUMNS FROM `sp_goods` [ RunTime:0.0082s ]
SQL: SELECT * FROM `sp_goods` WHERE `goods_id` = 26 LIMIT 1   [ RunTime:0.0006s ]
NOTIC: [8] A session had already been started - ignoring session_start() E:\web\php47\shop\Tools\Cart.class.php 第 15 行.
INFO: [ app_end ] --START--
INFO: Run Behavior\ShowPageTraceBehavior [ RunTime:0.001054s ]
INFO: [ app_end ] --END-- [ RunTime:0.001152s ]

[ 2016-08-11T11:40:26+08:00 ] 127.0.0.1 /index.php/Home/Shop/addCart.html?goods_id=26
INFO: [ app_begin ] --START--
INFO: Run Behavior\ReadHtmlCacheBehavior [ RunTime:0.001273s ]
INFO: [ app_begin ] --END-- [ RunTime:0.002239s ]
SQL: SHOW COLUMNS FROM `sp_category` [ RunTime:0.0107s ]
SQL: SELECT * FROM `sp_category` WHERE `cat_level` = 0  [ RunTime:0.0011s ]
SQL: SELECT * FROM `sp_category` WHERE `cat_level` = 1  [ RunTime:0.0008s ]
SQL: SELECT * FROM `sp_category` WHERE `cat_level` = 2  [ RunTime:0.0006s ]
SQL: SHOW COLUMNS FROM `sp_goods` [ RunTime:0.0098s ]
SQL: SELECT * FROM `sp_goods` WHERE `goods_id` = 26 LIMIT 1   [ RunTime:0.0007s ]
NOTIC: [8] A session had already been started - ignoring session_start() E:\web\php47\shop\Tools\Cart.class.php 第 15 行.
INFO: [ app_end ] --START--
INFO: Run Behavior\ShowPageTraceBehavior [ RunTime:0.001288s ]
INFO: [ app_end ] --END-- [ RunTime:0.001426s ]

[ 2016-08-11T11:45:44+08:00 ] 127.0.0.1 /index.php/Home/Shop/style/base.css
ERR: 非法操作:style

[ 2016-08-11T11:45:45+08:00 ] 127.0.0.1 /index.php/Home/Shop/style/cart.css
ERR: 非法操作:style

[ 2016-08-11T11:45:45+08:00 ] 127.0.0.1 /index.php/Home/Shop/style/footer.css
ERR: 非法操作:style

[ 2016-08-11T11:45:45+08:00 ] 127.0.0.1 /index.php/Home/Shop/style/global.css
ERR: 非法操作:style

[ 2016-08-11T11:45:45+08:00 ] 127.0.0.1 /index.php/Home/Shop/style/header.css
ERR: 非法操作:style

[ 2016-08-11T11:45:45+08:00 ] 127.0.0.1 /index.php/Home/Shop/js/jquery-1.8.3.min.js
ERR: 非法操作:js

[ 2016-08-11T11:45:45+08:00 ] 127.0.0.1 /index.php/Home/Shop/js/cart1.js
ERR: 非法操作:js

[ 2016-08-11T11:45:45+08:00 ] 127.0.0.1 /index.php/Home/Shop/js/cart1.js
ERR: 非法操作:js

[ 2016-08-11T11:47:19+08:00 ] 127.0.0.1 /index.php/Home/Shop/style/base.css
ERR: 非法操作:style

[ 2016-08-11T11:47:19+08:00 ] 127.0.0.1 /index.php/Home/Shop/style/cart.css
ERR: 非法操作:style

[ 2016-08-11T11:47:19+08:00 ] 127.0.0.1 /index.php/Home/Shop/js/jquery-1.8.3.min.js
ERR: 非法操作:js

[ 2016-08-11T11:47:19+08:00 ] 127.0.0.1 /index.php/Home/Shop/style/global.css
ERR: 非法操作:style

[ 2016-08-11T11:47:19+08:00 ] 127.0.0.1 /index.php/Home/Shop/style/header.css
ERR: 非法操作:style

[ 2016-08-11T11:47:19+08:00 ] 127.0.0.1 /index.php/Home/Shop/style/footer.css
ERR: 非法操作:style

[ 2016-08-11T11:47:20+08:00 ] 127.0.0.1 /index.php/Home/Shop/js/cart1.js
ERR: 非法操作:js

[ 2016-08-11T11:49:17+08:00 ] 127.0.0.1 /index.php/Home/Shop/style/base.css
ERR: 非法操作:style

[ 2016-08-11T11:49:17+08:00 ] 127.0.0.1 /index.php/Home/Shop/style/cart.css
ERR: 非法操作:style

[ 2016-08-11T11:49:17+08:00 ] 127.0.0.1 /index.php/Home/Shop/style/header.css
ERR: 非法操作:style

[ 2016-08-11T11:49:17+08:00 ] 127.0.0.1 /index.php/Home/Shop/style/global.css
ERR: 非法操作:style

[ 2016-08-11T11:49:17+08:00 ] 127.0.0.1 /index.php/Home/Shop/style/footer.css
ERR: 非法操作:style

[ 2016-08-11T11:49:17+08:00 ] 127.0.0.1 /index.php/Home/Shop/js/jquery-1.8.3.min.js
ERR: 非法操作:js

[ 2016-08-11T11:49:17+08:00 ] 127.0.0.1 /index.php/Home/Shop/js/cart1.js
ERR: 非法操作:js

[ 2016-08-11T11:51:10+08:00 ] 127.0.0.1 /index.php/Home/Shop/style/cart.css
ERR: 非法操作:style

[ 2016-08-11T11:51:10+08:00 ] 127.0.0.1 /index.php/Home/Shop/js/cart1.js
ERR: 非法操作:js

[ 2016-08-11T11:54:34+08:00 ] 127.0.0.1 /index.php/Home/Shop/addCart.html?goods_id=25
INFO: [ app_begin ] --START--
INFO: Run Behavior\ReadHtmlCacheBehavior [ RunTime:0.001987s ]
INFO: [ app_begin ] --END-- [ RunTime:0.002741s ]
SQL: SHOW COLUMNS FROM `sp_category` [ RunTime:0.0084s ]
SQL: SELECT * FROM `sp_category` WHERE `cat_level` = 0  [ RunTime:0.0006s ]
SQL: SELECT * FROM `sp_category` WHERE `cat_level` = 1  [ RunTime:0.0005s ]
SQL: SELECT * FROM `sp_category` WHERE `cat_level` = 2  [ RunTime:0.0005s ]
SQL: SHOW COLUMNS FROM `sp_goods` [ RunTime:0.0092s ]
SQL: SELECT * FROM `sp_goods` WHERE `goods_id` = 25 LIMIT 1   [ RunTime:0.0007s ]
NOTIC: [8] A session had already been started - ignoring session_start() E:\web\php47\shop\Tools\Cart.class.php 第 15 行.
INFO: [ app_end ] --START--
INFO: Run Behavior\ShowPageTraceBehavior [ RunTime:0.001387s ]
INFO: [ app_end ] --END-- [ RunTime:0.001514s ]

[ 2016-08-11T14:32:34+08:00 ] 127.0.0.1 /index.php/Home/Comment/getCmtList?page_index=0&goods_id=25
INFO: [ app_begin ] --START--
INFO: Run Behavior\ReadHtmlCacheBehavior [ RunTime:0.001916s ]
INFO: [ app_begin ] --END-- [ RunTime:0.003173s ]
SQL: SHOW COLUMNS FROM `sp_category` [ RunTime:0.0300s ]
SQL: SELECT * FROM `sp_category` WHERE `cat_level` = 0  [ RunTime:0.0010s ]
SQL: SELECT * FROM `sp_category` WHERE `cat_level` = 1  [ RunTime:0.0007s ]
SQL: SELECT * FROM `sp_category` WHERE `cat_level` = 2  [ RunTime:0.0006s ]
SQL: SHOW COLUMNS FROM `sp_comment` [ RunTime:0.0109s ]
SQL: SELECT u.user_name,c.cmt_id,c.cmt_msg,c.cmt_star,left(from_unixtime(c.add_time),16) cmttime FROM sp_comment c INNER JOIN sp_user u on c.user_id=u.user_id  WHERE `is_show` = '0' AND `goods_id` = '25' ORDER BY c.cmt_id desc LIMIT 0,3   [ RunTime:0.0012s ]
SQL: SHOW COLUMNS FROM `sp_back` [ RunTime:0.0132s ]
SQL: SELECT u.user_name,b.back_msg,b.back_id,left(from_unixtime(b.add_time),16) backtime,b.cmt_id FROM sp_back b INNER JOIN sp_user u on b.user_id=u.user_id  WHERE b.cmt_id IN ('824','810','797') AND b.is_show = '0'  [ RunTime:0.0009s ]
INFO: [ app_end ] --START--
INFO: Run Behavior\ShowPageTraceBehavior [ RunTime:0.002617s ]
INFO: [ app_end ] --END-- [ RunTime:0.002846s ]

[ 2016-08-11T14:32:44+08:00 ] 127.0.0.1 /index.php/Home/Shop/addCart.html?goods_id=25
INFO: [ app_begin ] --START--
INFO: Run Behavior\ReadHtmlCacheBehavior [ RunTime:0.001807s ]
INFO: [ app_begin ] --END-- [ RunTime:0.003011s ]
SQL: SHOW COLUMNS FROM `sp_category` [ RunTime:0.0101s ]
SQL: SELECT * FROM `sp_category` WHERE `cat_level` = 0  [ RunTime:0.0007s ]
SQL: SELECT * FROM `sp_category` WHERE `cat_level` = 1  [ RunTime:0.0005s ]
SQL: SELECT * FROM `sp_category` WHERE `cat_level` = 2  [ RunTime:0.0007s ]
SQL: SHOW COLUMNS FROM `sp_goods` [ RunTime:0.0076s ]
SQL: SELECT * FROM `sp_goods` WHERE `goods_id` = 25 LIMIT 1   [ RunTime:0.0008s ]
NOTIC: [8] A session had already been started - ignoring session_start() E:\web\php47\shop\Tools\Cart.class.php 第 15 行.
INFO: [ app_end ] --START--
INFO: Run Behavior\ShowPageTraceBehavior [ RunTime:0.001550s ]
INFO: [ app_end ] --END-- [ RunTime:0.001706s ]

[ 2016-08-11T14:34:26+08:00 ] 127.0.0.1 /index.php/Home/Comment/getCmtList?page_index=0&goods_id=25
INFO: [ app_begin ] --START--
INFO: Run Behavior\ReadHtmlCacheBehavior [ RunTime:0.001926s ]
INFO: [ app_begin ] --END-- [ RunTime:0.003226s ]
SQL: SHOW COLUMNS FROM `sp_category` [ RunTime:0.0128s ]
SQL: SELECT * FROM `sp_category` WHERE `cat_level` = 0  [ RunTime:0.0036s ]
SQL: SELECT * FROM `sp_category` WHERE `cat_level` = 1  [ RunTime:0.0006s ]
SQL: SELECT * FROM `sp_category` WHERE `cat_level` = 2  [ RunTime:0.0007s ]
SQL: SHOW COLUMNS FROM `sp_comment` [ RunTime:0.0149s ]
SQL: SELECT u.user_name,c.cmt_id,c.cmt_msg,c.cmt_star,left(from_unixtime(c.add_time),16) cmttime FROM sp_comment c INNER JOIN sp_user u on c.user_id=u.user_id  WHERE `is_show` = '0' AND `goods_id` = '25' ORDER BY c.cmt_id desc LIMIT 0,3   [ RunTime:0.0018s ]
SQL: SHOW COLUMNS FROM `sp_back` [ RunTime:0.0123s ]
SQL: SELECT u.user_name,b.back_msg,b.back_id,left(from_unixtime(b.add_time),16) backtime,b.cmt_id FROM sp_back b INNER JOIN sp_user u on b.user_id=u.user_id  WHERE b.cmt_id IN ('824','810','797') AND b.is_show = '0'  [ RunTime:0.0010s ]
INFO: [ app_end ] --START--
INFO: Run Behavior\ShowPageTraceBehavior [ RunTime:0.001432s ]
INFO: [ app_end ] --END-- [ RunTime:0.001911s ]

[ 2016-08-11T14:34:41+08:00 ] 127.0.0.1 /index.php/Home/Shop/addCart.html?goods_id=25
INFO: [ app_begin ] --START--
INFO: Run Behavior\ReadHtmlCacheBehavior [ RunTime:0.001575s ]
INFO: [ app_begin ] --END-- [ RunTime:0.002640s ]
SQL: SHOW COLUMNS FROM `sp_category` [ RunTime:0.0076s ]
SQL: SELECT * FROM `sp_category` WHERE `cat_level` = 0  [ RunTime:0.0007s ]
SQL: SELECT * FROM `sp_category` WHERE `cat_level` = 1  [ RunTime:0.0004s ]
SQL: SELECT * FROM `sp_category` WHERE `cat_level` = 2  [ RunTime:0.0004s ]
SQL: SHOW COLUMNS FROM `sp_goods` [ RunTime:0.0106s ]
SQL: SELECT * FROM `sp_goods` WHERE `goods_id` = 25 LIMIT 1   [ RunTime:0.0007s ]
NOTIC: [8] A session had already been started - ignoring session_start() E:\web\php47\shop\Tools\Cart.class.php 第 15 行.
INFO: [ app_end ] --START--
INFO: Run Behavior\ShowPageTraceBehavior [ RunTime:0.001637s ]
INFO: [ app_end ] --END-- [ RunTime:0.001791s ]

[ 2016-08-11T14:36:18+08:00 ] 127.0.0.1 /index.php/Home/Comment/getCmtList?page_index=0&goods_id=25
INFO: [ app_begin ] --START--
INFO: Run Behavior\ReadHtmlCacheBehavior [ RunTime:0.001215s ]
INFO: [ app_begin ] --END-- [ RunTime:0.002131s ]
SQL: SHOW COLUMNS FROM `sp_category` [ RunTime:0.0128s ]
SQL: SELECT * FROM `sp_category` WHERE `cat_level` = 0  [ RunTime:0.0009s ]
SQL: SELECT * FROM `sp_category` WHERE `cat_level` = 1  [ RunTime:0.0007s ]
SQL: SELECT * FROM `sp_category` WHERE `cat_level` = 2  [ RunTime:0.0008s ]
SQL: SHOW COLUMNS FROM `sp_comment` [ RunTime:0.0125s ]
SQL: SELECT u.user_name,c.cmt_id,c.cmt_msg,c.cmt_star,left(from_unixtime(c.add_time),16) cmttime FROM sp_comment c INNER JOIN sp_user u on c.user_id=u.user_id  WHERE `is_show` = '0' AND `goods_id` = '25' ORDER BY c.cmt_id desc LIMIT 0,3   [ RunTime:0.0010s ]
SQL: SHOW COLUMNS FROM `sp_back` [ RunTime:0.0119s ]
SQL: SELECT u.user_name,b.back_msg,b.back_id,left(from_unixtime(b.add_time),16) backtime,b.cmt_id FROM sp_back b INNER JOIN sp_user u on b.user_id=u.user_id  WHERE b.cmt_id IN ('824','810','797') AND b.is_show = '0'  [ RunTime:0.0009s ]
INFO: [ app_end ] --START--
INFO: Run Behavior\ShowPageTraceBehavior [ RunTime:0.001801s ]
INFO: [ app_end ] --END-- [ RunTime:0.001980s ]

[ 2016-08-11T14:36:20+08:00 ] 127.0.0.1 /index.php/Home/Shop/addCart.html?goods_id=25
INFO: [ app_begin ] --START--
INFO: Run Behavior\ReadHtmlCacheBehavior [ RunTime:0.001497s ]
INFO: [ app_begin ] --END-- [ RunTime:0.002816s ]
SQL: SHOW COLUMNS FROM `sp_category` [ RunTime:0.0089s ]
SQL: SELECT * FROM `sp_category` WHERE `cat_level` = 0  [ RunTime:0.0007s ]
SQL: SELECT * FROM `sp_category` WHERE `cat_level` = 1  [ RunTime:0.0005s ]
SQL: SELECT * FROM `sp_category` WHERE `cat_level` = 2  [ RunTime:0.0005s ]
SQL: SHOW COLUMNS FROM `sp_goods` [ RunTime:0.0082s ]
SQL: SELECT * FROM `sp_goods` WHERE `goods_id` = 25 LIMIT 1   [ RunTime:0.0010s ]
NOTIC: [8] A session had already been started - ignoring session_start() E:\web\php47\shop\Tools\Cart.class.php 第 15 行.
INFO: [ app_end ] --START--
INFO: Run Behavior\ShowPageTraceBehavior [ RunTime:0.001421s ]
INFO: [ app_end ] --END-- [ RunTime:0.001647s ]

[ 2016-08-11T14:48:48+08:00 ] 127.0.0.1 /index.php/Home/Comment/getCmtList?page_index=0&goods_id=27
INFO: [ app_begin ] --START--
INFO: Run Behavior\ReadHtmlCacheBehavior [ RunTime:0.002136s ]
INFO: [ app_begin ] --END-- [ RunTime:0.003611s ]
SQL: SHOW COLUMNS FROM `sp_category` [ RunTime:0.0120s ]
SQL: SELECT * FROM `sp_category` WHERE `cat_level` = 0  [ RunTime:0.0009s ]
SQL: SELECT * FROM `sp_category` WHERE `cat_level` = 1  [ RunTime:0.0010s ]
SQL: SELECT * FROM `sp_category` WHERE `cat_level` = 2  [ RunTime:0.0007s ]
SQL: SHOW COLUMNS FROM `sp_comment` [ RunTime:0.0117s ]
SQL: SELECT u.user_name,c.cmt_id,c.cmt_msg,c.cmt_star,left(from_unixtime(c.add_time),16) cmttime FROM sp_comment c INNER JOIN sp_user u on c.user_id=u.user_id  WHERE `is_show` = '0' AND `goods_id` = '27' ORDER BY c.cmt_id desc LIMIT 0,3   [ RunTime:0.0010s ]
SQL: SHOW COLUMNS FROM `sp_back` [ RunTime:0.0125s ]
SQL: SELECT u.user_name,b.back_msg,b.back_id,left(from_unixtime(b.add_time),16) backtime,b.cmt_id FROM sp_back b INNER JOIN sp_user u on b.user_id=u.user_id  WHERE b.cmt_id IN ('832','831','811') AND b.is_show = '0'  [ RunTime:0.0011s ]
INFO: [ app_end ] --START--
INFO: Run Behavior\ShowPageTraceBehavior [ RunTime:0.001940s ]
INFO: [ app_end ] --END-- [ RunTime:0.002114s ]

[ 2016-08-11T14:48:49+08:00 ] 127.0.0.1 /index.php/Home/Shop/addCart.html?goods_id=27
INFO: [ app_begin ] --START--
INFO: Run Behavior\ReadHtmlCacheBehavior [ RunTime:0.001411s ]
INFO: [ app_begin ] --END-- [ RunTime:0.002376s ]
SQL: SHOW COLUMNS FROM `sp_category` [ RunTime:0.0127s ]
SQL: SELECT * FROM `sp_category` WHERE `cat_level` = 0  [ RunTime:0.0008s ]
SQL: SELECT * FROM `sp_category` WHERE `cat_level` = 1  [ RunTime:0.0006s ]
SQL: SELECT * FROM `sp_category` WHERE `cat_level` = 2  [ RunTime:0.0008s ]
SQL: SHOW COLUMNS FROM `sp_goods` [ RunTime:0.0103s ]
SQL: SELECT * FROM `sp_goods` WHERE `goods_id` = 27 LIMIT 1   [ RunTime:0.0009s ]
NOTIC: [8] A session had already been started - ignoring session_start() E:\web\php47\shop\Tools\Cart.class.php 第 15 行.
INFO: [ app_end ] --START--
INFO: Run Behavior\ShowPageTraceBehavior [ RunTime:0.001366s ]
INFO: [ app_end ] --END-- [ RunTime:0.001526s ]

[ 2016-08-11T14:48:55+08:00 ] 127.0.0.1 /index.php/Home/Comment/getCmtList?page_index=0&goods_id=28
INFO: [ app_begin ] --START--
INFO: Run Behavior\ReadHtmlCacheBehavior [ RunTime:0.001590s ]
INFO: [ app_begin ] --END-- [ RunTime:0.002852s ]
SQL: SHOW COLUMNS FROM `sp_category` [ RunTime:0.0132s ]
SQL: SELECT * FROM `sp_category` WHERE `cat_level` = 0  [ RunTime:0.0012s ]
SQL: SELECT * FROM `sp_category` WHERE `cat_level` = 1  [ RunTime:0.0008s ]
SQL: SELECT * FROM `sp_category` WHERE `cat_level` = 2  [ RunTime:0.0009s ]
SQL: SHOW COLUMNS FROM `sp_comment` [ RunTime:0.0123s ]
SQL: SELECT u.user_name,c.cmt_id,c.cmt_msg,c.cmt_star,left(from_unixtime(c.add_time),16) cmttime FROM sp_comment c INNER JOIN sp_user u on c.user_id=u.user_id  WHERE `is_show` = '0' AND `goods_id` = '28' ORDER BY c.cmt_id desc LIMIT 0,3   [ RunTime:0.0013s ]
SQL: SHOW COLUMNS FROM `sp_back` [ RunTime:0.0143s ]
SQL: SELECT u.user_name,b.back_msg,b.back_id,left(from_unixtime(b.add_time),16) backtime,b.cmt_id FROM sp_back b INNER JOIN sp_user u on b.user_id=u.user_id  WHERE b.cmt_id IN ('829','821','805') AND b.is_show = '0'  [ RunTime:0.0009s ]
INFO: [ app_end ] --START--
INFO: Run Behavior\ShowPageTraceBehavior [ RunTime:0.001056s ]
INFO: [ app_end ] --END-- [ RunTime:0.001156s ]

[ 2016-08-11T14:48:58+08:00 ] 127.0.0.1 /index.php/Home/Shop/addCart.html?goods_id=28
INFO: [ app_begin ] --START--
INFO: Run Behavior\ReadHtmlCacheBehavior [ RunTime:0.001356s ]
INFO: [ app_begin ] --END-- [ RunTime:0.002404s ]
SQL: SHOW COLUMNS FROM `sp_category` [ RunTime:0.0082s ]
SQL: SELECT * FROM `sp_category` WHERE `cat_level` = 0  [ RunTime:0.0009s ]
SQL: SELECT * FROM `sp_category` WHERE `cat_level` = 1  [ RunTime:0.0010s ]
SQL: SELECT * FROM `sp_category` WHERE `cat_level` = 2  [ RunTime:0.0009s ]
SQL: SHOW COLUMNS FROM `sp_goods` [ RunTime:0.0110s ]
SQL: SELECT * FROM `sp_goods` WHERE `goods_id` = 28 LIMIT 1   [ RunTime:0.0009s ]
NOTIC: [8] A session had already been started - ignoring session_start() E:\web\php47\shop\Tools\Cart.class.php 第 15 行.
INFO: [ app_end ] --START--
INFO: Run Behavior\ShowPageTraceBehavior [ RunTime:0.001219s ]
INFO: [ app_end ] --END-- [ RunTime:0.001351s ]

[ 2016-08-11T14:50:10+08:00 ] 127.0.0.1 /index.php/Home/Shop/flow1.html
ERR: Think\Model:fields方法不存在！

[ 2016-08-11T15:22:21+08:00 ] 127.0.0.1 /index.php/Home/Shop/changeNumber.html?num=4&goods_id=25
INFO: [ app_begin ] --START--
INFO: Run Behavior\ReadHtmlCacheBehavior [ RunTime:0.000972s ]
INFO: [ app_begin ] --END-- [ RunTime:0.001656s ]
SQL: SHOW COLUMNS FROM `sp_category` [ RunTime:0.0092s ]
SQL: SELECT * FROM `sp_category` WHERE `cat_level` = 0  [ RunTime:0.0011s ]
SQL: SELECT * FROM `sp_category` WHERE `cat_level` = 1  [ RunTime:0.0007s ]
SQL: SELECT * FROM `sp_category` WHERE `cat_level` = 2  [ RunTime:0.0007s ]
NOTIC: [8] A session had already been started - ignoring session_start() E:\web\php47\shop\Tools\Cart.class.php 第 15 行.
INFO: [ app_end ] --START--
INFO: Run Behavior\ShowPageTraceBehavior [ RunTime:0.001559s ]
INFO: [ app_end ] --END-- [ RunTime:0.001747s ]

[ 2016-08-11T15:22:43+08:00 ] 127.0.0.1 /index.php/Home/Shop/changeNumber.html?num=5&goods_id=25
INFO: [ app_begin ] --START--
INFO: Run Behavior\ReadHtmlCacheBehavior [ RunTime:0.012451s ]
INFO: [ app_begin ] --END-- [ RunTime:0.013857s ]
SQL: SHOW COLUMNS FROM `sp_category` [ RunTime:0.0070s ]
SQL: SELECT * FROM `sp_category` WHERE `cat_level` = 0  [ RunTime:0.0009s ]
SQL: SELECT * FROM `sp_category` WHERE `cat_level` = 1  [ RunTime:0.0005s ]
SQL: SELECT * FROM `sp_category` WHERE `cat_level` = 2  [ RunTime:0.0005s ]
NOTIC: [8] A session had already been started - ignoring session_start() E:\web\php47\shop\Tools\Cart.class.php 第 15 行.
INFO: [ app_end ] --START--
INFO: Run Behavior\ShowPageTraceBehavior [ RunTime:0.001053s ]
INFO: [ app_end ] --END-- [ RunTime:0.001152s ]

[ 2016-08-11T15:25:36+08:00 ] 127.0.0.1 /index.php/Home/Shop/changeNumber.html?num=6&goods_id=25
INFO: [ app_begin ] --START--
INFO: Run Behavior\ReadHtmlCacheBehavior [ RunTime:0.005793s ]
INFO: [ app_begin ] --END-- [ RunTime:0.006890s ]
SQL: SHOW COLUMNS FROM `sp_category` [ RunTime:0.0078s ]
SQL: SELECT * FROM `sp_category` WHERE `cat_level` = 0  [ RunTime:0.0006s ]
SQL: SELECT * FROM `sp_category` WHERE `cat_level` = 1  [ RunTime:0.0004s ]
SQL: SELECT * FROM `sp_category` WHERE `cat_level` = 2  [ RunTime:0.0004s ]
NOTIC: [8] A session had already been started - ignoring session_start() E:\web\php47\shop\Tools\Cart.class.php 第 15 行.
INFO: [ app_end ] --START--
INFO: Run Behavior\ShowPageTraceBehavior [ RunTime:0.001072s ]
INFO: [ app_end ] --END-- [ RunTime:0.001168s ]

[ 2016-08-11T15:25:41+08:00 ] 127.0.0.1 /index.php/Home/Shop/changeNumber.html?num=7&goods_id=25
INFO: [ app_begin ] --START--
INFO: Run Behavior\ReadHtmlCacheBehavior [ RunTime:0.001650s ]
INFO: [ app_begin ] --END-- [ RunTime:0.002653s ]
SQL: SHOW COLUMNS FROM `sp_category` [ RunTime:0.0077s ]
SQL: SELECT * FROM `sp_category` WHERE `cat_level` = 0  [ RunTime:0.0006s ]
SQL: SELECT * FROM `sp_category` WHERE `cat_level` = 1  [ RunTime:0.0004s ]
SQL: SELECT * FROM `sp_category` WHERE `cat_level` = 2  [ RunTime:0.0005s ]
NOTIC: [8] A session had already been started - ignoring session_start() E:\web\php47\shop\Tools\Cart.class.php 第 15 行.
INFO: [ app_end ] --START--
INFO: Run Behavior\ShowPageTraceBehavior [ RunTime:0.000980s ]
INFO: [ app_end ] --END-- [ RunTime:0.001081s ]

[ 2016-08-11T15:25:42+08:00 ] 127.0.0.1 /index.php/Home/Shop/changeNumber.html?num=8&goods_id=25
INFO: [ app_begin ] --START--
INFO: Run Behavior\ReadHtmlCacheBehavior [ RunTime:0.001178s ]
INFO: [ app_begin ] --END-- [ RunTime:0.002154s ]
SQL: SHOW COLUMNS FROM `sp_category` [ RunTime:0.0099s ]
SQL: SELECT * FROM `sp_category` WHERE `cat_level` = 0  [ RunTime:0.0007s ]
SQL: SELECT * FROM `sp_category` WHERE `cat_level` = 1  [ RunTime:0.0008s ]
SQL: SELECT * FROM `sp_category` WHERE `cat_level` = 2  [ RunTime:0.0007s ]
NOTIC: [8] A session had already been started - ignoring session_start() E:\web\php47\shop\Tools\Cart.class.php 第 15 行.
INFO: [ app_end ] --START--
INFO: Run Behavior\ShowPageTraceBehavior [ RunTime:0.000920s ]
INFO: [ app_end ] --END-- [ RunTime:0.001020s ]

[ 2016-08-11T15:25:43+08:00 ] 127.0.0.1 /index.php/Home/Shop/changeNumber.html?num=9&goods_id=25
INFO: [ app_begin ] --START--
INFO: Run Behavior\ReadHtmlCacheBehavior [ RunTime:0.001354s ]
INFO: [ app_begin ] --END-- [ RunTime:0.002366s ]
SQL: SHOW COLUMNS FROM `sp_category` [ RunTime:0.0111s ]
SQL: SELECT * FROM `sp_category` WHERE `cat_level` = 0  [ RunTime:0.0008s ]
SQL: SELECT * FROM `sp_category` WHERE `cat_level` = 1  [ RunTime:0.0008s ]
SQL: SELECT * FROM `sp_category` WHERE `cat_level` = 2  [ RunTime:0.0005s ]
NOTIC: [8] A session had already been started - ignoring session_start() E:\web\php47\shop\Tools\Cart.class.php 第 15 行.
INFO: [ app_end ] --START--
INFO: Run Behavior\ShowPageTraceBehavior [ RunTime:0.001002s ]
INFO: [ app_end ] --END-- [ RunTime:0.001106s ]

[ 2016-08-11T15:25:44+08:00 ] 127.0.0.1 /index.php/Home/Shop/changeNumber.html?num=10&goods_id=25
INFO: [ app_begin ] --START--
INFO: Run Behavior\ReadHtmlCacheBehavior [ RunTime:0.000925s ]
INFO: [ app_begin ] --END-- [ RunTime:0.001856s ]
SQL: SHOW COLUMNS FROM `sp_category` [ RunTime:0.0094s ]
SQL: SELECT * FROM `sp_category` WHERE `cat_level` = 0  [ RunTime:0.0007s ]
SQL: SELECT * FROM `sp_category` WHERE `cat_level` = 1  [ RunTime:0.0004s ]
SQL: SELECT * FROM `sp_category` WHERE `cat_level` = 2  [ RunTime:0.0004s ]
NOTIC: [8] A session had already been started - ignoring session_start() E:\web\php47\shop\Tools\Cart.class.php 第 15 行.
INFO: [ app_end ] --START--
INFO: Run Behavior\ShowPageTraceBehavior [ RunTime:0.000918s ]
INFO: [ app_end ] --END-- [ RunTime:0.001012s ]

[ 2016-08-11T15:26:35+08:00 ] 127.0.0.1 /index.php/Home/Shop/changeNumber.html?num=9&goods_id=25
INFO: [ app_begin ] --START--
INFO: Run Behavior\ReadHtmlCacheBehavior [ RunTime:0.002217s ]
INFO: [ app_begin ] --END-- [ RunTime:0.003367s ]
SQL: SHOW COLUMNS FROM `sp_category` [ RunTime:0.0118s ]
SQL: SELECT * FROM `sp_category` WHERE `cat_level` = 0  [ RunTime:0.0037s ]
SQL: SELECT * FROM `sp_category` WHERE `cat_level` = 1  [ RunTime:0.0007s ]
SQL: SELECT * FROM `sp_category` WHERE `cat_level` = 2  [ RunTime:0.0007s ]
NOTIC: [8] A session had already been started - ignoring session_start() E:\web\php47\shop\Tools\Cart.class.php 第 15 行.
INFO: [ app_end ] --START--
INFO: Run Behavior\ShowPageTraceBehavior [ RunTime:0.001543s ]
INFO: [ app_end ] --END-- [ RunTime:0.001696s ]

[ 2016-08-11T15:26:35+08:00 ] 127.0.0.1 /index.php/Home/Shop/changeNumber.html?num=8&goods_id=25
INFO: [ app_begin ] --START--
INFO: Run Behavior\ReadHtmlCacheBehavior [ RunTime:0.000896s ]
INFO: [ app_begin ] --END-- [ RunTime:0.001574s ]
SQL: SHOW COLUMNS FROM `sp_category` [ RunTime:0.0095s ]
SQL: SELECT * FROM `sp_category` WHERE `cat_level` = 0  [ RunTime:0.0006s ]
SQL: SELECT * FROM `sp_category` WHERE `cat_level` = 1  [ RunTime:0.0006s ]
SQL: SELECT * FROM `sp_category` WHERE `cat_level` = 2  [ RunTime:0.0007s ]
NOTIC: [8] A session had already been started - ignoring session_start() E:\web\php47\shop\Tools\Cart.class.php 第 15 行.
INFO: [ app_end ] --START--
INFO: Run Behavior\ShowPageTraceBehavior [ RunTime:0.001237s ]
INFO: [ app_end ] --END-- [ RunTime:0.001373s ]

[ 2016-08-11T15:26:36+08:00 ] 127.0.0.1 /index.php/Home/Shop/changeNumber.html?num=7&goods_id=25
INFO: [ app_begin ] --START--
INFO: Run Behavior\ReadHtmlCacheBehavior [ RunTime:0.000885s ]
INFO: [ app_begin ] --END-- [ RunTime:0.001577s ]
SQL: SHOW COLUMNS FROM `sp_category` [ RunTime:0.0070s ]
SQL: SELECT * FROM `sp_category` WHERE `cat_level` = 0  [ RunTime:0.0008s ]
SQL: SELECT * FROM `sp_category` WHERE `cat_level` = 1  [ RunTime:0.0004s ]
SQL: SELECT * FROM `sp_category` WHERE `cat_level` = 2  [ RunTime:0.0007s ]
NOTIC: [8] A session had already been started - ignoring session_start() E:\web\php47\shop\Tools\Cart.class.php 第 15 行.
INFO: [ app_end ] --START--
INFO: Run Behavior\ShowPageTraceBehavior [ RunTime:0.000928s ]
INFO: [ app_end ] --END-- [ RunTime:0.001026s ]

[ 2016-08-11T15:26:36+08:00 ] 127.0.0.1 /index.php/Home/Shop/changeNumber.html?num=6&goods_id=25
INFO: [ app_begin ] --START--
INFO: Run Behavior\ReadHtmlCacheBehavior [ RunTime:0.001074s ]
INFO: [ app_begin ] --END-- [ RunTime:0.001770s ]
SQL: SHOW COLUMNS FROM `sp_category` [ RunTime:0.0121s ]
SQL: SELECT * FROM `sp_category` WHERE `cat_level` = 0  [ RunTime:0.0007s ]
SQL: SELECT * FROM `sp_category` WHERE `cat_level` = 1  [ RunTime:0.0006s ]
SQL: SELECT * FROM `sp_category` WHERE `cat_level` = 2  [ RunTime:0.0005s ]
NOTIC: [8] A session had already been started - ignoring session_start() E:\web\php47\shop\Tools\Cart.class.php 第 15 行.
INFO: [ app_end ] --START--
INFO: Run Behavior\ShowPageTraceBehavior [ RunTime:0.001003s ]
INFO: [ app_end ] --END-- [ RunTime:0.001104s ]

[ 2016-08-11T15:26:37+08:00 ] 127.0.0.1 /index.php/Home/Shop/changeNumber.html?num=5&goods_id=25
INFO: [ app_begin ] --START--
INFO: Run Behavior\ReadHtmlCacheBehavior [ RunTime:0.000881s ]
INFO: [ app_begin ] --END-- [ RunTime:0.001529s ]
SQL: SHOW COLUMNS FROM `sp_category` [ RunTime:0.0115s ]
SQL: SELECT * FROM `sp_category` WHERE `cat_level` = 0  [ RunTime:0.0015s ]
SQL: SELECT * FROM `sp_category` WHERE `cat_level` = 1  [ RunTime:0.0025s ]
SQL: SELECT * FROM `sp_category` WHERE `cat_level` = 2  [ RunTime:0.0007s ]
NOTIC: [8] A session had already been started - ignoring session_start() E:\web\php47\shop\Tools\Cart.class.php 第 15 行.
INFO: [ app_end ] --START--
INFO: Run Behavior\ShowPageTraceBehavior [ RunTime:0.001001s ]
INFO: [ app_end ] --END-- [ RunTime:0.001108s ]

[ 2016-08-11T15:26:37+08:00 ] 127.0.0.1 /index.php/Home/Shop/changeNumber.html?num=4&goods_id=25
INFO: [ app_begin ] --START--
INFO: Run Behavior\ReadHtmlCacheBehavior [ RunTime:0.001370s ]
INFO: [ app_begin ] --END-- [ RunTime:0.002367s ]
SQL: SHOW COLUMNS FROM `sp_category` [ RunTime:0.0074s ]
SQL: SELECT * FROM `sp_category` WHERE `cat_level` = 0  [ RunTime:0.0007s ]
SQL: SELECT * FROM `sp_category` WHERE `cat_level` = 1  [ RunTime:0.0005s ]
SQL: SELECT * FROM `sp_category` WHERE `cat_level` = 2  [ RunTime:0.0004s ]
NOTIC: [8] A session had already been started - ignoring session_start() E:\web\php47\shop\Tools\Cart.class.php 第 15 行.
INFO: [ app_end ] --START--
INFO: Run Behavior\ShowPageTraceBehavior [ RunTime:0.000921s ]
INFO: [ app_end ] --END-- [ RunTime:0.001017s ]

[ 2016-08-11T15:26:38+08:00 ] 127.0.0.1 /index.php/Home/Shop/changeNumber.html?num=3&goods_id=25
INFO: [ app_begin ] --START--
INFO: Run Behavior\ReadHtmlCacheBehavior [ RunTime:0.000940s ]
INFO: [ app_begin ] --END-- [ RunTime:0.001799s ]
SQL: SHOW COLUMNS FROM `sp_category` [ RunTime:0.0073s ]
SQL: SELECT * FROM `sp_category` WHERE `cat_level` = 0  [ RunTime:0.0007s ]
SQL: SELECT * FROM `sp_category` WHERE `cat_level` = 1  [ RunTime:0.0005s ]
SQL: SELECT * FROM `sp_category` WHERE `cat_level` = 2  [ RunTime:0.0007s ]
NOTIC: [8] A session had already been started - ignoring session_start() E:\web\php47\shop\Tools\Cart.class.php 第 15 行.
INFO: [ app_end ] --START--
INFO: Run Behavior\ShowPageTraceBehavior [ RunTime:0.001371s ]
INFO: [ app_end ] --END-- [ RunTime:0.001515s ]

[ 2016-08-11T15:26:38+08:00 ] 127.0.0.1 /index.php/Home/Shop/changeNumber.html?num=2&goods_id=25
INFO: [ app_begin ] --START--
INFO: Run Behavior\ReadHtmlCacheBehavior [ RunTime:0.000916s ]
INFO: [ app_begin ] --END-- [ RunTime:0.001602s ]
SQL: SHOW COLUMNS FROM `sp_category` [ RunTime:0.0099s ]
SQL: SELECT * FROM `sp_category` WHERE `cat_level` = 0  [ RunTime:0.0018s ]
SQL: SELECT * FROM `sp_category` WHERE `cat_level` = 1  [ RunTime:0.0008s ]
SQL: SELECT * FROM `sp_category` WHERE `cat_level` = 2  [ RunTime:0.0024s ]
NOTIC: [8] A session had already been started - ignoring session_start() E:\web\php47\shop\Tools\Cart.class.php 第 15 行.
INFO: [ app_end ] --START--
INFO: Run Behavior\ShowPageTraceBehavior [ RunTime:0.001413s ]
INFO: [ app_end ] --END-- [ RunTime:0.001562s ]

[ 2016-08-11T15:26:39+08:00 ] 127.0.0.1 /index.php/Home/Shop/changeNumber.html?num=1&goods_id=25
INFO: [ app_begin ] --START--
INFO: Run Behavior\ReadHtmlCacheBehavior [ RunTime:0.000942s ]
INFO: [ app_begin ] --END-- [ RunTime:0.001638s ]
SQL: SHOW COLUMNS FROM `sp_category` [ RunTime:0.0126s ]
SQL: SELECT * FROM `sp_category` WHERE `cat_level` = 0  [ RunTime:0.0021s ]
SQL: SELECT * FROM `sp_category` WHERE `cat_level` = 1  [ RunTime:0.0012s ]
SQL: SELECT * FROM `sp_category` WHERE `cat_level` = 2  [ RunTime:0.0008s ]
NOTIC: [8] A session had already been started - ignoring session_start() E:\web\php47\shop\Tools\Cart.class.php 第 15 行.
INFO: [ app_end ] --START--
INFO: Run Behavior\ShowPageTraceBehavior [ RunTime:0.000956s ]
INFO: [ app_end ] --END-- [ RunTime:0.001065s ]

[ 2016-08-11T15:28:13+08:00 ] 127.0.0.1 /index.php/Home/Shop/changeNumber.html?num=2&goods_id=25
INFO: [ app_begin ] --START--
INFO: Run Behavior\ReadHtmlCacheBehavior [ RunTime:0.001229s ]
INFO: [ app_begin ] --END-- [ RunTime:0.002045s ]
SQL: SHOW COLUMNS FROM `sp_category` [ RunTime:0.0071s ]
SQL: SELECT * FROM `sp_category` WHERE `cat_level` = 0  [ RunTime:0.0009s ]
SQL: SELECT * FROM `sp_category` WHERE `cat_level` = 1  [ RunTime:0.0005s ]
SQL: SELECT * FROM `sp_category` WHERE `cat_level` = 2  [ RunTime:0.0006s ]
NOTIC: [8] A session had already been started - ignoring session_start() E:\web\php47\shop\Tools\Cart.class.php 第 15 行.
INFO: [ app_end ] --START--
INFO: Run Behavior\ShowPageTraceBehavior [ RunTime:0.001540s ]
INFO: [ app_end ] --END-- [ RunTime:0.001804s ]

[ 2016-08-11T15:28:13+08:00 ] 127.0.0.1 /index.php/Home/Shop/changeNumber.html?num=3&goods_id=25
INFO: [ app_begin ] --START--
INFO: Run Behavior\ReadHtmlCacheBehavior [ RunTime:0.001275s ]
INFO: [ app_begin ] --END-- [ RunTime:0.002093s ]
SQL: SHOW COLUMNS FROM `sp_category` [ RunTime:0.0081s ]
SQL: SELECT * FROM `sp_category` WHERE `cat_level` = 0  [ RunTime:0.0006s ]
SQL: SELECT * FROM `sp_category` WHERE `cat_level` = 1  [ RunTime:0.0005s ]
SQL: SELECT * FROM `sp_category` WHERE `cat_level` = 2  [ RunTime:0.0006s ]
NOTIC: [8] A session had already been started - ignoring session_start() E:\web\php47\shop\Tools\Cart.class.php 第 15 行.
INFO: [ app_end ] --START--
INFO: Run Behavior\ShowPageTraceBehavior [ RunTime:0.000987s ]
INFO: [ app_end ] --END-- [ RunTime:0.001086s ]

[ 2016-08-11T15:28:14+08:00 ] 127.0.0.1 /index.php/Home/Shop/changeNumber.html?num=4&goods_id=25
INFO: [ app_begin ] --START--
INFO: Run Behavior\ReadHtmlCacheBehavior [ RunTime:0.001084s ]
INFO: [ app_begin ] --END-- [ RunTime:0.002009s ]
SQL: SHOW COLUMNS FROM `sp_category` [ RunTime:0.0119s ]
SQL: SELECT * FROM `sp_category` WHERE `cat_level` = 0  [ RunTime:0.0011s ]
SQL: SELECT * FROM `sp_category` WHERE `cat_level` = 1  [ RunTime:0.0008s ]
SQL: SELECT * FROM `sp_category` WHERE `cat_level` = 2  [ RunTime:0.0011s ]
NOTIC: [8] A session had already been started - ignoring session_start() E:\web\php47\shop\Tools\Cart.class.php 第 15 行.
INFO: [ app_end ] --START--
INFO: Run Behavior\ShowPageTraceBehavior [ RunTime:0.001848s ]
INFO: [ app_end ] --END-- [ RunTime:0.002021s ]

[ 2016-08-11T15:28:15+08:00 ] 127.0.0.1 /index.php/Home/Shop/changeNumber.html?num=3&goods_id=25
INFO: [ app_begin ] --START--
INFO: Run Behavior\ReadHtmlCacheBehavior [ RunTime:0.001227s ]
INFO: [ app_begin ] --END-- [ RunTime:0.002141s ]
SQL: SHOW COLUMNS FROM `sp_category` [ RunTime:0.0119s ]
SQL: SELECT * FROM `sp_category` WHERE `cat_level` = 0  [ RunTime:0.0012s ]
SQL: SELECT * FROM `sp_category` WHERE `cat_level` = 1  [ RunTime:0.0009s ]
SQL: SELECT * FROM `sp_category` WHERE `cat_level` = 2  [ RunTime:0.0009s ]
NOTIC: [8] A session had already been started - ignoring session_start() E:\web\php47\shop\Tools\Cart.class.php 第 15 行.
INFO: [ app_end ] --START--
INFO: Run Behavior\ShowPageTraceBehavior [ RunTime:0.000985s ]
INFO: [ app_end ] --END-- [ RunTime:0.001118s ]

[ 2016-08-11T15:28:15+08:00 ] 127.0.0.1 /index.php/Home/Shop/changeNumber.html?num=2&goods_id=25
INFO: [ app_begin ] --START--
INFO: Run Behavior\ReadHtmlCacheBehavior [ RunTime:0.001356s ]
INFO: [ app_begin ] --END-- [ RunTime:0.002435s ]
SQL: SHOW COLUMNS FROM `sp_category` [ RunTime:0.0071s ]
SQL: SELECT * FROM `sp_category` WHERE `cat_level` = 0  [ RunTime:0.0007s ]
SQL: SELECT * FROM `sp_category` WHERE `cat_level` = 1  [ RunTime:0.0005s ]
SQL: SELECT * FROM `sp_category` WHERE `cat_level` = 2  [ RunTime:0.0005s ]
NOTIC: [8] A session had already been started - ignoring session_start() E:\web\php47\shop\Tools\Cart.class.php 第 15 行.
INFO: [ app_end ] --START--
INFO: Run Behavior\ShowPageTraceBehavior [ RunTime:0.001349s ]
INFO: [ app_end ] --END-- [ RunTime:0.001485s ]

[ 2016-08-11T15:28:16+08:00 ] 127.0.0.1 /index.php/Home/Shop/changeNumber.html?num=1&goods_id=25
INFO: [ app_begin ] --START--
INFO: Run Behavior\ReadHtmlCacheBehavior [ RunTime:0.002150s ]
INFO: [ app_begin ] --END-- [ RunTime:0.003166s ]
SQL: SHOW COLUMNS FROM `sp_category` [ RunTime:0.0077s ]
SQL: SELECT * FROM `sp_category` WHERE `cat_level` = 0  [ RunTime:0.0007s ]
SQL: SELECT * FROM `sp_category` WHERE `cat_level` = 1  [ RunTime:0.0005s ]
SQL: SELECT * FROM `sp_category` WHERE `cat_level` = 2  [ RunTime:0.0005s ]
NOTIC: [8] A session had already been started - ignoring session_start() E:\web\php47\shop\Tools\Cart.class.php 第 15 行.
INFO: [ app_end ] --START--
INFO: Run Behavior\ShowPageTraceBehavior [ RunTime:0.001147s ]
INFO: [ app_end ] --END-- [ RunTime:0.001283s ]

[ 2016-08-11T15:32:51+08:00 ] 127.0.0.1 /index.php/Home/Shop/changeNumber.html?num=11&goods_id=25
INFO: [ app_begin ] --START--
INFO: Run Behavior\ReadHtmlCacheBehavior [ RunTime:0.001418s ]
INFO: [ app_begin ] --END-- [ RunTime:0.002690s ]
SQL: SHOW COLUMNS FROM `sp_category` [ RunTime:0.0115s ]
SQL: SELECT * FROM `sp_category` WHERE `cat_level` = 0  [ RunTime:0.0066s ]
SQL: SELECT * FROM `sp_category` WHERE `cat_level` = 1  [ RunTime:0.0008s ]
SQL: SELECT * FROM `sp_category` WHERE `cat_level` = 2  [ RunTime:0.0007s ]
NOTIC: [8] A session had already been started - ignoring session_start() E:\web\php47\shop\Tools\Cart.class.php 第 15 行.
INFO: [ app_end ] --START--
INFO: Run Behavior\ShowPageTraceBehavior [ RunTime:0.001491s ]
INFO: [ app_end ] --END-- [ RunTime:0.001654s ]

[ 2016-08-11T15:32:58+08:00 ] 127.0.0.1 /index.php/Home/Shop/changeNumber.html?num=19&goods_id=25
INFO: [ app_begin ] --START--
INFO: Run Behavior\ReadHtmlCacheBehavior [ RunTime:0.001502s ]
INFO: [ app_begin ] --END-- [ RunTime:0.002352s ]
SQL: SHOW COLUMNS FROM `sp_category` [ RunTime:0.0077s ]
SQL: SELECT * FROM `sp_category` WHERE `cat_level` = 0  [ RunTime:0.0007s ]
SQL: SELECT * FROM `sp_category` WHERE `cat_level` = 1  [ RunTime:0.0005s ]
SQL: SELECT * FROM `sp_category` WHERE `cat_level` = 2  [ RunTime:0.0006s ]
NOTIC: [8] A session had already been started - ignoring session_start() E:\web\php47\shop\Tools\Cart.class.php 第 15 行.
INFO: [ app_end ] --START--
INFO: Run Behavior\ShowPageTraceBehavior [ RunTime:0.001306s ]
INFO: [ app_end ] --END-- [ RunTime:0.001430s ]

[ 2016-08-11T16:00:04+08:00 ] 127.0.0.1 /index.php/Home/Shop/style/base.css
ERR: 非法操作:style

[ 2016-08-11T16:00:04+08:00 ] 127.0.0.1 /index.php/Home/Shop/style/header.css
ERR: 非法操作:style

[ 2016-08-11T16:00:04+08:00 ] 127.0.0.1 /index.php/Home/Shop/style/global.css
ERR: 非法操作:style

[ 2016-08-11T16:00:04+08:00 ] 127.0.0.1 /index.php/Home/Shop/style/fillin.css
ERR: 非法操作:style

[ 2016-08-11T16:00:05+08:00 ] 127.0.0.1 /index.php/Home/Shop/style/footer.css
ERR: 非法操作:style

[ 2016-08-11T16:00:05+08:00 ] 127.0.0.1 /index.php/Home/Shop/js/cart2.js
ERR: 非法操作:js

[ 2016-08-11T16:00:05+08:00 ] 127.0.0.1 /index.php/Home/Shop/js/jquery-1.8.3.min.js
ERR: 非法操作:js

[ 2016-08-11T16:00:05+08:00 ] 127.0.0.1 /index.php/Home/Shop/js/cart2.js
ERR: 非法操作:js

[ 2016-08-11T16:01:17+08:00 ] 127.0.0.1 /index.php/Home/Shop/style/fillin.css
ERR: 非法操作:style

[ 2016-08-11T16:01:18+08:00 ] 127.0.0.1 /index.php/Home/Shop/js/cart2.js
ERR: 非法操作:js

[ 2016-08-11T16:08:26+08:00 ] 127.0.0.1 /index.php/Home/Comment/getCmtList?page_index=0&goods_id=28
INFO: [ app_begin ] --START--
INFO: Run Behavior\ReadHtmlCacheBehavior [ RunTime:0.002958s ]
INFO: [ app_begin ] --END-- [ RunTime:0.003995s ]
SQL: SHOW COLUMNS FROM `sp_category` [ RunTime:0.0169s ]
SQL: SELECT * FROM `sp_category` WHERE `cat_level` = 0  [ RunTime:0.0011s ]
SQL: SELECT * FROM `sp_category` WHERE `cat_level` = 1  [ RunTime:0.0011s ]
SQL: SELECT * FROM `sp_category` WHERE `cat_level` = 2  [ RunTime:0.0039s ]
SQL: SHOW COLUMNS FROM `sp_comment` [ RunTime:0.0150s ]
SQL: SELECT u.user_name,c.cmt_id,c.cmt_msg,c.cmt_star,left(from_unixtime(c.add_time),16) cmttime FROM sp_comment c INNER JOIN sp_user u on c.user_id=u.user_id  WHERE `is_show` = '0' AND `goods_id` = '28' ORDER BY c.cmt_id desc LIMIT 0,3   [ RunTime:0.0030s ]
SQL: SHOW COLUMNS FROM `sp_back` [ RunTime:0.0132s ]
SQL: SELECT u.user_name,b.back_msg,b.back_id,left(from_unixtime(b.add_time),16) backtime,b.cmt_id FROM sp_back b INNER JOIN sp_user u on b.user_id=u.user_id  WHERE b.cmt_id IN ('829','821','805') AND b.is_show = '0'  [ RunTime:0.0008s ]
INFO: [ app_end ] --START--
INFO: Run Behavior\ShowPageTraceBehavior [ RunTime:0.001605s ]
INFO: [ app_end ] --END-- [ RunTime:0.001757s ]

[ 2016-08-11T16:11:36+08:00 ] 127.0.0.1 /index.php/Home/Shop/addCart.html?goods_id=28
INFO: [ app_begin ] --START--
INFO: Run Behavior\ReadHtmlCacheBehavior [ RunTime:0.000952s ]
INFO: [ app_begin ] --END-- [ RunTime:0.001680s ]
SQL: SHOW COLUMNS FROM `sp_category` [ RunTime:0.0073s ]
SQL: SELECT * FROM `sp_category` WHERE `cat_level` = 0  [ RunTime:0.0025s ]
SQL: SELECT * FROM `sp_category` WHERE `cat_level` = 1  [ RunTime:0.0008s ]
SQL: SELECT * FROM `sp_category` WHERE `cat_level` = 2  [ RunTime:0.0007s ]
SQL: SHOW COLUMNS FROM `sp_goods` [ RunTime:0.0099s ]
SQL: SELECT * FROM `sp_goods` WHERE `goods_id` = 28 LIMIT 1   [ RunTime:0.0008s ]
NOTIC: [8] A session had already been started - ignoring session_start() E:\web\php47\shop\Tools\Cart.class.php 第 15 行.
INFO: [ app_end ] --START--
INFO: Run Behavior\ShowPageTraceBehavior [ RunTime:0.001129s ]
INFO: [ app_end ] --END-- [ RunTime:0.001229s ]

[ 2016-08-11T16:11:42+08:00 ] 127.0.0.1 /index.php/Home/Comment/getCmtList?page_index=0&goods_id=35
INFO: [ app_begin ] --START--
INFO: Run Behavior\ReadHtmlCacheBehavior [ RunTime:0.001468s ]
INFO: [ app_begin ] --END-- [ RunTime:0.002529s ]
SQL: SHOW COLUMNS FROM `sp_category` [ RunTime:0.0138s ]
SQL: SELECT * FROM `sp_category` WHERE `cat_level` = 0  [ RunTime:0.0009s ]
SQL: SELECT * FROM `sp_category` WHERE `cat_level` = 1  [ RunTime:0.0007s ]
SQL: SELECT * FROM `sp_category` WHERE `cat_level` = 2  [ RunTime:0.0007s ]
SQL: SHOW COLUMNS FROM `sp_comment` [ RunTime:0.0139s ]
SQL: SELECT u.user_name,c.cmt_id,c.cmt_msg,c.cmt_star,left(from_unixtime(c.add_time),16) cmttime FROM sp_comment c INNER JOIN sp_user u on c.user_id=u.user_id  WHERE `is_show` = '0' AND `goods_id` = '35' ORDER BY c.cmt_id desc LIMIT 0,3   [ RunTime:0.0011s ]
SQL: SHOW COLUMNS FROM `sp_back` [ RunTime:0.0126s ]
SQL: SELECT u.user_name,b.back_msg,b.back_id,left(from_unixtime(b.add_time),16) backtime,b.cmt_id FROM sp_back b INNER JOIN sp_user u on b.user_id=u.user_id  WHERE b.cmt_id IN ('') AND b.is_show = '0'  [ RunTime:0.0021s ]
INFO: [ app_end ] --START--
INFO: Run Behavior\ShowPageTraceBehavior [ RunTime:0.001553s ]
INFO: [ app_end ] --END-- [ RunTime:0.001721s ]

[ 2016-08-11T16:11:44+08:00 ] 127.0.0.1 /index.php/Home/Shop/addCart.html?goods_id=35
INFO: [ app_begin ] --START--
INFO: Run Behavior\ReadHtmlCacheBehavior [ RunTime:0.000920s ]
INFO: [ app_begin ] --END-- [ RunTime:0.001676s ]
SQL: SHOW COLUMNS FROM `sp_category` [ RunTime:0.0113s ]
SQL: SELECT * FROM `sp_category` WHERE `cat_level` = 0  [ RunTime:0.0008s ]
SQL: SELECT * FROM `sp_category` WHERE `cat_level` = 1  [ RunTime:0.0006s ]
SQL: SELECT * FROM `sp_category` WHERE `cat_level` = 2  [ RunTime:0.0006s ]
SQL: SHOW COLUMNS FROM `sp_goods` [ RunTime:0.0216s ]
SQL: SELECT * FROM `sp_goods` WHERE `goods_id` = 35 LIMIT 1   [ RunTime:0.0013s ]
NOTIC: [8] A session had already been started - ignoring session_start() E:\web\php47\shop\Tools\Cart.class.php 第 15 行.
INFO: [ app_end ] --START--
INFO: Run Behavior\ShowPageTraceBehavior [ RunTime:0.002126s ]
INFO: [ app_end ] --END-- [ RunTime:0.002304s ]

[ 2016-08-11T16:12:46+08:00 ] 127.0.0.1 /index.php/Home/Shop/addCart.html?goods_id=35
INFO: [ app_begin ] --START--
INFO: Run Behavior\ReadHtmlCacheBehavior [ RunTime:0.001231s ]
INFO: [ app_begin ] --END-- [ RunTime:0.002248s ]
SQL: SHOW COLUMNS FROM `sp_category` [ RunTime:0.0114s ]
SQL: SELECT * FROM `sp_category` WHERE `cat_level` = 0  [ RunTime:0.0008s ]
SQL: SELECT * FROM `sp_category` WHERE `cat_level` = 1  [ RunTime:0.0006s ]
SQL: SELECT * FROM `sp_category` WHERE `cat_level` = 2  [ RunTime:0.0005s ]
SQL: SHOW COLUMNS FROM `sp_goods` [ RunTime:0.0120s ]
SQL: SELECT * FROM `sp_goods` WHERE `goods_id` = 35 LIMIT 1   [ RunTime:0.0009s ]
NOTIC: [8] A session had already been started - ignoring session_start() E:\web\php47\shop\Tools\Cart.class.php 第 15 行.
INFO: [ app_end ] --START--
INFO: Run Behavior\ShowPageTraceBehavior [ RunTime:0.001457s ]
INFO: [ app_end ] --END-- [ RunTime:0.001625s ]

[ 2016-08-11T16:13:49+08:00 ] 127.0.0.1 /index.php/Home/Shop/addCart.html?goods_id=35
INFO: [ app_begin ] --START--
INFO: Run Behavior\ReadHtmlCacheBehavior [ RunTime:0.001141s ]
INFO: [ app_begin ] --END-- [ RunTime:0.001966s ]
SQL: SHOW COLUMNS FROM `sp_category` [ RunTime:0.0095s ]
SQL: SELECT * FROM `sp_category` WHERE `cat_level` = 0  [ RunTime:0.0008s ]
SQL: SELECT * FROM `sp_category` WHERE `cat_level` = 1  [ RunTime:0.0007s ]
SQL: SELECT * FROM `sp_category` WHERE `cat_level` = 2  [ RunTime:0.0008s ]
SQL: SHOW COLUMNS FROM `sp_goods` [ RunTime:0.0124s ]
SQL: SELECT * FROM `sp_goods` WHERE `goods_id` = 35 LIMIT 1   [ RunTime:0.0009s ]
NOTIC: [8] A session had already been started - ignoring session_start() E:\web\php47\shop\Tools\Cart.class.php 第 15 行.
INFO: [ app_end ] --START--
INFO: Run Behavior\ShowPageTraceBehavior [ RunTime:0.002072s ]
INFO: [ app_end ] --END-- [ RunTime:0.002264s ]

[ 2016-08-11T16:13:56+08:00 ] 127.0.0.1 /index.php/Home/Shop/addCart.html?goods_id=35
INFO: [ app_begin ] --START--
INFO: Run Behavior\ReadHtmlCacheBehavior [ RunTime:0.001485s ]
INFO: [ app_begin ] --END-- [ RunTime:0.003566s ]
SQL: SHOW COLUMNS FROM `sp_category` [ RunTime:0.0110s ]
SQL: SELECT * FROM `sp_category` WHERE `cat_level` = 0  [ RunTime:0.0008s ]
SQL: SELECT * FROM `sp_category` WHERE `cat_level` = 1  [ RunTime:0.0007s ]
SQL: SELECT * FROM `sp_category` WHERE `cat_level` = 2  [ RunTime:0.0006s ]
SQL: SHOW COLUMNS FROM `sp_goods` [ RunTime:0.0076s ]
SQL: SELECT * FROM `sp_goods` WHERE `goods_id` = 35 LIMIT 1   [ RunTime:0.0007s ]
NOTIC: [8] A session had already been started - ignoring session_start() E:\web\php47\shop\Tools\Cart.class.php 第 15 行.
INFO: [ app_end ] --START--
INFO: Run Behavior\ShowPageTraceBehavior [ RunTime:0.001204s ]
INFO: [ app_end ] --END-- [ RunTime:0.001336s ]

[ 2016-08-11T16:15:40+08:00 ] 127.0.0.1 /index.php/Home/Comment/getCmtList?page_index=0&goods_id=36
INFO: [ app_begin ] --START--
INFO: Run Behavior\ReadHtmlCacheBehavior [ RunTime:0.001544s ]
INFO: [ app_begin ] --END-- [ RunTime:0.002612s ]
SQL: SHOW COLUMNS FROM `sp_category` [ RunTime:0.0150s ]
SQL: SELECT * FROM `sp_category` WHERE `cat_level` = 0  [ RunTime:0.0009s ]
SQL: SELECT * FROM `sp_category` WHERE `cat_level` = 1  [ RunTime:0.0008s ]
SQL: SELECT * FROM `sp_category` WHERE `cat_level` = 2  [ RunTime:0.0007s ]
SQL: SHOW COLUMNS FROM `sp_comment` [ RunTime:0.0136s ]
SQL: SELECT u.user_name,c.cmt_id,c.cmt_msg,c.cmt_star,left(from_unixtime(c.add_time),16) cmttime FROM sp_comment c INNER JOIN sp_user u on c.user_id=u.user_id  WHERE `is_show` = '0' AND `goods_id` = '36' ORDER BY c.cmt_id desc LIMIT 0,3   [ RunTime:0.0009s ]
SQL: SHOW COLUMNS FROM `sp_back` [ RunTime:0.0254s ]
SQL: SELECT u.user_name,b.back_msg,b.back_id,left(from_unixtime(b.add_time),16) backtime,b.cmt_id FROM sp_back b INNER JOIN sp_user u on b.user_id=u.user_id  WHERE b.cmt_id IN ('') AND b.is_show = '0'  [ RunTime:0.0008s ]
INFO: [ app_end ] --START--
INFO: Run Behavior\ShowPageTraceBehavior [ RunTime:0.001516s ]
INFO: [ app_end ] --END-- [ RunTime:0.001667s ]

[ 2016-08-11T16:15:41+08:00 ] 127.0.0.1 /index.php/Home/Shop/addCart.html?goods_id=36
INFO: [ app_begin ] --START--
INFO: Run Behavior\ReadHtmlCacheBehavior [ RunTime:0.001264s ]
INFO: [ app_begin ] --END-- [ RunTime:0.002057s ]
SQL: SHOW COLUMNS FROM `sp_category` [ RunTime:0.0111s ]
SQL: SELECT * FROM `sp_category` WHERE `cat_level` = 0  [ RunTime:0.0009s ]
SQL: SELECT * FROM `sp_category` WHERE `cat_level` = 1  [ RunTime:0.0007s ]
SQL: SELECT * FROM `sp_category` WHERE `cat_level` = 2  [ RunTime:0.0007s ]
SQL: SHOW COLUMNS FROM `sp_goods` [ RunTime:0.0132s ]
SQL: SELECT * FROM `sp_goods` WHERE `goods_id` = 36 LIMIT 1   [ RunTime:0.0008s ]
NOTIC: [8] A session had already been started - ignoring session_start() E:\web\php47\shop\Tools\Cart.class.php 第 15 行.
INFO: [ app_end ] --START--
INFO: Run Behavior\ShowPageTraceBehavior [ RunTime:0.001349s ]
INFO: [ app_end ] --END-- [ RunTime:0.001474s ]

[ 2016-08-11T17:27:44+08:00 ] 127.0.0.1 /index.php/Home/Comment/getCmtList?page_index=0&goods_id=24
INFO: [ app_begin ] --START--
INFO: Run Behavior\ReadHtmlCacheBehavior [ RunTime:0.003649s ]
INFO: [ app_begin ] --END-- [ RunTime:0.005410s ]
SQL: SHOW COLUMNS FROM `sp_category` [ RunTime:0.0113s ]
SQL: SELECT * FROM `sp_category` WHERE `cat_level` = 0  [ RunTime:0.0010s ]
SQL: SELECT * FROM `sp_category` WHERE `cat_level` = 1  [ RunTime:0.0008s ]
SQL: SELECT * FROM `sp_category` WHERE `cat_level` = 2  [ RunTime:0.0008s ]
SQL: SHOW COLUMNS FROM `sp_comment` [ RunTime:0.0096s ]
SQL: SELECT u.user_name,c.cmt_id,c.cmt_msg,c.cmt_star,left(from_unixtime(c.add_time),16) cmttime FROM sp_comment c INNER JOIN sp_user u on c.user_id=u.user_id  WHERE `is_show` = '0' AND `goods_id` = '24' ORDER BY c.cmt_id desc LIMIT 0,3   [ RunTime:0.0009s ]
SQL: SHOW COLUMNS FROM `sp_back` [ RunTime:0.0102s ]
SQL: SELECT u.user_name,b.back_msg,b.back_id,left(from_unixtime(b.add_time),16) backtime,b.cmt_id FROM sp_back b INNER JOIN sp_user u on b.user_id=u.user_id  WHERE b.cmt_id IN ('823','799','795') AND b.is_show = '0'  [ RunTime:0.0009s ]
INFO: [ app_end ] --START--
INFO: Run Behavior\ShowPageTraceBehavior [ RunTime:0.002441s ]
INFO: [ app_end ] --END-- [ RunTime:0.002624s ]

[ 2016-08-11T17:27:46+08:00 ] 127.0.0.1 /index.php/Home/Shop/addCart.html?goods_id=24
INFO: [ app_begin ] --START--
INFO: Run Behavior\ReadHtmlCacheBehavior [ RunTime:0.001399s ]
INFO: [ app_begin ] --END-- [ RunTime:0.002440s ]
SQL: SHOW COLUMNS FROM `sp_category` [ RunTime:0.0108s ]
SQL: SELECT * FROM `sp_category` WHERE `cat_level` = 0  [ RunTime:0.0021s ]
SQL: SELECT * FROM `sp_category` WHERE `cat_level` = 1  [ RunTime:0.0008s ]
SQL: SELECT * FROM `sp_category` WHERE `cat_level` = 2  [ RunTime:0.0009s ]
SQL: SHOW COLUMNS FROM `sp_goods` [ RunTime:0.0100s ]
SQL: SELECT * FROM `sp_goods` WHERE `goods_id` = 24 LIMIT 1   [ RunTime:0.0010s ]
NOTIC: [8] A session had already been started - ignoring session_start() E:\web\php47\shop\Tools\Cart.class.php 第 15 行.
INFO: [ app_end ] --START--
INFO: Run Behavior\ShowPageTraceBehavior [ RunTime:0.001121s ]
INFO: [ app_end ] --END-- [ RunTime:0.001242s ]

[ 2016-08-11T17:27:52+08:00 ] 127.0.0.1 /index.php/Home/Comment/getCmtList?page_index=0&goods_id=36
INFO: [ app_begin ] --START--
INFO: Run Behavior\ReadHtmlCacheBehavior [ RunTime:0.001816s ]
INFO: [ app_begin ] --END-- [ RunTime:0.003039s ]
SQL: SHOW COLUMNS FROM `sp_category` [ RunTime:0.0174s ]
SQL: SELECT * FROM `sp_category` WHERE `cat_level` = 0  [ RunTime:0.0009s ]
SQL: SELECT * FROM `sp_category` WHERE `cat_level` = 1  [ RunTime:0.0010s ]
SQL: SELECT * FROM `sp_category` WHERE `cat_level` = 2  [ RunTime:0.0008s ]
SQL: SHOW COLUMNS FROM `sp_comment` [ RunTime:0.0133s ]
SQL: SELECT u.user_name,c.cmt_id,c.cmt_msg,c.cmt_star,left(from_unixtime(c.add_time),16) cmttime FROM sp_comment c INNER JOIN sp_user u on c.user_id=u.user_id  WHERE `is_show` = '0' AND `goods_id` = '36' ORDER BY c.cmt_id desc LIMIT 0,3   [ RunTime:0.0010s ]
SQL: SHOW COLUMNS FROM `sp_back` [ RunTime:0.0275s ]
SQL: SELECT u.user_name,b.back_msg,b.back_id,left(from_unixtime(b.add_time),16) backtime,b.cmt_id FROM sp_back b INNER JOIN sp_user u on b.user_id=u.user_id  WHERE b.cmt_id IN ('') AND b.is_show = '0'  [ RunTime:0.0010s ]
INFO: [ app_end ] --START--
INFO: Run Behavior\ShowPageTraceBehavior [ RunTime:0.002563s ]
INFO: [ app_end ] --END-- [ RunTime:0.002751s ]

[ 2016-08-11T17:27:54+08:00 ] 127.0.0.1 /index.php/Home/Shop/addCart.html?goods_id=36
INFO: [ app_begin ] --START--
INFO: Run Behavior\ReadHtmlCacheBehavior [ RunTime:0.001489s ]
INFO: [ app_begin ] --END-- [ RunTime:0.008050s ]
SQL: SHOW COLUMNS FROM `sp_category` [ RunTime:0.0107s ]
SQL: SELECT * FROM `sp_category` WHERE `cat_level` = 0  [ RunTime:0.0011s ]
SQL: SELECT * FROM `sp_category` WHERE `cat_level` = 1  [ RunTime:0.0011s ]
SQL: SELECT * FROM `sp_category` WHERE `cat_level` = 2  [ RunTime:0.0010s ]
SQL: SHOW COLUMNS FROM `sp_goods` [ RunTime:0.0123s ]
SQL: SELECT * FROM `sp_goods` WHERE `goods_id` = 36 LIMIT 1   [ RunTime:0.0014s ]
NOTIC: [8] A session had already been started - ignoring session_start() E:\web\php47\shop\Tools\Cart.class.php 第 15 行.
INFO: [ app_end ] --START--
INFO: Run Behavior\ShowPageTraceBehavior [ RunTime:0.001711s ]
INFO: [ app_end ] --END-- [ RunTime:0.001895s ]

[ 2016-08-11T17:28:05+08:00 ] 127.0.0.1 /index.php/Home/Comment/getCmtList?page_index=0&goods_id=29
INFO: [ app_begin ] --START--
INFO: Run Behavior\ReadHtmlCacheBehavior [ RunTime:0.001804s ]
INFO: [ app_begin ] --END-- [ RunTime:0.003087s ]
SQL: SHOW COLUMNS FROM `sp_category` [ RunTime:0.0211s ]
SQL: SELECT * FROM `sp_category` WHERE `cat_level` = 0  [ RunTime:0.0010s ]
SQL: SELECT * FROM `sp_category` WHERE `cat_level` = 1  [ RunTime:0.0011s ]
SQL: SELECT * FROM `sp_category` WHERE `cat_level` = 2  [ RunTime:0.0077s ]
SQL: SHOW COLUMNS FROM `sp_comment` [ RunTime:0.0124s ]
SQL: SELECT u.user_name,c.cmt_id,c.cmt_msg,c.cmt_star,left(from_unixtime(c.add_time),16) cmttime FROM sp_comment c INNER JOIN sp_user u on c.user_id=u.user_id  WHERE `is_show` = '0' AND `goods_id` = '29' ORDER BY c.cmt_id desc LIMIT 0,3   [ RunTime:0.0016s ]
SQL: SHOW COLUMNS FROM `sp_back` [ RunTime:0.0129s ]
SQL: SELECT u.user_name,b.back_msg,b.back_id,left(from_unixtime(b.add_time),16) backtime,b.cmt_id FROM sp_back b INNER JOIN sp_user u on b.user_id=u.user_id  WHERE b.cmt_id IN ('825','814','800') AND b.is_show = '0'  [ RunTime:0.0018s ]
INFO: [ app_end ] --START--
INFO: Run Behavior\ShowPageTraceBehavior [ RunTime:0.001953s ]
INFO: [ app_end ] --END-- [ RunTime:0.002130s ]

[ 2016-08-11T17:28:06+08:00 ] 127.0.0.1 /index.php/Home/Shop/addCart.html?goods_id=29
INFO: [ app_begin ] --START--
INFO: Run Behavior\ReadHtmlCacheBehavior [ RunTime:0.001493s ]
INFO: [ app_begin ] --END-- [ RunTime:0.002546s ]
SQL: SHOW COLUMNS FROM `sp_category` [ RunTime:0.0070s ]
SQL: SELECT * FROM `sp_category` WHERE `cat_level` = 0  [ RunTime:0.0006s ]
SQL: SELECT * FROM `sp_category` WHERE `cat_level` = 1  [ RunTime:0.0004s ]
SQL: SELECT * FROM `sp_category` WHERE `cat_level` = 2  [ RunTime:0.0005s ]
SQL: SHOW COLUMNS FROM `sp_goods` [ RunTime:0.0109s ]
SQL: SELECT * FROM `sp_goods` WHERE `goods_id` = 29 LIMIT 1   [ RunTime:0.0012s ]
NOTIC: [8] A session had already been started - ignoring session_start() E:\web\php47\shop\Tools\Cart.class.php 第 15 行.
INFO: [ app_end ] --START--
INFO: Run Behavior\ShowPageTraceBehavior [ RunTime:0.001495s ]
INFO: [ app_end ] --END-- [ RunTime:0.001659s ]

[ 2016-08-11T17:34:11+08:00 ] 127.0.0.1 /index.php/Home/Shop/addCart.html?goods_id=29
INFO: [ app_begin ] --START--
INFO: Run Behavior\ReadHtmlCacheBehavior [ RunTime:0.001299s ]
INFO: [ app_begin ] --END-- [ RunTime:0.002230s ]
SQL: SHOW COLUMNS FROM `sp_category` [ RunTime:0.0098s ]
SQL: SELECT * FROM `sp_category` WHERE `cat_level` = 0  [ RunTime:0.0007s ]
SQL: SELECT * FROM `sp_category` WHERE `cat_level` = 1  [ RunTime:0.0007s ]
SQL: SELECT * FROM `sp_category` WHERE `cat_level` = 2  [ RunTime:0.0006s ]
SQL: SHOW COLUMNS FROM `sp_goods` [ RunTime:0.0099s ]
SQL: SELECT * FROM `sp_goods` WHERE `goods_id` = 29 LIMIT 1   [ RunTime:0.0009s ]
NOTIC: [8] A session had already been started - ignoring session_start() E:\web\php47\shop\Tools\Cart.class.php 第 15 行.
INFO: [ app_end ] --START--
INFO: Run Behavior\ShowPageTraceBehavior [ RunTime:0.001453s ]
INFO: [ app_end ] --END-- [ RunTime:0.001590s ]

[ 2016-08-11T17:34:18+08:00 ] 127.0.0.1 /index.php/Home/Comment/getCmtList?page_index=0&goods_id=32
INFO: [ app_begin ] --START--
INFO: Run Behavior\ReadHtmlCacheBehavior [ RunTime:0.001340s ]
INFO: [ app_begin ] --END-- [ RunTime:0.002271s ]
SQL: SHOW COLUMNS FROM `sp_category` [ RunTime:0.0162s ]
SQL: SELECT * FROM `sp_category` WHERE `cat_level` = 0  [ RunTime:0.0014s ]
SQL: SELECT * FROM `sp_category` WHERE `cat_level` = 1  [ RunTime:0.0008s ]
SQL: SELECT * FROM `sp_category` WHERE `cat_level` = 2  [ RunTime:0.0007s ]
SQL: SHOW COLUMNS FROM `sp_comment` [ RunTime:0.0108s ]
SQL: SELECT u.user_name,c.cmt_id,c.cmt_msg,c.cmt_star,left(from_unixtime(c.add_time),16) cmttime FROM sp_comment c INNER JOIN sp_user u on c.user_id=u.user_id  WHERE `is_show` = '0' AND `goods_id` = '32' ORDER BY c.cmt_id desc LIMIT 0,3   [ RunTime:0.0008s ]
SQL: SHOW COLUMNS FROM `sp_back` [ RunTime:0.0098s ]
SQL: SELECT u.user_name,b.back_msg,b.back_id,left(from_unixtime(b.add_time),16) backtime,b.cmt_id FROM sp_back b INNER JOIN sp_user u on b.user_id=u.user_id  WHERE b.cmt_id IN ('830','826','815') AND b.is_show = '0'  [ RunTime:0.0007s ]
INFO: [ app_end ] --START--
INFO: Run Behavior\ShowPageTraceBehavior [ RunTime:0.001102s ]
INFO: [ app_end ] --END-- [ RunTime:0.001207s ]

[ 2016-08-11T17:34:19+08:00 ] 127.0.0.1 /index.php/Home/Shop/addCart.html?goods_id=32
INFO: [ app_begin ] --START--
INFO: Run Behavior\ReadHtmlCacheBehavior [ RunTime:0.000910s ]
INFO: [ app_begin ] --END-- [ RunTime:0.001623s ]
SQL: SHOW COLUMNS FROM `sp_category` [ RunTime:0.0070s ]
SQL: SELECT * FROM `sp_category` WHERE `cat_level` = 0  [ RunTime:0.0006s ]
SQL: SELECT * FROM `sp_category` WHERE `cat_level` = 1  [ RunTime:0.0004s ]
SQL: SELECT * FROM `sp_category` WHERE `cat_level` = 2  [ RunTime:0.0004s ]
SQL: SHOW COLUMNS FROM `sp_goods` [ RunTime:0.0080s ]
SQL: SELECT * FROM `sp_goods` WHERE `goods_id` = 32 LIMIT 1   [ RunTime:0.0007s ]
NOTIC: [8] A session had already been started - ignoring session_start() E:\web\php47\shop\Tools\Cart.class.php 第 15 行.
INFO: [ app_end ] --START--
INFO: Run Behavior\ShowPageTraceBehavior [ RunTime:0.000902s ]
INFO: [ app_end ] --END-- [ RunTime:0.000996s ]

[ 2016-08-11T17:35:30+08:00 ] 127.0.0.1 /index.php/Home/Comment/getCmtList?page_index=0&goods_id=26
INFO: [ app_begin ] --START--
INFO: Run Behavior\ReadHtmlCacheBehavior [ RunTime:0.001013s ]
INFO: [ app_begin ] --END-- [ RunTime:0.001790s ]
SQL: SHOW COLUMNS FROM `sp_category` [ RunTime:0.0099s ]
SQL: SELECT * FROM `sp_category` WHERE `cat_level` = 0  [ RunTime:0.0043s ]
SQL: SELECT * FROM `sp_category` WHERE `cat_level` = 1  [ RunTime:0.0011s ]
SQL: SELECT * FROM `sp_category` WHERE `cat_level` = 2  [ RunTime:0.0014s ]
SQL: SHOW COLUMNS FROM `sp_comment` [ RunTime:0.0121s ]
SQL: SELECT u.user_name,c.cmt_id,c.cmt_msg,c.cmt_star,left(from_unixtime(c.add_time),16) cmttime FROM sp_comment c INNER JOIN sp_user u on c.user_id=u.user_id  WHERE `is_show` = '0' AND `goods_id` = '26' ORDER BY c.cmt_id desc LIMIT 0,3   [ RunTime:0.0009s ]
SQL: SHOW COLUMNS FROM `sp_back` [ RunTime:0.0107s ]
SQL: SELECT u.user_name,b.back_msg,b.back_id,left(from_unixtime(b.add_time),16) backtime,b.cmt_id FROM sp_back b INNER JOIN sp_user u on b.user_id=u.user_id  WHERE b.cmt_id IN ('828','822','818') AND b.is_show = '0'  [ RunTime:0.0013s ]
INFO: [ app_end ] --START--
INFO: Run Behavior\ShowPageTraceBehavior [ RunTime:0.001571s ]
INFO: [ app_end ] --END-- [ RunTime:0.001723s ]

[ 2016-08-11T17:35:32+08:00 ] 127.0.0.1 /index.php/Home/Shop/addCart.html?goods_id=26
INFO: [ app_begin ] --START--
INFO: Run Behavior\ReadHtmlCacheBehavior [ RunTime:0.001359s ]
INFO: [ app_begin ] --END-- [ RunTime:0.002447s ]
SQL: SHOW COLUMNS FROM `sp_category` [ RunTime:0.0075s ]
SQL: SELECT * FROM `sp_category` WHERE `cat_level` = 0  [ RunTime:0.0006s ]
SQL: SELECT * FROM `sp_category` WHERE `cat_level` = 1  [ RunTime:0.0004s ]
SQL: SELECT * FROM `sp_category` WHERE `cat_level` = 2  [ RunTime:0.0004s ]
SQL: SHOW COLUMNS FROM `sp_goods` [ RunTime:0.0098s ]
SQL: SELECT * FROM `sp_goods` WHERE `goods_id` = 26 LIMIT 1   [ RunTime:0.0007s ]
NOTIC: [8] A session had already been started - ignoring session_start() E:\web\php47\shop\Tools\Cart.class.php 第 15 行.
INFO: [ app_end ] --START--
INFO: Run Behavior\ShowPageTraceBehavior [ RunTime:0.000949s ]
INFO: [ app_end ] --END-- [ RunTime:0.001051s ]

[ 2016-08-11T17:57:44+08:00 ] 192.168.142.25 /index.php/Home/Comment/getCmtList?page_index=0&goods_id=4
INFO: [ app_begin ] --START--
INFO: Run Behavior\ReadHtmlCacheBehavior [ RunTime:0.001056s ]
INFO: [ app_begin ] --END-- [ RunTime:0.001897s ]
SQL: SHOW COLUMNS FROM `sp_category` [ RunTime:0.0086s ]
SQL: SELECT * FROM `sp_category` WHERE `cat_level` = 0  [ RunTime:0.0008s ]
SQL: SELECT * FROM `sp_category` WHERE `cat_level` = 1  [ RunTime:0.0008s ]
SQL: SELECT * FROM `sp_category` WHERE `cat_level` = 2  [ RunTime:0.0005s ]
SQL: SHOW COLUMNS FROM `sp_comment` [ RunTime:0.0079s ]
SQL: SELECT u.user_name,c.cmt_id,c.cmt_msg,c.cmt_star,left(from_unixtime(c.add_time),16) cmttime FROM sp_comment c INNER JOIN sp_user u on c.user_id=u.user_id  WHERE `is_show` = '0' AND `goods_id` = '4' ORDER BY c.cmt_id desc LIMIT 0,3   [ RunTime:0.0007s ]
SQL: SHOW COLUMNS FROM `sp_back` [ RunTime:0.0074s ]
SQL: SELECT u.user_name,b.back_msg,b.back_id,left(from_unixtime(b.add_time),16) backtime,b.cmt_id FROM sp_back b INNER JOIN sp_user u on b.user_id=u.user_id  WHERE b.cmt_id IN ('') AND b.is_show = '0'  [ RunTime:0.0007s ]
INFO: [ app_end ] --START--
INFO: Run Behavior\ShowPageTraceBehavior [ RunTime:0.001278s ]
INFO: [ app_end ] --END-- [ RunTime:0.001397s ]

[ 2016-08-11T17:57:45+08:00 ] 192.168.142.25 /index.php/Home/Shop/addCart.html?goods_id=4
INFO: [ app_begin ] --START--
INFO: Run Behavior\ReadHtmlCacheBehavior [ RunTime:0.001145s ]
INFO: [ app_begin ] --END-- [ RunTime:0.002115s ]
SQL: SHOW COLUMNS FROM `sp_category` [ RunTime:0.0069s ]
SQL: SELECT * FROM `sp_category` WHERE `cat_level` = 0  [ RunTime:0.0006s ]
SQL: SELECT * FROM `sp_category` WHERE `cat_level` = 1  [ RunTime:0.0005s ]
SQL: SELECT * FROM `sp_category` WHERE `cat_level` = 2  [ RunTime:0.0005s ]
SQL: SHOW COLUMNS FROM `sp_goods` [ RunTime:0.0086s ]
SQL: SELECT * FROM `sp_goods` WHERE `goods_id` = 4 LIMIT 1   [ RunTime:0.0033s ]
NOTIC: [8] A session had already been started - ignoring session_start() E:\web\php47\shop\Tools\Cart.class.php 第 15 行.
INFO: [ app_end ] --START--
INFO: Run Behavior\ShowPageTraceBehavior [ RunTime:0.001525s ]
INFO: [ app_end ] --END-- [ RunTime:0.001638s ]

