[ 2017-08-09T10:32:00+08:00 ] 127.0.0.1 /
INFO: [ app_init ] --START--
INFO: Run Behavior\BuildLiteBehavior [ RunTime:0.000000s ]
INFO: [ app_init ] --END-- [ RunTime:0.000000s ]
NOTIC: [8] Use of undefined constant URL_COMPAT - assumed 'URL_COMPAT' D:\WWW\zghnj.com\ThinkPHP\Library\Think\Dispatcher.class.php 第 183 行.
NOTIC: [8] Use of undefined constant URL_REWRITE - assumed 'URL_REWRITE' D:\WWW\zghnj.com\ThinkPHP\Library\Think\Dispatcher.class.php 第 185 行.
INFO: [ app_begin ] --START--
INFO: Run Behavior\ReadHtmlCacheBehavior [ RunTime:0.000000s ]
INFO: [ app_begin ] --END-- [ RunTime:0.001000s ]
SQL: SHOW COLUMNS FROM `hnj_news` [ RunTime:0.0540s ]
SQL: SHOW COLUMNS FROM `hnj_category` [ RunTime:0.0510s ]
SQL: SHOW COLUMNS FROM `hnj_slide` [ RunTime:0.0400s ]
SQL: SELECT * FROM `hnj_slide` WHERE ( is_show = '0' ) ORDER BY sort,upd_time desc  [ RunTime:0.0000s ]
SQL: SELECT * FROM `hnj_news` WHERE ( is_show = '0' AND cat_id = 0 ) ORDER BY upd_time desc LIMIT 1   [ RunTime:0.0120s ]
SQL: SELECT * FROM `hnj_news` WHERE ( is_show = '0' AND (cat_id = 6 or cat_id = 7) ) ORDER BY sort,upd_time desc LIMIT 4   [ RunTime:0.0000s ]
SQL: SELECT `introduce` FROM `hnj_category` WHERE `cat_id` = 1 LIMIT 1   [ RunTime:0.0010s ]
SQL: SELECT * FROM `hnj_news` WHERE ( is_show = '0' AND (cat_id = 3 or cat_id = 4) ) ORDER BY sort,upd_time desc LIMIT 3   [ RunTime:0.0010s ]
SQL: SELECT `introduce` FROM `hnj_category` WHERE `cat_id` = 8 LIMIT 1   [ RunTime:0.0000s ]
SQL: SHOW COLUMNS FROM `hnj_link` [ RunTime:0.0540s ]
SQL: SELECT * FROM `hnj_link` WHERE ( is_show = 1 ) ORDER BY sort,ctime desc  [ RunTime:0.0020s ]
INFO: [ view_parse ] --START--
INFO: [ template_filter ] --START--
INFO: Run Behavior\ContentReplaceBehavior [ RunTime:0.000000s ]
INFO: [ template_filter ] --END-- [ RunTime:0.001001s ]
INFO: Run Behavior\ParseTemplateBehavior [ RunTime:0.025002s ]
INFO: [ view_parse ] --END-- [ RunTime:0.025002s ]
INFO: [ view_filter ] --START--
INFO: Run Behavior\WriteHtmlCacheBehavior [ RunTime:0.000000s ]
INFO: [ view_filter ] --END-- [ RunTime:0.000000s ]
INFO: [ app_end ] --START--
INFO: Run Behavior\ShowPageTraceBehavior [ RunTime:0.004000s ]
INFO: [ app_end ] --END-- [ RunTime:0.004000s ]

[ 2017-08-09T15:28:25+08:00 ] 127.0.0.1 /
INFO: [ app_init ] --START--
INFO: Run Behavior\BuildLiteBehavior [ RunTime:0.000000s ]
INFO: [ app_init ] --END-- [ RunTime:0.000000s ]
NOTIC: [8] Use of undefined constant URL_COMPAT - assumed 'URL_COMPAT' D:\WWW\zghnj.com\ThinkPHP\Library\Think\Dispatcher.class.php 第 183 行.
NOTIC: [8] Use of undefined constant URL_REWRITE - assumed 'URL_REWRITE' D:\WWW\zghnj.com\ThinkPHP\Library\Think\Dispatcher.class.php 第 185 行.
INFO: [ app_begin ] --START--
INFO: Run Behavior\ReadHtmlCacheBehavior [ RunTime:0.002000s ]
INFO: [ app_begin ] --END-- [ RunTime:0.002000s ]
SQL: SHOW COLUMNS FROM `hnj_news` [ RunTime:0.2050s ]
SQL: SHOW COLUMNS FROM `hnj_category` [ RunTime:0.2410s ]
SQL: SHOW COLUMNS FROM `hnj_slide` [ RunTime:0.0580s ]
SQL: SELECT * FROM `hnj_slide` WHERE ( is_show = '0' ) ORDER BY sort,upd_time desc  [ RunTime:0.0110s ]
SQL: SELECT * FROM `hnj_news` WHERE ( is_show = '0' AND cat_id = 0 ) ORDER BY upd_time desc LIMIT 1   [ RunTime:0.0210s ]
SQL: SELECT * FROM `hnj_news` WHERE ( is_show = '0' AND (cat_id = 6 or cat_id = 7) ) ORDER BY sort,upd_time desc LIMIT 4   [ RunTime:0.0360s ]
SQL: SELECT `introduce` FROM `hnj_category` WHERE `cat_id` = 1 LIMIT 1   [ RunTime:0.0130s ]
SQL: SELECT * FROM `hnj_news` WHERE ( is_show = '0' AND (cat_id = 3 or cat_id = 4) ) ORDER BY sort,upd_time desc LIMIT 3   [ RunTime:0.0010s ]
SQL: SELECT `introduce` FROM `hnj_category` WHERE `cat_id` = 8 LIMIT 1   [ RunTime:0.0010s ]
SQL: SHOW COLUMNS FROM `hnj_link` [ RunTime:0.0490s ]
SQL: SELECT * FROM `hnj_link` WHERE ( is_show = 1 ) ORDER BY sort,ctime desc  [ RunTime:0.0110s ]
INFO: [ view_parse ] --START--
INFO: [ template_filter ] --START--
INFO: Run Behavior\ContentReplaceBehavior [ RunTime:0.000000s ]
INFO: [ template_filter ] --END-- [ RunTime:0.000000s ]
INFO: Run Behavior\ParseTemplateBehavior [ RunTime:0.101006s ]
INFO: [ view_parse ] --END-- [ RunTime:0.101006s ]
INFO: [ view_filter ] --START--
INFO: Run Behavior\WriteHtmlCacheBehavior [ RunTime:0.002000s ]
INFO: [ view_filter ] --END-- [ RunTime:0.002000s ]
INFO: [ app_end ] --START--
INFO: Run Behavior\ShowPageTraceBehavior [ RunTime:0.001000s ]
INFO: [ app_end ] --END-- [ RunTime:0.001000s ]

