[ 2017-08-24T09:25:25+08:00 ] 127.0.0.1 /?login
INFO: [ app_init ] --START--
INFO: Run Behavior\BuildLiteBehavior [ RunTime:0.000000s ]
INFO: [ app_init ] --END-- [ RunTime:0.001000s ]
NOTIC: [8] Use of undefined constant URL_COMPAT - assumed 'URL_COMPAT' D:\WWW\zghnj.com\ThinkPHP\Library\Think\Dispatcher.class.php 第 183 行.
NOTIC: [8] Use of undefined constant URL_REWRITE - assumed 'URL_REWRITE' D:\WWW\zghnj.com\ThinkPHP\Library\Think\Dispatcher.class.php 第 185 行.
INFO: [ app_begin ] --START--
INFO: Run Behavior\ReadHtmlCacheBehavior [ RunTime:0.001001s ]
INFO: [ app_begin ] --END-- [ RunTime:0.001001s ]
NOTIC: [8] Undefined offset: 1 D:\WWW\zghnj.com\Common\Common\HomeController.class.php 第 18 行.
SQL: SHOW COLUMNS FROM `hnj_slide` [ RunTime:0.0320s ]
SQL: SELECT * FROM `hnj_slide` WHERE ( is_show = '0' AND cat_id = 0 ) ORDER BY sort,upd_time desc LIMIT 3   [ RunTime:0.0010s ]
SQL: SHOW COLUMNS FROM `hnj_news` [ RunTime:0.0230s ]
SQL: SHOW COLUMNS FROM `hnj_category` [ RunTime:0.0280s ]
SQL: SELECT * FROM `hnj_news` WHERE ( is_show = '0' AND cat_id = 0 ) ORDER BY upd_time desc LIMIT 1   [ RunTime:0.0010s ]
SQL: SELECT * FROM `hnj_news` WHERE ( is_show = '0' AND (cat_id = 6 or cat_id = 7) ) ORDER BY sort,upd_time desc LIMIT 4   [ RunTime:0.0010s ]
SQL: SELECT `introduce` FROM `hnj_category` WHERE `cat_id` = 1 LIMIT 1   [ RunTime:0.0020s ]
SQL: SELECT * FROM `hnj_news` WHERE ( is_show = '0' AND (cat_id = 3 or cat_id = 4) ) ORDER BY sort,upd_time desc LIMIT 3   [ RunTime:0.0010s ]
SQL: SELECT `introduce` FROM `hnj_category` WHERE `cat_id` = 8 LIMIT 1   [ RunTime:0.0010s ]
SQL: SHOW COLUMNS FROM `hnj_type` [ RunTime:0.0230s ]
SQL: SELECT * FROM `hnj_type` WHERE ( is_show = '0' ) ORDER BY sort,type_id LIMIT 5   [ RunTime:0.0000s ]
SQL: SHOW COLUMNS FROM `hnj_product` [ RunTime:0.0300s ]
SQL: SELECT * FROM `hnj_product` WHERE ( type_id = 2 AND is_show = 1 ) ORDER BY ctime desc LIMIT 3   [ RunTime:0.0010s ]
NOTIC: [2] gzuncompress() [<a href='function.gzuncompress'>function.gzuncompress</a>]: data error D:\WWW\zghnj.com\Home\Controller\IndexController.class.php 第 43 行.
SQL: SELECT * FROM `hnj_product` WHERE ( type_id = 4 AND is_show = 1 ) ORDER BY ctime desc LIMIT 3   [ RunTime:0.0000s ]
SQL: SELECT * FROM `hnj_product` WHERE ( type_id = 5 AND is_show = 1 ) ORDER BY ctime desc LIMIT 3   [ RunTime:0.0010s ]
NOTIC: [2] gzuncompress() [<a href='function.gzuncompress'>function.gzuncompress</a>]: data error D:\WWW\zghnj.com\Home\Controller\IndexController.class.php 第 43 行.
NOTIC: [2] gzuncompress() [<a href='function.gzuncompress'>function.gzuncompress</a>]: data error D:\WWW\zghnj.com\Home\Controller\IndexController.class.php 第 43 行.
SQL: SELECT * FROM `hnj_product` WHERE ( type_id = 6 AND is_show = 1 ) ORDER BY ctime desc LIMIT 3   [ RunTime:0.0000s ]
NOTIC: [2] gzuncompress() [<a href='function.gzuncompress'>function.gzuncompress</a>]: data error D:\WWW\zghnj.com\Home\Controller\IndexController.class.php 第 43 行.
NOTIC: [2] gzuncompress() [<a href='function.gzuncompress'>function.gzuncompress</a>]: data error D:\WWW\zghnj.com\Home\Controller\IndexController.class.php 第 43 行.
SQL: SELECT * FROM `hnj_product` WHERE ( type_id = 7 AND is_show = 1 ) ORDER BY ctime desc LIMIT 3   [ RunTime:0.0010s ]
SQL: SHOW COLUMNS FROM `hnj_link` [ RunTime:0.0400s ]
SQL: SELECT * FROM `hnj_link` WHERE ( is_show = 1 ) ORDER BY sort,ctime desc  [ RunTime:0.0010s ]
SQL: SELECT * FROM `hnj_news` WHERE ( cat_id = 23 AND is_show = '0' ) ORDER BY sort,upd_time desc LIMIT 4   [ RunTime:0.0010s ]
INFO: [ view_parse ] --START--
INFO: [ template_filter ] --START--
INFO: Run Behavior\ContentReplaceBehavior [ RunTime:0.000000s ]
INFO: [ template_filter ] --END-- [ RunTime:0.001001s ]
NOTIC: [8] Undefined index: keywords D:\WWW\zghnj.com\Runtime\Cache\Home\afa534d7c0102a99796a92b991c63212.php 第 39 行.
NOTIC: [8] Undefined index: loginstatus D:\WWW\zghnj.com\Runtime\Cache\Home\afa534d7c0102a99796a92b991c63212.php 第 65 行.
INFO: Run Behavior\ParseTemplateBehavior [ RunTime:0.036002s ]
INFO: [ view_parse ] --END-- [ RunTime:0.036002s ]
INFO: [ view_filter ] --START--
INFO: Run Behavior\WriteHtmlCacheBehavior [ RunTime:0.001000s ]
INFO: [ view_filter ] --END-- [ RunTime:0.001000s ]
INFO: [ app_end ] --START--
INFO: Run Behavior\ShowPageTraceBehavior [ RunTime:0.001000s ]
INFO: [ app_end ] --END-- [ RunTime:0.002000s ]

[ 2017-08-24T10:54:43+08:00 ] 127.0.0.1 /
INFO: [ app_init ] --START--
INFO: Run Behavior\BuildLiteBehavior [ RunTime:0.000000s ]
INFO: [ app_init ] --END-- [ RunTime:0.000000s ]
NOTIC: [8] Use of undefined constant URL_COMPAT - assumed 'URL_COMPAT' D:\WWW\zghnj.com\ThinkPHP\Library\Think\Dispatcher.class.php 第 183 行.
NOTIC: [8] Use of undefined constant URL_REWRITE - assumed 'URL_REWRITE' D:\WWW\zghnj.com\ThinkPHP\Library\Think\Dispatcher.class.php 第 185 行.
INFO: [ app_begin ] --START--
INFO: Run Behavior\ReadHtmlCacheBehavior [ RunTime:0.001000s ]
INFO: [ app_begin ] --END-- [ RunTime:0.001000s ]
NOTIC: [8] Undefined offset: 1 D:\WWW\zghnj.com\Common\Common\HomeController.class.php 第 18 行.
SQL: SHOW COLUMNS FROM `hnj_slide` [ RunTime:0.0060s ]
SQL: SELECT * FROM `hnj_slide` WHERE ( is_show = '0' AND cat_id = 0 ) ORDER BY sort,upd_time desc LIMIT 3   [ RunTime:0.0010s ]
SQL: SHOW COLUMNS FROM `hnj_news` [ RunTime:0.0060s ]
SQL: SHOW COLUMNS FROM `hnj_category` [ RunTime:0.0090s ]
SQL: SELECT * FROM `hnj_news` WHERE ( is_show = '0' AND cat_id = 0 ) ORDER BY upd_time desc LIMIT 1   [ RunTime:0.0010s ]
SQL: SELECT * FROM `hnj_news` WHERE ( is_show = '0' AND (cat_id = 6 or cat_id = 7) ) ORDER BY sort,upd_time desc LIMIT 4   [ RunTime:0.0010s ]
SQL: SELECT `introduce` FROM `hnj_category` WHERE `cat_id` = 1 LIMIT 1   [ RunTime:0.0000s ]
SQL: SELECT * FROM `hnj_news` WHERE ( is_show = '0' AND (cat_id = 3 or cat_id = 4) ) ORDER BY sort,upd_time desc LIMIT 3   [ RunTime:0.0020s ]
SQL: SELECT `introduce` FROM `hnj_category` WHERE `cat_id` = 8 LIMIT 1   [ RunTime:0.0020s ]
SQL: SHOW COLUMNS FROM `hnj_type` [ RunTime:0.0100s ]
SQL: SELECT * FROM `hnj_type` WHERE ( is_show = '0' ) ORDER BY sort,type_id LIMIT 5   [ RunTime:0.0010s ]
SQL: SHOW COLUMNS FROM `hnj_product` [ RunTime:0.0070s ]
SQL: SELECT * FROM `hnj_product` WHERE ( type_id = 2 AND is_show = 1 ) ORDER BY ctime desc LIMIT 3   [ RunTime:0.0010s ]
NOTIC: [2] gzuncompress() [<a href='function.gzuncompress'>function.gzuncompress</a>]: data error D:\WWW\zghnj.com\Home\Controller\IndexController.class.php 第 43 行.
SQL: SELECT * FROM `hnj_product` WHERE ( type_id = 4 AND is_show = 1 ) ORDER BY ctime desc LIMIT 3   [ RunTime:0.0020s ]
SQL: SELECT * FROM `hnj_product` WHERE ( type_id = 5 AND is_show = 1 ) ORDER BY ctime desc LIMIT 3   [ RunTime:0.0010s ]
NOTIC: [2] gzuncompress() [<a href='function.gzuncompress'>function.gzuncompress</a>]: data error D:\WWW\zghnj.com\Home\Controller\IndexController.class.php 第 43 行.
NOTIC: [2] gzuncompress() [<a href='function.gzuncompress'>function.gzuncompress</a>]: data error D:\WWW\zghnj.com\Home\Controller\IndexController.class.php 第 43 行.
SQL: SELECT * FROM `hnj_product` WHERE ( type_id = 6 AND is_show = 1 ) ORDER BY ctime desc LIMIT 3   [ RunTime:0.0010s ]
NOTIC: [2] gzuncompress() [<a href='function.gzuncompress'>function.gzuncompress</a>]: data error D:\WWW\zghnj.com\Home\Controller\IndexController.class.php 第 43 行.
NOTIC: [2] gzuncompress() [<a href='function.gzuncompress'>function.gzuncompress</a>]: data error D:\WWW\zghnj.com\Home\Controller\IndexController.class.php 第 43 行.
SQL: SELECT * FROM `hnj_product` WHERE ( type_id = 7 AND is_show = 1 ) ORDER BY ctime desc LIMIT 3   [ RunTime:0.0010s ]
SQL: SHOW COLUMNS FROM `hnj_link` [ RunTime:0.0070s ]
SQL: SELECT * FROM `hnj_link` WHERE ( is_show = 1 ) ORDER BY sort,ctime desc  [ RunTime:0.0010s ]
SQL: SELECT * FROM `hnj_news` WHERE ( cat_id = 23 AND is_show = '0' ) ORDER BY sort,upd_time desc LIMIT 4   [ RunTime:0.0010s ]
INFO: [ view_parse ] --START--
INFO: [ template_filter ] --START--
INFO: Run Behavior\ContentReplaceBehavior [ RunTime:0.001000s ]
INFO: [ template_filter ] --END-- [ RunTime:0.001000s ]
NOTIC: [8] Undefined index: keywords D:\WWW\zghnj.com\Runtime\Cache\Home\afa534d7c0102a99796a92b991c63212.php 第 39 行.
NOTIC: [8] Undefined index: loginstatus D:\WWW\zghnj.com\Runtime\Cache\Home\afa534d7c0102a99796a92b991c63212.php 第 65 行.
INFO: Run Behavior\ParseTemplateBehavior [ RunTime:0.046003s ]
INFO: [ view_parse ] --END-- [ RunTime:0.046003s ]
INFO: [ view_filter ] --START--
INFO: Run Behavior\WriteHtmlCacheBehavior [ RunTime:0.001000s ]
INFO: [ view_filter ] --END-- [ RunTime:0.001000s ]
INFO: [ app_end ] --START--
INFO: Run Behavior\ShowPageTraceBehavior [ RunTime:0.001000s ]
INFO: [ app_end ] --END-- [ RunTime:0.001000s ]

[ 2017-08-24T10:57:50+08:00 ] 127.0.0.1 /
INFO: [ app_init ] --START--
INFO: Run Behavior\BuildLiteBehavior [ RunTime:0.000000s ]
INFO: [ app_init ] --END-- [ RunTime:0.000000s ]
NOTIC: [8] Use of undefined constant URL_COMPAT - assumed 'URL_COMPAT' D:\WWW\zghnj.com\ThinkPHP\Library\Think\Dispatcher.class.php 第 183 行.
NOTIC: [8] Use of undefined constant URL_REWRITE - assumed 'URL_REWRITE' D:\WWW\zghnj.com\ThinkPHP\Library\Think\Dispatcher.class.php 第 185 行.
INFO: [ app_begin ] --START--
INFO: Run Behavior\ReadHtmlCacheBehavior [ RunTime:0.001000s ]
INFO: [ app_begin ] --END-- [ RunTime:0.001000s ]
NOTIC: [8] Undefined offset: 1 D:\WWW\zghnj.com\Common\Common\HomeController.class.php 第 18 行.
SQL: SHOW COLUMNS FROM `hnj_slide` [ RunTime:0.0040s ]
SQL: SELECT * FROM `hnj_slide` WHERE ( is_show = '0' AND cat_id = 0 ) ORDER BY sort,upd_time desc LIMIT 3   [ RunTime:0.0010s ]
SQL: SHOW COLUMNS FROM `hnj_news` [ RunTime:0.0050s ]
SQL: SHOW COLUMNS FROM `hnj_category` [ RunTime:0.0050s ]
SQL: SELECT * FROM `hnj_news` WHERE ( is_show = '0' AND cat_id = 0 ) ORDER BY upd_time desc LIMIT 1   [ RunTime:0.0010s ]
SQL: SELECT * FROM `hnj_news` WHERE ( is_show = '0' AND (cat_id = 6 or cat_id = 7) ) ORDER BY sort,upd_time desc LIMIT 4   [ RunTime:0.0010s ]
SQL: SELECT `introduce` FROM `hnj_category` WHERE `cat_id` = 1 LIMIT 1   [ RunTime:0.0010s ]
SQL: SELECT * FROM `hnj_news` WHERE ( is_show = '0' AND (cat_id = 3 or cat_id = 4) ) ORDER BY sort,upd_time desc LIMIT 3   [ RunTime:0.0010s ]
SQL: SELECT `introduce` FROM `hnj_category` WHERE `cat_id` = 8 LIMIT 1   [ RunTime:0.0020s ]
SQL: SHOW COLUMNS FROM `hnj_type` [ RunTime:0.0060s ]
SQL: SELECT * FROM `hnj_type` WHERE ( is_show = '0' ) ORDER BY sort,type_id LIMIT 5   [ RunTime:0.0010s ]
SQL: SHOW COLUMNS FROM `hnj_product` [ RunTime:0.0060s ]
SQL: SELECT * FROM `hnj_product` WHERE ( type_id = 2 AND is_show = 1 ) ORDER BY ctime desc LIMIT 3   [ RunTime:0.0010s ]
NOTIC: [2] gzuncompress() [<a href='function.gzuncompress'>function.gzuncompress</a>]: data error D:\WWW\zghnj.com\Home\Controller\IndexController.class.php 第 43 行.
SQL: SELECT * FROM `hnj_product` WHERE ( type_id = 4 AND is_show = 1 ) ORDER BY ctime desc LIMIT 3   [ RunTime:0.0010s ]
SQL: SELECT * FROM `hnj_product` WHERE ( type_id = 5 AND is_show = 1 ) ORDER BY ctime desc LIMIT 3   [ RunTime:0.0010s ]
NOTIC: [2] gzuncompress() [<a href='function.gzuncompress'>function.gzuncompress</a>]: data error D:\WWW\zghnj.com\Home\Controller\IndexController.class.php 第 43 行.
NOTIC: [2] gzuncompress() [<a href='function.gzuncompress'>function.gzuncompress</a>]: data error D:\WWW\zghnj.com\Home\Controller\IndexController.class.php 第 43 行.
SQL: SELECT * FROM `hnj_product` WHERE ( type_id = 6 AND is_show = 1 ) ORDER BY ctime desc LIMIT 3   [ RunTime:0.0010s ]
NOTIC: [2] gzuncompress() [<a href='function.gzuncompress'>function.gzuncompress</a>]: data error D:\WWW\zghnj.com\Home\Controller\IndexController.class.php 第 43 行.
NOTIC: [2] gzuncompress() [<a href='function.gzuncompress'>function.gzuncompress</a>]: data error D:\WWW\zghnj.com\Home\Controller\IndexController.class.php 第 43 行.
SQL: SELECT * FROM `hnj_product` WHERE ( type_id = 7 AND is_show = 1 ) ORDER BY ctime desc LIMIT 3   [ RunTime:0.0010s ]
SQL: SHOW COLUMNS FROM `hnj_link` [ RunTime:0.0080s ]
SQL: SELECT * FROM `hnj_link` WHERE ( is_show = 1 ) ORDER BY sort,ctime desc  [ RunTime:0.0000s ]
SQL: SELECT * FROM `hnj_news` WHERE ( cat_id = 23 AND is_show = '0' ) ORDER BY sort,upd_time desc LIMIT 4   [ RunTime:0.0010s ]
INFO: [ view_parse ] --START--
INFO: [ template_filter ] --START--
INFO: Run Behavior\ContentReplaceBehavior [ RunTime:0.000000s ]
INFO: [ template_filter ] --END-- [ RunTime:0.000000s ]
NOTIC: [8] Undefined index: keywords D:\WWW\zghnj.com\Runtime\Cache\Home\afa534d7c0102a99796a92b991c63212.php 第 39 行.
NOTIC: [8] Undefined index: loginstatus D:\WWW\zghnj.com\Runtime\Cache\Home\afa534d7c0102a99796a92b991c63212.php 第 65 行.
INFO: Run Behavior\ParseTemplateBehavior [ RunTime:0.038002s ]
INFO: [ view_parse ] --END-- [ RunTime:0.038002s ]
INFO: [ view_filter ] --START--
INFO: Run Behavior\WriteHtmlCacheBehavior [ RunTime:0.001000s ]
INFO: [ view_filter ] --END-- [ RunTime:0.001000s ]
INFO: [ app_end ] --START--
INFO: Run Behavior\ShowPageTraceBehavior [ RunTime:0.002001s ]
INFO: [ app_end ] --END-- [ RunTime:0.002001s ]

[ 2017-08-24T10:58:19+08:00 ] 127.0.0.1 /
INFO: [ app_init ] --START--
INFO: Run Behavior\BuildLiteBehavior [ RunTime:0.000000s ]
INFO: [ app_init ] --END-- [ RunTime:0.000000s ]
NOTIC: [8] Use of undefined constant URL_COMPAT - assumed 'URL_COMPAT' D:\WWW\zghnj.com\ThinkPHP\Library\Think\Dispatcher.class.php 第 183 行.
NOTIC: [8] Use of undefined constant URL_REWRITE - assumed 'URL_REWRITE' D:\WWW\zghnj.com\ThinkPHP\Library\Think\Dispatcher.class.php 第 185 行.
INFO: [ app_begin ] --START--
INFO: Run Behavior\ReadHtmlCacheBehavior [ RunTime:0.001000s ]
INFO: [ app_begin ] --END-- [ RunTime:0.001000s ]
NOTIC: [8] Undefined offset: 1 D:\WWW\zghnj.com\Common\Common\HomeController.class.php 第 18 行.
SQL: SHOW COLUMNS FROM `hnj_slide` [ RunTime:0.0080s ]
SQL: SELECT * FROM `hnj_slide` WHERE ( is_show = '0' AND cat_id = 0 ) ORDER BY sort,upd_time desc LIMIT 3   [ RunTime:0.0010s ]
SQL: SHOW COLUMNS FROM `hnj_news` [ RunTime:0.0050s ]
SQL: SHOW COLUMNS FROM `hnj_category` [ RunTime:0.0050s ]
SQL: SELECT * FROM `hnj_news` WHERE ( is_show = '0' AND cat_id = 0 ) ORDER BY upd_time desc LIMIT 1   [ RunTime:0.0010s ]
SQL: SELECT * FROM `hnj_news` WHERE ( is_show = '0' AND (cat_id = 6 or cat_id = 7) ) ORDER BY sort,upd_time desc LIMIT 4   [ RunTime:0.0030s ]
SQL: SELECT `introduce` FROM `hnj_category` WHERE `cat_id` = 1 LIMIT 1   [ RunTime:0.0030s ]
SQL: SELECT * FROM `hnj_news` WHERE ( is_show = '0' AND (cat_id = 3 or cat_id = 4) ) ORDER BY sort,upd_time desc LIMIT 3   [ RunTime:0.0020s ]
SQL: SELECT `introduce` FROM `hnj_category` WHERE `cat_id` = 8 LIMIT 1   [ RunTime:0.0000s ]
SQL: SHOW COLUMNS FROM `hnj_type` [ RunTime:0.0060s ]
SQL: SELECT * FROM `hnj_type` WHERE ( is_show = '0' ) ORDER BY sort,type_id LIMIT 5   [ RunTime:0.0010s ]
SQL: SHOW COLUMNS FROM `hnj_product` [ RunTime:0.0050s ]
SQL: SELECT * FROM `hnj_product` WHERE ( type_id = 2 AND is_show = 1 ) ORDER BY ctime desc LIMIT 3   [ RunTime:0.0010s ]
NOTIC: [2] gzuncompress() [<a href='function.gzuncompress'>function.gzuncompress</a>]: data error D:\WWW\zghnj.com\Home\Controller\IndexController.class.php 第 43 行.
SQL: SELECT * FROM `hnj_product` WHERE ( type_id = 4 AND is_show = 1 ) ORDER BY ctime desc LIMIT 3   [ RunTime:0.0010s ]
SQL: SELECT * FROM `hnj_product` WHERE ( type_id = 5 AND is_show = 1 ) ORDER BY ctime desc LIMIT 3   [ RunTime:0.0020s ]
NOTIC: [2] gzuncompress() [<a href='function.gzuncompress'>function.gzuncompress</a>]: data error D:\WWW\zghnj.com\Home\Controller\IndexController.class.php 第 43 行.
NOTIC: [2] gzuncompress() [<a href='function.gzuncompress'>function.gzuncompress</a>]: data error D:\WWW\zghnj.com\Home\Controller\IndexController.class.php 第 43 行.
SQL: SELECT * FROM `hnj_product` WHERE ( type_id = 6 AND is_show = 1 ) ORDER BY ctime desc LIMIT 3   [ RunTime:0.0010s ]
NOTIC: [2] gzuncompress() [<a href='function.gzuncompress'>function.gzuncompress</a>]: data error D:\WWW\zghnj.com\Home\Controller\IndexController.class.php 第 43 行.
NOTIC: [2] gzuncompress() [<a href='function.gzuncompress'>function.gzuncompress</a>]: data error D:\WWW\zghnj.com\Home\Controller\IndexController.class.php 第 43 行.
SQL: SELECT * FROM `hnj_product` WHERE ( type_id = 7 AND is_show = 1 ) ORDER BY ctime desc LIMIT 3   [ RunTime:0.0010s ]
SQL: SHOW COLUMNS FROM `hnj_link` [ RunTime:0.0070s ]
SQL: SELECT * FROM `hnj_link` WHERE ( is_show = 1 ) ORDER BY sort,ctime desc  [ RunTime:0.0020s ]
SQL: SELECT * FROM `hnj_news` WHERE ( cat_id = 23 AND is_show = '0' ) ORDER BY sort,upd_time desc LIMIT 4   [ RunTime:0.0010s ]
INFO: [ view_parse ] --START--
INFO: [ template_filter ] --START--
INFO: Run Behavior\ContentReplaceBehavior [ RunTime:0.001000s ]
INFO: [ template_filter ] --END-- [ RunTime:0.001000s ]
NOTIC: [8] Undefined index: keywords D:\WWW\zghnj.com\Runtime\Cache\Home\afa534d7c0102a99796a92b991c63212.php 第 39 行.
NOTIC: [8] Undefined index: loginstatus D:\WWW\zghnj.com\Runtime\Cache\Home\afa534d7c0102a99796a92b991c63212.php 第 65 行.
INFO: Run Behavior\ParseTemplateBehavior [ RunTime:0.056003s ]
INFO: [ view_parse ] --END-- [ RunTime:0.056003s ]
INFO: [ view_filter ] --START--
INFO: Run Behavior\WriteHtmlCacheBehavior [ RunTime:0.000000s ]
INFO: [ view_filter ] --END-- [ RunTime:0.003000s ]
INFO: [ app_end ] --START--
INFO: Run Behavior\ShowPageTraceBehavior [ RunTime:0.019001s ]
INFO: [ app_end ] --END-- [ RunTime:0.019001s ]

[ 2017-08-24T11:21:49+08:00 ] 127.0.0.1 /
INFO: [ app_init ] --START--
INFO: Run Behavior\BuildLiteBehavior [ RunTime:0.000000s ]
INFO: [ app_init ] --END-- [ RunTime:0.000000s ]
NOTIC: [8] Use of undefined constant URL_COMPAT - assumed 'URL_COMPAT' D:\WWW\zghnj.com\ThinkPHP\Library\Think\Dispatcher.class.php 第 183 行.
NOTIC: [8] Use of undefined constant URL_REWRITE - assumed 'URL_REWRITE' D:\WWW\zghnj.com\ThinkPHP\Library\Think\Dispatcher.class.php 第 185 行.
INFO: [ app_begin ] --START--
INFO: Run Behavior\ReadHtmlCacheBehavior [ RunTime:0.002000s ]
INFO: [ app_begin ] --END-- [ RunTime:0.002000s ]
NOTIC: [8] Undefined offset: 1 D:\WWW\zghnj.com\Common\Common\HomeController.class.php 第 18 行.
SQL: SHOW COLUMNS FROM `hnj_slide` [ RunTime:0.0080s ]
SQL: SELECT * FROM `hnj_slide` WHERE ( is_show = '0' AND cat_id = 0 ) ORDER BY sort,upd_time desc LIMIT 3   [ RunTime:0.0010s ]
SQL: SHOW COLUMNS FROM `hnj_news` [ RunTime:0.0060s ]
SQL: SHOW COLUMNS FROM `hnj_category` [ RunTime:0.0060s ]
SQL: SELECT * FROM `hnj_news` WHERE ( is_show = '0' AND cat_id = 0 ) ORDER BY upd_time desc LIMIT 1   [ RunTime:0.0020s ]
SQL: SELECT * FROM `hnj_news` WHERE ( is_show = '0' AND (cat_id = 6 or cat_id = 7) ) ORDER BY sort,upd_time desc LIMIT 4   [ RunTime:0.0020s ]
SQL: SELECT `introduce` FROM `hnj_category` WHERE `cat_id` = 1 LIMIT 1   [ RunTime:0.0010s ]
SQL: SELECT * FROM `hnj_news` WHERE ( is_show = '0' AND (cat_id = 3 or cat_id = 4) ) ORDER BY sort,upd_time desc LIMIT 3   [ RunTime:0.0020s ]
SQL: SELECT `introduce` FROM `hnj_category` WHERE `cat_id` = 8 LIMIT 1   [ RunTime:0.0010s ]
SQL: SHOW COLUMNS FROM `hnj_type` [ RunTime:0.0060s ]
SQL: SELECT * FROM `hnj_type` WHERE ( is_show = '0' ) ORDER BY sort,type_id LIMIT 5   [ RunTime:0.0010s ]
SQL: SHOW COLUMNS FROM `hnj_product` [ RunTime:0.0060s ]
SQL: SELECT * FROM `hnj_product` WHERE ( type_id = 2 AND is_show = 1 ) ORDER BY ctime desc LIMIT 3   [ RunTime:0.0010s ]
NOTIC: [2] gzuncompress() [<a href='function.gzuncompress'>function.gzuncompress</a>]: data error D:\WWW\zghnj.com\Home\Controller\IndexController.class.php 第 43 行.
SQL: SELECT * FROM `hnj_product` WHERE ( type_id = 4 AND is_show = 1 ) ORDER BY ctime desc LIMIT 3   [ RunTime:0.0010s ]
SQL: SELECT * FROM `hnj_product` WHERE ( type_id = 5 AND is_show = 1 ) ORDER BY ctime desc LIMIT 3   [ RunTime:0.0010s ]
NOTIC: [2] gzuncompress() [<a href='function.gzuncompress'>function.gzuncompress</a>]: data error D:\WWW\zghnj.com\Home\Controller\IndexController.class.php 第 43 行.
NOTIC: [2] gzuncompress() [<a href='function.gzuncompress'>function.gzuncompress</a>]: data error D:\WWW\zghnj.com\Home\Controller\IndexController.class.php 第 43 行.
SQL: SELECT * FROM `hnj_product` WHERE ( type_id = 6 AND is_show = 1 ) ORDER BY ctime desc LIMIT 3   [ RunTime:0.0010s ]
NOTIC: [2] gzuncompress() [<a href='function.gzuncompress'>function.gzuncompress</a>]: data error D:\WWW\zghnj.com\Home\Controller\IndexController.class.php 第 43 行.
NOTIC: [2] gzuncompress() [<a href='function.gzuncompress'>function.gzuncompress</a>]: data error D:\WWW\zghnj.com\Home\Controller\IndexController.class.php 第 43 行.
SQL: SELECT * FROM `hnj_product` WHERE ( type_id = 7 AND is_show = 1 ) ORDER BY ctime desc LIMIT 3   [ RunTime:0.0000s ]
SQL: SHOW COLUMNS FROM `hnj_link` [ RunTime:0.0050s ]
SQL: SELECT * FROM `hnj_link` WHERE ( is_show = 1 ) ORDER BY sort,ctime desc  [ RunTime:0.0010s ]
SQL: SELECT * FROM `hnj_news` WHERE ( cat_id = 23 AND is_show = '0' ) ORDER BY sort,upd_time desc LIMIT 4   [ RunTime:0.0020s ]
INFO: [ view_parse ] --START--
INFO: [ template_filter ] --START--
INFO: Run Behavior\ContentReplaceBehavior [ RunTime:0.001000s ]
INFO: [ template_filter ] --END-- [ RunTime:0.001000s ]
NOTIC: [8] Undefined index: keywords D:\WWW\zghnj.com\Runtime\Cache\Home\afa534d7c0102a99796a92b991c63212.php 第 39 行.
NOTIC: [8] Undefined index: loginstatus D:\WWW\zghnj.com\Runtime\Cache\Home\afa534d7c0102a99796a92b991c63212.php 第 65 行.
INFO: Run Behavior\ParseTemplateBehavior [ RunTime:0.038002s ]
INFO: [ view_parse ] --END-- [ RunTime:0.038002s ]
INFO: [ view_filter ] --START--
INFO: Run Behavior\WriteHtmlCacheBehavior [ RunTime:0.002000s ]
INFO: [ view_filter ] --END-- [ RunTime:0.002000s ]
INFO: [ app_end ] --START--
INFO: Run Behavior\ShowPageTraceBehavior [ RunTime:0.002000s ]
INFO: [ app_end ] --END-- [ RunTime:0.002000s ]

[ 2017-08-24T11:21:58+08:00 ] 127.0.0.1 /index.php/Home/Technology/academicForum
INFO: [ app_init ] --START--
INFO: Run Behavior\BuildLiteBehavior [ RunTime:0.000000s ]
INFO: [ app_init ] --END-- [ RunTime:0.000000s ]
NOTIC: [8] Use of undefined constant URL_COMPAT - assumed 'URL_COMPAT' D:\WWW\zghnj.com\ThinkPHP\Library\Think\Dispatcher.class.php 第 183 行.
NOTIC: [8] Use of undefined constant URL_REWRITE - assumed 'URL_REWRITE' D:\WWW\zghnj.com\ThinkPHP\Library\Think\Dispatcher.class.php 第 185 行.
INFO: [ app_begin ] --START--
INFO: Run Behavior\ReadHtmlCacheBehavior [ RunTime:0.002000s ]
INFO: [ app_begin ] --END-- [ RunTime:0.002000s ]
SQL: SHOW COLUMNS FROM `hnj_slide` [ RunTime:0.0060s ]
SQL: SELECT * FROM `hnj_slide` WHERE ( is_show = '0' AND cat_id = 1 ) ORDER BY sort,upd_time desc LIMIT 1   [ RunTime:0.0040s ]
SQL: SHOW COLUMNS FROM `hnj_category` [ RunTime:0.0100s ]
SQL: SELECT * FROM `hnj_category` WHERE ( pid = 1 AND is_show = 1 ) ORDER BY sort,cat_id  [ RunTime:0.0030s ]
SQL: SHOW COLUMNS FROM `hnj_news` [ RunTime:0.0080s ]
SQL: SELECT COUNT(*) AS tp_count FROM `hnj_news` WHERE ( cat_id = 3 AND is_show = '0' ) LIMIT 1   [ RunTime:0.0040s ]
SQL: SELECT * FROM `hnj_news` WHERE ( cat_id = 3 AND is_show = '0' ) ORDER BY sort,upd_time desc LIMIT 0,10   [ RunTime:0.0030s ]
INFO: [ view_parse ] --START--
INFO: [ template_filter ] --START--
INFO: Run Behavior\ContentReplaceBehavior [ RunTime:0.001000s ]
INFO: [ template_filter ] --END-- [ RunTime:0.001000s ]
NOTIC: [8] Undefined index: keywords D:\WWW\zghnj.com\Runtime\Cache\Home\6fb2b989973256419150c7a9e64b815d.php 第 39 行.
NOTIC: [8] Undefined index: loginstatus D:\WWW\zghnj.com\Runtime\Cache\Home\6fb2b989973256419150c7a9e64b815d.php 第 65 行.
INFO: Run Behavior\ParseTemplateBehavior [ RunTime:0.035002s ]
INFO: [ view_parse ] --END-- [ RunTime:0.035002s ]
INFO: [ view_filter ] --START--
INFO: Run Behavior\WriteHtmlCacheBehavior [ RunTime:0.003001s ]
INFO: [ view_filter ] --END-- [ RunTime:0.003001s ]
INFO: [ app_end ] --START--
INFO: Run Behavior\ShowPageTraceBehavior [ RunTime:0.001000s ]
INFO: [ app_end ] --END-- [ RunTime:0.001000s ]

[ 2017-08-24T11:27:59+08:00 ] 127.0.0.1 /index.php/Home/Index/index
INFO: [ app_init ] --START--
INFO: Run Behavior\BuildLiteBehavior [ RunTime:0.000000s ]
INFO: [ app_init ] --END-- [ RunTime:0.000000s ]
NOTIC: [8] Use of undefined constant URL_COMPAT - assumed 'URL_COMPAT' D:\WWW\zghnj.com\ThinkPHP\Library\Think\Dispatcher.class.php 第 183 行.
NOTIC: [8] Use of undefined constant URL_REWRITE - assumed 'URL_REWRITE' D:\WWW\zghnj.com\ThinkPHP\Library\Think\Dispatcher.class.php 第 185 行.
INFO: [ app_begin ] --START--
INFO: Run Behavior\ReadHtmlCacheBehavior [ RunTime:0.026001s ]
INFO: [ app_begin ] --END-- [ RunTime:0.026001s ]
SQL: SHOW COLUMNS FROM `hnj_slide` [ RunTime:0.0080s ]
SQL: SELECT * FROM `hnj_slide` WHERE ( is_show = '0' AND cat_id = 0 ) ORDER BY sort,upd_time desc LIMIT 3   [ RunTime:0.0020s ]
SQL: SHOW COLUMNS FROM `hnj_news` [ RunTime:0.0090s ]
SQL: SHOW COLUMNS FROM `hnj_category` [ RunTime:0.0070s ]
SQL: SELECT * FROM `hnj_news` WHERE ( is_show = '0' AND cat_id = 0 ) ORDER BY upd_time desc LIMIT 1   [ RunTime:0.0010s ]
SQL: SELECT * FROM `hnj_news` WHERE ( is_show = '0' AND (cat_id = 6 or cat_id = 7) ) ORDER BY sort,upd_time desc LIMIT 4   [ RunTime:0.0010s ]
SQL: SELECT `introduce` FROM `hnj_category` WHERE `cat_id` = 1 LIMIT 1   [ RunTime:0.0010s ]
SQL: SELECT * FROM `hnj_news` WHERE ( is_show = '0' AND (cat_id = 3 or cat_id = 4) ) ORDER BY sort,upd_time desc LIMIT 3   [ RunTime:0.0010s ]
SQL: SELECT `introduce` FROM `hnj_category` WHERE `cat_id` = 8 LIMIT 1   [ RunTime:0.0040s ]
SQL: SHOW COLUMNS FROM `hnj_type` [ RunTime:0.0060s ]
SQL: SELECT * FROM `hnj_type` WHERE ( is_show = '0' ) ORDER BY sort,type_id LIMIT 5   [ RunTime:0.0010s ]
SQL: SHOW COLUMNS FROM `hnj_product` [ RunTime:0.0150s ]
SQL: SELECT * FROM `hnj_product` WHERE ( type_id = 2 AND is_show = 1 ) ORDER BY ctime desc LIMIT 3   [ RunTime:0.0010s ]
NOTIC: [2] gzuncompress() [<a href='function.gzuncompress'>function.gzuncompress</a>]: data error D:\WWW\zghnj.com\Home\Controller\IndexController.class.php 第 43 行.
SQL: SELECT * FROM `hnj_product` WHERE ( type_id = 4 AND is_show = 1 ) ORDER BY ctime desc LIMIT 3   [ RunTime:0.0010s ]
SQL: SELECT * FROM `hnj_product` WHERE ( type_id = 5 AND is_show = 1 ) ORDER BY ctime desc LIMIT 3   [ RunTime:0.0020s ]
NOTIC: [2] gzuncompress() [<a href='function.gzuncompress'>function.gzuncompress</a>]: data error D:\WWW\zghnj.com\Home\Controller\IndexController.class.php 第 43 行.
NOTIC: [2] gzuncompress() [<a href='function.gzuncompress'>function.gzuncompress</a>]: data error D:\WWW\zghnj.com\Home\Controller\IndexController.class.php 第 43 行.
SQL: SELECT * FROM `hnj_product` WHERE ( type_id = 6 AND is_show = 1 ) ORDER BY ctime desc LIMIT 3   [ RunTime:0.0010s ]
NOTIC: [2] gzuncompress() [<a href='function.gzuncompress'>function.gzuncompress</a>]: data error D:\WWW\zghnj.com\Home\Controller\IndexController.class.php 第 43 行.
NOTIC: [2] gzuncompress() [<a href='function.gzuncompress'>function.gzuncompress</a>]: data error D:\WWW\zghnj.com\Home\Controller\IndexController.class.php 第 43 行.
SQL: SELECT * FROM `hnj_product` WHERE ( type_id = 7 AND is_show = 1 ) ORDER BY ctime desc LIMIT 3   [ RunTime:0.0010s ]
SQL: SHOW COLUMNS FROM `hnj_link` [ RunTime:0.0070s ]
SQL: SELECT * FROM `hnj_link` WHERE ( is_show = 1 ) ORDER BY sort,ctime desc  [ RunTime:0.0010s ]
SQL: SELECT * FROM `hnj_news` WHERE ( cat_id = 23 AND is_show = '0' ) ORDER BY sort,upd_time desc LIMIT 4   [ RunTime:0.0010s ]
INFO: [ view_parse ] --START--
INFO: [ template_filter ] --START--
INFO: Run Behavior\ContentReplaceBehavior [ RunTime:0.000000s ]
INFO: [ template_filter ] --END-- [ RunTime:0.001000s ]
NOTIC: [8] Undefined index: keywords D:\WWW\zghnj.com\Runtime\Cache\Home\afa534d7c0102a99796a92b991c63212.php 第 39 行.
NOTIC: [8] Undefined index: loginstatus D:\WWW\zghnj.com\Runtime\Cache\Home\afa534d7c0102a99796a92b991c63212.php 第 65 行.
INFO: Run Behavior\ParseTemplateBehavior [ RunTime:0.105006s ]
INFO: [ view_parse ] --END-- [ RunTime:0.105006s ]
INFO: [ view_filter ] --START--
INFO: Run Behavior\WriteHtmlCacheBehavior [ RunTime:0.002000s ]
INFO: [ view_filter ] --END-- [ RunTime:0.002000s ]
INFO: [ app_end ] --START--
INFO: Run Behavior\ShowPageTraceBehavior [ RunTime:0.013001s ]
INFO: [ app_end ] --END-- [ RunTime:0.013001s ]

[ 2017-08-24T11:30:12+08:00 ] 127.0.0.1 /index.php/Home/Index/index
INFO: [ app_init ] --START--
INFO: Run Behavior\BuildLiteBehavior [ RunTime:0.000000s ]
INFO: [ app_init ] --END-- [ RunTime:0.001000s ]
NOTIC: [8] Use of undefined constant URL_COMPAT - assumed 'URL_COMPAT' D:\WWW\zghnj.com\ThinkPHP\Library\Think\Dispatcher.class.php 第 183 行.
NOTIC: [8] Use of undefined constant URL_REWRITE - assumed 'URL_REWRITE' D:\WWW\zghnj.com\ThinkPHP\Library\Think\Dispatcher.class.php 第 185 行.
INFO: [ app_begin ] --START--
INFO: Run Behavior\ReadHtmlCacheBehavior [ RunTime:0.006000s ]
INFO: [ app_begin ] --END-- [ RunTime:0.006000s ]
SQL: SHOW COLUMNS FROM `hnj_slide` [ RunTime:0.0050s ]
SQL: SELECT * FROM `hnj_slide` WHERE ( is_show = '0' AND cat_id = 0 ) ORDER BY sort,upd_time desc LIMIT 3   [ RunTime:0.0010s ]
SQL: SHOW COLUMNS FROM `hnj_news` [ RunTime:0.0070s ]
SQL: SHOW COLUMNS FROM `hnj_category` [ RunTime:0.0060s ]
SQL: SELECT * FROM `hnj_news` WHERE ( is_show = '0' AND cat_id = 0 ) ORDER BY upd_time desc LIMIT 1   [ RunTime:0.0010s ]
SQL: SELECT * FROM `hnj_news` WHERE ( is_show = '0' AND (cat_id = 6 or cat_id = 7) ) ORDER BY sort,upd_time desc LIMIT 4   [ RunTime:0.0020s ]
SQL: SELECT `introduce` FROM `hnj_category` WHERE `cat_id` = 1 LIMIT 1   [ RunTime:0.0020s ]
SQL: SELECT * FROM `hnj_news` WHERE ( is_show = '0' AND (cat_id = 3 or cat_id = 4) ) ORDER BY sort,upd_time desc LIMIT 3   [ RunTime:0.0010s ]
SQL: SELECT `introduce` FROM `hnj_category` WHERE `cat_id` = 8 LIMIT 1   [ RunTime:0.0010s ]
SQL: SHOW COLUMNS FROM `hnj_type` [ RunTime:0.0070s ]
SQL: SELECT * FROM `hnj_type` WHERE ( is_show = '0' ) ORDER BY sort,type_id LIMIT 5   [ RunTime:0.0010s ]
SQL: SHOW COLUMNS FROM `hnj_product` [ RunTime:0.0160s ]
SQL: SELECT * FROM `hnj_product` WHERE ( type_id = 2 AND is_show = 1 ) ORDER BY ctime desc LIMIT 3   [ RunTime:0.0010s ]
NOTIC: [2] gzuncompress() [<a href='function.gzuncompress'>function.gzuncompress</a>]: data error D:\WWW\zghnj.com\Home\Controller\IndexController.class.php 第 43 行.
SQL: SELECT * FROM `hnj_product` WHERE ( type_id = 4 AND is_show = 1 ) ORDER BY ctime desc LIMIT 3   [ RunTime:0.0010s ]
SQL: SELECT * FROM `hnj_product` WHERE ( type_id = 5 AND is_show = 1 ) ORDER BY ctime desc LIMIT 3   [ RunTime:0.0030s ]
NOTIC: [2] gzuncompress() [<a href='function.gzuncompress'>function.gzuncompress</a>]: data error D:\WWW\zghnj.com\Home\Controller\IndexController.class.php 第 43 行.
NOTIC: [2] gzuncompress() [<a href='function.gzuncompress'>function.gzuncompress</a>]: data error D:\WWW\zghnj.com\Home\Controller\IndexController.class.php 第 43 行.
SQL: SELECT * FROM `hnj_product` WHERE ( type_id = 6 AND is_show = 1 ) ORDER BY ctime desc LIMIT 3   [ RunTime:0.0010s ]
NOTIC: [2] gzuncompress() [<a href='function.gzuncompress'>function.gzuncompress</a>]: data error D:\WWW\zghnj.com\Home\Controller\IndexController.class.php 第 43 行.
NOTIC: [2] gzuncompress() [<a href='function.gzuncompress'>function.gzuncompress</a>]: data error D:\WWW\zghnj.com\Home\Controller\IndexController.class.php 第 43 行.
SQL: SELECT * FROM `hnj_product` WHERE ( type_id = 7 AND is_show = 1 ) ORDER BY ctime desc LIMIT 3   [ RunTime:0.0010s ]
SQL: SHOW COLUMNS FROM `hnj_link` [ RunTime:0.0080s ]
SQL: SELECT * FROM `hnj_link` WHERE ( is_show = 1 ) ORDER BY sort,ctime desc  [ RunTime:0.0010s ]
SQL: SELECT * FROM `hnj_news` WHERE ( cat_id = 23 AND is_show = '0' ) ORDER BY sort,upd_time desc LIMIT 4   [ RunTime:0.0010s ]
INFO: [ view_parse ] --START--
INFO: [ template_filter ] --START--
INFO: Run Behavior\ContentReplaceBehavior [ RunTime:0.002000s ]
INFO: [ template_filter ] --END-- [ RunTime:0.002000s ]
NOTIC: [8] Undefined index: keywords D:\WWW\zghnj.com\Runtime\Cache\Home\afa534d7c0102a99796a92b991c63212.php 第 39 行.
NOTIC: [8] Undefined index: loginstatus D:\WWW\zghnj.com\Runtime\Cache\Home\afa534d7c0102a99796a92b991c63212.php 第 65 行.
INFO: Run Behavior\ParseTemplateBehavior [ RunTime:0.043003s ]
INFO: [ view_parse ] --END-- [ RunTime:0.043003s ]
INFO: [ view_filter ] --START--
INFO: Run Behavior\WriteHtmlCacheBehavior [ RunTime:0.001000s ]
INFO: [ view_filter ] --END-- [ RunTime:0.001000s ]
INFO: [ app_end ] --START--
INFO: Run Behavior\ShowPageTraceBehavior [ RunTime:0.001000s ]
INFO: [ app_end ] --END-- [ RunTime:0.001000s ]

[ 2017-08-24T11:30:36+08:00 ] 127.0.0.1 /index.php/Home/Index/index
INFO: [ app_init ] --START--
INFO: Run Behavior\BuildLiteBehavior [ RunTime:0.000000s ]
INFO: [ app_init ] --END-- [ RunTime:0.000000s ]
NOTIC: [8] Use of undefined constant URL_COMPAT - assumed 'URL_COMPAT' D:\WWW\zghnj.com\ThinkPHP\Library\Think\Dispatcher.class.php 第 183 行.
NOTIC: [8] Use of undefined constant URL_REWRITE - assumed 'URL_REWRITE' D:\WWW\zghnj.com\ThinkPHP\Library\Think\Dispatcher.class.php 第 185 行.
INFO: [ app_begin ] --START--
INFO: Run Behavior\ReadHtmlCacheBehavior [ RunTime:0.002000s ]
INFO: [ app_begin ] --END-- [ RunTime:0.002000s ]
SQL: SHOW COLUMNS FROM `hnj_slide` [ RunTime:0.0060s ]
SQL: SELECT * FROM `hnj_slide` WHERE ( is_show = '0' AND cat_id = 0 ) ORDER BY sort,upd_time desc LIMIT 3   [ RunTime:0.0010s ]
SQL: SHOW COLUMNS FROM `hnj_news` [ RunTime:0.0060s ]
SQL: SHOW COLUMNS FROM `hnj_category` [ RunTime:0.0090s ]
SQL: SELECT * FROM `hnj_news` WHERE ( is_show = '0' AND cat_id = 0 ) ORDER BY upd_time desc LIMIT 1   [ RunTime:0.0020s ]
SQL: SELECT * FROM `hnj_news` WHERE ( is_show = '0' AND (cat_id = 6 or cat_id = 7) ) ORDER BY sort,upd_time desc LIMIT 4   [ RunTime:0.0010s ]
SQL: SELECT `introduce` FROM `hnj_category` WHERE `cat_id` = 1 LIMIT 1   [ RunTime:0.0000s ]
SQL: SELECT * FROM `hnj_news` WHERE ( is_show = '0' AND (cat_id = 3 or cat_id = 4) ) ORDER BY sort,upd_time desc LIMIT 3   [ RunTime:0.0000s ]
SQL: SELECT `introduce` FROM `hnj_category` WHERE `cat_id` = 8 LIMIT 1   [ RunTime:0.0000s ]
SQL: SHOW COLUMNS FROM `hnj_type` [ RunTime:0.0070s ]
SQL: SELECT * FROM `hnj_type` WHERE ( is_show = '0' ) ORDER BY sort,type_id LIMIT 5   [ RunTime:0.0000s ]
SQL: SHOW COLUMNS FROM `hnj_product` [ RunTime:0.0090s ]
SQL: SELECT * FROM `hnj_product` WHERE ( type_id = 2 AND is_show = 1 ) ORDER BY ctime desc LIMIT 3   [ RunTime:0.0010s ]
NOTIC: [2] gzuncompress() [<a href='function.gzuncompress'>function.gzuncompress</a>]: data error D:\WWW\zghnj.com\Home\Controller\IndexController.class.php 第 43 行.
SQL: SELECT * FROM `hnj_product` WHERE ( type_id = 4 AND is_show = 1 ) ORDER BY ctime desc LIMIT 3   [ RunTime:0.0010s ]
SQL: SELECT * FROM `hnj_product` WHERE ( type_id = 5 AND is_show = 1 ) ORDER BY ctime desc LIMIT 3   [ RunTime:0.0010s ]
NOTIC: [2] gzuncompress() [<a href='function.gzuncompress'>function.gzuncompress</a>]: data error D:\WWW\zghnj.com\Home\Controller\IndexController.class.php 第 43 行.
NOTIC: [2] gzuncompress() [<a href='function.gzuncompress'>function.gzuncompress</a>]: data error D:\WWW\zghnj.com\Home\Controller\IndexController.class.php 第 43 行.
SQL: SELECT * FROM `hnj_product` WHERE ( type_id = 6 AND is_show = 1 ) ORDER BY ctime desc LIMIT 3   [ RunTime:0.0010s ]
NOTIC: [2] gzuncompress() [<a href='function.gzuncompress'>function.gzuncompress</a>]: data error D:\WWW\zghnj.com\Home\Controller\IndexController.class.php 第 43 行.
NOTIC: [2] gzuncompress() [<a href='function.gzuncompress'>function.gzuncompress</a>]: data error D:\WWW\zghnj.com\Home\Controller\IndexController.class.php 第 43 行.
SQL: SELECT * FROM `hnj_product` WHERE ( type_id = 7 AND is_show = 1 ) ORDER BY ctime desc LIMIT 3   [ RunTime:0.0010s ]
SQL: SHOW COLUMNS FROM `hnj_link` [ RunTime:0.0080s ]
SQL: SELECT * FROM `hnj_link` WHERE ( is_show = 1 ) ORDER BY sort,ctime desc  [ RunTime:0.0010s ]
SQL: SELECT * FROM `hnj_news` WHERE ( cat_id = 23 AND is_show = '0' ) ORDER BY sort,upd_time desc LIMIT 4   [ RunTime:0.0010s ]
INFO: [ view_parse ] --START--
INFO: [ template_filter ] --START--
INFO: Run Behavior\ContentReplaceBehavior [ RunTime:0.000000s ]
INFO: [ template_filter ] --END-- [ RunTime:0.000000s ]
NOTIC: [8] Undefined index: keywords D:\WWW\zghnj.com\Runtime\Cache\Home\afa534d7c0102a99796a92b991c63212.php 第 39 行.
NOTIC: [8] Undefined index: loginstatus D:\WWW\zghnj.com\Runtime\Cache\Home\afa534d7c0102a99796a92b991c63212.php 第 65 行.
INFO: Run Behavior\ParseTemplateBehavior [ RunTime:0.033002s ]
INFO: [ view_parse ] --END-- [ RunTime:0.033002s ]
INFO: [ view_filter ] --START--
INFO: Run Behavior\WriteHtmlCacheBehavior [ RunTime:0.001000s ]
INFO: [ view_filter ] --END-- [ RunTime:0.001000s ]
INFO: [ app_end ] --START--
INFO: Run Behavior\ShowPageTraceBehavior [ RunTime:0.005001s ]
INFO: [ app_end ] --END-- [ RunTime:0.005001s ]

[ 2017-08-24T11:31:34+08:00 ] 127.0.0.1 /index.php/Home/Index/index
INFO: [ app_init ] --START--
INFO: Run Behavior\BuildLiteBehavior [ RunTime:0.000000s ]
INFO: [ app_init ] --END-- [ RunTime:0.000000s ]
NOTIC: [8] Use of undefined constant URL_COMPAT - assumed 'URL_COMPAT' D:\WWW\zghnj.com\ThinkPHP\Library\Think\Dispatcher.class.php 第 183 行.
NOTIC: [8] Use of undefined constant URL_REWRITE - assumed 'URL_REWRITE' D:\WWW\zghnj.com\ThinkPHP\Library\Think\Dispatcher.class.php 第 185 行.
INFO: [ app_begin ] --START--
INFO: Run Behavior\ReadHtmlCacheBehavior [ RunTime:0.001000s ]
INFO: [ app_begin ] --END-- [ RunTime:0.002000s ]
SQL: SHOW COLUMNS FROM `hnj_slide` [ RunTime:0.0080s ]
SQL: SELECT * FROM `hnj_slide` WHERE ( is_show = '0' AND cat_id = 0 ) ORDER BY sort,upd_time desc LIMIT 3   [ RunTime:0.0000s ]
SQL: SHOW COLUMNS FROM `hnj_news` [ RunTime:0.0080s ]
SQL: SHOW COLUMNS FROM `hnj_category` [ RunTime:0.0070s ]
SQL: SELECT * FROM `hnj_news` WHERE ( is_show = '0' AND cat_id = 0 ) ORDER BY upd_time desc LIMIT 1   [ RunTime:0.0010s ]
SQL: SELECT * FROM `hnj_news` WHERE ( is_show = '0' AND (cat_id = 6 or cat_id = 7) ) ORDER BY sort,upd_time desc LIMIT 4   [ RunTime:0.0010s ]
SQL: SELECT `introduce` FROM `hnj_category` WHERE `cat_id` = 1 LIMIT 1   [ RunTime:0.0000s ]
SQL: SELECT * FROM `hnj_news` WHERE ( is_show = '0' AND (cat_id = 3 or cat_id = 4) ) ORDER BY sort,upd_time desc LIMIT 3   [ RunTime:0.0010s ]
SQL: SELECT `introduce` FROM `hnj_category` WHERE `cat_id` = 8 LIMIT 1   [ RunTime:0.0010s ]
SQL: SHOW COLUMNS FROM `hnj_type` [ RunTime:0.0060s ]
SQL: SELECT * FROM `hnj_type` WHERE ( is_show = '0' ) ORDER BY sort,type_id LIMIT 5   [ RunTime:0.0000s ]
SQL: SHOW COLUMNS FROM `hnj_product` [ RunTime:0.0090s ]
SQL: SELECT * FROM `hnj_product` WHERE ( type_id = 2 AND is_show = 1 ) ORDER BY ctime desc LIMIT 3   [ RunTime:0.0020s ]
NOTIC: [2] gzuncompress() [<a href='function.gzuncompress'>function.gzuncompress</a>]: data error D:\WWW\zghnj.com\Home\Controller\IndexController.class.php 第 43 行.
SQL: SELECT * FROM `hnj_product` WHERE ( type_id = 4 AND is_show = 1 ) ORDER BY ctime desc LIMIT 3   [ RunTime:0.0010s ]
SQL: SELECT * FROM `hnj_product` WHERE ( type_id = 5 AND is_show = 1 ) ORDER BY ctime desc LIMIT 3   [ RunTime:0.0010s ]
NOTIC: [2] gzuncompress() [<a href='function.gzuncompress'>function.gzuncompress</a>]: data error D:\WWW\zghnj.com\Home\Controller\IndexController.class.php 第 43 行.
NOTIC: [2] gzuncompress() [<a href='function.gzuncompress'>function.gzuncompress</a>]: data error D:\WWW\zghnj.com\Home\Controller\IndexController.class.php 第 43 行.
SQL: SELECT * FROM `hnj_product` WHERE ( type_id = 6 AND is_show = 1 ) ORDER BY ctime desc LIMIT 3   [ RunTime:0.0000s ]
NOTIC: [2] gzuncompress() [<a href='function.gzuncompress'>function.gzuncompress</a>]: data error D:\WWW\zghnj.com\Home\Controller\IndexController.class.php 第 43 行.
NOTIC: [2] gzuncompress() [<a href='function.gzuncompress'>function.gzuncompress</a>]: data error D:\WWW\zghnj.com\Home\Controller\IndexController.class.php 第 43 行.
SQL: SELECT * FROM `hnj_product` WHERE ( type_id = 7 AND is_show = 1 ) ORDER BY ctime desc LIMIT 3   [ RunTime:0.0010s ]
SQL: SHOW COLUMNS FROM `hnj_link` [ RunTime:0.0070s ]
SQL: SELECT * FROM `hnj_link` WHERE ( is_show = 1 ) ORDER BY sort,ctime desc  [ RunTime:0.0010s ]
SQL: SELECT * FROM `hnj_news` WHERE ( cat_id = 23 AND is_show = '0' ) ORDER BY sort,upd_time desc LIMIT 4   [ RunTime:0.0010s ]
INFO: [ view_parse ] --START--
INFO: [ template_filter ] --START--
INFO: Run Behavior\ContentReplaceBehavior [ RunTime:0.000000s ]
INFO: [ template_filter ] --END-- [ RunTime:0.000000s ]
NOTIC: [8] Undefined index: keywords D:\WWW\zghnj.com\Runtime\Cache\Home\afa534d7c0102a99796a92b991c63212.php 第 39 行.
NOTIC: [8] Undefined index: loginstatus D:\WWW\zghnj.com\Runtime\Cache\Home\afa534d7c0102a99796a92b991c63212.php 第 65 行.
INFO: Run Behavior\ParseTemplateBehavior [ RunTime:0.031001s ]
INFO: [ view_parse ] --END-- [ RunTime:0.031001s ]
INFO: [ view_filter ] --START--
INFO: Run Behavior\WriteHtmlCacheBehavior [ RunTime:0.001001s ]
INFO: [ view_filter ] --END-- [ RunTime:0.001001s ]
INFO: [ app_end ] --START--
INFO: Run Behavior\ShowPageTraceBehavior [ RunTime:0.005000s ]
INFO: [ app_end ] --END-- [ RunTime:0.005000s ]

[ 2017-08-24T11:31:59+08:00 ] 127.0.0.1 /index.php/Home/Index/index
INFO: [ app_init ] --START--
INFO: Run Behavior\BuildLiteBehavior [ RunTime:0.000000s ]
INFO: [ app_init ] --END-- [ RunTime:0.000000s ]
NOTIC: [8] Use of undefined constant URL_COMPAT - assumed 'URL_COMPAT' D:\WWW\zghnj.com\ThinkPHP\Library\Think\Dispatcher.class.php 第 183 行.
NOTIC: [8] Use of undefined constant URL_REWRITE - assumed 'URL_REWRITE' D:\WWW\zghnj.com\ThinkPHP\Library\Think\Dispatcher.class.php 第 185 行.
INFO: [ app_begin ] --START--
INFO: Run Behavior\ReadHtmlCacheBehavior [ RunTime:0.001000s ]
INFO: [ app_begin ] --END-- [ RunTime:0.001000s ]
SQL: SHOW COLUMNS FROM `hnj_slide` [ RunTime:0.0110s ]
SQL: SELECT * FROM `hnj_slide` WHERE ( is_show = '0' AND cat_id = 0 ) ORDER BY sort,upd_time desc LIMIT 3   [ RunTime:0.0010s ]
SQL: SHOW COLUMNS FROM `hnj_news` [ RunTime:0.0110s ]
SQL: SHOW COLUMNS FROM `hnj_category` [ RunTime:0.0090s ]
SQL: SELECT * FROM `hnj_news` WHERE ( is_show = '0' AND cat_id = 0 ) ORDER BY upd_time desc LIMIT 1   [ RunTime:0.0010s ]
SQL: SELECT * FROM `hnj_news` WHERE ( is_show = '0' AND (cat_id = 6 or cat_id = 7) ) ORDER BY sort,upd_time desc LIMIT 4   [ RunTime:0.0010s ]
SQL: SELECT `introduce` FROM `hnj_category` WHERE `cat_id` = 1 LIMIT 1   [ RunTime:0.0000s ]
SQL: SELECT * FROM `hnj_news` WHERE ( is_show = '0' AND (cat_id = 3 or cat_id = 4) ) ORDER BY sort,upd_time desc LIMIT 3   [ RunTime:0.0010s ]
SQL: SELECT `introduce` FROM `hnj_category` WHERE `cat_id` = 8 LIMIT 1   [ RunTime:0.0000s ]
SQL: SHOW COLUMNS FROM `hnj_type` [ RunTime:0.0100s ]
SQL: SELECT * FROM `hnj_type` WHERE ( is_show = '0' ) ORDER BY sort,type_id LIMIT 5   [ RunTime:0.0010s ]
SQL: SHOW COLUMNS FROM `hnj_product` [ RunTime:0.0090s ]
SQL: SELECT * FROM `hnj_product` WHERE ( type_id = 2 AND is_show = 1 ) ORDER BY ctime desc LIMIT 3   [ RunTime:0.0010s ]
NOTIC: [2] gzuncompress() [<a href='function.gzuncompress'>function.gzuncompress</a>]: data error D:\WWW\zghnj.com\Home\Controller\IndexController.class.php 第 43 行.
SQL: SELECT * FROM `hnj_product` WHERE ( type_id = 4 AND is_show = 1 ) ORDER BY ctime desc LIMIT 3   [ RunTime:0.0010s ]
SQL: SELECT * FROM `hnj_product` WHERE ( type_id = 5 AND is_show = 1 ) ORDER BY ctime desc LIMIT 3   [ RunTime:0.0000s ]
NOTIC: [2] gzuncompress() [<a href='function.gzuncompress'>function.gzuncompress</a>]: data error D:\WWW\zghnj.com\Home\Controller\IndexController.class.php 第 43 行.
NOTIC: [2] gzuncompress() [<a href='function.gzuncompress'>function.gzuncompress</a>]: data error D:\WWW\zghnj.com\Home\Controller\IndexController.class.php 第 43 行.
SQL: SELECT * FROM `hnj_product` WHERE ( type_id = 6 AND is_show = 1 ) ORDER BY ctime desc LIMIT 3   [ RunTime:0.0010s ]
NOTIC: [2] gzuncompress() [<a href='function.gzuncompress'>function.gzuncompress</a>]: data error D:\WWW\zghnj.com\Home\Controller\IndexController.class.php 第 43 行.
NOTIC: [2] gzuncompress() [<a href='function.gzuncompress'>function.gzuncompress</a>]: data error D:\WWW\zghnj.com\Home\Controller\IndexController.class.php 第 43 行.
SQL: SELECT * FROM `hnj_product` WHERE ( type_id = 7 AND is_show = 1 ) ORDER BY ctime desc LIMIT 3   [ RunTime:0.0010s ]
SQL: SHOW COLUMNS FROM `hnj_link` [ RunTime:0.0080s ]
SQL: SELECT * FROM `hnj_link` WHERE ( is_show = 1 ) ORDER BY sort,ctime desc  [ RunTime:0.0020s ]
SQL: SELECT * FROM `hnj_news` WHERE ( cat_id = 23 AND is_show = '0' ) ORDER BY sort,upd_time desc LIMIT 4   [ RunTime:0.0010s ]
INFO: [ view_parse ] --START--
INFO: [ template_filter ] --START--
INFO: Run Behavior\ContentReplaceBehavior [ RunTime:0.000000s ]
INFO: [ template_filter ] --END-- [ RunTime:0.001000s ]
NOTIC: [8] Undefined index: keywords D:\WWW\zghnj.com\Runtime\Cache\Home\afa534d7c0102a99796a92b991c63212.php 第 39 行.
NOTIC: [8] Undefined index: loginstatus D:\WWW\zghnj.com\Runtime\Cache\Home\afa534d7c0102a99796a92b991c63212.php 第 65 行.
INFO: Run Behavior\ParseTemplateBehavior [ RunTime:0.030002s ]
INFO: [ view_parse ] --END-- [ RunTime:0.030002s ]
INFO: [ view_filter ] --START--
INFO: Run Behavior\WriteHtmlCacheBehavior [ RunTime:0.000000s ]
INFO: [ view_filter ] --END-- [ RunTime:0.001000s ]
INFO: [ app_end ] --START--
INFO: Run Behavior\ShowPageTraceBehavior [ RunTime:0.001000s ]
INFO: [ app_end ] --END-- [ RunTime:0.001000s ]

