[ 2017-07-28T09:17:06+08:00 ] 127.0.0.1 /
INFO: [ app_init ] --START--
INFO: Run Behavior\BuildLiteBehavior [ RunTime:0.000000s ]
INFO: [ app_init ] --END-- [ RunTime:0.000000s ]
NOTIC: [8] Use of undefined constant URL_COMPAT - assumed 'URL_COMPAT' D:\WWW\zghnj.com\ThinkPHP\Library\Think\Dispatcher.class.php 第 183 行.
NOTIC: [8] Use of undefined constant URL_REWRITE - assumed 'URL_REWRITE' D:\WWW\zghnj.com\ThinkPHP\Library\Think\Dispatcher.class.php 第 185 行.
INFO: [ app_begin ] --START--
INFO: Run Behavior\ReadHtmlCacheBehavior [ RunTime:0.001000s ]
INFO: [ app_begin ] --END-- [ RunTime:0.001000s ]
NOTIC: [8] Undefined index: userInfo D:\WWW\zghnj.com\Home\Controller\IndexController.class.php 第 16 行.
NOTIC: [8] Undefined index: userInfo D:\WWW\zghnj.com\Home\Controller\IndexController.class.php 第 17 行.
ERR: 1146:Table 'hnj.hnj_seller' doesn't exist
 [ SQL语句 ] : SHOW COLUMNS FROM `hnj_seller`
ERR: 1146:Table 'hnj.hnj_seller' doesn't exist
 [ SQL语句 ] : SHOW COLUMNS FROM `hnj_seller`

[ 2017-07-28T11:08:56+08:00 ] 127.0.0.1 /
INFO: [ app_init ] --START--
INFO: Run Behavior\BuildLiteBehavior [ RunTime:0.000000s ]
INFO: [ app_init ] --END-- [ RunTime:0.000000s ]
NOTIC: [8] Use of undefined constant URL_COMPAT - assumed 'URL_COMPAT' D:\WWW\zghnj.com\ThinkPHP\Library\Think\Dispatcher.class.php 第 183 行.
NOTIC: [8] Use of undefined constant URL_REWRITE - assumed 'URL_REWRITE' D:\WWW\zghnj.com\ThinkPHP\Library\Think\Dispatcher.class.php 第 185 行.
INFO: [ app_begin ] --START--
INFO: Run Behavior\ReadHtmlCacheBehavior [ RunTime:0.001000s ]
INFO: [ app_begin ] --END-- [ RunTime:0.001000s ]
NOTIC: [8] Undefined index: userInfo D:\WWW\zghnj.com\Home\Controller\IndexController.class.php 第 16 行.
NOTIC: [8] Undefined index: userInfo D:\WWW\zghnj.com\Home\Controller\IndexController.class.php 第 17 行.
ERR: 1146:Table 'hnj.hnj_seller' doesn't exist
 [ SQL语句 ] : SHOW COLUMNS FROM `hnj_seller`
ERR: 1146:Table 'hnj.hnj_seller' doesn't exist
 [ SQL语句 ] : SHOW COLUMNS FROM `hnj_seller`

[ 2017-07-28T14:41:18+08:00 ] 127.0.0.1 /
INFO: [ app_init ] --START--
INFO: Run Behavior\BuildLiteBehavior [ RunTime:0.000000s ]
INFO: [ app_init ] --END-- [ RunTime:0.000000s ]
NOTIC: [8] Use of undefined constant URL_COMPAT - assumed 'URL_COMPAT' D:\WWW\zghnj.com\ThinkPHP\Library\Think\Dispatcher.class.php 第 183 行.
NOTIC: [8] Use of undefined constant URL_REWRITE - assumed 'URL_REWRITE' D:\WWW\zghnj.com\ThinkPHP\Library\Think\Dispatcher.class.php 第 185 行.
INFO: [ app_begin ] --START--
INFO: Run Behavior\ReadHtmlCacheBehavior [ RunTime:0.001000s ]
INFO: [ app_begin ] --END-- [ RunTime:0.001000s ]
NOTIC: [8] Undefined index: userInfo D:\WWW\zghnj.com\Home\Controller\IndexController.class.php 第 16 行.
NOTIC: [8] Undefined index: userInfo D:\WWW\zghnj.com\Home\Controller\IndexController.class.php 第 17 行.
ERR: 1146:Table 'hnj.hnj_seller' doesn't exist
 [ SQL语句 ] : SHOW COLUMNS FROM `hnj_seller`
ERR: 1146:Table 'hnj.hnj_seller' doesn't exist
 [ SQL语句 ] : SHOW COLUMNS FROM `hnj_seller`

[ 2017-07-28T15:27:42+08:00 ] 127.0.0.1 /index.php/Admin/Link/showlist
INFO: [ app_init ] --START--
INFO: Run Behavior\BuildLiteBehavior [ RunTime:0.000000s ]
INFO: [ app_init ] --END-- [ RunTime:0.000000s ]
NOTIC: [8] Use of undefined constant URL_COMPAT - assumed 'URL_COMPAT' D:\WWW\zghnj.com\ThinkPHP\Library\Think\Dispatcher.class.php 第 183 行.
NOTIC: [8] Use of undefined constant URL_REWRITE - assumed 'URL_REWRITE' D:\WWW\zghnj.com\ThinkPHP\Library\Think\Dispatcher.class.php 第 185 行.
INFO: [ app_begin ] --START--
INFO: Run Behavior\ReadHtmlCacheBehavior [ RunTime:0.001000s ]
INFO: [ app_begin ] --END-- [ RunTime:0.001000s ]
INFO: [ view_parse ] --START--
INFO: [ template_filter ] --START--
INFO: Run Behavior\ContentReplaceBehavior [ RunTime:0.000000s ]
INFO: [ template_filter ] --END-- [ RunTime:0.000000s ]
NOTIC: [8] Undefined variable: title D:\WWW\zghnj.com\Runtime\Cache\Home\48f4d9579931bc6782f9c592807ebeee.php 第 11 行.
INFO: Run Behavior\ParseTemplateBehavior [ RunTime:0.039002s ]
INFO: [ view_parse ] --END-- [ RunTime:0.039002s ]
INFO: [ view_filter ] --START--
INFO: Run Behavior\WriteHtmlCacheBehavior [ RunTime:0.001000s ]
INFO: [ view_filter ] --END-- [ RunTime:0.001000s ]
INFO: [ app_end ] --START--
INFO: Run Behavior\ShowPageTraceBehavior [ RunTime:0.001000s ]
INFO: [ app_end ] --END-- [ RunTime:0.001000s ]

[ 2017-07-28T15:28:19+08:00 ] 127.0.0.1 /index.php/a/Link/showlist
INFO: [ app_init ] --START--
INFO: Run Behavior\BuildLiteBehavior [ RunTime:0.000000s ]
INFO: [ app_init ] --END-- [ RunTime:0.000000s ]
NOTIC: [8] Use of undefined constant URL_COMPAT - assumed 'URL_COMPAT' D:\WWW\zghnj.com\ThinkPHP\Library\Think\Dispatcher.class.php 第 183 行.
NOTIC: [8] Use of undefined constant URL_REWRITE - assumed 'URL_REWRITE' D:\WWW\zghnj.com\ThinkPHP\Library\Think\Dispatcher.class.php 第 185 行.
INFO: [ app_begin ] --START--
INFO: Run Behavior\ReadHtmlCacheBehavior [ RunTime:0.001000s ]
INFO: [ app_begin ] --END-- [ RunTime:0.002000s ]
INFO: [ view_parse ] --START--
INFO: [ template_filter ] --START--
INFO: Run Behavior\ContentReplaceBehavior [ RunTime:0.000000s ]
INFO: [ template_filter ] --END-- [ RunTime:0.000000s ]
NOTIC: [8] Undefined variable: title D:\WWW\zghnj.com\Runtime\Cache\Home\48f4d9579931bc6782f9c592807ebeee.php 第 11 行.
INFO: Run Behavior\ParseTemplateBehavior [ RunTime:0.010001s ]
INFO: [ view_parse ] --END-- [ RunTime:0.010001s ]
INFO: [ view_filter ] --START--
INFO: Run Behavior\WriteHtmlCacheBehavior [ RunTime:0.000000s ]
INFO: [ view_filter ] --END-- [ RunTime:0.001000s ]
INFO: [ app_end ] --START--
INFO: Run Behavior\ShowPageTraceBehavior [ RunTime:0.000000s ]
INFO: [ app_end ] --END-- [ RunTime:0.000000s ]

[ 2017-07-28T15:29:57+08:00 ] 127.0.0.1 /index.php/a/Link/showlist
INFO: [ app_init ] --START--
INFO: Run Behavior\BuildLiteBehavior [ RunTime:0.000000s ]
INFO: [ app_init ] --END-- [ RunTime:0.000000s ]
NOTIC: [8] Use of undefined constant URL_COMPAT - assumed 'URL_COMPAT' D:\WWW\zghnj.com\ThinkPHP\Library\Think\Dispatcher.class.php 第 183 行.
NOTIC: [8] Use of undefined constant URL_REWRITE - assumed 'URL_REWRITE' D:\WWW\zghnj.com\ThinkPHP\Library\Think\Dispatcher.class.php 第 185 行.
INFO: [ app_begin ] --START--
INFO: Run Behavior\ReadHtmlCacheBehavior [ RunTime:0.001000s ]
INFO: [ app_begin ] --END-- [ RunTime:0.001000s ]
INFO: [ view_parse ] --START--
INFO: [ template_filter ] --START--
INFO: Run Behavior\ContentReplaceBehavior [ RunTime:0.000000s ]
INFO: [ template_filter ] --END-- [ RunTime:0.000000s ]
NOTIC: [8] Undefined variable: title D:\WWW\zghnj.com\Runtime\Cache\Home\48f4d9579931bc6782f9c592807ebeee.php 第 11 行.
INFO: Run Behavior\ParseTemplateBehavior [ RunTime:0.009000s ]
INFO: [ view_parse ] --END-- [ RunTime:0.009000s ]
INFO: [ view_filter ] --START--
INFO: Run Behavior\WriteHtmlCacheBehavior [ RunTime:0.000000s ]
INFO: [ view_filter ] --END-- [ RunTime:0.000000s ]
INFO: [ app_end ] --START--
INFO: Run Behavior\ShowPageTraceBehavior [ RunTime:0.001001s ]
INFO: [ app_end ] --END-- [ RunTime:0.001001s ]

[ 2017-07-28T17:29:22+08:00 ] 127.0.0.1 /index.php/Admin
INFO: [ app_init ] --START--
INFO: Run Behavior\BuildLiteBehavior [ RunTime:0.000000s ]
INFO: [ app_init ] --END-- [ RunTime:0.015600s ]
NOTIC: [8] Use of undefined constant URL_COMPAT - assumed 'URL_COMPAT' D:\WWW\zghnj.com\ThinkPHP\Library\Think\Dispatcher.class.php 第 183 行.
NOTIC: [8] Use of undefined constant URL_REWRITE - assumed 'URL_REWRITE' D:\WWW\zghnj.com\ThinkPHP\Library\Think\Dispatcher.class.php 第 185 行.
INFO: [ app_begin ] --START--
INFO: Run Behavior\ReadHtmlCacheBehavior [ RunTime:0.000000s ]
INFO: [ app_begin ] --END-- [ RunTime:0.000000s ]
INFO: [ view_parse ] --START--
INFO: [ template_filter ] --START--
INFO: Run Behavior\ContentReplaceBehavior [ RunTime:0.000000s ]
INFO: [ template_filter ] --END-- [ RunTime:0.000000s ]
NOTIC: [8] Undefined variable: title D:\WWW\zghnj.com\Runtime\Cache\Home\48f4d9579931bc6782f9c592807ebeee.php 第 11 行.
INFO: Run Behavior\ParseTemplateBehavior [ RunTime:0.015600s ]
INFO: [ view_parse ] --END-- [ RunTime:0.015600s ]
INFO: [ view_filter ] --START--
INFO: Run Behavior\WriteHtmlCacheBehavior [ RunTime:0.000000s ]
INFO: [ view_filter ] --END-- [ RunTime:0.000000s ]
INFO: [ app_end ] --START--
INFO: Run Behavior\ShowPageTraceBehavior [ RunTime:0.000000s ]
INFO: [ app_end ] --END-- [ RunTime:0.000000s ]

[ 2017-07-28T17:29:23+08:00 ] 127.0.0.1 /favicon.ico
INFO: [ app_init ] --START--
INFO: Run Behavior\BuildLiteBehavior [ RunTime:0.000000s ]
INFO: [ app_init ] --END-- [ RunTime:0.000000s ]
NOTIC: [8] Use of undefined constant URL_COMPAT - assumed 'URL_COMPAT' D:\WWW\zghnj.com\ThinkPHP\Library\Think\Dispatcher.class.php 第 183 行.
NOTIC: [8] Use of undefined constant URL_REWRITE - assumed 'URL_REWRITE' D:\WWW\zghnj.com\ThinkPHP\Library\Think\Dispatcher.class.php 第 185 行.

[ 2017-07-28T17:29:27+08:00 ] 127.0.0.1 /index.php/Admin/Member/login.html
INFO: [ app_init ] --START--
INFO: Run Behavior\BuildLiteBehavior [ RunTime:0.000000s ]
INFO: [ app_init ] --END-- [ RunTime:0.000000s ]
NOTIC: [8] Use of undefined constant URL_COMPAT - assumed 'URL_COMPAT' D:\WWW\zghnj.com\ThinkPHP\Library\Think\Dispatcher.class.php 第 183 行.
NOTIC: [8] Use of undefined constant URL_REWRITE - assumed 'URL_REWRITE' D:\WWW\zghnj.com\ThinkPHP\Library\Think\Dispatcher.class.php 第 185 行.
INFO: [ app_begin ] --START--
INFO: Run Behavior\ReadHtmlCacheBehavior [ RunTime:0.001000s ]
INFO: [ app_begin ] --END-- [ RunTime:0.001000s ]
INFO: [ view_parse ] --START--
INFO: [ template_filter ] --START--
INFO: Run Behavior\ContentReplaceBehavior [ RunTime:0.000000s ]
INFO: [ template_filter ] --END-- [ RunTime:0.000000s ]
NOTIC: [8] Undefined variable: title D:\WWW\zghnj.com\Runtime\Cache\Home\48f4d9579931bc6782f9c592807ebeee.php 第 11 行.
INFO: Run Behavior\ParseTemplateBehavior [ RunTime:0.011001s ]
INFO: [ view_parse ] --END-- [ RunTime:0.011001s ]
INFO: [ view_filter ] --START--
INFO: Run Behavior\WriteHtmlCacheBehavior [ RunTime:0.001000s ]
INFO: [ view_filter ] --END-- [ RunTime:0.001000s ]
INFO: [ app_end ] --START--
INFO: Run Behavior\ShowPageTraceBehavior [ RunTime:0.000000s ]
INFO: [ app_end ] --END-- [ RunTime:0.001000s ]

[ 2017-07-28T17:29:34+08:00 ] 127.0.0.1 /index.php/Admin/Member/login.html
INFO: [ app_init ] --START--
INFO: Run Behavior\BuildLiteBehavior [ RunTime:0.000000s ]
INFO: [ app_init ] --END-- [ RunTime:0.000000s ]
NOTIC: [8] Use of undefined constant URL_COMPAT - assumed 'URL_COMPAT' D:\WWW\zghnj.com\ThinkPHP\Library\Think\Dispatcher.class.php 第 183 行.
NOTIC: [8] Use of undefined constant URL_REWRITE - assumed 'URL_REWRITE' D:\WWW\zghnj.com\ThinkPHP\Library\Think\Dispatcher.class.php 第 185 行.
INFO: [ app_begin ] --START--
INFO: Run Behavior\ReadHtmlCacheBehavior [ RunTime:0.001000s ]
INFO: [ app_begin ] --END-- [ RunTime:0.001000s ]
INFO: [ view_parse ] --START--
INFO: [ template_filter ] --START--
INFO: Run Behavior\ContentReplaceBehavior [ RunTime:0.000000s ]
INFO: [ template_filter ] --END-- [ RunTime:0.000000s ]
NOTIC: [8] Undefined variable: title D:\WWW\zghnj.com\Runtime\Cache\Home\48f4d9579931bc6782f9c592807ebeee.php 第 11 行.
INFO: Run Behavior\ParseTemplateBehavior [ RunTime:0.007000s ]
INFO: [ view_parse ] --END-- [ RunTime:0.007000s ]
INFO: [ view_filter ] --START--
INFO: Run Behavior\WriteHtmlCacheBehavior [ RunTime:0.001000s ]
INFO: [ view_filter ] --END-- [ RunTime:0.001000s ]
INFO: [ app_end ] --START--
INFO: Run Behavior\ShowPageTraceBehavior [ RunTime:0.000000s ]
INFO: [ app_end ] --END-- [ RunTime:0.000000s ]

[ 2017-07-28T17:30:30+08:00 ] 127.0.0.1 /index.php/Admin/Index/index.html
INFO: [ app_init ] --START--
INFO: Run Behavior\BuildLiteBehavior [ RunTime:0.000000s ]
INFO: [ app_init ] --END-- [ RunTime:0.000000s ]
NOTIC: [8] Use of undefined constant URL_COMPAT - assumed 'URL_COMPAT' D:\WWW\zghnj.com\ThinkPHP\Library\Think\Dispatcher.class.php 第 183 行.
NOTIC: [8] Use of undefined constant URL_REWRITE - assumed 'URL_REWRITE' D:\WWW\zghnj.com\ThinkPHP\Library\Think\Dispatcher.class.php 第 185 行.
INFO: [ app_begin ] --START--
INFO: Run Behavior\ReadHtmlCacheBehavior [ RunTime:0.001000s ]
INFO: [ app_begin ] --END-- [ RunTime:0.001000s ]
INFO: [ view_parse ] --START--
INFO: [ template_filter ] --START--
INFO: Run Behavior\ContentReplaceBehavior [ RunTime:0.000000s ]
INFO: [ template_filter ] --END-- [ RunTime:0.000000s ]
NOTIC: [8] Undefined variable: title D:\WWW\zghnj.com\Runtime\Cache\Home\48f4d9579931bc6782f9c592807ebeee.php 第 11 行.
INFO: Run Behavior\ParseTemplateBehavior [ RunTime:0.011000s ]
INFO: [ view_parse ] --END-- [ RunTime:0.011000s ]
INFO: [ view_filter ] --START--
INFO: Run Behavior\WriteHtmlCacheBehavior [ RunTime:0.000000s ]
INFO: [ view_filter ] --END-- [ RunTime:0.000000s ]
INFO: [ app_end ] --START--
INFO: Run Behavior\ShowPageTraceBehavior [ RunTime:0.001000s ]
INFO: [ app_end ] --END-- [ RunTime:0.001000s ]

