[ 2017-07-31T09:42:37+08:00 ] 127.0.0.1 /
INFO: [ app_init ] --START--
INFO: Run Behavior\BuildLiteBehavior [ RunTime:0.000000s ]
INFO: [ app_init ] --END-- [ RunTime:0.015000s ]
NOTIC: [8] Use of undefined constant URL_COMPAT - assumed 'URL_COMPAT' D:\WWW\zghnj.com\ThinkPHP\Library\Think\Dispatcher.class.php 第 183 行.
NOTIC: [8] Use of undefined constant URL_REWRITE - assumed 'URL_REWRITE' D:\WWW\zghnj.com\ThinkPHP\Library\Think\Dispatcher.class.php 第 185 行.
INFO: [ app_begin ] --START--
INFO: Run Behavior\ReadHtmlCacheBehavior [ RunTime:0.001000s ]
INFO: [ app_begin ] --END-- [ RunTime:0.001000s ]
NOTIC: [8] Undefined index: userInfo D:\WWW\zghnj.com\Home\Controller\IndexController.class.php 第 16 行.
NOTIC: [8] Undefined index: userInfo D:\WWW\zghnj.com\Home\Controller\IndexController.class.php 第 17 行.
ERR: 1146:Table 'hnj.hnj_seller' doesn't exist
 [ SQL语句 ] : SHOW COLUMNS FROM `hnj_seller`
ERR: 1146:Table 'hnj.hnj_seller' doesn't exist
 [ SQL语句 ] : SHOW COLUMNS FROM `hnj_seller`

[ 2017-07-31T10:32:51+08:00 ] 127.0.0.1 /
INFO: [ app_init ] --START--
INFO: Run Behavior\BuildLiteBehavior [ RunTime:0.000000s ]
INFO: [ app_init ] --END-- [ RunTime:0.000000s ]
NOTIC: [8] Use of undefined constant URL_COMPAT - assumed 'URL_COMPAT' D:\WWW\zghnj.com\ThinkPHP\Library\Think\Dispatcher.class.php 第 183 行.
NOTIC: [8] Use of undefined constant URL_REWRITE - assumed 'URL_REWRITE' D:\WWW\zghnj.com\ThinkPHP\Library\Think\Dispatcher.class.php 第 185 行.
INFO: [ app_begin ] --START--
INFO: Run Behavior\ReadHtmlCacheBehavior [ RunTime:0.001000s ]
INFO: [ app_begin ] --END-- [ RunTime:0.001000s ]
NOTIC: [8] Undefined index: userInfo D:\WWW\zghnj.com\Home\Controller\IndexController.class.php 第 16 行.
NOTIC: [8] Undefined index: userInfo D:\WWW\zghnj.com\Home\Controller\IndexController.class.php 第 17 行.
ERR: 1146:Table 'hnj.hnj_seller' doesn't exist
 [ SQL语句 ] : SHOW COLUMNS FROM `hnj_seller`
ERR: 1146:Table 'hnj.hnj_seller' doesn't exist
 [ SQL语句 ] : SHOW COLUMNS FROM `hnj_seller`

[ 2017-07-31T10:51:41+08:00 ] 127.0.0.1 /
INFO: [ app_init ] --START--
INFO: Run Behavior\BuildLiteBehavior [ RunTime:0.000000s ]
INFO: [ app_init ] --END-- [ RunTime:0.000000s ]
NOTIC: [8] Use of undefined constant URL_COMPAT - assumed 'URL_COMPAT' D:\WWW\zghnj.com\ThinkPHP\Library\Think\Dispatcher.class.php 第 183 行.
NOTIC: [8] Use of undefined constant URL_REWRITE - assumed 'URL_REWRITE' D:\WWW\zghnj.com\ThinkPHP\Library\Think\Dispatcher.class.php 第 185 行.
INFO: [ app_begin ] --START--
INFO: Run Behavior\ReadHtmlCacheBehavior [ RunTime:0.001000s ]
INFO: [ app_begin ] --END-- [ RunTime:0.001000s ]
NOTIC: [8] Undefined index: userInfo D:\WWW\zghnj.com\Home\Controller\IndexController.class.php 第 16 行.
NOTIC: [8] Undefined index: userInfo D:\WWW\zghnj.com\Home\Controller\IndexController.class.php 第 17 行.
ERR: 1146:Table 'hnj.hnj_seller' doesn't exist
 [ SQL语句 ] : SHOW COLUMNS FROM `hnj_seller`
ERR: 1146:Table 'hnj.hnj_seller' doesn't exist
 [ SQL语句 ] : SHOW COLUMNS FROM `hnj_seller`

[ 2017-07-31T10:52:28+08:00 ] 127.0.0.1 /
INFO: [ app_init ] --START--
INFO: Run Behavior\BuildLiteBehavior [ RunTime:0.000000s ]
INFO: [ app_init ] --END-- [ RunTime:0.000000s ]
NOTIC: [8] Use of undefined constant URL_COMPAT - assumed 'URL_COMPAT' D:\WWW\zghnj.com\ThinkPHP\Library\Think\Dispatcher.class.php 第 183 行.
NOTIC: [8] Use of undefined constant URL_REWRITE - assumed 'URL_REWRITE' D:\WWW\zghnj.com\ThinkPHP\Library\Think\Dispatcher.class.php 第 185 行.
INFO: [ app_begin ] --START--
INFO: Run Behavior\ReadHtmlCacheBehavior [ RunTime:0.001001s ]
INFO: [ app_begin ] --END-- [ RunTime:0.001001s ]
NOTIC: [8] Undefined index: userInfo D:\WWW\zghnj.com\Home\Controller\IndexController.class.php 第 16 行.
NOTIC: [8] Undefined index: userInfo D:\WWW\zghnj.com\Home\Controller\IndexController.class.php 第 17 行.
ERR: 1146:Table 'hnj.hnj_seller' doesn't exist
 [ SQL语句 ] : SHOW COLUMNS FROM `hnj_seller`
ERR: 1146:Table 'hnj.hnj_seller' doesn't exist
 [ SQL语句 ] : SHOW COLUMNS FROM `hnj_seller`

[ 2017-07-31T10:53:16+08:00 ] 127.0.0.1 /
INFO: [ app_init ] --START--
INFO: Run Behavior\BuildLiteBehavior [ RunTime:0.000000s ]
INFO: [ app_init ] --END-- [ RunTime:0.000000s ]
NOTIC: [8] Use of undefined constant URL_COMPAT - assumed 'URL_COMPAT' D:\WWW\zghnj.com\ThinkPHP\Library\Think\Dispatcher.class.php 第 183 行.
NOTIC: [8] Use of undefined constant URL_REWRITE - assumed 'URL_REWRITE' D:\WWW\zghnj.com\ThinkPHP\Library\Think\Dispatcher.class.php 第 185 行.
INFO: [ app_begin ] --START--
INFO: Run Behavior\ReadHtmlCacheBehavior [ RunTime:0.001000s ]
INFO: [ app_begin ] --END-- [ RunTime:0.001000s ]
NOTIC: [8] Undefined index: userInfo D:\WWW\zghnj.com\Home\Controller\IndexController.class.php 第 16 行.
NOTIC: [8] Undefined index: userInfo D:\WWW\zghnj.com\Home\Controller\IndexController.class.php 第 17 行.
ERR: 1146:Table 'hnj.hnj_seller' doesn't exist
 [ SQL语句 ] : SHOW COLUMNS FROM `hnj_seller`
ERR: 1146:Table 'hnj.hnj_seller' doesn't exist
 [ SQL语句 ] : SHOW COLUMNS FROM `hnj_seller`

[ 2017-07-31T10:55:51+08:00 ] 127.0.0.1 /
INFO: [ app_init ] --START--
INFO: Run Behavior\BuildLiteBehavior [ RunTime:0.000000s ]
INFO: [ app_init ] --END-- [ RunTime:0.000000s ]
NOTIC: [8] Use of undefined constant URL_COMPAT - assumed 'URL_COMPAT' D:\WWW\zghnj.com\ThinkPHP\Library\Think\Dispatcher.class.php 第 183 行.
NOTIC: [8] Use of undefined constant URL_REWRITE - assumed 'URL_REWRITE' D:\WWW\zghnj.com\ThinkPHP\Library\Think\Dispatcher.class.php 第 185 行.
INFO: [ app_begin ] --START--
INFO: Run Behavior\ReadHtmlCacheBehavior [ RunTime:0.001000s ]
INFO: [ app_begin ] --END-- [ RunTime:0.001000s ]
NOTIC: [8] Undefined index: userInfo D:\WWW\zghnj.com\Home\Controller\IndexController.class.php 第 16 行.
NOTIC: [8] Undefined index: userInfo D:\WWW\zghnj.com\Home\Controller\IndexController.class.php 第 17 行.
ERR: 1146:Table 'hnj.hnj_seller' doesn't exist
 [ SQL语句 ] : SHOW COLUMNS FROM `hnj_seller`
ERR: 1146:Table 'hnj.hnj_seller' doesn't exist
 [ SQL语句 ] : SHOW COLUMNS FROM `hnj_seller`

[ 2017-07-31T11:04:08+08:00 ] 127.0.0.1 /
INFO: [ app_init ] --START--
INFO: Run Behavior\BuildLiteBehavior [ RunTime:0.000000s ]
INFO: [ app_init ] --END-- [ RunTime:0.000000s ]
NOTIC: [8] Use of undefined constant URL_COMPAT - assumed 'URL_COMPAT' D:\WWW\zghnj.com\ThinkPHP\Library\Think\Dispatcher.class.php 第 183 行.
NOTIC: [8] Use of undefined constant URL_REWRITE - assumed 'URL_REWRITE' D:\WWW\zghnj.com\ThinkPHP\Library\Think\Dispatcher.class.php 第 185 行.
INFO: [ app_begin ] --START--
INFO: Run Behavior\ReadHtmlCacheBehavior [ RunTime:0.000000s ]
INFO: [ app_begin ] --END-- [ RunTime:0.000000s ]
NOTIC: [8] Undefined index: userInfo D:\WWW\zghnj.com\Home\Controller\IndexController.class.php 第 16 行.
NOTIC: [8] Undefined index: userInfo D:\WWW\zghnj.com\Home\Controller\IndexController.class.php 第 17 行.
ERR: 1146:Table 'hnj.hnj_seller' doesn't exist
 [ SQL语句 ] : SHOW COLUMNS FROM `hnj_seller`
ERR: 1146:Table 'hnj.hnj_seller' doesn't exist
 [ SQL语句 ] : SHOW COLUMNS FROM `hnj_seller`

[ 2017-07-31T11:33:02+08:00 ] 127.0.0.1 /
INFO: [ app_init ] --START--
INFO: Run Behavior\BuildLiteBehavior [ RunTime:0.000000s ]
INFO: [ app_init ] --END-- [ RunTime:0.000000s ]
NOTIC: [8] Use of undefined constant URL_COMPAT - assumed 'URL_COMPAT' D:\WWW\zghnj.com\ThinkPHP\Library\Think\Dispatcher.class.php 第 183 行.
NOTIC: [8] Use of undefined constant URL_REWRITE - assumed 'URL_REWRITE' D:\WWW\zghnj.com\ThinkPHP\Library\Think\Dispatcher.class.php 第 185 行.
INFO: [ app_begin ] --START--
INFO: Run Behavior\ReadHtmlCacheBehavior [ RunTime:0.001000s ]
INFO: [ app_begin ] --END-- [ RunTime:0.002000s ]
NOTIC: [8] Undefined index: userInfo D:\WWW\zghnj.com\Home\Controller\IndexController.class.php 第 16 行.
NOTIC: [8] Undefined index: userInfo D:\WWW\zghnj.com\Home\Controller\IndexController.class.php 第 17 行.
ERR: 1146:Table 'hnj.hnj_seller' doesn't exist
 [ SQL语句 ] : SHOW COLUMNS FROM `hnj_seller`
ERR: 1146:Table 'hnj.hnj_seller' doesn't exist
 [ SQL语句 ] : SHOW COLUMNS FROM `hnj_seller`

[ 2017-07-31T11:50:02+08:00 ] 127.0.0.1 /
INFO: [ app_init ] --START--
INFO: Run Behavior\BuildLiteBehavior [ RunTime:0.000000s ]
INFO: [ app_init ] --END-- [ RunTime:0.000000s ]
NOTIC: [8] Use of undefined constant URL_COMPAT - assumed 'URL_COMPAT' D:\WWW\zghnj.com\ThinkPHP\Library\Think\Dispatcher.class.php 第 183 行.
NOTIC: [8] Use of undefined constant URL_REWRITE - assumed 'URL_REWRITE' D:\WWW\zghnj.com\ThinkPHP\Library\Think\Dispatcher.class.php 第 185 行.
INFO: [ app_begin ] --START--
INFO: Run Behavior\ReadHtmlCacheBehavior [ RunTime:0.001000s ]
INFO: [ app_begin ] --END-- [ RunTime:0.001000s ]
NOTIC: [8] Undefined index: userInfo D:\WWW\zghnj.com\Home\Controller\IndexController.class.php 第 16 行.
NOTIC: [8] Undefined index: userInfo D:\WWW\zghnj.com\Home\Controller\IndexController.class.php 第 17 行.
ERR: 1146:Table 'hnj.hnj_seller' doesn't exist
 [ SQL语句 ] : SHOW COLUMNS FROM `hnj_seller`
ERR: 1146:Table 'hnj.hnj_seller' doesn't exist
 [ SQL语句 ] : SHOW COLUMNS FROM `hnj_seller`

[ 2017-07-31T12:00:13+08:00 ] 127.0.0.1 /
INFO: [ app_init ] --START--
INFO: Run Behavior\BuildLiteBehavior [ RunTime:0.000000s ]
INFO: [ app_init ] --END-- [ RunTime:0.001000s ]
NOTIC: [8] Use of undefined constant URL_COMPAT - assumed 'URL_COMPAT' D:\WWW\zghnj.com\ThinkPHP\Library\Think\Dispatcher.class.php 第 183 行.
NOTIC: [8] Use of undefined constant URL_REWRITE - assumed 'URL_REWRITE' D:\WWW\zghnj.com\ThinkPHP\Library\Think\Dispatcher.class.php 第 185 行.
INFO: [ app_begin ] --START--
INFO: Run Behavior\ReadHtmlCacheBehavior [ RunTime:0.001000s ]
INFO: [ app_begin ] --END-- [ RunTime:0.001000s ]
NOTIC: [8] Undefined index: userInfo D:\WWW\zghnj.com\Home\Controller\IndexController.class.php 第 16 行.
NOTIC: [8] Undefined index: userInfo D:\WWW\zghnj.com\Home\Controller\IndexController.class.php 第 17 行.
ERR: 1146:Table 'hnj.hnj_seller' doesn't exist
 [ SQL语句 ] : SHOW COLUMNS FROM `hnj_seller`
ERR: 1146:Table 'hnj.hnj_seller' doesn't exist
 [ SQL语句 ] : SHOW COLUMNS FROM `hnj_seller`

