[ 2017-07-26T09:33:37+08:00 ] 127.0.0.1 /
INFO: [ app_init ] --START--
INFO: Run Behavior\BuildLiteBehavior [ RunTime:0.000000s ]
INFO: [ app_init ] --END-- [ RunTime:0.000000s ]
NOTIC: [8] Use of undefined constant URL_COMPAT - assumed 'URL_COMPAT' D:\WWW\zghnj.com\ThinkPHP\Library\Think\Dispatcher.class.php 第 183 行.
NOTIC: [8] Use of undefined constant URL_REWRITE - assumed 'URL_REWRITE' D:\WWW\zghnj.com\ThinkPHP\Library\Think\Dispatcher.class.php 第 185 行.
INFO: [ app_begin ] --START--
INFO: Run Behavior\ReadHtmlCacheBehavior [ RunTime:0.002000s ]
INFO: [ app_begin ] --END-- [ RunTime:0.002000s ]
NOTIC: [8] Undefined index: userInfo D:\WWW\zghnj.com\Home\Controller\IndexController.class.php 第 16 行.
NOTIC: [8] Undefined index: userInfo D:\WWW\zghnj.com\Home\Controller\IndexController.class.php 第 17 行.
ERR: 1146:Table 'hnj.hnj_seller' doesn't exist
 [ SQL语句 ] : SHOW COLUMNS FROM `hnj_seller`
ERR: 1146:Table 'hnj.hnj_seller' doesn't exist
 [ SQL语句 ] : SHOW COLUMNS FROM `hnj_seller`

[ 2017-07-26T16:12:15+08:00 ] 127.0.0.1 /
INFO: [ app_init ] --START--
INFO: Run Behavior\BuildLiteBehavior [ RunTime:0.000000s ]
INFO: [ app_init ] --END-- [ RunTime:0.000000s ]
NOTIC: [8] Use of undefined constant URL_COMPAT - assumed 'URL_COMPAT' D:\WWW\zghnj.com\ThinkPHP\Library\Think\Dispatcher.class.php 第 183 行.
NOTIC: [8] Use of undefined constant URL_REWRITE - assumed 'URL_REWRITE' D:\WWW\zghnj.com\ThinkPHP\Library\Think\Dispatcher.class.php 第 185 行.
INFO: [ app_begin ] --START--
INFO: Run Behavior\ReadHtmlCacheBehavior [ RunTime:0.001001s ]
INFO: [ app_begin ] --END-- [ RunTime:0.001001s ]
NOTIC: [8] Undefined index: userInfo D:\WWW\zghnj.com\Home\Controller\IndexController.class.php 第 16 行.
NOTIC: [8] Undefined index: userInfo D:\WWW\zghnj.com\Home\Controller\IndexController.class.php 第 17 行.
ERR: 1146:Table 'hnj.hnj_seller' doesn't exist
 [ SQL语句 ] : SHOW COLUMNS FROM `hnj_seller`
ERR: 1146:Table 'hnj.hnj_seller' doesn't exist
 [ SQL语句 ] : SHOW COLUMNS FROM `hnj_seller`

[ 2017-07-26T16:12:53+08:00 ] 127.0.0.1 /
INFO: [ app_init ] --START--
INFO: Run Behavior\BuildLiteBehavior [ RunTime:0.000000s ]
INFO: [ app_init ] --END-- [ RunTime:0.000000s ]
NOTIC: [8] Use of undefined constant URL_COMPAT - assumed 'URL_COMPAT' D:\WWW\zghnj.com\ThinkPHP\Library\Think\Dispatcher.class.php 第 183 行.
NOTIC: [8] Use of undefined constant URL_REWRITE - assumed 'URL_REWRITE' D:\WWW\zghnj.com\ThinkPHP\Library\Think\Dispatcher.class.php 第 185 行.
INFO: [ app_begin ] --START--
INFO: Run Behavior\ReadHtmlCacheBehavior [ RunTime:0.001000s ]
INFO: [ app_begin ] --END-- [ RunTime:0.001000s ]
NOTIC: [8] Undefined index: userInfo D:\WWW\zghnj.com\Home\Controller\IndexController.class.php 第 16 行.
NOTIC: [8] Undefined index: userInfo D:\WWW\zghnj.com\Home\Controller\IndexController.class.php 第 17 行.
ERR: 1146:Table 'hnj.hnj_seller' doesn't exist
 [ SQL语句 ] : SHOW COLUMNS FROM `hnj_seller`
ERR: 1146:Table 'hnj.hnj_seller' doesn't exist
 [ SQL语句 ] : SHOW COLUMNS FROM `hnj_seller`

[ 2017-07-26T16:13:50+08:00 ] 127.0.0.1 /
INFO: [ app_init ] --START--
INFO: Run Behavior\BuildLiteBehavior [ RunTime:0.000000s ]
INFO: [ app_init ] --END-- [ RunTime:0.000000s ]
NOTIC: [8] Use of undefined constant URL_COMPAT - assumed 'URL_COMPAT' D:\WWW\zghnj.com\ThinkPHP\Library\Think\Dispatcher.class.php 第 183 行.
NOTIC: [8] Use of undefined constant URL_REWRITE - assumed 'URL_REWRITE' D:\WWW\zghnj.com\ThinkPHP\Library\Think\Dispatcher.class.php 第 185 行.
INFO: [ app_begin ] --START--
INFO: Run Behavior\ReadHtmlCacheBehavior [ RunTime:0.000000s ]
INFO: [ app_begin ] --END-- [ RunTime:0.000000s ]
NOTIC: [8] Undefined index: userInfo D:\WWW\zghnj.com\Home\Controller\IndexController.class.php 第 16 行.
NOTIC: [8] Undefined index: userInfo D:\WWW\zghnj.com\Home\Controller\IndexController.class.php 第 17 行.
ERR: 1146:Table 'hnj.hnj_seller' doesn't exist
 [ SQL语句 ] : SHOW COLUMNS FROM `hnj_seller`
ERR: 1146:Table 'hnj.hnj_seller' doesn't exist
 [ SQL语句 ] : SHOW COLUMNS FROM `hnj_seller`

[ 2017-07-26T16:14:40+08:00 ] 127.0.0.1 /
INFO: [ app_init ] --START--
INFO: Run Behavior\BuildLiteBehavior [ RunTime:0.000000s ]
INFO: [ app_init ] --END-- [ RunTime:0.000000s ]
NOTIC: [8] Use of undefined constant URL_COMPAT - assumed 'URL_COMPAT' D:\WWW\zghnj.com\ThinkPHP\Library\Think\Dispatcher.class.php 第 183 行.
NOTIC: [8] Use of undefined constant URL_REWRITE - assumed 'URL_REWRITE' D:\WWW\zghnj.com\ThinkPHP\Library\Think\Dispatcher.class.php 第 185 行.
INFO: [ app_begin ] --START--
INFO: Run Behavior\ReadHtmlCacheBehavior [ RunTime:0.001000s ]
INFO: [ app_begin ] --END-- [ RunTime:0.001000s ]
NOTIC: [8] Undefined index: userInfo D:\WWW\zghnj.com\Home\Controller\IndexController.class.php 第 16 行.
NOTIC: [8] Undefined index: userInfo D:\WWW\zghnj.com\Home\Controller\IndexController.class.php 第 17 行.
ERR: 1146:Table 'hnj.hnj_seller' doesn't exist
 [ SQL语句 ] : SHOW COLUMNS FROM `hnj_seller`
ERR: 1146:Table 'hnj.hnj_seller' doesn't exist
 [ SQL语句 ] : SHOW COLUMNS FROM `hnj_seller`

[ 2017-07-26T16:15:18+08:00 ] 127.0.0.1 /
INFO: [ app_init ] --START--
INFO: Run Behavior\BuildLiteBehavior [ RunTime:0.000000s ]
INFO: [ app_init ] --END-- [ RunTime:0.000000s ]
NOTIC: [8] Use of undefined constant URL_COMPAT - assumed 'URL_COMPAT' D:\WWW\zghnj.com\ThinkPHP\Library\Think\Dispatcher.class.php 第 183 行.
NOTIC: [8] Use of undefined constant URL_REWRITE - assumed 'URL_REWRITE' D:\WWW\zghnj.com\ThinkPHP\Library\Think\Dispatcher.class.php 第 185 行.
INFO: [ app_begin ] --START--
INFO: Run Behavior\ReadHtmlCacheBehavior [ RunTime:0.000000s ]
INFO: [ app_begin ] --END-- [ RunTime:0.001001s ]
NOTIC: [8] Undefined index: userInfo D:\WWW\zghnj.com\Home\Controller\IndexController.class.php 第 16 行.
NOTIC: [8] Undefined index: userInfo D:\WWW\zghnj.com\Home\Controller\IndexController.class.php 第 17 行.
ERR: 1146:Table 'hnj.hnj_seller' doesn't exist
 [ SQL语句 ] : SHOW COLUMNS FROM `hnj_seller`
ERR: 1146:Table 'hnj.hnj_seller' doesn't exist
 [ SQL语句 ] : SHOW COLUMNS FROM `hnj_seller`

[ 2017-07-26T16:16:08+08:00 ] 127.0.0.1 /
INFO: [ app_init ] --START--
INFO: Run Behavior\BuildLiteBehavior [ RunTime:0.000000s ]
INFO: [ app_init ] --END-- [ RunTime:0.000000s ]
NOTIC: [8] Use of undefined constant URL_COMPAT - assumed 'URL_COMPAT' D:\WWW\zghnj.com\ThinkPHP\Library\Think\Dispatcher.class.php 第 183 行.
NOTIC: [8] Use of undefined constant URL_REWRITE - assumed 'URL_REWRITE' D:\WWW\zghnj.com\ThinkPHP\Library\Think\Dispatcher.class.php 第 185 行.
INFO: [ app_begin ] --START--
INFO: Run Behavior\ReadHtmlCacheBehavior [ RunTime:0.001000s ]
INFO: [ app_begin ] --END-- [ RunTime:0.001000s ]
NOTIC: [8] Undefined index: userInfo D:\WWW\zghnj.com\Home\Controller\IndexController.class.php 第 16 行.
NOTIC: [8] Undefined index: userInfo D:\WWW\zghnj.com\Home\Controller\IndexController.class.php 第 17 行.
ERR: 1146:Table 'hnj.hnj_seller' doesn't exist
 [ SQL语句 ] : SHOW COLUMNS FROM `hnj_seller`
ERR: 1146:Table 'hnj.hnj_seller' doesn't exist
 [ SQL语句 ] : SHOW COLUMNS FROM `hnj_seller`

[ 2017-07-26T16:17:02+08:00 ] 127.0.0.1 /
INFO: [ app_init ] --START--
INFO: Run Behavior\BuildLiteBehavior [ RunTime:0.000000s ]
INFO: [ app_init ] --END-- [ RunTime:0.000000s ]
NOTIC: [8] Use of undefined constant URL_COMPAT - assumed 'URL_COMPAT' D:\WWW\zghnj.com\ThinkPHP\Library\Think\Dispatcher.class.php 第 183 行.
NOTIC: [8] Use of undefined constant URL_REWRITE - assumed 'URL_REWRITE' D:\WWW\zghnj.com\ThinkPHP\Library\Think\Dispatcher.class.php 第 185 行.
INFO: [ app_begin ] --START--
INFO: Run Behavior\ReadHtmlCacheBehavior [ RunTime:0.000000s ]
INFO: [ app_begin ] --END-- [ RunTime:0.000000s ]
NOTIC: [8] Undefined index: userInfo D:\WWW\zghnj.com\Home\Controller\IndexController.class.php 第 16 行.
NOTIC: [8] Undefined index: userInfo D:\WWW\zghnj.com\Home\Controller\IndexController.class.php 第 17 行.
ERR: 1146:Table 'hnj.hnj_seller' doesn't exist
 [ SQL语句 ] : SHOW COLUMNS FROM `hnj_seller`
ERR: 1146:Table 'hnj.hnj_seller' doesn't exist
 [ SQL语句 ] : SHOW COLUMNS FROM `hnj_seller`

[ 2017-07-26T16:18:09+08:00 ] 127.0.0.1 /
INFO: [ app_init ] --START--
INFO: Run Behavior\BuildLiteBehavior [ RunTime:0.000000s ]
INFO: [ app_init ] --END-- [ RunTime:0.000000s ]
NOTIC: [8] Use of undefined constant URL_COMPAT - assumed 'URL_COMPAT' D:\WWW\zghnj.com\ThinkPHP\Library\Think\Dispatcher.class.php 第 183 行.
NOTIC: [8] Use of undefined constant URL_REWRITE - assumed 'URL_REWRITE' D:\WWW\zghnj.com\ThinkPHP\Library\Think\Dispatcher.class.php 第 185 行.
INFO: [ app_begin ] --START--
INFO: Run Behavior\ReadHtmlCacheBehavior [ RunTime:0.001000s ]
INFO: [ app_begin ] --END-- [ RunTime:0.001000s ]
NOTIC: [8] Undefined index: userInfo D:\WWW\zghnj.com\Home\Controller\IndexController.class.php 第 16 行.
NOTIC: [8] Undefined index: userInfo D:\WWW\zghnj.com\Home\Controller\IndexController.class.php 第 17 行.
ERR: 1146:Table 'hnj.hnj_seller' doesn't exist
 [ SQL语句 ] : SHOW COLUMNS FROM `hnj_seller`
ERR: 1146:Table 'hnj.hnj_seller' doesn't exist
 [ SQL语句 ] : SHOW COLUMNS FROM `hnj_seller`

[ 2017-07-26T16:20:19+08:00 ] 127.0.0.1 /
INFO: [ app_init ] --START--
INFO: Run Behavior\BuildLiteBehavior [ RunTime:0.000000s ]
INFO: [ app_init ] --END-- [ RunTime:0.000000s ]
NOTIC: [8] Use of undefined constant URL_COMPAT - assumed 'URL_COMPAT' D:\WWW\zghnj.com\ThinkPHP\Library\Think\Dispatcher.class.php 第 183 行.
NOTIC: [8] Use of undefined constant URL_REWRITE - assumed 'URL_REWRITE' D:\WWW\zghnj.com\ThinkPHP\Library\Think\Dispatcher.class.php 第 185 行.
INFO: [ app_begin ] --START--
INFO: Run Behavior\ReadHtmlCacheBehavior [ RunTime:0.001000s ]
INFO: [ app_begin ] --END-- [ RunTime:0.001000s ]
NOTIC: [8] Undefined index: userInfo D:\WWW\zghnj.com\Home\Controller\IndexController.class.php 第 16 行.
NOTIC: [8] Undefined index: userInfo D:\WWW\zghnj.com\Home\Controller\IndexController.class.php 第 17 行.
ERR: 1146:Table 'hnj.hnj_seller' doesn't exist
 [ SQL语句 ] : SHOW COLUMNS FROM `hnj_seller`
ERR: 1146:Table 'hnj.hnj_seller' doesn't exist
 [ SQL语句 ] : SHOW COLUMNS FROM `hnj_seller`

[ 2017-07-26T16:22:03+08:00 ] 127.0.0.1 /
INFO: [ app_init ] --START--
INFO: Run Behavior\BuildLiteBehavior [ RunTime:0.000000s ]
INFO: [ app_init ] --END-- [ RunTime:0.000000s ]
NOTIC: [8] Use of undefined constant URL_COMPAT - assumed 'URL_COMPAT' D:\WWW\zghnj.com\ThinkPHP\Library\Think\Dispatcher.class.php 第 183 行.
NOTIC: [8] Use of undefined constant URL_REWRITE - assumed 'URL_REWRITE' D:\WWW\zghnj.com\ThinkPHP\Library\Think\Dispatcher.class.php 第 185 行.
INFO: [ app_begin ] --START--
INFO: Run Behavior\ReadHtmlCacheBehavior [ RunTime:0.001000s ]
INFO: [ app_begin ] --END-- [ RunTime:0.001000s ]
NOTIC: [8] Undefined index: userInfo D:\WWW\zghnj.com\Home\Controller\IndexController.class.php 第 16 行.
NOTIC: [8] Undefined index: userInfo D:\WWW\zghnj.com\Home\Controller\IndexController.class.php 第 17 行.
ERR: 1146:Table 'hnj.hnj_seller' doesn't exist
 [ SQL语句 ] : SHOW COLUMNS FROM `hnj_seller`
ERR: 1146:Table 'hnj.hnj_seller' doesn't exist
 [ SQL语句 ] : SHOW COLUMNS FROM `hnj_seller`

[ 2017-07-26T16:27:27+08:00 ] 127.0.0.1 /
INFO: [ app_init ] --START--
INFO: Run Behavior\BuildLiteBehavior [ RunTime:0.000000s ]
INFO: [ app_init ] --END-- [ RunTime:0.000000s ]
NOTIC: [8] Use of undefined constant URL_COMPAT - assumed 'URL_COMPAT' D:\WWW\zghnj.com\ThinkPHP\Library\Think\Dispatcher.class.php 第 183 行.
NOTIC: [8] Use of undefined constant URL_REWRITE - assumed 'URL_REWRITE' D:\WWW\zghnj.com\ThinkPHP\Library\Think\Dispatcher.class.php 第 185 行.
INFO: [ app_begin ] --START--
INFO: Run Behavior\ReadHtmlCacheBehavior [ RunTime:0.002000s ]
INFO: [ app_begin ] --END-- [ RunTime:0.002000s ]
NOTIC: [8] Undefined index: userInfo D:\WWW\zghnj.com\Home\Controller\IndexController.class.php 第 16 行.
NOTIC: [8] Undefined index: userInfo D:\WWW\zghnj.com\Home\Controller\IndexController.class.php 第 17 行.
ERR: 1146:Table 'hnj.hnj_seller' doesn't exist
 [ SQL语句 ] : SHOW COLUMNS FROM `hnj_seller`
ERR: 1146:Table 'hnj.hnj_seller' doesn't exist
 [ SQL语句 ] : SHOW COLUMNS FROM `hnj_seller`

[ 2017-07-26T16:27:47+08:00 ] 127.0.0.1 /
INFO: [ app_init ] --START--
INFO: Run Behavior\BuildLiteBehavior [ RunTime:0.000000s ]
INFO: [ app_init ] --END-- [ RunTime:0.000000s ]
NOTIC: [8] Use of undefined constant URL_COMPAT - assumed 'URL_COMPAT' D:\WWW\zghnj.com\ThinkPHP\Library\Think\Dispatcher.class.php 第 183 行.
NOTIC: [8] Use of undefined constant URL_REWRITE - assumed 'URL_REWRITE' D:\WWW\zghnj.com\ThinkPHP\Library\Think\Dispatcher.class.php 第 185 行.
INFO: [ app_begin ] --START--
INFO: Run Behavior\ReadHtmlCacheBehavior [ RunTime:0.001000s ]
INFO: [ app_begin ] --END-- [ RunTime:0.001000s ]
NOTIC: [8] Undefined index: userInfo D:\WWW\zghnj.com\Home\Controller\IndexController.class.php 第 16 行.
NOTIC: [8] Undefined index: userInfo D:\WWW\zghnj.com\Home\Controller\IndexController.class.php 第 17 行.
ERR: 1146:Table 'hnj.hnj_seller' doesn't exist
 [ SQL语句 ] : SHOW COLUMNS FROM `hnj_seller`
ERR: 1146:Table 'hnj.hnj_seller' doesn't exist
 [ SQL语句 ] : SHOW COLUMNS FROM `hnj_seller`

[ 2017-07-26T16:28:08+08:00 ] 127.0.0.1 /
INFO: [ app_init ] --START--
INFO: Run Behavior\BuildLiteBehavior [ RunTime:0.000000s ]
INFO: [ app_init ] --END-- [ RunTime:0.000000s ]
NOTIC: [8] Use of undefined constant URL_COMPAT - assumed 'URL_COMPAT' D:\WWW\zghnj.com\ThinkPHP\Library\Think\Dispatcher.class.php 第 183 行.
NOTIC: [8] Use of undefined constant URL_REWRITE - assumed 'URL_REWRITE' D:\WWW\zghnj.com\ThinkPHP\Library\Think\Dispatcher.class.php 第 185 行.
INFO: [ app_begin ] --START--
INFO: Run Behavior\ReadHtmlCacheBehavior [ RunTime:0.000000s ]
INFO: [ app_begin ] --END-- [ RunTime:0.000000s ]
NOTIC: [8] Undefined index: userInfo D:\WWW\zghnj.com\Home\Controller\IndexController.class.php 第 16 行.
NOTIC: [8] Undefined index: userInfo D:\WWW\zghnj.com\Home\Controller\IndexController.class.php 第 17 行.
ERR: 1146:Table 'hnj.hnj_seller' doesn't exist
 [ SQL语句 ] : SHOW COLUMNS FROM `hnj_seller`
ERR: 1146:Table 'hnj.hnj_seller' doesn't exist
 [ SQL语句 ] : SHOW COLUMNS FROM `hnj_seller`

[ 2017-07-26T16:29:13+08:00 ] 127.0.0.1 /
INFO: [ app_init ] --START--
INFO: Run Behavior\BuildLiteBehavior [ RunTime:0.000000s ]
INFO: [ app_init ] --END-- [ RunTime:0.000000s ]
NOTIC: [8] Use of undefined constant URL_COMPAT - assumed 'URL_COMPAT' D:\WWW\zghnj.com\ThinkPHP\Library\Think\Dispatcher.class.php 第 183 行.
NOTIC: [8] Use of undefined constant URL_REWRITE - assumed 'URL_REWRITE' D:\WWW\zghnj.com\ThinkPHP\Library\Think\Dispatcher.class.php 第 185 行.
INFO: [ app_begin ] --START--
INFO: Run Behavior\ReadHtmlCacheBehavior [ RunTime:0.001000s ]
INFO: [ app_begin ] --END-- [ RunTime:0.001000s ]
NOTIC: [8] Undefined index: userInfo D:\WWW\zghnj.com\Home\Controller\IndexController.class.php 第 16 行.
NOTIC: [8] Undefined index: userInfo D:\WWW\zghnj.com\Home\Controller\IndexController.class.php 第 17 行.
ERR: 1146:Table 'hnj.hnj_seller' doesn't exist
 [ SQL语句 ] : SHOW COLUMNS FROM `hnj_seller`
ERR: 1146:Table 'hnj.hnj_seller' doesn't exist
 [ SQL语句 ] : SHOW COLUMNS FROM `hnj_seller`

