[ 2016-08-06T00:16:11+08:00 ] 66.249.64.190 /index.php/index/content/id/94/pid/88.html
INFO: [ app_init ] --START--
INFO: Run Behavior\BuildLiteBehavior [ RunTime:0.000013s ]
INFO: [ app_init ] --END-- [ RunTime:0.000086s ]
ERR: 无法加载模块:Index

[ 2016-08-06T00:44:21+08:00 ] 66.249.64.186 /index.php/index/content/id/106/pid/92.html
INFO: [ app_init ] --START--
INFO: Run Behavior\BuildLiteBehavior [ RunTime:0.000017s ]
INFO: [ app_init ] --END-- [ RunTime:0.000135s ]
ERR: 无法加载模块:Index

[ 2016-08-06T00:59:58+08:00 ] 66.249.64.190 /index.php/index/content/id/91.html
INFO: [ app_init ] --START--
INFO: Run Behavior\BuildLiteBehavior [ RunTime:0.000012s ]
INFO: [ app_init ] --END-- [ RunTime:0.000085s ]
ERR: 无法加载模块:Index

[ 2016-08-06T01:12:18+08:00 ] 220.181.108.152 /index.php/index/content/id/93/pid/88.html
INFO: [ app_init ] --START--
INFO: Run Behavior\BuildLiteBehavior [ RunTime:0.000013s ]
INFO: [ app_init ] --END-- [ RunTime:0.000085s ]
ERR: 无法加载模块:Index

[ 2016-08-06T01:42:51+08:00 ] 66.249.64.186 /index.php/index/content/id/105/pid/92.html
INFO: [ app_init ] --START--
INFO: Run Behavior\BuildLiteBehavior [ RunTime:0.000017s ]
INFO: [ app_init ] --END-- [ RunTime:0.000129s ]
ERR: 无法加载模块:Index

[ 2016-08-06T05:09:37+08:00 ] 51.255.65.79 /index.php/index/content/id/103/pid/89.html
INFO: [ app_init ] --START--
INFO: Run Behavior\BuildLiteBehavior [ RunTime:0.000013s ]
INFO: [ app_init ] --END-- [ RunTime:0.000085s ]
ERR: 无法加载模块:Index

[ 2016-08-06T09:16:55+08:00 ] 36.110.147.80 /index.php/index/content/id/96/pid/88.html
INFO: [ app_init ] --START--
INFO: Run Behavior\BuildLiteBehavior [ RunTime:0.000014s ]
INFO: [ app_init ] --END-- [ RunTime:0.000089s ]
ERR: 无法加载模块:Index

[ 2016-08-06T10:29:47+08:00 ] 182.118.20.214 /index.php/index/content/id/105/pid/92.html
INFO: [ app_init ] --START--
INFO: Run Behavior\BuildLiteBehavior [ RunTime:0.000013s ]
INFO: [ app_init ] --END-- [ RunTime:0.000086s ]
ERR: 无法加载模块:Index

[ 2016-08-06T10:33:08+08:00 ] 182.118.22.213 /index.php/index/content/id/116/type/90.html
INFO: [ app_init ] --START--
INFO: Run Behavior\BuildLiteBehavior [ RunTime:0.000013s ]
INFO: [ app_init ] --END-- [ RunTime:0.000087s ]
ERR: 无法加载模块:Index

[ 2016-08-06T12:07:06+08:00 ] 136.243.152.18 /index.php/index/content/id/103/pid/89.html
INFO: [ app_init ] --START--
INFO: Run Behavior\BuildLiteBehavior [ RunTime:0.000018s ]
INFO: [ app_init ] --END-- [ RunTime:0.000120s ]
ERR: 无法加载模块:Index

[ 2016-08-06T12:07:12+08:00 ] 136.243.152.18 /index.php/index/content/id/114/type/90.html
INFO: [ app_init ] --START--
INFO: Run Behavior\BuildLiteBehavior [ RunTime:0.000013s ]
INFO: [ app_init ] --END-- [ RunTime:0.000090s ]
ERR: 无法加载模块:Index

[ 2016-08-06T12:07:14+08:00 ] 136.243.152.18 /index.php/index/content/id/115/type/90.html
INFO: [ app_init ] --START--
INFO: Run Behavior\BuildLiteBehavior [ RunTime:0.000013s ]
INFO: [ app_init ] --END-- [ RunTime:0.000087s ]
ERR: 无法加载模块:Index

[ 2016-08-06T12:07:16+08:00 ] 136.243.152.18 /index.php/index/content/id/91.html
INFO: [ app_init ] --START--
INFO: Run Behavior\BuildLiteBehavior [ RunTime:0.000012s ]
INFO: [ app_init ] --END-- [ RunTime:0.000080s ]
ERR: 无法加载模块:Index

[ 2016-08-06T13:53:19+08:00 ] 61.135.189.113 /index.php?m=Article&a=show&id=2
INFO: [ app_init ] --START--
INFO: Run Behavior\BuildLiteBehavior [ RunTime:0.000012s ]
INFO: [ app_init ] --END-- [ RunTime:0.000084s ]
ERR: 无法加载模块:Article

[ 2016-08-06T13:53:29+08:00 ] 61.135.189.113 /index.php/index/content/id/95/pid/88.html
INFO: [ app_init ] --START--
INFO: Run Behavior\BuildLiteBehavior [ RunTime:0.000013s ]
INFO: [ app_init ] --END-- [ RunTime:0.000089s ]
ERR: 无法加载模块:Index

[ 2016-08-06T14:01:02+08:00 ] 220.181.108.186 /index.php?m=Page&a=index&id=6
INFO: [ app_init ] --START--
INFO: Run Behavior\BuildLiteBehavior [ RunTime:0.000013s ]
INFO: [ app_init ] --END-- [ RunTime:0.000086s ]
ERR: 无法加载模块:Page

[ 2016-08-06T16:22:15+08:00 ] 66.249.64.178 /index.php?m=Message&a=index&id=4
INFO: [ app_init ] --START--
INFO: Run Behavior\BuildLiteBehavior [ RunTime:0.000013s ]
INFO: [ app_init ] --END-- [ RunTime:0.000087s ]
ERR: 无法加载模块:Message

[ 2016-08-06T18:14:19+08:00 ] 66.249.64.188 /index.php/index/content/id/100/pid/89.html
INFO: [ app_init ] --START--
INFO: Run Behavior\BuildLiteBehavior [ RunTime:0.000013s ]
INFO: [ app_init ] --END-- [ RunTime:0.000085s ]
ERR: 无法加载模块:Index

