[ 2016-08-09T06:38:27+08:00 ] 66.249.79.132 /index.php?m=Page&a=index&id=20
INFO: [ app_init ] --START--
INFO: Run Behavior\BuildLiteBehavior [ RunTime:0.000012s ]
INFO: [ app_init ] --END-- [ RunTime:0.000086s ]
ERR: 无法加载模块:Page

[ 2016-08-09T07:07:10+08:00 ] 68.180.230.179 /index.php/index/content/id/102/pid/89.html
INFO: [ app_init ] --START--
INFO: Run Behavior\BuildLiteBehavior [ RunTime:0.000012s ]
INFO: [ app_init ] --END-- [ RunTime:0.000089s ]
ERR: 无法加载模块:Index

[ 2016-08-09T08:44:12+08:00 ] 101.226.169.214 /index.php/index/content/id/107/pid/89.html
INFO: [ app_init ] --START--
INFO: Run Behavior\BuildLiteBehavior [ RunTime:0.000012s ]
INFO: [ app_init ] --END-- [ RunTime:0.000085s ]
ERR: 无法加载模块:Index

[ 2016-08-09T09:07:07+08:00 ] 182.118.20.211 /index.php/index/content/id/116/type/90.html
INFO: [ app_init ] --START--
INFO: Run Behavior\BuildLiteBehavior [ RunTime:0.000013s ]
INFO: [ app_init ] --END-- [ RunTime:0.000093s ]
ERR: 无法加载模块:Index

[ 2016-08-09T10:24:39+08:00 ] 182.118.20.203 /index.php/index/content/id/116/type/90.html
ERR: 无法加载模块:Index

[ 2016-08-09T10:34:38+08:00 ] 64.187.236.146 /index.php?m=Message&a=index&id=4
ERR: 无法加载模块:Message

[ 2016-08-09T13:57:59+08:00 ] 42.156.139.58 /index.php/index/lists2/id/90.html
INFO: [ app_init ] --START--
INFO: Run Behavior\BuildLiteBehavior [ RunTime:0.000014s ]
INFO: [ app_init ] --END-- [ RunTime:0.000088s ]
ERR: 无法加载模块:Index

[ 2016-08-09T14:30:10+08:00 ] 208.43.225.84 /index.php/index/lists2/id/90.html
INFO: [ app_init ] --START--
INFO: Run Behavior\BuildLiteBehavior [ RunTime:0.000013s ]
INFO: [ app_init ] --END-- [ RunTime:0.000086s ]
ERR: 无法加载模块:Index

[ 2016-08-09T14:30:15+08:00 ] 208.43.225.84 /index.php/index/content/id/99/pid/89.html
INFO: [ app_init ] --START--
INFO: Run Behavior\BuildLiteBehavior [ RunTime:0.000012s ]
INFO: [ app_init ] --END-- [ RunTime:0.000079s ]
ERR: 无法加载模块:Index

[ 2016-08-09T14:30:20+08:00 ] 208.43.225.84 /index.php/index/content/id/98/pid/89.html
INFO: [ app_init ] --START--
INFO: Run Behavior\BuildLiteBehavior [ RunTime:0.000012s ]
INFO: [ app_init ] --END-- [ RunTime:0.000086s ]
ERR: 无法加载模块:Index

