[ 2016-08-08T00:14:35+08:00 ] 144.76.29.66 /index.php/index/content/id/103/pid/89.html
INFO: [ app_init ] --START--
INFO: Run Behavior\BuildLiteBehavior [ RunTime:0.000013s ]
INFO: [ app_init ] --END-- [ RunTime:0.000086s ]
ERR: 无法加载模块:Index

[ 2016-08-08T00:14:37+08:00 ] 144.76.29.66 /index.php/index/content/id/116/type/90.html
INFO: [ app_init ] --START--
INFO: Run Behavior\BuildLiteBehavior [ RunTime:0.000012s ]
INFO: [ app_init ] --END-- [ RunTime:0.000079s ]
ERR: 无法加载模块:Index

[ 2016-08-08T00:14:43+08:00 ] 144.76.29.66 /index.php/index/content/id/116/type/90.html
INFO: [ app_init ] --START--
INFO: Run Behavior\BuildLiteBehavior [ RunTime:0.000013s ]
INFO: [ app_init ] --END-- [ RunTime:0.000088s ]
ERR: 无法加载模块:Index

[ 2016-08-08T00:56:14+08:00 ] 42.156.139.58 /index.php/index/content/id/104/pid/92.html
INFO: [ app_init ] --START--
INFO: Run Behavior\BuildLiteBehavior [ RunTime:0.000013s ]
INFO: [ app_init ] --END-- [ RunTime:0.000086s ]
ERR: 无法加载模块:Index

[ 2016-08-08T02:10:26+08:00 ] 61.135.189.113 /index.php/index/content/id/106/pid/92.html
INFO: [ app_init ] --START--
INFO: Run Behavior\BuildLiteBehavior [ RunTime:0.000017s ]
INFO: [ app_init ] --END-- [ RunTime:0.000124s ]
ERR: 无法加载模块:Index

[ 2016-08-08T02:10:36+08:00 ] 61.135.189.113 /index.php?m=Article&a=show&id=9
INFO: [ app_init ] --START--
INFO: Run Behavior\BuildLiteBehavior [ RunTime:0.000013s ]
INFO: [ app_init ] --END-- [ RunTime:0.000087s ]
ERR: 无法加载模块:Article

[ 2016-08-08T02:25:52+08:00 ] 5.9.85.4 /index.php/index/content/id/102/pid/89.html
INFO: [ app_init ] --START--
INFO: Run Behavior\BuildLiteBehavior [ RunTime:0.000014s ]
INFO: [ app_init ] --END-- [ RunTime:0.000086s ]
ERR: 无法加载模块:Index

[ 2016-08-08T02:25:54+08:00 ] 5.9.85.4 /index.php?m=Article&a=index&id=14
INFO: [ app_init ] --START--
INFO: Run Behavior\BuildLiteBehavior [ RunTime:0.000012s ]
INFO: [ app_init ] --END-- [ RunTime:0.000081s ]
ERR: 无法加载模块:Article

[ 2016-08-08T02:25:56+08:00 ] 5.9.85.4 /index.php?m=Article&a=index&id=3
INFO: [ app_init ] --START--
INFO: Run Behavior\BuildLiteBehavior [ RunTime:0.000013s ]
INFO: [ app_init ] --END-- [ RunTime:0.000087s ]
ERR: 无法加载模块:Article

[ 2016-08-08T02:25:57+08:00 ] 5.9.85.4 /index.php?m=Message&a=index&id=4
INFO: [ app_init ] --START--
INFO: Run Behavior\BuildLiteBehavior [ RunTime:0.000013s ]
INFO: [ app_init ] --END-- [ RunTime:0.000082s ]
ERR: 无法加载模块:Message

[ 2016-08-08T03:18:04+08:00 ] 220.181.108.115 /index.php?m=Page&a=index&id=6
INFO: [ app_init ] --START--
INFO: Run Behavior\BuildLiteBehavior [ RunTime:0.000012s ]
INFO: [ app_init ] --END-- [ RunTime:0.000087s ]
ERR: 无法加载模块:Page

[ 2016-08-08T03:40:53+08:00 ] 51.255.51.7 /index.php/index/content/id/100/pid/89.html
INFO: [ app_init ] --START--
INFO: Run Behavior\BuildLiteBehavior [ RunTime:0.000013s ]
INFO: [ app_init ] --END-- [ RunTime:0.000086s ]
ERR: 无法加载模块:Index

[ 2016-08-08T03:40:56+08:00 ] 51.255.51.7 /index.php/index/content/id/93/pid/88.html
INFO: [ app_init ] --START--
INFO: Run Behavior\BuildLiteBehavior [ RunTime:0.000012s ]
INFO: [ app_init ] --END-- [ RunTime:0.000086s ]
ERR: 无法加载模块:Index

[ 2016-08-08T03:40:59+08:00 ] 51.255.51.7 /index.php/index/content/id/94/pid/88.html
INFO: [ app_init ] --START--
INFO: Run Behavior\BuildLiteBehavior [ RunTime:0.000014s ]
INFO: [ app_init ] --END-- [ RunTime:0.000086s ]
ERR: 无法加载模块:Index

[ 2016-08-08T03:41:01+08:00 ] 51.255.51.7 /index.php/index/content/id/97/pid/89.html
INFO: [ app_init ] --START--
INFO: Run Behavior\BuildLiteBehavior [ RunTime:0.000012s ]
INFO: [ app_init ] --END-- [ RunTime:0.000080s ]
ERR: 无法加载模块:Index

[ 2016-08-08T03:41:05+08:00 ] 51.255.51.7 /index.php/index/content/id/98/pid/89.html
INFO: [ app_init ] --START--
INFO: Run Behavior\BuildLiteBehavior [ RunTime:0.000013s ]
INFO: [ app_init ] --END-- [ RunTime:0.000086s ]
ERR: 无法加载模块:Index

[ 2016-08-08T06:00:05+08:00 ] 66.249.79.177 /index.php/index/content/id/103/pid/89.html
INFO: [ app_init ] --START--
INFO: Run Behavior\BuildLiteBehavior [ RunTime:0.000013s ]
INFO: [ app_init ] --END-- [ RunTime:0.000088s ]
ERR: 无法加载模块:Index

[ 2016-08-08T08:06:30+08:00 ] 82.193.127.15 /index.php/index/content/id/100/pid/89.html
INFO: [ app_init ] --START--
INFO: Run Behavior\BuildLiteBehavior [ RunTime:0.000013s ]
INFO: [ app_init ] --END-- [ RunTime:0.000089s ]
ERR: 无法加载模块:Index

[ 2016-08-08T08:06:34+08:00 ] 82.193.127.15 /index.php?m=Article&a=show&id=3
INFO: [ app_init ] --START--
INFO: Run Behavior\BuildLiteBehavior [ RunTime:0.000015s ]
INFO: [ app_init ] --END-- [ RunTime:0.000088s ]
ERR: 无法加载模块:Article

[ 2016-08-08T08:07:07+08:00 ] 82.193.127.15 /index.php?m=Article&a=show&id=4
INFO: [ app_init ] --START--
INFO: Run Behavior\BuildLiteBehavior [ RunTime:0.000012s ]
INFO: [ app_init ] --END-- [ RunTime:0.000091s ]
ERR: 无法加载模块:Article

[ 2016-08-08T09:56:36+08:00 ] 42.156.139.58 /index.php/index/content/id/101/pid/89.html
INFO: [ app_init ] --START--
INFO: Run Behavior\BuildLiteBehavior [ RunTime:0.000014s ]
INFO: [ app_init ] --END-- [ RunTime:0.000089s ]
ERR: 无法加载模块:Index

[ 2016-08-08T10:18:44+08:00 ] 66.249.79.183 /index.php/index/content/id/94/pid/88.html
INFO: [ app_init ] --START--
INFO: Run Behavior\BuildLiteBehavior [ RunTime:0.000013s ]
INFO: [ app_init ] --END-- [ RunTime:0.000085s ]
ERR: 无法加载模块:Index

[ 2016-08-08T10:36:36+08:00 ] 42.156.139.58 /index.php/index/content/id/102/pid/89.html
INFO: [ app_init ] --START--
INFO: Run Behavior\BuildLiteBehavior [ RunTime:0.000014s ]
INFO: [ app_init ] --END-- [ RunTime:0.000091s ]
ERR: 无法加载模块:Index

[ 2016-08-08T11:57:31+08:00 ] 80.91.162.98 /index.php/index/content/id/107/pid/89.html
INFO: [ app_init ] --START--
INFO: Run Behavior\BuildLiteBehavior [ RunTime:0.000013s ]
INFO: [ app_init ] --END-- [ RunTime:0.000087s ]
ERR: 无法加载模块:Index

[ 2016-08-08T11:57:35+08:00 ] 80.91.162.98 /index.php/index/content/id/120/type/90.html
INFO: [ app_init ] --START--
INFO: Run Behavior\BuildLiteBehavior [ RunTime:0.000012s ]
INFO: [ app_init ] --END-- [ RunTime:0.000083s ]
ERR: 无法加载模块:Index

[ 2016-08-08T11:57:40+08:00 ] 80.91.162.98 /index.php/index/content/id/122/type/90.html
INFO: [ app_init ] --START--
INFO: Run Behavior\BuildLiteBehavior [ RunTime:0.000013s ]
INFO: [ app_init ] --END-- [ RunTime:0.000085s ]
ERR: 无法加载模块:Index

[ 2016-08-08T11:58:18+08:00 ] 80.91.162.98 /index.php/index/content/id/107/pid/89.html
INFO: [ app_init ] --START--
INFO: Run Behavior\BuildLiteBehavior [ RunTime:0.000013s ]
INFO: [ app_init ] --END-- [ RunTime:0.000091s ]
ERR: 无法加载模块:Index

[ 2016-08-08T11:58:26+08:00 ] 80.91.162.98 /index.php/index/content/id/120/type/90.html
INFO: [ app_init ] --START--
INFO: Run Behavior\BuildLiteBehavior [ RunTime:0.000012s ]
INFO: [ app_init ] --END-- [ RunTime:0.000078s ]
ERR: 无法加载模块:Index

[ 2016-08-08T12:47:05+08:00 ] 66.249.79.177 /index.php/index/content/id/100/pid/89.html
INFO: [ app_init ] --START--
INFO: Run Behavior\BuildLiteBehavior [ RunTime:0.000013s ]
INFO: [ app_init ] --END-- [ RunTime:0.000087s ]
ERR: 无法加载模块:Index

[ 2016-08-08T16:38:39+08:00 ] 183.57.153.157 /index.php/index/content/id/104/pid/92.html
INFO: [ app_init ] --START--
INFO: Run Behavior\BuildLiteBehavior [ RunTime:0.000012s ]
INFO: [ app_init ] --END-- [ RunTime:0.000080s ]
ERR: 无法加载模块:Index

[ 2016-08-08T16:49:05+08:00 ] 66.249.79.183 /index.php/index/content/id/105/pid/92.html
INFO: [ app_init ] --START--
INFO: Run Behavior\BuildLiteBehavior [ RunTime:0.000016s ]
INFO: [ app_init ] --END-- [ RunTime:0.000137s ]
ERR: 无法加载模块:Index

[ 2016-08-08T17:41:21+08:00 ] 66.249.79.183 /index.php/index/content/id/91.html
INFO: [ app_init ] --START--
INFO: Run Behavior\BuildLiteBehavior [ RunTime:0.000013s ]
INFO: [ app_init ] --END-- [ RunTime:0.000086s ]
ERR: 无法加载模块:Index

[ 2016-08-08T17:54:36+08:00 ] 66.249.79.180 /index.php/index/content/id/106/pid/92.html
INFO: [ app_init ] --START--
INFO: Run Behavior\BuildLiteBehavior [ RunTime:0.000016s ]
INFO: [ app_init ] --END-- [ RunTime:0.000105s ]
ERR: 无法加载模块:Index

[ 2016-08-08T18:09:16+08:00 ] 66.249.79.177 /index.php/index/content/id/94/pid/88.html
INFO: [ app_init ] --START--
INFO: Run Behavior\BuildLiteBehavior [ RunTime:0.000012s ]
INFO: [ app_init ] --END-- [ RunTime:0.000087s ]
ERR: 无法加载模块:Index

[ 2016-08-08T19:35:38+08:00 ] 183.57.153.249 /index.php/index/content/id/104/pid/92.html
INFO: [ app_init ] --START--
INFO: Run Behavior\BuildLiteBehavior [ RunTime:0.000013s ]
INFO: [ app_init ] --END-- [ RunTime:0.000090s ]
ERR: 无法加载模块:Index

[ 2016-08-08T20:54:57+08:00 ] 42.156.139.58 /index.php/index/content/id/94/pid/88.html
INFO: [ app_init ] --START--
INFO: Run Behavior\BuildLiteBehavior [ RunTime:0.000013s ]
INFO: [ app_init ] --END-- [ RunTime:0.000088s ]
ERR: 无法加载模块:Index

[ 2016-08-08T22:15:52+08:00 ] 61.135.189.113 /index.php/index/content/id/97/pid/89.html
INFO: [ app_init ] --START--
INFO: Run Behavior\BuildLiteBehavior [ RunTime:0.000013s ]
INFO: [ app_init ] --END-- [ RunTime:0.000086s ]
ERR: 无法加载模块:Index

[ 2016-08-08T22:16:02+08:00 ] 61.135.189.113 /index.php?m=Article&a=show&id=4
INFO: [ app_init ] --START--
INFO: Run Behavior\BuildLiteBehavior [ RunTime:0.000021s ]
INFO: [ app_init ] --END-- [ RunTime:0.000153s ]
ERR: 无法加载模块:Article

[ 2016-08-08T22:34:38+08:00 ] 178.255.215.72 /index.php/index/content/id/98/pid/89.html
INFO: [ app_init ] --START--
INFO: Run Behavior\BuildLiteBehavior [ RunTime:0.000013s ]
INFO: [ app_init ] --END-- [ RunTime:0.000087s ]
ERR: 无法加载模块:Index

