[ 2017-02-28T10:22:40+08:00 ] 111.161.57.49 /index.php/Famous/detail/sland_id/62?from=singlemessage
INFO: [ app_init ] --START--
INFO: Run Behavior\BuildLiteBehavior [ RunTime:0.000020s ]
INFO: [ app_init ] --END-- [ RunTime:0.000083s ]
ERR: 无法加载模块:Famous

[ 2017-02-28T10:22:50+08:00 ] 61.151.218.118 /index.php/Famous/detail/sland_id/62?from=singlemessage
INFO: [ app_init ] --START--
INFO: Run Behavior\BuildLiteBehavior [ RunTime:0.000022s ]
INFO: [ app_init ] --END-- [ RunTime:0.000101s ]
ERR: 无法加载模块:Famous

[ 2017-02-28T10:22:50+08:00 ] 180.163.2.118 /index.php/Famous/detail/sland_id/62?from=singlemessage
INFO: [ app_init ] --START--
INFO: Run Behavior\BuildLiteBehavior [ RunTime:0.000020s ]
INFO: [ app_init ] --END-- [ RunTime:0.000082s ]
ERR: 无法加载模块:Famous

[ 2017-02-28T10:23:20+08:00 ] 101.226.68.200 /index.php/Famous/detail/sland_id/62?from=singlemessage
INFO: [ app_init ] --START--
INFO: Run Behavior\BuildLiteBehavior [ RunTime:0.000028s ]
INFO: [ app_init ] --END-- [ RunTime:0.000124s ]
ERR: 无法加载模块:Famous

