[ 2016-07-14T18:53:45+08:00 ] 60.206.230.122 /
INFO: [ app_init ] --START--
INFO: Run Behavior\BuildLiteBehavior [ RunTime:0.000000s ]
INFO: [ app_init ] --END-- [ RunTime:0.000000s ]
INFO: [ app_begin ] --START--
INFO: Run Behavior\ReadHtmlCacheBehavior [ RunTime:0.015625s ]
INFO: [ app_begin ] --END-- [ RunTime:0.015625s ]
SQL: SHOW COLUMNS FROM `lh_ad` [ RunTime:0.0000s ]
ERR: 1054:Unknown column 'col_id' in 'where clause'
 [ SQL语句 ] : SELECT * FROM `lh_ad` WHERE ( col_id=27 ) LIMIT 0,4  
ERR: 1054:Unknown column 'col_id' in 'where clause'
 [ SQL语句 ] : SELECT * FROM `lh_ad` WHERE ( col_id=27 ) LIMIT 0,4  

[ 2016-07-14T18:54:18+08:00 ] 60.206.230.122 /
INFO: [ app_init ] --START--
INFO: Run Behavior\BuildLiteBehavior [ RunTime:0.000000s ]
INFO: [ app_init ] --END-- [ RunTime:0.000000s ]
INFO: [ app_begin ] --START--
INFO: Run Behavior\ReadHtmlCacheBehavior [ RunTime:0.000000s ]
INFO: [ app_begin ] --END-- [ RunTime:0.000000s ]
SQL: SHOW COLUMNS FROM `lh_ad` [ RunTime:0.0156s ]
SQL: SELECT * FROM `lh_ad` WHERE ( col_id=27 ) LIMIT 0,4   [ RunTime:0.0000s ]
SQL: SELECT * FROM `lh_ad` WHERE ( col_id=28 ) LIMIT 0,3   [ RunTime:0.0000s ]
SQL: SHOW COLUMNS FROM `lh_service` [ RunTime:0.0156s ]
SQL: SELECT * FROM `lh_service` ORDER BY service_id LIMIT 1,6   [ RunTime:0.0000s ]
SQL: SELECT * FROM `lh_service` ORDER BY service_id LIMIT 6,3   [ RunTime:0.0000s ]
INFO: [ view_parse ] --START--
INFO: [ template_filter ] --START--
INFO: Run Behavior\ContentReplaceBehavior [ RunTime:0.000000s ]
INFO: [ template_filter ] --END-- [ RunTime:0.000000s ]
NOTIC: [8] Use of undefined constant Index - assumed 'Index' E:\web\demo.ew9t.cn\lehu\web\Runtime\Cache\Home\61c79409ce17c2a83f7aeec0601b7864.php 第 33 行.
NOTIC: [8] Use of undefined constant About - assumed 'About' E:\web\demo.ew9t.cn\lehu\web\Runtime\Cache\Home\61c79409ce17c2a83f7aeec0601b7864.php 第 34 行.
NOTIC: [8] Use of undefined constant News - assumed 'News' E:\web\demo.ew9t.cn\lehu\web\Runtime\Cache\Home\61c79409ce17c2a83f7aeec0601b7864.php 第 34 行.
NOTIC: [8] Use of undefined constant Trailer - assumed 'Trailer' E:\web\demo.ew9t.cn\lehu\web\Runtime\Cache\Home\61c79409ce17c2a83f7aeec0601b7864.php 第 34 行.
NOTIC: [8] Use of undefined constant Service - assumed 'Service' E:\web\demo.ew9t.cn\lehu\web\Runtime\Cache\Home\61c79409ce17c2a83f7aeec0601b7864.php 第 37 行.
NOTIC: [8] Use of undefined constant Train - assumed 'Train' E:\web\demo.ew9t.cn\lehu\web\Runtime\Cache\Home\61c79409ce17c2a83f7aeec0601b7864.php 第 38 行.
NOTIC: [8] Use of undefined constant Medical - assumed 'Medical' E:\web\demo.ew9t.cn\lehu\web\Runtime\Cache\Home\61c79409ce17c2a83f7aeec0601b7864.php 第 39 行.
NOTIC: [8] Use of undefined constant Example - assumed 'Example' E:\web\demo.ew9t.cn\lehu\web\Runtime\Cache\Home\61c79409ce17c2a83f7aeec0601b7864.php 第 40 行.
NOTIC: [8] Use of undefined constant TeamAssess - assumed 'TeamAssess' E:\web\demo.ew9t.cn\lehu\web\Runtime\Cache\Home\61c79409ce17c2a83f7aeec0601b7864.php 第 41 行.
NOTIC: [8] Use of undefined constant TeamExpert - assumed 'TeamExpert' E:\web\demo.ew9t.cn\lehu\web\Runtime\Cache\Home\61c79409ce17c2a83f7aeec0601b7864.php 第 41 行.
NOTIC: [8] Use of undefined constant TeamManage - assumed 'TeamManage' E:\web\demo.ew9t.cn\lehu\web\Runtime\Cache\Home\61c79409ce17c2a83f7aeec0601b7864.php 第 41 行.
NOTIC: [8] Use of undefined constant Contact - assumed 'Contact' E:\web\demo.ew9t.cn\lehu\web\Runtime\Cache\Home\61c79409ce17c2a83f7aeec0601b7864.php 第 41 行.
NOTIC: [8] Use of undefined constant Link - assumed 'Link' E:\web\demo.ew9t.cn\lehu\web\Runtime\Cache\Home\61c79409ce17c2a83f7aeec0601b7864.php 第 44 行.
INFO: Run Behavior\ParseTemplateBehavior [ RunTime:0.046875s ]
INFO: [ view_parse ] --END-- [ RunTime:0.046875s ]
INFO: [ view_filter ] --START--
INFO: Run Behavior\WriteHtmlCacheBehavior [ RunTime:0.000000s ]
INFO: [ view_filter ] --END-- [ RunTime:0.000000s ]
INFO: [ app_end ] --START--
INFO: Run Behavior\ShowPageTraceBehavior [ RunTime:0.015625s ]
INFO: [ app_end ] --END-- [ RunTime:0.015625s ]

[ 2016-07-14T18:54:18+08:00 ] 60.206.230.122 /
INFO: [ app_init ] --START--
INFO: Run Behavior\BuildLiteBehavior [ RunTime:0.000000s ]
INFO: [ app_init ] --END-- [ RunTime:0.000000s ]
INFO: [ app_begin ] --START--
INFO: Run Behavior\ReadHtmlCacheBehavior [ RunTime:0.000000s ]
INFO: [ app_begin ] --END-- [ RunTime:0.000000s ]
SQL: SHOW COLUMNS FROM `lh_ad` [ RunTime:0.0000s ]
SQL: SELECT * FROM `lh_ad` WHERE ( col_id=27 ) LIMIT 0,4   [ RunTime:0.0000s ]
SQL: SELECT * FROM `lh_ad` WHERE ( col_id=28 ) LIMIT 0,3   [ RunTime:0.0000s ]
SQL: SHOW COLUMNS FROM `lh_service` [ RunTime:0.0156s ]
SQL: SELECT * FROM `lh_service` ORDER BY service_id LIMIT 1,6   [ RunTime:0.0000s ]
SQL: SELECT * FROM `lh_service` ORDER BY service_id LIMIT 6,3   [ RunTime:0.0000s ]
INFO: [ view_parse ] --START--
INFO: [ template_filter ] --START--
INFO: Run Behavior\ContentReplaceBehavior [ RunTime:0.000000s ]
INFO: [ template_filter ] --END-- [ RunTime:0.000000s ]
NOTIC: [8] Use of undefined constant Index - assumed 'Index' E:\web\demo.ew9t.cn\lehu\web\Runtime\Cache\Home\61c79409ce17c2a83f7aeec0601b7864.php 第 33 行.
NOTIC: [8] Use of undefined constant About - assumed 'About' E:\web\demo.ew9t.cn\lehu\web\Runtime\Cache\Home\61c79409ce17c2a83f7aeec0601b7864.php 第 34 行.
NOTIC: [8] Use of undefined constant News - assumed 'News' E:\web\demo.ew9t.cn\lehu\web\Runtime\Cache\Home\61c79409ce17c2a83f7aeec0601b7864.php 第 34 行.
NOTIC: [8] Use of undefined constant Trailer - assumed 'Trailer' E:\web\demo.ew9t.cn\lehu\web\Runtime\Cache\Home\61c79409ce17c2a83f7aeec0601b7864.php 第 34 行.
NOTIC: [8] Use of undefined constant Service - assumed 'Service' E:\web\demo.ew9t.cn\lehu\web\Runtime\Cache\Home\61c79409ce17c2a83f7aeec0601b7864.php 第 37 行.
NOTIC: [8] Use of undefined constant Train - assumed 'Train' E:\web\demo.ew9t.cn\lehu\web\Runtime\Cache\Home\61c79409ce17c2a83f7aeec0601b7864.php 第 38 行.
NOTIC: [8] Use of undefined constant Medical - assumed 'Medical' E:\web\demo.ew9t.cn\lehu\web\Runtime\Cache\Home\61c79409ce17c2a83f7aeec0601b7864.php 第 39 行.
NOTIC: [8] Use of undefined constant Example - assumed 'Example' E:\web\demo.ew9t.cn\lehu\web\Runtime\Cache\Home\61c79409ce17c2a83f7aeec0601b7864.php 第 40 行.
NOTIC: [8] Use of undefined constant TeamAssess - assumed 'TeamAssess' E:\web\demo.ew9t.cn\lehu\web\Runtime\Cache\Home\61c79409ce17c2a83f7aeec0601b7864.php 第 41 行.
NOTIC: [8] Use of undefined constant TeamExpert - assumed 'TeamExpert' E:\web\demo.ew9t.cn\lehu\web\Runtime\Cache\Home\61c79409ce17c2a83f7aeec0601b7864.php 第 41 行.
NOTIC: [8] Use of undefined constant TeamManage - assumed 'TeamManage' E:\web\demo.ew9t.cn\lehu\web\Runtime\Cache\Home\61c79409ce17c2a83f7aeec0601b7864.php 第 41 行.
NOTIC: [8] Use of undefined constant Contact - assumed 'Contact' E:\web\demo.ew9t.cn\lehu\web\Runtime\Cache\Home\61c79409ce17c2a83f7aeec0601b7864.php 第 41 行.
NOTIC: [8] Use of undefined constant Link - assumed 'Link' E:\web\demo.ew9t.cn\lehu\web\Runtime\Cache\Home\61c79409ce17c2a83f7aeec0601b7864.php 第 44 行.
INFO: Run Behavior\ParseTemplateBehavior [ RunTime:0.015625s ]
INFO: [ view_parse ] --END-- [ RunTime:0.015625s ]
INFO: [ view_filter ] --START--
INFO: Run Behavior\WriteHtmlCacheBehavior [ RunTime:0.000000s ]
INFO: [ view_filter ] --END-- [ RunTime:0.000000s ]
INFO: [ app_end ] --START--
INFO: Run Behavior\ShowPageTraceBehavior [ RunTime:0.015625s ]
INFO: [ app_end ] --END-- [ RunTime:0.015625s ]

[ 2016-07-14T18:54:20+08:00 ] 60.206.230.122 /
INFO: [ app_init ] --START--
INFO: Run Behavior\BuildLiteBehavior [ RunTime:0.000000s ]
INFO: [ app_init ] --END-- [ RunTime:0.000000s ]
INFO: [ app_begin ] --START--
INFO: Run Behavior\ReadHtmlCacheBehavior [ RunTime:0.000000s ]
INFO: [ app_begin ] --END-- [ RunTime:0.000000s ]
SQL: SHOW COLUMNS FROM `lh_ad` [ RunTime:0.0000s ]
SQL: SELECT * FROM `lh_ad` WHERE ( col_id=27 ) LIMIT 0,4   [ RunTime:0.0000s ]
SQL: SELECT * FROM `lh_ad` WHERE ( col_id=28 ) LIMIT 0,3   [ RunTime:0.0000s ]
SQL: SHOW COLUMNS FROM `lh_service` [ RunTime:0.0156s ]
SQL: SELECT * FROM `lh_service` ORDER BY service_id LIMIT 1,6   [ RunTime:0.0000s ]
SQL: SELECT * FROM `lh_service` ORDER BY service_id LIMIT 6,3   [ RunTime:0.0000s ]
INFO: [ view_parse ] --START--
INFO: [ template_filter ] --START--
INFO: Run Behavior\ContentReplaceBehavior [ RunTime:0.000000s ]
INFO: [ template_filter ] --END-- [ RunTime:0.000000s ]
NOTIC: [8] Use of undefined constant Index - assumed 'Index' E:\web\demo.ew9t.cn\lehu\web\Runtime\Cache\Home\61c79409ce17c2a83f7aeec0601b7864.php 第 33 行.
NOTIC: [8] Use of undefined constant About - assumed 'About' E:\web\demo.ew9t.cn\lehu\web\Runtime\Cache\Home\61c79409ce17c2a83f7aeec0601b7864.php 第 34 行.
NOTIC: [8] Use of undefined constant News - assumed 'News' E:\web\demo.ew9t.cn\lehu\web\Runtime\Cache\Home\61c79409ce17c2a83f7aeec0601b7864.php 第 34 行.
NOTIC: [8] Use of undefined constant Trailer - assumed 'Trailer' E:\web\demo.ew9t.cn\lehu\web\Runtime\Cache\Home\61c79409ce17c2a83f7aeec0601b7864.php 第 34 行.
NOTIC: [8] Use of undefined constant Service - assumed 'Service' E:\web\demo.ew9t.cn\lehu\web\Runtime\Cache\Home\61c79409ce17c2a83f7aeec0601b7864.php 第 37 行.
NOTIC: [8] Use of undefined constant Train - assumed 'Train' E:\web\demo.ew9t.cn\lehu\web\Runtime\Cache\Home\61c79409ce17c2a83f7aeec0601b7864.php 第 38 行.
NOTIC: [8] Use of undefined constant Medical - assumed 'Medical' E:\web\demo.ew9t.cn\lehu\web\Runtime\Cache\Home\61c79409ce17c2a83f7aeec0601b7864.php 第 39 行.
NOTIC: [8] Use of undefined constant Example - assumed 'Example' E:\web\demo.ew9t.cn\lehu\web\Runtime\Cache\Home\61c79409ce17c2a83f7aeec0601b7864.php 第 40 行.
NOTIC: [8] Use of undefined constant TeamAssess - assumed 'TeamAssess' E:\web\demo.ew9t.cn\lehu\web\Runtime\Cache\Home\61c79409ce17c2a83f7aeec0601b7864.php 第 41 行.
NOTIC: [8] Use of undefined constant TeamExpert - assumed 'TeamExpert' E:\web\demo.ew9t.cn\lehu\web\Runtime\Cache\Home\61c79409ce17c2a83f7aeec0601b7864.php 第 41 行.
NOTIC: [8] Use of undefined constant TeamManage - assumed 'TeamManage' E:\web\demo.ew9t.cn\lehu\web\Runtime\Cache\Home\61c79409ce17c2a83f7aeec0601b7864.php 第 41 行.
NOTIC: [8] Use of undefined constant Contact - assumed 'Contact' E:\web\demo.ew9t.cn\lehu\web\Runtime\Cache\Home\61c79409ce17c2a83f7aeec0601b7864.php 第 41 行.
NOTIC: [8] Use of undefined constant Link - assumed 'Link' E:\web\demo.ew9t.cn\lehu\web\Runtime\Cache\Home\61c79409ce17c2a83f7aeec0601b7864.php 第 44 行.
INFO: Run Behavior\ParseTemplateBehavior [ RunTime:0.015625s ]
INFO: [ view_parse ] --END-- [ RunTime:0.015625s ]
INFO: [ view_filter ] --START--
INFO: Run Behavior\WriteHtmlCacheBehavior [ RunTime:0.000000s ]
INFO: [ view_filter ] --END-- [ RunTime:0.000000s ]
INFO: [ app_end ] --START--
INFO: Run Behavior\ShowPageTraceBehavior [ RunTime:0.000000s ]
INFO: [ app_end ] --END-- [ RunTime:0.000000s ]

[ 2016-07-14T18:54:28+08:00 ] 60.206.230.122 /index.php/Home/About/about.html
INFO: [ app_init ] --START--
INFO: Run Behavior\BuildLiteBehavior [ RunTime:0.000000s ]
INFO: [ app_init ] --END-- [ RunTime:0.000000s ]
INFO: [ app_begin ] --START--
INFO: Run Behavior\ReadHtmlCacheBehavior [ RunTime:0.000000s ]
INFO: [ app_begin ] --END-- [ RunTime:0.000000s ]
SQL: SHOW COLUMNS FROM `lh_about` [ RunTime:0.0000s ]
SQL: SELECT * FROM `lh_about` WHERE ( about_id=1 )  [ RunTime:0.0000s ]
SQL: SHOW COLUMNS FROM `lh_ad` [ RunTime:0.0156s ]
SQL: SELECT * FROM `lh_ad` WHERE ( col_id=29 )  [ RunTime:0.0000s ]
INFO: [ view_parse ] --START--
INFO: [ template_filter ] --START--
INFO: Run Behavior\ContentReplaceBehavior [ RunTime:0.000000s ]
INFO: [ template_filter ] --END-- [ RunTime:0.000000s ]
NOTIC: [8] Use of undefined constant Index - assumed 'Index' E:\web\demo.ew9t.cn\lehu\web\Runtime\Cache\Home\d5d5aec8f9a33271d3acb4997f1f0472.php 第 33 行.
NOTIC: [8] Use of undefined constant About - assumed 'About' E:\web\demo.ew9t.cn\lehu\web\Runtime\Cache\Home\d5d5aec8f9a33271d3acb4997f1f0472.php 第 34 行.
NOTIC: [8] Use of undefined constant Service - assumed 'Service' E:\web\demo.ew9t.cn\lehu\web\Runtime\Cache\Home\d5d5aec8f9a33271d3acb4997f1f0472.php 第 37 行.
NOTIC: [8] Use of undefined constant Train - assumed 'Train' E:\web\demo.ew9t.cn\lehu\web\Runtime\Cache\Home\d5d5aec8f9a33271d3acb4997f1f0472.php 第 38 行.
NOTIC: [8] Use of undefined constant Medical - assumed 'Medical' E:\web\demo.ew9t.cn\lehu\web\Runtime\Cache\Home\d5d5aec8f9a33271d3acb4997f1f0472.php 第 39 行.
NOTIC: [8] Use of undefined constant Example - assumed 'Example' E:\web\demo.ew9t.cn\lehu\web\Runtime\Cache\Home\d5d5aec8f9a33271d3acb4997f1f0472.php 第 40 行.
NOTIC: [8] Use of undefined constant TeamAssess - assumed 'TeamAssess' E:\web\demo.ew9t.cn\lehu\web\Runtime\Cache\Home\d5d5aec8f9a33271d3acb4997f1f0472.php 第 41 行.
NOTIC: [8] Use of undefined constant TeamExpert - assumed 'TeamExpert' E:\web\demo.ew9t.cn\lehu\web\Runtime\Cache\Home\d5d5aec8f9a33271d3acb4997f1f0472.php 第 41 行.
NOTIC: [8] Use of undefined constant TeamManage - assumed 'TeamManage' E:\web\demo.ew9t.cn\lehu\web\Runtime\Cache\Home\d5d5aec8f9a33271d3acb4997f1f0472.php 第 41 行.
NOTIC: [8] Use of undefined constant Contact - assumed 'Contact' E:\web\demo.ew9t.cn\lehu\web\Runtime\Cache\Home\d5d5aec8f9a33271d3acb4997f1f0472.php 第 41 行.
NOTIC: [8] Use of undefined constant Link - assumed 'Link' E:\web\demo.ew9t.cn\lehu\web\Runtime\Cache\Home\d5d5aec8f9a33271d3acb4997f1f0472.php 第 44 行.
INFO: Run Behavior\ParseTemplateBehavior [ RunTime:0.015625s ]
INFO: [ view_parse ] --END-- [ RunTime:0.015625s ]
INFO: [ view_filter ] --START--
INFO: Run Behavior\WriteHtmlCacheBehavior [ RunTime:0.000000s ]
INFO: [ view_filter ] --END-- [ RunTime:0.000000s ]
INFO: [ app_end ] --START--
INFO: Run Behavior\ShowPageTraceBehavior [ RunTime:0.000000s ]
INFO: [ app_end ] --END-- [ RunTime:0.000000s ]

[ 2016-07-14T18:54:31+08:00 ] 60.206.230.122 /index.php/Home/News/news.html
INFO: [ app_init ] --START--
INFO: Run Behavior\BuildLiteBehavior [ RunTime:0.000000s ]
INFO: [ app_init ] --END-- [ RunTime:0.000000s ]
INFO: [ app_begin ] --START--
INFO: Run Behavior\ReadHtmlCacheBehavior [ RunTime:0.000000s ]
INFO: [ app_begin ] --END-- [ RunTime:0.000000s ]
SQL: SHOW COLUMNS FROM `lh_news` [ RunTime:0.0000s ]
SQL: SELECT COUNT(*) AS tp_count FROM `lh_news` LIMIT 1   [ RunTime:0.0000s ]
NOTIC: [2] Missing argument 3 for getpage(), called in E:\web\demo.ew9t.cn\lehu\web\Home\Controller\NewsController.class.php on line 27 and defined E:\web\demo.ew9t.cn\lehu\web\Common\Common\function.php 第 37 行.
NOTIC: [8] Undefined variable: search E:\web\demo.ew9t.cn\lehu\web\Common\Common\function.php 第 38 行.
NOTIC: [8] Undefined variable: search E:\web\demo.ew9t.cn\lehu\web\Common\Common\function.php 第 39 行.
SQL: SELECT * FROM `lh_news` ORDER BY news_id desc LIMIT 0,2   [ RunTime:0.0000s ]
SQL: SHOW COLUMNS FROM `lh_ad` [ RunTime:0.0156s ]
SQL: SELECT * FROM `lh_ad` WHERE ( col_id=29 )  [ RunTime:0.0000s ]
INFO: [ view_parse ] --START--
INFO: [ template_filter ] --START--
INFO: Run Behavior\ContentReplaceBehavior [ RunTime:0.000000s ]
INFO: [ template_filter ] --END-- [ RunTime:0.000000s ]
NOTIC: [8] Use of undefined constant Index - assumed 'Index' E:\web\demo.ew9t.cn\lehu\web\Runtime\Cache\Home\1a38926d4ce526ef369d73bf61d8adae.php 第 33 行.
NOTIC: [8] Use of undefined constant About - assumed 'About' E:\web\demo.ew9t.cn\lehu\web\Runtime\Cache\Home\1a38926d4ce526ef369d73bf61d8adae.php 第 34 行.
NOTIC: [8] Use of undefined constant News - assumed 'News' E:\web\demo.ew9t.cn\lehu\web\Runtime\Cache\Home\1a38926d4ce526ef369d73bf61d8adae.php 第 34 行.
NOTIC: [8] Use of undefined constant Service - assumed 'Service' E:\web\demo.ew9t.cn\lehu\web\Runtime\Cache\Home\1a38926d4ce526ef369d73bf61d8adae.php 第 37 行.
NOTIC: [8] Use of undefined constant Train - assumed 'Train' E:\web\demo.ew9t.cn\lehu\web\Runtime\Cache\Home\1a38926d4ce526ef369d73bf61d8adae.php 第 38 行.
NOTIC: [8] Use of undefined constant Medical - assumed 'Medical' E:\web\demo.ew9t.cn\lehu\web\Runtime\Cache\Home\1a38926d4ce526ef369d73bf61d8adae.php 第 39 行.
NOTIC: [8] Use of undefined constant Example - assumed 'Example' E:\web\demo.ew9t.cn\lehu\web\Runtime\Cache\Home\1a38926d4ce526ef369d73bf61d8adae.php 第 40 行.
NOTIC: [8] Use of undefined constant TeamAssess - assumed 'TeamAssess' E:\web\demo.ew9t.cn\lehu\web\Runtime\Cache\Home\1a38926d4ce526ef369d73bf61d8adae.php 第 41 行.
NOTIC: [8] Use of undefined constant TeamExpert - assumed 'TeamExpert' E:\web\demo.ew9t.cn\lehu\web\Runtime\Cache\Home\1a38926d4ce526ef369d73bf61d8adae.php 第 41 行.
NOTIC: [8] Use of undefined constant TeamManage - assumed 'TeamManage' E:\web\demo.ew9t.cn\lehu\web\Runtime\Cache\Home\1a38926d4ce526ef369d73bf61d8adae.php 第 41 行.
NOTIC: [8] Use of undefined constant Contact - assumed 'Contact' E:\web\demo.ew9t.cn\lehu\web\Runtime\Cache\Home\1a38926d4ce526ef369d73bf61d8adae.php 第 41 行.
NOTIC: [8] Use of undefined constant Link - assumed 'Link' E:\web\demo.ew9t.cn\lehu\web\Runtime\Cache\Home\1a38926d4ce526ef369d73bf61d8adae.php 第 44 行.
INFO: Run Behavior\ParseTemplateBehavior [ RunTime:0.046875s ]
INFO: [ view_parse ] --END-- [ RunTime:0.046875s ]
INFO: [ view_filter ] --START--
INFO: Run Behavior\WriteHtmlCacheBehavior [ RunTime:0.000000s ]
INFO: [ view_filter ] --END-- [ RunTime:0.000000s ]
INFO: [ app_end ] --START--
INFO: Run Behavior\ShowPageTraceBehavior [ RunTime:0.000000s ]
INFO: [ app_end ] --END-- [ RunTime:0.000000s ]

[ 2016-07-14T18:54:35+08:00 ] 60.206.230.122 /index.php/Home/Service/showlist.html
INFO: [ app_init ] --START--
INFO: Run Behavior\BuildLiteBehavior [ RunTime:0.000000s ]
INFO: [ app_init ] --END-- [ RunTime:0.000000s ]
INFO: [ app_begin ] --START--
INFO: Run Behavior\ReadHtmlCacheBehavior [ RunTime:0.000000s ]
INFO: [ app_begin ] --END-- [ RunTime:0.000000s ]
SQL: SHOW COLUMNS FROM `lh_service` [ RunTime:0.0000s ]
SQL: SELECT COUNT(*) AS tp_count FROM `lh_service` LIMIT 1   [ RunTime:0.0156s ]
NOTIC: [2] Missing argument 3 for getpage(), called in E:\web\demo.ew9t.cn\lehu\web\Home\Controller\ServiceController.class.php on line 18 and defined E:\web\demo.ew9t.cn\lehu\web\Common\Common\function.php 第 37 行.
NOTIC: [8] Undefined variable: search E:\web\demo.ew9t.cn\lehu\web\Common\Common\function.php 第 38 行.
NOTIC: [8] Undefined variable: search E:\web\demo.ew9t.cn\lehu\web\Common\Common\function.php 第 39 行.
SQL: SELECT * FROM `lh_service` ORDER BY service_id desc LIMIT 0,6   [ RunTime:0.0000s ]
SQL: SHOW COLUMNS FROM `lh_ad` [ RunTime:0.0000s ]
SQL: SELECT * FROM `lh_ad` WHERE ( col_id=29 )  [ RunTime:0.0000s ]
INFO: [ view_parse ] --START--
INFO: [ template_filter ] --START--
INFO: Run Behavior\ContentReplaceBehavior [ RunTime:0.000000s ]
INFO: [ template_filter ] --END-- [ RunTime:0.000000s ]
NOTIC: [8] Use of undefined constant Index - assumed 'Index' E:\web\demo.ew9t.cn\lehu\web\Runtime\Cache\Home\039ae47d4ffa07cbb8fc1f82c797c616.php 第 33 行.
NOTIC: [8] Use of undefined constant About - assumed 'About' E:\web\demo.ew9t.cn\lehu\web\Runtime\Cache\Home\039ae47d4ffa07cbb8fc1f82c797c616.php 第 34 行.
NOTIC: [8] Use of undefined constant News - assumed 'News' E:\web\demo.ew9t.cn\lehu\web\Runtime\Cache\Home\039ae47d4ffa07cbb8fc1f82c797c616.php 第 34 行.
NOTIC: [8] Use of undefined constant Trailer - assumed 'Trailer' E:\web\demo.ew9t.cn\lehu\web\Runtime\Cache\Home\039ae47d4ffa07cbb8fc1f82c797c616.php 第 34 行.
NOTIC: [8] Use of undefined constant Service - assumed 'Service' E:\web\demo.ew9t.cn\lehu\web\Runtime\Cache\Home\039ae47d4ffa07cbb8fc1f82c797c616.php 第 37 行.
NOTIC: [8] Use of undefined constant Train - assumed 'Train' E:\web\demo.ew9t.cn\lehu\web\Runtime\Cache\Home\039ae47d4ffa07cbb8fc1f82c797c616.php 第 38 行.
NOTIC: [8] Use of undefined constant Medical - assumed 'Medical' E:\web\demo.ew9t.cn\lehu\web\Runtime\Cache\Home\039ae47d4ffa07cbb8fc1f82c797c616.php 第 39 行.
NOTIC: [8] Use of undefined constant Example - assumed 'Example' E:\web\demo.ew9t.cn\lehu\web\Runtime\Cache\Home\039ae47d4ffa07cbb8fc1f82c797c616.php 第 40 行.
NOTIC: [8] Use of undefined constant TeamAssess - assumed 'TeamAssess' E:\web\demo.ew9t.cn\lehu\web\Runtime\Cache\Home\039ae47d4ffa07cbb8fc1f82c797c616.php 第 41 行.
NOTIC: [8] Use of undefined constant TeamExpert - assumed 'TeamExpert' E:\web\demo.ew9t.cn\lehu\web\Runtime\Cache\Home\039ae47d4ffa07cbb8fc1f82c797c616.php 第 41 行.
NOTIC: [8] Use of undefined constant TeamManage - assumed 'TeamManage' E:\web\demo.ew9t.cn\lehu\web\Runtime\Cache\Home\039ae47d4ffa07cbb8fc1f82c797c616.php 第 41 行.
NOTIC: [8] Use of undefined constant Contact - assumed 'Contact' E:\web\demo.ew9t.cn\lehu\web\Runtime\Cache\Home\039ae47d4ffa07cbb8fc1f82c797c616.php 第 41 行.
NOTIC: [8] Use of undefined constant Link - assumed 'Link' E:\web\demo.ew9t.cn\lehu\web\Runtime\Cache\Home\039ae47d4ffa07cbb8fc1f82c797c616.php 第 44 行.
INFO: Run Behavior\ParseTemplateBehavior [ RunTime:0.031250s ]
INFO: [ view_parse ] --END-- [ RunTime:0.031250s ]
INFO: [ view_filter ] --START--
INFO: Run Behavior\WriteHtmlCacheBehavior [ RunTime:0.000000s ]
INFO: [ view_filter ] --END-- [ RunTime:0.000000s ]
INFO: [ app_end ] --START--
INFO: Run Behavior\ShowPageTraceBehavior [ RunTime:0.000000s ]
INFO: [ app_end ] --END-- [ RunTime:0.000000s ]

[ 2016-07-14T18:54:39+08:00 ] 60.206.230.122 /
INFO: [ app_init ] --START--
INFO: Run Behavior\BuildLiteBehavior [ RunTime:0.000000s ]
INFO: [ app_init ] --END-- [ RunTime:0.015625s ]
INFO: [ app_begin ] --START--
INFO: Run Behavior\ReadHtmlCacheBehavior [ RunTime:0.000000s ]
INFO: [ app_begin ] --END-- [ RunTime:0.000000s ]
SQL: SHOW COLUMNS FROM `lh_ad` [ RunTime:0.0000s ]
SQL: SELECT * FROM `lh_ad` WHERE ( col_id=27 ) LIMIT 0,4   [ RunTime:0.0000s ]
SQL: SELECT * FROM `lh_ad` WHERE ( col_id=28 ) LIMIT 0,3   [ RunTime:0.0000s ]
SQL: SHOW COLUMNS FROM `lh_service` [ RunTime:0.0156s ]
SQL: SELECT * FROM `lh_service` ORDER BY service_id LIMIT 1,6   [ RunTime:0.0000s ]
SQL: SELECT * FROM `lh_service` ORDER BY service_id LIMIT 6,3   [ RunTime:0.0000s ]
INFO: [ view_parse ] --START--
INFO: [ template_filter ] --START--
INFO: Run Behavior\ContentReplaceBehavior [ RunTime:0.000000s ]
INFO: [ template_filter ] --END-- [ RunTime:0.000000s ]
NOTIC: [8] Use of undefined constant Index - assumed 'Index' E:\web\demo.ew9t.cn\lehu\web\Runtime\Cache\Home\61c79409ce17c2a83f7aeec0601b7864.php 第 33 行.
NOTIC: [8] Use of undefined constant About - assumed 'About' E:\web\demo.ew9t.cn\lehu\web\Runtime\Cache\Home\61c79409ce17c2a83f7aeec0601b7864.php 第 34 行.
NOTIC: [8] Use of undefined constant News - assumed 'News' E:\web\demo.ew9t.cn\lehu\web\Runtime\Cache\Home\61c79409ce17c2a83f7aeec0601b7864.php 第 34 行.
NOTIC: [8] Use of undefined constant Trailer - assumed 'Trailer' E:\web\demo.ew9t.cn\lehu\web\Runtime\Cache\Home\61c79409ce17c2a83f7aeec0601b7864.php 第 34 行.
NOTIC: [8] Use of undefined constant Service - assumed 'Service' E:\web\demo.ew9t.cn\lehu\web\Runtime\Cache\Home\61c79409ce17c2a83f7aeec0601b7864.php 第 37 行.
NOTIC: [8] Use of undefined constant Train - assumed 'Train' E:\web\demo.ew9t.cn\lehu\web\Runtime\Cache\Home\61c79409ce17c2a83f7aeec0601b7864.php 第 38 行.
NOTIC: [8] Use of undefined constant Medical - assumed 'Medical' E:\web\demo.ew9t.cn\lehu\web\Runtime\Cache\Home\61c79409ce17c2a83f7aeec0601b7864.php 第 39 行.
NOTIC: [8] Use of undefined constant Example - assumed 'Example' E:\web\demo.ew9t.cn\lehu\web\Runtime\Cache\Home\61c79409ce17c2a83f7aeec0601b7864.php 第 40 行.
NOTIC: [8] Use of undefined constant TeamAssess - assumed 'TeamAssess' E:\web\demo.ew9t.cn\lehu\web\Runtime\Cache\Home\61c79409ce17c2a83f7aeec0601b7864.php 第 41 行.
NOTIC: [8] Use of undefined constant TeamExpert - assumed 'TeamExpert' E:\web\demo.ew9t.cn\lehu\web\Runtime\Cache\Home\61c79409ce17c2a83f7aeec0601b7864.php 第 41 行.
NOTIC: [8] Use of undefined constant TeamManage - assumed 'TeamManage' E:\web\demo.ew9t.cn\lehu\web\Runtime\Cache\Home\61c79409ce17c2a83f7aeec0601b7864.php 第 41 行.
NOTIC: [8] Use of undefined constant Contact - assumed 'Contact' E:\web\demo.ew9t.cn\lehu\web\Runtime\Cache\Home\61c79409ce17c2a83f7aeec0601b7864.php 第 41 行.
NOTIC: [8] Use of undefined constant Link - assumed 'Link' E:\web\demo.ew9t.cn\lehu\web\Runtime\Cache\Home\61c79409ce17c2a83f7aeec0601b7864.php 第 44 行.
INFO: Run Behavior\ParseTemplateBehavior [ RunTime:0.015625s ]
INFO: [ view_parse ] --END-- [ RunTime:0.015625s ]
INFO: [ view_filter ] --START--
INFO: Run Behavior\WriteHtmlCacheBehavior [ RunTime:0.015625s ]
INFO: [ view_filter ] --END-- [ RunTime:0.015625s ]
INFO: [ app_end ] --START--
INFO: Run Behavior\ShowPageTraceBehavior [ RunTime:0.000000s ]
INFO: [ app_end ] --END-- [ RunTime:0.000000s ]

[ 2016-07-14T18:54:44+08:00 ] 60.206.230.122 /index.php/Home/Train/showlist.html
INFO: [ app_init ] --START--
INFO: Run Behavior\BuildLiteBehavior [ RunTime:0.000000s ]
INFO: [ app_init ] --END-- [ RunTime:0.015625s ]
INFO: [ app_begin ] --START--
INFO: Run Behavior\ReadHtmlCacheBehavior [ RunTime:0.000000s ]
INFO: [ app_begin ] --END-- [ RunTime:0.000000s ]
SQL: SHOW COLUMNS FROM `lh_train` [ RunTime:0.0000s ]
SQL: SELECT COUNT(*) AS tp_count FROM `lh_train` LIMIT 1   [ RunTime:0.0000s ]
NOTIC: [2] Missing argument 3 for getpage(), called in E:\web\demo.ew9t.cn\lehu\web\Home\Controller\TrainController.class.php on line 17 and defined E:\web\demo.ew9t.cn\lehu\web\Common\Common\function.php 第 37 行.
NOTIC: [8] Undefined variable: search E:\web\demo.ew9t.cn\lehu\web\Common\Common\function.php 第 38 行.
NOTIC: [8] Undefined variable: search E:\web\demo.ew9t.cn\lehu\web\Common\Common\function.php 第 39 行.
SQL: SELECT * FROM `lh_train` ORDER BY train_id desc LIMIT 0,3   [ RunTime:0.0000s ]
SQL: SHOW COLUMNS FROM `lh_ad` [ RunTime:0.0000s ]
SQL: SELECT * FROM `lh_ad` WHERE ( col_id=29 )  [ RunTime:0.0000s ]
INFO: [ view_parse ] --START--
INFO: [ template_filter ] --START--
INFO: Run Behavior\ContentReplaceBehavior [ RunTime:0.000000s ]
INFO: [ template_filter ] --END-- [ RunTime:0.000000s ]
NOTIC: [8] Use of undefined constant Index - assumed 'Index' E:\web\demo.ew9t.cn\lehu\web\Runtime\Cache\Home\f8418feda0ed672392efbb9b3dffc3fb.php 第 33 行.
NOTIC: [8] Use of undefined constant About - assumed 'About' E:\web\demo.ew9t.cn\lehu\web\Runtime\Cache\Home\f8418feda0ed672392efbb9b3dffc3fb.php 第 34 行.
NOTIC: [8] Use of undefined constant News - assumed 'News' E:\web\demo.ew9t.cn\lehu\web\Runtime\Cache\Home\f8418feda0ed672392efbb9b3dffc3fb.php 第 34 行.
NOTIC: [8] Use of undefined constant Trailer - assumed 'Trailer' E:\web\demo.ew9t.cn\lehu\web\Runtime\Cache\Home\f8418feda0ed672392efbb9b3dffc3fb.php 第 34 行.
NOTIC: [8] Use of undefined constant Service - assumed 'Service' E:\web\demo.ew9t.cn\lehu\web\Runtime\Cache\Home\f8418feda0ed672392efbb9b3dffc3fb.php 第 37 行.
NOTIC: [8] Use of undefined constant Train - assumed 'Train' E:\web\demo.ew9t.cn\lehu\web\Runtime\Cache\Home\f8418feda0ed672392efbb9b3dffc3fb.php 第 38 行.
NOTIC: [8] Use of undefined constant Medical - assumed 'Medical' E:\web\demo.ew9t.cn\lehu\web\Runtime\Cache\Home\f8418feda0ed672392efbb9b3dffc3fb.php 第 39 行.
NOTIC: [8] Use of undefined constant Example - assumed 'Example' E:\web\demo.ew9t.cn\lehu\web\Runtime\Cache\Home\f8418feda0ed672392efbb9b3dffc3fb.php 第 40 行.
NOTIC: [8] Use of undefined constant TeamAssess - assumed 'TeamAssess' E:\web\demo.ew9t.cn\lehu\web\Runtime\Cache\Home\f8418feda0ed672392efbb9b3dffc3fb.php 第 41 行.
NOTIC: [8] Use of undefined constant TeamExpert - assumed 'TeamExpert' E:\web\demo.ew9t.cn\lehu\web\Runtime\Cache\Home\f8418feda0ed672392efbb9b3dffc3fb.php 第 41 行.
NOTIC: [8] Use of undefined constant TeamManage - assumed 'TeamManage' E:\web\demo.ew9t.cn\lehu\web\Runtime\Cache\Home\f8418feda0ed672392efbb9b3dffc3fb.php 第 41 行.
NOTIC: [8] Use of undefined constant Contact - assumed 'Contact' E:\web\demo.ew9t.cn\lehu\web\Runtime\Cache\Home\f8418feda0ed672392efbb9b3dffc3fb.php 第 41 行.
NOTIC: [8] Use of undefined constant Link - assumed 'Link' E:\web\demo.ew9t.cn\lehu\web\Runtime\Cache\Home\f8418feda0ed672392efbb9b3dffc3fb.php 第 44 行.
INFO: Run Behavior\ParseTemplateBehavior [ RunTime:0.031250s ]
INFO: [ view_parse ] --END-- [ RunTime:0.031250s ]
INFO: [ view_filter ] --START--
INFO: Run Behavior\WriteHtmlCacheBehavior [ RunTime:0.000000s ]
INFO: [ view_filter ] --END-- [ RunTime:0.000000s ]
INFO: [ app_end ] --START--
INFO: Run Behavior\ShowPageTraceBehavior [ RunTime:0.000000s ]
INFO: [ app_end ] --END-- [ RunTime:0.000000s ]

[ 2016-07-14T18:55:02+08:00 ] 60.206.230.122 /index.php/Home/News/news.html
INFO: [ app_init ] --START--
INFO: Run Behavior\BuildLiteBehavior [ RunTime:0.000000s ]
INFO: [ app_init ] --END-- [ RunTime:0.000000s ]
INFO: [ app_begin ] --START--
INFO: Run Behavior\ReadHtmlCacheBehavior [ RunTime:0.000000s ]
INFO: [ app_begin ] --END-- [ RunTime:0.000000s ]
SQL: SHOW COLUMNS FROM `lh_news` [ RunTime:0.0000s ]
SQL: SELECT COUNT(*) AS tp_count FROM `lh_news` LIMIT 1   [ RunTime:0.0000s ]
NOTIC: [2] Missing argument 3 for getpage(), called in E:\web\demo.ew9t.cn\lehu\web\Home\Controller\NewsController.class.php on line 27 and defined E:\web\demo.ew9t.cn\lehu\web\Common\Common\function.php 第 37 行.
NOTIC: [8] Undefined variable: search E:\web\demo.ew9t.cn\lehu\web\Common\Common\function.php 第 38 行.
NOTIC: [8] Undefined variable: search E:\web\demo.ew9t.cn\lehu\web\Common\Common\function.php 第 39 行.
SQL: SELECT * FROM `lh_news` ORDER BY news_id desc LIMIT 0,2   [ RunTime:0.0000s ]
SQL: SHOW COLUMNS FROM `lh_ad` [ RunTime:0.0156s ]
SQL: SELECT * FROM `lh_ad` WHERE ( col_id=29 )  [ RunTime:0.0000s ]
INFO: [ view_parse ] --START--
INFO: [ template_filter ] --START--
INFO: Run Behavior\ContentReplaceBehavior [ RunTime:0.000000s ]
INFO: [ template_filter ] --END-- [ RunTime:0.000000s ]
NOTIC: [8] Use of undefined constant Index - assumed 'Index' E:\web\demo.ew9t.cn\lehu\web\Runtime\Cache\Home\1a38926d4ce526ef369d73bf61d8adae.php 第 33 行.
NOTIC: [8] Use of undefined constant About - assumed 'About' E:\web\demo.ew9t.cn\lehu\web\Runtime\Cache\Home\1a38926d4ce526ef369d73bf61d8adae.php 第 34 行.
NOTIC: [8] Use of undefined constant News - assumed 'News' E:\web\demo.ew9t.cn\lehu\web\Runtime\Cache\Home\1a38926d4ce526ef369d73bf61d8adae.php 第 34 行.
NOTIC: [8] Use of undefined constant Service - assumed 'Service' E:\web\demo.ew9t.cn\lehu\web\Runtime\Cache\Home\1a38926d4ce526ef369d73bf61d8adae.php 第 37 行.
NOTIC: [8] Use of undefined constant Train - assumed 'Train' E:\web\demo.ew9t.cn\lehu\web\Runtime\Cache\Home\1a38926d4ce526ef369d73bf61d8adae.php 第 38 行.
NOTIC: [8] Use of undefined constant Medical - assumed 'Medical' E:\web\demo.ew9t.cn\lehu\web\Runtime\Cache\Home\1a38926d4ce526ef369d73bf61d8adae.php 第 39 行.
NOTIC: [8] Use of undefined constant Example - assumed 'Example' E:\web\demo.ew9t.cn\lehu\web\Runtime\Cache\Home\1a38926d4ce526ef369d73bf61d8adae.php 第 40 行.
NOTIC: [8] Use of undefined constant TeamAssess - assumed 'TeamAssess' E:\web\demo.ew9t.cn\lehu\web\Runtime\Cache\Home\1a38926d4ce526ef369d73bf61d8adae.php 第 41 行.
NOTIC: [8] Use of undefined constant TeamExpert - assumed 'TeamExpert' E:\web\demo.ew9t.cn\lehu\web\Runtime\Cache\Home\1a38926d4ce526ef369d73bf61d8adae.php 第 41 行.
NOTIC: [8] Use of undefined constant TeamManage - assumed 'TeamManage' E:\web\demo.ew9t.cn\lehu\web\Runtime\Cache\Home\1a38926d4ce526ef369d73bf61d8adae.php 第 41 行.
NOTIC: [8] Use of undefined constant Contact - assumed 'Contact' E:\web\demo.ew9t.cn\lehu\web\Runtime\Cache\Home\1a38926d4ce526ef369d73bf61d8adae.php 第 41 行.
NOTIC: [8] Use of undefined constant Link - assumed 'Link' E:\web\demo.ew9t.cn\lehu\web\Runtime\Cache\Home\1a38926d4ce526ef369d73bf61d8adae.php 第 44 行.
INFO: Run Behavior\ParseTemplateBehavior [ RunTime:0.015625s ]
INFO: [ view_parse ] --END-- [ RunTime:0.015625s ]
INFO: [ view_filter ] --START--
INFO: Run Behavior\WriteHtmlCacheBehavior [ RunTime:0.000000s ]
INFO: [ view_filter ] --END-- [ RunTime:0.000000s ]
INFO: [ app_end ] --START--
INFO: Run Behavior\ShowPageTraceBehavior [ RunTime:0.000000s ]
INFO: [ app_end ] --END-- [ RunTime:0.000000s ]

[ 2016-07-14T18:55:08+08:00 ] 60.206.230.122 /index.php/Home/Example/showlist.html
INFO: [ app_init ] --START--
INFO: Run Behavior\BuildLiteBehavior [ RunTime:0.000000s ]
INFO: [ app_init ] --END-- [ RunTime:0.000000s ]
INFO: [ app_begin ] --START--
INFO: Run Behavior\ReadHtmlCacheBehavior [ RunTime:0.000000s ]
INFO: [ app_begin ] --END-- [ RunTime:0.000000s ]
SQL: SHOW COLUMNS FROM `lh_example` [ RunTime:0.0000s ]
SQL: SELECT COUNT(*) AS tp_count FROM `lh_example` LIMIT 1   [ RunTime:0.0000s ]
NOTIC: [2] Missing argument 3 for getpage(), called in E:\web\demo.ew9t.cn\lehu\web\Home\Controller\ExampleController.class.php on line 19 and defined E:\web\demo.ew9t.cn\lehu\web\Common\Common\function.php 第 37 行.
NOTIC: [8] Undefined variable: search E:\web\demo.ew9t.cn\lehu\web\Common\Common\function.php 第 38 行.
NOTIC: [8] Undefined variable: search E:\web\demo.ew9t.cn\lehu\web\Common\Common\function.php 第 39 行.
SQL: SELECT * FROM `lh_example` ORDER BY example_id desc LIMIT 0,3   [ RunTime:0.0000s ]
SQL: SHOW COLUMNS FROM `lh_ad` [ RunTime:0.0156s ]
SQL: SELECT * FROM `lh_ad` WHERE ( col_id=29 )  [ RunTime:0.0000s ]
INFO: [ view_parse ] --START--
INFO: [ template_filter ] --START--
INFO: Run Behavior\ContentReplaceBehavior [ RunTime:0.000000s ]
INFO: [ template_filter ] --END-- [ RunTime:0.000000s ]
NOTIC: [8] Use of undefined constant Index - assumed 'Index' E:\web\demo.ew9t.cn\lehu\web\Runtime\Cache\Home\796e333f6334ff1bab037162e7caf37f.php 第 33 行.
NOTIC: [8] Use of undefined constant About - assumed 'About' E:\web\demo.ew9t.cn\lehu\web\Runtime\Cache\Home\796e333f6334ff1bab037162e7caf37f.php 第 34 行.
NOTIC: [8] Use of undefined constant News - assumed 'News' E:\web\demo.ew9t.cn\lehu\web\Runtime\Cache\Home\796e333f6334ff1bab037162e7caf37f.php 第 34 行.
NOTIC: [8] Use of undefined constant Trailer - assumed 'Trailer' E:\web\demo.ew9t.cn\lehu\web\Runtime\Cache\Home\796e333f6334ff1bab037162e7caf37f.php 第 34 行.
NOTIC: [8] Use of undefined constant Service - assumed 'Service' E:\web\demo.ew9t.cn\lehu\web\Runtime\Cache\Home\796e333f6334ff1bab037162e7caf37f.php 第 37 行.
NOTIC: [8] Use of undefined constant Train - assumed 'Train' E:\web\demo.ew9t.cn\lehu\web\Runtime\Cache\Home\796e333f6334ff1bab037162e7caf37f.php 第 38 行.
NOTIC: [8] Use of undefined constant Medical - assumed 'Medical' E:\web\demo.ew9t.cn\lehu\web\Runtime\Cache\Home\796e333f6334ff1bab037162e7caf37f.php 第 39 行.
NOTIC: [8] Use of undefined constant Example - assumed 'Example' E:\web\demo.ew9t.cn\lehu\web\Runtime\Cache\Home\796e333f6334ff1bab037162e7caf37f.php 第 40 行.
NOTIC: [8] Use of undefined constant TeamAssess - assumed 'TeamAssess' E:\web\demo.ew9t.cn\lehu\web\Runtime\Cache\Home\796e333f6334ff1bab037162e7caf37f.php 第 41 行.
NOTIC: [8] Use of undefined constant TeamExpert - assumed 'TeamExpert' E:\web\demo.ew9t.cn\lehu\web\Runtime\Cache\Home\796e333f6334ff1bab037162e7caf37f.php 第 41 行.
NOTIC: [8] Use of undefined constant TeamManage - assumed 'TeamManage' E:\web\demo.ew9t.cn\lehu\web\Runtime\Cache\Home\796e333f6334ff1bab037162e7caf37f.php 第 41 行.
NOTIC: [8] Use of undefined constant Contact - assumed 'Contact' E:\web\demo.ew9t.cn\lehu\web\Runtime\Cache\Home\796e333f6334ff1bab037162e7caf37f.php 第 41 行.
NOTIC: [8] Use of undefined constant Link - assumed 'Link' E:\web\demo.ew9t.cn\lehu\web\Runtime\Cache\Home\796e333f6334ff1bab037162e7caf37f.php 第 44 行.
INFO: Run Behavior\ParseTemplateBehavior [ RunTime:0.015625s ]
INFO: [ view_parse ] --END-- [ RunTime:0.015625s ]
INFO: [ view_filter ] --START--
INFO: Run Behavior\WriteHtmlCacheBehavior [ RunTime:0.000000s ]
INFO: [ view_filter ] --END-- [ RunTime:0.000000s ]
INFO: [ app_end ] --START--
INFO: Run Behavior\ShowPageTraceBehavior [ RunTime:0.000000s ]
INFO: [ app_end ] --END-- [ RunTime:0.000000s ]

[ 2016-07-14T18:55:15+08:00 ] 60.206.230.122 /index.php/Home/Service/showlist.html
INFO: [ app_init ] --START--
INFO: Run Behavior\BuildLiteBehavior [ RunTime:0.000000s ]
INFO: [ app_init ] --END-- [ RunTime:0.000000s ]
INFO: [ app_begin ] --START--
INFO: Run Behavior\ReadHtmlCacheBehavior [ RunTime:0.000000s ]
INFO: [ app_begin ] --END-- [ RunTime:0.000000s ]
SQL: SHOW COLUMNS FROM `lh_service` [ RunTime:0.0000s ]
SQL: SELECT COUNT(*) AS tp_count FROM `lh_service` LIMIT 1   [ RunTime:0.0156s ]
NOTIC: [2] Missing argument 3 for getpage(), called in E:\web\demo.ew9t.cn\lehu\web\Home\Controller\ServiceController.class.php on line 18 and defined E:\web\demo.ew9t.cn\lehu\web\Common\Common\function.php 第 37 行.
NOTIC: [8] Undefined variable: search E:\web\demo.ew9t.cn\lehu\web\Common\Common\function.php 第 38 行.
NOTIC: [8] Undefined variable: search E:\web\demo.ew9t.cn\lehu\web\Common\Common\function.php 第 39 行.
SQL: SELECT * FROM `lh_service` ORDER BY service_id desc LIMIT 0,6   [ RunTime:0.0000s ]
SQL: SHOW COLUMNS FROM `lh_ad` [ RunTime:0.0000s ]
SQL: SELECT * FROM `lh_ad` WHERE ( col_id=29 )  [ RunTime:0.0000s ]
INFO: [ view_parse ] --START--
INFO: [ template_filter ] --START--
INFO: Run Behavior\ContentReplaceBehavior [ RunTime:0.000000s ]
INFO: [ template_filter ] --END-- [ RunTime:0.000000s ]
NOTIC: [8] Use of undefined constant Index - assumed 'Index' E:\web\demo.ew9t.cn\lehu\web\Runtime\Cache\Home\039ae47d4ffa07cbb8fc1f82c797c616.php 第 33 行.
NOTIC: [8] Use of undefined constant About - assumed 'About' E:\web\demo.ew9t.cn\lehu\web\Runtime\Cache\Home\039ae47d4ffa07cbb8fc1f82c797c616.php 第 34 行.
NOTIC: [8] Use of undefined constant News - assumed 'News' E:\web\demo.ew9t.cn\lehu\web\Runtime\Cache\Home\039ae47d4ffa07cbb8fc1f82c797c616.php 第 34 行.
NOTIC: [8] Use of undefined constant Trailer - assumed 'Trailer' E:\web\demo.ew9t.cn\lehu\web\Runtime\Cache\Home\039ae47d4ffa07cbb8fc1f82c797c616.php 第 34 行.
NOTIC: [8] Use of undefined constant Service - assumed 'Service' E:\web\demo.ew9t.cn\lehu\web\Runtime\Cache\Home\039ae47d4ffa07cbb8fc1f82c797c616.php 第 37 行.
NOTIC: [8] Use of undefined constant Train - assumed 'Train' E:\web\demo.ew9t.cn\lehu\web\Runtime\Cache\Home\039ae47d4ffa07cbb8fc1f82c797c616.php 第 38 行.
NOTIC: [8] Use of undefined constant Medical - assumed 'Medical' E:\web\demo.ew9t.cn\lehu\web\Runtime\Cache\Home\039ae47d4ffa07cbb8fc1f82c797c616.php 第 39 行.
NOTIC: [8] Use of undefined constant Example - assumed 'Example' E:\web\demo.ew9t.cn\lehu\web\Runtime\Cache\Home\039ae47d4ffa07cbb8fc1f82c797c616.php 第 40 行.
NOTIC: [8] Use of undefined constant TeamAssess - assumed 'TeamAssess' E:\web\demo.ew9t.cn\lehu\web\Runtime\Cache\Home\039ae47d4ffa07cbb8fc1f82c797c616.php 第 41 行.
NOTIC: [8] Use of undefined constant TeamExpert - assumed 'TeamExpert' E:\web\demo.ew9t.cn\lehu\web\Runtime\Cache\Home\039ae47d4ffa07cbb8fc1f82c797c616.php 第 41 行.
NOTIC: [8] Use of undefined constant TeamManage - assumed 'TeamManage' E:\web\demo.ew9t.cn\lehu\web\Runtime\Cache\Home\039ae47d4ffa07cbb8fc1f82c797c616.php 第 41 行.
NOTIC: [8] Use of undefined constant Contact - assumed 'Contact' E:\web\demo.ew9t.cn\lehu\web\Runtime\Cache\Home\039ae47d4ffa07cbb8fc1f82c797c616.php 第 41 行.
NOTIC: [8] Use of undefined constant Link - assumed 'Link' E:\web\demo.ew9t.cn\lehu\web\Runtime\Cache\Home\039ae47d4ffa07cbb8fc1f82c797c616.php 第 44 行.
INFO: Run Behavior\ParseTemplateBehavior [ RunTime:0.031250s ]
INFO: [ view_parse ] --END-- [ RunTime:0.031250s ]
INFO: [ view_filter ] --START--
INFO: Run Behavior\WriteHtmlCacheBehavior [ RunTime:0.000000s ]
INFO: [ view_filter ] --END-- [ RunTime:0.000000s ]
INFO: [ app_end ] --START--
INFO: Run Behavior\ShowPageTraceBehavior [ RunTime:0.000000s ]
INFO: [ app_end ] --END-- [ RunTime:0.000000s ]

[ 2016-07-14T18:55:24+08:00 ] 60.206.230.122 /index.php/Home/Train/showlist.html
INFO: [ app_init ] --START--
INFO: Run Behavior\BuildLiteBehavior [ RunTime:0.000000s ]
INFO: [ app_init ] --END-- [ RunTime:0.000000s ]
INFO: [ app_begin ] --START--
INFO: Run Behavior\ReadHtmlCacheBehavior [ RunTime:0.000000s ]
INFO: [ app_begin ] --END-- [ RunTime:0.000000s ]
SQL: SHOW COLUMNS FROM `lh_train` [ RunTime:0.0000s ]
SQL: SELECT COUNT(*) AS tp_count FROM `lh_train` LIMIT 1   [ RunTime:0.0156s ]
NOTIC: [2] Missing argument 3 for getpage(), called in E:\web\demo.ew9t.cn\lehu\web\Home\Controller\TrainController.class.php on line 17 and defined E:\web\demo.ew9t.cn\lehu\web\Common\Common\function.php 第 37 行.
NOTIC: [8] Undefined variable: search E:\web\demo.ew9t.cn\lehu\web\Common\Common\function.php 第 38 行.
NOTIC: [8] Undefined variable: search E:\web\demo.ew9t.cn\lehu\web\Common\Common\function.php 第 39 行.
SQL: SELECT * FROM `lh_train` ORDER BY train_id desc LIMIT 0,3   [ RunTime:0.0000s ]
SQL: SHOW COLUMNS FROM `lh_ad` [ RunTime:0.0000s ]
SQL: SELECT * FROM `lh_ad` WHERE ( col_id=29 )  [ RunTime:0.0000s ]
INFO: [ view_parse ] --START--
INFO: [ template_filter ] --START--
INFO: Run Behavior\ContentReplaceBehavior [ RunTime:0.000000s ]
INFO: [ template_filter ] --END-- [ RunTime:0.000000s ]
NOTIC: [8] Use of undefined constant Index - assumed 'Index' E:\web\demo.ew9t.cn\lehu\web\Runtime\Cache\Home\f8418feda0ed672392efbb9b3dffc3fb.php 第 33 行.
NOTIC: [8] Use of undefined constant About - assumed 'About' E:\web\demo.ew9t.cn\lehu\web\Runtime\Cache\Home\f8418feda0ed672392efbb9b3dffc3fb.php 第 34 行.
NOTIC: [8] Use of undefined constant News - assumed 'News' E:\web\demo.ew9t.cn\lehu\web\Runtime\Cache\Home\f8418feda0ed672392efbb9b3dffc3fb.php 第 34 行.
NOTIC: [8] Use of undefined constant Trailer - assumed 'Trailer' E:\web\demo.ew9t.cn\lehu\web\Runtime\Cache\Home\f8418feda0ed672392efbb9b3dffc3fb.php 第 34 行.
NOTIC: [8] Use of undefined constant Service - assumed 'Service' E:\web\demo.ew9t.cn\lehu\web\Runtime\Cache\Home\f8418feda0ed672392efbb9b3dffc3fb.php 第 37 行.
NOTIC: [8] Use of undefined constant Train - assumed 'Train' E:\web\demo.ew9t.cn\lehu\web\Runtime\Cache\Home\f8418feda0ed672392efbb9b3dffc3fb.php 第 38 行.
NOTIC: [8] Use of undefined constant Medical - assumed 'Medical' E:\web\demo.ew9t.cn\lehu\web\Runtime\Cache\Home\f8418feda0ed672392efbb9b3dffc3fb.php 第 39 行.
NOTIC: [8] Use of undefined constant Example - assumed 'Example' E:\web\demo.ew9t.cn\lehu\web\Runtime\Cache\Home\f8418feda0ed672392efbb9b3dffc3fb.php 第 40 行.
NOTIC: [8] Use of undefined constant TeamAssess - assumed 'TeamAssess' E:\web\demo.ew9t.cn\lehu\web\Runtime\Cache\Home\f8418feda0ed672392efbb9b3dffc3fb.php 第 41 行.
NOTIC: [8] Use of undefined constant TeamExpert - assumed 'TeamExpert' E:\web\demo.ew9t.cn\lehu\web\Runtime\Cache\Home\f8418feda0ed672392efbb9b3dffc3fb.php 第 41 行.
NOTIC: [8] Use of undefined constant TeamManage - assumed 'TeamManage' E:\web\demo.ew9t.cn\lehu\web\Runtime\Cache\Home\f8418feda0ed672392efbb9b3dffc3fb.php 第 41 行.
NOTIC: [8] Use of undefined constant Contact - assumed 'Contact' E:\web\demo.ew9t.cn\lehu\web\Runtime\Cache\Home\f8418feda0ed672392efbb9b3dffc3fb.php 第 41 行.
NOTIC: [8] Use of undefined constant Link - assumed 'Link' E:\web\demo.ew9t.cn\lehu\web\Runtime\Cache\Home\f8418feda0ed672392efbb9b3dffc3fb.php 第 44 行.
INFO: Run Behavior\ParseTemplateBehavior [ RunTime:0.031250s ]
INFO: [ view_parse ] --END-- [ RunTime:0.031250s ]
INFO: [ view_filter ] --START--
INFO: Run Behavior\WriteHtmlCacheBehavior [ RunTime:0.000000s ]
INFO: [ view_filter ] --END-- [ RunTime:0.000000s ]
INFO: [ app_end ] --START--
INFO: Run Behavior\ShowPageTraceBehavior [ RunTime:0.000000s ]
INFO: [ app_end ] --END-- [ RunTime:0.000000s ]

[ 2016-07-14T18:55:27+08:00 ] 60.206.230.122 /index.php/Home/Train/showlist/p/2.html
INFO: [ app_init ] --START--
INFO: Run Behavior\BuildLiteBehavior [ RunTime:0.000000s ]
INFO: [ app_init ] --END-- [ RunTime:0.000000s ]
INFO: [ app_begin ] --START--
INFO: Run Behavior\ReadHtmlCacheBehavior [ RunTime:0.000000s ]
INFO: [ app_begin ] --END-- [ RunTime:0.000000s ]
SQL: SHOW COLUMNS FROM `lh_train` [ RunTime:0.0000s ]
SQL: SELECT COUNT(*) AS tp_count FROM `lh_train` LIMIT 1   [ RunTime:0.0000s ]
NOTIC: [2] Missing argument 3 for getpage(), called in E:\web\demo.ew9t.cn\lehu\web\Home\Controller\TrainController.class.php on line 17 and defined E:\web\demo.ew9t.cn\lehu\web\Common\Common\function.php 第 37 行.
NOTIC: [8] Undefined variable: search E:\web\demo.ew9t.cn\lehu\web\Common\Common\function.php 第 38 行.
NOTIC: [8] Undefined variable: search E:\web\demo.ew9t.cn\lehu\web\Common\Common\function.php 第 39 行.
SQL: SELECT * FROM `lh_train` ORDER BY train_id desc LIMIT 3,3   [ RunTime:0.0000s ]
SQL: SHOW COLUMNS FROM `lh_ad` [ RunTime:0.0000s ]
SQL: SELECT * FROM `lh_ad` WHERE ( col_id=29 )  [ RunTime:0.0000s ]
INFO: [ view_parse ] --START--
INFO: [ template_filter ] --START--
INFO: Run Behavior\ContentReplaceBehavior [ RunTime:0.000000s ]
INFO: [ template_filter ] --END-- [ RunTime:0.000000s ]
NOTIC: [8] Use of undefined constant Index - assumed 'Index' E:\web\demo.ew9t.cn\lehu\web\Runtime\Cache\Home\f8418feda0ed672392efbb9b3dffc3fb.php 第 33 行.
NOTIC: [8] Use of undefined constant About - assumed 'About' E:\web\demo.ew9t.cn\lehu\web\Runtime\Cache\Home\f8418feda0ed672392efbb9b3dffc3fb.php 第 34 行.
NOTIC: [8] Use of undefined constant News - assumed 'News' E:\web\demo.ew9t.cn\lehu\web\Runtime\Cache\Home\f8418feda0ed672392efbb9b3dffc3fb.php 第 34 行.
NOTIC: [8] Use of undefined constant Trailer - assumed 'Trailer' E:\web\demo.ew9t.cn\lehu\web\Runtime\Cache\Home\f8418feda0ed672392efbb9b3dffc3fb.php 第 34 行.
NOTIC: [8] Use of undefined constant Service - assumed 'Service' E:\web\demo.ew9t.cn\lehu\web\Runtime\Cache\Home\f8418feda0ed672392efbb9b3dffc3fb.php 第 37 行.
NOTIC: [8] Use of undefined constant Train - assumed 'Train' E:\web\demo.ew9t.cn\lehu\web\Runtime\Cache\Home\f8418feda0ed672392efbb9b3dffc3fb.php 第 38 行.
NOTIC: [8] Use of undefined constant Medical - assumed 'Medical' E:\web\demo.ew9t.cn\lehu\web\Runtime\Cache\Home\f8418feda0ed672392efbb9b3dffc3fb.php 第 39 行.
NOTIC: [8] Use of undefined constant Example - assumed 'Example' E:\web\demo.ew9t.cn\lehu\web\Runtime\Cache\Home\f8418feda0ed672392efbb9b3dffc3fb.php 第 40 行.
NOTIC: [8] Use of undefined constant TeamAssess - assumed 'TeamAssess' E:\web\demo.ew9t.cn\lehu\web\Runtime\Cache\Home\f8418feda0ed672392efbb9b3dffc3fb.php 第 41 行.
NOTIC: [8] Use of undefined constant TeamExpert - assumed 'TeamExpert' E:\web\demo.ew9t.cn\lehu\web\Runtime\Cache\Home\f8418feda0ed672392efbb9b3dffc3fb.php 第 41 行.
NOTIC: [8] Use of undefined constant TeamManage - assumed 'TeamManage' E:\web\demo.ew9t.cn\lehu\web\Runtime\Cache\Home\f8418feda0ed672392efbb9b3dffc3fb.php 第 41 行.
NOTIC: [8] Use of undefined constant Contact - assumed 'Contact' E:\web\demo.ew9t.cn\lehu\web\Runtime\Cache\Home\f8418feda0ed672392efbb9b3dffc3fb.php 第 41 行.
NOTIC: [8] Use of undefined constant Link - assumed 'Link' E:\web\demo.ew9t.cn\lehu\web\Runtime\Cache\Home\f8418feda0ed672392efbb9b3dffc3fb.php 第 44 行.
INFO: Run Behavior\ParseTemplateBehavior [ RunTime:0.015625s ]
INFO: [ view_parse ] --END-- [ RunTime:0.015625s ]
INFO: [ view_filter ] --START--
INFO: Run Behavior\WriteHtmlCacheBehavior [ RunTime:0.000000s ]
INFO: [ view_filter ] --END-- [ RunTime:0.000000s ]
INFO: [ app_end ] --START--
INFO: Run Behavior\ShowPageTraceBehavior [ RunTime:0.000000s ]
INFO: [ app_end ] --END-- [ RunTime:0.000000s ]

[ 2016-07-14T18:55:33+08:00 ] 60.206.230.122 /index.php/Home/Medical/showlist.html
INFO: [ app_init ] --START--
INFO: Run Behavior\BuildLiteBehavior [ RunTime:0.000000s ]
INFO: [ app_init ] --END-- [ RunTime:0.000000s ]
INFO: [ app_begin ] --START--
INFO: Run Behavior\ReadHtmlCacheBehavior [ RunTime:0.000000s ]
INFO: [ app_begin ] --END-- [ RunTime:0.000000s ]
SQL: SHOW COLUMNS FROM `lh_medical` [ RunTime:0.0000s ]
SQL: SELECT COUNT(*) AS tp_count FROM `lh_medical` LIMIT 1   [ RunTime:0.0000s ]
NOTIC: [2] Missing argument 3 for getpage(), called in E:\web\demo.ew9t.cn\lehu\web\Home\Controller\MedicalController.class.php on line 18 and defined E:\web\demo.ew9t.cn\lehu\web\Common\Common\function.php 第 37 行.
NOTIC: [8] Undefined variable: search E:\web\demo.ew9t.cn\lehu\web\Common\Common\function.php 第 38 行.
NOTIC: [8] Undefined variable: search E:\web\demo.ew9t.cn\lehu\web\Common\Common\function.php 第 39 行.
SQL: SELECT * FROM `lh_medical` ORDER BY medical_id desc LIMIT 0,2   [ RunTime:0.0000s ]
SQL: SHOW COLUMNS FROM `lh_ad` [ RunTime:0.0156s ]
SQL: SELECT * FROM `lh_ad` WHERE ( col_id=29 )  [ RunTime:0.0000s ]
INFO: [ view_parse ] --START--
INFO: [ template_filter ] --START--
INFO: Run Behavior\ContentReplaceBehavior [ RunTime:0.000000s ]
INFO: [ template_filter ] --END-- [ RunTime:0.000000s ]
NOTIC: [8] Use of undefined constant Index - assumed 'Index' E:\web\demo.ew9t.cn\lehu\web\Runtime\Cache\Home\3f28f98ae38d5ca03e9dd51ea5394cb7.php 第 33 行.
NOTIC: [8] Use of undefined constant About - assumed 'About' E:\web\demo.ew9t.cn\lehu\web\Runtime\Cache\Home\3f28f98ae38d5ca03e9dd51ea5394cb7.php 第 34 行.
NOTIC: [8] Use of undefined constant News - assumed 'News' E:\web\demo.ew9t.cn\lehu\web\Runtime\Cache\Home\3f28f98ae38d5ca03e9dd51ea5394cb7.php 第 34 行.
NOTIC: [8] Use of undefined constant Trailer - assumed 'Trailer' E:\web\demo.ew9t.cn\lehu\web\Runtime\Cache\Home\3f28f98ae38d5ca03e9dd51ea5394cb7.php 第 34 行.
NOTIC: [8] Use of undefined constant Service - assumed 'Service' E:\web\demo.ew9t.cn\lehu\web\Runtime\Cache\Home\3f28f98ae38d5ca03e9dd51ea5394cb7.php 第 37 行.
NOTIC: [8] Use of undefined constant Train - assumed 'Train' E:\web\demo.ew9t.cn\lehu\web\Runtime\Cache\Home\3f28f98ae38d5ca03e9dd51ea5394cb7.php 第 38 行.
NOTIC: [8] Use of undefined constant Medical - assumed 'Medical' E:\web\demo.ew9t.cn\lehu\web\Runtime\Cache\Home\3f28f98ae38d5ca03e9dd51ea5394cb7.php 第 39 行.
NOTIC: [8] Use of undefined constant Example - assumed 'Example' E:\web\demo.ew9t.cn\lehu\web\Runtime\Cache\Home\3f28f98ae38d5ca03e9dd51ea5394cb7.php 第 40 行.
NOTIC: [8] Use of undefined constant TeamAssess - assumed 'TeamAssess' E:\web\demo.ew9t.cn\lehu\web\Runtime\Cache\Home\3f28f98ae38d5ca03e9dd51ea5394cb7.php 第 41 行.
NOTIC: [8] Use of undefined constant TeamExpert - assumed 'TeamExpert' E:\web\demo.ew9t.cn\lehu\web\Runtime\Cache\Home\3f28f98ae38d5ca03e9dd51ea5394cb7.php 第 41 行.
NOTIC: [8] Use of undefined constant TeamManage - assumed 'TeamManage' E:\web\demo.ew9t.cn\lehu\web\Runtime\Cache\Home\3f28f98ae38d5ca03e9dd51ea5394cb7.php 第 41 行.
NOTIC: [8] Use of undefined constant Contact - assumed 'Contact' E:\web\demo.ew9t.cn\lehu\web\Runtime\Cache\Home\3f28f98ae38d5ca03e9dd51ea5394cb7.php 第 41 行.
NOTIC: [8] Use of undefined constant Link - assumed 'Link' E:\web\demo.ew9t.cn\lehu\web\Runtime\Cache\Home\3f28f98ae38d5ca03e9dd51ea5394cb7.php 第 44 行.
INFO: Run Behavior\ParseTemplateBehavior [ RunTime:0.015625s ]
INFO: [ view_parse ] --END-- [ RunTime:0.015625s ]
INFO: [ view_filter ] --START--
INFO: Run Behavior\WriteHtmlCacheBehavior [ RunTime:0.000000s ]
INFO: [ view_filter ] --END-- [ RunTime:0.000000s ]
INFO: [ app_end ] --START--
INFO: Run Behavior\ShowPageTraceBehavior [ RunTime:0.000000s ]
INFO: [ app_end ] --END-- [ RunTime:0.000000s ]

[ 2016-07-14T18:55:38+08:00 ] 60.206.230.122 /index.php/Home/Example/showlist.html
INFO: [ app_init ] --START--
INFO: Run Behavior\BuildLiteBehavior [ RunTime:0.000000s ]
INFO: [ app_init ] --END-- [ RunTime:0.000000s ]
INFO: [ app_begin ] --START--
INFO: Run Behavior\ReadHtmlCacheBehavior [ RunTime:0.000000s ]
INFO: [ app_begin ] --END-- [ RunTime:0.000000s ]
SQL: SHOW COLUMNS FROM `lh_example` [ RunTime:0.0000s ]
SQL: SELECT COUNT(*) AS tp_count FROM `lh_example` LIMIT 1   [ RunTime:0.0000s ]
NOTIC: [2] Missing argument 3 for getpage(), called in E:\web\demo.ew9t.cn\lehu\web\Home\Controller\ExampleController.class.php on line 19 and defined E:\web\demo.ew9t.cn\lehu\web\Common\Common\function.php 第 37 行.
NOTIC: [8] Undefined variable: search E:\web\demo.ew9t.cn\lehu\web\Common\Common\function.php 第 38 行.
NOTIC: [8] Undefined variable: search E:\web\demo.ew9t.cn\lehu\web\Common\Common\function.php 第 39 行.
SQL: SELECT * FROM `lh_example` ORDER BY example_id desc LIMIT 0,3   [ RunTime:0.0000s ]
SQL: SHOW COLUMNS FROM `lh_ad` [ RunTime:0.0156s ]
SQL: SELECT * FROM `lh_ad` WHERE ( col_id=29 )  [ RunTime:0.0000s ]
INFO: [ view_parse ] --START--
INFO: [ template_filter ] --START--
INFO: Run Behavior\ContentReplaceBehavior [ RunTime:0.000000s ]
INFO: [ template_filter ] --END-- [ RunTime:0.000000s ]
NOTIC: [8] Use of undefined constant Index - assumed 'Index' E:\web\demo.ew9t.cn\lehu\web\Runtime\Cache\Home\796e333f6334ff1bab037162e7caf37f.php 第 33 行.
NOTIC: [8] Use of undefined constant About - assumed 'About' E:\web\demo.ew9t.cn\lehu\web\Runtime\Cache\Home\796e333f6334ff1bab037162e7caf37f.php 第 34 行.
NOTIC: [8] Use of undefined constant News - assumed 'News' E:\web\demo.ew9t.cn\lehu\web\Runtime\Cache\Home\796e333f6334ff1bab037162e7caf37f.php 第 34 行.
NOTIC: [8] Use of undefined constant Trailer - assumed 'Trailer' E:\web\demo.ew9t.cn\lehu\web\Runtime\Cache\Home\796e333f6334ff1bab037162e7caf37f.php 第 34 行.
NOTIC: [8] Use of undefined constant Service - assumed 'Service' E:\web\demo.ew9t.cn\lehu\web\Runtime\Cache\Home\796e333f6334ff1bab037162e7caf37f.php 第 37 行.
NOTIC: [8] Use of undefined constant Train - assumed 'Train' E:\web\demo.ew9t.cn\lehu\web\Runtime\Cache\Home\796e333f6334ff1bab037162e7caf37f.php 第 38 行.
NOTIC: [8] Use of undefined constant Medical - assumed 'Medical' E:\web\demo.ew9t.cn\lehu\web\Runtime\Cache\Home\796e333f6334ff1bab037162e7caf37f.php 第 39 行.
NOTIC: [8] Use of undefined constant Example - assumed 'Example' E:\web\demo.ew9t.cn\lehu\web\Runtime\Cache\Home\796e333f6334ff1bab037162e7caf37f.php 第 40 行.
NOTIC: [8] Use of undefined constant TeamAssess - assumed 'TeamAssess' E:\web\demo.ew9t.cn\lehu\web\Runtime\Cache\Home\796e333f6334ff1bab037162e7caf37f.php 第 41 行.
NOTIC: [8] Use of undefined constant TeamExpert - assumed 'TeamExpert' E:\web\demo.ew9t.cn\lehu\web\Runtime\Cache\Home\796e333f6334ff1bab037162e7caf37f.php 第 41 行.
NOTIC: [8] Use of undefined constant TeamManage - assumed 'TeamManage' E:\web\demo.ew9t.cn\lehu\web\Runtime\Cache\Home\796e333f6334ff1bab037162e7caf37f.php 第 41 行.
NOTIC: [8] Use of undefined constant Contact - assumed 'Contact' E:\web\demo.ew9t.cn\lehu\web\Runtime\Cache\Home\796e333f6334ff1bab037162e7caf37f.php 第 41 行.
NOTIC: [8] Use of undefined constant Link - assumed 'Link' E:\web\demo.ew9t.cn\lehu\web\Runtime\Cache\Home\796e333f6334ff1bab037162e7caf37f.php 第 44 行.
INFO: Run Behavior\ParseTemplateBehavior [ RunTime:0.015625s ]
INFO: [ view_parse ] --END-- [ RunTime:0.015625s ]
INFO: [ view_filter ] --START--
INFO: Run Behavior\WriteHtmlCacheBehavior [ RunTime:0.000000s ]
INFO: [ view_filter ] --END-- [ RunTime:0.000000s ]
INFO: [ app_end ] --START--
INFO: Run Behavior\ShowPageTraceBehavior [ RunTime:0.000000s ]
INFO: [ app_end ] --END-- [ RunTime:0.000000s ]

[ 2016-07-14T18:55:42+08:00 ] 60.206.230.122 /index.php/Home/TeamAssess/showlist.html
INFO: [ app_init ] --START--
INFO: Run Behavior\BuildLiteBehavior [ RunTime:0.000000s ]
INFO: [ app_init ] --END-- [ RunTime:0.000000s ]
INFO: [ app_begin ] --START--
INFO: Run Behavior\ReadHtmlCacheBehavior [ RunTime:0.000000s ]
INFO: [ app_begin ] --END-- [ RunTime:0.000000s ]
SQL: SHOW COLUMNS FROM `lh_team_assess` [ RunTime:0.0000s ]
SQL: SELECT * FROM `lh_team_assess`  [ RunTime:0.0000s ]
SQL: SHOW COLUMNS FROM `lh_team_nurse` [ RunTime:0.0156s ]
SQL: SELECT * FROM `lh_team_nurse`  [ RunTime:0.0000s ]
SQL: SHOW COLUMNS FROM `lh_team_health` [ RunTime:0.0000s ]
SQL: SELECT * FROM `lh_team_health`  [ RunTime:0.0000s ]
SQL: SHOW COLUMNS FROM `lh_ad` [ RunTime:0.0156s ]
SQL: SELECT * FROM `lh_ad` WHERE ( col_id=29 )  [ RunTime:0.0000s ]
INFO: [ view_parse ] --START--
INFO: [ template_filter ] --START--
INFO: Run Behavior\ContentReplaceBehavior [ RunTime:0.000000s ]
INFO: [ template_filter ] --END-- [ RunTime:0.000000s ]
NOTIC: [8] Use of undefined constant Index - assumed 'Index' E:\web\demo.ew9t.cn\lehu\web\Runtime\Cache\Home\f929a4b909990c67ef60ebbcd0d4132f.php 第 33 行.
NOTIC: [8] Use of undefined constant About - assumed 'About' E:\web\demo.ew9t.cn\lehu\web\Runtime\Cache\Home\f929a4b909990c67ef60ebbcd0d4132f.php 第 34 行.
NOTIC: [8] Use of undefined constant News - assumed 'News' E:\web\demo.ew9t.cn\lehu\web\Runtime\Cache\Home\f929a4b909990c67ef60ebbcd0d4132f.php 第 34 行.
NOTIC: [8] Use of undefined constant Trailer - assumed 'Trailer' E:\web\demo.ew9t.cn\lehu\web\Runtime\Cache\Home\f929a4b909990c67ef60ebbcd0d4132f.php 第 34 行.
NOTIC: [8] Use of undefined constant Service - assumed 'Service' E:\web\demo.ew9t.cn\lehu\web\Runtime\Cache\Home\f929a4b909990c67ef60ebbcd0d4132f.php 第 37 行.
NOTIC: [8] Use of undefined constant Train - assumed 'Train' E:\web\demo.ew9t.cn\lehu\web\Runtime\Cache\Home\f929a4b909990c67ef60ebbcd0d4132f.php 第 38 行.
NOTIC: [8] Use of undefined constant Medical - assumed 'Medical' E:\web\demo.ew9t.cn\lehu\web\Runtime\Cache\Home\f929a4b909990c67ef60ebbcd0d4132f.php 第 39 行.
NOTIC: [8] Use of undefined constant Example - assumed 'Example' E:\web\demo.ew9t.cn\lehu\web\Runtime\Cache\Home\f929a4b909990c67ef60ebbcd0d4132f.php 第 40 行.
NOTIC: [8] Use of undefined constant TeamAssess - assumed 'TeamAssess' E:\web\demo.ew9t.cn\lehu\web\Runtime\Cache\Home\f929a4b909990c67ef60ebbcd0d4132f.php 第 41 行.
NOTIC: [8] Use of undefined constant Link - assumed 'Link' E:\web\demo.ew9t.cn\lehu\web\Runtime\Cache\Home\f929a4b909990c67ef60ebbcd0d4132f.php 第 44 行.
INFO: Run Behavior\ParseTemplateBehavior [ RunTime:0.015625s ]
INFO: [ view_parse ] --END-- [ RunTime:0.015625s ]
INFO: [ view_filter ] --START--
INFO: Run Behavior\WriteHtmlCacheBehavior [ RunTime:0.000000s ]
INFO: [ view_filter ] --END-- [ RunTime:0.000000s ]
INFO: [ app_end ] --START--
INFO: Run Behavior\ShowPageTraceBehavior [ RunTime:0.000000s ]
INFO: [ app_end ] --END-- [ RunTime:0.000000s ]

[ 2016-07-14T18:56:01+08:00 ] 60.206.230.122 /index.php/Home/TeamExpert/showlist.html
INFO: [ app_init ] --START--
INFO: Run Behavior\BuildLiteBehavior [ RunTime:0.000000s ]
INFO: [ app_init ] --END-- [ RunTime:0.000000s ]
INFO: [ app_begin ] --START--
INFO: Run Behavior\ReadHtmlCacheBehavior [ RunTime:0.000000s ]
INFO: [ app_begin ] --END-- [ RunTime:0.000000s ]
SQL: SHOW COLUMNS FROM `lh_team_expert` [ RunTime:0.0000s ]
SQL: SELECT COUNT(*) AS tp_count FROM `lh_team_expert` LIMIT 1   [ RunTime:0.0000s ]
NOTIC: [2] Missing argument 3 for getpage(), called in E:\web\demo.ew9t.cn\lehu\web\Home\Controller\TeamExpertController.class.php on line 17 and defined E:\web\demo.ew9t.cn\lehu\web\Common\Common\function.php 第 37 行.
NOTIC: [8] Undefined variable: search E:\web\demo.ew9t.cn\lehu\web\Common\Common\function.php 第 38 行.
NOTIC: [8] Undefined variable: search E:\web\demo.ew9t.cn\lehu\web\Common\Common\function.php 第 39 行.
SQL: SELECT * FROM `lh_team_expert` ORDER BY team_id desc LIMIT 0,3   [ RunTime:0.0000s ]
SQL: SHOW COLUMNS FROM `lh_ad` [ RunTime:0.0156s ]
SQL: SELECT * FROM `lh_ad` WHERE ( col_id=29 )  [ RunTime:0.0000s ]
INFO: [ view_parse ] --START--
INFO: [ template_filter ] --START--
INFO: Run Behavior\ContentReplaceBehavior [ RunTime:0.000000s ]
INFO: [ template_filter ] --END-- [ RunTime:0.000000s ]
NOTIC: [8] Use of undefined constant Index - assumed 'Index' E:\web\demo.ew9t.cn\lehu\web\Runtime\Cache\Home\c82b877a8a949568afad8bb6e379da79.php 第 33 行.
NOTIC: [8] Use of undefined constant About - assumed 'About' E:\web\demo.ew9t.cn\lehu\web\Runtime\Cache\Home\c82b877a8a949568afad8bb6e379da79.php 第 34 行.
NOTIC: [8] Use of undefined constant News - assumed 'News' E:\web\demo.ew9t.cn\lehu\web\Runtime\Cache\Home\c82b877a8a949568afad8bb6e379da79.php 第 34 行.
NOTIC: [8] Use of undefined constant Trailer - assumed 'Trailer' E:\web\demo.ew9t.cn\lehu\web\Runtime\Cache\Home\c82b877a8a949568afad8bb6e379da79.php 第 34 行.
NOTIC: [8] Use of undefined constant Service - assumed 'Service' E:\web\demo.ew9t.cn\lehu\web\Runtime\Cache\Home\c82b877a8a949568afad8bb6e379da79.php 第 37 行.
NOTIC: [8] Use of undefined constant Train - assumed 'Train' E:\web\demo.ew9t.cn\lehu\web\Runtime\Cache\Home\c82b877a8a949568afad8bb6e379da79.php 第 38 行.
NOTIC: [8] Use of undefined constant Medical - assumed 'Medical' E:\web\demo.ew9t.cn\lehu\web\Runtime\Cache\Home\c82b877a8a949568afad8bb6e379da79.php 第 39 行.
NOTIC: [8] Use of undefined constant Example - assumed 'Example' E:\web\demo.ew9t.cn\lehu\web\Runtime\Cache\Home\c82b877a8a949568afad8bb6e379da79.php 第 40 行.
NOTIC: [8] Use of undefined constant TeamAssess - assumed 'TeamAssess' E:\web\demo.ew9t.cn\lehu\web\Runtime\Cache\Home\c82b877a8a949568afad8bb6e379da79.php 第 41 行.
NOTIC: [8] Use of undefined constant TeamExpert - assumed 'TeamExpert' E:\web\demo.ew9t.cn\lehu\web\Runtime\Cache\Home\c82b877a8a949568afad8bb6e379da79.php 第 41 行.
NOTIC: [8] Use of undefined constant Link - assumed 'Link' E:\web\demo.ew9t.cn\lehu\web\Runtime\Cache\Home\c82b877a8a949568afad8bb6e379da79.php 第 44 行.
INFO: Run Behavior\ParseTemplateBehavior [ RunTime:0.015625s ]
INFO: [ view_parse ] --END-- [ RunTime:0.015625s ]
INFO: [ view_filter ] --START--
INFO: Run Behavior\WriteHtmlCacheBehavior [ RunTime:0.000000s ]
INFO: [ view_filter ] --END-- [ RunTime:0.000000s ]
INFO: [ app_end ] --START--
INFO: Run Behavior\ShowPageTraceBehavior [ RunTime:0.000000s ]
INFO: [ app_end ] --END-- [ RunTime:0.000000s ]

[ 2016-07-14T18:56:04+08:00 ] 60.206.230.122 /index.php/Home/TeamManage/showlist.html
INFO: [ app_init ] --START--
INFO: Run Behavior\BuildLiteBehavior [ RunTime:0.000000s ]
INFO: [ app_init ] --END-- [ RunTime:0.000000s ]
INFO: [ app_begin ] --START--
INFO: Run Behavior\ReadHtmlCacheBehavior [ RunTime:0.015625s ]
INFO: [ app_begin ] --END-- [ RunTime:0.015625s ]
SQL: SHOW COLUMNS FROM `lh_team_manage` [ RunTime:0.0000s ]
SQL: SELECT COUNT(*) AS tp_count FROM `lh_team_manage` LIMIT 1   [ RunTime:0.0000s ]
NOTIC: [2] Missing argument 3 for getpage(), called in E:\web\demo.ew9t.cn\lehu\web\Home\Controller\TeamManageController.class.php on line 17 and defined E:\web\demo.ew9t.cn\lehu\web\Common\Common\function.php 第 37 行.
NOTIC: [8] Undefined variable: search E:\web\demo.ew9t.cn\lehu\web\Common\Common\function.php 第 38 行.
NOTIC: [8] Undefined variable: search E:\web\demo.ew9t.cn\lehu\web\Common\Common\function.php 第 39 行.
SQL: SELECT * FROM `lh_team_manage` ORDER BY team_id desc LIMIT 0,3   [ RunTime:0.0000s ]
SQL: SHOW COLUMNS FROM `lh_ad` [ RunTime:0.0156s ]
SQL: SELECT * FROM `lh_ad` WHERE ( col_id=29 )  [ RunTime:0.0000s ]
INFO: [ view_parse ] --START--
INFO: [ template_filter ] --START--
INFO: Run Behavior\ContentReplaceBehavior [ RunTime:0.000000s ]
INFO: [ template_filter ] --END-- [ RunTime:0.000000s ]
NOTIC: [8] Use of undefined constant Index - assumed 'Index' E:\web\demo.ew9t.cn\lehu\web\Runtime\Cache\Home\95b3cf500aaa69c140ad5ea419820164.php 第 33 行.
NOTIC: [8] Use of undefined constant About - assumed 'About' E:\web\demo.ew9t.cn\lehu\web\Runtime\Cache\Home\95b3cf500aaa69c140ad5ea419820164.php 第 34 行.
NOTIC: [8] Use of undefined constant News - assumed 'News' E:\web\demo.ew9t.cn\lehu\web\Runtime\Cache\Home\95b3cf500aaa69c140ad5ea419820164.php 第 34 行.
NOTIC: [8] Use of undefined constant Trailer - assumed 'Trailer' E:\web\demo.ew9t.cn\lehu\web\Runtime\Cache\Home\95b3cf500aaa69c140ad5ea419820164.php 第 34 行.
NOTIC: [8] Use of undefined constant Service - assumed 'Service' E:\web\demo.ew9t.cn\lehu\web\Runtime\Cache\Home\95b3cf500aaa69c140ad5ea419820164.php 第 37 行.
NOTIC: [8] Use of undefined constant Train - assumed 'Train' E:\web\demo.ew9t.cn\lehu\web\Runtime\Cache\Home\95b3cf500aaa69c140ad5ea419820164.php 第 38 行.
NOTIC: [8] Use of undefined constant Medical - assumed 'Medical' E:\web\demo.ew9t.cn\lehu\web\Runtime\Cache\Home\95b3cf500aaa69c140ad5ea419820164.php 第 39 行.
NOTIC: [8] Use of undefined constant Example - assumed 'Example' E:\web\demo.ew9t.cn\lehu\web\Runtime\Cache\Home\95b3cf500aaa69c140ad5ea419820164.php 第 40 行.
NOTIC: [8] Use of undefined constant TeamAssess - assumed 'TeamAssess' E:\web\demo.ew9t.cn\lehu\web\Runtime\Cache\Home\95b3cf500aaa69c140ad5ea419820164.php 第 41 行.
NOTIC: [8] Use of undefined constant TeamExpert - assumed 'TeamExpert' E:\web\demo.ew9t.cn\lehu\web\Runtime\Cache\Home\95b3cf500aaa69c140ad5ea419820164.php 第 41 行.
NOTIC: [8] Use of undefined constant TeamManage - assumed 'TeamManage' E:\web\demo.ew9t.cn\lehu\web\Runtime\Cache\Home\95b3cf500aaa69c140ad5ea419820164.php 第 41 行.
NOTIC: [8] Use of undefined constant Link - assumed 'Link' E:\web\demo.ew9t.cn\lehu\web\Runtime\Cache\Home\95b3cf500aaa69c140ad5ea419820164.php 第 44 行.
INFO: Run Behavior\ParseTemplateBehavior [ RunTime:0.015625s ]
INFO: [ view_parse ] --END-- [ RunTime:0.015625s ]
INFO: [ view_filter ] --START--
INFO: Run Behavior\WriteHtmlCacheBehavior [ RunTime:0.000000s ]
INFO: [ view_filter ] --END-- [ RunTime:0.000000s ]
INFO: [ app_end ] --START--
INFO: Run Behavior\ShowPageTraceBehavior [ RunTime:0.000000s ]
INFO: [ app_end ] --END-- [ RunTime:0.000000s ]

[ 2016-07-14T18:56:06+08:00 ] 60.206.230.122 /index.php/Home/Contact/showlist.html
INFO: [ app_init ] --START--
INFO: Run Behavior\BuildLiteBehavior [ RunTime:0.000000s ]
INFO: [ app_init ] --END-- [ RunTime:0.000000s ]
INFO: [ app_begin ] --START--
INFO: Run Behavior\ReadHtmlCacheBehavior [ RunTime:0.000000s ]
INFO: [ app_begin ] --END-- [ RunTime:0.000000s ]
SQL: SHOW COLUMNS FROM `lh_ad` [ RunTime:0.0000s ]
SQL: SELECT * FROM `lh_ad` WHERE ( col_id=29 )  [ RunTime:0.0000s ]
INFO: [ view_parse ] --START--
INFO: [ template_filter ] --START--
INFO: Run Behavior\ContentReplaceBehavior [ RunTime:0.000000s ]
INFO: [ template_filter ] --END-- [ RunTime:0.000000s ]
NOTIC: [8] Use of undefined constant Index - assumed 'Index' E:\web\demo.ew9t.cn\lehu\web\Runtime\Cache\Home\1eec7fafc1dceca6f4a0fab89799034d.php 第 33 行.
NOTIC: [8] Use of undefined constant About - assumed 'About' E:\web\demo.ew9t.cn\lehu\web\Runtime\Cache\Home\1eec7fafc1dceca6f4a0fab89799034d.php 第 34 行.
NOTIC: [8] Use of undefined constant News - assumed 'News' E:\web\demo.ew9t.cn\lehu\web\Runtime\Cache\Home\1eec7fafc1dceca6f4a0fab89799034d.php 第 34 行.
NOTIC: [8] Use of undefined constant Trailer - assumed 'Trailer' E:\web\demo.ew9t.cn\lehu\web\Runtime\Cache\Home\1eec7fafc1dceca6f4a0fab89799034d.php 第 34 行.
NOTIC: [8] Use of undefined constant Service - assumed 'Service' E:\web\demo.ew9t.cn\lehu\web\Runtime\Cache\Home\1eec7fafc1dceca6f4a0fab89799034d.php 第 37 行.
NOTIC: [8] Use of undefined constant Train - assumed 'Train' E:\web\demo.ew9t.cn\lehu\web\Runtime\Cache\Home\1eec7fafc1dceca6f4a0fab89799034d.php 第 38 行.
NOTIC: [8] Use of undefined constant Medical - assumed 'Medical' E:\web\demo.ew9t.cn\lehu\web\Runtime\Cache\Home\1eec7fafc1dceca6f4a0fab89799034d.php 第 39 行.
NOTIC: [8] Use of undefined constant Example - assumed 'Example' E:\web\demo.ew9t.cn\lehu\web\Runtime\Cache\Home\1eec7fafc1dceca6f4a0fab89799034d.php 第 40 行.
NOTIC: [8] Use of undefined constant TeamAssess - assumed 'TeamAssess' E:\web\demo.ew9t.cn\lehu\web\Runtime\Cache\Home\1eec7fafc1dceca6f4a0fab89799034d.php 第 41 行.
NOTIC: [8] Use of undefined constant TeamExpert - assumed 'TeamExpert' E:\web\demo.ew9t.cn\lehu\web\Runtime\Cache\Home\1eec7fafc1dceca6f4a0fab89799034d.php 第 41 行.
NOTIC: [8] Use of undefined constant TeamManage - assumed 'TeamManage' E:\web\demo.ew9t.cn\lehu\web\Runtime\Cache\Home\1eec7fafc1dceca6f4a0fab89799034d.php 第 41 行.
NOTIC: [8] Use of undefined constant Contact - assumed 'Contact' E:\web\demo.ew9t.cn\lehu\web\Runtime\Cache\Home\1eec7fafc1dceca6f4a0fab89799034d.php 第 41 行.
NOTIC: [8] Use of undefined constant Link - assumed 'Link' E:\web\demo.ew9t.cn\lehu\web\Runtime\Cache\Home\1eec7fafc1dceca6f4a0fab89799034d.php 第 44 行.
INFO: Run Behavior\ParseTemplateBehavior [ RunTime:0.031250s ]
INFO: [ view_parse ] --END-- [ RunTime:0.031250s ]
INFO: [ view_filter ] --START--
INFO: Run Behavior\WriteHtmlCacheBehavior [ RunTime:0.000000s ]
INFO: [ view_filter ] --END-- [ RunTime:0.000000s ]
INFO: [ app_end ] --START--
INFO: Run Behavior\ShowPageTraceBehavior [ RunTime:0.000000s ]
INFO: [ app_end ] --END-- [ RunTime:0.000000s ]

[ 2016-07-14T18:56:10+08:00 ] 60.206.230.122 /index.php/Home/Link/showlist.html
INFO: [ app_init ] --START--
INFO: Run Behavior\BuildLiteBehavior [ RunTime:0.000000s ]
INFO: [ app_init ] --END-- [ RunTime:0.000000s ]
INFO: [ app_begin ] --START--
INFO: Run Behavior\ReadHtmlCacheBehavior [ RunTime:0.000000s ]
INFO: [ app_begin ] --END-- [ RunTime:0.000000s ]
SQL: SHOW COLUMNS FROM `lh_link` [ RunTime:0.0000s ]
SQL: SELECT * FROM `lh_link`  [ RunTime:0.0000s ]
SQL: SHOW COLUMNS FROM `lh_ad` [ RunTime:0.0156s ]
SQL: SELECT * FROM `lh_ad` WHERE ( col_id=29 )  [ RunTime:0.0000s ]
INFO: [ view_parse ] --START--
INFO: [ template_filter ] --START--
INFO: Run Behavior\ContentReplaceBehavior [ RunTime:0.000000s ]
INFO: [ template_filter ] --END-- [ RunTime:0.000000s ]
NOTIC: [8] Use of undefined constant Index - assumed 'Index' E:\web\demo.ew9t.cn\lehu\web\Runtime\Cache\Home\18b8155d7e44eaf6025eb494d065ab9f.php 第 33 行.
NOTIC: [8] Use of undefined constant About - assumed 'About' E:\web\demo.ew9t.cn\lehu\web\Runtime\Cache\Home\18b8155d7e44eaf6025eb494d065ab9f.php 第 34 行.
NOTIC: [8] Use of undefined constant News - assumed 'News' E:\web\demo.ew9t.cn\lehu\web\Runtime\Cache\Home\18b8155d7e44eaf6025eb494d065ab9f.php 第 34 行.
NOTIC: [8] Use of undefined constant Trailer - assumed 'Trailer' E:\web\demo.ew9t.cn\lehu\web\Runtime\Cache\Home\18b8155d7e44eaf6025eb494d065ab9f.php 第 34 行.
NOTIC: [8] Use of undefined constant Service - assumed 'Service' E:\web\demo.ew9t.cn\lehu\web\Runtime\Cache\Home\18b8155d7e44eaf6025eb494d065ab9f.php 第 37 行.
NOTIC: [8] Use of undefined constant Train - assumed 'Train' E:\web\demo.ew9t.cn\lehu\web\Runtime\Cache\Home\18b8155d7e44eaf6025eb494d065ab9f.php 第 38 行.
NOTIC: [8] Use of undefined constant Medical - assumed 'Medical' E:\web\demo.ew9t.cn\lehu\web\Runtime\Cache\Home\18b8155d7e44eaf6025eb494d065ab9f.php 第 39 行.
NOTIC: [8] Use of undefined constant Example - assumed 'Example' E:\web\demo.ew9t.cn\lehu\web\Runtime\Cache\Home\18b8155d7e44eaf6025eb494d065ab9f.php 第 40 行.
NOTIC: [8] Use of undefined constant TeamAssess - assumed 'TeamAssess' E:\web\demo.ew9t.cn\lehu\web\Runtime\Cache\Home\18b8155d7e44eaf6025eb494d065ab9f.php 第 41 行.
NOTIC: [8] Use of undefined constant TeamExpert - assumed 'TeamExpert' E:\web\demo.ew9t.cn\lehu\web\Runtime\Cache\Home\18b8155d7e44eaf6025eb494d065ab9f.php 第 41 行.
NOTIC: [8] Use of undefined constant TeamManage - assumed 'TeamManage' E:\web\demo.ew9t.cn\lehu\web\Runtime\Cache\Home\18b8155d7e44eaf6025eb494d065ab9f.php 第 41 行.
NOTIC: [8] Use of undefined constant Contact - assumed 'Contact' E:\web\demo.ew9t.cn\lehu\web\Runtime\Cache\Home\18b8155d7e44eaf6025eb494d065ab9f.php 第 41 行.
NOTIC: [8] Use of undefined constant Link - assumed 'Link' E:\web\demo.ew9t.cn\lehu\web\Runtime\Cache\Home\18b8155d7e44eaf6025eb494d065ab9f.php 第 44 行.
INFO: Run Behavior\ParseTemplateBehavior [ RunTime:0.015625s ]
INFO: [ view_parse ] --END-- [ RunTime:0.015625s ]
INFO: [ view_filter ] --START--
INFO: Run Behavior\WriteHtmlCacheBehavior [ RunTime:0.000000s ]
INFO: [ view_filter ] --END-- [ RunTime:0.000000s ]
INFO: [ app_end ] --START--
INFO: Run Behavior\ShowPageTraceBehavior [ RunTime:0.000000s ]
INFO: [ app_end ] --END-- [ RunTime:0.000000s ]

[ 2016-07-14T18:56:27+08:00 ] 60.206.230.122 /index.php/Home/Index/index.html
INFO: [ app_init ] --START--
INFO: Run Behavior\BuildLiteBehavior [ RunTime:0.000000s ]
INFO: [ app_init ] --END-- [ RunTime:0.000000s ]
INFO: [ app_begin ] --START--
INFO: Run Behavior\ReadHtmlCacheBehavior [ RunTime:0.000000s ]
INFO: [ app_begin ] --END-- [ RunTime:0.000000s ]
SQL: SHOW COLUMNS FROM `lh_ad` [ RunTime:0.0000s ]
SQL: SELECT * FROM `lh_ad` WHERE ( col_id=27 ) LIMIT 0,4   [ RunTime:0.0000s ]
SQL: SELECT * FROM `lh_ad` WHERE ( col_id=28 ) LIMIT 0,3   [ RunTime:0.0000s ]
SQL: SHOW COLUMNS FROM `lh_service` [ RunTime:0.0156s ]
SQL: SELECT * FROM `lh_service` ORDER BY service_id LIMIT 1,6   [ RunTime:0.0000s ]
SQL: SELECT * FROM `lh_service` ORDER BY service_id LIMIT 6,3   [ RunTime:0.0000s ]
INFO: [ view_parse ] --START--
INFO: [ template_filter ] --START--
INFO: Run Behavior\ContentReplaceBehavior [ RunTime:0.000000s ]
INFO: [ template_filter ] --END-- [ RunTime:0.000000s ]
NOTIC: [8] Use of undefined constant Index - assumed 'Index' E:\web\demo.ew9t.cn\lehu\web\Runtime\Cache\Home\61c79409ce17c2a83f7aeec0601b7864.php 第 33 行.
NOTIC: [8] Use of undefined constant About - assumed 'About' E:\web\demo.ew9t.cn\lehu\web\Runtime\Cache\Home\61c79409ce17c2a83f7aeec0601b7864.php 第 34 行.
NOTIC: [8] Use of undefined constant News - assumed 'News' E:\web\demo.ew9t.cn\lehu\web\Runtime\Cache\Home\61c79409ce17c2a83f7aeec0601b7864.php 第 34 行.
NOTIC: [8] Use of undefined constant Trailer - assumed 'Trailer' E:\web\demo.ew9t.cn\lehu\web\Runtime\Cache\Home\61c79409ce17c2a83f7aeec0601b7864.php 第 34 行.
NOTIC: [8] Use of undefined constant Service - assumed 'Service' E:\web\demo.ew9t.cn\lehu\web\Runtime\Cache\Home\61c79409ce17c2a83f7aeec0601b7864.php 第 37 行.
NOTIC: [8] Use of undefined constant Train - assumed 'Train' E:\web\demo.ew9t.cn\lehu\web\Runtime\Cache\Home\61c79409ce17c2a83f7aeec0601b7864.php 第 38 行.
NOTIC: [8] Use of undefined constant Medical - assumed 'Medical' E:\web\demo.ew9t.cn\lehu\web\Runtime\Cache\Home\61c79409ce17c2a83f7aeec0601b7864.php 第 39 行.
NOTIC: [8] Use of undefined constant Example - assumed 'Example' E:\web\demo.ew9t.cn\lehu\web\Runtime\Cache\Home\61c79409ce17c2a83f7aeec0601b7864.php 第 40 行.
NOTIC: [8] Use of undefined constant TeamAssess - assumed 'TeamAssess' E:\web\demo.ew9t.cn\lehu\web\Runtime\Cache\Home\61c79409ce17c2a83f7aeec0601b7864.php 第 41 行.
NOTIC: [8] Use of undefined constant TeamExpert - assumed 'TeamExpert' E:\web\demo.ew9t.cn\lehu\web\Runtime\Cache\Home\61c79409ce17c2a83f7aeec0601b7864.php 第 41 行.
NOTIC: [8] Use of undefined constant TeamManage - assumed 'TeamManage' E:\web\demo.ew9t.cn\lehu\web\Runtime\Cache\Home\61c79409ce17c2a83f7aeec0601b7864.php 第 41 行.
NOTIC: [8] Use of undefined constant Contact - assumed 'Contact' E:\web\demo.ew9t.cn\lehu\web\Runtime\Cache\Home\61c79409ce17c2a83f7aeec0601b7864.php 第 41 行.
NOTIC: [8] Use of undefined constant Link - assumed 'Link' E:\web\demo.ew9t.cn\lehu\web\Runtime\Cache\Home\61c79409ce17c2a83f7aeec0601b7864.php 第 44 行.
INFO: Run Behavior\ParseTemplateBehavior [ RunTime:0.031250s ]
INFO: [ view_parse ] --END-- [ RunTime:0.031250s ]
INFO: [ view_filter ] --START--
INFO: Run Behavior\WriteHtmlCacheBehavior [ RunTime:0.000000s ]
INFO: [ view_filter ] --END-- [ RunTime:0.000000s ]
INFO: [ app_end ] --START--
INFO: Run Behavior\ShowPageTraceBehavior [ RunTime:0.000000s ]
INFO: [ app_end ] --END-- [ RunTime:0.000000s ]

[ 2016-07-14T18:56:44+08:00 ] 60.206.230.122 /index.php/Home/TeamAssess/showlist.html
INFO: [ app_init ] --START--
INFO: Run Behavior\BuildLiteBehavior [ RunTime:0.000000s ]
INFO: [ app_init ] --END-- [ RunTime:0.000000s ]
INFO: [ app_begin ] --START--
INFO: Run Behavior\ReadHtmlCacheBehavior [ RunTime:0.000000s ]
INFO: [ app_begin ] --END-- [ RunTime:0.000000s ]
SQL: SHOW COLUMNS FROM `lh_team_assess` [ RunTime:0.0000s ]
SQL: SELECT * FROM `lh_team_assess`  [ RunTime:0.0000s ]
SQL: SHOW COLUMNS FROM `lh_team_nurse` [ RunTime:0.0156s ]
SQL: SELECT * FROM `lh_team_nurse`  [ RunTime:0.0000s ]
SQL: SHOW COLUMNS FROM `lh_team_health` [ RunTime:0.0000s ]
SQL: SELECT * FROM `lh_team_health`  [ RunTime:0.0000s ]
SQL: SHOW COLUMNS FROM `lh_ad` [ RunTime:0.0156s ]
SQL: SELECT * FROM `lh_ad` WHERE ( col_id=29 )  [ RunTime:0.0000s ]
INFO: [ view_parse ] --START--
INFO: [ template_filter ] --START--
INFO: Run Behavior\ContentReplaceBehavior [ RunTime:0.000000s ]
INFO: [ template_filter ] --END-- [ RunTime:0.000000s ]
NOTIC: [8] Use of undefined constant Index - assumed 'Index' E:\web\demo.ew9t.cn\lehu\web\Runtime\Cache\Home\f929a4b909990c67ef60ebbcd0d4132f.php 第 33 行.
NOTIC: [8] Use of undefined constant About - assumed 'About' E:\web\demo.ew9t.cn\lehu\web\Runtime\Cache\Home\f929a4b909990c67ef60ebbcd0d4132f.php 第 34 行.
NOTIC: [8] Use of undefined constant News - assumed 'News' E:\web\demo.ew9t.cn\lehu\web\Runtime\Cache\Home\f929a4b909990c67ef60ebbcd0d4132f.php 第 34 行.
NOTIC: [8] Use of undefined constant Trailer - assumed 'Trailer' E:\web\demo.ew9t.cn\lehu\web\Runtime\Cache\Home\f929a4b909990c67ef60ebbcd0d4132f.php 第 34 行.
NOTIC: [8] Use of undefined constant Service - assumed 'Service' E:\web\demo.ew9t.cn\lehu\web\Runtime\Cache\Home\f929a4b909990c67ef60ebbcd0d4132f.php 第 37 行.
NOTIC: [8] Use of undefined constant Train - assumed 'Train' E:\web\demo.ew9t.cn\lehu\web\Runtime\Cache\Home\f929a4b909990c67ef60ebbcd0d4132f.php 第 38 行.
NOTIC: [8] Use of undefined constant Medical - assumed 'Medical' E:\web\demo.ew9t.cn\lehu\web\Runtime\Cache\Home\f929a4b909990c67ef60ebbcd0d4132f.php 第 39 行.
NOTIC: [8] Use of undefined constant Example - assumed 'Example' E:\web\demo.ew9t.cn\lehu\web\Runtime\Cache\Home\f929a4b909990c67ef60ebbcd0d4132f.php 第 40 行.
NOTIC: [8] Use of undefined constant TeamAssess - assumed 'TeamAssess' E:\web\demo.ew9t.cn\lehu\web\Runtime\Cache\Home\f929a4b909990c67ef60ebbcd0d4132f.php 第 41 行.
NOTIC: [8] Use of undefined constant Link - assumed 'Link' E:\web\demo.ew9t.cn\lehu\web\Runtime\Cache\Home\f929a4b909990c67ef60ebbcd0d4132f.php 第 44 行.
INFO: Run Behavior\ParseTemplateBehavior [ RunTime:0.015625s ]
INFO: [ view_parse ] --END-- [ RunTime:0.015625s ]
INFO: [ view_filter ] --START--
INFO: Run Behavior\WriteHtmlCacheBehavior [ RunTime:0.000000s ]
INFO: [ view_filter ] --END-- [ RunTime:0.000000s ]
INFO: [ app_end ] --START--
INFO: Run Behavior\ShowPageTraceBehavior [ RunTime:0.000000s ]
INFO: [ app_end ] --END-- [ RunTime:0.000000s ]

[ 2016-07-14T18:56:49+08:00 ] 60.206.230.122 /index.php/Home/News/news.html
INFO: [ app_init ] --START--
INFO: Run Behavior\BuildLiteBehavior [ RunTime:0.000000s ]
INFO: [ app_init ] --END-- [ RunTime:0.000000s ]
INFO: [ app_begin ] --START--
INFO: Run Behavior\ReadHtmlCacheBehavior [ RunTime:0.000000s ]
INFO: [ app_begin ] --END-- [ RunTime:0.000000s ]
SQL: SHOW COLUMNS FROM `lh_news` [ RunTime:0.0000s ]
SQL: SELECT COUNT(*) AS tp_count FROM `lh_news` WHERE `title` LIKE '%dd%' LIMIT 1   [ RunTime:0.0000s ]
NOTIC: [2] Missing argument 3 for getpage(), called in E:\web\demo.ew9t.cn\lehu\web\Home\Controller\NewsController.class.php on line 27 and defined E:\web\demo.ew9t.cn\lehu\web\Common\Common\function.php 第 37 行.
NOTIC: [8] Undefined variable: search E:\web\demo.ew9t.cn\lehu\web\Common\Common\function.php 第 38 行.
NOTIC: [8] Undefined variable: search E:\web\demo.ew9t.cn\lehu\web\Common\Common\function.php 第 39 行.
SQL: SELECT * FROM `lh_news` WHERE `title` LIKE '%dd%' ORDER BY news_id desc LIMIT 0,2   [ RunTime:0.0000s ]
SQL: SHOW COLUMNS FROM `lh_ad` [ RunTime:0.0156s ]
SQL: SELECT * FROM `lh_ad` WHERE ( col_id=29 )  [ RunTime:0.0000s ]
INFO: [ view_parse ] --START--
INFO: [ template_filter ] --START--
INFO: Run Behavior\ContentReplaceBehavior [ RunTime:0.000000s ]
INFO: [ template_filter ] --END-- [ RunTime:0.000000s ]
NOTIC: [8] Use of undefined constant Index - assumed 'Index' E:\web\demo.ew9t.cn\lehu\web\Runtime\Cache\Home\1a38926d4ce526ef369d73bf61d8adae.php 第 33 行.
NOTIC: [8] Use of undefined constant About - assumed 'About' E:\web\demo.ew9t.cn\lehu\web\Runtime\Cache\Home\1a38926d4ce526ef369d73bf61d8adae.php 第 34 行.
NOTIC: [8] Use of undefined constant News - assumed 'News' E:\web\demo.ew9t.cn\lehu\web\Runtime\Cache\Home\1a38926d4ce526ef369d73bf61d8adae.php 第 34 行.
NOTIC: [8] Use of undefined constant Service - assumed 'Service' E:\web\demo.ew9t.cn\lehu\web\Runtime\Cache\Home\1a38926d4ce526ef369d73bf61d8adae.php 第 37 行.
NOTIC: [8] Use of undefined constant Train - assumed 'Train' E:\web\demo.ew9t.cn\lehu\web\Runtime\Cache\Home\1a38926d4ce526ef369d73bf61d8adae.php 第 38 行.
NOTIC: [8] Use of undefined constant Medical - assumed 'Medical' E:\web\demo.ew9t.cn\lehu\web\Runtime\Cache\Home\1a38926d4ce526ef369d73bf61d8adae.php 第 39 行.
NOTIC: [8] Use of undefined constant Example - assumed 'Example' E:\web\demo.ew9t.cn\lehu\web\Runtime\Cache\Home\1a38926d4ce526ef369d73bf61d8adae.php 第 40 行.
NOTIC: [8] Use of undefined constant TeamAssess - assumed 'TeamAssess' E:\web\demo.ew9t.cn\lehu\web\Runtime\Cache\Home\1a38926d4ce526ef369d73bf61d8adae.php 第 41 行.
NOTIC: [8] Use of undefined constant TeamExpert - assumed 'TeamExpert' E:\web\demo.ew9t.cn\lehu\web\Runtime\Cache\Home\1a38926d4ce526ef369d73bf61d8adae.php 第 41 行.
NOTIC: [8] Use of undefined constant TeamManage - assumed 'TeamManage' E:\web\demo.ew9t.cn\lehu\web\Runtime\Cache\Home\1a38926d4ce526ef369d73bf61d8adae.php 第 41 行.
NOTIC: [8] Use of undefined constant Contact - assumed 'Contact' E:\web\demo.ew9t.cn\lehu\web\Runtime\Cache\Home\1a38926d4ce526ef369d73bf61d8adae.php 第 41 行.
NOTIC: [8] Use of undefined constant Link - assumed 'Link' E:\web\demo.ew9t.cn\lehu\web\Runtime\Cache\Home\1a38926d4ce526ef369d73bf61d8adae.php 第 44 行.
INFO: Run Behavior\ParseTemplateBehavior [ RunTime:0.015625s ]
INFO: [ view_parse ] --END-- [ RunTime:0.015625s ]
INFO: [ view_filter ] --START--
INFO: Run Behavior\WriteHtmlCacheBehavior [ RunTime:0.000000s ]
INFO: [ view_filter ] --END-- [ RunTime:0.000000s ]
INFO: [ app_end ] --START--
INFO: Run Behavior\ShowPageTraceBehavior [ RunTime:0.000000s ]
INFO: [ app_end ] --END-- [ RunTime:0.000000s ]

[ 2016-07-14T18:56:53+08:00 ] 60.206.230.122 /index.php/Home/Index/index.html
INFO: [ app_init ] --START--
INFO: Run Behavior\BuildLiteBehavior [ RunTime:0.000000s ]
INFO: [ app_init ] --END-- [ RunTime:0.000000s ]
INFO: [ app_begin ] --START--
INFO: Run Behavior\ReadHtmlCacheBehavior [ RunTime:0.000000s ]
INFO: [ app_begin ] --END-- [ RunTime:0.000000s ]
SQL: SHOW COLUMNS FROM `lh_ad` [ RunTime:0.0000s ]
SQL: SELECT * FROM `lh_ad` WHERE ( col_id=27 ) LIMIT 0,4   [ RunTime:0.0000s ]
SQL: SELECT * FROM `lh_ad` WHERE ( col_id=28 ) LIMIT 0,3   [ RunTime:0.0000s ]
SQL: SHOW COLUMNS FROM `lh_service` [ RunTime:0.0156s ]
SQL: SELECT * FROM `lh_service` ORDER BY service_id LIMIT 1,6   [ RunTime:0.0000s ]
SQL: SELECT * FROM `lh_service` ORDER BY service_id LIMIT 6,3   [ RunTime:0.0000s ]
INFO: [ view_parse ] --START--
INFO: [ template_filter ] --START--
INFO: Run Behavior\ContentReplaceBehavior [ RunTime:0.000000s ]
INFO: [ template_filter ] --END-- [ RunTime:0.000000s ]
NOTIC: [8] Use of undefined constant Index - assumed 'Index' E:\web\demo.ew9t.cn\lehu\web\Runtime\Cache\Home\61c79409ce17c2a83f7aeec0601b7864.php 第 33 行.
NOTIC: [8] Use of undefined constant About - assumed 'About' E:\web\demo.ew9t.cn\lehu\web\Runtime\Cache\Home\61c79409ce17c2a83f7aeec0601b7864.php 第 34 行.
NOTIC: [8] Use of undefined constant News - assumed 'News' E:\web\demo.ew9t.cn\lehu\web\Runtime\Cache\Home\61c79409ce17c2a83f7aeec0601b7864.php 第 34 行.
NOTIC: [8] Use of undefined constant Trailer - assumed 'Trailer' E:\web\demo.ew9t.cn\lehu\web\Runtime\Cache\Home\61c79409ce17c2a83f7aeec0601b7864.php 第 34 行.
NOTIC: [8] Use of undefined constant Service - assumed 'Service' E:\web\demo.ew9t.cn\lehu\web\Runtime\Cache\Home\61c79409ce17c2a83f7aeec0601b7864.php 第 37 行.
NOTIC: [8] Use of undefined constant Train - assumed 'Train' E:\web\demo.ew9t.cn\lehu\web\Runtime\Cache\Home\61c79409ce17c2a83f7aeec0601b7864.php 第 38 行.
NOTIC: [8] Use of undefined constant Medical - assumed 'Medical' E:\web\demo.ew9t.cn\lehu\web\Runtime\Cache\Home\61c79409ce17c2a83f7aeec0601b7864.php 第 39 行.
NOTIC: [8] Use of undefined constant Example - assumed 'Example' E:\web\demo.ew9t.cn\lehu\web\Runtime\Cache\Home\61c79409ce17c2a83f7aeec0601b7864.php 第 40 行.
NOTIC: [8] Use of undefined constant TeamAssess - assumed 'TeamAssess' E:\web\demo.ew9t.cn\lehu\web\Runtime\Cache\Home\61c79409ce17c2a83f7aeec0601b7864.php 第 41 行.
NOTIC: [8] Use of undefined constant TeamExpert - assumed 'TeamExpert' E:\web\demo.ew9t.cn\lehu\web\Runtime\Cache\Home\61c79409ce17c2a83f7aeec0601b7864.php 第 41 行.
NOTIC: [8] Use of undefined constant TeamManage - assumed 'TeamManage' E:\web\demo.ew9t.cn\lehu\web\Runtime\Cache\Home\61c79409ce17c2a83f7aeec0601b7864.php 第 41 行.
NOTIC: [8] Use of undefined constant Contact - assumed 'Contact' E:\web\demo.ew9t.cn\lehu\web\Runtime\Cache\Home\61c79409ce17c2a83f7aeec0601b7864.php 第 41 行.
NOTIC: [8] Use of undefined constant Link - assumed 'Link' E:\web\demo.ew9t.cn\lehu\web\Runtime\Cache\Home\61c79409ce17c2a83f7aeec0601b7864.php 第 44 行.
INFO: Run Behavior\ParseTemplateBehavior [ RunTime:0.015625s ]
INFO: [ view_parse ] --END-- [ RunTime:0.015625s ]
INFO: [ view_filter ] --START--
INFO: Run Behavior\WriteHtmlCacheBehavior [ RunTime:0.000000s ]
INFO: [ view_filter ] --END-- [ RunTime:0.000000s ]
INFO: [ app_end ] --START--
INFO: Run Behavior\ShowPageTraceBehavior [ RunTime:0.015625s ]
INFO: [ app_end ] --END-- [ RunTime:0.015625s ]

[ 2016-07-14T19:13:09+08:00 ] 60.206.230.122 /
INFO: [ app_init ] --START--
INFO: Run Behavior\BuildLiteBehavior [ RunTime:0.000000s ]
INFO: [ app_init ] --END-- [ RunTime:0.000000s ]
INFO: [ app_begin ] --START--
INFO: Run Behavior\ReadHtmlCacheBehavior [ RunTime:0.000000s ]
INFO: [ app_begin ] --END-- [ RunTime:0.000000s ]
SQL: SHOW COLUMNS FROM `lh_ad` [ RunTime:0.0000s ]
SQL: SELECT * FROM `lh_ad` WHERE ( col_id=27 ) LIMIT 0,4   [ RunTime:0.0000s ]
SQL: SELECT * FROM `lh_ad` WHERE ( col_id=28 ) LIMIT 0,3   [ RunTime:0.0000s ]
SQL: SHOW COLUMNS FROM `lh_service` [ RunTime:0.0156s ]
SQL: SELECT * FROM `lh_service` ORDER BY service_id LIMIT 1,6   [ RunTime:0.0000s ]
SQL: SELECT * FROM `lh_service` ORDER BY service_id LIMIT 6,3   [ RunTime:0.0000s ]
INFO: [ view_parse ] --START--
INFO: [ template_filter ] --START--
INFO: Run Behavior\ContentReplaceBehavior [ RunTime:0.000000s ]
INFO: [ template_filter ] --END-- [ RunTime:0.000000s ]
NOTIC: [8] Use of undefined constant Index - assumed 'Index' E:\web\demo.ew9t.cn\lehu\web\Runtime\Cache\Home\61c79409ce17c2a83f7aeec0601b7864.php 第 33 行.
NOTIC: [8] Use of undefined constant About - assumed 'About' E:\web\demo.ew9t.cn\lehu\web\Runtime\Cache\Home\61c79409ce17c2a83f7aeec0601b7864.php 第 34 行.
NOTIC: [8] Use of undefined constant News - assumed 'News' E:\web\demo.ew9t.cn\lehu\web\Runtime\Cache\Home\61c79409ce17c2a83f7aeec0601b7864.php 第 34 行.
NOTIC: [8] Use of undefined constant Trailer - assumed 'Trailer' E:\web\demo.ew9t.cn\lehu\web\Runtime\Cache\Home\61c79409ce17c2a83f7aeec0601b7864.php 第 34 行.
NOTIC: [8] Use of undefined constant Service - assumed 'Service' E:\web\demo.ew9t.cn\lehu\web\Runtime\Cache\Home\61c79409ce17c2a83f7aeec0601b7864.php 第 37 行.
NOTIC: [8] Use of undefined constant Train - assumed 'Train' E:\web\demo.ew9t.cn\lehu\web\Runtime\Cache\Home\61c79409ce17c2a83f7aeec0601b7864.php 第 38 行.
NOTIC: [8] Use of undefined constant Medical - assumed 'Medical' E:\web\demo.ew9t.cn\lehu\web\Runtime\Cache\Home\61c79409ce17c2a83f7aeec0601b7864.php 第 39 行.
NOTIC: [8] Use of undefined constant Example - assumed 'Example' E:\web\demo.ew9t.cn\lehu\web\Runtime\Cache\Home\61c79409ce17c2a83f7aeec0601b7864.php 第 40 行.
NOTIC: [8] Use of undefined constant TeamAssess - assumed 'TeamAssess' E:\web\demo.ew9t.cn\lehu\web\Runtime\Cache\Home\61c79409ce17c2a83f7aeec0601b7864.php 第 41 行.
NOTIC: [8] Use of undefined constant TeamExpert - assumed 'TeamExpert' E:\web\demo.ew9t.cn\lehu\web\Runtime\Cache\Home\61c79409ce17c2a83f7aeec0601b7864.php 第 41 行.
NOTIC: [8] Use of undefined constant TeamManage - assumed 'TeamManage' E:\web\demo.ew9t.cn\lehu\web\Runtime\Cache\Home\61c79409ce17c2a83f7aeec0601b7864.php 第 41 行.
NOTIC: [8] Use of undefined constant Contact - assumed 'Contact' E:\web\demo.ew9t.cn\lehu\web\Runtime\Cache\Home\61c79409ce17c2a83f7aeec0601b7864.php 第 41 行.
NOTIC: [8] Use of undefined constant Link - assumed 'Link' E:\web\demo.ew9t.cn\lehu\web\Runtime\Cache\Home\61c79409ce17c2a83f7aeec0601b7864.php 第 44 行.
INFO: Run Behavior\ParseTemplateBehavior [ RunTime:0.031250s ]
INFO: [ view_parse ] --END-- [ RunTime:0.031250s ]
INFO: [ view_filter ] --START--
INFO: Run Behavior\WriteHtmlCacheBehavior [ RunTime:0.000000s ]
INFO: [ view_filter ] --END-- [ RunTime:0.000000s ]
INFO: [ app_end ] --START--
INFO: Run Behavior\ShowPageTraceBehavior [ RunTime:0.000000s ]
INFO: [ app_end ] --END-- [ RunTime:0.000000s ]

[ 2016-07-14T19:33:20+08:00 ] 60.206.230.122 /index.php/Home/Train/showlist.html
INFO: [ app_init ] --START--
INFO: Run Behavior\BuildLiteBehavior [ RunTime:0.000000s ]
INFO: [ app_init ] --END-- [ RunTime:0.000000s ]
INFO: [ app_begin ] --START--
INFO: Run Behavior\ReadHtmlCacheBehavior [ RunTime:0.000000s ]
INFO: [ app_begin ] --END-- [ RunTime:0.000000s ]
SQL: SHOW COLUMNS FROM `lh_train` [ RunTime:0.0156s ]
SQL: SELECT COUNT(*) AS tp_count FROM `lh_train` LIMIT 1   [ RunTime:0.0000s ]
NOTIC: [2] Missing argument 3 for getpage(), called in E:\web\demo.ew9t.cn\lehu\web\Home\Controller\TrainController.class.php on line 17 and defined E:\web\demo.ew9t.cn\lehu\web\Common\Common\function.php 第 37 行.
NOTIC: [8] Undefined variable: search E:\web\demo.ew9t.cn\lehu\web\Common\Common\function.php 第 38 行.
NOTIC: [8] Undefined variable: search E:\web\demo.ew9t.cn\lehu\web\Common\Common\function.php 第 39 行.
SQL: SELECT * FROM `lh_train` ORDER BY train_id desc LIMIT 0,3   [ RunTime:0.0000s ]
SQL: SHOW COLUMNS FROM `lh_ad` [ RunTime:0.0000s ]
SQL: SELECT * FROM `lh_ad` WHERE ( col_id=29 )  [ RunTime:0.0000s ]
INFO: [ view_parse ] --START--
INFO: [ template_filter ] --START--
INFO: Run Behavior\ContentReplaceBehavior [ RunTime:0.000000s ]
INFO: [ template_filter ] --END-- [ RunTime:0.000000s ]
NOTIC: [8] Use of undefined constant Index - assumed 'Index' E:\web\demo.ew9t.cn\lehu\web\Runtime\Cache\Home\f8418feda0ed672392efbb9b3dffc3fb.php 第 33 行.
NOTIC: [8] Use of undefined constant About - assumed 'About' E:\web\demo.ew9t.cn\lehu\web\Runtime\Cache\Home\f8418feda0ed672392efbb9b3dffc3fb.php 第 34 行.
NOTIC: [8] Use of undefined constant News - assumed 'News' E:\web\demo.ew9t.cn\lehu\web\Runtime\Cache\Home\f8418feda0ed672392efbb9b3dffc3fb.php 第 34 行.
NOTIC: [8] Use of undefined constant Trailer - assumed 'Trailer' E:\web\demo.ew9t.cn\lehu\web\Runtime\Cache\Home\f8418feda0ed672392efbb9b3dffc3fb.php 第 34 行.
NOTIC: [8] Use of undefined constant Service - assumed 'Service' E:\web\demo.ew9t.cn\lehu\web\Runtime\Cache\Home\f8418feda0ed672392efbb9b3dffc3fb.php 第 37 行.
NOTIC: [8] Use of undefined constant Train - assumed 'Train' E:\web\demo.ew9t.cn\lehu\web\Runtime\Cache\Home\f8418feda0ed672392efbb9b3dffc3fb.php 第 38 行.
NOTIC: [8] Use of undefined constant Medical - assumed 'Medical' E:\web\demo.ew9t.cn\lehu\web\Runtime\Cache\Home\f8418feda0ed672392efbb9b3dffc3fb.php 第 39 行.
NOTIC: [8] Use of undefined constant Example - assumed 'Example' E:\web\demo.ew9t.cn\lehu\web\Runtime\Cache\Home\f8418feda0ed672392efbb9b3dffc3fb.php 第 40 行.
NOTIC: [8] Use of undefined constant TeamAssess - assumed 'TeamAssess' E:\web\demo.ew9t.cn\lehu\web\Runtime\Cache\Home\f8418feda0ed672392efbb9b3dffc3fb.php 第 41 行.
NOTIC: [8] Use of undefined constant TeamExpert - assumed 'TeamExpert' E:\web\demo.ew9t.cn\lehu\web\Runtime\Cache\Home\f8418feda0ed672392efbb9b3dffc3fb.php 第 41 行.
NOTIC: [8] Use of undefined constant TeamManage - assumed 'TeamManage' E:\web\demo.ew9t.cn\lehu\web\Runtime\Cache\Home\f8418feda0ed672392efbb9b3dffc3fb.php 第 41 行.
NOTIC: [8] Use of undefined constant Contact - assumed 'Contact' E:\web\demo.ew9t.cn\lehu\web\Runtime\Cache\Home\f8418feda0ed672392efbb9b3dffc3fb.php 第 41 行.
NOTIC: [8] Use of undefined constant Link - assumed 'Link' E:\web\demo.ew9t.cn\lehu\web\Runtime\Cache\Home\f8418feda0ed672392efbb9b3dffc3fb.php 第 44 行.
INFO: Run Behavior\ParseTemplateBehavior [ RunTime:0.031250s ]
INFO: [ view_parse ] --END-- [ RunTime:0.031250s ]
INFO: [ view_filter ] --START--
INFO: Run Behavior\WriteHtmlCacheBehavior [ RunTime:0.000000s ]
INFO: [ view_filter ] --END-- [ RunTime:0.000000s ]
INFO: [ app_end ] --START--
INFO: Run Behavior\ShowPageTraceBehavior [ RunTime:0.000000s ]
INFO: [ app_end ] --END-- [ RunTime:0.000000s ]

