[ 2016-06-16T10:15:35+08:00 ] 127.0.0.1 /index.php/Admin
INFO: [ view_parse ] --START--
INFO: [ template_filter ] --START--
INFO: Run Behavior\ContentReplaceBehavior [ RunTime:0.000149s ]
INFO: [ template_filter ] --END-- [ RunTime:0.000335s ]
INFO: Run Behavior\ParseTemplateBehavior [ RunTime:0.023310s ]
INFO: [ view_parse ] --END-- [ RunTime:0.024624s ]
INFO: [ view_filter ] --START--
INFO: Run Behavior\WriteHtmlCacheBehavior [ RunTime:0.000912s ]
INFO: [ view_filter ] --END-- [ RunTime:0.001070s ]
NOTIC: [2] Cannot modify header information - headers already sent by (output started at E:\web\php45\shop\Tools\AdminController.class.php:61) E:\web\php45\ThinkPHP\Library\Think\View.class.php 第 91 行.
NOTIC: [2] Cannot modify header information - headers already sent by (output started at E:\web\php45\shop\Tools\AdminController.class.php:61) E:\web\php45\ThinkPHP\Library\Think\View.class.php 第 92 行.
NOTIC: [2] Cannot modify header information - headers already sent by (output started at E:\web\php45\shop\Tools\AdminController.class.php:61) E:\web\php45\ThinkPHP\Library\Think\View.class.php 第 93 行.
INFO: [ app_end ] --START--
INFO: Run Behavior\ShowPageTraceBehavior [ RunTime:0.001442s ]
INFO: [ app_end ] --END-- [ RunTime:0.001717s ]

[ 2016-06-16T10:15:49+08:00 ] 127.0.0.1 /index.php/Admin/Index/index.html
INFO: [ view_parse ] --START--
INFO: [ template_filter ] --START--
INFO: Run Behavior\ContentReplaceBehavior [ RunTime:0.000106s ]
INFO: [ template_filter ] --END-- [ RunTime:0.000276s ]
INFO: Run Behavior\ParseTemplateBehavior [ RunTime:0.023636s ]
INFO: [ view_parse ] --END-- [ RunTime:0.024883s ]
INFO: [ view_filter ] --START--
INFO: Run Behavior\WriteHtmlCacheBehavior [ RunTime:0.001247s ]
INFO: [ view_filter ] --END-- [ RunTime:0.001400s ]
INFO: [ app_end ] --START--
INFO: Run Behavior\ShowPageTraceBehavior [ RunTime:0.001669s ]
INFO: [ app_end ] --END-- [ RunTime:0.001829s ]

[ 2016-06-16T10:15:50+08:00 ] 127.0.0.1 /index.php/Admin/Index/top.html
INFO: [ view_parse ] --START--
INFO: [ template_filter ] --START--
INFO: Run Behavior\ContentReplaceBehavior [ RunTime:0.000192s ]
INFO: [ template_filter ] --END-- [ RunTime:0.000453s ]
INFO: Run Behavior\ParseTemplateBehavior [ RunTime:0.087979s ]
INFO: [ view_parse ] --END-- [ RunTime:0.089042s ]
INFO: [ view_filter ] --START--
INFO: Run Behavior\WriteHtmlCacheBehavior [ RunTime:0.003157s ]
INFO: [ view_filter ] --END-- [ RunTime:0.003339s ]
INFO: [ app_end ] --START--
INFO: Run Behavior\ShowPageTraceBehavior [ RunTime:0.001620s ]
INFO: [ app_end ] --END-- [ RunTime:0.001814s ]

[ 2016-06-16T10:15:50+08:00 ] 127.0.0.1 /index.php/Admin/Index/down.html
INFO: [ view_parse ] --START--
INFO: [ template_filter ] --START--
INFO: Run Behavior\ContentReplaceBehavior [ RunTime:0.000122s ]
INFO: [ template_filter ] --END-- [ RunTime:0.000301s ]
INFO: Run Behavior\ParseTemplateBehavior [ RunTime:0.030376s ]
INFO: [ view_parse ] --END-- [ RunTime:0.035895s ]
INFO: [ view_filter ] --START--
INFO: Run Behavior\WriteHtmlCacheBehavior [ RunTime:0.000735s ]
INFO: [ view_filter ] --END-- [ RunTime:0.000852s ]
INFO: [ app_end ] --START--
INFO: Run Behavior\ShowPageTraceBehavior [ RunTime:0.001180s ]
INFO: [ app_end ] --END-- [ RunTime:0.001314s ]

[ 2016-06-16T10:15:50+08:00 ] 127.0.0.1 /index.php/Admin/Index/center.html
INFO: [ view_parse ] --START--
INFO: [ template_filter ] --START--
INFO: Run Behavior\ContentReplaceBehavior [ RunTime:0.000101s ]
INFO: [ template_filter ] --END-- [ RunTime:0.000264s ]
INFO: Run Behavior\ParseTemplateBehavior [ RunTime:0.022728s ]
INFO: [ view_parse ] --END-- [ RunTime:0.023822s ]
INFO: [ view_filter ] --START--
INFO: Run Behavior\WriteHtmlCacheBehavior [ RunTime:0.001211s ]
INFO: [ view_filter ] --END-- [ RunTime:0.001401s ]
INFO: [ app_end ] --START--
INFO: Run Behavior\ShowPageTraceBehavior [ RunTime:0.003114s ]
INFO: [ app_end ] --END-- [ RunTime:0.003498s ]

[ 2016-06-16T10:15:56+08:00 ] 127.0.0.1 /index.php/Admin/Category/getCatByPid?cat_id=18
INFO: [ app_begin ] --START--
INFO: Run Behavior\ReadHtmlCacheBehavior [ RunTime:0.001085s ]
INFO: [ app_begin ] --END-- [ RunTime:0.001806s ]
SQL: SHOW COLUMNS FROM `sp_category` [ RunTime:0.0095s ]
SQL: SELECT * FROM `sp_category` WHERE `cat_pid` = 18  [ RunTime:0.0014s ]
INFO: [ app_end ] --START--
INFO: Run Behavior\ShowPageTraceBehavior [ RunTime:0.001670s ]
INFO: [ app_end ] --END-- [ RunTime:0.001837s ]

[ 2016-06-16T10:15:56+08:00 ] 127.0.0.1 /index.php/Admin/Category/getCatByPid?cat_id=23
INFO: [ app_begin ] --START--
INFO: Run Behavior\ReadHtmlCacheBehavior [ RunTime:0.001652s ]
INFO: [ app_begin ] --END-- [ RunTime:0.002865s ]
SQL: SHOW COLUMNS FROM `sp_category` [ RunTime:0.0101s ]
SQL: SELECT * FROM `sp_category` WHERE `cat_pid` = 23  [ RunTime:0.0005s ]
INFO: [ app_end ] --START--
INFO: Run Behavior\ShowPageTraceBehavior [ RunTime:0.001143s ]
INFO: [ app_end ] --END-- [ RunTime:0.001269s ]

[ 2016-06-16T10:15:57+08:00 ] 127.0.0.1 /index.php/Admin/Attribute/getAttrByType3?type_id=0&goods_id=32
INFO: [ app_begin ] --START--
INFO: Run Behavior\ReadHtmlCacheBehavior [ RunTime:0.001667s ]
INFO: [ app_begin ] --END-- [ RunTime:0.002527s ]
SQL: SHOW COLUMNS FROM `sp_goods_attr` [ RunTime:0.0124s ]
SQL: SELECT a.attr_id,a.attr_name,a.attr_sel,a.attr_vals,group_concat(ga.attr_value) as attrvalues FROM sp_goods_attr ga INNER JOIN sp_attribute a on ga.attr_id=a.attr_id  WHERE ga.goods_id = '32' AND a.type_id = '0' GROUP BY a.attr_id  [ RunTime:0.0022s ]
SQL: SHOW COLUMNS FROM `sp_attribute` [ RunTime:0.0097s ]
SQL: SELECT `attr_id`,`attr_name`,`attr_sel`,`attr_vals` FROM `sp_attribute` WHERE `type_id` = 0  [ RunTime:0.0007s ]
INFO: [ app_end ] --START--
INFO: Run Behavior\ShowPageTraceBehavior [ RunTime:0.001297s ]
INFO: [ app_end ] --END-- [ RunTime:0.001541s ]

[ 2016-06-16T10:16:14+08:00 ] 127.0.0.1 /index.php/Admin/Attribute/getAttrByType3?type_id=7&goods_id=32
INFO: [ app_begin ] --START--
INFO: Run Behavior\ReadHtmlCacheBehavior [ RunTime:0.001711s ]
INFO: [ app_begin ] --END-- [ RunTime:0.003392s ]
SQL: SHOW COLUMNS FROM `sp_goods_attr` [ RunTime:0.0093s ]
SQL: SELECT a.attr_id,a.attr_name,a.attr_sel,a.attr_vals,group_concat(ga.attr_value) as attrvalues FROM sp_goods_attr ga INNER JOIN sp_attribute a on ga.attr_id=a.attr_id  WHERE ga.goods_id = '32' AND a.type_id = '7' GROUP BY a.attr_id  [ RunTime:0.0009s ]
SQL: SHOW COLUMNS FROM `sp_attribute` [ RunTime:0.0076s ]
SQL: SELECT `attr_id`,`attr_name`,`attr_sel`,`attr_vals` FROM `sp_attribute` WHERE `type_id` = 7  [ RunTime:0.0012s ]
INFO: [ app_end ] --START--
INFO: Run Behavior\ShowPageTraceBehavior [ RunTime:0.001277s ]
INFO: [ app_end ] --END-- [ RunTime:0.001449s ]

[ 2016-06-16T10:16:46+08:00 ] 127.0.0.1 /index.php/Admin/Category/getCatByPid?cat_id=18
INFO: [ app_begin ] --START--
INFO: Run Behavior\ReadHtmlCacheBehavior [ RunTime:0.001498s ]
INFO: [ app_begin ] --END-- [ RunTime:0.002719s ]
SQL: SHOW COLUMNS FROM `sp_category` [ RunTime:0.0117s ]
SQL: SELECT * FROM `sp_category` WHERE `cat_pid` = 18  [ RunTime:0.0007s ]
INFO: [ app_end ] --START--
INFO: Run Behavior\ShowPageTraceBehavior [ RunTime:0.001229s ]
INFO: [ app_end ] --END-- [ RunTime:0.001351s ]

[ 2016-06-16T10:16:46+08:00 ] 127.0.0.1 /index.php/Admin/Category/getCatByPid?cat_id=23
INFO: [ app_begin ] --START--
INFO: Run Behavior\ReadHtmlCacheBehavior [ RunTime:0.001200s ]
INFO: [ app_begin ] --END-- [ RunTime:0.002132s ]
SQL: SHOW COLUMNS FROM `sp_category` [ RunTime:0.0096s ]
SQL: SELECT * FROM `sp_category` WHERE `cat_pid` = 23  [ RunTime:0.0010s ]
INFO: [ app_end ] --START--
INFO: Run Behavior\ShowPageTraceBehavior [ RunTime:0.001633s ]
INFO: [ app_end ] --END-- [ RunTime:0.001801s ]

[ 2016-06-16T10:16:46+08:00 ] 127.0.0.1 /index.php/Admin/Attribute/getAttrByType3?type_id=7&goods_id=32
INFO: [ app_begin ] --START--
INFO: Run Behavior\ReadHtmlCacheBehavior [ RunTime:0.001033s ]
INFO: [ app_begin ] --END-- [ RunTime:0.001801s ]
SQL: SHOW COLUMNS FROM `sp_goods_attr` [ RunTime:0.0114s ]
SQL: SELECT a.attr_id,a.attr_name,a.attr_sel,a.attr_vals,group_concat(ga.attr_value) as attrvalues FROM sp_goods_attr ga INNER JOIN sp_attribute a on ga.attr_id=a.attr_id  WHERE ga.goods_id = '32' AND a.type_id = '7' GROUP BY a.attr_id  [ RunTime:0.0025s ]
INFO: [ app_end ] --START--
INFO: Run Behavior\ShowPageTraceBehavior [ RunTime:0.001863s ]
INFO: [ app_end ] --END-- [ RunTime:0.002071s ]

[ 2016-06-16T10:16:55+08:00 ] 127.0.0.1 /index.php/Admin/Category/getCatByPid?cat_id=18
INFO: [ app_begin ] --START--
INFO: Run Behavior\ReadHtmlCacheBehavior [ RunTime:0.001058s ]
INFO: [ app_begin ] --END-- [ RunTime:0.002070s ]
SQL: SHOW COLUMNS FROM `sp_category` [ RunTime:0.0149s ]
SQL: SELECT * FROM `sp_category` WHERE `cat_pid` = 18  [ RunTime:0.0012s ]
INFO: [ app_end ] --START--
INFO: Run Behavior\ShowPageTraceBehavior [ RunTime:0.001796s ]
INFO: [ app_end ] --END-- [ RunTime:0.002003s ]

[ 2016-06-16T10:16:55+08:00 ] 127.0.0.1 /index.php/Admin/Category/getCatByPid?cat_id=19
INFO: [ app_begin ] --START--
INFO: Run Behavior\ReadHtmlCacheBehavior [ RunTime:0.001948s ]
INFO: [ app_begin ] --END-- [ RunTime:0.003268s ]
SQL: SHOW COLUMNS FROM `sp_category` [ RunTime:0.0117s ]
SQL: SELECT * FROM `sp_category` WHERE `cat_pid` = 19  [ RunTime:0.0007s ]
INFO: [ app_end ] --START--
INFO: Run Behavior\ShowPageTraceBehavior [ RunTime:0.001860s ]
INFO: [ app_end ] --END-- [ RunTime:0.002108s ]

[ 2016-06-16T10:16:55+08:00 ] 127.0.0.1 /index.php/Admin/Attribute/getAttrByType3?type_id=7&goods_id=29
INFO: [ app_begin ] --START--
INFO: Run Behavior\ReadHtmlCacheBehavior [ RunTime:0.001920s ]
INFO: [ app_begin ] --END-- [ RunTime:0.003034s ]
SQL: SHOW COLUMNS FROM `sp_goods_attr` [ RunTime:0.0076s ]
SQL: SELECT a.attr_id,a.attr_name,a.attr_sel,a.attr_vals,group_concat(ga.attr_value) as attrvalues FROM sp_goods_attr ga INNER JOIN sp_attribute a on ga.attr_id=a.attr_id  WHERE ga.goods_id = '29' AND a.type_id = '7' GROUP BY a.attr_id  [ RunTime:0.0015s ]
INFO: [ app_end ] --START--
INFO: Run Behavior\ShowPageTraceBehavior [ RunTime:0.001217s ]
INFO: [ app_end ] --END-- [ RunTime:0.001346s ]

[ 2016-06-16T10:17:06+08:00 ] 127.0.0.1 /index.php/Admin/Category/getCatByPid?cat_id=18
INFO: [ app_begin ] --START--
INFO: Run Behavior\ReadHtmlCacheBehavior [ RunTime:0.001118s ]
INFO: [ app_begin ] --END-- [ RunTime:0.001937s ]
SQL: SHOW COLUMNS FROM `sp_category` [ RunTime:0.0086s ]
SQL: SELECT * FROM `sp_category` WHERE `cat_pid` = 18  [ RunTime:0.0006s ]
INFO: [ app_end ] --START--
INFO: Run Behavior\ShowPageTraceBehavior [ RunTime:0.001511s ]
INFO: [ app_end ] --END-- [ RunTime:0.001674s ]

[ 2016-06-16T10:17:06+08:00 ] 127.0.0.1 /index.php/Admin/Category/getCatByPid?cat_id=19
INFO: [ app_begin ] --START--
INFO: Run Behavior\ReadHtmlCacheBehavior [ RunTime:0.000942s ]
INFO: [ app_begin ] --END-- [ RunTime:0.001726s ]
SQL: SHOW COLUMNS FROM `sp_category` [ RunTime:0.0112s ]
SQL: SELECT * FROM `sp_category` WHERE `cat_pid` = 19  [ RunTime:0.0006s ]
INFO: [ app_end ] --START--
INFO: Run Behavior\ShowPageTraceBehavior [ RunTime:0.001542s ]
INFO: [ app_end ] --END-- [ RunTime:0.001758s ]

[ 2016-06-16T10:17:06+08:00 ] 127.0.0.1 /index.php/Admin/Attribute/getAttrByType3?type_id=4&goods_id=28
INFO: [ app_begin ] --START--
INFO: Run Behavior\ReadHtmlCacheBehavior [ RunTime:0.001376s ]
INFO: [ app_begin ] --END-- [ RunTime:0.002265s ]
SQL: SHOW COLUMNS FROM `sp_goods_attr` [ RunTime:0.0289s ]
SQL: SELECT a.attr_id,a.attr_name,a.attr_sel,a.attr_vals,group_concat(ga.attr_value) as attrvalues FROM sp_goods_attr ga INNER JOIN sp_attribute a on ga.attr_id=a.attr_id  WHERE ga.goods_id = '28' AND a.type_id = '4' GROUP BY a.attr_id  [ RunTime:0.0016s ]
INFO: [ app_end ] --START--
INFO: Run Behavior\ShowPageTraceBehavior [ RunTime:0.001732s ]
INFO: [ app_end ] --END-- [ RunTime:0.001905s ]

[ 2016-06-16T10:17:10+08:00 ] 127.0.0.1 /index.php/Admin/Attribute/getAttrByType3?type_id=7&goods_id=28
INFO: [ app_begin ] --START--
INFO: Run Behavior\ReadHtmlCacheBehavior [ RunTime:0.003122s ]
INFO: [ app_begin ] --END-- [ RunTime:0.003980s ]
SQL: SHOW COLUMNS FROM `sp_goods_attr` [ RunTime:0.0073s ]
SQL: SELECT a.attr_id,a.attr_name,a.attr_sel,a.attr_vals,group_concat(ga.attr_value) as attrvalues FROM sp_goods_attr ga INNER JOIN sp_attribute a on ga.attr_id=a.attr_id  WHERE ga.goods_id = '28' AND a.type_id = '7' GROUP BY a.attr_id  [ RunTime:0.0008s ]
SQL: SHOW COLUMNS FROM `sp_attribute` [ RunTime:0.0073s ]
SQL: SELECT `attr_id`,`attr_name`,`attr_sel`,`attr_vals` FROM `sp_attribute` WHERE `type_id` = 7  [ RunTime:0.0005s ]
INFO: [ app_end ] --START--
INFO: Run Behavior\ShowPageTraceBehavior [ RunTime:0.001038s ]
INFO: [ app_end ] --END-- [ RunTime:0.001141s ]

[ 2016-06-16T10:17:54+08:00 ] 127.0.0.1 /index.php/Admin/Category/getCatByPid?cat_id=18
INFO: [ app_begin ] --START--
INFO: Run Behavior\ReadHtmlCacheBehavior [ RunTime:0.001778s ]
INFO: [ app_begin ] --END-- [ RunTime:0.002942s ]
SQL: SHOW COLUMNS FROM `sp_category` [ RunTime:0.0105s ]
SQL: SELECT * FROM `sp_category` WHERE `cat_pid` = 18  [ RunTime:0.0005s ]
INFO: [ app_end ] --START--
INFO: Run Behavior\ShowPageTraceBehavior [ RunTime:0.001399s ]
INFO: [ app_end ] --END-- [ RunTime:0.001528s ]

[ 2016-06-16T10:17:55+08:00 ] 127.0.0.1 /index.php/Admin/Attribute/getAttrByType3?type_id=7&goods_id=27
INFO: [ app_begin ] --START--
INFO: Run Behavior\ReadHtmlCacheBehavior [ RunTime:0.001572s ]
INFO: [ app_begin ] --END-- [ RunTime:0.003122s ]
SQL: SHOW COLUMNS FROM `sp_goods_attr` [ RunTime:0.0081s ]
SQL: SELECT a.attr_id,a.attr_name,a.attr_sel,a.attr_vals,group_concat(ga.attr_value) as attrvalues FROM sp_goods_attr ga INNER JOIN sp_attribute a on ga.attr_id=a.attr_id  WHERE ga.goods_id = '27' AND a.type_id = '7' GROUP BY a.attr_id  [ RunTime:0.0019s ]
INFO: [ app_end ] --START--
INFO: Run Behavior\ShowPageTraceBehavior [ RunTime:0.001642s ]
INFO: [ app_end ] --END-- [ RunTime:0.002006s ]

[ 2016-06-16T10:18:05+08:00 ] 127.0.0.1 /index.php/Admin/Category/getCatByPid?cat_id=18
INFO: [ app_begin ] --START--
INFO: Run Behavior\ReadHtmlCacheBehavior [ RunTime:0.001521s ]
INFO: [ app_begin ] --END-- [ RunTime:0.002790s ]
SQL: SHOW COLUMNS FROM `sp_category` [ RunTime:0.0134s ]
SQL: SELECT * FROM `sp_category` WHERE `cat_pid` = 18  [ RunTime:0.0008s ]
INFO: [ app_end ] --START--
INFO: Run Behavior\ShowPageTraceBehavior [ RunTime:0.001479s ]
INFO: [ app_end ] --END-- [ RunTime:0.001621s ]

[ 2016-06-16T10:18:06+08:00 ] 127.0.0.1 /index.php/Admin/Attribute/getAttrByType3?type_id=7&goods_id=26
INFO: [ app_begin ] --START--
INFO: Run Behavior\ReadHtmlCacheBehavior [ RunTime:0.001422s ]
INFO: [ app_begin ] --END-- [ RunTime:0.002443s ]
SQL: SHOW COLUMNS FROM `sp_goods_attr` [ RunTime:0.0094s ]
SQL: SELECT a.attr_id,a.attr_name,a.attr_sel,a.attr_vals,group_concat(ga.attr_value) as attrvalues FROM sp_goods_attr ga INNER JOIN sp_attribute a on ga.attr_id=a.attr_id  WHERE ga.goods_id = '26' AND a.type_id = '7' GROUP BY a.attr_id  [ RunTime:0.0018s ]
INFO: [ app_end ] --START--
INFO: Run Behavior\ShowPageTraceBehavior [ RunTime:0.001489s ]
INFO: [ app_end ] --END-- [ RunTime:0.001664s ]

[ 2016-06-16T10:18:13+08:00 ] 127.0.0.1 /index.php/Admin/Category/getCatByPid?cat_id=18
INFO: [ app_begin ] --START--
INFO: Run Behavior\ReadHtmlCacheBehavior [ RunTime:0.001092s ]
INFO: [ app_begin ] --END-- [ RunTime:0.001848s ]
SQL: SHOW COLUMNS FROM `sp_category` [ RunTime:0.0112s ]
SQL: SELECT * FROM `sp_category` WHERE `cat_pid` = 18  [ RunTime:0.0007s ]
INFO: [ app_end ] --START--
INFO: Run Behavior\ShowPageTraceBehavior [ RunTime:0.006744s ]
INFO: [ app_end ] --END-- [ RunTime:0.006944s ]

[ 2016-06-16T10:18:14+08:00 ] 127.0.0.1 /index.php/Admin/Attribute/getAttrByType3?type_id=0&goods_id=25
INFO: [ app_begin ] --START--
INFO: Run Behavior\ReadHtmlCacheBehavior [ RunTime:0.001071s ]
INFO: [ app_begin ] --END-- [ RunTime:0.002088s ]
SQL: SHOW COLUMNS FROM `sp_goods_attr` [ RunTime:0.0098s ]
SQL: SELECT a.attr_id,a.attr_name,a.attr_sel,a.attr_vals,group_concat(ga.attr_value) as attrvalues FROM sp_goods_attr ga INNER JOIN sp_attribute a on ga.attr_id=a.attr_id  WHERE ga.goods_id = '25' AND a.type_id = '0' GROUP BY a.attr_id  [ RunTime:0.0010s ]
SQL: SHOW COLUMNS FROM `sp_attribute` [ RunTime:0.0191s ]
SQL: SELECT `attr_id`,`attr_name`,`attr_sel`,`attr_vals` FROM `sp_attribute` WHERE `type_id` = 0  [ RunTime:0.0051s ]
INFO: [ app_end ] --START--
INFO: Run Behavior\ShowPageTraceBehavior [ RunTime:0.001628s ]
INFO: [ app_end ] --END-- [ RunTime:0.001812s ]

[ 2016-06-16T10:18:26+08:00 ] 127.0.0.1 /index.php/Admin/Attribute/getAttrByType3?type_id=7&goods_id=25
INFO: [ app_begin ] --START--
INFO: Run Behavior\ReadHtmlCacheBehavior [ RunTime:0.001040s ]
INFO: [ app_begin ] --END-- [ RunTime:0.002008s ]
SQL: SHOW COLUMNS FROM `sp_goods_attr` [ RunTime:0.0075s ]
SQL: SELECT a.attr_id,a.attr_name,a.attr_sel,a.attr_vals,group_concat(ga.attr_value) as attrvalues FROM sp_goods_attr ga INNER JOIN sp_attribute a on ga.attr_id=a.attr_id  WHERE ga.goods_id = '25' AND a.type_id = '7' GROUP BY a.attr_id  [ RunTime:0.0058s ]
SQL: SHOW COLUMNS FROM `sp_attribute` [ RunTime:0.0077s ]
SQL: SELECT `attr_id`,`attr_name`,`attr_sel`,`attr_vals` FROM `sp_attribute` WHERE `type_id` = 7  [ RunTime:0.0016s ]
INFO: [ app_end ] --START--
INFO: Run Behavior\ShowPageTraceBehavior [ RunTime:0.001196s ]
INFO: [ app_end ] --END-- [ RunTime:0.001344s ]

[ 2016-06-16T10:18:50+08:00 ] 127.0.0.1 /index.php/Admin/Goods/upd/goods_id/25.html
ERR: SQLSTATE[23000]: Integrity constraint violation: 1062 Duplicate entry '联想手机' for key 'goods_name'

[ 2016-06-16T10:19:01+08:00 ] 127.0.0.1 /index.php/Admin/Category/getCatByPid?cat_id=18
INFO: [ app_begin ] --START--
INFO: Run Behavior\ReadHtmlCacheBehavior [ RunTime:0.001449s ]
INFO: [ app_begin ] --END-- [ RunTime:0.002562s ]
SQL: SHOW COLUMNS FROM `sp_category` [ RunTime:0.0127s ]
SQL: SELECT * FROM `sp_category` WHERE `cat_pid` = 18  [ RunTime:0.0008s ]
INFO: [ app_end ] --START--
INFO: Run Behavior\ShowPageTraceBehavior [ RunTime:0.002250s ]
INFO: [ app_end ] --END-- [ RunTime:0.002498s ]

[ 2016-06-16T10:19:01+08:00 ] 127.0.0.1 /index.php/Admin/Attribute/getAttrByType3?type_id=0&goods_id=25
INFO: [ app_begin ] --START--
INFO: Run Behavior\ReadHtmlCacheBehavior [ RunTime:0.001710s ]
INFO: [ app_begin ] --END-- [ RunTime:0.002837s ]
SQL: SHOW COLUMNS FROM `sp_goods_attr` [ RunTime:0.0127s ]
SQL: SELECT a.attr_id,a.attr_name,a.attr_sel,a.attr_vals,group_concat(ga.attr_value) as attrvalues FROM sp_goods_attr ga INNER JOIN sp_attribute a on ga.attr_id=a.attr_id  WHERE ga.goods_id = '25' AND a.type_id = '0' GROUP BY a.attr_id  [ RunTime:0.0143s ]
SQL: SHOW COLUMNS FROM `sp_attribute` [ RunTime:0.0130s ]
SQL: SELECT `attr_id`,`attr_name`,`attr_sel`,`attr_vals` FROM `sp_attribute` WHERE `type_id` = 0  [ RunTime:0.0188s ]
INFO: [ app_end ] --START--
INFO: Run Behavior\ShowPageTraceBehavior [ RunTime:0.002376s ]
INFO: [ app_end ] --END-- [ RunTime:0.002552s ]

[ 2016-06-16T10:19:15+08:00 ] 127.0.0.1 /index.php/Admin/Attribute/getAttrByType3?type_id=7&goods_id=25
INFO: [ app_begin ] --START--
INFO: Run Behavior\ReadHtmlCacheBehavior [ RunTime:0.001870s ]
INFO: [ app_begin ] --END-- [ RunTime:0.003036s ]
SQL: SHOW COLUMNS FROM `sp_goods_attr` [ RunTime:0.0070s ]
SQL: SELECT a.attr_id,a.attr_name,a.attr_sel,a.attr_vals,group_concat(ga.attr_value) as attrvalues FROM sp_goods_attr ga INNER JOIN sp_attribute a on ga.attr_id=a.attr_id  WHERE ga.goods_id = '25' AND a.type_id = '7' GROUP BY a.attr_id  [ RunTime:0.0012s ]
INFO: [ app_end ] --START--
INFO: Run Behavior\ShowPageTraceBehavior [ RunTime:0.001044s ]
INFO: [ app_end ] --END-- [ RunTime:0.001144s ]

[ 2016-06-16T10:19:28+08:00 ] 127.0.0.1 /index.php/Admin/Category/getCatByPid?cat_id=18
INFO: [ app_begin ] --START--
INFO: Run Behavior\ReadHtmlCacheBehavior [ RunTime:0.001411s ]
INFO: [ app_begin ] --END-- [ RunTime:0.002397s ]
SQL: SHOW COLUMNS FROM `sp_category` [ RunTime:0.0101s ]
SQL: SELECT * FROM `sp_category` WHERE `cat_pid` = 18  [ RunTime:0.0011s ]
INFO: [ app_end ] --START--
INFO: Run Behavior\ShowPageTraceBehavior [ RunTime:0.002643s ]
INFO: [ app_end ] --END-- [ RunTime:0.002897s ]

[ 2016-06-16T10:19:29+08:00 ] 127.0.0.1 /index.php/Admin/Attribute/getAttrByType3?type_id=0&goods_id=24
INFO: [ app_begin ] --START--
INFO: Run Behavior\ReadHtmlCacheBehavior [ RunTime:0.001677s ]
INFO: [ app_begin ] --END-- [ RunTime:0.002767s ]
SQL: SHOW COLUMNS FROM `sp_goods_attr` [ RunTime:0.0108s ]
SQL: SELECT a.attr_id,a.attr_name,a.attr_sel,a.attr_vals,group_concat(ga.attr_value) as attrvalues FROM sp_goods_attr ga INNER JOIN sp_attribute a on ga.attr_id=a.attr_id  WHERE ga.goods_id = '24' AND a.type_id = '0' GROUP BY a.attr_id  [ RunTime:0.0011s ]
SQL: SHOW COLUMNS FROM `sp_attribute` [ RunTime:0.0099s ]
SQL: SELECT `attr_id`,`attr_name`,`attr_sel`,`attr_vals` FROM `sp_attribute` WHERE `type_id` = 0  [ RunTime:0.0012s ]
INFO: [ app_end ] --START--
INFO: Run Behavior\ShowPageTraceBehavior [ RunTime:0.001916s ]
INFO: [ app_end ] --END-- [ RunTime:0.002094s ]

[ 2016-06-16T10:19:39+08:00 ] 127.0.0.1 /index.php/Admin/Attribute/getAttrByType3?type_id=7&goods_id=24
INFO: [ app_begin ] --START--
INFO: Run Behavior\ReadHtmlCacheBehavior [ RunTime:0.001284s ]
INFO: [ app_begin ] --END-- [ RunTime:0.002489s ]
SQL: SHOW COLUMNS FROM `sp_goods_attr` [ RunTime:0.0067s ]
SQL: SELECT a.attr_id,a.attr_name,a.attr_sel,a.attr_vals,group_concat(ga.attr_value) as attrvalues FROM sp_goods_attr ga INNER JOIN sp_attribute a on ga.attr_id=a.attr_id  WHERE ga.goods_id = '24' AND a.type_id = '7' GROUP BY a.attr_id  [ RunTime:0.0009s ]
SQL: SHOW COLUMNS FROM `sp_attribute` [ RunTime:0.0071s ]
SQL: SELECT `attr_id`,`attr_name`,`attr_sel`,`attr_vals` FROM `sp_attribute` WHERE `type_id` = 7  [ RunTime:0.0006s ]
INFO: [ app_end ] --START--
INFO: Run Behavior\ShowPageTraceBehavior [ RunTime:0.001722s ]
INFO: [ app_end ] --END-- [ RunTime:0.001873s ]

[ 2016-06-16T10:20:00+08:00 ] 127.0.0.1 /index.php/Admin/Category/getCatByPid?cat_id=18
INFO: [ app_begin ] --START--
INFO: Run Behavior\ReadHtmlCacheBehavior [ RunTime:0.001449s ]
INFO: [ app_begin ] --END-- [ RunTime:0.002468s ]
SQL: SHOW COLUMNS FROM `sp_category` [ RunTime:0.0093s ]
SQL: SELECT * FROM `sp_category` WHERE `cat_pid` = 18  [ RunTime:0.0007s ]
INFO: [ app_end ] --START--
INFO: Run Behavior\ShowPageTraceBehavior [ RunTime:0.001628s ]
INFO: [ app_end ] --END-- [ RunTime:0.001774s ]

[ 2016-06-16T10:20:00+08:00 ] 127.0.0.1 /index.php/Admin/Attribute/getAttrByType3?type_id=7&goods_id=24
INFO: [ app_begin ] --START--
INFO: Run Behavior\ReadHtmlCacheBehavior [ RunTime:0.001668s ]
INFO: [ app_begin ] --END-- [ RunTime:0.002864s ]
SQL: SHOW COLUMNS FROM `sp_goods_attr` [ RunTime:0.0125s ]
SQL: SELECT a.attr_id,a.attr_name,a.attr_sel,a.attr_vals,group_concat(ga.attr_value) as attrvalues FROM sp_goods_attr ga INNER JOIN sp_attribute a on ga.attr_id=a.attr_id  WHERE ga.goods_id = '24' AND a.type_id = '7' GROUP BY a.attr_id  [ RunTime:0.0022s ]
INFO: [ app_end ] --START--
INFO: Run Behavior\ShowPageTraceBehavior [ RunTime:0.001518s ]
INFO: [ app_end ] --END-- [ RunTime:0.001653s ]

[ 2016-06-16T10:37:40+08:00 ] 127.0.0.1 /index.php/Admin/Category/getCatByPid?cat_id=18
INFO: [ app_begin ] --START--
INFO: Run Behavior\ReadHtmlCacheBehavior [ RunTime:0.001843s ]
INFO: [ app_begin ] --END-- [ RunTime:0.003059s ]
SQL: SHOW COLUMNS FROM `sp_category` [ RunTime:0.0147s ]
SQL: SELECT * FROM `sp_category` WHERE `cat_pid` = 18  [ RunTime:0.0007s ]
INFO: [ app_end ] --START--
INFO: Run Behavior\ShowPageTraceBehavior [ RunTime:0.001524s ]
INFO: [ app_end ] --END-- [ RunTime:0.001667s ]

[ 2016-06-16T10:37:40+08:00 ] 127.0.0.1 /index.php/Admin/Attribute/getAttrByType3?type_id=7&goods_id=24
INFO: [ app_begin ] --START--
INFO: Run Behavior\ReadHtmlCacheBehavior [ RunTime:0.002080s ]
INFO: [ app_begin ] --END-- [ RunTime:0.003225s ]
SQL: SHOW COLUMNS FROM `sp_goods_attr` [ RunTime:0.0102s ]
SQL: SELECT a.attr_id,a.attr_name,a.attr_sel,a.attr_vals,group_concat(ga.attr_value) as attrvalues FROM sp_goods_attr ga INNER JOIN sp_attribute a on ga.attr_id=a.attr_id  WHERE ga.goods_id = '24' AND a.type_id = '7' GROUP BY a.attr_id  [ RunTime:0.0018s ]
INFO: [ app_end ] --START--
INFO: Run Behavior\ShowPageTraceBehavior [ RunTime:0.001788s ]
INFO: [ app_end ] --END-- [ RunTime:0.001956s ]

[ 2016-06-16T10:37:48+08:00 ] 127.0.0.1 /index.php/Admin/Category/getCatByPid?cat_id=18
INFO: [ app_begin ] --START--
INFO: Run Behavior\ReadHtmlCacheBehavior [ RunTime:0.001751s ]
INFO: [ app_begin ] --END-- [ RunTime:0.002685s ]
SQL: SHOW COLUMNS FROM `sp_category` [ RunTime:0.0084s ]
SQL: SELECT * FROM `sp_category` WHERE `cat_pid` = 18  [ RunTime:0.0005s ]
INFO: [ app_end ] --START--
INFO: Run Behavior\ShowPageTraceBehavior [ RunTime:0.002017s ]
INFO: [ app_end ] --END-- [ RunTime:0.002366s ]

[ 2016-06-16T10:37:48+08:00 ] 127.0.0.1 /index.php/Admin/Category/getCatByPid?cat_id=23
INFO: [ app_begin ] --START--
INFO: Run Behavior\ReadHtmlCacheBehavior [ RunTime:0.000893s ]
INFO: [ app_begin ] --END-- [ RunTime:0.001580s ]
SQL: SHOW COLUMNS FROM `sp_category` [ RunTime:0.0153s ]
SQL: SELECT * FROM `sp_category` WHERE `cat_pid` = 23  [ RunTime:0.0013s ]
INFO: [ app_end ] --START--
INFO: Run Behavior\ShowPageTraceBehavior [ RunTime:0.002040s ]
INFO: [ app_end ] --END-- [ RunTime:0.002210s ]

[ 2016-06-16T10:37:48+08:00 ] 127.0.0.1 /index.php/Admin/Attribute/getAttrByType3?type_id=7&goods_id=32
INFO: [ app_begin ] --START--
INFO: Run Behavior\ReadHtmlCacheBehavior [ RunTime:0.001327s ]
INFO: [ app_begin ] --END-- [ RunTime:0.002398s ]
SQL: SHOW COLUMNS FROM `sp_goods_attr` [ RunTime:0.0081s ]
SQL: SELECT a.attr_id,a.attr_name,a.attr_sel,a.attr_vals,group_concat(ga.attr_value) as attrvalues FROM sp_goods_attr ga INNER JOIN sp_attribute a on ga.attr_id=a.attr_id  WHERE ga.goods_id = '32' AND a.type_id = '7' GROUP BY a.attr_id  [ RunTime:0.0013s ]
INFO: [ app_end ] --START--
INFO: Run Behavior\ShowPageTraceBehavior [ RunTime:0.001806s ]
INFO: [ app_end ] --END-- [ RunTime:0.001978s ]

