[ 2016-05-28T08:05:45+08:00 ] 127.0.0.1 /index.php/Admin
INFO: [ view_parse ] --START--
INFO: [ template_filter ] --START--
INFO: Run Behavior\ContentReplaceBehavior [ RunTime:0.000102s ]
INFO: [ template_filter ] --END-- [ RunTime:0.000271s ]
INFO: Run Behavior\ParseTemplateBehavior [ RunTime:0.053982s ]
INFO: [ view_parse ] --END-- [ RunTime:0.061265s ]
INFO: [ view_filter ] --START--
INFO: Run Behavior\WriteHtmlCacheBehavior [ RunTime:0.011729s ]
INFO: [ view_filter ] --END-- [ RunTime:0.011908s ]
NOTIC: [2] Cannot modify header information - headers already sent by (output started at E:\web\php45\shop\Tools\AdminController.class.php:56) E:\web\php45\ThinkPHP\Library\Think\View.class.php 第 91 行.
NOTIC: [2] Cannot modify header information - headers already sent by (output started at E:\web\php45\shop\Tools\AdminController.class.php:56) E:\web\php45\ThinkPHP\Library\Think\View.class.php 第 92 行.
NOTIC: [2] Cannot modify header information - headers already sent by (output started at E:\web\php45\shop\Tools\AdminController.class.php:56) E:\web\php45\ThinkPHP\Library\Think\View.class.php 第 93 行.
INFO: [ app_end ] --START--
INFO: Run Behavior\ShowPageTraceBehavior [ RunTime:0.039645s ]
INFO: [ app_end ] --END-- [ RunTime:0.039826s ]

[ 2016-05-28T08:06:02+08:00 ] 127.0.0.1 /index.php/Admin/Index/index.html
INFO: [ view_parse ] --START--
INFO: [ template_filter ] --START--
INFO: Run Behavior\ContentReplaceBehavior [ RunTime:0.000118s ]
INFO: [ template_filter ] --END-- [ RunTime:0.000314s ]
INFO: Run Behavior\ParseTemplateBehavior [ RunTime:0.027585s ]
INFO: [ view_parse ] --END-- [ RunTime:0.028809s ]
INFO: [ view_filter ] --START--
INFO: Run Behavior\WriteHtmlCacheBehavior [ RunTime:0.001220s ]
INFO: [ view_filter ] --END-- [ RunTime:0.001425s ]
INFO: [ app_end ] --START--
INFO: Run Behavior\ShowPageTraceBehavior [ RunTime:0.001973s ]
INFO: [ app_end ] --END-- [ RunTime:0.002156s ]

[ 2016-05-28T08:06:02+08:00 ] 127.0.0.1 /index.php/Admin/Index/top.html
INFO: [ view_parse ] --START--
INFO: [ template_filter ] --START--
INFO: Run Behavior\ContentReplaceBehavior [ RunTime:0.000169s ]
INFO: [ template_filter ] --END-- [ RunTime:0.000364s ]
INFO: Run Behavior\ParseTemplateBehavior [ RunTime:0.048955s ]
INFO: [ view_parse ] --END-- [ RunTime:0.058636s ]
INFO: [ view_filter ] --START--
INFO: Run Behavior\WriteHtmlCacheBehavior [ RunTime:0.001258s ]
INFO: [ view_filter ] --END-- [ RunTime:0.001435s ]
INFO: [ app_end ] --START--
INFO: Run Behavior\ShowPageTraceBehavior [ RunTime:0.002553s ]
INFO: [ app_end ] --END-- [ RunTime:0.002813s ]

[ 2016-05-28T08:06:02+08:00 ] 127.0.0.1 /index.php/Admin/Index/down.html
INFO: [ view_parse ] --START--
INFO: [ template_filter ] --START--
INFO: Run Behavior\ContentReplaceBehavior [ RunTime:0.000164s ]
INFO: [ template_filter ] --END-- [ RunTime:0.000413s ]
INFO: Run Behavior\ParseTemplateBehavior [ RunTime:0.052402s ]
INFO: [ view_parse ] --END-- [ RunTime:0.053582s ]
INFO: [ view_filter ] --START--
INFO: Run Behavior\WriteHtmlCacheBehavior [ RunTime:0.001462s ]
INFO: [ view_filter ] --END-- [ RunTime:0.001636s ]
INFO: [ app_end ] --START--
INFO: Run Behavior\ShowPageTraceBehavior [ RunTime:0.002287s ]
INFO: [ app_end ] --END-- [ RunTime:0.002517s ]

[ 2016-05-28T08:06:02+08:00 ] 127.0.0.1 /index.php/Admin/Index/center.html
INFO: [ view_parse ] --START--
INFO: [ template_filter ] --START--
INFO: Run Behavior\ContentReplaceBehavior [ RunTime:0.000113s ]
INFO: [ template_filter ] --END-- [ RunTime:0.000303s ]
INFO: Run Behavior\ParseTemplateBehavior [ RunTime:0.040606s ]
INFO: [ view_parse ] --END-- [ RunTime:0.057871s ]
INFO: [ view_filter ] --START--
INFO: Run Behavior\WriteHtmlCacheBehavior [ RunTime:0.001227s ]
INFO: [ view_filter ] --END-- [ RunTime:0.001387s ]
INFO: [ app_end ] --START--
INFO: Run Behavior\ShowPageTraceBehavior [ RunTime:0.001864s ]
INFO: [ app_end ] --END-- [ RunTime:0.002032s ]

[ 2016-05-28T08:06:12+08:00 ] 127.0.0.1 /index.php/Admin/Attribute/getAttrByType2?type_id=4
INFO: [ app_begin ] --START--
INFO: Run Behavior\ReadHtmlCacheBehavior [ RunTime:0.001942s ]
INFO: [ app_begin ] --END-- [ RunTime:0.003349s ]
SQL: SHOW COLUMNS FROM `sp_attribute` [ RunTime:0.0148s ]
SQL: SELECT `attr_id`,`attr_name`,`attr_sel`,`attr_vals` FROM `sp_attribute` WHERE `type_id` = 4  [ RunTime:0.0008s ]
INFO: [ app_end ] --START--
INFO: Run Behavior\ShowPageTraceBehavior [ RunTime:0.002017s ]
INFO: [ app_end ] --END-- [ RunTime:0.002196s ]

[ 2016-05-28T08:06:14+08:00 ] 127.0.0.1 /index.php/Admin/Attribute/getAttrByType2?type_id=7
INFO: [ app_begin ] --START--
INFO: Run Behavior\ReadHtmlCacheBehavior [ RunTime:0.002237s ]
INFO: [ app_begin ] --END-- [ RunTime:0.003448s ]
SQL: SHOW COLUMNS FROM `sp_attribute` [ RunTime:0.0109s ]
SQL: SELECT `attr_id`,`attr_name`,`attr_sel`,`attr_vals` FROM `sp_attribute` WHERE `type_id` = 7  [ RunTime:0.0008s ]
INFO: [ app_end ] --START--
INFO: Run Behavior\ShowPageTraceBehavior [ RunTime:0.002258s ]
INFO: [ app_end ] --END-- [ RunTime:0.002679s ]

[ 2016-05-28T08:10:23+08:00 ] 127.0.0.1 /index.php/Admin/Index/index.html
INFO: [ view_parse ] --START--
INFO: [ template_filter ] --START--
INFO: Run Behavior\ContentReplaceBehavior [ RunTime:0.000109s ]
INFO: [ template_filter ] --END-- [ RunTime:0.000302s ]
INFO: Run Behavior\ParseTemplateBehavior [ RunTime:0.024459s ]
INFO: [ view_parse ] --END-- [ RunTime:0.025695s ]
INFO: [ view_filter ] --START--
INFO: Run Behavior\WriteHtmlCacheBehavior [ RunTime:0.001219s ]
INFO: [ view_filter ] --END-- [ RunTime:0.001643s ]
INFO: [ app_end ] --START--
INFO: Run Behavior\ShowPageTraceBehavior [ RunTime:0.001802s ]
INFO: [ app_end ] --END-- [ RunTime:0.001975s ]

[ 2016-05-28T08:10:23+08:00 ] 127.0.0.1 /index.php/Admin/Index/down.html
INFO: [ view_parse ] --START--
INFO: [ template_filter ] --START--
INFO: Run Behavior\ContentReplaceBehavior [ RunTime:0.000118s ]
INFO: [ template_filter ] --END-- [ RunTime:0.000330s ]
INFO: Run Behavior\ParseTemplateBehavior [ RunTime:0.021596s ]
INFO: [ view_parse ] --END-- [ RunTime:0.022663s ]
INFO: [ view_filter ] --START--
INFO: Run Behavior\WriteHtmlCacheBehavior [ RunTime:0.001578s ]
INFO: [ view_filter ] --END-- [ RunTime:0.001803s ]
INFO: [ app_end ] --START--
INFO: Run Behavior\ShowPageTraceBehavior [ RunTime:0.002101s ]
INFO: [ app_end ] --END-- [ RunTime:0.002264s ]

[ 2016-05-28T08:10:23+08:00 ] 127.0.0.1 /index.php/Admin/Index/top.html
INFO: [ view_parse ] --START--
INFO: [ template_filter ] --START--
INFO: Run Behavior\ContentReplaceBehavior [ RunTime:0.000178s ]
INFO: [ template_filter ] --END-- [ RunTime:0.000358s ]
INFO: Run Behavior\ParseTemplateBehavior [ RunTime:0.040935s ]
INFO: [ view_parse ] --END-- [ RunTime:0.047556s ]
INFO: [ view_filter ] --START--
INFO: Run Behavior\WriteHtmlCacheBehavior [ RunTime:0.009465s ]
INFO: [ view_filter ] --END-- [ RunTime:0.009714s ]
INFO: [ app_end ] --START--
INFO: Run Behavior\ShowPageTraceBehavior [ RunTime:0.002165s ]
INFO: [ app_end ] --END-- [ RunTime:0.002356s ]

[ 2016-05-28T08:10:23+08:00 ] 127.0.0.1 /index.php/Admin/Index/center.html
INFO: [ view_parse ] --START--
INFO: [ template_filter ] --START--
INFO: Run Behavior\ContentReplaceBehavior [ RunTime:0.000113s ]
INFO: [ template_filter ] --END-- [ RunTime:0.000308s ]
INFO: Run Behavior\ParseTemplateBehavior [ RunTime:0.028877s ]
INFO: [ view_parse ] --END-- [ RunTime:0.030201s ]
INFO: [ view_filter ] --START--
INFO: Run Behavior\WriteHtmlCacheBehavior [ RunTime:0.001562s ]
INFO: [ view_filter ] --END-- [ RunTime:0.001733s ]
INFO: [ app_end ] --START--
INFO: Run Behavior\ShowPageTraceBehavior [ RunTime:0.007724s ]
INFO: [ app_end ] --END-- [ RunTime:0.007938s ]

[ 2016-05-28T08:10:32+08:00 ] 127.0.0.1 /index.php/Admin/Attribute/getAttrByType2?type_id=7
INFO: [ app_begin ] --START--
INFO: Run Behavior\ReadHtmlCacheBehavior [ RunTime:0.001756s ]
INFO: [ app_begin ] --END-- [ RunTime:0.002887s ]
SQL: SHOW COLUMNS FROM `sp_attribute` [ RunTime:0.0136s ]
SQL: SELECT `attr_id`,`attr_name`,`attr_sel`,`attr_vals` FROM `sp_attribute` WHERE `type_id` = 7  [ RunTime:0.0008s ]
INFO: [ app_end ] --START--
INFO: Run Behavior\ShowPageTraceBehavior [ RunTime:0.002256s ]
INFO: [ app_end ] --END-- [ RunTime:0.002436s ]

[ 2016-05-28T08:12:43+08:00 ] 127.0.0.1 /index.php/Admin/Attribute/getAttrByType2?type_id=7
INFO: [ app_begin ] --START--
INFO: Run Behavior\ReadHtmlCacheBehavior [ RunTime:0.002097s ]
INFO: [ app_begin ] --END-- [ RunTime:0.003275s ]
SQL: SHOW COLUMNS FROM `sp_attribute` [ RunTime:0.0096s ]
SQL: SELECT `attr_id`,`attr_name`,`attr_sel`,`attr_vals` FROM `sp_attribute` WHERE `type_id` = 7  [ RunTime:0.0006s ]
INFO: [ app_end ] --START--
INFO: Run Behavior\ShowPageTraceBehavior [ RunTime:0.001647s ]
INFO: [ app_end ] --END-- [ RunTime:0.001785s ]

[ 2016-05-28T08:28:55+08:00 ] 127.0.0.1 /index.php/Admin/Attribute/getAttrByType2?type_id=7
INFO: [ app_begin ] --START--
INFO: Run Behavior\ReadHtmlCacheBehavior [ RunTime:0.002181s ]
INFO: [ app_begin ] --END-- [ RunTime:0.003364s ]
SQL: SHOW COLUMNS FROM `sp_attribute` [ RunTime:0.0125s ]
SQL: SELECT `attr_id`,`attr_name`,`attr_sel`,`attr_vals` FROM `sp_attribute` WHERE `type_id` = 7  [ RunTime:0.0009s ]
INFO: [ app_end ] --START--
INFO: Run Behavior\ShowPageTraceBehavior [ RunTime:0.002126s ]
INFO: [ app_end ] --END-- [ RunTime:0.002453s ]

[ 2016-05-28T08:30:30+08:00 ] 127.0.0.1 /index.php/Admin/Attribute/getAttrByType2?type_id=7
INFO: [ app_begin ] --START--
INFO: Run Behavior\ReadHtmlCacheBehavior [ RunTime:0.011769s ]
INFO: [ app_begin ] --END-- [ RunTime:0.012896s ]
SQL: SHOW COLUMNS FROM `sp_attribute` [ RunTime:0.0114s ]
SQL: SELECT `attr_id`,`attr_name`,`attr_sel`,`attr_vals` FROM `sp_attribute` WHERE `type_id` = 7  [ RunTime:0.0009s ]
INFO: [ app_end ] --START--
INFO: Run Behavior\ShowPageTraceBehavior [ RunTime:0.002187s ]
INFO: [ app_end ] --END-- [ RunTime:0.002357s ]

[ 2016-05-28T08:34:53+08:00 ] 127.0.0.1 /index.php/Admin/Attribute/getAttrByType2?type_id=7
INFO: [ app_begin ] --START--
INFO: Run Behavior\ReadHtmlCacheBehavior [ RunTime:0.001810s ]
INFO: [ app_begin ] --END-- [ RunTime:0.003061s ]
SQL: SHOW COLUMNS FROM `sp_attribute` [ RunTime:0.0107s ]
SQL: SELECT `attr_id`,`attr_name`,`attr_sel`,`attr_vals` FROM `sp_attribute` WHERE `type_id` = 7  [ RunTime:0.0006s ]
INFO: [ app_end ] --START--
INFO: Run Behavior\ShowPageTraceBehavior [ RunTime:0.001734s ]
INFO: [ app_end ] --END-- [ RunTime:0.001866s ]

[ 2016-05-28T08:42:33+08:00 ] 127.0.0.1 /index.php/Admin/Attribute/getAttrByType2?type_id=5
INFO: [ app_begin ] --START--
INFO: Run Behavior\ReadHtmlCacheBehavior [ RunTime:0.001826s ]
INFO: [ app_begin ] --END-- [ RunTime:0.002981s ]
SQL: SHOW COLUMNS FROM `sp_attribute` [ RunTime:0.0107s ]
SQL: SELECT `attr_id`,`attr_name`,`attr_sel`,`attr_vals` FROM `sp_attribute` WHERE `type_id` = 5  [ RunTime:0.0040s ]
INFO: [ app_end ] --START--
INFO: Run Behavior\ShowPageTraceBehavior [ RunTime:0.007150s ]
INFO: [ app_end ] --END-- [ RunTime:0.007353s ]

[ 2016-05-28T08:42:35+08:00 ] 127.0.0.1 /index.php/Admin/Attribute/getAttrByType2?type_id=4
INFO: [ app_begin ] --START--
INFO: Run Behavior\ReadHtmlCacheBehavior [ RunTime:0.002034s ]
INFO: [ app_begin ] --END-- [ RunTime:0.003163s ]
SQL: SHOW COLUMNS FROM `sp_attribute` [ RunTime:0.0114s ]
SQL: SELECT `attr_id`,`attr_name`,`attr_sel`,`attr_vals` FROM `sp_attribute` WHERE `type_id` = 4  [ RunTime:0.0008s ]
INFO: [ app_end ] --START--
INFO: Run Behavior\ShowPageTraceBehavior [ RunTime:0.001908s ]
INFO: [ app_end ] --END-- [ RunTime:0.002062s ]

[ 2016-05-28T08:42:37+08:00 ] 127.0.0.1 /index.php/Admin/Attribute/getAttrByType2?type_id=7
INFO: [ app_begin ] --START--
INFO: Run Behavior\ReadHtmlCacheBehavior [ RunTime:0.001737s ]
INFO: [ app_begin ] --END-- [ RunTime:0.002852s ]
SQL: SHOW COLUMNS FROM `sp_attribute` [ RunTime:0.0114s ]
SQL: SELECT `attr_id`,`attr_name`,`attr_sel`,`attr_vals` FROM `sp_attribute` WHERE `type_id` = 7  [ RunTime:0.0009s ]
INFO: [ app_end ] --START--
INFO: Run Behavior\ShowPageTraceBehavior [ RunTime:0.002079s ]
INFO: [ app_end ] --END-- [ RunTime:0.002258s ]

[ 2016-05-28T08:44:56+08:00 ] 127.0.0.1 /index.php/Admin/Attribute/getAttrByType3?type_id=4
INFO: [ app_begin ] --START--
INFO: Run Behavior\ReadHtmlCacheBehavior [ RunTime:0.002230s ]
INFO: [ app_begin ] --END-- [ RunTime:0.003355s ]
SQL: SHOW COLUMNS FROM `sp_attribute` [ RunTime:0.0104s ]
SQL: SELECT `attr_id`,`attr_name`,`attr_sel`,`attr_vals` FROM `sp_attribute` WHERE `type_id` = 4  [ RunTime:0.0007s ]
INFO: [ app_end ] --START--
INFO: Run Behavior\ShowPageTraceBehavior [ RunTime:0.002246s ]
INFO: [ app_end ] --END-- [ RunTime:0.002429s ]

[ 2016-05-28T08:44:57+08:00 ] 127.0.0.1 /index.php/Admin/Attribute/getAttrByType3?type_id=7
INFO: [ app_begin ] --START--
INFO: Run Behavior\ReadHtmlCacheBehavior [ RunTime:0.001819s ]
INFO: [ app_begin ] --END-- [ RunTime:0.003055s ]
SQL: SHOW COLUMNS FROM `sp_attribute` [ RunTime:0.0100s ]
SQL: SELECT `attr_id`,`attr_name`,`attr_sel`,`attr_vals` FROM `sp_attribute` WHERE `type_id` = 7  [ RunTime:0.0008s ]
INFO: [ app_end ] --START--
INFO: Run Behavior\ShowPageTraceBehavior [ RunTime:0.001970s ]
INFO: [ app_end ] --END-- [ RunTime:0.002130s ]

[ 2016-05-28T08:50:21+08:00 ] 127.0.0.1 /index.php/Admin/Attribute/getAttrByType3?type_id=7
INFO: [ app_begin ] --START--
INFO: Run Behavior\ReadHtmlCacheBehavior [ RunTime:0.001830s ]
INFO: [ app_begin ] --END-- [ RunTime:0.003194s ]
SQL: SHOW COLUMNS FROM `sp_attribute` [ RunTime:0.0103s ]
SQL: SELECT `attr_id`,`attr_name`,`attr_sel`,`attr_vals` FROM `sp_attribute` WHERE `type_id` = 7  [ RunTime:0.0007s ]
INFO: [ app_end ] --START--
INFO: Run Behavior\ShowPageTraceBehavior [ RunTime:0.003110s ]
INFO: [ app_end ] --END-- [ RunTime:0.003275s ]

[ 2016-05-28T08:50:23+08:00 ] 127.0.0.1 /index.php/Admin/Attribute/getAttrByType3?type_id=7
INFO: [ app_begin ] --START--
INFO: Run Behavior\ReadHtmlCacheBehavior [ RunTime:0.004588s ]
INFO: [ app_begin ] --END-- [ RunTime:0.005766s ]
SQL: SHOW COLUMNS FROM `sp_attribute` [ RunTime:0.0126s ]
SQL: SELECT `attr_id`,`attr_name`,`attr_sel`,`attr_vals` FROM `sp_attribute` WHERE `type_id` = 7  [ RunTime:0.0008s ]
INFO: [ app_end ] --START--
INFO: Run Behavior\ShowPageTraceBehavior [ RunTime:0.001786s ]
INFO: [ app_end ] --END-- [ RunTime:0.002042s ]

[ 2016-05-28T08:51:29+08:00 ] 127.0.0.1 /index.php/Admin/Attribute/getAttrByType3?type_id=4
INFO: [ app_begin ] --START--
INFO: Run Behavior\ReadHtmlCacheBehavior [ RunTime:0.001502s ]
INFO: [ app_begin ] --END-- [ RunTime:0.002416s ]
SQL: SHOW COLUMNS FROM `sp_attribute` [ RunTime:0.0074s ]
SQL: SELECT `attr_id`,`attr_name`,`attr_sel`,`attr_vals` FROM `sp_attribute` WHERE `type_id` = 4  [ RunTime:0.0005s ]
INFO: [ app_end ] --START--
INFO: Run Behavior\ShowPageTraceBehavior [ RunTime:0.001734s ]
INFO: [ app_end ] --END-- [ RunTime:0.001940s ]

[ 2016-05-28T09:13:21+08:00 ] 127.0.0.1 /index.php/Admin/Attribute/getAttrByType3?type_id=7
INFO: [ app_begin ] --START--
INFO: Run Behavior\ReadHtmlCacheBehavior [ RunTime:0.001623s ]
INFO: [ app_begin ] --END-- [ RunTime:0.002979s ]
SQL: SHOW COLUMNS FROM `sp_goods_attr` [ RunTime:0.0097s ]
SQL: SELECT a.attr_id,a.attr_name,a.attr_sel,a.attr_vals,group_concat(ga.attr_value) as attrvalues FROM sp_goods_attr ga INNER JOIN sp_attribute a on ga.attr_id=a.attr_id  WHERE ga.goods_id = '' AND a.type_id = '7' GROUP BY a.attr_id  [ RunTime:0.0010s ]

[ 2016-05-28T09:13:29+08:00 ] 127.0.0.1 /index.php/Admin/Attribute/getAttrByType3?type_id=4
INFO: [ app_begin ] --START--
INFO: Run Behavior\ReadHtmlCacheBehavior [ RunTime:0.001463s ]
INFO: [ app_begin ] --END-- [ RunTime:0.002589s ]
SQL: SHOW COLUMNS FROM `sp_goods_attr` [ RunTime:0.0088s ]
SQL: SELECT a.attr_id,a.attr_name,a.attr_sel,a.attr_vals,group_concat(ga.attr_value) as attrvalues FROM sp_goods_attr ga INNER JOIN sp_attribute a on ga.attr_id=a.attr_id  WHERE ga.goods_id = '' AND a.type_id = '4' GROUP BY a.attr_id  [ RunTime:0.0009s ]

[ 2016-05-28T09:27:04+08:00 ] 127.0.0.1 /index.php/Admin/Attribute/getAttrByType3?type_id=7
INFO: [ app_begin ] --START--
INFO: Run Behavior\ReadHtmlCacheBehavior [ RunTime:0.002699s ]
INFO: [ app_begin ] --END-- [ RunTime:0.003844s ]
SQL: SHOW COLUMNS FROM `sp_goods_attr` [ RunTime:0.0119s ]
SQL: SELECT a.attr_id,a.attr_name,a.attr_sel,a.attr_vals,group_concat(ga.attr_value) as attrvalues FROM sp_goods_attr ga INNER JOIN sp_attribute a on ga.attr_id=a.attr_id  WHERE ga.goods_id = '' AND a.type_id = '7' GROUP BY a.attr_id  [ RunTime:0.0012s ]
SQL: SHOW COLUMNS FROM `sp_attribute` [ RunTime:0.0122s ]
SQL: SELECT `attr_id`,`attr_name`,`attr_sel`,`attr_vals` FROM `sp_attribute` WHERE `type_id` = 7  [ RunTime:0.0006s ]
INFO: [ app_end ] --START--
INFO: Run Behavior\ShowPageTraceBehavior [ RunTime:0.002245s ]
INFO: [ app_end ] --END-- [ RunTime:0.002408s ]

[ 2016-05-28T09:27:10+08:00 ] 127.0.0.1 /index.php/Admin/Index/index.html
INFO: [ view_parse ] --START--
INFO: [ template_filter ] --START--
INFO: Run Behavior\ContentReplaceBehavior [ RunTime:0.000101s ]
INFO: [ template_filter ] --END-- [ RunTime:0.000274s ]
INFO: Run Behavior\ParseTemplateBehavior [ RunTime:0.019558s ]
INFO: [ view_parse ] --END-- [ RunTime:0.020756s ]
INFO: [ view_filter ] --START--
INFO: Run Behavior\WriteHtmlCacheBehavior [ RunTime:0.000904s ]
INFO: [ view_filter ] --END-- [ RunTime:0.000998s ]
INFO: [ app_end ] --START--
INFO: Run Behavior\ShowPageTraceBehavior [ RunTime:0.001311s ]
INFO: [ app_end ] --END-- [ RunTime:0.001419s ]

[ 2016-05-28T09:27:10+08:00 ] 127.0.0.1 /index.php/Admin/Index/top.html
INFO: [ view_parse ] --START--
INFO: [ template_filter ] --START--
INFO: Run Behavior\ContentReplaceBehavior [ RunTime:0.000174s ]
INFO: [ template_filter ] --END-- [ RunTime:0.000368s ]
INFO: Run Behavior\ParseTemplateBehavior [ RunTime:0.023936s ]
INFO: [ view_parse ] --END-- [ RunTime:0.025345s ]
INFO: [ view_filter ] --START--
INFO: Run Behavior\WriteHtmlCacheBehavior [ RunTime:0.001362s ]
INFO: [ view_filter ] --END-- [ RunTime:0.001537s ]
INFO: [ app_end ] --START--
INFO: Run Behavior\ShowPageTraceBehavior [ RunTime:0.004279s ]
INFO: [ app_end ] --END-- [ RunTime:0.004547s ]

[ 2016-05-28T09:27:10+08:00 ] 127.0.0.1 /index.php/Admin/Index/down.html
INFO: [ view_parse ] --START--
INFO: [ template_filter ] --START--
INFO: Run Behavior\ContentReplaceBehavior [ RunTime:0.000115s ]
INFO: [ template_filter ] --END-- [ RunTime:0.000298s ]
INFO: Run Behavior\ParseTemplateBehavior [ RunTime:0.052518s ]
INFO: [ view_parse ] --END-- [ RunTime:0.053900s ]
INFO: [ view_filter ] --START--
INFO: Run Behavior\WriteHtmlCacheBehavior [ RunTime:0.005210s ]
INFO: [ view_filter ] --END-- [ RunTime:0.005370s ]
INFO: [ app_end ] --START--
INFO: Run Behavior\ShowPageTraceBehavior [ RunTime:0.001857s ]
INFO: [ app_end ] --END-- [ RunTime:0.002057s ]

[ 2016-05-28T09:27:10+08:00 ] 127.0.0.1 /index.php/Admin/Index/center.html
INFO: [ view_parse ] --START--
INFO: [ template_filter ] --START--
INFO: Run Behavior\ContentReplaceBehavior [ RunTime:0.000124s ]
INFO: [ template_filter ] --END-- [ RunTime:0.000374s ]
INFO: Run Behavior\ParseTemplateBehavior [ RunTime:0.019340s ]
INFO: [ view_parse ] --END-- [ RunTime:0.020509s ]
INFO: [ view_filter ] --START--
INFO: Run Behavior\WriteHtmlCacheBehavior [ RunTime:0.001272s ]
INFO: [ view_filter ] --END-- [ RunTime:0.001451s ]
INFO: [ app_end ] --START--
INFO: Run Behavior\ShowPageTraceBehavior [ RunTime:0.002146s ]
INFO: [ app_end ] --END-- [ RunTime:0.002361s ]

[ 2016-05-28T09:27:12+08:00 ] 127.0.0.1 /index.php/Admin/Index/index.html
INFO: [ view_parse ] --START--
INFO: [ template_filter ] --START--
INFO: Run Behavior\ContentReplaceBehavior [ RunTime:0.000126s ]
INFO: [ template_filter ] --END-- [ RunTime:0.000359s ]
INFO: Run Behavior\ParseTemplateBehavior [ RunTime:0.018065s ]
INFO: [ view_parse ] --END-- [ RunTime:0.019301s ]
INFO: [ view_filter ] --START--
INFO: Run Behavior\WriteHtmlCacheBehavior [ RunTime:0.001158s ]
INFO: [ view_filter ] --END-- [ RunTime:0.001306s ]
INFO: [ app_end ] --START--
INFO: Run Behavior\ShowPageTraceBehavior [ RunTime:0.001784s ]
INFO: [ app_end ] --END-- [ RunTime:0.001957s ]

[ 2016-05-28T09:27:12+08:00 ] 127.0.0.1 /index.php/Admin/Index/top.html
INFO: [ view_parse ] --START--
INFO: [ template_filter ] --START--
INFO: Run Behavior\ContentReplaceBehavior [ RunTime:0.000114s ]
INFO: [ template_filter ] --END-- [ RunTime:0.000245s ]
INFO: Run Behavior\ParseTemplateBehavior [ RunTime:0.023284s ]
INFO: [ view_parse ] --END-- [ RunTime:0.024399s ]
INFO: [ view_filter ] --START--
INFO: Run Behavior\WriteHtmlCacheBehavior [ RunTime:0.001403s ]
INFO: [ view_filter ] --END-- [ RunTime:0.001599s ]
INFO: [ app_end ] --START--
INFO: Run Behavior\ShowPageTraceBehavior [ RunTime:0.002251s ]
INFO: [ app_end ] --END-- [ RunTime:0.002442s ]

[ 2016-05-28T09:27:12+08:00 ] 127.0.0.1 /index.php/Admin/Index/center.html
INFO: [ view_parse ] --START--
INFO: [ template_filter ] --START--
INFO: Run Behavior\ContentReplaceBehavior [ RunTime:0.000118s ]
INFO: [ template_filter ] --END-- [ RunTime:0.000310s ]
INFO: Run Behavior\ParseTemplateBehavior [ RunTime:0.027491s ]
INFO: [ view_parse ] --END-- [ RunTime:0.028760s ]
INFO: [ view_filter ] --START--
INFO: Run Behavior\WriteHtmlCacheBehavior [ RunTime:0.002209s ]
INFO: [ view_filter ] --END-- [ RunTime:0.002460s ]
INFO: [ app_end ] --START--
INFO: Run Behavior\ShowPageTraceBehavior [ RunTime:0.001883s ]
INFO: [ app_end ] --END-- [ RunTime:0.002037s ]

[ 2016-05-28T09:27:12+08:00 ] 127.0.0.1 /index.php/Admin/Index/down.html
INFO: [ view_parse ] --START--
INFO: [ template_filter ] --START--
INFO: Run Behavior\ContentReplaceBehavior [ RunTime:0.000179s ]
INFO: [ template_filter ] --END-- [ RunTime:0.000367s ]
INFO: Run Behavior\ParseTemplateBehavior [ RunTime:0.030927s ]
INFO: [ view_parse ] --END-- [ RunTime:0.032380s ]
INFO: [ view_filter ] --START--
INFO: Run Behavior\WriteHtmlCacheBehavior [ RunTime:0.001207s ]
INFO: [ view_filter ] --END-- [ RunTime:0.001369s ]
INFO: [ app_end ] --START--
INFO: Run Behavior\ShowPageTraceBehavior [ RunTime:0.008541s ]
INFO: [ app_end ] --END-- [ RunTime:0.008775s ]

[ 2016-05-28T09:27:15+08:00 ] 127.0.0.1 /index.php/Admin/Attribute/getAttrByType3?type_id=7
INFO: [ app_begin ] --START--
INFO: Run Behavior\ReadHtmlCacheBehavior [ RunTime:0.001723s ]
INFO: [ app_begin ] --END-- [ RunTime:0.002894s ]
SQL: SHOW COLUMNS FROM `sp_goods_attr` [ RunTime:0.0108s ]
SQL: SELECT a.attr_id,a.attr_name,a.attr_sel,a.attr_vals,group_concat(ga.attr_value) as attrvalues FROM sp_goods_attr ga INNER JOIN sp_attribute a on ga.attr_id=a.attr_id  WHERE ga.goods_id = '' AND a.type_id = '7' GROUP BY a.attr_id  [ RunTime:0.0085s ]
SQL: SHOW COLUMNS FROM `sp_attribute` [ RunTime:0.0097s ]
SQL: SELECT `attr_id`,`attr_name`,`attr_sel`,`attr_vals` FROM `sp_attribute` WHERE `type_id` = 7  [ RunTime:0.0009s ]
INFO: [ app_end ] --START--
INFO: Run Behavior\ShowPageTraceBehavior [ RunTime:0.001770s ]
INFO: [ app_end ] --END-- [ RunTime:0.001970s ]

[ 2016-05-28T09:27:32+08:00 ] 127.0.0.1 /index.php/Admin/Attribute/getAttrByType3?type_id=7
INFO: [ app_begin ] --START--
INFO: Run Behavior\ReadHtmlCacheBehavior [ RunTime:0.007905s ]
INFO: [ app_begin ] --END-- [ RunTime:0.011290s ]
SQL: SHOW COLUMNS FROM `sp_goods_attr` [ RunTime:0.0080s ]
SQL: SELECT a.attr_id,a.attr_name,a.attr_sel,a.attr_vals,group_concat(ga.attr_value) as attrvalues FROM sp_goods_attr ga INNER JOIN sp_attribute a on ga.attr_id=a.attr_id  WHERE ga.goods_id = '' AND a.type_id = '7' GROUP BY a.attr_id  [ RunTime:0.0011s ]
SQL: SHOW COLUMNS FROM `sp_attribute` [ RunTime:0.0102s ]
SQL: SELECT `attr_id`,`attr_name`,`attr_sel`,`attr_vals` FROM `sp_attribute` WHERE `type_id` = 7  [ RunTime:0.0007s ]
INFO: [ app_end ] --START--
INFO: Run Behavior\ShowPageTraceBehavior [ RunTime:0.001588s ]
INFO: [ app_end ] --END-- [ RunTime:0.001705s ]

[ 2016-05-28T09:27:42+08:00 ] 127.0.0.1 /index.php/Admin/Attribute/getAttrByType3?type_id=7
INFO: [ app_begin ] --START--
INFO: Run Behavior\ReadHtmlCacheBehavior [ RunTime:0.004167s ]
INFO: [ app_begin ] --END-- [ RunTime:0.016120s ]
SQL: SHOW COLUMNS FROM `sp_goods_attr` [ RunTime:0.0109s ]
SQL: SELECT a.attr_id,a.attr_name,a.attr_sel,a.attr_vals,group_concat(ga.attr_value) as attrvalues FROM sp_goods_attr ga INNER JOIN sp_attribute a on ga.attr_id=a.attr_id  WHERE ga.goods_id = '' AND a.type_id = '7' GROUP BY a.attr_id  [ RunTime:0.0012s ]
SQL: SHOW COLUMNS FROM `sp_attribute` [ RunTime:0.0083s ]
SQL: SELECT `attr_id`,`attr_name`,`attr_sel`,`attr_vals` FROM `sp_attribute` WHERE `type_id` = 7  [ RunTime:0.0007s ]
INFO: [ app_end ] --START--
INFO: Run Behavior\ShowPageTraceBehavior [ RunTime:0.002171s ]
INFO: [ app_end ] --END-- [ RunTime:0.002371s ]

[ 2016-05-28T09:27:47+08:00 ] 127.0.0.1 /index.php/Admin/Attribute/getAttrByType3?type_id=0
INFO: [ app_begin ] --START--
INFO: Run Behavior\ReadHtmlCacheBehavior [ RunTime:0.001303s ]
INFO: [ app_begin ] --END-- [ RunTime:0.002292s ]
SQL: SHOW COLUMNS FROM `sp_goods_attr` [ RunTime:0.0156s ]
SQL: SELECT a.attr_id,a.attr_name,a.attr_sel,a.attr_vals,group_concat(ga.attr_value) as attrvalues FROM sp_goods_attr ga INNER JOIN sp_attribute a on ga.attr_id=a.attr_id  WHERE ga.goods_id = '' AND a.type_id = '0' GROUP BY a.attr_id  [ RunTime:0.0025s ]
SQL: SHOW COLUMNS FROM `sp_attribute` [ RunTime:0.0121s ]
SQL: SELECT `attr_id`,`attr_name`,`attr_sel`,`attr_vals` FROM `sp_attribute` WHERE `type_id` = 0  [ RunTime:0.0007s ]
INFO: [ app_end ] --START--
INFO: Run Behavior\ShowPageTraceBehavior [ RunTime:0.001850s ]
INFO: [ app_end ] --END-- [ RunTime:0.002031s ]

[ 2016-05-28T09:27:51+08:00 ] 127.0.0.1 /index.php/Admin/Attribute/getAttrByType3?type_id=4
INFO: [ app_begin ] --START--
INFO: Run Behavior\ReadHtmlCacheBehavior [ RunTime:0.001481s ]
INFO: [ app_begin ] --END-- [ RunTime:0.002344s ]
SQL: SHOW COLUMNS FROM `sp_goods_attr` [ RunTime:0.0098s ]
SQL: SELECT a.attr_id,a.attr_name,a.attr_sel,a.attr_vals,group_concat(ga.attr_value) as attrvalues FROM sp_goods_attr ga INNER JOIN sp_attribute a on ga.attr_id=a.attr_id  WHERE ga.goods_id = '' AND a.type_id = '4' GROUP BY a.attr_id  [ RunTime:0.0010s ]
SQL: SHOW COLUMNS FROM `sp_attribute` [ RunTime:0.0091s ]
SQL: SELECT `attr_id`,`attr_name`,`attr_sel`,`attr_vals` FROM `sp_attribute` WHERE `type_id` = 4  [ RunTime:0.0006s ]
INFO: [ app_end ] --START--
INFO: Run Behavior\ShowPageTraceBehavior [ RunTime:0.001781s ]
INFO: [ app_end ] --END-- [ RunTime:0.001923s ]

[ 2016-05-28T09:27:52+08:00 ] 127.0.0.1 /index.php/Admin/Attribute/getAttrByType3?type_id=7
INFO: [ app_begin ] --START--
INFO: Run Behavior\ReadHtmlCacheBehavior [ RunTime:0.001799s ]
INFO: [ app_begin ] --END-- [ RunTime:0.002645s ]
SQL: SHOW COLUMNS FROM `sp_goods_attr` [ RunTime:0.0120s ]
SQL: SELECT a.attr_id,a.attr_name,a.attr_sel,a.attr_vals,group_concat(ga.attr_value) as attrvalues FROM sp_goods_attr ga INNER JOIN sp_attribute a on ga.attr_id=a.attr_id  WHERE ga.goods_id = '' AND a.type_id = '7' GROUP BY a.attr_id  [ RunTime:0.0013s ]
SQL: SHOW COLUMNS FROM `sp_attribute` [ RunTime:0.0133s ]
SQL: SELECT `attr_id`,`attr_name`,`attr_sel`,`attr_vals` FROM `sp_attribute` WHERE `type_id` = 7  [ RunTime:0.0007s ]
INFO: [ app_end ] --START--
INFO: Run Behavior\ShowPageTraceBehavior [ RunTime:0.002956s ]
INFO: [ app_end ] --END-- [ RunTime:0.003178s ]

[ 2016-05-28T09:27:58+08:00 ] 127.0.0.1 /index.php/Admin/Attribute/getAttrByType3?type_id=7
INFO: [ app_begin ] --START--
INFO: Run Behavior\ReadHtmlCacheBehavior [ RunTime:0.001566s ]
INFO: [ app_begin ] --END-- [ RunTime:0.002620s ]
SQL: SHOW COLUMNS FROM `sp_goods_attr` [ RunTime:0.0122s ]
SQL: SELECT a.attr_id,a.attr_name,a.attr_sel,a.attr_vals,group_concat(ga.attr_value) as attrvalues FROM sp_goods_attr ga INNER JOIN sp_attribute a on ga.attr_id=a.attr_id  WHERE ga.goods_id = '' AND a.type_id = '7' GROUP BY a.attr_id  [ RunTime:0.0011s ]
SQL: SHOW COLUMNS FROM `sp_attribute` [ RunTime:0.0110s ]
SQL: SELECT `attr_id`,`attr_name`,`attr_sel`,`attr_vals` FROM `sp_attribute` WHERE `type_id` = 7  [ RunTime:0.0053s ]
INFO: [ app_end ] --START--
INFO: Run Behavior\ShowPageTraceBehavior [ RunTime:0.002801s ]
INFO: [ app_end ] --END-- [ RunTime:0.002997s ]

[ 2016-05-28T09:28:07+08:00 ] 127.0.0.1 /index.php/Admin/Attribute/getAttrByType3?type_id=4
INFO: [ app_begin ] --START--
INFO: Run Behavior\ReadHtmlCacheBehavior [ RunTime:0.001880s ]
INFO: [ app_begin ] --END-- [ RunTime:0.003075s ]
SQL: SHOW COLUMNS FROM `sp_goods_attr` [ RunTime:0.0072s ]
SQL: SELECT a.attr_id,a.attr_name,a.attr_sel,a.attr_vals,group_concat(ga.attr_value) as attrvalues FROM sp_goods_attr ga INNER JOIN sp_attribute a on ga.attr_id=a.attr_id  WHERE ga.goods_id = '' AND a.type_id = '4' GROUP BY a.attr_id  [ RunTime:0.0008s ]
SQL: SHOW COLUMNS FROM `sp_attribute` [ RunTime:0.0065s ]
SQL: SELECT `attr_id`,`attr_name`,`attr_sel`,`attr_vals` FROM `sp_attribute` WHERE `type_id` = 4  [ RunTime:0.0005s ]
INFO: [ app_end ] --START--
INFO: Run Behavior\ShowPageTraceBehavior [ RunTime:0.001323s ]
INFO: [ app_end ] --END-- [ RunTime:0.001449s ]

[ 2016-05-28T09:28:09+08:00 ] 127.0.0.1 /index.php/Admin/Attribute/getAttrByType3?type_id=7
INFO: [ app_begin ] --START--
INFO: Run Behavior\ReadHtmlCacheBehavior [ RunTime:0.001882s ]
INFO: [ app_begin ] --END-- [ RunTime:0.002968s ]
SQL: SHOW COLUMNS FROM `sp_goods_attr` [ RunTime:0.0086s ]
SQL: SELECT a.attr_id,a.attr_name,a.attr_sel,a.attr_vals,group_concat(ga.attr_value) as attrvalues FROM sp_goods_attr ga INNER JOIN sp_attribute a on ga.attr_id=a.attr_id  WHERE ga.goods_id = '' AND a.type_id = '7' GROUP BY a.attr_id  [ RunTime:0.0009s ]
SQL: SHOW COLUMNS FROM `sp_attribute` [ RunTime:0.0066s ]
SQL: SELECT `attr_id`,`attr_name`,`attr_sel`,`attr_vals` FROM `sp_attribute` WHERE `type_id` = 7  [ RunTime:0.0007s ]
INFO: [ app_end ] --START--
INFO: Run Behavior\ShowPageTraceBehavior [ RunTime:0.001599s ]
INFO: [ app_end ] --END-- [ RunTime:0.001819s ]

[ 2016-05-28T09:28:17+08:00 ] 127.0.0.1 /index.php/Admin/Attribute/getAttrByType3?type_id=4
INFO: [ app_begin ] --START--
INFO: Run Behavior\ReadHtmlCacheBehavior [ RunTime:0.002098s ]
INFO: [ app_begin ] --END-- [ RunTime:0.003213s ]
SQL: SHOW COLUMNS FROM `sp_goods_attr` [ RunTime:0.0135s ]
SQL: SELECT a.attr_id,a.attr_name,a.attr_sel,a.attr_vals,group_concat(ga.attr_value) as attrvalues FROM sp_goods_attr ga INNER JOIN sp_attribute a on ga.attr_id=a.attr_id  WHERE ga.goods_id = '' AND a.type_id = '4' GROUP BY a.attr_id  [ RunTime:0.0012s ]
SQL: SHOW COLUMNS FROM `sp_attribute` [ RunTime:0.0115s ]
SQL: SELECT `attr_id`,`attr_name`,`attr_sel`,`attr_vals` FROM `sp_attribute` WHERE `type_id` = 4  [ RunTime:0.0009s ]
INFO: [ app_end ] --START--
INFO: Run Behavior\ShowPageTraceBehavior [ RunTime:0.001702s ]
INFO: [ app_end ] --END-- [ RunTime:0.001861s ]

[ 2016-05-28T09:28:24+08:00 ] 127.0.0.1 /index.php/Admin/Attribute/getAttrByType3?type_id=7
INFO: [ app_begin ] --START--
INFO: Run Behavior\ReadHtmlCacheBehavior [ RunTime:0.001297s ]
INFO: [ app_begin ] --END-- [ RunTime:0.002274s ]
SQL: SHOW COLUMNS FROM `sp_goods_attr` [ RunTime:0.0114s ]
SQL: SELECT a.attr_id,a.attr_name,a.attr_sel,a.attr_vals,group_concat(ga.attr_value) as attrvalues FROM sp_goods_attr ga INNER JOIN sp_attribute a on ga.attr_id=a.attr_id  WHERE ga.goods_id = '' AND a.type_id = '7' GROUP BY a.attr_id  [ RunTime:0.0011s ]
SQL: SHOW COLUMNS FROM `sp_attribute` [ RunTime:0.0100s ]
SQL: SELECT `attr_id`,`attr_name`,`attr_sel`,`attr_vals` FROM `sp_attribute` WHERE `type_id` = 7  [ RunTime:0.0008s ]
INFO: [ app_end ] --START--
INFO: Run Behavior\ShowPageTraceBehavior [ RunTime:0.002261s ]
INFO: [ app_end ] --END-- [ RunTime:0.002454s ]

[ 2016-05-28T09:29:17+08:00 ] 127.0.0.1 /index.php/Admin/Attribute/getAttrByType3?type_id=7&goods_id=26
INFO: [ app_begin ] --START--
INFO: Run Behavior\ReadHtmlCacheBehavior [ RunTime:0.001595s ]
INFO: [ app_begin ] --END-- [ RunTime:0.002540s ]
SQL: SHOW COLUMNS FROM `sp_goods_attr` [ RunTime:0.0117s ]
SQL: SELECT a.attr_id,a.attr_name,a.attr_sel,a.attr_vals,group_concat(ga.attr_value) as attrvalues FROM sp_goods_attr ga INNER JOIN sp_attribute a on ga.attr_id=a.attr_id  WHERE ga.goods_id = '26' AND a.type_id = '7' GROUP BY a.attr_id  [ RunTime:0.0018s ]
INFO: [ app_end ] --START--
INFO: Run Behavior\ShowPageTraceBehavior [ RunTime:0.001990s ]
INFO: [ app_end ] --END-- [ RunTime:0.002165s ]

[ 2016-05-28T09:29:19+08:00 ] 127.0.0.1 /index.php/Admin/Attribute/getAttrByType3?type_id=4&goods_id=26
INFO: [ app_begin ] --START--
INFO: Run Behavior\ReadHtmlCacheBehavior [ RunTime:0.001500s ]
INFO: [ app_begin ] --END-- [ RunTime:0.002519s ]
SQL: SHOW COLUMNS FROM `sp_goods_attr` [ RunTime:0.0086s ]
SQL: SELECT a.attr_id,a.attr_name,a.attr_sel,a.attr_vals,group_concat(ga.attr_value) as attrvalues FROM sp_goods_attr ga INNER JOIN sp_attribute a on ga.attr_id=a.attr_id  WHERE ga.goods_id = '26' AND a.type_id = '4' GROUP BY a.attr_id  [ RunTime:0.0014s ]
SQL: SHOW COLUMNS FROM `sp_attribute` [ RunTime:0.0114s ]
SQL: SELECT `attr_id`,`attr_name`,`attr_sel`,`attr_vals` FROM `sp_attribute` WHERE `type_id` = 4  [ RunTime:0.0007s ]
INFO: [ app_end ] --START--
INFO: Run Behavior\ShowPageTraceBehavior [ RunTime:0.002249s ]
INFO: [ app_end ] --END-- [ RunTime:0.002464s ]

[ 2016-05-28T09:29:21+08:00 ] 127.0.0.1 /index.php/Admin/Attribute/getAttrByType3?type_id=7&goods_id=26
INFO: [ app_begin ] --START--
INFO: Run Behavior\ReadHtmlCacheBehavior [ RunTime:0.003489s ]
INFO: [ app_begin ] --END-- [ RunTime:0.004973s ]
SQL: SHOW COLUMNS FROM `sp_goods_attr` [ RunTime:0.0082s ]
SQL: SELECT a.attr_id,a.attr_name,a.attr_sel,a.attr_vals,group_concat(ga.attr_value) as attrvalues FROM sp_goods_attr ga INNER JOIN sp_attribute a on ga.attr_id=a.attr_id  WHERE ga.goods_id = '26' AND a.type_id = '7' GROUP BY a.attr_id  [ RunTime:0.0015s ]
INFO: [ app_end ] --START--
INFO: Run Behavior\ShowPageTraceBehavior [ RunTime:0.002067s ]
INFO: [ app_end ] --END-- [ RunTime:0.002231s ]

[ 2016-05-28T09:29:31+08:00 ] 127.0.0.1 /index.php/Admin/Attribute/getAttrByType3?type_id=4&goods_id=26
INFO: [ app_begin ] --START--
INFO: Run Behavior\ReadHtmlCacheBehavior [ RunTime:0.001825s ]
INFO: [ app_begin ] --END-- [ RunTime:0.003352s ]
SQL: SHOW COLUMNS FROM `sp_goods_attr` [ RunTime:0.0103s ]
SQL: SELECT a.attr_id,a.attr_name,a.attr_sel,a.attr_vals,group_concat(ga.attr_value) as attrvalues FROM sp_goods_attr ga INNER JOIN sp_attribute a on ga.attr_id=a.attr_id  WHERE ga.goods_id = '26' AND a.type_id = '4' GROUP BY a.attr_id  [ RunTime:0.0017s ]
SQL: SHOW COLUMNS FROM `sp_attribute` [ RunTime:0.0119s ]
SQL: SELECT `attr_id`,`attr_name`,`attr_sel`,`attr_vals` FROM `sp_attribute` WHERE `type_id` = 4  [ RunTime:0.0006s ]
INFO: [ app_end ] --START--
INFO: Run Behavior\ShowPageTraceBehavior [ RunTime:0.002153s ]
INFO: [ app_end ] --END-- [ RunTime:0.002338s ]

[ 2016-05-28T09:29:34+08:00 ] 127.0.0.1 /index.php/Admin/Attribute/getAttrByType3?type_id=7&goods_id=26
INFO: [ app_begin ] --START--
INFO: Run Behavior\ReadHtmlCacheBehavior [ RunTime:0.001150s ]
INFO: [ app_begin ] --END-- [ RunTime:0.001925s ]
SQL: SHOW COLUMNS FROM `sp_goods_attr` [ RunTime:0.0100s ]
SQL: SELECT a.attr_id,a.attr_name,a.attr_sel,a.attr_vals,group_concat(ga.attr_value) as attrvalues FROM sp_goods_attr ga INNER JOIN sp_attribute a on ga.attr_id=a.attr_id  WHERE ga.goods_id = '26' AND a.type_id = '7' GROUP BY a.attr_id  [ RunTime:0.0012s ]
INFO: [ app_end ] --START--
INFO: Run Behavior\ShowPageTraceBehavior [ RunTime:0.001417s ]
INFO: [ app_end ] --END-- [ RunTime:0.001527s ]

[ 2016-05-28T09:31:43+08:00 ] 127.0.0.1 /index.php/Admin/Attribute/getAttrByType3?type_id=7&goods_id=26
INFO: [ app_begin ] --START--
INFO: Run Behavior\ReadHtmlCacheBehavior [ RunTime:0.002105s ]
INFO: [ app_begin ] --END-- [ RunTime:0.003655s ]
SQL: SHOW COLUMNS FROM `sp_goods_attr` [ RunTime:0.0101s ]
SQL: SELECT a.attr_id,a.attr_name,a.attr_sel,a.attr_vals,group_concat(ga.attr_value) as attrvalues FROM sp_goods_attr ga INNER JOIN sp_attribute a on ga.attr_id=a.attr_id  WHERE ga.goods_id = '26' AND a.type_id = '7' GROUP BY a.attr_id  [ RunTime:0.0015s ]
INFO: [ app_end ] --START--
INFO: Run Behavior\ShowPageTraceBehavior [ RunTime:0.001971s ]
INFO: [ app_end ] --END-- [ RunTime:0.002124s ]

[ 2016-05-28T09:39:14+08:00 ] 127.0.0.1 /index.php/Admin/Attribute/getAttrByType3?type_id=7&goods_id=26
INFO: [ app_begin ] --START--
INFO: Run Behavior\ReadHtmlCacheBehavior [ RunTime:0.001663s ]
INFO: [ app_begin ] --END-- [ RunTime:0.002492s ]
SQL: SHOW COLUMNS FROM `sp_goods_attr` [ RunTime:0.0233s ]
SQL: SELECT a.attr_id,a.attr_name,a.attr_sel,a.attr_vals,group_concat(ga.attr_value) as attrvalues FROM sp_goods_attr ga INNER JOIN sp_attribute a on ga.attr_id=a.attr_id  WHERE ga.goods_id = '26' AND a.type_id = '7' GROUP BY a.attr_id  [ RunTime:0.0018s ]
INFO: [ app_end ] --START--
INFO: Run Behavior\ShowPageTraceBehavior [ RunTime:0.001977s ]
INFO: [ app_end ] --END-- [ RunTime:0.002148s ]

[ 2016-05-28T09:40:23+08:00 ] 127.0.0.1 /index.php/Admin/Attribute/getAttrByType3?type_id=7&goods_id=26
INFO: [ app_begin ] --START--
INFO: Run Behavior\ReadHtmlCacheBehavior [ RunTime:0.001826s ]
INFO: [ app_begin ] --END-- [ RunTime:0.003297s ]
SQL: SHOW COLUMNS FROM `sp_goods_attr` [ RunTime:0.0110s ]
SQL: SELECT a.attr_id,a.attr_name,a.attr_sel,a.attr_vals,group_concat(ga.attr_value) as attrvalues FROM sp_goods_attr ga INNER JOIN sp_attribute a on ga.attr_id=a.attr_id  WHERE ga.goods_id = '26' AND a.type_id = '7' GROUP BY a.attr_id  [ RunTime:0.0018s ]
INFO: [ app_end ] --START--
INFO: Run Behavior\ShowPageTraceBehavior [ RunTime:0.001734s ]
INFO: [ app_end ] --END-- [ RunTime:0.001880s ]

[ 2016-05-28T09:42:01+08:00 ] 127.0.0.1 /index.php/Admin/Attribute/getAttrByType3?type_id=7&goods_id=26
INFO: [ app_begin ] --START--
INFO: Run Behavior\ReadHtmlCacheBehavior [ RunTime:0.018351s ]
INFO: [ app_begin ] --END-- [ RunTime:0.020446s ]
SQL: SHOW COLUMNS FROM `sp_goods_attr` [ RunTime:0.0106s ]
SQL: SELECT a.attr_id,a.attr_name,a.attr_sel,a.attr_vals,group_concat(ga.attr_value) as attrvalues FROM sp_goods_attr ga INNER JOIN sp_attribute a on ga.attr_id=a.attr_id  WHERE ga.goods_id = '26' AND a.type_id = '7' GROUP BY a.attr_id  [ RunTime:0.0017s ]
INFO: [ app_end ] --START--
INFO: Run Behavior\ShowPageTraceBehavior [ RunTime:0.001647s ]
INFO: [ app_end ] --END-- [ RunTime:0.001807s ]

[ 2016-05-28T09:42:41+08:00 ] 127.0.0.1 /index.php/Admin/Attribute/getAttrByType3?type_id=7&goods_id=26
INFO: [ app_begin ] --START--
INFO: Run Behavior\ReadHtmlCacheBehavior [ RunTime:0.001667s ]
INFO: [ app_begin ] --END-- [ RunTime:0.002839s ]
SQL: SHOW COLUMNS FROM `sp_goods_attr` [ RunTime:0.0098s ]
SQL: SELECT a.attr_id,a.attr_name,a.attr_sel,a.attr_vals,group_concat(ga.attr_value) as attrvalues FROM sp_goods_attr ga INNER JOIN sp_attribute a on ga.attr_id=a.attr_id  WHERE ga.goods_id = '26' AND a.type_id = '7' GROUP BY a.attr_id  [ RunTime:0.0017s ]
INFO: [ app_end ] --START--
INFO: Run Behavior\ShowPageTraceBehavior [ RunTime:0.002220s ]
INFO: [ app_end ] --END-- [ RunTime:0.002356s ]

[ 2016-05-28T09:42:56+08:00 ] 127.0.0.1 /index.php/Admin/Attribute/getAttrByType3?type_id=7&goods_id=26
INFO: [ app_begin ] --START--
INFO: Run Behavior\ReadHtmlCacheBehavior [ RunTime:0.001287s ]
INFO: [ app_begin ] --END-- [ RunTime:0.002329s ]
SQL: SHOW COLUMNS FROM `sp_goods_attr` [ RunTime:0.0101s ]
SQL: SELECT a.attr_id,a.attr_name,a.attr_sel,a.attr_vals,group_concat(ga.attr_value) as attrvalues FROM sp_goods_attr ga INNER JOIN sp_attribute a on ga.attr_id=a.attr_id  WHERE ga.goods_id = '26' AND a.type_id = '7' GROUP BY a.attr_id  [ RunTime:0.0017s ]
INFO: [ app_end ] --START--
INFO: Run Behavior\ShowPageTraceBehavior [ RunTime:0.002219s ]
INFO: [ app_end ] --END-- [ RunTime:0.002978s ]

[ 2016-05-28T09:43:32+08:00 ] 127.0.0.1 /index.php/Admin/Attribute/getAttrByType3?type_id=7&goods_id=26
INFO: [ app_begin ] --START--
INFO: Run Behavior\ReadHtmlCacheBehavior [ RunTime:0.001526s ]
INFO: [ app_begin ] --END-- [ RunTime:0.002582s ]
SQL: SHOW COLUMNS FROM `sp_goods_attr` [ RunTime:0.0104s ]
SQL: SELECT a.attr_id,a.attr_name,a.attr_sel,a.attr_vals,group_concat(ga.attr_value) as attrvalues FROM sp_goods_attr ga INNER JOIN sp_attribute a on ga.attr_id=a.attr_id  WHERE ga.goods_id = '26' AND a.type_id = '7' GROUP BY a.attr_id  [ RunTime:0.0017s ]
INFO: [ app_end ] --START--
INFO: Run Behavior\ShowPageTraceBehavior [ RunTime:0.001544s ]
INFO: [ app_end ] --END-- [ RunTime:0.001745s ]

[ 2016-05-28T09:43:41+08:00 ] 127.0.0.1 /index.php/Admin/Attribute/getAttrByType3?type_id=4&goods_id=26
INFO: [ app_begin ] --START--
INFO: Run Behavior\ReadHtmlCacheBehavior [ RunTime:0.001577s ]
INFO: [ app_begin ] --END-- [ RunTime:0.002539s ]
SQL: SHOW COLUMNS FROM `sp_goods_attr` [ RunTime:0.0083s ]
SQL: SELECT a.attr_id,a.attr_name,a.attr_sel,a.attr_vals,group_concat(ga.attr_value) as attrvalues FROM sp_goods_attr ga INNER JOIN sp_attribute a on ga.attr_id=a.attr_id  WHERE ga.goods_id = '26' AND a.type_id = '4' GROUP BY a.attr_id  [ RunTime:0.0010s ]
SQL: SHOW COLUMNS FROM `sp_attribute` [ RunTime:0.0068s ]
SQL: SELECT `attr_id`,`attr_name`,`attr_sel`,`attr_vals` FROM `sp_attribute` WHERE `type_id` = 4  [ RunTime:0.0005s ]
INFO: [ app_end ] --START--
INFO: Run Behavior\ShowPageTraceBehavior [ RunTime:0.001676s ]
INFO: [ app_end ] --END-- [ RunTime:0.001804s ]

[ 2016-05-28T09:43:45+08:00 ] 127.0.0.1 /index.php/Admin/Attribute/getAttrByType3?type_id=7&goods_id=26
INFO: [ app_begin ] --START--
INFO: Run Behavior\ReadHtmlCacheBehavior [ RunTime:0.001754s ]
INFO: [ app_begin ] --END-- [ RunTime:0.003629s ]
SQL: SHOW COLUMNS FROM `sp_goods_attr` [ RunTime:0.0068s ]
SQL: SELECT a.attr_id,a.attr_name,a.attr_sel,a.attr_vals,group_concat(ga.attr_value) as attrvalues FROM sp_goods_attr ga INNER JOIN sp_attribute a on ga.attr_id=a.attr_id  WHERE ga.goods_id = '26' AND a.type_id = '7' GROUP BY a.attr_id  [ RunTime:0.0013s ]
INFO: [ app_end ] --START--
INFO: Run Behavior\ShowPageTraceBehavior [ RunTime:0.001992s ]
INFO: [ app_end ] --END-- [ RunTime:0.002161s ]

[ 2016-05-28T09:43:49+08:00 ] 127.0.0.1 /index.php/Admin/Attribute/getAttrByType3?type_id=4&goods_id=26
INFO: [ app_begin ] --START--
INFO: Run Behavior\ReadHtmlCacheBehavior [ RunTime:0.001904s ]
INFO: [ app_begin ] --END-- [ RunTime:0.002874s ]
SQL: SHOW COLUMNS FROM `sp_goods_attr` [ RunTime:0.0125s ]
SQL: SELECT a.attr_id,a.attr_name,a.attr_sel,a.attr_vals,group_concat(ga.attr_value) as attrvalues FROM sp_goods_attr ga INNER JOIN sp_attribute a on ga.attr_id=a.attr_id  WHERE ga.goods_id = '26' AND a.type_id = '4' GROUP BY a.attr_id  [ RunTime:0.0021s ]
SQL: SHOW COLUMNS FROM `sp_attribute` [ RunTime:0.0098s ]
SQL: SELECT `attr_id`,`attr_name`,`attr_sel`,`attr_vals` FROM `sp_attribute` WHERE `type_id` = 4  [ RunTime:0.0007s ]
INFO: [ app_end ] --START--
INFO: Run Behavior\ShowPageTraceBehavior [ RunTime:0.002001s ]
INFO: [ app_end ] --END-- [ RunTime:0.002175s ]

[ 2016-05-28T09:43:50+08:00 ] 127.0.0.1 /index.php/Admin/Attribute/getAttrByType3?type_id=7&goods_id=26
INFO: [ app_begin ] --START--
INFO: Run Behavior\ReadHtmlCacheBehavior [ RunTime:0.001409s ]
INFO: [ app_begin ] --END-- [ RunTime:0.002316s ]
SQL: SHOW COLUMNS FROM `sp_goods_attr` [ RunTime:0.0082s ]
SQL: SELECT a.attr_id,a.attr_name,a.attr_sel,a.attr_vals,group_concat(ga.attr_value) as attrvalues FROM sp_goods_attr ga INNER JOIN sp_attribute a on ga.attr_id=a.attr_id  WHERE ga.goods_id = '26' AND a.type_id = '7' GROUP BY a.attr_id  [ RunTime:0.0013s ]
INFO: [ app_end ] --START--
INFO: Run Behavior\ShowPageTraceBehavior [ RunTime:0.001829s ]
INFO: [ app_end ] --END-- [ RunTime:0.001967s ]

[ 2016-05-28T09:44:12+08:00 ] 127.0.0.1 /index.php/Admin/Attribute/getAttrByType3?type_id=7&goods_id=26
INFO: [ app_begin ] --START--
INFO: Run Behavior\ReadHtmlCacheBehavior [ RunTime:0.001413s ]
INFO: [ app_begin ] --END-- [ RunTime:0.002434s ]
SQL: SHOW COLUMNS FROM `sp_goods_attr` [ RunTime:0.0147s ]
SQL: SELECT a.attr_id,a.attr_name,a.attr_sel,a.attr_vals,group_concat(ga.attr_value) as attrvalues FROM sp_goods_attr ga INNER JOIN sp_attribute a on ga.attr_id=a.attr_id  WHERE ga.goods_id = '26' AND a.type_id = '7' GROUP BY a.attr_id  [ RunTime:0.0031s ]
INFO: [ app_end ] --START--
INFO: Run Behavior\ShowPageTraceBehavior [ RunTime:0.002015s ]
INFO: [ app_end ] --END-- [ RunTime:0.002204s ]

[ 2016-05-28T09:47:38+08:00 ] 127.0.0.1 /index.php/Admin/Attribute/getAttrByType3?type_id=7&goods_id=26
INFO: [ app_begin ] --START--
INFO: Run Behavior\ReadHtmlCacheBehavior [ RunTime:0.002478s ]
INFO: [ app_begin ] --END-- [ RunTime:0.003796s ]
SQL: SHOW COLUMNS FROM `sp_goods_attr` [ RunTime:0.0076s ]
SQL: SELECT a.attr_id,a.attr_name,a.attr_sel,a.attr_vals,group_concat(ga.attr_value) as attrvalues FROM sp_goods_attr ga INNER JOIN sp_attribute a on ga.attr_id=a.attr_id  WHERE ga.goods_id = '26' AND a.type_id = '7' GROUP BY a.attr_id  [ RunTime:0.0016s ]
INFO: [ app_end ] --START--
INFO: Run Behavior\ShowPageTraceBehavior [ RunTime:0.001845s ]
INFO: [ app_end ] --END-- [ RunTime:0.002000s ]

[ 2016-05-28T09:47:41+08:00 ] 127.0.0.1 /index.php/Admin/Attribute/getAttrByType3?type_id=4&goods_id=26
INFO: [ app_begin ] --START--
INFO: Run Behavior\ReadHtmlCacheBehavior [ RunTime:0.001121s ]
INFO: [ app_begin ] --END-- [ RunTime:0.001843s ]
SQL: SHOW COLUMNS FROM `sp_goods_attr` [ RunTime:0.0087s ]
SQL: SELECT a.attr_id,a.attr_name,a.attr_sel,a.attr_vals,group_concat(ga.attr_value) as attrvalues FROM sp_goods_attr ga INNER JOIN sp_attribute a on ga.attr_id=a.attr_id  WHERE ga.goods_id = '26' AND a.type_id = '4' GROUP BY a.attr_id  [ RunTime:0.0010s ]
SQL: SHOW COLUMNS FROM `sp_attribute` [ RunTime:0.0084s ]
SQL: SELECT `attr_id`,`attr_name`,`attr_sel`,`attr_vals` FROM `sp_attribute` WHERE `type_id` = 4  [ RunTime:0.0005s ]
INFO: [ app_end ] --START--
INFO: Run Behavior\ShowPageTraceBehavior [ RunTime:0.001855s ]
INFO: [ app_end ] --END-- [ RunTime:0.001975s ]

[ 2016-05-28T09:47:42+08:00 ] 127.0.0.1 /index.php/Admin/Attribute/getAttrByType3?type_id=7&goods_id=26
INFO: [ app_begin ] --START--
INFO: Run Behavior\ReadHtmlCacheBehavior [ RunTime:0.001668s ]
INFO: [ app_begin ] --END-- [ RunTime:0.002787s ]
SQL: SHOW COLUMNS FROM `sp_goods_attr` [ RunTime:0.0069s ]
SQL: SELECT a.attr_id,a.attr_name,a.attr_sel,a.attr_vals,group_concat(ga.attr_value) as attrvalues FROM sp_goods_attr ga INNER JOIN sp_attribute a on ga.attr_id=a.attr_id  WHERE ga.goods_id = '26' AND a.type_id = '7' GROUP BY a.attr_id  [ RunTime:0.0010s ]
INFO: [ app_end ] --START--
INFO: Run Behavior\ShowPageTraceBehavior [ RunTime:0.001402s ]
INFO: [ app_end ] --END-- [ RunTime:0.001512s ]

[ 2016-05-28T09:59:18+08:00 ] 127.0.0.1 /index.php/Admin/Attribute/getAttrByType3?type_id=7&goods_id=27
INFO: [ app_begin ] --START--
INFO: Run Behavior\ReadHtmlCacheBehavior [ RunTime:0.002331s ]
INFO: [ app_begin ] --END-- [ RunTime:0.003385s ]
SQL: SHOW COLUMNS FROM `sp_goods_attr` [ RunTime:0.0129s ]
SQL: SELECT a.attr_id,a.attr_name,a.attr_sel,a.attr_vals,group_concat(ga.attr_value) as attrvalues FROM sp_goods_attr ga INNER JOIN sp_attribute a on ga.attr_id=a.attr_id  WHERE ga.goods_id = '27' AND a.type_id = '7' GROUP BY a.attr_id  [ RunTime:0.0016s ]
INFO: [ app_end ] --START--
INFO: Run Behavior\ShowPageTraceBehavior [ RunTime:0.002375s ]
INFO: [ app_end ] --END-- [ RunTime:0.002579s ]

[ 2016-05-28T09:59:56+08:00 ] 127.0.0.1 /index.php/Admin/Goods/upd/goods_id/27.html
ERR: SQLSTATE[23000]: Integrity constraint violation: 1048 Column 'goods_id' cannot be null

[ 2016-05-28T10:00:27+08:00 ] 127.0.0.1 /index.php/Admin/Attribute/getAttrByType3?type_id=7&goods_id=27
INFO: [ app_begin ] --START--
INFO: Run Behavior\ReadHtmlCacheBehavior [ RunTime:0.001189s ]
INFO: [ app_begin ] --END-- [ RunTime:0.002004s ]
SQL: SHOW COLUMNS FROM `sp_goods_attr` [ RunTime:0.0095s ]
SQL: SELECT a.attr_id,a.attr_name,a.attr_sel,a.attr_vals,group_concat(ga.attr_value) as attrvalues FROM sp_goods_attr ga INNER JOIN sp_attribute a on ga.attr_id=a.attr_id  WHERE ga.goods_id = '27' AND a.type_id = '7' GROUP BY a.attr_id  [ RunTime:0.0012s ]
INFO: [ app_end ] --START--
INFO: Run Behavior\ShowPageTraceBehavior [ RunTime:0.003491s ]
INFO: [ app_end ] --END-- [ RunTime:0.003797s ]

[ 2016-05-28T10:02:13+08:00 ] 127.0.0.1 /index.php/Admin/Attribute/getAttrByType3?type_id=7&goods_id=27
INFO: [ app_begin ] --START--
INFO: Run Behavior\ReadHtmlCacheBehavior [ RunTime:0.001771s ]
INFO: [ app_begin ] --END-- [ RunTime:0.008780s ]
SQL: SHOW COLUMNS FROM `sp_goods_attr` [ RunTime:0.0098s ]
SQL: SELECT a.attr_id,a.attr_name,a.attr_sel,a.attr_vals,group_concat(ga.attr_value) as attrvalues FROM sp_goods_attr ga INNER JOIN sp_attribute a on ga.attr_id=a.attr_id  WHERE ga.goods_id = '27' AND a.type_id = '7' GROUP BY a.attr_id  [ RunTime:0.0017s ]
INFO: [ app_end ] --START--
INFO: Run Behavior\ShowPageTraceBehavior [ RunTime:0.001396s ]
INFO: [ app_end ] --END-- [ RunTime:0.001515s ]

[ 2016-05-28T10:03:10+08:00 ] 127.0.0.1 /index.php/Admin/Attribute/getAttrByType3?type_id=7&goods_id=27
INFO: [ app_begin ] --START--
INFO: Run Behavior\ReadHtmlCacheBehavior [ RunTime:0.001515s ]
INFO: [ app_begin ] --END-- [ RunTime:0.002625s ]
SQL: SHOW COLUMNS FROM `sp_goods_attr` [ RunTime:0.0121s ]
SQL: SELECT a.attr_id,a.attr_name,a.attr_sel,a.attr_vals,group_concat(ga.attr_value) as attrvalues FROM sp_goods_attr ga INNER JOIN sp_attribute a on ga.attr_id=a.attr_id  WHERE ga.goods_id = '27' AND a.type_id = '7' GROUP BY a.attr_id  [ RunTime:0.0018s ]
INFO: [ app_end ] --START--
INFO: Run Behavior\ShowPageTraceBehavior [ RunTime:0.001453s ]
INFO: [ app_end ] --END-- [ RunTime:0.001683s ]

[ 2016-05-28T10:03:14+08:00 ] 127.0.0.1 /index.php/Admin/Attribute/getAttrByType3?type_id=4&goods_id=27
INFO: [ app_begin ] --START--
INFO: Run Behavior\ReadHtmlCacheBehavior [ RunTime:0.000978s ]
INFO: [ app_begin ] --END-- [ RunTime:0.001745s ]
SQL: SHOW COLUMNS FROM `sp_goods_attr` [ RunTime:0.0081s ]
SQL: SELECT a.attr_id,a.attr_name,a.attr_sel,a.attr_vals,group_concat(ga.attr_value) as attrvalues FROM sp_goods_attr ga INNER JOIN sp_attribute a on ga.attr_id=a.attr_id  WHERE ga.goods_id = '27' AND a.type_id = '4' GROUP BY a.attr_id  [ RunTime:0.0009s ]
SQL: SHOW COLUMNS FROM `sp_attribute` [ RunTime:0.0102s ]
SQL: SELECT `attr_id`,`attr_name`,`attr_sel`,`attr_vals` FROM `sp_attribute` WHERE `type_id` = 4  [ RunTime:0.0006s ]
INFO: [ app_end ] --START--
INFO: Run Behavior\ShowPageTraceBehavior [ RunTime:0.001358s ]
INFO: [ app_end ] --END-- [ RunTime:0.001528s ]

[ 2016-05-28T10:40:28+08:00 ] 127.0.0.1 /index.php/Admin/
INFO: [ view_parse ] --START--
INFO: [ template_filter ] --START--
INFO: Run Behavior\ContentReplaceBehavior [ RunTime:0.000067s ]
INFO: [ template_filter ] --END-- [ RunTime:0.000184s ]
INFO: Run Behavior\ParseTemplateBehavior [ RunTime:0.012842s ]
INFO: [ view_parse ] --END-- [ RunTime:0.014360s ]
INFO: [ view_filter ] --START--
INFO: Run Behavior\WriteHtmlCacheBehavior [ RunTime:0.000825s ]
INFO: [ view_filter ] --END-- [ RunTime:0.000922s ]
INFO: [ app_end ] --START--
INFO: Run Behavior\ShowPageTraceBehavior [ RunTime:0.001290s ]
INFO: [ app_end ] --END-- [ RunTime:0.001392s ]

[ 2016-05-28T10:40:28+08:00 ] 127.0.0.1 /index.php/Admin/Index/top.html
INFO: [ view_parse ] --START--
INFO: [ template_filter ] --START--
INFO: Run Behavior\ContentReplaceBehavior [ RunTime:0.000231s ]
INFO: [ template_filter ] --END-- [ RunTime:0.000517s ]
INFO: Run Behavior\ParseTemplateBehavior [ RunTime:0.042459s ]
INFO: [ view_parse ] --END-- [ RunTime:0.043609s ]
INFO: [ view_filter ] --START--
INFO: Run Behavior\WriteHtmlCacheBehavior [ RunTime:0.001527s ]
INFO: [ view_filter ] --END-- [ RunTime:0.001841s ]
INFO: [ app_end ] --START--
INFO: Run Behavior\ShowPageTraceBehavior [ RunTime:0.002698s ]
INFO: [ app_end ] --END-- [ RunTime:0.002957s ]

[ 2016-05-28T10:40:28+08:00 ] 127.0.0.1 /index.php/Admin/Index/center.html
INFO: [ view_parse ] --START--
INFO: [ template_filter ] --START--
INFO: Run Behavior\ContentReplaceBehavior [ RunTime:0.000118s ]
INFO: [ template_filter ] --END-- [ RunTime:0.000306s ]
INFO: Run Behavior\ParseTemplateBehavior [ RunTime:0.017966s ]
INFO: [ view_parse ] --END-- [ RunTime:0.019724s ]
INFO: [ view_filter ] --START--
INFO: Run Behavior\WriteHtmlCacheBehavior [ RunTime:0.001362s ]
INFO: [ view_filter ] --END-- [ RunTime:0.001537s ]
INFO: [ app_end ] --START--
INFO: Run Behavior\ShowPageTraceBehavior [ RunTime:0.001749s ]
INFO: [ app_end ] --END-- [ RunTime:0.001917s ]

[ 2016-05-28T10:40:29+08:00 ] 127.0.0.1 /index.php/Admin/Index/down.html
INFO: [ view_parse ] --START--
INFO: [ template_filter ] --START--
INFO: Run Behavior\ContentReplaceBehavior [ RunTime:0.000122s ]
INFO: [ template_filter ] --END-- [ RunTime:0.000426s ]
INFO: Run Behavior\ParseTemplateBehavior [ RunTime:0.024599s ]
INFO: [ view_parse ] --END-- [ RunTime:0.025865s ]
INFO: [ view_filter ] --START--
INFO: Run Behavior\WriteHtmlCacheBehavior [ RunTime:0.001337s ]
INFO: [ view_filter ] --END-- [ RunTime:0.001520s ]
INFO: [ app_end ] --START--
INFO: Run Behavior\ShowPageTraceBehavior [ RunTime:0.002469s ]
INFO: [ app_end ] --END-- [ RunTime:0.002644s ]

[ 2016-05-28T11:28:02+08:00 ] 127.0.0.1 /index.php/Admin/Category/getCatByPid?cat_id=15
INFO: [ app_begin ] --START--
INFO: Run Behavior\ReadHtmlCacheBehavior [ RunTime:0.001099s ]
INFO: [ app_begin ] --END-- [ RunTime:0.001882s ]
SQL: SHOW COLUMNS FROM `sp_category` [ RunTime:0.0090s ]
SQL: SELECT * FROM `sp_category` WHERE `cat_pid` = 15  [ RunTime:0.0011s ]
INFO: [ app_end ] --START--
INFO: Run Behavior\ShowPageTraceBehavior [ RunTime:0.002031s ]
INFO: [ app_end ] --END-- [ RunTime:0.002238s ]

[ 2016-05-28T11:28:12+08:00 ] 127.0.0.1 /index.php/Admin/Category/getCatByPid?cat_id=18
INFO: [ app_begin ] --START--
INFO: Run Behavior\ReadHtmlCacheBehavior [ RunTime:0.001376s ]
INFO: [ app_begin ] --END-- [ RunTime:0.002479s ]
SQL: SHOW COLUMNS FROM `sp_category` [ RunTime:0.0068s ]
SQL: SELECT * FROM `sp_category` WHERE `cat_pid` = 18  [ RunTime:0.0008s ]
INFO: [ app_end ] --START--
INFO: Run Behavior\ShowPageTraceBehavior [ RunTime:0.001454s ]
INFO: [ app_end ] --END-- [ RunTime:0.001591s ]

[ 2016-05-28T11:29:16+08:00 ] 127.0.0.1 /index.php/Admin/Category/getCatByPid?cat_id=15
INFO: [ app_begin ] --START--
INFO: Run Behavior\ReadHtmlCacheBehavior [ RunTime:0.001408s ]
INFO: [ app_begin ] --END-- [ RunTime:0.002378s ]
SQL: SHOW COLUMNS FROM `sp_category` [ RunTime:0.0099s ]
SQL: SELECT * FROM `sp_category` WHERE `cat_pid` = 15  [ RunTime:0.0007s ]
INFO: [ app_end ] --START--
INFO: Run Behavior\ShowPageTraceBehavior [ RunTime:0.001630s ]
INFO: [ app_end ] --END-- [ RunTime:0.001824s ]

[ 2016-05-28T11:34:42+08:00 ] 127.0.0.1 /index.php/Admin/Category/getCatByPid?cat_id=15
INFO: [ app_begin ] --START--
INFO: Run Behavior\ReadHtmlCacheBehavior [ RunTime:0.002005s ]
INFO: [ app_begin ] --END-- [ RunTime:0.004265s ]
SQL: SHOW COLUMNS FROM `sp_category` [ RunTime:0.0104s ]
SQL: SELECT * FROM `sp_category` WHERE `cat_pid` = 15  [ RunTime:0.0006s ]
INFO: [ app_end ] --START--
INFO: Run Behavior\ShowPageTraceBehavior [ RunTime:0.001311s ]
INFO: [ app_end ] --END-- [ RunTime:0.001424s ]

[ 2016-05-28T11:34:47+08:00 ] 127.0.0.1 /index.php/Admin/Category/getCatByPid?cat_id=18
INFO: [ app_begin ] --START--
INFO: Run Behavior\ReadHtmlCacheBehavior [ RunTime:0.001288s ]
INFO: [ app_begin ] --END-- [ RunTime:0.003079s ]
SQL: SHOW COLUMNS FROM `sp_category` [ RunTime:0.0104s ]
SQL: SELECT * FROM `sp_category` WHERE `cat_pid` = 18  [ RunTime:0.0006s ]
INFO: [ app_end ] --START--
INFO: Run Behavior\ShowPageTraceBehavior [ RunTime:0.002119s ]
INFO: [ app_end ] --END-- [ RunTime:0.002280s ]

[ 2016-05-28T11:35:23+08:00 ] 127.0.0.1 /index.php/Admin/Category/getCatByPid?cat_id=15
INFO: [ app_begin ] --START--
INFO: Run Behavior\ReadHtmlCacheBehavior [ RunTime:0.001256s ]
INFO: [ app_begin ] --END-- [ RunTime:0.002464s ]
SQL: SHOW COLUMNS FROM `sp_category` [ RunTime:0.0098s ]
SQL: SELECT * FROM `sp_category` WHERE `cat_pid` = 15  [ RunTime:0.0008s ]
INFO: [ app_end ] --START--
INFO: Run Behavior\ShowPageTraceBehavior [ RunTime:0.002316s ]
INFO: [ app_end ] --END-- [ RunTime:0.002477s ]

[ 2016-05-28T11:35:27+08:00 ] 127.0.0.1 /index.php/Admin/Category/getCatByPid?cat_id=18
INFO: [ app_begin ] --START--
INFO: Run Behavior\ReadHtmlCacheBehavior [ RunTime:0.001093s ]
INFO: [ app_begin ] --END-- [ RunTime:0.002057s ]
SQL: SHOW COLUMNS FROM `sp_category` [ RunTime:0.0086s ]
SQL: SELECT * FROM `sp_category` WHERE `cat_pid` = 18  [ RunTime:0.0005s ]
INFO: [ app_end ] --START--
INFO: Run Behavior\ShowPageTraceBehavior [ RunTime:0.001691s ]
INFO: [ app_end ] --END-- [ RunTime:0.001824s ]

[ 2016-05-28T11:41:26+08:00 ] 127.0.0.1 /index.php/Admin/Category/getCatByPid?cat_id=15
INFO: [ app_begin ] --START--
INFO: Run Behavior\ReadHtmlCacheBehavior [ RunTime:0.001612s ]
INFO: [ app_begin ] --END-- [ RunTime:0.003311s ]
SQL: SHOW COLUMNS FROM `sp_category` [ RunTime:0.0103s ]
SQL: SELECT * FROM `sp_category` WHERE `cat_pid` = 15  [ RunTime:0.0010s ]
INFO: [ app_end ] --START--
INFO: Run Behavior\ShowPageTraceBehavior [ RunTime:0.002219s ]
INFO: [ app_end ] --END-- [ RunTime:0.002428s ]

[ 2016-05-28T11:41:30+08:00 ] 127.0.0.1 /index.php/Admin/Category/getCatByPid?cat_id=18
INFO: [ app_begin ] --START--
INFO: Run Behavior\ReadHtmlCacheBehavior [ RunTime:0.001732s ]
INFO: [ app_begin ] --END-- [ RunTime:0.003606s ]
SQL: SHOW COLUMNS FROM `sp_category` [ RunTime:0.0092s ]
SQL: SELECT * FROM `sp_category` WHERE `cat_pid` = 18  [ RunTime:0.0007s ]
INFO: [ app_end ] --START--
INFO: Run Behavior\ShowPageTraceBehavior [ RunTime:0.001694s ]
INFO: [ app_end ] --END-- [ RunTime:0.001821s ]

[ 2016-05-28T11:41:33+08:00 ] 127.0.0.1 /index.php/Admin/Category/getCatByPid?cat_id=19
INFO: [ app_begin ] --START--
INFO: Run Behavior\ReadHtmlCacheBehavior [ RunTime:0.001730s ]
INFO: [ app_begin ] --END-- [ RunTime:0.003469s ]
SQL: SHOW COLUMNS FROM `sp_category` [ RunTime:0.0095s ]
SQL: SELECT * FROM `sp_category` WHERE `cat_pid` = 19  [ RunTime:0.0005s ]
INFO: [ app_end ] --START--
INFO: Run Behavior\ShowPageTraceBehavior [ RunTime:0.001686s ]
INFO: [ app_end ] --END-- [ RunTime:0.001823s ]

[ 2016-05-28T11:41:37+08:00 ] 127.0.0.1 /index.php/Admin/Category/getCatByPid?cat_id=23
INFO: [ app_begin ] --START--
INFO: Run Behavior\ReadHtmlCacheBehavior [ RunTime:0.000932s ]
INFO: [ app_begin ] --END-- [ RunTime:0.001707s ]
SQL: SHOW COLUMNS FROM `sp_category` [ RunTime:0.0097s ]
SQL: SELECT * FROM `sp_category` WHERE `cat_pid` = 23  [ RunTime:0.0010s ]
INFO: [ app_end ] --START--
INFO: Run Behavior\ShowPageTraceBehavior [ RunTime:0.001807s ]
INFO: [ app_end ] --END-- [ RunTime:0.001949s ]

[ 2016-05-28T11:41:41+08:00 ] 127.0.0.1 /index.php/Admin/Category/getCatByPid?cat_id=15
INFO: [ app_begin ] --START--
INFO: Run Behavior\ReadHtmlCacheBehavior [ RunTime:0.000920s ]
INFO: [ app_begin ] --END-- [ RunTime:0.001648s ]
SQL: SHOW COLUMNS FROM `sp_category` [ RunTime:0.0094s ]
SQL: SELECT * FROM `sp_category` WHERE `cat_pid` = 15  [ RunTime:0.0006s ]
INFO: [ app_end ] --START--
INFO: Run Behavior\ShowPageTraceBehavior [ RunTime:0.001770s ]
INFO: [ app_end ] --END-- [ RunTime:0.001917s ]

[ 2016-05-28T11:41:42+08:00 ] 127.0.0.1 /index.php/Admin/Category/getCatByPid?cat_id=16
INFO: [ app_begin ] --START--
INFO: Run Behavior\ReadHtmlCacheBehavior [ RunTime:0.001462s ]
INFO: [ app_begin ] --END-- [ RunTime:0.002830s ]
SQL: SHOW COLUMNS FROM `sp_category` [ RunTime:0.0093s ]
SQL: SELECT * FROM `sp_category` WHERE `cat_pid` = 16  [ RunTime:0.0013s ]
INFO: [ app_end ] --START--
INFO: Run Behavior\ShowPageTraceBehavior [ RunTime:0.002303s ]
INFO: [ app_end ] --END-- [ RunTime:0.002468s ]

[ 2016-05-28T11:41:45+08:00 ] 127.0.0.1 /index.php/Admin/Category/getCatByPid?cat_id=22
INFO: [ app_begin ] --START--
INFO: Run Behavior\ReadHtmlCacheBehavior [ RunTime:0.001324s ]
INFO: [ app_begin ] --END-- [ RunTime:0.002563s ]
SQL: SHOW COLUMNS FROM `sp_category` [ RunTime:0.0096s ]
SQL: SELECT * FROM `sp_category` WHERE `cat_pid` = 22  [ RunTime:0.0007s ]
INFO: [ app_end ] --START--
INFO: Run Behavior\ShowPageTraceBehavior [ RunTime:0.001841s ]
INFO: [ app_end ] --END-- [ RunTime:0.001999s ]

[ 2016-05-28T11:42:17+08:00 ] 127.0.0.1 /index.php/Admin/Category/getCatByPid?cat_id=15
INFO: [ app_begin ] --START--
INFO: Run Behavior\ReadHtmlCacheBehavior [ RunTime:0.001053s ]
INFO: [ app_begin ] --END-- [ RunTime:0.001993s ]
SQL: SHOW COLUMNS FROM `sp_category` [ RunTime:0.0091s ]
SQL: SELECT * FROM `sp_category` WHERE `cat_pid` = 15  [ RunTime:0.0006s ]
INFO: [ app_end ] --START--
INFO: Run Behavior\ShowPageTraceBehavior [ RunTime:0.001841s ]
INFO: [ app_end ] --END-- [ RunTime:0.002031s ]

[ 2016-05-28T11:42:19+08:00 ] 127.0.0.1 /index.php/Admin/Category/getCatByPid?cat_id=16
INFO: [ app_begin ] --START--
INFO: Run Behavior\ReadHtmlCacheBehavior [ RunTime:0.001160s ]
INFO: [ app_begin ] --END-- [ RunTime:0.002351s ]
SQL: SHOW COLUMNS FROM `sp_category` [ RunTime:0.0108s ]
SQL: SELECT * FROM `sp_category` WHERE `cat_pid` = 16  [ RunTime:0.0008s ]
INFO: [ app_end ] --START--
INFO: Run Behavior\ShowPageTraceBehavior [ RunTime:0.001668s ]
INFO: [ app_end ] --END-- [ RunTime:0.001802s ]

[ 2016-05-28T11:42:25+08:00 ] 127.0.0.1 /index.php/Admin/Category/getCatByPid?cat_id=18
INFO: [ app_begin ] --START--
INFO: Run Behavior\ReadHtmlCacheBehavior [ RunTime:0.001591s ]
INFO: [ app_begin ] --END-- [ RunTime:0.002806s ]
SQL: SHOW COLUMNS FROM `sp_category` [ RunTime:0.0092s ]
SQL: SELECT * FROM `sp_category` WHERE `cat_pid` = 18  [ RunTime:0.0009s ]
INFO: [ app_end ] --START--
INFO: Run Behavior\ShowPageTraceBehavior [ RunTime:0.001870s ]
INFO: [ app_end ] --END-- [ RunTime:0.002012s ]

[ 2016-05-28T11:42:29+08:00 ] 127.0.0.1 /index.php/Admin/Category/getCatByPid?cat_id=19
INFO: [ app_begin ] --START--
INFO: Run Behavior\ReadHtmlCacheBehavior [ RunTime:0.001014s ]
INFO: [ app_begin ] --END-- [ RunTime:0.001877s ]
SQL: SHOW COLUMNS FROM `sp_category` [ RunTime:0.0074s ]
SQL: SELECT * FROM `sp_category` WHERE `cat_pid` = 19  [ RunTime:0.0005s ]
INFO: [ app_end ] --START--
INFO: Run Behavior\ShowPageTraceBehavior [ RunTime:0.001306s ]
INFO: [ app_end ] --END-- [ RunTime:0.001406s ]

[ 2016-05-28T11:42:33+08:00 ] 127.0.0.1 /index.php/Admin/Category/getCatByPid?cat_id=15
INFO: [ app_begin ] --START--
INFO: Run Behavior\ReadHtmlCacheBehavior [ RunTime:0.001671s ]
INFO: [ app_begin ] --END-- [ RunTime:0.003215s ]
SQL: SHOW COLUMNS FROM `sp_category` [ RunTime:0.0087s ]
SQL: SELECT * FROM `sp_category` WHERE `cat_pid` = 15  [ RunTime:0.0005s ]
INFO: [ app_end ] --START--
INFO: Run Behavior\ShowPageTraceBehavior [ RunTime:0.001338s ]
INFO: [ app_end ] --END-- [ RunTime:0.001466s ]

[ 2016-05-28T11:42:35+08:00 ] 127.0.0.1 /index.php/Admin/Category/getCatByPid?cat_id=16
INFO: [ app_begin ] --START--
INFO: Run Behavior\ReadHtmlCacheBehavior [ RunTime:0.002115s ]
INFO: [ app_begin ] --END-- [ RunTime:0.003308s ]
SQL: SHOW COLUMNS FROM `sp_category` [ RunTime:0.0100s ]
SQL: SELECT * FROM `sp_category` WHERE `cat_pid` = 16  [ RunTime:0.0007s ]
INFO: [ app_end ] --START--
INFO: Run Behavior\ShowPageTraceBehavior [ RunTime:0.002124s ]
INFO: [ app_end ] --END-- [ RunTime:0.002317s ]

[ 2016-05-28T11:42:38+08:00 ] 127.0.0.1 /index.php/Admin/Category/getCatByPid?cat_id=18
INFO: [ app_begin ] --START--
INFO: Run Behavior\ReadHtmlCacheBehavior [ RunTime:0.001794s ]
INFO: [ app_begin ] --END-- [ RunTime:0.003377s ]
SQL: SHOW COLUMNS FROM `sp_category` [ RunTime:0.0099s ]
SQL: SELECT * FROM `sp_category` WHERE `cat_pid` = 18  [ RunTime:0.0012s ]
INFO: [ app_end ] --START--
INFO: Run Behavior\ShowPageTraceBehavior [ RunTime:0.002260s ]
INFO: [ app_end ] --END-- [ RunTime:0.002431s ]

[ 2016-05-28T11:45:15+08:00 ] 127.0.0.1 /index.php/Admin/Category/getCatByPid?cat_id=15
INFO: [ app_begin ] --START--
INFO: Run Behavior\ReadHtmlCacheBehavior [ RunTime:0.002437s ]
INFO: [ app_begin ] --END-- [ RunTime:0.003622s ]
SQL: SHOW COLUMNS FROM `sp_category` [ RunTime:0.0065s ]
SQL: SELECT * FROM `sp_category` WHERE `cat_pid` = 15  [ RunTime:0.0005s ]
INFO: [ app_end ] --START--
INFO: Run Behavior\ShowPageTraceBehavior [ RunTime:0.001409s ]
INFO: [ app_end ] --END-- [ RunTime:0.001559s ]

[ 2016-05-28T11:45:17+08:00 ] 127.0.0.1 /index.php/Admin/Category/getCatByPid?cat_id=16
INFO: [ app_begin ] --START--
INFO: Run Behavior\ReadHtmlCacheBehavior [ RunTime:0.001182s ]
INFO: [ app_begin ] --END-- [ RunTime:0.001973s ]
SQL: SHOW COLUMNS FROM `sp_category` [ RunTime:0.0095s ]
SQL: SELECT * FROM `sp_category` WHERE `cat_pid` = 16  [ RunTime:0.0016s ]
INFO: [ app_end ] --START--
INFO: Run Behavior\ShowPageTraceBehavior [ RunTime:0.001935s ]
INFO: [ app_end ] --END-- [ RunTime:0.002181s ]

[ 2016-05-28T11:45:31+08:00 ] 127.0.0.1 /index.php/Admin/Category/getCatByPid?cat_id=15
INFO: [ app_begin ] --START--
INFO: Run Behavior\ReadHtmlCacheBehavior [ RunTime:0.001674s ]
INFO: [ app_begin ] --END-- [ RunTime:0.002566s ]
SQL: SHOW COLUMNS FROM `sp_category` [ RunTime:0.0109s ]
SQL: SELECT * FROM `sp_category` WHERE `cat_pid` = 15  [ RunTime:0.0024s ]
INFO: [ app_end ] --START--
INFO: Run Behavior\ShowPageTraceBehavior [ RunTime:0.001665s ]
INFO: [ app_end ] --END-- [ RunTime:0.001835s ]

[ 2016-05-28T11:45:33+08:00 ] 127.0.0.1 /index.php/Admin/Category/getCatByPid?cat_id=16
INFO: [ app_begin ] --START--
INFO: Run Behavior\ReadHtmlCacheBehavior [ RunTime:0.001108s ]
INFO: [ app_begin ] --END-- [ RunTime:0.001825s ]
SQL: SHOW COLUMNS FROM `sp_category` [ RunTime:0.0123s ]
SQL: SELECT * FROM `sp_category` WHERE `cat_pid` = 16  [ RunTime:0.0006s ]
INFO: [ app_end ] --START--
INFO: Run Behavior\ShowPageTraceBehavior [ RunTime:0.001422s ]
INFO: [ app_end ] --END-- [ RunTime:0.001538s ]

[ 2016-05-28T11:47:02+08:00 ] 127.0.0.1 /index.php/Admin/Category/getCatByPid?cat_id=15
INFO: [ app_begin ] --START--
INFO: Run Behavior\ReadHtmlCacheBehavior [ RunTime:0.003135s ]
INFO: [ app_begin ] --END-- [ RunTime:0.006203s ]
SQL: SHOW COLUMNS FROM `sp_category` [ RunTime:0.0103s ]
SQL: SELECT * FROM `sp_category` WHERE `cat_pid` = 15  [ RunTime:0.0006s ]
INFO: [ app_end ] --START--
INFO: Run Behavior\ShowPageTraceBehavior [ RunTime:0.001757s ]
INFO: [ app_end ] --END-- [ RunTime:0.001885s ]

[ 2016-05-28T11:47:03+08:00 ] 127.0.0.1 /index.php/Admin/Category/getCatByPid?cat_id=16
INFO: [ app_begin ] --START--
INFO: Run Behavior\ReadHtmlCacheBehavior [ RunTime:0.001021s ]
INFO: [ app_begin ] --END-- [ RunTime:0.001866s ]
SQL: SHOW COLUMNS FROM `sp_category` [ RunTime:0.0081s ]
SQL: SELECT * FROM `sp_category` WHERE `cat_pid` = 16  [ RunTime:0.0006s ]
INFO: [ app_end ] --START--
INFO: Run Behavior\ShowPageTraceBehavior [ RunTime:0.001736s ]
INFO: [ app_end ] --END-- [ RunTime:0.001873s ]

[ 2016-05-28T11:47:07+08:00 ] 127.0.0.1 /index.php/Admin/Category/getCatByPid?cat_id=18
INFO: [ app_begin ] --START--
INFO: Run Behavior\ReadHtmlCacheBehavior [ RunTime:0.001858s ]
INFO: [ app_begin ] --END-- [ RunTime:0.003142s ]
SQL: SHOW COLUMNS FROM `sp_category` [ RunTime:0.0115s ]
SQL: SELECT * FROM `sp_category` WHERE `cat_pid` = 18  [ RunTime:0.0010s ]
INFO: [ app_end ] --START--
INFO: Run Behavior\ShowPageTraceBehavior [ RunTime:0.002237s ]
INFO: [ app_end ] --END-- [ RunTime:0.002392s ]

[ 2016-05-28T11:47:11+08:00 ] 127.0.0.1 /index.php/Admin/Category/getCatByPid?cat_id=23
INFO: [ app_begin ] --START--
INFO: Run Behavior\ReadHtmlCacheBehavior [ RunTime:0.000948s ]
INFO: [ app_begin ] --END-- [ RunTime:0.001715s ]
SQL: SHOW COLUMNS FROM `sp_category` [ RunTime:0.0250s ]
SQL: SELECT * FROM `sp_category` WHERE `cat_pid` = 23  [ RunTime:0.0007s ]
INFO: [ app_end ] --START--
INFO: Run Behavior\ShowPageTraceBehavior [ RunTime:0.001836s ]
INFO: [ app_end ] --END-- [ RunTime:0.001985s ]

[ 2016-05-28T11:47:14+08:00 ] 127.0.0.1 /index.php/Admin/Category/getCatByPid?cat_id=19
INFO: [ app_begin ] --START--
INFO: Run Behavior\ReadHtmlCacheBehavior [ RunTime:0.001863s ]
INFO: [ app_begin ] --END-- [ RunTime:0.003253s ]
SQL: SHOW COLUMNS FROM `sp_category` [ RunTime:0.0079s ]
SQL: SELECT * FROM `sp_category` WHERE `cat_pid` = 19  [ RunTime:0.0006s ]
INFO: [ app_end ] --START--
INFO: Run Behavior\ShowPageTraceBehavior [ RunTime:0.001473s ]
INFO: [ app_end ] --END-- [ RunTime:0.001603s ]

