[ 2016-07-31T08:50:23+08:00 ] 42.156.251.185 /index.php/Mobile/user/login
INFO: [ app_init ] --START--
INFO: Run Behavior\BuildLiteBehavior [ RunTime:0.000018s ]
INFO: [ app_init ] --END-- [ RunTime:0.000126s ]
INFO: [ app_begin ] --START--
INFO: Run Behavior\ReadHtmlCacheBehavior [ RunTime:0.000055s ]
INFO: [ app_begin ] --END-- [ RunTime:0.000090s ]
INFO: [ view_parse ] --START--
INFO: [ template_filter ] --START--
INFO: Run Behavior\ContentReplaceBehavior [ RunTime:0.000054s ]
INFO: [ template_filter ] --END-- [ RunTime:0.000090s ]
NOTIC: [8] Use of undefined constant Index - assumed 'Index' /var/www/html/Runtime/Cache/Mobile/0a10e19eacc01aefb5e6639553c4e182.php 第 111 行.
NOTIC: [8] Use of undefined constant Medical - assumed 'Medical' /var/www/html/Runtime/Cache/Mobile/0a10e19eacc01aefb5e6639553c4e182.php 第 117 行.
NOTIC: [8] Use of undefined constant Product - assumed 'Product' /var/www/html/Runtime/Cache/Mobile/0a10e19eacc01aefb5e6639553c4e182.php 第 123 行.
NOTIC: [8] Use of undefined constant Patient - assumed 'Patient' /var/www/html/Runtime/Cache/Mobile/0a10e19eacc01aefb5e6639553c4e182.php 第 129 行.
NOTIC: [8] Use of undefined constant Assess - assumed 'Assess' /var/www/html/Runtime/Cache/Mobile/0a10e19eacc01aefb5e6639553c4e182.php 第 129 行.
NOTIC: [8] Use of undefined constant Nurse - assumed 'Nurse' /var/www/html/Runtime/Cache/Mobile/0a10e19eacc01aefb5e6639553c4e182.php 第 129 行.
NOTIC: [8] Use of undefined constant User - assumed 'User' /var/www/html/Runtime/Cache/Mobile/0a10e19eacc01aefb5e6639553c4e182.php 第 129 行.
INFO: Run Behavior\ParseTemplateBehavior [ RunTime:0.004001s ]
INFO: [ view_parse ] --END-- [ RunTime:0.004033s ]
INFO: [ view_filter ] --START--
INFO: Run Behavior\WriteHtmlCacheBehavior [ RunTime:0.000042s ]
INFO: [ view_filter ] --END-- [ RunTime:0.000070s ]
INFO: [ app_end ] --START--
INFO: Run Behavior\ShowPageTraceBehavior [ RunTime:0.000048s ]
INFO: [ app_end ] --END-- [ RunTime:0.000079s ]

[ 2016-07-31T08:50:43+08:00 ] 42.156.251.185 /index.php/Mobile/User/login
INFO: [ app_init ] --START--
INFO: Run Behavior\BuildLiteBehavior [ RunTime:0.000013s ]
INFO: [ app_init ] --END-- [ RunTime:0.000085s ]
INFO: [ app_begin ] --START--
INFO: Run Behavior\ReadHtmlCacheBehavior [ RunTime:0.000036s ]
INFO: [ app_begin ] --END-- [ RunTime:0.000069s ]
INFO: [ view_parse ] --START--
INFO: [ template_filter ] --START--
INFO: Run Behavior\ContentReplaceBehavior [ RunTime:0.000041s ]
INFO: [ template_filter ] --END-- [ RunTime:0.000076s ]
NOTIC: [8] Use of undefined constant Index - assumed 'Index' /var/www/html/Runtime/Cache/Mobile/0a10e19eacc01aefb5e6639553c4e182.php 第 111 行.
NOTIC: [8] Use of undefined constant Medical - assumed 'Medical' /var/www/html/Runtime/Cache/Mobile/0a10e19eacc01aefb5e6639553c4e182.php 第 117 行.
NOTIC: [8] Use of undefined constant Product - assumed 'Product' /var/www/html/Runtime/Cache/Mobile/0a10e19eacc01aefb5e6639553c4e182.php 第 123 行.
NOTIC: [8] Use of undefined constant Patient - assumed 'Patient' /var/www/html/Runtime/Cache/Mobile/0a10e19eacc01aefb5e6639553c4e182.php 第 129 行.
NOTIC: [8] Use of undefined constant Assess - assumed 'Assess' /var/www/html/Runtime/Cache/Mobile/0a10e19eacc01aefb5e6639553c4e182.php 第 129 行.
NOTIC: [8] Use of undefined constant Nurse - assumed 'Nurse' /var/www/html/Runtime/Cache/Mobile/0a10e19eacc01aefb5e6639553c4e182.php 第 129 行.
NOTIC: [8] Use of undefined constant User - assumed 'User' /var/www/html/Runtime/Cache/Mobile/0a10e19eacc01aefb5e6639553c4e182.php 第 129 行.
INFO: Run Behavior\ParseTemplateBehavior [ RunTime:0.003607s ]
INFO: [ view_parse ] --END-- [ RunTime:0.003639s ]
INFO: [ view_filter ] --START--
INFO: Run Behavior\WriteHtmlCacheBehavior [ RunTime:0.000036s ]
INFO: [ view_filter ] --END-- [ RunTime:0.000062s ]
INFO: [ app_end ] --START--
INFO: Run Behavior\ShowPageTraceBehavior [ RunTime:0.000036s ]
INFO: [ app_end ] --END-- [ RunTime:0.000066s ]

[ 2016-07-31T08:51:03+08:00 ] 42.156.251.185 /index.php/Mobile/User/login.html
INFO: [ app_init ] --START--
INFO: Run Behavior\BuildLiteBehavior [ RunTime:0.000013s ]
INFO: [ app_init ] --END-- [ RunTime:0.000086s ]
INFO: [ app_begin ] --START--
INFO: Run Behavior\ReadHtmlCacheBehavior [ RunTime:0.000036s ]
INFO: [ app_begin ] --END-- [ RunTime:0.000068s ]
INFO: [ view_parse ] --START--
INFO: [ template_filter ] --START--
INFO: Run Behavior\ContentReplaceBehavior [ RunTime:0.000039s ]
INFO: [ template_filter ] --END-- [ RunTime:0.000074s ]
NOTIC: [8] Use of undefined constant Index - assumed 'Index' /var/www/html/Runtime/Cache/Mobile/0a10e19eacc01aefb5e6639553c4e182.php 第 111 行.
NOTIC: [8] Use of undefined constant Medical - assumed 'Medical' /var/www/html/Runtime/Cache/Mobile/0a10e19eacc01aefb5e6639553c4e182.php 第 117 行.
NOTIC: [8] Use of undefined constant Product - assumed 'Product' /var/www/html/Runtime/Cache/Mobile/0a10e19eacc01aefb5e6639553c4e182.php 第 123 行.
NOTIC: [8] Use of undefined constant Patient - assumed 'Patient' /var/www/html/Runtime/Cache/Mobile/0a10e19eacc01aefb5e6639553c4e182.php 第 129 行.
NOTIC: [8] Use of undefined constant Assess - assumed 'Assess' /var/www/html/Runtime/Cache/Mobile/0a10e19eacc01aefb5e6639553c4e182.php 第 129 行.
NOTIC: [8] Use of undefined constant Nurse - assumed 'Nurse' /var/www/html/Runtime/Cache/Mobile/0a10e19eacc01aefb5e6639553c4e182.php 第 129 行.
NOTIC: [8] Use of undefined constant User - assumed 'User' /var/www/html/Runtime/Cache/Mobile/0a10e19eacc01aefb5e6639553c4e182.php 第 129 行.
INFO: Run Behavior\ParseTemplateBehavior [ RunTime:0.003595s ]
INFO: [ view_parse ] --END-- [ RunTime:0.003626s ]
INFO: [ view_filter ] --START--
INFO: Run Behavior\WriteHtmlCacheBehavior [ RunTime:0.000035s ]
INFO: [ view_filter ] --END-- [ RunTime:0.000062s ]
INFO: [ app_end ] --START--
INFO: Run Behavior\ShowPageTraceBehavior [ RunTime:0.000037s ]
INFO: [ app_end ] --END-- [ RunTime:0.000067s ]

[ 2016-07-31T14:10:26+08:00 ] 222.128.97.114 /index.php/Mobile/user/login
INFO: [ app_init ] --START--
INFO: Run Behavior\BuildLiteBehavior [ RunTime:0.000019s ]
INFO: [ app_init ] --END-- [ RunTime:0.000176s ]
INFO: [ app_begin ] --START--
INFO: Run Behavior\ReadHtmlCacheBehavior [ RunTime:0.000055s ]
INFO: [ app_begin ] --END-- [ RunTime:0.000088s ]
INFO: [ view_parse ] --START--
INFO: [ template_filter ] --START--
INFO: Run Behavior\ContentReplaceBehavior [ RunTime:0.000051s ]
INFO: [ template_filter ] --END-- [ RunTime:0.000088s ]
NOTIC: [8] Use of undefined constant Index - assumed 'Index' /var/www/html/Runtime/Cache/Mobile/0a10e19eacc01aefb5e6639553c4e182.php 第 111 行.
NOTIC: [8] Use of undefined constant Medical - assumed 'Medical' /var/www/html/Runtime/Cache/Mobile/0a10e19eacc01aefb5e6639553c4e182.php 第 117 行.
NOTIC: [8] Use of undefined constant Product - assumed 'Product' /var/www/html/Runtime/Cache/Mobile/0a10e19eacc01aefb5e6639553c4e182.php 第 123 行.
NOTIC: [8] Use of undefined constant Patient - assumed 'Patient' /var/www/html/Runtime/Cache/Mobile/0a10e19eacc01aefb5e6639553c4e182.php 第 129 行.
NOTIC: [8] Use of undefined constant Assess - assumed 'Assess' /var/www/html/Runtime/Cache/Mobile/0a10e19eacc01aefb5e6639553c4e182.php 第 129 行.
NOTIC: [8] Use of undefined constant Nurse - assumed 'Nurse' /var/www/html/Runtime/Cache/Mobile/0a10e19eacc01aefb5e6639553c4e182.php 第 129 行.
NOTIC: [8] Use of undefined constant User - assumed 'User' /var/www/html/Runtime/Cache/Mobile/0a10e19eacc01aefb5e6639553c4e182.php 第 129 行.
INFO: Run Behavior\ParseTemplateBehavior [ RunTime:0.004304s ]
INFO: [ view_parse ] --END-- [ RunTime:0.004345s ]
INFO: [ view_filter ] --START--
INFO: Run Behavior\WriteHtmlCacheBehavior [ RunTime:0.000041s ]
INFO: [ view_filter ] --END-- [ RunTime:0.000071s ]
INFO: [ app_end ] --START--
INFO: Run Behavior\ShowPageTraceBehavior [ RunTime:0.000046s ]
INFO: [ app_end ] --END-- [ RunTime:0.000077s ]

[ 2016-07-31T14:10:38+08:00 ] 222.128.97.114 /index.php/Mobile/User/register
INFO: [ app_init ] --START--
INFO: Run Behavior\BuildLiteBehavior [ RunTime:0.000013s ]
INFO: [ app_init ] --END-- [ RunTime:0.000087s ]
INFO: [ app_begin ] --START--
INFO: Run Behavior\ReadHtmlCacheBehavior [ RunTime:0.000036s ]
INFO: [ app_begin ] --END-- [ RunTime:0.000068s ]
INFO: [ view_parse ] --START--
INFO: [ template_filter ] --START--
INFO: Run Behavior\ContentReplaceBehavior [ RunTime:0.000043s ]
INFO: [ template_filter ] --END-- [ RunTime:0.000077s ]
NOTIC: [8] Use of undefined constant Index - assumed 'Index' /var/www/html/Runtime/Cache/Mobile/43ed29f64ea2461a35d9ec1a1f469b4d.php 第 165 行.
NOTIC: [8] Use of undefined constant Medical - assumed 'Medical' /var/www/html/Runtime/Cache/Mobile/43ed29f64ea2461a35d9ec1a1f469b4d.php 第 171 行.
NOTIC: [8] Use of undefined constant Product - assumed 'Product' /var/www/html/Runtime/Cache/Mobile/43ed29f64ea2461a35d9ec1a1f469b4d.php 第 177 行.
NOTIC: [8] Use of undefined constant Patient - assumed 'Patient' /var/www/html/Runtime/Cache/Mobile/43ed29f64ea2461a35d9ec1a1f469b4d.php 第 183 行.
NOTIC: [8] Use of undefined constant Assess - assumed 'Assess' /var/www/html/Runtime/Cache/Mobile/43ed29f64ea2461a35d9ec1a1f469b4d.php 第 183 行.
NOTIC: [8] Use of undefined constant Nurse - assumed 'Nurse' /var/www/html/Runtime/Cache/Mobile/43ed29f64ea2461a35d9ec1a1f469b4d.php 第 183 行.
NOTIC: [8] Use of undefined constant User - assumed 'User' /var/www/html/Runtime/Cache/Mobile/43ed29f64ea2461a35d9ec1a1f469b4d.php 第 183 行.
INFO: Run Behavior\ParseTemplateBehavior [ RunTime:0.004016s ]
INFO: [ view_parse ] --END-- [ RunTime:0.004048s ]
INFO: [ view_filter ] --START--
INFO: Run Behavior\WriteHtmlCacheBehavior [ RunTime:0.000036s ]
INFO: [ view_filter ] --END-- [ RunTime:0.000062s ]
INFO: [ app_end ] --START--
INFO: Run Behavior\ShowPageTraceBehavior [ RunTime:0.000037s ]
INFO: [ app_end ] --END-- [ RunTime:0.000067s ]

[ 2016-07-31T14:11:58+08:00 ] 222.128.97.114 /index.php/Mobile/User/doregister
INFO: [ app_init ] --START--
INFO: Run Behavior\BuildLiteBehavior [ RunTime:0.000013s ]
INFO: [ app_init ] --END-- [ RunTime:0.000086s ]
INFO: [ app_begin ] --START--
INFO: Run Behavior\ReadHtmlCacheBehavior [ RunTime:0.000032s ]
INFO: [ app_begin ] --END-- [ RunTime:0.000062s ]
SQL: SHOW COLUMNS FROM `lh_user` [ RunTime:0.0020s ]
SQL: SELECT * FROM `lh_user` WHERE ( iphone = 18317722781 )  [ RunTime:0.0016s ]

[ 2016-07-31T14:12:00+08:00 ] 222.128.97.114 /index.php/Mobile/User/doregister
INFO: [ app_init ] --START--
INFO: Run Behavior\BuildLiteBehavior [ RunTime:0.000013s ]
INFO: [ app_init ] --END-- [ RunTime:0.000079s ]
INFO: [ app_begin ] --START--
INFO: Run Behavior\ReadHtmlCacheBehavior [ RunTime:0.000029s ]
INFO: [ app_begin ] --END-- [ RunTime:0.000057s ]
SQL: SHOW COLUMNS FROM `lh_user` [ RunTime:0.0023s ]
SQL: SELECT * FROM `lh_user` WHERE ( iphone = 18317722781 )  [ RunTime:0.0018s ]

[ 2016-07-31T14:12:00+08:00 ] 222.128.97.114 /index.php/Mobile/User/register
INFO: [ app_init ] --START--
INFO: Run Behavior\BuildLiteBehavior [ RunTime:0.000013s ]
INFO: [ app_init ] --END-- [ RunTime:0.000101s ]
INFO: [ app_begin ] --START--
INFO: Run Behavior\ReadHtmlCacheBehavior [ RunTime:0.000044s ]
INFO: [ app_begin ] --END-- [ RunTime:0.000080s ]
SQL: SHOW COLUMNS FROM `lh_user` [ RunTime:0.0023s ]
NOTIC: [8] Undefined index: validate /var/www/html/ThinkPHP/Library/Think/Model.class.php 第 1185 行.
NOTIC: [8] Undefined index: auto /var/www/html/ThinkPHP/Library/Think/Model.class.php 第 1128 行.
SQL: INSERT INTO `lh_user` (`user`,`password`,`iphone`,`shenfen`) VALUES ('eric','b166b6e2a7aeff010f8374858d187fe0','18317722781','1') [ RunTime:0.0282s ]
SQL: SHOW COLUMNS FROM `lh_user_patient` [ RunTime:0.0064s ]
NOTIC: [8] Undefined index: validate /var/www/html/ThinkPHP/Library/Think/Model.class.php 第 1185 行.
NOTIC: [8] Undefined index: auto /var/www/html/ThinkPHP/Library/Think/Model.class.php 第 1128 行.
SQL: INSERT INTO `lh_user_patient` (`iphone`,`username`,`inputtime`,`userid`) VALUES ('18317722781','eric','1469945520','28') [ RunTime:0.0548s ]

[ 2016-07-31T14:12:00+08:00 ] 222.128.97.114 /index.php/Mobile/User/login.html
INFO: [ app_init ] --START--
INFO: Run Behavior\BuildLiteBehavior [ RunTime:0.000010s ]
INFO: [ app_init ] --END-- [ RunTime:0.000062s ]
INFO: [ app_begin ] --START--
INFO: Run Behavior\ReadHtmlCacheBehavior [ RunTime:0.000030s ]
INFO: [ app_begin ] --END-- [ RunTime:0.000061s ]
INFO: [ view_parse ] --START--
INFO: [ template_filter ] --START--
INFO: Run Behavior\ContentReplaceBehavior [ RunTime:0.000043s ]
INFO: [ template_filter ] --END-- [ RunTime:0.000078s ]
NOTIC: [8] Use of undefined constant Index - assumed 'Index' /var/www/html/Runtime/Cache/Mobile/0a10e19eacc01aefb5e6639553c4e182.php 第 111 行.
NOTIC: [8] Use of undefined constant Medical - assumed 'Medical' /var/www/html/Runtime/Cache/Mobile/0a10e19eacc01aefb5e6639553c4e182.php 第 117 行.
NOTIC: [8] Use of undefined constant Product - assumed 'Product' /var/www/html/Runtime/Cache/Mobile/0a10e19eacc01aefb5e6639553c4e182.php 第 123 行.
NOTIC: [8] Use of undefined constant Patient - assumed 'Patient' /var/www/html/Runtime/Cache/Mobile/0a10e19eacc01aefb5e6639553c4e182.php 第 129 行.
NOTIC: [8] Use of undefined constant Assess - assumed 'Assess' /var/www/html/Runtime/Cache/Mobile/0a10e19eacc01aefb5e6639553c4e182.php 第 129 行.
NOTIC: [8] Use of undefined constant Nurse - assumed 'Nurse' /var/www/html/Runtime/Cache/Mobile/0a10e19eacc01aefb5e6639553c4e182.php 第 129 行.
NOTIC: [8] Use of undefined constant User - assumed 'User' /var/www/html/Runtime/Cache/Mobile/0a10e19eacc01aefb5e6639553c4e182.php 第 129 行.
INFO: Run Behavior\ParseTemplateBehavior [ RunTime:0.004112s ]
INFO: [ view_parse ] --END-- [ RunTime:0.004142s ]
INFO: [ view_filter ] --START--
INFO: Run Behavior\WriteHtmlCacheBehavior [ RunTime:0.000041s ]
INFO: [ view_filter ] --END-- [ RunTime:0.000068s ]
INFO: [ app_end ] --START--
INFO: Run Behavior\ShowPageTraceBehavior [ RunTime:0.000046s ]
INFO: [ app_end ] --END-- [ RunTime:0.000095s ]

[ 2016-07-31T14:12:09+08:00 ] 222.128.97.114 /index.php/Mobile/User/dologin
INFO: [ app_init ] --START--
INFO: Run Behavior\BuildLiteBehavior [ RunTime:0.000012s ]
INFO: [ app_init ] --END-- [ RunTime:0.000084s ]
INFO: [ app_begin ] --START--
INFO: Run Behavior\ReadHtmlCacheBehavior [ RunTime:0.000033s ]
INFO: [ app_begin ] --END-- [ RunTime:0.000062s ]
SQL: SHOW COLUMNS FROM `lh_user` [ RunTime:0.0021s ]
SQL: SELECT * FROM `lh_user` WHERE `iphone` = '18317722781' AND `password` = 'b166b6e2a7aeff010f8374858d187fe0'  [ RunTime:0.0021s ]
INFO: [ app_end ] --START--
INFO: Run Behavior\ShowPageTraceBehavior [ RunTime:0.000039s ]
INFO: [ app_end ] --END-- [ RunTime:0.000067s ]

[ 2016-07-31T14:12:10+08:00 ] 222.128.97.114 /index.php/Mobile/User/dologin
INFO: [ app_init ] --START--
INFO: Run Behavior\BuildLiteBehavior [ RunTime:0.000012s ]
INFO: [ app_init ] --END-- [ RunTime:0.000079s ]
INFO: [ app_begin ] --START--
INFO: Run Behavior\ReadHtmlCacheBehavior [ RunTime:0.000028s ]
INFO: [ app_begin ] --END-- [ RunTime:0.000059s ]
SQL: SHOW COLUMNS FROM `lh_user` [ RunTime:0.0023s ]
SQL: SELECT * FROM `lh_user` WHERE `iphone` = '18317722781' AND `password` = 'b166b6e2a7aeff010f8374858d187fe0'  [ RunTime:0.0017s ]
INFO: [ app_end ] --START--
INFO: Run Behavior\ShowPageTraceBehavior [ RunTime:0.000078s ]
INFO: [ app_end ] --END-- [ RunTime:0.000110s ]

[ 2016-07-31T14:12:10+08:00 ] 222.128.97.114 /index.php/Mobile/User/login
INFO: [ app_init ] --START--
INFO: Run Behavior\BuildLiteBehavior [ RunTime:0.000014s ]
INFO: [ app_init ] --END-- [ RunTime:0.000098s ]
INFO: [ app_begin ] --START--
INFO: Run Behavior\ReadHtmlCacheBehavior [ RunTime:0.000045s ]
INFO: [ app_begin ] --END-- [ RunTime:0.000078s ]
SQL: SHOW COLUMNS FROM `lh_user` [ RunTime:0.0022s ]
SQL: SELECT * FROM `lh_user` WHERE `iphone` = '18317722781' AND `password` = 'b166b6e2a7aeff010f8374858d187fe0'  [ RunTime:0.0022s ]

[ 2016-07-31T14:13:06+08:00 ] 222.128.97.195 /index.php/Mobile/User/login
INFO: [ app_init ] --START--
INFO: Run Behavior\BuildLiteBehavior [ RunTime:0.000012s ]
INFO: [ app_init ] --END-- [ RunTime:0.000084s ]
INFO: [ app_begin ] --START--
INFO: Run Behavior\ReadHtmlCacheBehavior [ RunTime:0.000033s ]
INFO: [ app_begin ] --END-- [ RunTime:0.000065s ]
SQL: SHOW COLUMNS FROM `lh_user` [ RunTime:0.0023s ]
SQL: SELECT * FROM `lh_user` WHERE `iphone` = '18317722781' AND `password` = 'b166b6e2a7aeff010f8374858d187fe0'  [ RunTime:0.0019s ]

[ 2016-07-31T14:13:06+08:00 ] 222.128.97.195 /index.php/Mobile/Index/index.html
INFO: [ app_init ] --START--
INFO: Run Behavior\BuildLiteBehavior [ RunTime:0.000009s ]
INFO: [ app_init ] --END-- [ RunTime:0.000057s ]
INFO: [ app_begin ] --START--
INFO: Run Behavior\ReadHtmlCacheBehavior [ RunTime:0.000028s ]
INFO: [ app_begin ] --END-- [ RunTime:0.000060s ]
SQL: SHOW COLUMNS FROM `lh_ad` [ RunTime:0.0021s ]
SQL: SELECT * FROM `lh_ad` WHERE ( col_id=19 )  [ RunTime:0.0016s ]
INFO: [ view_parse ] --START--
INFO: [ template_filter ] --START--
INFO: Run Behavior\ContentReplaceBehavior [ RunTime:0.000039s ]
INFO: [ template_filter ] --END-- [ RunTime:0.000079s ]
NOTIC: [8] Use of undefined constant Index - assumed 'Index' /var/www/html/Runtime/Cache/Mobile/6d83bab12780e00d1bcc46cc939899aa.php 第 90 行.
NOTIC: [8] Use of undefined constant Medical - assumed 'Medical' /var/www/html/Runtime/Cache/Mobile/6d83bab12780e00d1bcc46cc939899aa.php 第 96 行.
NOTIC: [8] Use of undefined constant Product - assumed 'Product' /var/www/html/Runtime/Cache/Mobile/6d83bab12780e00d1bcc46cc939899aa.php 第 102 行.
NOTIC: [8] Use of undefined constant Patient - assumed 'Patient' /var/www/html/Runtime/Cache/Mobile/6d83bab12780e00d1bcc46cc939899aa.php 第 108 行.
NOTIC: [8] Use of undefined constant Assess - assumed 'Assess' /var/www/html/Runtime/Cache/Mobile/6d83bab12780e00d1bcc46cc939899aa.php 第 108 行.
NOTIC: [8] Use of undefined constant Nurse - assumed 'Nurse' /var/www/html/Runtime/Cache/Mobile/6d83bab12780e00d1bcc46cc939899aa.php 第 108 行.
NOTIC: [8] Use of undefined constant User - assumed 'User' /var/www/html/Runtime/Cache/Mobile/6d83bab12780e00d1bcc46cc939899aa.php 第 108 行.
INFO: Run Behavior\ParseTemplateBehavior [ RunTime:0.004184s ]
INFO: [ view_parse ] --END-- [ RunTime:0.004216s ]
INFO: [ view_filter ] --START--
INFO: Run Behavior\WriteHtmlCacheBehavior [ RunTime:0.000035s ]
INFO: [ view_filter ] --END-- [ RunTime:0.000062s ]
INFO: [ app_end ] --START--
INFO: Run Behavior\ShowPageTraceBehavior [ RunTime:0.000034s ]
INFO: [ app_end ] --END-- [ RunTime:0.000060s ]

[ 2016-07-31T14:13:08+08:00 ] 222.128.97.195 /index.php/Mobile/Patient/userindex/userid/28
INFO: [ app_init ] --START--
INFO: Run Behavior\BuildLiteBehavior [ RunTime:0.000012s ]
INFO: [ app_init ] --END-- [ RunTime:0.000080s ]
INFO: [ app_begin ] --START--
INFO: Run Behavior\ReadHtmlCacheBehavior [ RunTime:0.000031s ]
INFO: [ app_begin ] --END-- [ RunTime:0.000063s ]
SQL: SHOW COLUMNS FROM `lh_user_patient` [ RunTime:0.0021s ]
SQL: SELECT * FROM `lh_user_patient` WHERE `userid` = 28 LIMIT 1   [ RunTime:0.0019s ]
SQL: SHOW COLUMNS FROM `lh_user_order` [ RunTime:0.0020s ]
SQL: SELECT `status`,count(orderid) as count FROM `lh_user_order` WHERE ( userid = 28 ) GROUP BY status  [ RunTime:0.0015s ]
SQL: select * from lh_user_order where userid = 28 AND shopid is null AND (status = '0' or status= '1') [ RunTime:0.0017s ]
INFO: [ view_parse ] --START--
INFO: [ template_filter ] --START--
INFO: Run Behavior\ContentReplaceBehavior [ RunTime:0.000045s ]
INFO: [ template_filter ] --END-- [ RunTime:0.000078s ]
NOTIC: [8] Undefined index: unfinished /var/www/html/Runtime/Cache/Mobile/23fb4d62eae2ddc828ad0af2bf182a14.php 第 42 行.
NOTIC: [8] Undefined index: finishing /var/www/html/Runtime/Cache/Mobile/23fb4d62eae2ddc828ad0af2bf182a14.php 第 48 行.
NOTIC: [8] Undefined index: finished /var/www/html/Runtime/Cache/Mobile/23fb4d62eae2ddc828ad0af2bf182a14.php 第 54 行.
NOTIC: [8] Undefined index: apointing /var/www/html/Runtime/Cache/Mobile/23fb4d62eae2ddc828ad0af2bf182a14.php 第 109 行.
NOTIC: [8] Use of undefined constant Index - assumed 'Index' /var/www/html/Runtime/Cache/Mobile/23fb4d62eae2ddc828ad0af2bf182a14.php 第 134 行.
NOTIC: [8] Use of undefined constant Medical - assumed 'Medical' /var/www/html/Runtime/Cache/Mobile/23fb4d62eae2ddc828ad0af2bf182a14.php 第 140 行.
NOTIC: [8] Use of undefined constant Product - assumed 'Product' /var/www/html/Runtime/Cache/Mobile/23fb4d62eae2ddc828ad0af2bf182a14.php 第 146 行.
NOTIC: [8] Use of undefined constant Patient - assumed 'Patient' /var/www/html/Runtime/Cache/Mobile/23fb4d62eae2ddc828ad0af2bf182a14.php 第 152 行.
INFO: Run Behavior\ParseTemplateBehavior [ RunTime:0.004309s ]
INFO: [ view_parse ] --END-- [ RunTime:0.004341s ]
INFO: [ view_filter ] --START--
INFO: Run Behavior\WriteHtmlCacheBehavior [ RunTime:0.000028s ]
INFO: [ view_filter ] --END-- [ RunTime:0.000055s ]
INFO: [ app_end ] --START--
INFO: Run Behavior\ShowPageTraceBehavior [ RunTime:0.000030s ]
INFO: [ app_end ] --END-- [ RunTime:0.000057s ]

[ 2016-07-31T14:13:23+08:00 ] 222.128.97.195 /index.php/Mobile/Patient/vip
INFO: [ app_init ] --START--
INFO: Run Behavior\BuildLiteBehavior [ RunTime:0.000013s ]
INFO: [ app_init ] --END-- [ RunTime:0.000089s ]
INFO: [ app_begin ] --START--
INFO: Run Behavior\ReadHtmlCacheBehavior [ RunTime:0.000036s ]
INFO: [ app_begin ] --END-- [ RunTime:0.000068s ]
INFO: [ view_parse ] --START--
INFO: [ template_filter ] --START--
INFO: Run Behavior\ContentReplaceBehavior [ RunTime:0.000035s ]
INFO: [ template_filter ] --END-- [ RunTime:0.000069s ]
NOTIC: [8] Undefined variable: daohang /var/www/html/Runtime/Cache/Mobile/4fa9f1f8f15b343f2747d247e4e8aaed.php 第 19 行.
NOTIC: [8] Undefined variable: daohang /var/www/html/Runtime/Cache/Mobile/4fa9f1f8f15b343f2747d247e4e8aaed.php 第 21 行.
NOTIC: [8] Undefined variable: daohang /var/www/html/Runtime/Cache/Mobile/4fa9f1f8f15b343f2747d247e4e8aaed.php 第 23 行.
NOTIC: [8] Use of undefined constant Index - assumed 'Index' /var/www/html/Runtime/Cache/Mobile/4fa9f1f8f15b343f2747d247e4e8aaed.php 第 61 行.
NOTIC: [8] Use of undefined constant Medical - assumed 'Medical' /var/www/html/Runtime/Cache/Mobile/4fa9f1f8f15b343f2747d247e4e8aaed.php 第 67 行.
NOTIC: [8] Use of undefined constant Product - assumed 'Product' /var/www/html/Runtime/Cache/Mobile/4fa9f1f8f15b343f2747d247e4e8aaed.php 第 73 行.
NOTIC: [8] Use of undefined constant Patient - assumed 'Patient' /var/www/html/Runtime/Cache/Mobile/4fa9f1f8f15b343f2747d247e4e8aaed.php 第 79 行.
INFO: Run Behavior\ParseTemplateBehavior [ RunTime:0.003126s ]
INFO: [ view_parse ] --END-- [ RunTime:0.003157s ]
INFO: [ view_filter ] --START--
INFO: Run Behavior\WriteHtmlCacheBehavior [ RunTime:0.000036s ]
INFO: [ view_filter ] --END-- [ RunTime:0.000062s ]
INFO: [ app_end ] --START--
INFO: Run Behavior\ShowPageTraceBehavior [ RunTime:0.000034s ]
INFO: [ app_end ] --END-- [ RunTime:0.000061s ]

[ 2016-07-31T14:13:25+08:00 ] 222.128.97.195 /index.php/Mobile/Patient/userindex/userid/28
INFO: [ app_init ] --START--
INFO: Run Behavior\BuildLiteBehavior [ RunTime:0.000013s ]
INFO: [ app_init ] --END-- [ RunTime:0.000081s ]
INFO: [ app_begin ] --START--
INFO: Run Behavior\ReadHtmlCacheBehavior [ RunTime:0.000031s ]
INFO: [ app_begin ] --END-- [ RunTime:0.000063s ]
SQL: SHOW COLUMNS FROM `lh_user_patient` [ RunTime:0.0025s ]
SQL: SELECT * FROM `lh_user_patient` WHERE `userid` = 28 LIMIT 1   [ RunTime:0.0017s ]
SQL: SHOW COLUMNS FROM `lh_user_order` [ RunTime:0.0055s ]
SQL: SELECT `status`,count(orderid) as count FROM `lh_user_order` WHERE ( userid = 28 ) GROUP BY status  [ RunTime:0.0017s ]
SQL: select * from lh_user_order where userid = 28 AND shopid is null AND (status = '0' or status= '1') [ RunTime:0.0020s ]
INFO: [ view_parse ] --START--
INFO: [ template_filter ] --START--
INFO: Run Behavior\ContentReplaceBehavior [ RunTime:0.000047s ]
INFO: [ template_filter ] --END-- [ RunTime:0.000084s ]
NOTIC: [8] Undefined index: unfinished /var/www/html/Runtime/Cache/Mobile/23fb4d62eae2ddc828ad0af2bf182a14.php 第 42 行.
NOTIC: [8] Undefined index: finishing /var/www/html/Runtime/Cache/Mobile/23fb4d62eae2ddc828ad0af2bf182a14.php 第 48 行.
NOTIC: [8] Undefined index: finished /var/www/html/Runtime/Cache/Mobile/23fb4d62eae2ddc828ad0af2bf182a14.php 第 54 行.
NOTIC: [8] Undefined index: apointing /var/www/html/Runtime/Cache/Mobile/23fb4d62eae2ddc828ad0af2bf182a14.php 第 109 行.
NOTIC: [8] Use of undefined constant Index - assumed 'Index' /var/www/html/Runtime/Cache/Mobile/23fb4d62eae2ddc828ad0af2bf182a14.php 第 134 行.
NOTIC: [8] Use of undefined constant Medical - assumed 'Medical' /var/www/html/Runtime/Cache/Mobile/23fb4d62eae2ddc828ad0af2bf182a14.php 第 140 行.
NOTIC: [8] Use of undefined constant Product - assumed 'Product' /var/www/html/Runtime/Cache/Mobile/23fb4d62eae2ddc828ad0af2bf182a14.php 第 146 行.
NOTIC: [8] Use of undefined constant Patient - assumed 'Patient' /var/www/html/Runtime/Cache/Mobile/23fb4d62eae2ddc828ad0af2bf182a14.php 第 152 行.
INFO: Run Behavior\ParseTemplateBehavior [ RunTime:0.004450s ]
INFO: [ view_parse ] --END-- [ RunTime:0.004483s ]
INFO: [ view_filter ] --START--
INFO: Run Behavior\WriteHtmlCacheBehavior [ RunTime:0.000030s ]
INFO: [ view_filter ] --END-- [ RunTime:0.000056s ]
INFO: [ app_end ] --START--
INFO: Run Behavior\ShowPageTraceBehavior [ RunTime:0.000030s ]
INFO: [ app_end ] --END-- [ RunTime:0.000056s ]

[ 2016-07-31T14:13:27+08:00 ] 222.128.97.195 /index.php/Mobile/Patient/recharge
INFO: [ app_init ] --START--
INFO: Run Behavior\BuildLiteBehavior [ RunTime:0.000013s ]
INFO: [ app_init ] --END-- [ RunTime:0.000085s ]
INFO: [ app_begin ] --START--
INFO: Run Behavior\ReadHtmlCacheBehavior [ RunTime:0.000034s ]
INFO: [ app_begin ] --END-- [ RunTime:0.000065s ]
INFO: [ view_parse ] --START--
INFO: [ template_filter ] --START--
INFO: Run Behavior\ContentReplaceBehavior [ RunTime:0.000040s ]
INFO: [ template_filter ] --END-- [ RunTime:0.000075s ]
NOTIC: [8] Use of undefined constant Index - assumed 'Index' /var/www/html/Runtime/Cache/Mobile/5dafbbd011d7763b534f6bd67221a02f.php 第 84 行.
NOTIC: [8] Use of undefined constant Medical - assumed 'Medical' /var/www/html/Runtime/Cache/Mobile/5dafbbd011d7763b534f6bd67221a02f.php 第 90 行.
NOTIC: [8] Use of undefined constant Product - assumed 'Product' /var/www/html/Runtime/Cache/Mobile/5dafbbd011d7763b534f6bd67221a02f.php 第 96 行.
NOTIC: [8] Use of undefined constant Patient - assumed 'Patient' /var/www/html/Runtime/Cache/Mobile/5dafbbd011d7763b534f6bd67221a02f.php 第 102 行.
INFO: Run Behavior\ParseTemplateBehavior [ RunTime:0.003545s ]
INFO: [ view_parse ] --END-- [ RunTime:0.003580s ]
INFO: [ view_filter ] --START--
INFO: Run Behavior\WriteHtmlCacheBehavior [ RunTime:0.000038s ]
INFO: [ view_filter ] --END-- [ RunTime:0.000069s ]
INFO: [ app_end ] --START--
INFO: Run Behavior\ShowPageTraceBehavior [ RunTime:0.000063s ]
INFO: [ app_end ] --END-- [ RunTime:0.000104s ]

[ 2016-07-31T14:13:29+08:00 ] 222.128.97.195 /index.php/Mobile/Patient/userindex/userid/28
INFO: [ app_init ] --START--
INFO: Run Behavior\BuildLiteBehavior [ RunTime:0.000012s ]
INFO: [ app_init ] --END-- [ RunTime:0.000079s ]
INFO: [ app_begin ] --START--
INFO: Run Behavior\ReadHtmlCacheBehavior [ RunTime:0.000032s ]
INFO: [ app_begin ] --END-- [ RunTime:0.000064s ]
SQL: SHOW COLUMNS FROM `lh_user_patient` [ RunTime:0.0031s ]
SQL: SELECT * FROM `lh_user_patient` WHERE `userid` = 28 LIMIT 1   [ RunTime:0.0019s ]
SQL: SHOW COLUMNS FROM `lh_user_order` [ RunTime:0.0021s ]
SQL: SELECT `status`,count(orderid) as count FROM `lh_user_order` WHERE ( userid = 28 ) GROUP BY status  [ RunTime:0.0023s ]
SQL: select * from lh_user_order where userid = 28 AND shopid is null AND (status = '0' or status= '1') [ RunTime:0.0024s ]
INFO: [ view_parse ] --START--
INFO: [ template_filter ] --START--
INFO: Run Behavior\ContentReplaceBehavior [ RunTime:0.000060s ]
INFO: [ template_filter ] --END-- [ RunTime:0.000106s ]
NOTIC: [8] Undefined index: unfinished /var/www/html/Runtime/Cache/Mobile/23fb4d62eae2ddc828ad0af2bf182a14.php 第 42 行.
NOTIC: [8] Undefined index: finishing /var/www/html/Runtime/Cache/Mobile/23fb4d62eae2ddc828ad0af2bf182a14.php 第 48 行.
NOTIC: [8] Undefined index: finished /var/www/html/Runtime/Cache/Mobile/23fb4d62eae2ddc828ad0af2bf182a14.php 第 54 行.
NOTIC: [8] Undefined index: apointing /var/www/html/Runtime/Cache/Mobile/23fb4d62eae2ddc828ad0af2bf182a14.php 第 109 行.
NOTIC: [8] Use of undefined constant Index - assumed 'Index' /var/www/html/Runtime/Cache/Mobile/23fb4d62eae2ddc828ad0af2bf182a14.php 第 134 行.
NOTIC: [8] Use of undefined constant Medical - assumed 'Medical' /var/www/html/Runtime/Cache/Mobile/23fb4d62eae2ddc828ad0af2bf182a14.php 第 140 行.
NOTIC: [8] Use of undefined constant Product - assumed 'Product' /var/www/html/Runtime/Cache/Mobile/23fb4d62eae2ddc828ad0af2bf182a14.php 第 146 行.
NOTIC: [8] Use of undefined constant Patient - assumed 'Patient' /var/www/html/Runtime/Cache/Mobile/23fb4d62eae2ddc828ad0af2bf182a14.php 第 152 行.
INFO: Run Behavior\ParseTemplateBehavior [ RunTime:0.005081s ]
INFO: [ view_parse ] --END-- [ RunTime:0.005114s ]
INFO: [ view_filter ] --START--
INFO: Run Behavior\WriteHtmlCacheBehavior [ RunTime:0.000034s ]
INFO: [ view_filter ] --END-- [ RunTime:0.000062s ]
INFO: [ app_end ] --START--
INFO: Run Behavior\ShowPageTraceBehavior [ RunTime:0.000030s ]
INFO: [ app_end ] --END-- [ RunTime:0.000058s ]

[ 2016-07-31T15:24:03+08:00 ] 222.128.97.114 /index.php/Mobile/Patient/userindex/userid/28
INFO: [ app_init ] --START--
INFO: Run Behavior\BuildLiteBehavior [ RunTime:0.000020s ]
INFO: [ app_init ] --END-- [ RunTime:0.000172s ]
INFO: [ app_begin ] --START--
INFO: Run Behavior\ReadHtmlCacheBehavior [ RunTime:0.000054s ]
INFO: [ app_begin ] --END-- [ RunTime:0.000090s ]
SQL: SHOW COLUMNS FROM `lh_user_patient` [ RunTime:0.0023s ]
SQL: SELECT * FROM `lh_user_patient` WHERE `userid` = 28 LIMIT 1   [ RunTime:0.0021s ]
SQL: SHOW COLUMNS FROM `lh_user_order` [ RunTime:0.0022s ]
SQL: SELECT `status`,count(orderid) as count FROM `lh_user_order` WHERE ( userid = 28 ) GROUP BY status  [ RunTime:0.0019s ]
SQL: select * from lh_user_order where userid = 28 AND shopid is null AND (status = '0' or status= '1') [ RunTime:0.0018s ]
INFO: [ view_parse ] --START--
INFO: [ template_filter ] --START--
INFO: Run Behavior\ContentReplaceBehavior [ RunTime:0.000068s ]
INFO: [ template_filter ] --END-- [ RunTime:0.000104s ]
NOTIC: [8] Undefined index: unfinished /var/www/html/Runtime/Cache/Mobile/23fb4d62eae2ddc828ad0af2bf182a14.php 第 42 行.
NOTIC: [8] Undefined index: finishing /var/www/html/Runtime/Cache/Mobile/23fb4d62eae2ddc828ad0af2bf182a14.php 第 48 行.
NOTIC: [8] Undefined index: finished /var/www/html/Runtime/Cache/Mobile/23fb4d62eae2ddc828ad0af2bf182a14.php 第 54 行.
NOTIC: [8] Undefined index: apointing /var/www/html/Runtime/Cache/Mobile/23fb4d62eae2ddc828ad0af2bf182a14.php 第 109 行.
NOTIC: [8] Use of undefined constant Index - assumed 'Index' /var/www/html/Runtime/Cache/Mobile/23fb4d62eae2ddc828ad0af2bf182a14.php 第 134 行.
NOTIC: [8] Use of undefined constant Medical - assumed 'Medical' /var/www/html/Runtime/Cache/Mobile/23fb4d62eae2ddc828ad0af2bf182a14.php 第 140 行.
NOTIC: [8] Use of undefined constant Product - assumed 'Product' /var/www/html/Runtime/Cache/Mobile/23fb4d62eae2ddc828ad0af2bf182a14.php 第 146 行.
NOTIC: [8] Use of undefined constant Patient - assumed 'Patient' /var/www/html/Runtime/Cache/Mobile/23fb4d62eae2ddc828ad0af2bf182a14.php 第 152 行.
INFO: Run Behavior\ParseTemplateBehavior [ RunTime:0.005215s ]
INFO: [ view_parse ] --END-- [ RunTime:0.005249s ]
INFO: [ view_filter ] --START--
INFO: Run Behavior\WriteHtmlCacheBehavior [ RunTime:0.000040s ]
INFO: [ view_filter ] --END-- [ RunTime:0.000067s ]
INFO: [ app_end ] --START--
INFO: Run Behavior\ShowPageTraceBehavior [ RunTime:0.000044s ]
INFO: [ app_end ] --END-- [ RunTime:0.000122s ]

[ 2016-07-31T15:24:05+08:00 ] 222.128.97.114 /index.php/Mobile/Index/index.html
INFO: [ app_init ] --START--
INFO: Run Behavior\BuildLiteBehavior [ RunTime:0.000017s ]
INFO: [ app_init ] --END-- [ RunTime:0.000120s ]
INFO: [ app_begin ] --START--
INFO: Run Behavior\ReadHtmlCacheBehavior [ RunTime:0.000051s ]
INFO: [ app_begin ] --END-- [ RunTime:0.000084s ]
SQL: SHOW COLUMNS FROM `lh_ad` [ RunTime:0.0024s ]
SQL: SELECT * FROM `lh_ad` WHERE ( col_id=19 )  [ RunTime:0.0018s ]
INFO: [ view_parse ] --START--
INFO: [ template_filter ] --START--
INFO: Run Behavior\ContentReplaceBehavior [ RunTime:0.000047s ]
INFO: [ template_filter ] --END-- [ RunTime:0.000087s ]
NOTIC: [8] Use of undefined constant Index - assumed 'Index' /var/www/html/Runtime/Cache/Mobile/6d83bab12780e00d1bcc46cc939899aa.php 第 90 行.
NOTIC: [8] Use of undefined constant Medical - assumed 'Medical' /var/www/html/Runtime/Cache/Mobile/6d83bab12780e00d1bcc46cc939899aa.php 第 96 行.
NOTIC: [8] Use of undefined constant Product - assumed 'Product' /var/www/html/Runtime/Cache/Mobile/6d83bab12780e00d1bcc46cc939899aa.php 第 102 行.
NOTIC: [8] Use of undefined constant Patient - assumed 'Patient' /var/www/html/Runtime/Cache/Mobile/6d83bab12780e00d1bcc46cc939899aa.php 第 108 行.
NOTIC: [8] Use of undefined constant Assess - assumed 'Assess' /var/www/html/Runtime/Cache/Mobile/6d83bab12780e00d1bcc46cc939899aa.php 第 108 行.
NOTIC: [8] Use of undefined constant Nurse - assumed 'Nurse' /var/www/html/Runtime/Cache/Mobile/6d83bab12780e00d1bcc46cc939899aa.php 第 108 行.
NOTIC: [8] Use of undefined constant User - assumed 'User' /var/www/html/Runtime/Cache/Mobile/6d83bab12780e00d1bcc46cc939899aa.php 第 108 行.
INFO: Run Behavior\ParseTemplateBehavior [ RunTime:0.004877s ]
INFO: [ view_parse ] --END-- [ RunTime:0.004921s ]
INFO: [ view_filter ] --START--
INFO: Run Behavior\WriteHtmlCacheBehavior [ RunTime:0.000034s ]
INFO: [ view_filter ] --END-- [ RunTime:0.000067s ]
INFO: [ app_end ] --START--
INFO: Run Behavior\ShowPageTraceBehavior [ RunTime:0.000055s ]
INFO: [ app_end ] --END-- [ RunTime:0.000096s ]

[ 2016-07-31T15:24:07+08:00 ] 222.128.97.114 /index.php/Mobile/Patient/userindex/userid/28
INFO: [ app_init ] --START--
INFO: Run Behavior\BuildLiteBehavior [ RunTime:0.000013s ]
INFO: [ app_init ] --END-- [ RunTime:0.000086s ]
INFO: [ app_begin ] --START--
INFO: Run Behavior\ReadHtmlCacheBehavior [ RunTime:0.000037s ]
INFO: [ app_begin ] --END-- [ RunTime:0.000071s ]
SQL: SHOW COLUMNS FROM `lh_user_patient` [ RunTime:0.0022s ]
SQL: SELECT * FROM `lh_user_patient` WHERE `userid` = 28 LIMIT 1   [ RunTime:0.0017s ]
SQL: SHOW COLUMNS FROM `lh_user_order` [ RunTime:0.0026s ]
SQL: SELECT `status`,count(orderid) as count FROM `lh_user_order` WHERE ( userid = 28 ) GROUP BY status  [ RunTime:0.0019s ]
SQL: select * from lh_user_order where userid = 28 AND shopid is null AND (status = '0' or status= '1') [ RunTime:0.0026s ]
INFO: [ view_parse ] --START--
INFO: [ template_filter ] --START--
INFO: Run Behavior\ContentReplaceBehavior [ RunTime:0.000047s ]
INFO: [ template_filter ] --END-- [ RunTime:0.000083s ]
NOTIC: [8] Undefined index: unfinished /var/www/html/Runtime/Cache/Mobile/23fb4d62eae2ddc828ad0af2bf182a14.php 第 42 行.
NOTIC: [8] Undefined index: finishing /var/www/html/Runtime/Cache/Mobile/23fb4d62eae2ddc828ad0af2bf182a14.php 第 48 行.
NOTIC: [8] Undefined index: finished /var/www/html/Runtime/Cache/Mobile/23fb4d62eae2ddc828ad0af2bf182a14.php 第 54 行.
NOTIC: [8] Undefined index: apointing /var/www/html/Runtime/Cache/Mobile/23fb4d62eae2ddc828ad0af2bf182a14.php 第 109 行.
NOTIC: [8] Use of undefined constant Index - assumed 'Index' /var/www/html/Runtime/Cache/Mobile/23fb4d62eae2ddc828ad0af2bf182a14.php 第 134 行.
NOTIC: [8] Use of undefined constant Medical - assumed 'Medical' /var/www/html/Runtime/Cache/Mobile/23fb4d62eae2ddc828ad0af2bf182a14.php 第 140 行.
NOTIC: [8] Use of undefined constant Product - assumed 'Product' /var/www/html/Runtime/Cache/Mobile/23fb4d62eae2ddc828ad0af2bf182a14.php 第 146 行.
NOTIC: [8] Use of undefined constant Patient - assumed 'Patient' /var/www/html/Runtime/Cache/Mobile/23fb4d62eae2ddc828ad0af2bf182a14.php 第 152 行.
INFO: Run Behavior\ParseTemplateBehavior [ RunTime:0.004523s ]
INFO: [ view_parse ] --END-- [ RunTime:0.004557s ]
INFO: [ view_filter ] --START--
INFO: Run Behavior\WriteHtmlCacheBehavior [ RunTime:0.000039s ]
INFO: [ view_filter ] --END-- [ RunTime:0.000066s ]
INFO: [ app_end ] --START--
INFO: Run Behavior\ShowPageTraceBehavior [ RunTime:0.000034s ]
INFO: [ app_end ] --END-- [ RunTime:0.000062s ]

[ 2016-07-31T15:24:08+08:00 ] 222.128.97.114 /index.php/Mobile/Index/index.html
INFO: [ app_init ] --START--
INFO: Run Behavior\BuildLiteBehavior [ RunTime:0.000012s ]
INFO: [ app_init ] --END-- [ RunTime:0.000079s ]
INFO: [ app_begin ] --START--
INFO: Run Behavior\ReadHtmlCacheBehavior [ RunTime:0.000032s ]
INFO: [ app_begin ] --END-- [ RunTime:0.000064s ]
SQL: SHOW COLUMNS FROM `lh_ad` [ RunTime:0.0022s ]
SQL: SELECT * FROM `lh_ad` WHERE ( col_id=19 )  [ RunTime:0.0017s ]
INFO: [ view_parse ] --START--
INFO: [ template_filter ] --START--
INFO: Run Behavior\ContentReplaceBehavior [ RunTime:0.000040s ]
INFO: [ template_filter ] --END-- [ RunTime:0.000074s ]
NOTIC: [8] Use of undefined constant Index - assumed 'Index' /var/www/html/Runtime/Cache/Mobile/6d83bab12780e00d1bcc46cc939899aa.php 第 90 行.
NOTIC: [8] Use of undefined constant Medical - assumed 'Medical' /var/www/html/Runtime/Cache/Mobile/6d83bab12780e00d1bcc46cc939899aa.php 第 96 行.
NOTIC: [8] Use of undefined constant Product - assumed 'Product' /var/www/html/Runtime/Cache/Mobile/6d83bab12780e00d1bcc46cc939899aa.php 第 102 行.
NOTIC: [8] Use of undefined constant Patient - assumed 'Patient' /var/www/html/Runtime/Cache/Mobile/6d83bab12780e00d1bcc46cc939899aa.php 第 108 行.
NOTIC: [8] Use of undefined constant Assess - assumed 'Assess' /var/www/html/Runtime/Cache/Mobile/6d83bab12780e00d1bcc46cc939899aa.php 第 108 行.
NOTIC: [8] Use of undefined constant Nurse - assumed 'Nurse' /var/www/html/Runtime/Cache/Mobile/6d83bab12780e00d1bcc46cc939899aa.php 第 108 行.
NOTIC: [8] Use of undefined constant User - assumed 'User' /var/www/html/Runtime/Cache/Mobile/6d83bab12780e00d1bcc46cc939899aa.php 第 108 行.
INFO: Run Behavior\ParseTemplateBehavior [ RunTime:0.004288s ]
INFO: [ view_parse ] --END-- [ RunTime:0.004321s ]
INFO: [ view_filter ] --START--
INFO: Run Behavior\WriteHtmlCacheBehavior [ RunTime:0.000029s ]
INFO: [ view_filter ] --END-- [ RunTime:0.000087s ]
INFO: [ app_end ] --START--
INFO: Run Behavior\ShowPageTraceBehavior [ RunTime:0.000032s ]
INFO: [ app_end ] --END-- [ RunTime:0.000059s ]

[ 2016-07-31T15:24:09+08:00 ] 222.128.97.114 /index.php/Mobile/Medical/medical.html
INFO: [ app_init ] --START--
INFO: Run Behavior\BuildLiteBehavior [ RunTime:0.000012s ]
INFO: [ app_init ] --END-- [ RunTime:0.000079s ]
INFO: [ app_begin ] --START--
INFO: Run Behavior\ReadHtmlCacheBehavior [ RunTime:0.000031s ]
INFO: [ app_begin ] --END-- [ RunTime:0.000062s ]
SQL: SHOW COLUMNS FROM `lh_ad` [ RunTime:0.0022s ]
SQL: SELECT * FROM `lh_ad` WHERE ( col_id=22 ) LIMIT 0,1   [ RunTime:0.0016s ]
INFO: [ view_parse ] --START--
INFO: [ template_filter ] --START--
INFO: Run Behavior\ContentReplaceBehavior [ RunTime:0.000043s ]
INFO: [ template_filter ] --END-- [ RunTime:0.000079s ]
NOTIC: [8] Use of undefined constant Index - assumed 'Index' /var/www/html/Runtime/Cache/Mobile/03e3a7665608f1f289f62f2f003fd0dc.php 第 62 行.
NOTIC: [8] Use of undefined constant Medical - assumed 'Medical' /var/www/html/Runtime/Cache/Mobile/03e3a7665608f1f289f62f2f003fd0dc.php 第 68 行.
NOTIC: [8] Use of undefined constant Product - assumed 'Product' /var/www/html/Runtime/Cache/Mobile/03e3a7665608f1f289f62f2f003fd0dc.php 第 74 行.
NOTIC: [8] Use of undefined constant Patient - assumed 'Patient' /var/www/html/Runtime/Cache/Mobile/03e3a7665608f1f289f62f2f003fd0dc.php 第 80 行.
NOTIC: [8] Use of undefined constant Assess - assumed 'Assess' /var/www/html/Runtime/Cache/Mobile/03e3a7665608f1f289f62f2f003fd0dc.php 第 80 行.
NOTIC: [8] Use of undefined constant Nurse - assumed 'Nurse' /var/www/html/Runtime/Cache/Mobile/03e3a7665608f1f289f62f2f003fd0dc.php 第 80 行.
NOTIC: [8] Use of undefined constant User - assumed 'User' /var/www/html/Runtime/Cache/Mobile/03e3a7665608f1f289f62f2f003fd0dc.php 第 80 行.
INFO: Run Behavior\ParseTemplateBehavior [ RunTime:0.003971s ]
INFO: [ view_parse ] --END-- [ RunTime:0.004004s ]
INFO: [ view_filter ] --START--
INFO: Run Behavior\WriteHtmlCacheBehavior [ RunTime:0.000029s ]
INFO: [ view_filter ] --END-- [ RunTime:0.000056s ]
INFO: [ app_end ] --START--
INFO: Run Behavior\ShowPageTraceBehavior [ RunTime:0.000027s ]
INFO: [ app_end ] --END-- [ RunTime:0.000053s ]

[ 2016-07-31T15:24:10+08:00 ] 222.128.97.114 /index.php/Mobile/Patient/userindex/userid/28
INFO: [ app_init ] --START--
INFO: Run Behavior\BuildLiteBehavior [ RunTime:0.000012s ]
INFO: [ app_init ] --END-- [ RunTime:0.000083s ]
INFO: [ app_begin ] --START--
INFO: Run Behavior\ReadHtmlCacheBehavior [ RunTime:0.000034s ]
INFO: [ app_begin ] --END-- [ RunTime:0.000065s ]
SQL: SHOW COLUMNS FROM `lh_user_patient` [ RunTime:0.0021s ]
SQL: SELECT * FROM `lh_user_patient` WHERE `userid` = 28 LIMIT 1   [ RunTime:0.0017s ]
SQL: SHOW COLUMNS FROM `lh_user_order` [ RunTime:0.0020s ]
SQL: SELECT `status`,count(orderid) as count FROM `lh_user_order` WHERE ( userid = 28 ) GROUP BY status  [ RunTime:0.0018s ]
SQL: select * from lh_user_order where userid = 28 AND shopid is null AND (status = '0' or status= '1') [ RunTime:0.0017s ]
INFO: [ view_parse ] --START--
INFO: [ template_filter ] --START--
INFO: Run Behavior\ContentReplaceBehavior [ RunTime:0.000045s ]
INFO: [ template_filter ] --END-- [ RunTime:0.000079s ]
NOTIC: [8] Undefined index: unfinished /var/www/html/Runtime/Cache/Mobile/23fb4d62eae2ddc828ad0af2bf182a14.php 第 42 行.
NOTIC: [8] Undefined index: finishing /var/www/html/Runtime/Cache/Mobile/23fb4d62eae2ddc828ad0af2bf182a14.php 第 48 行.
NOTIC: [8] Undefined index: finished /var/www/html/Runtime/Cache/Mobile/23fb4d62eae2ddc828ad0af2bf182a14.php 第 54 行.
NOTIC: [8] Undefined index: apointing /var/www/html/Runtime/Cache/Mobile/23fb4d62eae2ddc828ad0af2bf182a14.php 第 109 行.
NOTIC: [8] Use of undefined constant Index - assumed 'Index' /var/www/html/Runtime/Cache/Mobile/23fb4d62eae2ddc828ad0af2bf182a14.php 第 134 行.
NOTIC: [8] Use of undefined constant Medical - assumed 'Medical' /var/www/html/Runtime/Cache/Mobile/23fb4d62eae2ddc828ad0af2bf182a14.php 第 140 行.
NOTIC: [8] Use of undefined constant Product - assumed 'Product' /var/www/html/Runtime/Cache/Mobile/23fb4d62eae2ddc828ad0af2bf182a14.php 第 146 行.
NOTIC: [8] Use of undefined constant Patient - assumed 'Patient' /var/www/html/Runtime/Cache/Mobile/23fb4d62eae2ddc828ad0af2bf182a14.php 第 152 行.
INFO: Run Behavior\ParseTemplateBehavior [ RunTime:0.004454s ]
INFO: [ view_parse ] --END-- [ RunTime:0.004488s ]
INFO: [ view_filter ] --START--
INFO: Run Behavior\WriteHtmlCacheBehavior [ RunTime:0.000034s ]
INFO: [ view_filter ] --END-- [ RunTime:0.000061s ]
INFO: [ app_end ] --START--
INFO: Run Behavior\ShowPageTraceBehavior [ RunTime:0.000032s ]
INFO: [ app_end ] --END-- [ RunTime:0.000060s ]

[ 2016-07-31T15:30:07+08:00 ] 222.128.97.114 /index.php/Mobile/Patient/userindex/userid/28
INFO: [ app_init ] --START--
INFO: Run Behavior\BuildLiteBehavior [ RunTime:0.000013s ]
INFO: [ app_init ] --END-- [ RunTime:0.000087s ]
INFO: [ app_begin ] --START--
INFO: Run Behavior\ReadHtmlCacheBehavior [ RunTime:0.000037s ]
INFO: [ app_begin ] --END-- [ RunTime:0.000068s ]
SQL: SHOW COLUMNS FROM `lh_user_patient` [ RunTime:0.0024s ]
SQL: SELECT * FROM `lh_user_patient` WHERE `userid` = 28 LIMIT 1   [ RunTime:0.0020s ]
SQL: SHOW COLUMNS FROM `lh_user_order` [ RunTime:0.0024s ]
SQL: SELECT `status`,count(orderid) as count FROM `lh_user_order` WHERE ( userid = 28 ) GROUP BY status  [ RunTime:0.0020s ]
SQL: select * from lh_user_order where userid = 28 AND shopid is null AND (status = '0' or status= '1') [ RunTime:0.0022s ]
INFO: [ view_parse ] --START--
INFO: [ template_filter ] --START--
INFO: Run Behavior\ContentReplaceBehavior [ RunTime:0.000047s ]
INFO: [ template_filter ] --END-- [ RunTime:0.000084s ]
NOTIC: [8] Undefined index: unfinished /var/www/html/Runtime/Cache/Mobile/23fb4d62eae2ddc828ad0af2bf182a14.php 第 42 行.
NOTIC: [8] Undefined index: finishing /var/www/html/Runtime/Cache/Mobile/23fb4d62eae2ddc828ad0af2bf182a14.php 第 48 行.
NOTIC: [8] Undefined index: finished /var/www/html/Runtime/Cache/Mobile/23fb4d62eae2ddc828ad0af2bf182a14.php 第 54 行.
NOTIC: [8] Undefined index: apointing /var/www/html/Runtime/Cache/Mobile/23fb4d62eae2ddc828ad0af2bf182a14.php 第 109 行.
NOTIC: [8] Use of undefined constant Index - assumed 'Index' /var/www/html/Runtime/Cache/Mobile/23fb4d62eae2ddc828ad0af2bf182a14.php 第 134 行.
NOTIC: [8] Use of undefined constant Medical - assumed 'Medical' /var/www/html/Runtime/Cache/Mobile/23fb4d62eae2ddc828ad0af2bf182a14.php 第 140 行.
NOTIC: [8] Use of undefined constant Product - assumed 'Product' /var/www/html/Runtime/Cache/Mobile/23fb4d62eae2ddc828ad0af2bf182a14.php 第 146 行.
NOTIC: [8] Use of undefined constant Patient - assumed 'Patient' /var/www/html/Runtime/Cache/Mobile/23fb4d62eae2ddc828ad0af2bf182a14.php 第 152 行.
INFO: Run Behavior\ParseTemplateBehavior [ RunTime:0.004512s ]
INFO: [ view_parse ] --END-- [ RunTime:0.004545s ]
INFO: [ view_filter ] --START--
INFO: Run Behavior\WriteHtmlCacheBehavior [ RunTime:0.000037s ]
INFO: [ view_filter ] --END-- [ RunTime:0.000063s ]
INFO: [ app_end ] --START--
INFO: Run Behavior\ShowPageTraceBehavior [ RunTime:0.000036s ]
INFO: [ app_end ] --END-- [ RunTime:0.000063s ]

[ 2016-07-31T17:45:33+08:00 ] 222.128.97.195 /index.php/Mobile/Patient/allOrder
INFO: [ app_init ] --START--
INFO: Run Behavior\BuildLiteBehavior [ RunTime:0.000020s ]
INFO: [ app_init ] --END-- [ RunTime:0.000126s ]
INFO: [ app_begin ] --START--
INFO: Run Behavior\ReadHtmlCacheBehavior [ RunTime:0.000056s ]
INFO: [ app_begin ] --END-- [ RunTime:0.000090s ]
SQL: SHOW COLUMNS FROM `lh_user_order` [ RunTime:0.0021s ]
SQL: select * from lh_user_order where userid = 28 AND status = '0' [ RunTime:0.0019s ]
SQL: SHOW COLUMNS FROM `lh_user_order` [ RunTime:0.0019s ]
SQL: SELECT b.username,b.iphone,b.area,b.photo,a.orderid,a.status,a.inputtime FROM lh_user_order as a,lh_user_assess as b WHERE ( a.auserid = b.userid AND a.userid = 28 )  [ RunTime:0.0017s ]
SQL: select * from lh_user_order where userid = 28 AND status != '0' AND (shopid is not null or shopid<>'') [ RunTime:0.0017s ]
INFO: [ view_parse ] --START--
INFO: [ template_filter ] --START--
INFO: Run Behavior\ContentReplaceBehavior [ RunTime:0.000068s ]
INFO: [ template_filter ] --END-- [ RunTime:0.000112s ]
NOTIC: [8] Use of undefined constant Index - assumed 'Index' /var/www/html/Runtime/Cache/Mobile/4e94f5f7fabb8e4c82a40092fefaa7d9.php 第 147 行.
NOTIC: [8] Use of undefined constant Medical - assumed 'Medical' /var/www/html/Runtime/Cache/Mobile/4e94f5f7fabb8e4c82a40092fefaa7d9.php 第 153 行.
NOTIC: [8] Use of undefined constant Product - assumed 'Product' /var/www/html/Runtime/Cache/Mobile/4e94f5f7fabb8e4c82a40092fefaa7d9.php 第 159 行.
NOTIC: [8] Use of undefined constant Patient - assumed 'Patient' /var/www/html/Runtime/Cache/Mobile/4e94f5f7fabb8e4c82a40092fefaa7d9.php 第 165 行.
INFO: Run Behavior\ParseTemplateBehavior [ RunTime:0.011207s ]
INFO: [ view_parse ] --END-- [ RunTime:0.011239s ]
INFO: [ view_filter ] --START--
INFO: Run Behavior\WriteHtmlCacheBehavior [ RunTime:0.000040s ]
INFO: [ view_filter ] --END-- [ RunTime:0.000067s ]
INFO: [ app_end ] --START--
INFO: Run Behavior\ShowPageTraceBehavior [ RunTime:0.000045s ]
INFO: [ app_end ] --END-- [ RunTime:0.000074s ]

[ 2016-07-31T17:45:37+08:00 ] 222.128.97.195 /index.php/Mobile/Patient/userindex/userid/28
INFO: [ app_init ] --START--
INFO: Run Behavior\BuildLiteBehavior [ RunTime:0.000012s ]
INFO: [ app_init ] --END-- [ RunTime:0.000084s ]
INFO: [ app_begin ] --START--
INFO: Run Behavior\ReadHtmlCacheBehavior [ RunTime:0.000034s ]
INFO: [ app_begin ] --END-- [ RunTime:0.000065s ]
SQL: SHOW COLUMNS FROM `lh_user_patient` [ RunTime:0.0025s ]
SQL: SELECT * FROM `lh_user_patient` WHERE `userid` = 28 LIMIT 1   [ RunTime:0.0018s ]
SQL: SHOW COLUMNS FROM `lh_user_order` [ RunTime:0.0025s ]
SQL: SELECT `status`,count(orderid) as count FROM `lh_user_order` WHERE ( userid = 28 ) GROUP BY status  [ RunTime:0.0020s ]
SQL: select * from lh_user_order where userid = 28 AND shopid is null AND (status = '0' or status= '1') [ RunTime:0.0019s ]
INFO: [ view_parse ] --START--
INFO: [ template_filter ] --START--
INFO: Run Behavior\ContentReplaceBehavior [ RunTime:0.000045s ]
INFO: [ template_filter ] --END-- [ RunTime:0.000079s ]
NOTIC: [8] Undefined index: unfinished /var/www/html/Runtime/Cache/Mobile/23fb4d62eae2ddc828ad0af2bf182a14.php 第 42 行.
NOTIC: [8] Undefined index: finishing /var/www/html/Runtime/Cache/Mobile/23fb4d62eae2ddc828ad0af2bf182a14.php 第 48 行.
NOTIC: [8] Undefined index: finished /var/www/html/Runtime/Cache/Mobile/23fb4d62eae2ddc828ad0af2bf182a14.php 第 54 行.
NOTIC: [8] Undefined index: apointing /var/www/html/Runtime/Cache/Mobile/23fb4d62eae2ddc828ad0af2bf182a14.php 第 109 行.
NOTIC: [8] Use of undefined constant Index - assumed 'Index' /var/www/html/Runtime/Cache/Mobile/23fb4d62eae2ddc828ad0af2bf182a14.php 第 134 行.
NOTIC: [8] Use of undefined constant Medical - assumed 'Medical' /var/www/html/Runtime/Cache/Mobile/23fb4d62eae2ddc828ad0af2bf182a14.php 第 140 行.
NOTIC: [8] Use of undefined constant Product - assumed 'Product' /var/www/html/Runtime/Cache/Mobile/23fb4d62eae2ddc828ad0af2bf182a14.php 第 146 行.
NOTIC: [8] Use of undefined constant Patient - assumed 'Patient' /var/www/html/Runtime/Cache/Mobile/23fb4d62eae2ddc828ad0af2bf182a14.php 第 152 行.
INFO: Run Behavior\ParseTemplateBehavior [ RunTime:0.004397s ]
INFO: [ view_parse ] --END-- [ RunTime:0.004428s ]
INFO: [ view_filter ] --START--
INFO: Run Behavior\WriteHtmlCacheBehavior [ RunTime:0.000033s ]
INFO: [ view_filter ] --END-- [ RunTime:0.000060s ]
INFO: [ app_end ] --START--
INFO: Run Behavior\ShowPageTraceBehavior [ RunTime:0.000033s ]
INFO: [ app_end ] --END-- [ RunTime:0.000060s ]

