[ 2017-08-21T15:43:27+08:00 ] 127.0.0.1 /index.php/Wap/Exhibition/cases
INFO: [ app_init ] --START--
INFO: Run Behavior\BuildLiteBehavior [ RunTime:0.000000s ]
INFO: [ app_init ] --END-- [ RunTime:0.000000s ]
NOTIC: [8] Use of undefined constant URL_COMPAT - assumed 'URL_COMPAT' D:\WWW\zghnj.com\ThinkPHP\Library\Think\Dispatcher.class.php 第 183 行.
NOTIC: [8] Use of undefined constant URL_REWRITE - assumed 'URL_REWRITE' D:\WWW\zghnj.com\ThinkPHP\Library\Think\Dispatcher.class.php 第 185 行.
INFO: [ app_begin ] --START--
INFO: Run Behavior\ReadHtmlCacheBehavior [ RunTime:0.001000s ]
INFO: [ app_begin ] --END-- [ RunTime:0.001000s ]
SQL: SHOW COLUMNS FROM `hnj_slide` [ RunTime:0.0090s ]
SQL: SELECT * FROM `hnj_slide` WHERE ( is_show = '0' AND cat_id = 13 ) ORDER BY sort,upd_time desc LIMIT 1   [ RunTime:0.0010s ]
SQL: SHOW COLUMNS FROM `hnj_category` [ RunTime:0.0060s ]
SQL: SELECT * FROM `hnj_category` WHERE ( pid = 13 AND is_show = 1 ) ORDER BY sort,cat_id  [ RunTime:0.0010s ]
SQL: SHOW COLUMNS FROM `hnj_case` [ RunTime:0.0220s ]
SQL: SELECT COUNT(*) AS tp_count FROM `hnj_case` WHERE ( is_show = 1 ) LIMIT 1   [ RunTime:0.0010s ]
SQL: SELECT * FROM `hnj_case` WHERE ( is_show = 1 ) ORDER BY sort,id desc LIMIT 0,10   [ RunTime:0.0010s ]
INFO: [ view_parse ] --START--
INFO: [ template_filter ] --START--
INFO: Run Behavior\ContentReplaceBehavior [ RunTime:0.000000s ]
INFO: [ template_filter ] --END-- [ RunTime:0.000000s ]
NOTIC: [8] Undefined index: keywords D:\WWW\zghnj.com\Runtime\Cache\Wap\6fa5cbd42186ad2d4b09ca1c64afda0e.php 第 65 行.
INFO: Run Behavior\ParseTemplateBehavior [ RunTime:0.018001s ]
INFO: [ view_parse ] --END-- [ RunTime:0.018001s ]
INFO: [ view_filter ] --START--
INFO: Run Behavior\WriteHtmlCacheBehavior [ RunTime:0.000000s ]
INFO: [ view_filter ] --END-- [ RunTime:0.001000s ]
INFO: [ app_end ] --START--
INFO: Run Behavior\ShowPageTraceBehavior [ RunTime:0.005000s ]
INFO: [ app_end ] --END-- [ RunTime:0.005000s ]

[ 2017-08-21T15:43:36+08:00 ] 127.0.0.1 /index.php/Wap/News/industries
INFO: [ app_init ] --START--
INFO: Run Behavior\BuildLiteBehavior [ RunTime:0.000000s ]
INFO: [ app_init ] --END-- [ RunTime:0.000000s ]
NOTIC: [8] Use of undefined constant URL_COMPAT - assumed 'URL_COMPAT' D:\WWW\zghnj.com\ThinkPHP\Library\Think\Dispatcher.class.php 第 183 行.
NOTIC: [8] Use of undefined constant URL_REWRITE - assumed 'URL_REWRITE' D:\WWW\zghnj.com\ThinkPHP\Library\Think\Dispatcher.class.php 第 185 行.
INFO: [ app_begin ] --START--
INFO: Run Behavior\ReadHtmlCacheBehavior [ RunTime:0.000000s ]
INFO: [ app_begin ] --END-- [ RunTime:0.001000s ]
SQL: SHOW COLUMNS FROM `hnj_slide` [ RunTime:0.0050s ]
SQL: SELECT * FROM `hnj_slide` WHERE ( is_show = '0' AND cat_id = 5 ) ORDER BY sort,upd_time desc LIMIT 1   [ RunTime:0.0010s ]
SQL: SHOW COLUMNS FROM `hnj_category` [ RunTime:0.0080s ]
SQL: SELECT * FROM `hnj_category` WHERE ( pid = 5 AND is_show = 1 ) ORDER BY sort,cat_id  [ RunTime:0.0010s ]
SQL: SHOW COLUMNS FROM `hnj_news` [ RunTime:0.0080s ]
SQL: SELECT COUNT(*) AS tp_count FROM `hnj_news` WHERE ( cat_id = 6 AND is_show = '0' ) LIMIT 1   [ RunTime:0.0010s ]
SQL: SELECT * FROM `hnj_news` WHERE ( cat_id = 6 AND is_show = '0' ) ORDER BY sort,upd_time desc LIMIT 0,10   [ RunTime:0.0040s ]
INFO: [ view_parse ] --START--
INFO: [ template_filter ] --START--
INFO: Run Behavior\ContentReplaceBehavior [ RunTime:0.000000s ]
INFO: [ template_filter ] --END-- [ RunTime:0.000000s ]
NOTIC: [8] Undefined index: keywords D:\WWW\zghnj.com\Runtime\Cache\Wap\19e2fdcf3033d32c8c402f6f7b295642.php 第 65 行.
INFO: Run Behavior\ParseTemplateBehavior [ RunTime:0.017001s ]
INFO: [ view_parse ] --END-- [ RunTime:0.017001s ]
INFO: [ view_filter ] --START--
INFO: Run Behavior\WriteHtmlCacheBehavior [ RunTime:0.001000s ]
INFO: [ view_filter ] --END-- [ RunTime:0.001000s ]
INFO: [ app_end ] --START--
INFO: Run Behavior\ShowPageTraceBehavior [ RunTime:0.001000s ]
INFO: [ app_end ] --END-- [ RunTime:0.001000s ]

[ 2017-08-21T15:43:43+08:00 ] 127.0.0.1 /index.php/Wap/News/industries/p/2
INFO: [ app_init ] --START--
INFO: Run Behavior\BuildLiteBehavior [ RunTime:0.000000s ]
INFO: [ app_init ] --END-- [ RunTime:0.000000s ]
NOTIC: [8] Use of undefined constant URL_COMPAT - assumed 'URL_COMPAT' D:\WWW\zghnj.com\ThinkPHP\Library\Think\Dispatcher.class.php 第 183 行.
NOTIC: [8] Use of undefined constant URL_REWRITE - assumed 'URL_REWRITE' D:\WWW\zghnj.com\ThinkPHP\Library\Think\Dispatcher.class.php 第 185 行.
INFO: [ app_begin ] --START--
INFO: Run Behavior\ReadHtmlCacheBehavior [ RunTime:0.001000s ]
INFO: [ app_begin ] --END-- [ RunTime:0.001000s ]
SQL: SHOW COLUMNS FROM `hnj_slide` [ RunTime:0.0060s ]
SQL: SELECT * FROM `hnj_slide` WHERE ( is_show = '0' AND cat_id = 5 ) ORDER BY sort,upd_time desc LIMIT 1   [ RunTime:0.0000s ]
SQL: SHOW COLUMNS FROM `hnj_category` [ RunTime:0.0050s ]
SQL: SELECT * FROM `hnj_category` WHERE ( pid = 5 AND is_show = 1 ) ORDER BY sort,cat_id  [ RunTime:0.0010s ]
SQL: SHOW COLUMNS FROM `hnj_news` [ RunTime:0.0050s ]
SQL: SELECT COUNT(*) AS tp_count FROM `hnj_news` WHERE ( cat_id = 6 AND is_show = '0' ) LIMIT 1   [ RunTime:0.0000s ]
SQL: SELECT * FROM `hnj_news` WHERE ( cat_id = 6 AND is_show = '0' ) ORDER BY sort,upd_time desc LIMIT 10,10   [ RunTime:0.0010s ]

[ 2017-08-21T15:44:17+08:00 ] 127.0.0.1 /index.php/Wap/News/industries
INFO: [ app_init ] --START--
INFO: Run Behavior\BuildLiteBehavior [ RunTime:0.000000s ]
INFO: [ app_init ] --END-- [ RunTime:0.000000s ]
NOTIC: [8] Use of undefined constant URL_COMPAT - assumed 'URL_COMPAT' D:\WWW\zghnj.com\ThinkPHP\Library\Think\Dispatcher.class.php 第 183 行.
NOTIC: [8] Use of undefined constant URL_REWRITE - assumed 'URL_REWRITE' D:\WWW\zghnj.com\ThinkPHP\Library\Think\Dispatcher.class.php 第 185 行.
INFO: [ app_begin ] --START--
INFO: Run Behavior\ReadHtmlCacheBehavior [ RunTime:0.001000s ]
INFO: [ app_begin ] --END-- [ RunTime:0.001000s ]
SQL: SHOW COLUMNS FROM `hnj_slide` [ RunTime:0.0070s ]
SQL: SELECT * FROM `hnj_slide` WHERE ( is_show = '0' AND cat_id = 5 ) ORDER BY sort,upd_time desc LIMIT 1   [ RunTime:0.0010s ]
SQL: SHOW COLUMNS FROM `hnj_category` [ RunTime:0.0050s ]
SQL: SELECT * FROM `hnj_category` WHERE ( pid = 5 AND is_show = 1 ) ORDER BY sort,cat_id  [ RunTime:0.0000s ]
SQL: SHOW COLUMNS FROM `hnj_news` [ RunTime:0.0050s ]
SQL: SELECT COUNT(*) AS tp_count FROM `hnj_news` WHERE ( cat_id = 6 AND is_show = '0' ) LIMIT 1   [ RunTime:0.0000s ]
SQL: SELECT * FROM `hnj_news` WHERE ( cat_id = 6 AND is_show = '0' ) ORDER BY sort,upd_time desc LIMIT 0,10   [ RunTime:0.0010s ]
INFO: [ view_parse ] --START--
INFO: [ template_filter ] --START--
INFO: Run Behavior\ContentReplaceBehavior [ RunTime:0.000000s ]
INFO: [ template_filter ] --END-- [ RunTime:0.000000s ]
NOTIC: [8] Undefined index: keywords D:\WWW\zghnj.com\Runtime\Cache\Wap\19e2fdcf3033d32c8c402f6f7b295642.php 第 65 行.
INFO: Run Behavior\ParseTemplateBehavior [ RunTime:0.017001s ]
INFO: [ view_parse ] --END-- [ RunTime:0.017001s ]
INFO: [ view_filter ] --START--
INFO: Run Behavior\WriteHtmlCacheBehavior [ RunTime:0.001000s ]
INFO: [ view_filter ] --END-- [ RunTime:0.001000s ]
INFO: [ app_end ] --START--
INFO: Run Behavior\ShowPageTraceBehavior [ RunTime:0.001000s ]
INFO: [ app_end ] --END-- [ RunTime:0.001000s ]

[ 2017-08-21T15:44:48+08:00 ] 127.0.0.1 /index.php/Wap/News/industries
INFO: [ app_init ] --START--
INFO: Run Behavior\BuildLiteBehavior [ RunTime:0.000000s ]
INFO: [ app_init ] --END-- [ RunTime:0.000000s ]
NOTIC: [8] Use of undefined constant URL_COMPAT - assumed 'URL_COMPAT' D:\WWW\zghnj.com\ThinkPHP\Library\Think\Dispatcher.class.php 第 183 行.
NOTIC: [8] Use of undefined constant URL_REWRITE - assumed 'URL_REWRITE' D:\WWW\zghnj.com\ThinkPHP\Library\Think\Dispatcher.class.php 第 185 行.
INFO: [ app_begin ] --START--
INFO: Run Behavior\ReadHtmlCacheBehavior [ RunTime:0.001000s ]
INFO: [ app_begin ] --END-- [ RunTime:0.001000s ]
SQL: SHOW COLUMNS FROM `hnj_slide` [ RunTime:0.0060s ]
SQL: SELECT * FROM `hnj_slide` WHERE ( is_show = '0' AND cat_id = 5 ) ORDER BY sort,upd_time desc LIMIT 1   [ RunTime:0.0000s ]
SQL: SHOW COLUMNS FROM `hnj_category` [ RunTime:0.0050s ]
SQL: SELECT * FROM `hnj_category` WHERE ( pid = 5 AND is_show = 1 ) ORDER BY sort,cat_id  [ RunTime:0.0010s ]
SQL: SHOW COLUMNS FROM `hnj_news` [ RunTime:0.0060s ]
SQL: SELECT COUNT(*) AS tp_count FROM `hnj_news` WHERE ( cat_id = 6 AND is_show = '0' ) LIMIT 1   [ RunTime:0.0020s ]
SQL: SELECT * FROM `hnj_news` WHERE ( cat_id = 6 AND is_show = '0' ) ORDER BY sort,upd_time desc LIMIT 0,3   [ RunTime:0.0010s ]
INFO: [ view_parse ] --START--
INFO: [ template_filter ] --START--
INFO: Run Behavior\ContentReplaceBehavior [ RunTime:0.000000s ]
INFO: [ template_filter ] --END-- [ RunTime:0.000000s ]
NOTIC: [8] Undefined index: keywords D:\WWW\zghnj.com\Runtime\Cache\Wap\19e2fdcf3033d32c8c402f6f7b295642.php 第 65 行.
INFO: Run Behavior\ParseTemplateBehavior [ RunTime:0.018001s ]
INFO: [ view_parse ] --END-- [ RunTime:0.018001s ]
INFO: [ view_filter ] --START--
INFO: Run Behavior\WriteHtmlCacheBehavior [ RunTime:0.000000s ]
INFO: [ view_filter ] --END-- [ RunTime:0.000000s ]
INFO: [ app_end ] --START--
INFO: Run Behavior\ShowPageTraceBehavior [ RunTime:0.005001s ]
INFO: [ app_end ] --END-- [ RunTime:0.005001s ]

[ 2017-08-21T15:44:54+08:00 ] 127.0.0.1 /index.php/Wap/News/industries/p/2
INFO: [ app_init ] --START--
INFO: Run Behavior\BuildLiteBehavior [ RunTime:0.000000s ]
INFO: [ app_init ] --END-- [ RunTime:0.001000s ]
NOTIC: [8] Use of undefined constant URL_COMPAT - assumed 'URL_COMPAT' D:\WWW\zghnj.com\ThinkPHP\Library\Think\Dispatcher.class.php 第 183 行.
NOTIC: [8] Use of undefined constant URL_REWRITE - assumed 'URL_REWRITE' D:\WWW\zghnj.com\ThinkPHP\Library\Think\Dispatcher.class.php 第 185 行.
INFO: [ app_begin ] --START--
INFO: Run Behavior\ReadHtmlCacheBehavior [ RunTime:0.001000s ]
INFO: [ app_begin ] --END-- [ RunTime:0.001000s ]
SQL: SHOW COLUMNS FROM `hnj_slide` [ RunTime:0.0100s ]
SQL: SELECT * FROM `hnj_slide` WHERE ( is_show = '0' AND cat_id = 5 ) ORDER BY sort,upd_time desc LIMIT 1   [ RunTime:0.0010s ]
SQL: SHOW COLUMNS FROM `hnj_category` [ RunTime:0.0080s ]
SQL: SELECT * FROM `hnj_category` WHERE ( pid = 5 AND is_show = 1 ) ORDER BY sort,cat_id  [ RunTime:0.0000s ]
SQL: SHOW COLUMNS FROM `hnj_news` [ RunTime:0.0050s ]
SQL: SELECT COUNT(*) AS tp_count FROM `hnj_news` WHERE ( cat_id = 6 AND is_show = '0' ) LIMIT 1   [ RunTime:0.0000s ]
SQL: SELECT * FROM `hnj_news` WHERE ( cat_id = 6 AND is_show = '0' ) ORDER BY sort,upd_time desc LIMIT 3,3   [ RunTime:0.0010s ]

[ 2017-08-21T15:54:03+08:00 ] 127.0.0.1 /index.php/Wap/News/industries
INFO: [ app_init ] --START--
INFO: Run Behavior\BuildLiteBehavior [ RunTime:0.000000s ]
INFO: [ app_init ] --END-- [ RunTime:0.000000s ]
NOTIC: [8] Use of undefined constant URL_COMPAT - assumed 'URL_COMPAT' D:\WWW\zghnj.com\ThinkPHP\Library\Think\Dispatcher.class.php 第 183 行.
NOTIC: [8] Use of undefined constant URL_REWRITE - assumed 'URL_REWRITE' D:\WWW\zghnj.com\ThinkPHP\Library\Think\Dispatcher.class.php 第 185 行.
INFO: [ app_begin ] --START--
INFO: Run Behavior\ReadHtmlCacheBehavior [ RunTime:0.001000s ]
INFO: [ app_begin ] --END-- [ RunTime:0.001000s ]
SQL: SHOW COLUMNS FROM `hnj_slide` [ RunTime:0.0050s ]
SQL: SELECT * FROM `hnj_slide` WHERE ( is_show = '0' AND cat_id = 5 ) ORDER BY sort,upd_time desc LIMIT 1   [ RunTime:0.0010s ]
SQL: SHOW COLUMNS FROM `hnj_category` [ RunTime:0.0060s ]
SQL: SELECT * FROM `hnj_category` WHERE ( pid = 5 AND is_show = 1 ) ORDER BY sort,cat_id  [ RunTime:0.0010s ]
SQL: SHOW COLUMNS FROM `hnj_news` [ RunTime:0.0050s ]
SQL: SELECT COUNT(*) AS tp_count FROM `hnj_news` WHERE ( cat_id = 6 AND is_show = '0' ) LIMIT 1   [ RunTime:0.0000s ]
SQL: SELECT * FROM `hnj_news` WHERE ( cat_id = 6 AND is_show = '0' ) ORDER BY sort,upd_time desc LIMIT 0,3   [ RunTime:0.0000s ]
INFO: [ view_parse ] --START--
INFO: [ template_filter ] --START--
INFO: Run Behavior\ContentReplaceBehavior [ RunTime:0.000000s ]
INFO: [ template_filter ] --END-- [ RunTime:0.000000s ]
NOTIC: [8] Undefined index: keywords D:\WWW\zghnj.com\Runtime\Cache\Wap\19e2fdcf3033d32c8c402f6f7b295642.php 第 65 行.
INFO: Run Behavior\ParseTemplateBehavior [ RunTime:0.017001s ]
INFO: [ view_parse ] --END-- [ RunTime:0.017001s ]
INFO: [ view_filter ] --START--
INFO: Run Behavior\WriteHtmlCacheBehavior [ RunTime:0.000000s ]
INFO: [ view_filter ] --END-- [ RunTime:0.001000s ]
INFO: [ app_end ] --START--
INFO: Run Behavior\ShowPageTraceBehavior [ RunTime:0.002000s ]
INFO: [ app_end ] --END-- [ RunTime:0.002000s ]

[ 2017-08-21T15:54:36+08:00 ] 127.0.0.1 /index.php/Wap/News/industries
INFO: [ app_init ] --START--
INFO: Run Behavior\BuildLiteBehavior [ RunTime:0.000000s ]
INFO: [ app_init ] --END-- [ RunTime:0.000000s ]
NOTIC: [8] Use of undefined constant URL_COMPAT - assumed 'URL_COMPAT' D:\WWW\zghnj.com\ThinkPHP\Library\Think\Dispatcher.class.php 第 183 行.
NOTIC: [8] Use of undefined constant URL_REWRITE - assumed 'URL_REWRITE' D:\WWW\zghnj.com\ThinkPHP\Library\Think\Dispatcher.class.php 第 185 行.
INFO: [ app_begin ] --START--
INFO: Run Behavior\ReadHtmlCacheBehavior [ RunTime:0.003000s ]
INFO: [ app_begin ] --END-- [ RunTime:0.003000s ]
SQL: SHOW COLUMNS FROM `hnj_slide` [ RunTime:0.0100s ]
SQL: SELECT * FROM `hnj_slide` WHERE ( is_show = '0' AND cat_id = 5 ) ORDER BY sort,upd_time desc LIMIT 1   [ RunTime:0.0000s ]
SQL: SHOW COLUMNS FROM `hnj_category` [ RunTime:0.0070s ]
SQL: SELECT * FROM `hnj_category` WHERE ( pid = 5 AND is_show = 1 ) ORDER BY sort,cat_id  [ RunTime:0.0000s ]
SQL: SHOW COLUMNS FROM `hnj_news` [ RunTime:0.0070s ]
SQL: SELECT COUNT(*) AS tp_count FROM `hnj_news` WHERE ( cat_id = 6 AND is_show = '0' ) LIMIT 1   [ RunTime:0.0000s ]
SQL: SELECT * FROM `hnj_news` WHERE ( cat_id = 6 AND is_show = '0' ) ORDER BY sort,upd_time desc LIMIT 0,3   [ RunTime:0.0010s ]
INFO: [ view_parse ] --START--
INFO: [ template_filter ] --START--
INFO: Run Behavior\ContentReplaceBehavior [ RunTime:0.000000s ]
INFO: [ template_filter ] --END-- [ RunTime:0.000000s ]
NOTIC: [8] Undefined index: keywords D:\WWW\zghnj.com\Runtime\Cache\Wap\19e2fdcf3033d32c8c402f6f7b295642.php 第 65 行.
INFO: Run Behavior\ParseTemplateBehavior [ RunTime:0.016001s ]
INFO: [ view_parse ] --END-- [ RunTime:0.016001s ]
INFO: [ view_filter ] --START--
INFO: Run Behavior\WriteHtmlCacheBehavior [ RunTime:0.000000s ]
INFO: [ view_filter ] --END-- [ RunTime:0.000000s ]
INFO: [ app_end ] --START--
INFO: Run Behavior\ShowPageTraceBehavior [ RunTime:0.001000s ]
INFO: [ app_end ] --END-- [ RunTime:0.001000s ]

[ 2017-08-21T15:54:47+08:00 ] 127.0.0.1 /index.php/Wap/News/industries/p/2
INFO: [ app_init ] --START--
INFO: Run Behavior\BuildLiteBehavior [ RunTime:0.000000s ]
INFO: [ app_init ] --END-- [ RunTime:0.000000s ]
NOTIC: [8] Use of undefined constant URL_COMPAT - assumed 'URL_COMPAT' D:\WWW\zghnj.com\ThinkPHP\Library\Think\Dispatcher.class.php 第 183 行.
NOTIC: [8] Use of undefined constant URL_REWRITE - assumed 'URL_REWRITE' D:\WWW\zghnj.com\ThinkPHP\Library\Think\Dispatcher.class.php 第 185 行.
INFO: [ app_begin ] --START--
INFO: Run Behavior\ReadHtmlCacheBehavior [ RunTime:0.001000s ]
INFO: [ app_begin ] --END-- [ RunTime:0.001000s ]
SQL: SHOW COLUMNS FROM `hnj_slide` [ RunTime:0.0080s ]
SQL: SELECT * FROM `hnj_slide` WHERE ( is_show = '0' AND cat_id = 5 ) ORDER BY sort,upd_time desc LIMIT 1   [ RunTime:0.0010s ]
SQL: SHOW COLUMNS FROM `hnj_category` [ RunTime:0.0090s ]
SQL: SELECT * FROM `hnj_category` WHERE ( pid = 5 AND is_show = 1 ) ORDER BY sort,cat_id  [ RunTime:0.0010s ]
SQL: SHOW COLUMNS FROM `hnj_news` [ RunTime:0.0060s ]
SQL: SELECT COUNT(*) AS tp_count FROM `hnj_news` WHERE ( cat_id = 6 AND is_show = '0' ) LIMIT 1   [ RunTime:0.0010s ]
SQL: SELECT * FROM `hnj_news` WHERE ( cat_id = 6 AND is_show = '0' ) ORDER BY sort,upd_time desc LIMIT 3,3   [ RunTime:0.0010s ]

[ 2017-08-21T15:54:52+08:00 ] 127.0.0.1 /index.php/Wap/News/industries
INFO: [ app_init ] --START--
INFO: Run Behavior\BuildLiteBehavior [ RunTime:0.000000s ]
INFO: [ app_init ] --END-- [ RunTime:0.000000s ]
NOTIC: [8] Use of undefined constant URL_COMPAT - assumed 'URL_COMPAT' D:\WWW\zghnj.com\ThinkPHP\Library\Think\Dispatcher.class.php 第 183 行.
NOTIC: [8] Use of undefined constant URL_REWRITE - assumed 'URL_REWRITE' D:\WWW\zghnj.com\ThinkPHP\Library\Think\Dispatcher.class.php 第 185 行.
INFO: [ app_begin ] --START--
INFO: Run Behavior\ReadHtmlCacheBehavior [ RunTime:0.001000s ]
INFO: [ app_begin ] --END-- [ RunTime:0.001000s ]
SQL: SHOW COLUMNS FROM `hnj_slide` [ RunTime:0.0070s ]
SQL: SELECT * FROM `hnj_slide` WHERE ( is_show = '0' AND cat_id = 5 ) ORDER BY sort,upd_time desc LIMIT 1   [ RunTime:0.0010s ]
SQL: SHOW COLUMNS FROM `hnj_category` [ RunTime:0.0060s ]
SQL: SELECT * FROM `hnj_category` WHERE ( pid = 5 AND is_show = 1 ) ORDER BY sort,cat_id  [ RunTime:0.0000s ]
SQL: SHOW COLUMNS FROM `hnj_news` [ RunTime:0.0060s ]
SQL: SELECT COUNT(*) AS tp_count FROM `hnj_news` WHERE ( cat_id = 6 AND is_show = '0' ) LIMIT 1   [ RunTime:0.0010s ]
SQL: SELECT * FROM `hnj_news` WHERE ( cat_id = 6 AND is_show = '0' ) ORDER BY sort,upd_time desc LIMIT 0,3   [ RunTime:0.0010s ]
INFO: [ view_parse ] --START--
INFO: [ template_filter ] --START--
INFO: Run Behavior\ContentReplaceBehavior [ RunTime:0.000000s ]
INFO: [ template_filter ] --END-- [ RunTime:0.000000s ]
NOTIC: [8] Undefined index: keywords D:\WWW\zghnj.com\Runtime\Cache\Wap\19e2fdcf3033d32c8c402f6f7b295642.php 第 65 行.
INFO: Run Behavior\ParseTemplateBehavior [ RunTime:0.016001s ]
INFO: [ view_parse ] --END-- [ RunTime:0.016001s ]
INFO: [ view_filter ] --START--
INFO: Run Behavior\WriteHtmlCacheBehavior [ RunTime:0.001000s ]
INFO: [ view_filter ] --END-- [ RunTime:0.001000s ]
INFO: [ app_end ] --START--
INFO: Run Behavior\ShowPageTraceBehavior [ RunTime:0.002000s ]
INFO: [ app_end ] --END-- [ RunTime:0.002000s ]

[ 2017-08-21T15:54:57+08:00 ] 127.0.0.1 /index.php/Wap/News/industries/p/2
INFO: [ app_init ] --START--
INFO: Run Behavior\BuildLiteBehavior [ RunTime:0.001000s ]
INFO: [ app_init ] --END-- [ RunTime:0.001000s ]
NOTIC: [8] Use of undefined constant URL_COMPAT - assumed 'URL_COMPAT' D:\WWW\zghnj.com\ThinkPHP\Library\Think\Dispatcher.class.php 第 183 行.
NOTIC: [8] Use of undefined constant URL_REWRITE - assumed 'URL_REWRITE' D:\WWW\zghnj.com\ThinkPHP\Library\Think\Dispatcher.class.php 第 185 行.
INFO: [ app_begin ] --START--
INFO: Run Behavior\ReadHtmlCacheBehavior [ RunTime:0.001000s ]
INFO: [ app_begin ] --END-- [ RunTime:0.001000s ]
SQL: SHOW COLUMNS FROM `hnj_slide` [ RunTime:0.0110s ]
SQL: SELECT * FROM `hnj_slide` WHERE ( is_show = '0' AND cat_id = 5 ) ORDER BY sort,upd_time desc LIMIT 1   [ RunTime:0.0010s ]
SQL: SHOW COLUMNS FROM `hnj_category` [ RunTime:0.0090s ]
SQL: SELECT * FROM `hnj_category` WHERE ( pid = 5 AND is_show = 1 ) ORDER BY sort,cat_id  [ RunTime:0.0020s ]
SQL: SHOW COLUMNS FROM `hnj_news` [ RunTime:0.0080s ]
SQL: SELECT COUNT(*) AS tp_count FROM `hnj_news` WHERE ( cat_id = 6 AND is_show = '0' ) LIMIT 1   [ RunTime:0.0000s ]
SQL: SELECT * FROM `hnj_news` WHERE ( cat_id = 6 AND is_show = '0' ) ORDER BY sort,upd_time desc LIMIT 3,3   [ RunTime:0.0010s ]

[ 2017-08-21T15:55:13+08:00 ] 127.0.0.1 /index.php/Wap/News/activities
INFO: [ app_init ] --START--
INFO: Run Behavior\BuildLiteBehavior [ RunTime:0.000000s ]
INFO: [ app_init ] --END-- [ RunTime:0.000000s ]
NOTIC: [8] Use of undefined constant URL_COMPAT - assumed 'URL_COMPAT' D:\WWW\zghnj.com\ThinkPHP\Library\Think\Dispatcher.class.php 第 183 行.
NOTIC: [8] Use of undefined constant URL_REWRITE - assumed 'URL_REWRITE' D:\WWW\zghnj.com\ThinkPHP\Library\Think\Dispatcher.class.php 第 185 行.
INFO: [ app_begin ] --START--
INFO: Run Behavior\ReadHtmlCacheBehavior [ RunTime:0.001000s ]
INFO: [ app_begin ] --END-- [ RunTime:0.001000s ]
SQL: SHOW COLUMNS FROM `hnj_slide` [ RunTime:0.0080s ]
SQL: SELECT * FROM `hnj_slide` WHERE ( is_show = '0' AND cat_id = 5 ) ORDER BY sort,upd_time desc LIMIT 1   [ RunTime:0.0030s ]
SQL: SHOW COLUMNS FROM `hnj_category` [ RunTime:0.0060s ]
SQL: SELECT * FROM `hnj_category` WHERE ( pid = 5 AND is_show = 1 ) ORDER BY sort,cat_id  [ RunTime:0.0000s ]
SQL: SHOW COLUMNS FROM `hnj_news` [ RunTime:0.0070s ]
SQL: SELECT COUNT(*) AS tp_count FROM `hnj_news` WHERE ( cat_id = 7 AND is_show = '0' AND datetime < '2017-08-21' ) LIMIT 1   [ RunTime:0.0010s ]
SQL: SELECT * FROM `hnj_news` WHERE ( cat_id = 7 AND is_show = '0' AND datetime < '2017-08-21' ) ORDER BY sort,datetime desc LIMIT 0,10   [ RunTime:0.0010s ]
SQL: SELECT * FROM `hnj_news` WHERE ( cat_id = 7 AND is_show = '0' AND datetime > '2017-08-21' ) ORDER BY sort,datetime  [ RunTime:0.0010s ]
INFO: [ view_parse ] --START--
INFO: [ template_filter ] --START--
INFO: Run Behavior\ContentReplaceBehavior [ RunTime:0.000000s ]
INFO: [ template_filter ] --END-- [ RunTime:0.000000s ]
NOTIC: [8] Undefined index: keywords D:\WWW\zghnj.com\Runtime\Cache\Wap\0d703f0cab75c50379de2e12ae48a979.php 第 65 行.
INFO: Run Behavior\ParseTemplateBehavior [ RunTime:0.019001s ]
INFO: [ view_parse ] --END-- [ RunTime:0.019001s ]
INFO: [ view_filter ] --START--
INFO: Run Behavior\WriteHtmlCacheBehavior [ RunTime:0.000000s ]
INFO: [ view_filter ] --END-- [ RunTime:0.000000s ]
INFO: [ app_end ] --START--
INFO: Run Behavior\ShowPageTraceBehavior [ RunTime:0.001000s ]
INFO: [ app_end ] --END-- [ RunTime:0.001000s ]

[ 2017-08-21T15:55:16+08:00 ] 127.0.0.1 /index.php/Wap/News/industries
INFO: [ app_init ] --START--
INFO: Run Behavior\BuildLiteBehavior [ RunTime:0.000000s ]
INFO: [ app_init ] --END-- [ RunTime:0.001000s ]
NOTIC: [8] Use of undefined constant URL_COMPAT - assumed 'URL_COMPAT' D:\WWW\zghnj.com\ThinkPHP\Library\Think\Dispatcher.class.php 第 183 行.
NOTIC: [8] Use of undefined constant URL_REWRITE - assumed 'URL_REWRITE' D:\WWW\zghnj.com\ThinkPHP\Library\Think\Dispatcher.class.php 第 185 行.
INFO: [ app_begin ] --START--
INFO: Run Behavior\ReadHtmlCacheBehavior [ RunTime:0.001000s ]
INFO: [ app_begin ] --END-- [ RunTime:0.001000s ]
SQL: SHOW COLUMNS FROM `hnj_slide` [ RunTime:0.0060s ]
SQL: SELECT * FROM `hnj_slide` WHERE ( is_show = '0' AND cat_id = 5 ) ORDER BY sort,upd_time desc LIMIT 1   [ RunTime:0.0010s ]
SQL: SHOW COLUMNS FROM `hnj_category` [ RunTime:0.0100s ]
SQL: SELECT * FROM `hnj_category` WHERE ( pid = 5 AND is_show = 1 ) ORDER BY sort,cat_id  [ RunTime:0.0030s ]
SQL: SHOW COLUMNS FROM `hnj_news` [ RunTime:0.0100s ]
SQL: SELECT COUNT(*) AS tp_count FROM `hnj_news` WHERE ( cat_id = 6 AND is_show = '0' ) LIMIT 1   [ RunTime:0.0010s ]
SQL: SELECT * FROM `hnj_news` WHERE ( cat_id = 6 AND is_show = '0' ) ORDER BY sort,upd_time desc LIMIT 0,3   [ RunTime:0.0010s ]
INFO: [ view_parse ] --START--
INFO: [ template_filter ] --START--
INFO: Run Behavior\ContentReplaceBehavior [ RunTime:0.000000s ]
INFO: [ template_filter ] --END-- [ RunTime:0.000000s ]
NOTIC: [8] Undefined index: keywords D:\WWW\zghnj.com\Runtime\Cache\Wap\19e2fdcf3033d32c8c402f6f7b295642.php 第 65 行.
INFO: Run Behavior\ParseTemplateBehavior [ RunTime:0.018001s ]
INFO: [ view_parse ] --END-- [ RunTime:0.018001s ]
INFO: [ view_filter ] --START--
INFO: Run Behavior\WriteHtmlCacheBehavior [ RunTime:0.000000s ]
INFO: [ view_filter ] --END-- [ RunTime:0.000000s ]
INFO: [ app_end ] --START--
INFO: Run Behavior\ShowPageTraceBehavior [ RunTime:0.001000s ]
INFO: [ app_end ] --END-- [ RunTime:0.001000s ]

[ 2017-08-21T15:55:21+08:00 ] 127.0.0.1 /index.php/Wap/News/industries/p/2
INFO: [ app_init ] --START--
INFO: Run Behavior\BuildLiteBehavior [ RunTime:0.000000s ]
INFO: [ app_init ] --END-- [ RunTime:0.000000s ]
NOTIC: [8] Use of undefined constant URL_COMPAT - assumed 'URL_COMPAT' D:\WWW\zghnj.com\ThinkPHP\Library\Think\Dispatcher.class.php 第 183 行.
NOTIC: [8] Use of undefined constant URL_REWRITE - assumed 'URL_REWRITE' D:\WWW\zghnj.com\ThinkPHP\Library\Think\Dispatcher.class.php 第 185 行.
INFO: [ app_begin ] --START--
INFO: Run Behavior\ReadHtmlCacheBehavior [ RunTime:0.001000s ]
INFO: [ app_begin ] --END-- [ RunTime:0.001000s ]
SQL: SHOW COLUMNS FROM `hnj_slide` [ RunTime:0.0060s ]
SQL: SELECT * FROM `hnj_slide` WHERE ( is_show = '0' AND cat_id = 5 ) ORDER BY sort,upd_time desc LIMIT 1   [ RunTime:0.0010s ]
SQL: SHOW COLUMNS FROM `hnj_category` [ RunTime:0.0050s ]
SQL: SELECT * FROM `hnj_category` WHERE ( pid = 5 AND is_show = 1 ) ORDER BY sort,cat_id  [ RunTime:0.0010s ]
SQL: SHOW COLUMNS FROM `hnj_news` [ RunTime:0.0050s ]
SQL: SELECT COUNT(*) AS tp_count FROM `hnj_news` WHERE ( cat_id = 6 AND is_show = '0' ) LIMIT 1   [ RunTime:0.0010s ]
SQL: SELECT * FROM `hnj_news` WHERE ( cat_id = 6 AND is_show = '0' ) ORDER BY sort,upd_time desc LIMIT 3,3   [ RunTime:0.0010s ]

[ 2017-08-21T15:55:45+08:00 ] 127.0.0.1 /index.php/Wap/News/industries
INFO: [ app_init ] --START--
INFO: Run Behavior\BuildLiteBehavior [ RunTime:0.000000s ]
INFO: [ app_init ] --END-- [ RunTime:0.000000s ]
NOTIC: [8] Use of undefined constant URL_COMPAT - assumed 'URL_COMPAT' D:\WWW\zghnj.com\ThinkPHP\Library\Think\Dispatcher.class.php 第 183 行.
NOTIC: [8] Use of undefined constant URL_REWRITE - assumed 'URL_REWRITE' D:\WWW\zghnj.com\ThinkPHP\Library\Think\Dispatcher.class.php 第 185 行.
INFO: [ app_begin ] --START--
INFO: Run Behavior\ReadHtmlCacheBehavior [ RunTime:0.002000s ]
INFO: [ app_begin ] --END-- [ RunTime:0.002000s ]
SQL: SHOW COLUMNS FROM `hnj_slide` [ RunTime:0.0060s ]
SQL: SELECT * FROM `hnj_slide` WHERE ( is_show = '0' AND cat_id = 5 ) ORDER BY sort,upd_time desc LIMIT 1   [ RunTime:0.0020s ]
SQL: SHOW COLUMNS FROM `hnj_category` [ RunTime:0.0070s ]
SQL: SELECT * FROM `hnj_category` WHERE ( pid = 5 AND is_show = 1 ) ORDER BY sort,cat_id  [ RunTime:0.0010s ]
SQL: SHOW COLUMNS FROM `hnj_news` [ RunTime:0.0070s ]
SQL: SELECT COUNT(*) AS tp_count FROM `hnj_news` WHERE ( cat_id = 6 AND is_show = '0' ) LIMIT 1   [ RunTime:0.0010s ]
SQL: SELECT * FROM `hnj_news` WHERE ( cat_id = 6 AND is_show = '0' ) ORDER BY sort,upd_time desc LIMIT 0,3   [ RunTime:0.0020s ]
INFO: [ view_parse ] --START--
INFO: [ template_filter ] --START--
INFO: Run Behavior\ContentReplaceBehavior [ RunTime:0.000000s ]
INFO: [ template_filter ] --END-- [ RunTime:0.000000s ]
NOTIC: [8] Undefined index: keywords D:\WWW\zghnj.com\Runtime\Cache\Wap\19e2fdcf3033d32c8c402f6f7b295642.php 第 65 行.
INFO: Run Behavior\ParseTemplateBehavior [ RunTime:0.018001s ]
INFO: [ view_parse ] --END-- [ RunTime:0.018001s ]
INFO: [ view_filter ] --START--
INFO: Run Behavior\WriteHtmlCacheBehavior [ RunTime:0.001000s ]
INFO: [ view_filter ] --END-- [ RunTime:0.001000s ]
INFO: [ app_end ] --START--
INFO: Run Behavior\ShowPageTraceBehavior [ RunTime:0.001000s ]
INFO: [ app_end ] --END-- [ RunTime:0.001000s ]

[ 2017-08-21T15:55:51+08:00 ] 127.0.0.1 /index.php/Wap/News/industries/p/2
INFO: [ app_init ] --START--
INFO: Run Behavior\BuildLiteBehavior [ RunTime:0.000000s ]
INFO: [ app_init ] --END-- [ RunTime:0.000000s ]
NOTIC: [8] Use of undefined constant URL_COMPAT - assumed 'URL_COMPAT' D:\WWW\zghnj.com\ThinkPHP\Library\Think\Dispatcher.class.php 第 183 行.
NOTIC: [8] Use of undefined constant URL_REWRITE - assumed 'URL_REWRITE' D:\WWW\zghnj.com\ThinkPHP\Library\Think\Dispatcher.class.php 第 185 行.
INFO: [ app_begin ] --START--
INFO: Run Behavior\ReadHtmlCacheBehavior [ RunTime:0.001000s ]
INFO: [ app_begin ] --END-- [ RunTime:0.001000s ]
SQL: SHOW COLUMNS FROM `hnj_slide` [ RunTime:0.0100s ]
SQL: SELECT * FROM `hnj_slide` WHERE ( is_show = '0' AND cat_id = 5 ) ORDER BY sort,upd_time desc LIMIT 1   [ RunTime:0.0010s ]
SQL: SHOW COLUMNS FROM `hnj_category` [ RunTime:0.0080s ]
SQL: SELECT * FROM `hnj_category` WHERE ( pid = 5 AND is_show = 1 ) ORDER BY sort,cat_id  [ RunTime:0.0010s ]
SQL: SHOW COLUMNS FROM `hnj_news` [ RunTime:0.0070s ]
SQL: SELECT COUNT(*) AS tp_count FROM `hnj_news` WHERE ( cat_id = 6 AND is_show = '0' ) LIMIT 1   [ RunTime:0.0010s ]
SQL: SELECT * FROM `hnj_news` WHERE ( cat_id = 6 AND is_show = '0' ) ORDER BY sort,upd_time desc LIMIT 3,3   [ RunTime:0.0010s ]

[ 2017-08-21T15:56:03+08:00 ] 127.0.0.1 /index.php/Wap/News/industries
INFO: [ app_init ] --START--
INFO: Run Behavior\BuildLiteBehavior [ RunTime:0.000000s ]
INFO: [ app_init ] --END-- [ RunTime:0.000000s ]
NOTIC: [8] Use of undefined constant URL_COMPAT - assumed 'URL_COMPAT' D:\WWW\zghnj.com\ThinkPHP\Library\Think\Dispatcher.class.php 第 183 行.
NOTIC: [8] Use of undefined constant URL_REWRITE - assumed 'URL_REWRITE' D:\WWW\zghnj.com\ThinkPHP\Library\Think\Dispatcher.class.php 第 185 行.
INFO: [ app_begin ] --START--
INFO: Run Behavior\ReadHtmlCacheBehavior [ RunTime:0.001000s ]
INFO: [ app_begin ] --END-- [ RunTime:0.001000s ]
SQL: SHOW COLUMNS FROM `hnj_slide` [ RunTime:0.0060s ]
SQL: SELECT * FROM `hnj_slide` WHERE ( is_show = '0' AND cat_id = 5 ) ORDER BY sort,upd_time desc LIMIT 1   [ RunTime:0.0010s ]
SQL: SHOW COLUMNS FROM `hnj_category` [ RunTime:0.0050s ]
SQL: SELECT * FROM `hnj_category` WHERE ( pid = 5 AND is_show = 1 ) ORDER BY sort,cat_id  [ RunTime:0.0000s ]
SQL: SHOW COLUMNS FROM `hnj_news` [ RunTime:0.0060s ]
SQL: SELECT COUNT(*) AS tp_count FROM `hnj_news` WHERE ( cat_id = 6 AND is_show = '0' ) LIMIT 1   [ RunTime:0.0010s ]
SQL: SELECT * FROM `hnj_news` WHERE ( cat_id = 6 AND is_show = '0' ) ORDER BY sort,upd_time desc LIMIT 0,2   [ RunTime:0.0010s ]
INFO: [ view_parse ] --START--
INFO: [ template_filter ] --START--
INFO: Run Behavior\ContentReplaceBehavior [ RunTime:0.000000s ]
INFO: [ template_filter ] --END-- [ RunTime:0.001000s ]
NOTIC: [8] Undefined index: keywords D:\WWW\zghnj.com\Runtime\Cache\Wap\19e2fdcf3033d32c8c402f6f7b295642.php 第 65 行.
INFO: Run Behavior\ParseTemplateBehavior [ RunTime:0.015001s ]
INFO: [ view_parse ] --END-- [ RunTime:0.015001s ]
INFO: [ view_filter ] --START--
INFO: Run Behavior\WriteHtmlCacheBehavior [ RunTime:0.001000s ]
INFO: [ view_filter ] --END-- [ RunTime:0.001000s ]
INFO: [ app_end ] --START--
INFO: Run Behavior\ShowPageTraceBehavior [ RunTime:0.001000s ]
INFO: [ app_end ] --END-- [ RunTime:0.001000s ]

[ 2017-08-21T15:56:07+08:00 ] 127.0.0.1 /index.php/Wap/News/industries/p/2
INFO: [ app_init ] --START--
INFO: Run Behavior\BuildLiteBehavior [ RunTime:0.000000s ]
INFO: [ app_init ] --END-- [ RunTime:0.000000s ]
NOTIC: [8] Use of undefined constant URL_COMPAT - assumed 'URL_COMPAT' D:\WWW\zghnj.com\ThinkPHP\Library\Think\Dispatcher.class.php 第 183 行.
NOTIC: [8] Use of undefined constant URL_REWRITE - assumed 'URL_REWRITE' D:\WWW\zghnj.com\ThinkPHP\Library\Think\Dispatcher.class.php 第 185 行.
INFO: [ app_begin ] --START--
INFO: Run Behavior\ReadHtmlCacheBehavior [ RunTime:0.001000s ]
INFO: [ app_begin ] --END-- [ RunTime:0.001000s ]
SQL: SHOW COLUMNS FROM `hnj_slide` [ RunTime:0.0090s ]
SQL: SELECT * FROM `hnj_slide` WHERE ( is_show = '0' AND cat_id = 5 ) ORDER BY sort,upd_time desc LIMIT 1   [ RunTime:0.0000s ]
SQL: SHOW COLUMNS FROM `hnj_category` [ RunTime:0.0070s ]
SQL: SELECT * FROM `hnj_category` WHERE ( pid = 5 AND is_show = 1 ) ORDER BY sort,cat_id  [ RunTime:0.0010s ]
SQL: SHOW COLUMNS FROM `hnj_news` [ RunTime:0.0080s ]
SQL: SELECT COUNT(*) AS tp_count FROM `hnj_news` WHERE ( cat_id = 6 AND is_show = '0' ) LIMIT 1   [ RunTime:0.0000s ]
SQL: SELECT * FROM `hnj_news` WHERE ( cat_id = 6 AND is_show = '0' ) ORDER BY sort,upd_time desc LIMIT 2,2   [ RunTime:0.0010s ]

[ 2017-08-21T15:56:40+08:00 ] 127.0.0.1 /index.php/Wap/News/industries
INFO: [ app_init ] --START--
INFO: Run Behavior\BuildLiteBehavior [ RunTime:0.000000s ]
INFO: [ app_init ] --END-- [ RunTime:0.000000s ]
NOTIC: [8] Use of undefined constant URL_COMPAT - assumed 'URL_COMPAT' D:\WWW\zghnj.com\ThinkPHP\Library\Think\Dispatcher.class.php 第 183 行.
NOTIC: [8] Use of undefined constant URL_REWRITE - assumed 'URL_REWRITE' D:\WWW\zghnj.com\ThinkPHP\Library\Think\Dispatcher.class.php 第 185 行.
INFO: [ app_begin ] --START--
INFO: Run Behavior\ReadHtmlCacheBehavior [ RunTime:0.001000s ]
INFO: [ app_begin ] --END-- [ RunTime:0.001000s ]
SQL: SHOW COLUMNS FROM `hnj_slide` [ RunTime:0.0090s ]
SQL: SELECT * FROM `hnj_slide` WHERE ( is_show = '0' AND cat_id = 5 ) ORDER BY sort,upd_time desc LIMIT 1   [ RunTime:0.0020s ]
SQL: SHOW COLUMNS FROM `hnj_category` [ RunTime:0.0060s ]
SQL: SELECT * FROM `hnj_category` WHERE ( pid = 5 AND is_show = 1 ) ORDER BY sort,cat_id  [ RunTime:0.0010s ]
SQL: SHOW COLUMNS FROM `hnj_news` [ RunTime:0.0080s ]
SQL: SELECT COUNT(*) AS tp_count FROM `hnj_news` WHERE ( cat_id = 6 AND is_show = '0' ) LIMIT 1   [ RunTime:0.0010s ]
SQL: SELECT * FROM `hnj_news` WHERE ( cat_id = 6 AND is_show = '0' ) ORDER BY sort,upd_time desc LIMIT 0,2   [ RunTime:0.0010s ]
INFO: [ view_parse ] --START--
INFO: [ template_filter ] --START--
INFO: Run Behavior\ContentReplaceBehavior [ RunTime:0.001001s ]
INFO: [ template_filter ] --END-- [ RunTime:0.001001s ]
NOTIC: [8] Undefined index: keywords D:\WWW\zghnj.com\Runtime\Cache\Wap\19e2fdcf3033d32c8c402f6f7b295642.php 第 65 行.
INFO: Run Behavior\ParseTemplateBehavior [ RunTime:0.017001s ]
INFO: [ view_parse ] --END-- [ RunTime:0.017001s ]
INFO: [ view_filter ] --START--
INFO: Run Behavior\WriteHtmlCacheBehavior [ RunTime:0.000000s ]
INFO: [ view_filter ] --END-- [ RunTime:0.000000s ]
INFO: [ app_end ] --START--
INFO: Run Behavior\ShowPageTraceBehavior [ RunTime:0.001000s ]
INFO: [ app_end ] --END-- [ RunTime:0.001000s ]

[ 2017-08-21T15:56:44+08:00 ] 127.0.0.1 /index.php/Wap/News/industries/p/2
INFO: [ app_init ] --START--
INFO: Run Behavior\BuildLiteBehavior [ RunTime:0.000000s ]
INFO: [ app_init ] --END-- [ RunTime:0.000000s ]
NOTIC: [8] Use of undefined constant URL_COMPAT - assumed 'URL_COMPAT' D:\WWW\zghnj.com\ThinkPHP\Library\Think\Dispatcher.class.php 第 183 行.
NOTIC: [8] Use of undefined constant URL_REWRITE - assumed 'URL_REWRITE' D:\WWW\zghnj.com\ThinkPHP\Library\Think\Dispatcher.class.php 第 185 行.
INFO: [ app_begin ] --START--
INFO: Run Behavior\ReadHtmlCacheBehavior [ RunTime:0.000000s ]
INFO: [ app_begin ] --END-- [ RunTime:0.002000s ]
SQL: SHOW COLUMNS FROM `hnj_slide` [ RunTime:0.0090s ]
SQL: SELECT * FROM `hnj_slide` WHERE ( is_show = '0' AND cat_id = 5 ) ORDER BY sort,upd_time desc LIMIT 1   [ RunTime:0.0010s ]
SQL: SHOW COLUMNS FROM `hnj_category` [ RunTime:0.0090s ]
SQL: SELECT * FROM `hnj_category` WHERE ( pid = 5 AND is_show = 1 ) ORDER BY sort,cat_id  [ RunTime:0.0010s ]
SQL: SHOW COLUMNS FROM `hnj_news` [ RunTime:0.0110s ]
SQL: SELECT COUNT(*) AS tp_count FROM `hnj_news` WHERE ( cat_id = 6 AND is_show = '0' ) LIMIT 1   [ RunTime:0.0010s ]
SQL: SELECT * FROM `hnj_news` WHERE ( cat_id = 6 AND is_show = '0' ) ORDER BY sort,upd_time desc LIMIT 2,2   [ RunTime:0.0010s ]

[ 2017-08-21T15:56:57+08:00 ] 127.0.0.1 /index.php/Wap/News/industries
INFO: [ app_init ] --START--
INFO: Run Behavior\BuildLiteBehavior [ RunTime:0.000000s ]
INFO: [ app_init ] --END-- [ RunTime:0.000000s ]
NOTIC: [8] Use of undefined constant URL_COMPAT - assumed 'URL_COMPAT' D:\WWW\zghnj.com\ThinkPHP\Library\Think\Dispatcher.class.php 第 183 行.
NOTIC: [8] Use of undefined constant URL_REWRITE - assumed 'URL_REWRITE' D:\WWW\zghnj.com\ThinkPHP\Library\Think\Dispatcher.class.php 第 185 行.
INFO: [ app_begin ] --START--
INFO: Run Behavior\ReadHtmlCacheBehavior [ RunTime:0.010000s ]
INFO: [ app_begin ] --END-- [ RunTime:0.011000s ]
SQL: SHOW COLUMNS FROM `hnj_slide` [ RunTime:0.0070s ]
SQL: SELECT * FROM `hnj_slide` WHERE ( is_show = '0' AND cat_id = 5 ) ORDER BY sort,upd_time desc LIMIT 1   [ RunTime:0.0010s ]
SQL: SHOW COLUMNS FROM `hnj_category` [ RunTime:0.0060s ]
SQL: SELECT * FROM `hnj_category` WHERE ( pid = 5 AND is_show = 1 ) ORDER BY sort,cat_id  [ RunTime:0.0000s ]
SQL: SHOW COLUMNS FROM `hnj_news` [ RunTime:0.0120s ]
SQL: SELECT COUNT(*) AS tp_count FROM `hnj_news` WHERE ( cat_id = 6 AND is_show = '0' ) LIMIT 1   [ RunTime:0.0010s ]
SQL: SELECT * FROM `hnj_news` WHERE ( cat_id = 6 AND is_show = '0' ) ORDER BY sort,upd_time desc LIMIT 0,6   [ RunTime:0.0010s ]
INFO: [ view_parse ] --START--
INFO: [ template_filter ] --START--
INFO: Run Behavior\ContentReplaceBehavior [ RunTime:0.000000s ]
INFO: [ template_filter ] --END-- [ RunTime:0.000000s ]
NOTIC: [8] Undefined index: keywords D:\WWW\zghnj.com\Runtime\Cache\Wap\19e2fdcf3033d32c8c402f6f7b295642.php 第 65 行.
INFO: Run Behavior\ParseTemplateBehavior [ RunTime:0.020001s ]
INFO: [ view_parse ] --END-- [ RunTime:0.020001s ]
INFO: [ view_filter ] --START--
INFO: Run Behavior\WriteHtmlCacheBehavior [ RunTime:0.001000s ]
INFO: [ view_filter ] --END-- [ RunTime:0.001000s ]
INFO: [ app_end ] --START--
INFO: Run Behavior\ShowPageTraceBehavior [ RunTime:0.001000s ]
INFO: [ app_end ] --END-- [ RunTime:0.002000s ]

[ 2017-08-21T15:57:05+08:00 ] 127.0.0.1 /index.php/Wap/News/industries/p/2
INFO: [ app_init ] --START--
INFO: Run Behavior\BuildLiteBehavior [ RunTime:0.000000s ]
INFO: [ app_init ] --END-- [ RunTime:0.000000s ]
NOTIC: [8] Use of undefined constant URL_COMPAT - assumed 'URL_COMPAT' D:\WWW\zghnj.com\ThinkPHP\Library\Think\Dispatcher.class.php 第 183 行.
NOTIC: [8] Use of undefined constant URL_REWRITE - assumed 'URL_REWRITE' D:\WWW\zghnj.com\ThinkPHP\Library\Think\Dispatcher.class.php 第 185 行.
INFO: [ app_begin ] --START--
INFO: Run Behavior\ReadHtmlCacheBehavior [ RunTime:0.001001s ]
INFO: [ app_begin ] --END-- [ RunTime:0.001001s ]
SQL: SHOW COLUMNS FROM `hnj_slide` [ RunTime:0.0060s ]
SQL: SELECT * FROM `hnj_slide` WHERE ( is_show = '0' AND cat_id = 5 ) ORDER BY sort,upd_time desc LIMIT 1   [ RunTime:0.0010s ]
SQL: SHOW COLUMNS FROM `hnj_category` [ RunTime:0.0070s ]
SQL: SELECT * FROM `hnj_category` WHERE ( pid = 5 AND is_show = 1 ) ORDER BY sort,cat_id  [ RunTime:0.0010s ]
SQL: SHOW COLUMNS FROM `hnj_news` [ RunTime:0.0060s ]
SQL: SELECT COUNT(*) AS tp_count FROM `hnj_news` WHERE ( cat_id = 6 AND is_show = '0' ) LIMIT 1   [ RunTime:0.0000s ]
SQL: SELECT * FROM `hnj_news` WHERE ( cat_id = 6 AND is_show = '0' ) ORDER BY sort,upd_time desc LIMIT 6,6   [ RunTime:0.0010s ]

[ 2017-08-21T15:57:16+08:00 ] 127.0.0.1 /index.php/Wap/News/industries
INFO: [ app_init ] --START--
INFO: Run Behavior\BuildLiteBehavior [ RunTime:0.000000s ]
INFO: [ app_init ] --END-- [ RunTime:0.000000s ]
NOTIC: [8] Use of undefined constant URL_COMPAT - assumed 'URL_COMPAT' D:\WWW\zghnj.com\ThinkPHP\Library\Think\Dispatcher.class.php 第 183 行.
NOTIC: [8] Use of undefined constant URL_REWRITE - assumed 'URL_REWRITE' D:\WWW\zghnj.com\ThinkPHP\Library\Think\Dispatcher.class.php 第 185 行.
INFO: [ app_begin ] --START--
INFO: Run Behavior\ReadHtmlCacheBehavior [ RunTime:0.001001s ]
INFO: [ app_begin ] --END-- [ RunTime:0.001001s ]
SQL: SHOW COLUMNS FROM `hnj_slide` [ RunTime:0.0050s ]
SQL: SELECT * FROM `hnj_slide` WHERE ( is_show = '0' AND cat_id = 5 ) ORDER BY sort,upd_time desc LIMIT 1   [ RunTime:0.0010s ]
SQL: SHOW COLUMNS FROM `hnj_category` [ RunTime:0.0050s ]
SQL: SELECT * FROM `hnj_category` WHERE ( pid = 5 AND is_show = 1 ) ORDER BY sort,cat_id  [ RunTime:0.0000s ]
SQL: SHOW COLUMNS FROM `hnj_news` [ RunTime:0.0050s ]
SQL: SELECT COUNT(*) AS tp_count FROM `hnj_news` WHERE ( cat_id = 6 AND is_show = '0' ) LIMIT 1   [ RunTime:0.0010s ]
SQL: SELECT * FROM `hnj_news` WHERE ( cat_id = 6 AND is_show = '0' ) ORDER BY sort,upd_time desc LIMIT 0,2   [ RunTime:0.0010s ]
INFO: [ view_parse ] --START--
INFO: [ template_filter ] --START--
INFO: Run Behavior\ContentReplaceBehavior [ RunTime:0.000000s ]
INFO: [ template_filter ] --END-- [ RunTime:0.000000s ]
NOTIC: [8] Undefined index: keywords D:\WWW\zghnj.com\Runtime\Cache\Wap\19e2fdcf3033d32c8c402f6f7b295642.php 第 65 行.
INFO: Run Behavior\ParseTemplateBehavior [ RunTime:0.016001s ]
INFO: [ view_parse ] --END-- [ RunTime:0.016001s ]
INFO: [ view_filter ] --START--
INFO: Run Behavior\WriteHtmlCacheBehavior [ RunTime:0.001000s ]
INFO: [ view_filter ] --END-- [ RunTime:0.001000s ]
INFO: [ app_end ] --START--
INFO: Run Behavior\ShowPageTraceBehavior [ RunTime:0.001000s ]
INFO: [ app_end ] --END-- [ RunTime:0.001000s ]

[ 2017-08-21T15:57:20+08:00 ] 127.0.0.1 /index.php/Wap/News/industries/p/2
INFO: [ app_init ] --START--
INFO: Run Behavior\BuildLiteBehavior [ RunTime:0.000000s ]
INFO: [ app_init ] --END-- [ RunTime:0.000000s ]
NOTIC: [8] Use of undefined constant URL_COMPAT - assumed 'URL_COMPAT' D:\WWW\zghnj.com\ThinkPHP\Library\Think\Dispatcher.class.php 第 183 行.
NOTIC: [8] Use of undefined constant URL_REWRITE - assumed 'URL_REWRITE' D:\WWW\zghnj.com\ThinkPHP\Library\Think\Dispatcher.class.php 第 185 行.
INFO: [ app_begin ] --START--
INFO: Run Behavior\ReadHtmlCacheBehavior [ RunTime:0.000000s ]
INFO: [ app_begin ] --END-- [ RunTime:0.001000s ]
SQL: SHOW COLUMNS FROM `hnj_slide` [ RunTime:0.0120s ]
SQL: SELECT * FROM `hnj_slide` WHERE ( is_show = '0' AND cat_id = 5 ) ORDER BY sort,upd_time desc LIMIT 1   [ RunTime:0.0010s ]
SQL: SHOW COLUMNS FROM `hnj_category` [ RunTime:0.0110s ]
SQL: SELECT * FROM `hnj_category` WHERE ( pid = 5 AND is_show = 1 ) ORDER BY sort,cat_id  [ RunTime:0.0010s ]
SQL: SHOW COLUMNS FROM `hnj_news` [ RunTime:0.0130s ]
SQL: SELECT COUNT(*) AS tp_count FROM `hnj_news` WHERE ( cat_id = 6 AND is_show = '0' ) LIMIT 1   [ RunTime:0.0010s ]
SQL: SELECT * FROM `hnj_news` WHERE ( cat_id = 6 AND is_show = '0' ) ORDER BY sort,upd_time desc LIMIT 2,2   [ RunTime:0.0010s ]

[ 2017-08-21T15:58:38+08:00 ] 127.0.0.1 /index.php/Wap/News/industries
INFO: [ app_init ] --START--
INFO: Run Behavior\BuildLiteBehavior [ RunTime:0.000000s ]
INFO: [ app_init ] --END-- [ RunTime:0.000000s ]
NOTIC: [8] Use of undefined constant URL_COMPAT - assumed 'URL_COMPAT' D:\WWW\zghnj.com\ThinkPHP\Library\Think\Dispatcher.class.php 第 183 行.
NOTIC: [8] Use of undefined constant URL_REWRITE - assumed 'URL_REWRITE' D:\WWW\zghnj.com\ThinkPHP\Library\Think\Dispatcher.class.php 第 185 行.
INFO: [ app_begin ] --START--
INFO: Run Behavior\ReadHtmlCacheBehavior [ RunTime:0.001000s ]
INFO: [ app_begin ] --END-- [ RunTime:0.001000s ]
SQL: SHOW COLUMNS FROM `hnj_slide` [ RunTime:0.0120s ]
SQL: SELECT * FROM `hnj_slide` WHERE ( is_show = '0' AND cat_id = 5 ) ORDER BY sort,upd_time desc LIMIT 1   [ RunTime:0.0010s ]
SQL: SHOW COLUMNS FROM `hnj_category` [ RunTime:0.0070s ]
SQL: SELECT * FROM `hnj_category` WHERE ( pid = 5 AND is_show = 1 ) ORDER BY sort,cat_id  [ RunTime:0.0010s ]
SQL: SHOW COLUMNS FROM `hnj_news` [ RunTime:0.0110s ]
SQL: SELECT COUNT(*) AS tp_count FROM `hnj_news` WHERE ( cat_id = 6 AND is_show = '0' ) LIMIT 1   [ RunTime:0.0010s ]
SQL: SELECT * FROM `hnj_news` WHERE ( cat_id = 6 AND is_show = '0' ) ORDER BY sort,upd_time desc LIMIT 0,10   [ RunTime:0.0010s ]
INFO: [ view_parse ] --START--
INFO: [ template_filter ] --START--
INFO: Run Behavior\ContentReplaceBehavior [ RunTime:0.000000s ]
INFO: [ template_filter ] --END-- [ RunTime:0.000000s ]
NOTIC: [8] Undefined index: keywords D:\WWW\zghnj.com\Runtime\Cache\Wap\19e2fdcf3033d32c8c402f6f7b295642.php 第 65 行.
INFO: Run Behavior\ParseTemplateBehavior [ RunTime:0.017001s ]
INFO: [ view_parse ] --END-- [ RunTime:0.017001s ]
INFO: [ view_filter ] --START--
INFO: Run Behavior\WriteHtmlCacheBehavior [ RunTime:0.001000s ]
INFO: [ view_filter ] --END-- [ RunTime:0.001000s ]
INFO: [ app_end ] --START--
INFO: Run Behavior\ShowPageTraceBehavior [ RunTime:0.001000s ]
INFO: [ app_end ] --END-- [ RunTime:0.001000s ]

[ 2017-08-21T15:58:43+08:00 ] 127.0.0.1 /index.php/Wap/News/industries/p/2
INFO: [ app_init ] --START--
INFO: Run Behavior\BuildLiteBehavior [ RunTime:0.000000s ]
INFO: [ app_init ] --END-- [ RunTime:0.001000s ]
NOTIC: [8] Use of undefined constant URL_COMPAT - assumed 'URL_COMPAT' D:\WWW\zghnj.com\ThinkPHP\Library\Think\Dispatcher.class.php 第 183 行.
NOTIC: [8] Use of undefined constant URL_REWRITE - assumed 'URL_REWRITE' D:\WWW\zghnj.com\ThinkPHP\Library\Think\Dispatcher.class.php 第 185 行.
INFO: [ app_begin ] --START--
INFO: Run Behavior\ReadHtmlCacheBehavior [ RunTime:0.002001s ]
INFO: [ app_begin ] --END-- [ RunTime:0.002001s ]
SQL: SHOW COLUMNS FROM `hnj_slide` [ RunTime:0.0060s ]
SQL: SELECT * FROM `hnj_slide` WHERE ( is_show = '0' AND cat_id = 5 ) ORDER BY sort,upd_time desc LIMIT 1   [ RunTime:0.0010s ]
SQL: SHOW COLUMNS FROM `hnj_category` [ RunTime:0.0050s ]
SQL: SELECT * FROM `hnj_category` WHERE ( pid = 5 AND is_show = 1 ) ORDER BY sort,cat_id  [ RunTime:0.0000s ]
SQL: SHOW COLUMNS FROM `hnj_news` [ RunTime:0.0070s ]
SQL: SELECT COUNT(*) AS tp_count FROM `hnj_news` WHERE ( cat_id = 6 AND is_show = '0' ) LIMIT 1   [ RunTime:0.0010s ]
SQL: SELECT * FROM `hnj_news` WHERE ( cat_id = 6 AND is_show = '0' ) ORDER BY sort,upd_time desc LIMIT 10,10   [ RunTime:0.0010s ]

[ 2017-08-21T16:05:38+08:00 ] 127.0.0.1 /index.php/Wap/News/industries
INFO: [ app_init ] --START--
INFO: Run Behavior\BuildLiteBehavior [ RunTime:0.000000s ]
INFO: [ app_init ] --END-- [ RunTime:0.000000s ]
NOTIC: [8] Use of undefined constant URL_COMPAT - assumed 'URL_COMPAT' D:\WWW\zghnj.com\ThinkPHP\Library\Think\Dispatcher.class.php 第 183 行.
NOTIC: [8] Use of undefined constant URL_REWRITE - assumed 'URL_REWRITE' D:\WWW\zghnj.com\ThinkPHP\Library\Think\Dispatcher.class.php 第 185 行.
INFO: [ app_begin ] --START--
INFO: Run Behavior\ReadHtmlCacheBehavior [ RunTime:0.001000s ]
INFO: [ app_begin ] --END-- [ RunTime:0.001000s ]

